[LOGS]
[2024-01-22 22:48:43,783] [MainProcess/MainThread/INFO] (shell_startup.py/update) Clearing background
[2024-01-22 22:48:43,783] [MainProcess/MainThread/INFO] (shell_startup.py/update) Creating Sprites...Drawing Background Sprites
[2024-01-22 22:48:43,783] [MainProcess/MainThread/INFO] (shell_startup.py/update) Creating Windows Spites...Drawing Window Sprites
[2024-01-22 22:48:43,800] [MainProcess/MainThread/INFO] (shell_startup.py/update) Clearing background
[2024-01-22 22:48:43,800] [MainProcess/MainThread/INFO] (shell_startup.py/update) Creating Sprites...Drawing Background Sprites
[2024-01-22 22:48:43,802] [MainProcess/MainThread/INFO] (shell_startup.py/update) Creating Windows Spites...Drawing Window Sprites
[2024-01-22 22:48:43,818] [MainProcess/MainThread/INFO] (shell_startup.py/update) Clearing background
[2024-01-22 22:48:43,819] [MainProcess/MainThread/INFO] (shell_startup.py/update) Creating Sprites...Drawing Background Sprites
[2024-01-22 22:48:43,819] [MainProcess/MainThread/INFO] (shell_startup.py/update) Creating Windows Spites...Drawing Window Sprites
[2024-01-22 22:48:43,836] [MainProcess/MainThread/INFO] (shell_startup.py/update) Clearing background
[2024-01-22 22:48:43,836] [MainProcess/MainThread/INFO] (shell_startup.py/update) Creating Sprites...Drawing Background Sprites
[2024-01-22 22:48:43,836] [MainProcess/MainThread/INFO] (shell_startup.py/update) Creating Windows Spites...Drawing Window Sprites
[2024-01-22 22:48:43,855] [MainProcess/MainThread/INFO] (shell_startup.py/update) Clearing background
[2024-01-22 22:48:43,855] [MainProcess/MainThread/INFO] (shell_startup.py/update) Creating Sprites...Drawing Background Sprites
[2024-01-22 22:48:43,855] [MainProcess/MainThread/INFO] (shell_startup.py/update) Creating Windows Spites...Drawing Window Sprites
[2024-01-22 22:48:43,873] [MainProcess/MainThread/INFO] (shell_startup.py/update) Clearing background
[2024-01-22 22:48:43,874] [MainProcess/MainThread/INFO] (shell_startup.py/update) Creating Sprites...Drawing Background Sprites
[2024-01-22 22:48:43,874] [MainProcess/MainThread/INFO] (shell_startup.py/update) Creating Windows Spites...Drawing Window Sprites
[2024-01-22 22:48:43,891] [MainProcess/MainThread/INFO] (shell_startup.py/update) Clearing background
[2024-01-22 22:48:43,891] [MainProcess/MainThread/INFO] (shell_startup.py/update) Creating Sprites...Drawing Background Sprites
[2024-01-22 22:48:43,891] [MainProcess/MainThread/INFO] (shell_startup.py/update) Creating Windows Spites...Drawing Window Sprites
[2024-01-22 22:48:43,910] [MainProcess/MainThread/INFO] (shell_startup.py/update) Clearing background
[2024-01-22 22:48:43,910] [MainProcess/MainThread/INFO] (shell_startup.py/update) Creating Sprites...Drawing Background Sprites
[2024-01-22 22:48:43,910] [MainProcess/MainThread/INFO] (shell_startup.py/update) Creating Windows Spites...Drawing Window Sprites
[2024-01-22 22:48:43,928] [MainProcess/MainThread/INFO] (shell_startup.py/update) Clearing background
[2024-01-22 22:48:43,928] [MainProcess/MainThread/INFO] (shell_startup.py/update) Creating Sprites...Drawing Background Sprites
[2024-01-22 22:48:43,928] [MainProcess/MainThread/INFO] (shell_startup.py/update) Creating Windows Spites...Drawing Window Sprites
[2024-01-22 22:48:43,945] [MainProcess/MainThread/INFO] (shell_startup.py/update) Clearing background
[2024-01-22 22:48:43,946] [MainProcess/MainThread/INFO] (shell_startup.py/update) Creating Sprites...Drawing Background Sprites
[2024-01-22 22:48:43,946] [MainProcess/MainThread/INFO] (shell_startup.py/update) Creating Windows Spites...Drawing Window Sprites
[2024-01-22 22:48:43,964] [MainProcess/MainThread/INFO] (shell_startup.py/update) Clearing background
[2024-01-22 22:48:43,964] [MainProcess/MainThread/INFO] (shell_startup.py/update) Creating Sprites...Drawing Background Sprites
[2024-01-22 22:48:43,964] [MainProcess/MainThread/INFO] (shell_startup.py/update) Creating Windows Spites...Drawing Window Sprites
[2024-01-22 22:48:43,982] [MainProcess/MainThread/INFO] (shell_startup.py/update) Clearing background
[2024-01-22 22:48:43,982] [MainProcess/MainThread/INFO] (shell_startup.py/update) Creating Sprites...Drawing Background Sprites
[2024-01-22 22:48:43,982] [MainProcess/MainThread/INFO] (shell_startup.py/update) Creating Windows Spites...Drawing Window Sprites
[2024-01-22 22:48:44,000] [MainProcess/MainThread/INFO] (shell_startup.py/update) Clearing background
[2024-01-22 22:48:44,000] [MainProcess/MainThread/INFO] (shell_startup.py/update) Creating Sprites...Drawing Background Sprites
[2024-01-22 22:48:44,000] [MainProcess/MainThread/INFO] (shell_startup.py/update) Creating Windows Spites...Drawing Window Sprites
[2024-01-22 22:48:44,019] [MainProcess/MainThread/INFO] (shell_startup.py/update) Clearing background
[2024-01-22 22:48:44,019] [MainProcess/MainThread/INFO] (shell_startup.py/update) Creating Sprites...Drawing Background Sprites
[2024-01-22 22:48:44,019] [MainProcess/MainThread/INFO] (shell_startup.py/update) Creating Windows Spites...Drawing Window Sprites
[2024-01-22 22:48:44,036] [MainProcess/MainThread/INFO] (shell_startup.py/update) Clearing background
[2024-01-22 22:48:44,036] [MainProcess/MainThread/INFO] (shell_startup.py/update) Creating Sprites...Drawing Background Sprites
[2024-01-22 22:48:44,036] [MainProcess/MainThread/INFO] (shell_startup.py/update) Creating Windows Spites...Drawing Window Sprites
[2024-01-22 22:48:44,055] [MainProcess/MainThread/INFO] (shell_startup.py/update) Clearing background
[2024-01-22 22:48:44,055] [MainProcess/MainThread/INFO] (shell_startup.py/update) Creating Sprites...Drawing Background Sprites
[2024-01-22 22:48:44,055] [MainProcess/MainThread/INFO] (shell_startup.py/update) Creating Windows Spites...Drawing Window Sprites
[2024-01-22 22:48:44,073] [MainProcess/MainThread/INFO] (shell_startup.py/update) Clearing background
[2024-01-22 22:48:44,073] [MainProcess/MainThread/INFO] (shell_startup.py/update) Creating Sprites...Drawing Background Sprites
[2024-01-22 22:48:44,073] [MainProcess/MainThread/INFO] (shell_startup.py/update) Creating Windows Spites...Drawing Window Sprites
[2024-01-22 22:48:44,091] [MainProcess/MainThread/INFO] (shell_startup.py/update) Clearing background
[2024-01-22 22:48:44,091] [MainProcess/MainThread/INFO] (shell_startup.py/update) Creating Sprites...Drawing Background Sprites
[2024-01-22 22:48:44,091] [MainProcess/MainThread/INFO] (shell_startup.py/update) Creating Windows Spites...Drawing Window Sprites
[2024-01-22 22:48:44,111] [MainProcess/MainThread/INFO] (shell_startup.py/update) Clearing background
[2024-01-22 22:48:44,112] [MainProcess/MainThread/INFO] (shell_startup.py/update) Creating Sprites...Drawing Background Sprites
[2024-01-22 22:48:44,112] [MainProcess/MainThread/INFO] (shell_startup.py/update) Creating Windows Spites...Drawing Window Sprites
[2024-01-22 22:48:44,128] [MainProcess/MainThread/INFO] (shell_startup.py/update) Clearing background
[2024-01-22 22:48:44,128] [MainProcess/MainThread/INFO] (shell_startup.py/update) Creating Sprites...Drawing Background Sprites
[2024-01-22 22:48:44,128] [MainProcess/MainThread/INFO] (shell_startup.py/update) Creating Windows Spites...Drawing Window Sprites
[2024-01-22 22:48:44,145] [MainProcess/MainThread/INFO] (shell_startup.py/update) Clearing background
[2024-01-22 22:48:44,146] [MainProcess/MainThread/INFO] (shell_startup.py/update) Creating Sprites...Drawing Background Sprites
[2024-01-22 22:48:44,146] [MainProcess/MainThread/INFO] (shell_startup.py/update) Creating Windows Spites...Drawing Window Sprites
[2024-01-22 22:48:44,164] [MainProcess/MainThread/INFO] (shell_startup.py/update) Clearing background
[2024-01-22 22:48:44,164] [MainProcess/MainThread/INFO] (shell_startup.py/update) Creating Sprites...Drawing Background Sprites
[2024-01-22 22:48:44,164] [MainProcess/MainThread/INFO] (shell_startup.py/update) Creating Windows Spites...Drawing Window Sprites
[2024-01-22 22:48:44,182] [MainProcess/MainThread/INFO] (shell_startup.py/update) Clearing background
[2024-01-22 22:48:44,182] [MainProcess/MainThread/INFO] (shell_startup.py/update) Creating Sprites...Drawing Background Sprites
[2024-01-22 22:48:44,182] [MainProcess/MainThread/INFO] (shell_startup.py/update) Creating Windows Spites...Drawing Window Sprites
[2024-01-22 22:48:44,200] [MainProcess/MainThread/INFO] (shell_startup.py/update) Clearing background
[2024-01-22 22:48:44,200] [MainProcess/MainThread/INFO] (shell_startup.py/update) Creating Sprites...Drawing Background Sprites
[2024-01-22 22:48:44,200] [MainProcess/MainThread/INFO] (shell_startup.py/update) Creating Windows Spites...Drawing Window Sprites
[2024-01-22 22:48:44,218] [MainProcess/MainThread/INFO] (shell_startup.py/update) Clearing background
[2024-01-22 22:48:44,218] [MainProcess/MainThread/INFO] (shell_startup.py/update) Creating Sprites...Drawing Background Sprites
[2024-01-22 22:48:44,219] [MainProcess/MainThread/INFO] (shell_startup.py/update) Creating Windows Spites...Drawing Window Sprites
[2024-01-22 22:48:44,237] [MainProcess/MainThread/INFO] (shell_startup.py/update) Clearing background
[2024-01-22 22:48:44,237] [MainProcess/MainThread/INFO] (shell_startup.py/update) Creating Sprites...Drawing Background Sprites
[2024-01-22 22:48:44,237] [MainProcess/MainThread/INFO] (shell_startup.py/update) Creating Windows Spites...Drawing Window Sprites
[2024-01-22 22:48:44,255] [MainProcess/MainThread/INFO] (shell_startup.py/update) Clearing background
[2024-01-22 22:48:44,255] [MainProcess/MainThread/INFO] (shell_startup.py/update) Creating Sprites...Drawing Background Sprites
[2024-01-22 22:48:44,255] [MainProcess/MainThread/INFO] (shell_startup.py/update) Creating Windows Spites...Drawing Window Sprites
[2024-01-22 22:48:44,273] [MainProcess/MainThread/INFO] (shell_startup.py/update) Clearing background
[2024-01-22 22:48:44,273] [MainProcess/MainThread/INFO] (shell_startup.py/update) Creating Sprites...Drawing Background Sprites
[2024-01-22 22:48:44,273] [MainProcess/MainThread/INFO] (shell_startup.py/update) Creating Windows Spites...Drawing Window Sprites
[2024-01-22 22:48:44,291] [MainProcess/MainThread/INFO] (shell_startup.py/update) Clearing background
[2024-01-22 22:48:44,291] [MainProcess/MainThread/INFO] (shell_startup.py/update) Creating Sprites...Drawing Background Sprites
[2024-01-22 22:48:44,291] [MainProcess/MainThread/INFO] (shell_startup.py/update) Creating Windows Spites...Drawing Window Sprites
[2024-01-22 22:48:44,309] [MainProcess/MainThread/INFO] (shell_startup.py/update) Clearing background
[2024-01-22 22:48:44,309] [MainProcess/MainThread/INFO] (shell_startup.py/update) Creating Sprites...Drawing Background Sprites
[2024-01-22 22:48:44,309] [MainProcess/MainThread/INFO] (shell_startup.py/update) Creating Windows Spites...Drawing Window Sprites
[2024-01-22 22:48:44,327] [MainProcess/MainThread/INFO] (shell_startup.py/update) Clearing background
[2024-01-22 22:48:44,327] [MainProcess/MainThread/INFO] (shell_startup.py/update) Creating Sprites...Drawing Background Sprites
[2024-01-22 22:48:44,327] [MainProcess/MainThread/INFO] (shell_startup.py/update) Creating Windows Spites...Drawing Window Sprites
[2024-01-22 22:48:44,345] [MainProcess/MainThread/INFO] (shell_startup.py/update) Clearing background
[2024-01-22 22:48:44,346] [MainProcess/MainThread/INFO] (shell_startup.py/update) Creating Sprites...Drawing Background Sprites
[2024-01-22 22:48:44,346] [MainProcess/MainThread/INFO] (shell_startup.py/update) Creating Windows Spites...Drawing Window Sprites
[2024-01-22 22:48:44,364] [MainProcess/MainThread/INFO] (shell_startup.py/update) Clearing background
[2024-01-22 22:48:44,364] [MainProcess/MainThread/INFO] (shell_startup.py/update) Creating Sprites...Drawing Background Sprites
[2024-01-22 22:48:44,364] [MainProcess/MainThread/INFO] (shell_startup.py/update) Creating Windows Spites...Drawing Window Sprites
[2024-01-22 22:48:44,382] [MainProcess/MainThread/INFO] (shell_startup.py/update) Clearing background
[2024-01-22 22:48:44,382] [MainProcess/MainThread/INFO] (shell_startup.py/update) Creating Sprites...Drawing Background Sprites
[2024-01-22 22:48:44,382] [MainProcess/MainThread/INFO] (shell_startup.py/update) Creating Windows Spites...Drawing Window Sprites
[2024-01-22 22:48:44,400] [MainProcess/MainThread/INFO] (shell_startup.py/update) Clearing background
[2024-01-22 22:48:44,401] [MainProcess/MainThread/INFO] (shell_startup.py/update) Creating Sprites...Drawing Background Sprites
[2024-01-22 22:48:44,401] [MainProcess/MainThread/INFO] (shell_startup.py/update) Creating Windows Spites...Drawing Window Sprites
[2024-01-22 22:48:44,419] [MainProcess/MainThread/INFO] (shell_startup.py/update) Clearing background
[2024-01-22 22:48:44,419] [MainProcess/MainThread/INFO] (shell_startup.py/update) Creating Sprites...Drawing Background Sprites
[2024-01-22 22:48:44,419] [MainProcess/MainThread/INFO] (shell_startup.py/update) Creating Windows Spites...Drawing Window Sprites
[2024-01-22 22:48:44,438] [MainProcess/MainThread/INFO] (shell_startup.py/update) Clearing background
[2024-01-22 22:48:44,438] [MainProcess/MainThread/INFO] (shell_startup.py/update) Creating Sprites...Drawing Background Sprites
[2024-01-22 22:48:44,438] [MainProcess/MainThread/INFO] (shell_startup.py/update) Creating Windows Spites...Drawing Window Sprites
[2024-01-22 22:48:44,455] [MainProcess/MainThread/INFO] (shell_startup.py/update) Clearing background
[2024-01-22 22:48:44,455] [MainProcess/MainThread/INFO] (shell_startup.py/update) Creating Sprites...Drawing Background Sprites
[2024-01-22 22:48:44,455] [MainProcess/MainThread/INFO] (shell_startup.py/update) Creating Windows Spites...Drawing Window Sprites
[2024-01-22 22:48:44,474] [MainProcess/MainThread/INFO] (shell_startup.py/update) Clearing background
[2024-01-22 22:48:44,474] [MainProcess/MainThread/INFO] (shell_startup.py/update) Creating Sprites...Drawing Background Sprites
[2024-01-22 22:48:44,474] [MainProcess/MainThread/INFO] (shell_startup.py/update) Creating Windows Spites...Drawing Window Sprites
[2024-01-22 22:48:44,491] [MainProcess/MainThread/INFO] (shell_startup.py/update) Clearing background
[2024-01-22 22:48:44,491] [MainProcess/MainThread/INFO] (shell_startup.py/update) Creating Sprites...Drawing Background Sprites
[2024-01-22 22:48:44,491] [MainProcess/MainThread/INFO] (shell_startup.py/update) Creating Windows Spites...Drawing Window Sprites
[2024-01-22 22:48:44,509] [MainProcess/MainThread/INFO] (shell_startup.py/update) Clearing background
[2024-01-22 22:48:44,509] [MainProcess/MainThread/INFO] (shell_startup.py/update) Creating Sprites...Drawing Background Sprites
[2024-01-22 22:48:44,509] [MainProcess/MainThread/INFO] (shell_startup.py/update) Creating Windows Spites...Drawing Window Sprites
[2024-01-22 22:48:44,528] [MainProcess/MainThread/INFO] (shell_startup.py/update) Clearing background
[2024-01-22 22:48:44,528] [MainProcess/MainThread/INFO] (shell_startup.py/update) Creating Sprites...Drawing Background Sprites
[2024-01-22 22:48:44,528] [MainProcess/MainThread/INFO] (shell_startup.py/update) Creating Windows Spites...Drawing Window Sprites
[2024-01-22 22:48:44,545] [MainProcess/MainThread/INFO] (shell_startup.py/update) Clearing background
[2024-01-22 22:48:44,547] [MainProcess/MainThread/INFO] (shell_startup.py/update) Creating Sprites...Drawing Background Sprites
[2024-01-22 22:48:44,547] [MainProcess/MainThread/INFO] (shell_startup.py/update) Creating Windows Spites...Drawing Window Sprites
[2024-01-22 22:48:44,564] [MainProcess/MainThread/INFO] (shell_startup.py/update) Clearing background
[2024-01-22 22:48:44,564] [MainProcess/MainThread/INFO] (shell_startup.py/update) Creating Sprites...Drawing Background Sprites
[2024-01-22 22:48:44,564] [MainProcess/MainThread/INFO] (shell_startup.py/update) Creating Windows Spites...Drawing Window Sprites
[2024-01-22 22:48:44,583] [MainProcess/MainThread/INFO] (shell_startup.py/update) Clearing background
[2024-01-22 22:48:44,583] [MainProcess/MainThread/INFO] (shell_startup.py/update) Creating Sprites...Drawing Background Sprites
[2024-01-22 22:48:44,583] [MainProcess/MainThread/INFO] (shell_startup.py/update) Creating Windows Spites...Drawing Window Sprites
[2024-01-22 22:48:44,600] [MainProcess/MainThread/INFO] (shell_startup.py/update) Clearing background
[2024-01-22 22:48:44,601] [MainProcess/MainThread/INFO] (shell_startup.py/update) Creating Sprites...Drawing Background Sprites
[2024-01-22 22:48:44,601] [MainProcess/MainThread/INFO] (shell_startup.py/update) Creating Windows Spites...Drawing Window Sprites
[2024-01-22 22:48:44,619] [MainProcess/MainThread/INFO] (shell_startup.py/update) Clearing background
[2024-01-22 22:48:44,619] [MainProcess/MainThread/INFO] (shell_startup.py/update) Creating Sprites...Drawing Background Sprites
[2024-01-22 22:48:44,619] [MainProcess/MainThread/INFO] (shell_startup.py/update) Creating Windows Spites...Drawing Window Sprites
[2024-01-22 22:48:44,636] [MainProcess/MainThread/INFO] (shell_startup.py/update) Clearing background
[2024-01-22 22:48:44,637] [MainProcess/MainThread/INFO] (shell_startup.py/update) Creating Sprites...Drawing Background Sprites
[2024-01-22 22:48:44,637] [MainProcess/MainThread/INFO] (shell_startup.py/update) Creating Windows Spites...Drawing Window Sprites
[2024-01-22 22:48:44,655] [MainProcess/MainThread/INFO] (shell_startup.py/update) Clearing background
[2024-01-22 22:48:44,655] [MainProcess/MainThread/INFO] (shell_startup.py/update) Creating Sprites...Drawing Background Sprites
[2024-01-22 22:48:44,655] [MainProcess/MainThread/INFO] (shell_startup.py/update) Creating Windows Spites...Drawing Window Sprites
[2024-01-22 22:48:44,674] [MainProcess/MainThread/INFO] (shell_startup.py/update) Clearing background
[2024-01-22 22:48:44,674] [MainProcess/MainThread/INFO] (shell_startup.py/update) Creating Sprites...Drawing Background Sprites
[2024-01-22 22:48:44,674] [MainProcess/MainThread/INFO] (shell_startup.py/update) Creating Windows Spites...Drawing Window Sprites
[2024-01-22 22:48:44,691] [MainProcess/MainThread/INFO] (shell_startup.py/update) Clearing background
[2024-01-22 22:48:44,691] [MainProcess/MainThread/INFO] (shell_startup.py/update) Creating Sprites...Drawing Background Sprites
[2024-01-22 22:48:44,691] [MainProcess/MainThread/INFO] (shell_startup.py/update) Creating Windows Spites...Drawing Window Sprites
[2024-01-22 22:48:44,710] [MainProcess/MainThread/INFO] (shell_startup.py/update) Clearing background
[2024-01-22 22:48:44,710] [MainProcess/MainThread/INFO] (shell_startup.py/update) Creating Sprites...Drawing Background Sprites
[2024-01-22 22:48:44,710] [MainProcess/MainThread/INFO] (shell_startup.py/update) Creating Windows Spites...Drawing Window Sprites
[2024-01-22 22:48:44,728] [MainProcess/MainThread/INFO] (shell_startup.py/update) Clearing background
[2024-01-22 22:48:44,728] [MainProcess/MainThread/INFO] (shell_startup.py/update) Creating Sprites...Drawing Background Sprites
[2024-01-22 22:48:44,728] [MainProcess/MainThread/INFO] (shell_startup.py/update) Creating Windows Spites...Drawing Window Sprites
[2024-01-22 22:48:44,746] [MainProcess/MainThread/INFO] (shell_startup.py/update) Clearing background
[2024-01-22 22:48:44,746] [MainProcess/MainThread/INFO] (shell_startup.py/update) Creating Sprites...Drawing Background Sprites
[2024-01-22 22:48:44,746] [MainProcess/MainThread/INFO] (shell_startup.py/update) Creating Windows Spites...Drawing Window Sprites
[2024-01-22 22:48:44,764] [MainProcess/MainThread/INFO] (shell_startup.py/update) Clearing background
[2024-01-22 22:48:44,764] [MainProcess/MainThread/INFO] (shell_startup.py/update) Creating Sprites...Drawing Background Sprites
[2024-01-22 22:48:44,764] [MainProcess/MainThread/INFO] (shell_startup.py/update) Creating Windows Spites...Drawing Window Sprites
[2024-01-22 22:48:44,782] [MainProcess/MainThread/INFO] (shell_startup.py/update) Clearing background
[2024-01-22 22:48:44,782] [MainProcess/MainThread/INFO] (shell_startup.py/update) Creating Sprites...Drawing Background Sprites
[2024-01-22 22:48:44,782] [MainProcess/MainThread/INFO] (shell_startup.py/update) Creating Windows Spites...Drawing Window Sprites
[2024-01-22 22:48:44,800] [MainProcess/MainThread/INFO] (shell_startup.py/update) Clearing background
[2024-01-22 22:48:44,801] [MainProcess/MainThread/INFO] (shell_startup.py/update) Creating Sprites...Drawing Background Sprites
[2024-01-22 22:48:44,801] [MainProcess/MainThread/INFO] (shell_startup.py/update) Creating Windows Spites...Drawing Window Sprites
[2024-01-22 22:48:44,819] [MainProcess/MainThread/INFO] (shell_startup.py/update) Clearing background
[2024-01-22 22:48:44,819] [MainProcess/MainThread/INFO] (shell_startup.py/update) Creating Sprites...Drawing Background Sprites
[2024-01-22 22:48:44,819] [MainProcess/MainThread/INFO] (shell_startup.py/update) Creating Windows Spites...Drawing Window Sprites
[2024-01-22 22:48:44,837] [MainProcess/MainThread/INFO] (shell_startup.py/update) Clearing background
[2024-01-22 22:48:44,837] [MainProcess/MainThread/INFO] (shell_startup.py/update) Creating Sprites...Drawing Background Sprites
[2024-01-22 22:48:44,837] [MainProcess/MainThread/INFO] (shell_startup.py/update) Creating Windows Spites...Drawing Window Sprites
[2024-01-22 22:48:44,855] [MainProcess/MainThread/INFO] (shell_startup.py/update) Clearing background
[2024-01-22 22:48:44,855] [MainProcess/MainThread/INFO] (shell_startup.py/update) Creating Sprites...Drawing Background Sprites
[2024-01-22 22:48:44,855] [MainProcess/MainThread/INFO] (shell_startup.py/update) Creating Windows Spites...Drawing Window Sprites
[2024-01-22 22:48:44,873] [MainProcess/MainThread/INFO] (shell_startup.py/update) Clearing background
[2024-01-22 22:48:44,873] [MainProcess/MainThread/INFO] (shell_startup.py/update) Creating Sprites...Drawing Background Sprites
[2024-01-22 22:48:44,873] [MainProcess/MainThread/INFO] (shell_startup.py/update) Creating Windows Spites...Drawing Window Sprites
[2024-01-22 22:48:44,892] [MainProcess/MainThread/INFO] (shell_startup.py/update) Clearing background
[2024-01-22 22:48:44,892] [MainProcess/MainThread/INFO] (shell_startup.py/update) Creating Sprites...Drawing Background Sprites
[2024-01-22 22:48:44,892] [MainProcess/MainThread/INFO] (shell_startup.py/update) Creating Windows Spites...Drawing Window Sprites
[2024-01-22 22:48:44,910] [MainProcess/MainThread/INFO] (shell_startup.py/update) Clearing background
[2024-01-22 22:48:44,910] [MainProcess/MainThread/INFO] (shell_startup.py/update) Creating Sprites...Drawing Background Sprites
[2024-01-22 22:48:44,910] [MainProcess/MainThread/INFO] (shell_startup.py/update) Creating Windows Spites...Drawing Window Sprites
[2024-01-22 22:48:44,928] [MainProcess/MainThread/INFO] (shell_startup.py/update) Clearing background
[2024-01-22 22:48:44,929] [MainProcess/MainThread/INFO] (shell_startup.py/update) Creating Sprites...Drawing Background Sprites
[2024-01-22 22:48:44,929] [MainProcess/MainThread/INFO] (shell_startup.py/update) Creating Windows Spites...Drawing Window Sprites
[2024-01-22 22:48:44,946] [MainProcess/MainThread/INFO] (shell_startup.py/update) Clearing background
[2024-01-22 22:48:44,946] [MainProcess/MainThread/INFO] (shell_startup.py/update) Creating Sprites...Drawing Background Sprites
[2024-01-22 22:48:44,946] [MainProcess/MainThread/INFO] (shell_startup.py/update) Creating Windows Spites...Drawing Window Sprites
[2024-01-22 22:48:44,964] [MainProcess/MainThread/INFO] (shell_startup.py/update) Clearing background
[2024-01-22 22:48:44,964] [MainProcess/MainThread/INFO] (shell_startup.py/update) Creating Sprites...Drawing Background Sprites
[2024-01-22 22:48:44,964] [MainProcess/MainThread/INFO] (shell_startup.py/update) Creating Windows Spites...Drawing Window Sprites
[2024-01-22 22:48:44,983] [MainProcess/MainThread/INFO] (shell_startup.py/update) Clearing background
[2024-01-22 22:48:44,983] [MainProcess/MainThread/INFO] (shell_startup.py/update) Creating Sprites...Drawing Background Sprites
[2024-01-22 22:48:44,983] [MainProcess/MainThread/INFO] (shell_startup.py/update) Creating Windows Spites...Drawing Window Sprites
[2024-01-22 22:48:45,001] [MainProcess/MainThread/INFO] (shell_startup.py/update) Clearing background
[2024-01-22 22:48:45,001] [MainProcess/MainThread/INFO] (shell_startup.py/update) Creating Sprites...Drawing Background Sprites
[2024-01-22 22:48:45,001] [MainProcess/MainThread/INFO] (shell_startup.py/update) Creating Windows Spites...Drawing Window Sprites
[2024-01-22 22:48:45,019] [MainProcess/MainThread/INFO] (shell_startup.py/update) Clearing background
[2024-01-22 22:48:45,019] [MainProcess/MainThread/INFO] (shell_startup.py/update) Creating Sprites...Drawing Background Sprites
[2024-01-22 22:48:45,019] [MainProcess/MainThread/INFO] (shell_startup.py/update) Creating Windows Spites...Drawing Window Sprites
[2024-01-22 22:48:45,037] [MainProcess/MainThread/INFO] (shell_startup.py/update) Clearing background
[2024-01-22 22:48:45,037] [MainProcess/MainThread/INFO] (shell_startup.py/update) Creating Sprites...Drawing Background Sprites
[2024-01-22 22:48:45,037] [MainProcess/MainThread/INFO] (shell_startup.py/update) Creating Windows Spites...Drawing Window Sprites
[2024-01-22 22:48:45,055] [MainProcess/MainThread/INFO] (shell_startup.py/update) Clearing background
[2024-01-22 22:48:45,056] [MainProcess/MainThread/INFO] (shell_startup.py/update) Creating Sprites...Drawing Background Sprites
[2024-01-22 22:48:45,056] [MainProcess/MainThread/INFO] (shell_startup.py/update) Creating Windows Spites...Drawing Window Sprites
[2024-01-22 22:48:45,074] [MainProcess/MainThread/INFO] (shell_startup.py/update) Clearing background
[2024-01-22 22:48:45,074] [MainProcess/MainThread/INFO] (shell_startup.py/update) Creating Sprites...Drawing Background Sprites
[2024-01-22 22:48:45,074] [MainProcess/MainThread/INFO] (shell_startup.py/update) Creating Windows Spites...Drawing Window Sprites
[2024-01-22 22:48:45,092] [MainProcess/MainThread/INFO] (shell_startup.py/update) Clearing background
[2024-01-22 22:48:45,092] [MainProcess/MainThread/INFO] (shell_startup.py/update) Creating Sprites...Drawing Background Sprites
[2024-01-22 22:48:45,092] [MainProcess/MainThread/INFO] (shell_startup.py/update) Creating Windows Spites...Drawing Window Sprites
[2024-01-22 22:48:45,110] [MainProcess/MainThread/INFO] (shell_startup.py/update) Clearing background
[2024-01-22 22:48:45,110] [MainProcess/MainThread/INFO] (shell_startup.py/update) Creating Sprites...Drawing Background Sprites
[2024-01-22 22:48:45,110] [MainProcess/MainThread/INFO] (shell_startup.py/update) Creating Windows Spites...Drawing Window Sprites
[2024-01-22 22:48:45,129] [MainProcess/MainThread/INFO] (shell_startup.py/update) Clearing background
[2024-01-22 22:48:45,129] [MainProcess/MainThread/INFO] (shell_startup.py/update) Creating Sprites...Drawing Background Sprites
[2024-01-22 22:48:45,129] [MainProcess/MainThread/INFO] (shell_startup.py/update) Creating Windows Spites...Drawing Window Sprites
[2024-01-22 22:48:45,146] [MainProcess/MainThread/INFO] (shell_startup.py/update) Clearing background
[2024-01-22 22:48:45,146] [MainProcess/MainThread/INFO] (shell_startup.py/update) Creating Sprites...Drawing Background Sprites
[2024-01-22 22:48:45,147] [MainProcess/MainThread/INFO] (shell_startup.py/update) Creating Windows Spites...Drawing Window Sprites
[2024-01-22 22:48:45,165] [MainProcess/MainThread/INFO] (shell_startup.py/update) Clearing background
[2024-01-22 22:48:45,165] [MainProcess/MainThread/INFO] (shell_startup.py/update) Creating Sprites...Drawing Background Sprites
[2024-01-22 22:48:45,166] [MainProcess/MainThread/INFO] (shell_startup.py/update) Creating Windows Spites...Drawing Window Sprites
[2024-01-22 22:48:45,183] [MainProcess/MainThread/INFO] (shell_startup.py/update) Clearing background
[2024-01-22 22:48:45,183] [MainProcess/MainThread/INFO] (shell_startup.py/update) Creating Sprites...Drawing Background Sprites
[2024-01-22 22:48:45,183] [MainProcess/MainThread/INFO] (shell_startup.py/update) Creating Windows Spites...Drawing Window Sprites
[2024-01-22 22:48:45,201] [MainProcess/MainThread/INFO] (shell_startup.py/update) Clearing background
[2024-01-22 22:48:45,202] [MainProcess/MainThread/INFO] (shell_startup.py/update) Creating Sprites...Drawing Background Sprites
[2024-01-22 22:48:45,202] [MainProcess/MainThread/INFO] (shell_startup.py/update) Creating Windows Spites...Drawing Window Sprites
[2024-01-22 22:48:45,219] [MainProcess/MainThread/INFO] (shell_startup.py/update) Clearing background
[2024-01-22 22:48:45,219] [MainProcess/MainThread/INFO] (shell_startup.py/update) Creating Sprites...Drawing Background Sprites
[2024-01-22 22:48:45,219] [MainProcess/MainThread/INFO] (shell_startup.py/update) Creating Windows Spites...Drawing Window Sprites
[2024-01-22 22:48:45,237] [MainProcess/MainThread/INFO] (shell_startup.py/update) Clearing background
[2024-01-22 22:48:45,237] [MainProcess/MainThread/INFO] (shell_startup.py/update) Creating Sprites...Drawing Background Sprites
[2024-01-22 22:48:45,237] [MainProcess/MainThread/INFO] (shell_startup.py/update) Creating Windows Spites...Drawing Window Sprites
[2024-01-22 22:48:45,255] [MainProcess/MainThread/INFO] (shell_startup.py/update) Clearing background
[2024-01-22 22:48:45,255] [MainProcess/MainThread/INFO] (shell_startup.py/update) Creating Sprites...Drawing Background Sprites
[2024-01-22 22:48:45,255] [MainProcess/MainThread/INFO] (shell_startup.py/update) Creating Windows Spites...Drawing Window Sprites
[2024-01-22 22:48:45,273] [MainProcess/MainThread/INFO] (shell_startup.py/update) Clearing background
[2024-01-22 22:48:45,273] [MainProcess/MainThread/INFO] (shell_startup.py/update) Creating Sprites...Drawing Background Sprites
[2024-01-22 22:48:45,273] [MainProcess/MainThread/INFO] (shell_startup.py/update) Creating Windows Spites...Drawing Window Sprites
[2024-01-22 22:48:45,292] [MainProcess/MainThread/INFO] (shell_startup.py/update) Clearing background
[2024-01-22 22:48:45,292] [MainProcess/MainThread/INFO] (shell_startup.py/update) Creating Sprites...Drawing Background Sprites
[2024-01-22 22:48:45,292] [MainProcess/MainThread/INFO] (shell_startup.py/update) Creating Windows Spites...Drawing Window Sprites
[2024-01-22 22:48:45,311] [MainProcess/MainThread/INFO] (shell_startup.py/update) Clearing background
[2024-01-22 22:48:45,311] [MainProcess/MainThread/INFO] (shell_startup.py/update) Creating Sprites...Drawing Background Sprites
[2024-01-22 22:48:45,311] [MainProcess/MainThread/INFO] (shell_startup.py/update) Creating Windows Spites...Drawing Window Sprites
[2024-01-22 22:48:45,329] [MainProcess/MainThread/INFO] (shell_startup.py/update) Clearing background
[2024-01-22 22:48:45,329] [MainProcess/MainThread/INFO] (shell_startup.py/update) Creating Sprites...Drawing Background Sprites
[2024-01-22 22:48:45,329] [MainProcess/MainThread/INFO] (shell_startup.py/update) Creating Windows Spites...Drawing Window Sprites
[2024-01-22 22:48:45,347] [MainProcess/MainThread/INFO] (shell_startup.py/update) Clearing background
[2024-01-22 22:48:45,347] [MainProcess/MainThread/INFO] (shell_startup.py/update) Creating Sprites...Drawing Background Sprites
[2024-01-22 22:48:45,347] [MainProcess/MainThread/INFO] (shell_startup.py/update) Creating Windows Spites...Drawing Window Sprites
[2024-01-22 22:48:45,365] [MainProcess/MainThread/INFO] (shell_startup.py/update) Clearing background
[2024-01-22 22:48:45,365] [MainProcess/MainThread/INFO] (shell_startup.py/update) Creating Sprites...Drawing Background Sprites
[2024-01-22 22:48:45,365] [MainProcess/MainThread/INFO] (shell_startup.py/update) Creating Windows Spites...Drawing Window Sprites
[2024-01-22 22:48:45,383] [MainProcess/MainThread/INFO] (shell_startup.py/update) Clearing background
[2024-01-22 22:48:45,383] [MainProcess/MainThread/INFO] (shell_startup.py/update) Creating Sprites...Drawing Background Sprites
[2024-01-22 22:48:45,383] [MainProcess/MainThread/INFO] (shell_startup.py/update) Creating Windows Spites...Drawing Window Sprites
[2024-01-22 22:48:45,401] [MainProcess/MainThread/INFO] (shell_startup.py/update) Clearing background
[2024-01-22 22:48:45,402] [MainProcess/MainThread/INFO] (shell_startup.py/update) Creating Sprites...Drawing Background Sprites
[2024-01-22 22:48:45,402] [MainProcess/MainThread/INFO] (shell_startup.py/update) Creating Windows Spites...Drawing Window Sprites
[2024-01-22 22:48:45,420] [MainProcess/MainThread/INFO] (shell_startup.py/update) Clearing background
[2024-01-22 22:48:45,420] [MainProcess/MainThread/INFO] (shell_startup.py/update) Creating Sprites...Drawing Background Sprites
[2024-01-22 22:48:45,420] [MainProcess/MainThread/INFO] (shell_startup.py/update) Creating Windows Spites...Drawing Window Sprites
[2024-01-22 22:48:45,437] [MainProcess/MainThread/INFO] (shell_startup.py/update) Clearing background
[2024-01-22 22:48:45,437] [MainProcess/MainThread/INFO] (shell_startup.py/update) Creating Sprites...Drawing Background Sprites
[2024-01-22 22:48:45,438] [MainProcess/MainThread/INFO] (shell_startup.py/update) Creating Windows Spites...Drawing Window Sprites
[2024-01-22 22:48:45,456] [MainProcess/MainThread/INFO] (shell_startup.py/update) Clearing background
[2024-01-22 22:48:45,457] [MainProcess/MainThread/INFO] (shell_startup.py/update) Creating Sprites...Drawing Background Sprites
[2024-01-22 22:48:45,457] [MainProcess/MainThread/INFO] (shell_startup.py/update) Creating Windows Spites...Drawing Window Sprites
[2024-01-22 22:48:45,474] [MainProcess/MainThread/INFO] (shell_startup.py/update) Clearing background
[2024-01-22 22:48:45,474] [MainProcess/MainThread/INFO] (shell_startup.py/update) Creating Sprites...Drawing Background Sprites
[2024-01-22 22:48:45,474] [MainProcess/MainThread/INFO] (shell_startup.py/update) Creating Windows Spites...Drawing Window Sprites
[2024-01-22 22:48:45,492] [MainProcess/MainThread/INFO] (shell_startup.py/update) Clearing background
[2024-01-22 22:48:45,492] [MainProcess/MainThread/INFO] (shell_startup.py/update) Creating Sprites...Drawing Background Sprites
[2024-01-22 22:48:45,492] [MainProcess/MainThread/INFO] (shell_startup.py/update) Creating Windows Spites...Drawing Window Sprites
[2024-01-22 22:48:45,510] [MainProcess/MainThread/INFO] (shell_startup.py/update) Clearing background
[2024-01-22 22:48:45,510] [MainProcess/MainThread/INFO] (shell_startup.py/update) Creating Sprites...Drawing Background Sprites
[2024-01-22 22:48:45,510] [MainProcess/MainThread/INFO] (shell_startup.py/update) Creating Windows Spites...Drawing Window Sprites
[2024-01-22 22:48:45,528] [MainProcess/MainThread/INFO] (shell_startup.py/update) Clearing background
[2024-01-22 22:48:45,529] [MainProcess/MainThread/INFO] (shell_startup.py/update) Creating Sprites...Drawing Background Sprites
[2024-01-22 22:48:45,529] [MainProcess/MainThread/INFO] (shell_startup.py/update) Creating Windows Spites...Drawing Window Sprites
[2024-01-22 22:48:45,547] [MainProcess/MainThread/INFO] (shell_startup.py/update) Clearing background
[2024-01-22 22:48:45,548] [MainProcess/MainThread/INFO] (shell_startup.py/update) Creating Sprites...Drawing Background Sprites
[2024-01-22 22:48:45,548] [MainProcess/MainThread/INFO] (shell_startup.py/update) Creating Windows Spites...Drawing Window Sprites
[2024-01-22 22:48:45,566] [MainProcess/MainThread/INFO] (shell_startup.py/update) Clearing background
[2024-01-22 22:48:45,566] [MainProcess/MainThread/INFO] (shell_startup.py/update) Creating Sprites...Drawing Background Sprites
[2024-01-22 22:48:45,566] [MainProcess/MainThread/INFO] (shell_startup.py/update) Creating Windows Spites...Drawing Window Sprites
[2024-01-22 22:48:45,584] [MainProcess/MainThread/INFO] (shell_startup.py/update) Clearing background
[2024-01-22 22:48:45,584] [MainProcess/MainThread/INFO] (shell_startup.py/update) Creating Sprites...Drawing Background Sprites
[2024-01-22 22:48:45,584] [MainProcess/MainThread/INFO] (shell_startup.py/update) Creating Windows Spites...Drawing Window Sprites
[2024-01-22 22:48:45,603] [MainProcess/MainThread/INFO] (shell_startup.py/update) Clearing background
[2024-01-22 22:48:45,603] [MainProcess/MainThread/INFO] (shell_startup.py/update) Creating Sprites...Drawing Background Sprites
[2024-01-22 22:48:45,603] [MainProcess/MainThread/INFO] (shell_startup.py/update) Creating Windows Spites...Drawing Window Sprites
[2024-01-22 22:48:45,620] [MainProcess/MainThread/INFO] (shell_startup.py/update) Clearing background
[2024-01-22 22:48:45,620] [MainProcess/MainThread/INFO] (shell_startup.py/update) Creating Sprites...Drawing Background Sprites
[2024-01-22 22:48:45,621] [MainProcess/MainThread/INFO] (shell_startup.py/update) Creating Windows Spites...Drawing Window Sprites
[2024-01-22 22:48:45,638] [MainProcess/MainThread/INFO] (shell_startup.py/update) Clearing background
[2024-01-22 22:48:45,638] [MainProcess/MainThread/INFO] (shell_startup.py/update) Creating Sprites...Drawing Background Sprites
[2024-01-22 22:48:45,639] [MainProcess/MainThread/INFO] (shell_startup.py/update) Creating Windows Spites...Drawing Window Sprites
[2024-01-22 22:48:45,656] [MainProcess/MainThread/INFO] (shell_startup.py/update) Clearing background
[2024-01-22 22:48:45,656] [MainProcess/MainThread/INFO] (shell_startup.py/update) Creating Sprites...Drawing Background Sprites
[2024-01-22 22:48:45,656] [MainProcess/MainThread/INFO] (shell_startup.py/update) Creating Windows Spites...Drawing Window Sprites
[2024-01-22 22:48:45,675] [MainProcess/MainThread/INFO] (shell_startup.py/update) Clearing background
[2024-01-22 22:48:45,675] [MainProcess/MainThread/INFO] (shell_startup.py/update) Creating Sprites...Drawing Background Sprites
[2024-01-22 22:48:45,675] [MainProcess/MainThread/INFO] (shell_startup.py/update) Creating Windows Spites...Drawing Window Sprites
[2024-01-22 22:48:45,693] [MainProcess/MainThread/INFO] (shell_startup.py/update) Clearing background
[2024-01-22 22:48:45,693] [MainProcess/MainThread/INFO] (shell_startup.py/update) Creating Sprites...Drawing Background Sprites
[2024-01-22 22:48:45,693] [MainProcess/MainThread/INFO] (shell_startup.py/update) Creating Windows Spites...Drawing Window Sprites
[2024-01-22 22:48:45,711] [MainProcess/MainThread/INFO] (shell_startup.py/update) Clearing background
[2024-01-22 22:48:45,711] [MainProcess/MainThread/INFO] (shell_startup.py/update) Creating Sprites...Drawing Background Sprites
[2024-01-22 22:48:45,711] [MainProcess/MainThread/INFO] (shell_startup.py/update) Creating Windows Spites...Drawing Window Sprites
[2024-01-22 22:48:45,729] [MainProcess/MainThread/INFO] (shell_startup.py/update) Clearing background
[2024-01-22 22:48:45,729] [MainProcess/MainThread/INFO] (shell_startup.py/update) Creating Sprites...Drawing Background Sprites
[2024-01-22 22:48:45,729] [MainProcess/MainThread/INFO] (shell_startup.py/update) Creating Windows Spites...Drawing Window Sprites
[2024-01-22 22:48:45,747] [MainProcess/MainThread/INFO] (shell_startup.py/update) Clearing background
[2024-01-22 22:48:45,748] [MainProcess/MainThread/INFO] (shell_startup.py/update) Creating Sprites...Drawing Background Sprites
[2024-01-22 22:48:45,748] [MainProcess/MainThread/INFO] (shell_startup.py/update) Creating Windows Spites...Drawing Window Sprites
[2024-01-22 22:48:45,765] [MainProcess/MainThread/INFO] (shell_startup.py/update) Clearing background
[2024-01-22 22:48:45,765] [MainProcess/MainThread/INFO] (shell_startup.py/update) Creating Sprites...Drawing Background Sprites
[2024-01-22 22:48:45,766] [MainProcess/MainThread/INFO] (shell_startup.py/update) Creating Windows Spites...Drawing Window Sprites
[2024-01-22 22:48:45,783] [MainProcess/MainThread/INFO] (shell_startup.py/update) Clearing background
[2024-01-22 22:48:45,784] [MainProcess/MainThread/INFO] (shell_startup.py/update) Creating Sprites...Drawing Background Sprites
[2024-01-22 22:48:45,784] [MainProcess/MainThread/INFO] (shell_startup.py/update) Creating Windows Spites...Drawing Window Sprites
[2024-01-22 22:48:45,802] [MainProcess/MainThread/INFO] (shell_startup.py/update) Clearing background
[2024-01-22 22:48:45,802] [MainProcess/MainThread/INFO] (shell_startup.py/update) Creating Sprites...Drawing Background Sprites
[2024-01-22 22:48:45,802] [MainProcess/MainThread/INFO] (shell_startup.py/update) Creating Windows Spites...Drawing Window Sprites
[2024-01-22 22:48:45,820] [MainProcess/MainThread/INFO] (shell_startup.py/update) Clearing background
[2024-01-22 22:48:45,820] [MainProcess/MainThread/INFO] (shell_startup.py/update) Creating Sprites...Drawing Background Sprites
[2024-01-22 22:48:45,820] [MainProcess/MainThread/INFO] (shell_startup.py/update) Creating Windows Spites...Drawing Window Sprites
[2024-01-22 22:48:45,838] [MainProcess/MainThread/INFO] (shell_startup.py/update) Clearing background
[2024-01-22 22:48:45,838] [MainProcess/MainThread/INFO] (shell_startup.py/update) Creating Sprites...Drawing Background Sprites
[2024-01-22 22:48:45,839] [MainProcess/MainThread/INFO] (shell_startup.py/update) Creating Windows Spites...Drawing Window Sprites
[2024-01-22 22:48:45,857] [MainProcess/MainThread/INFO] (shell_startup.py/update) Clearing background
[2024-01-22 22:48:45,857] [MainProcess/MainThread/INFO] (shell_startup.py/update) Creating Sprites...Drawing Background Sprites
[2024-01-22 22:48:45,857] [MainProcess/MainThread/INFO] (shell_startup.py/update) Creating Windows Spites...Drawing Window Sprites
[2024-01-22 22:48:45,874] [MainProcess/MainThread/INFO] (shell_startup.py/update) Clearing background
[2024-01-22 22:48:45,874] [MainProcess/MainThread/INFO] (shell_startup.py/update) Creating Sprites...Drawing Background Sprites
[2024-01-22 22:48:45,876] [MainProcess/MainThread/INFO] (shell_startup.py/update) Creating Windows Spites...Drawing Window Sprites
[2024-01-22 22:48:45,893] [MainProcess/MainThread/INFO] (shell_startup.py/update) Clearing background
[2024-01-22 22:48:45,893] [MainProcess/MainThread/INFO] (shell_startup.py/update) Creating Sprites...Drawing Background Sprites
[2024-01-22 22:48:45,893] [MainProcess/MainThread/INFO] (shell_startup.py/update) Creating Windows Spites...Drawing Window Sprites
[2024-01-22 22:48:45,912] [MainProcess/MainThread/INFO] (shell_startup.py/update) Clearing background
[2024-01-22 22:48:45,912] [MainProcess/MainThread/INFO] (shell_startup.py/update) Creating Sprites...Drawing Background Sprites
[2024-01-22 22:48:45,912] [MainProcess/MainThread/INFO] (shell_startup.py/update) Creating Windows Spites...Drawing Window Sprites
[2024-01-22 22:48:45,929] [MainProcess/MainThread/INFO] (shell_startup.py/update) Clearing background
[2024-01-22 22:48:45,929] [MainProcess/MainThread/INFO] (shell_startup.py/update) Creating Sprites...Drawing Background Sprites
[2024-01-22 22:48:45,929] [MainProcess/MainThread/INFO] (shell_startup.py/update) Creating Windows Spites...Drawing Window Sprites
[2024-01-22 22:48:45,948] [MainProcess/MainThread/INFO] (shell_startup.py/update) Clearing background
[2024-01-22 22:48:45,948] [MainProcess/MainThread/INFO] (shell_startup.py/update) Creating Sprites...Drawing Background Sprites
[2024-01-22 22:48:45,948] [MainProcess/MainThread/INFO] (shell_startup.py/update) Creating Windows Spites...Drawing Window Sprites
[2024-01-22 22:48:45,966] [MainProcess/MainThread/INFO] (shell_startup.py/update) Clearing background
[2024-01-22 22:48:45,966] [MainProcess/MainThread/INFO] (shell_startup.py/update) Creating Sprites...Drawing Background Sprites
[2024-01-22 22:48:45,966] [MainProcess/MainThread/INFO] (shell_startup.py/update) Creating Windows Spites...Drawing Window Sprites
[2024-01-22 22:48:45,983] [MainProcess/MainThread/INFO] (shell_startup.py/update) Clearing background
[2024-01-22 22:48:45,983] [MainProcess/MainThread/INFO] (shell_startup.py/update) Creating Sprites...Drawing Background Sprites
[2024-01-22 22:48:45,984] [MainProcess/MainThread/INFO] (shell_startup.py/update) Creating Windows Spites...Drawing Window Sprites
[2024-01-22 22:48:46,002] [MainProcess/MainThread/INFO] (shell_startup.py/update) Clearing background
[2024-01-22 22:48:46,002] [MainProcess/MainThread/INFO] (shell_startup.py/update) Creating Sprites...Drawing Background Sprites
[2024-01-22 22:48:46,002] [MainProcess/MainThread/INFO] (shell_startup.py/update) Creating Windows Spites...Drawing Window Sprites
[2024-01-22 22:48:46,020] [MainProcess/MainThread/INFO] (shell_startup.py/update) Clearing background
[2024-01-22 22:48:46,020] [MainProcess/MainThread/INFO] (shell_startup.py/update) Creating Sprites...Drawing Background Sprites
[2024-01-22 22:48:46,020] [MainProcess/MainThread/INFO] (shell_startup.py/update) Creating Windows Spites...Drawing Window Sprites
[2024-01-22 22:48:46,039] [MainProcess/MainThread/INFO] (shell_startup.py/update) Clearing background
[2024-01-22 22:48:46,039] [MainProcess/MainThread/INFO] (shell_startup.py/update) Creating Sprites...Drawing Background Sprites
[2024-01-22 22:48:46,039] [MainProcess/MainThread/INFO] (shell_startup.py/update) Creating Windows Spites...Drawing Window Sprites
[2024-01-22 22:48:46,057] [MainProcess/MainThread/INFO] (shell_startup.py/update) Clearing background
[2024-01-22 22:48:46,057] [MainProcess/MainThread/INFO] (shell_startup.py/update) Creating Sprites...Drawing Background Sprites
[2024-01-22 22:48:46,058] [MainProcess/MainThread/INFO] (shell_startup.py/update) Creating Windows Spites...Drawing Window Sprites
[2024-01-22 22:48:46,076] [MainProcess/MainThread/INFO] (shell_startup.py/update) Clearing background
[2024-01-22 22:48:46,076] [MainProcess/MainThread/INFO] (shell_startup.py/update) Creating Sprites...Drawing Background Sprites
[2024-01-22 22:48:46,076] [MainProcess/MainThread/INFO] (shell_startup.py/update) Creating Windows Spites...Drawing Window Sprites
[2024-01-22 22:48:46,093] [MainProcess/MainThread/INFO] (shell_startup.py/update) Clearing background
[2024-01-22 22:48:46,093] [MainProcess/MainThread/INFO] (shell_startup.py/update) Creating Sprites...Drawing Background Sprites
[2024-01-22 22:48:46,093] [MainProcess/MainThread/INFO] (shell_startup.py/update) Creating Windows Spites...Drawing Window Sprites
[2024-01-22 22:48:46,112] [MainProcess/MainThread/INFO] (shell_startup.py/update) Clearing background
[2024-01-22 22:48:46,112] [MainProcess/MainThread/INFO] (shell_startup.py/update) Creating Sprites...Drawing Background Sprites
[2024-01-22 22:48:46,112] [MainProcess/MainThread/INFO] (shell_startup.py/update) Creating Windows Spites...Drawing Window Sprites
[2024-01-22 22:48:46,129] [MainProcess/MainThread/INFO] (shell_startup.py/update) Clearing background
[2024-01-22 22:48:46,130] [MainProcess/MainThread/INFO] (shell_startup.py/update) Creating Sprites...Drawing Background Sprites
[2024-01-22 22:48:46,130] [MainProcess/MainThread/INFO] (shell_startup.py/update) Creating Windows Spites...Drawing Window Sprites
[2024-01-22 22:48:46,148] [MainProcess/MainThread/INFO] (shell_startup.py/update) Clearing background
[2024-01-22 22:48:46,148] [MainProcess/MainThread/INFO] (shell_startup.py/update) Creating Sprites...Drawing Background Sprites
[2024-01-22 22:48:46,148] [MainProcess/MainThread/INFO] (shell_startup.py/update) Creating Windows Spites...Drawing Window Sprites
[2024-01-22 22:48:46,166] [MainProcess/MainThread/INFO] (shell_startup.py/update) Clearing background
[2024-01-22 22:48:46,166] [MainProcess/MainThread/INFO] (shell_startup.py/update) Creating Sprites...Drawing Background Sprites
[2024-01-22 22:48:46,166] [MainProcess/MainThread/INFO] (shell_startup.py/update) Creating Windows Spites...Drawing Window Sprites
[2024-01-22 22:48:46,185] [MainProcess/MainThread/INFO] (shell_startup.py/update) Clearing background
[2024-01-22 22:48:46,185] [MainProcess/MainThread/INFO] (shell_startup.py/update) Creating Sprites...Drawing Background Sprites
[2024-01-22 22:48:46,185] [MainProcess/MainThread/INFO] (shell_startup.py/update) Creating Windows Spites...Drawing Window Sprites
[2024-01-22 22:48:46,203] [MainProcess/MainThread/INFO] (shell_startup.py/update) Clearing background
[2024-01-22 22:48:46,203] [MainProcess/MainThread/INFO] (shell_startup.py/update) Creating Sprites...Drawing Background Sprites
[2024-01-22 22:48:46,203] [MainProcess/MainThread/INFO] (shell_startup.py/update) Creating Windows Spites...Drawing Window Sprites
[2024-01-22 22:48:46,220] [MainProcess/MainThread/INFO] (shell_startup.py/update) Clearing background
[2024-01-22 22:48:46,220] [MainProcess/MainThread/INFO] (shell_startup.py/update) Creating Sprites...Drawing Background Sprites
[2024-01-22 22:48:46,220] [MainProcess/MainThread/INFO] (shell_startup.py/update) Creating Windows Spites...Drawing Window Sprites
[2024-01-22 22:48:46,238] [MainProcess/MainThread/INFO] (shell_startup.py/update) Clearing background
[2024-01-22 22:48:46,239] [MainProcess/MainThread/INFO] (shell_startup.py/update) Creating Sprites...Drawing Background Sprites
[2024-01-22 22:48:46,239] [MainProcess/MainThread/INFO] (shell_startup.py/update) Creating Windows Spites...Drawing Window Sprites
[2024-01-22 22:48:46,257] [MainProcess/MainThread/INFO] (shell_startup.py/update) Clearing background
[2024-01-22 22:48:46,257] [MainProcess/MainThread/INFO] (shell_startup.py/update) Creating Sprites...Drawing Background Sprites
[2024-01-22 22:48:46,257] [MainProcess/MainThread/INFO] (shell_startup.py/update) Creating Windows Spites...Drawing Window Sprites
[2024-01-22 22:48:46,276] [MainProcess/MainThread/INFO] (shell_startup.py/update) Clearing background
[2024-01-22 22:48:46,276] [MainProcess/MainThread/INFO] (shell_startup.py/update) Creating Sprites...Drawing Background Sprites
[2024-01-22 22:48:46,276] [MainProcess/MainThread/INFO] (shell_startup.py/update) Creating Windows Spites...Drawing Window Sprites
[2024-01-22 22:48:46,294] [MainProcess/MainThread/INFO] (shell_startup.py/update) Clearing background
[2024-01-22 22:48:46,294] [MainProcess/MainThread/INFO] (shell_startup.py/update) Creating Sprites...Drawing Background Sprites
[2024-01-22 22:48:46,294] [MainProcess/MainThread/INFO] (shell_startup.py/update) Creating Windows Spites...Drawing Window Sprites
[2024-01-22 22:48:46,312] [MainProcess/MainThread/INFO] (shell_startup.py/update) Clearing background
[2024-01-22 22:48:46,312] [MainProcess/MainThread/INFO] (shell_startup.py/update) Creating Sprites...Drawing Background Sprites
[2024-01-22 22:48:46,312] [MainProcess/MainThread/INFO] (shell_startup.py/update) Creating Windows Spites...Drawing Window Sprites
[2024-01-22 22:48:46,330] [MainProcess/MainThread/INFO] (shell_startup.py/update) Clearing background
[2024-01-22 22:48:46,330] [MainProcess/MainThread/INFO] (shell_startup.py/update) Creating Sprites...Drawing Background Sprites
[2024-01-22 22:48:46,331] [MainProcess/MainThread/INFO] (shell_startup.py/update) Creating Windows Spites...Drawing Window Sprites
[2024-01-22 22:48:46,348] [MainProcess/MainThread/INFO] (shell_startup.py/update) Clearing background
[2024-01-22 22:48:46,348] [MainProcess/MainThread/INFO] (shell_startup.py/update) Creating Sprites...Drawing Background Sprites
[2024-01-22 22:48:46,349] [MainProcess/MainThread/INFO] (shell_startup.py/update) Creating Windows Spites...Drawing Window Sprites
[2024-01-22 22:48:46,366] [MainProcess/MainThread/INFO] (shell_startup.py/update) Clearing background
[2024-01-22 22:48:46,366] [MainProcess/MainThread/INFO] (shell_startup.py/update) Creating Sprites...Drawing Background Sprites
[2024-01-22 22:48:46,367] [MainProcess/MainThread/INFO] (shell_startup.py/update) Creating Windows Spites...Drawing Window Sprites
[2024-01-22 22:48:46,385] [MainProcess/MainThread/INFO] (shell_startup.py/update) Clearing background
[2024-01-22 22:48:46,385] [MainProcess/MainThread/INFO] (shell_startup.py/update) Creating Sprites...Drawing Background Sprites
[2024-01-22 22:48:46,385] [MainProcess/MainThread/INFO] (shell_startup.py/update) Creating Windows Spites...Drawing Window Sprites
[2024-01-22 22:48:46,403] [MainProcess/MainThread/INFO] (shell_startup.py/update) Clearing background
[2024-01-22 22:48:46,404] [MainProcess/MainThread/INFO] (shell_startup.py/update) Creating Sprites...Drawing Background Sprites
[2024-01-22 22:48:46,404] [MainProcess/MainThread/INFO] (shell_startup.py/update) Creating Windows Spites...Drawing Window Sprites
[2024-01-22 22:48:46,421] [MainProcess/MainThread/INFO] (shell_startup.py/update) Clearing background
[2024-01-22 22:48:46,421] [MainProcess/MainThread/INFO] (shell_startup.py/update) Creating Sprites...Drawing Background Sprites
[2024-01-22 22:48:46,421] [MainProcess/MainThread/INFO] (shell_startup.py/update) Creating Windows Spites...Drawing Window Sprites
[2024-01-22 22:48:46,439] [MainProcess/MainThread/INFO] (shell_startup.py/update) Clearing background
[2024-01-22 22:48:46,440] [MainProcess/MainThread/INFO] (shell_startup.py/update) Creating Sprites...Drawing Background Sprites
[2024-01-22 22:48:46,440] [MainProcess/MainThread/INFO] (shell_startup.py/update) Creating Windows Spites...Drawing Window Sprites
[2024-01-22 22:48:46,458] [MainProcess/MainThread/INFO] (shell_startup.py/update) Clearing background
[2024-01-22 22:48:46,458] [MainProcess/MainThread/INFO] (shell_startup.py/update) Creating Sprites...Drawing Background Sprites
[2024-01-22 22:48:46,458] [MainProcess/MainThread/INFO] (shell_startup.py/update) Creating Windows Spites...Drawing Window Sprites
[2024-01-22 22:48:46,476] [MainProcess/MainThread/INFO] (shell_startup.py/update) Clearing background
[2024-01-22 22:48:46,476] [MainProcess/MainThread/INFO] (shell_startup.py/update) Creating Sprites...Drawing Background Sprites
[2024-01-22 22:48:46,476] [MainProcess/MainThread/INFO] (shell_startup.py/update) Creating Windows Spites...Drawing Window Sprites
[2024-01-22 22:48:46,494] [MainProcess/MainThread/INFO] (shell_startup.py/update) Clearing background
[2024-01-22 22:48:46,495] [MainProcess/MainThread/INFO] (shell_startup.py/update) Creating Sprites...Drawing Background Sprites
[2024-01-22 22:48:46,495] [MainProcess/MainThread/INFO] (shell_startup.py/update) Creating Windows Spites...Drawing Window Sprites
[2024-01-22 22:48:46,512] [MainProcess/MainThread/INFO] (shell_startup.py/update) Clearing background
[2024-01-22 22:48:46,512] [MainProcess/MainThread/INFO] (shell_startup.py/update) Creating Sprites...Drawing Background Sprites
[2024-01-22 22:48:46,512] [MainProcess/MainThread/INFO] (shell_startup.py/update) Creating Windows Spites...Drawing Window Sprites
[2024-01-22 22:48:46,530] [MainProcess/MainThread/INFO] (shell_startup.py/update) Clearing background
[2024-01-22 22:48:46,531] [MainProcess/MainThread/INFO] (shell_startup.py/update) Creating Sprites...Drawing Background Sprites
[2024-01-22 22:48:46,531] [MainProcess/MainThread/INFO] (shell_startup.py/update) Creating Windows Spites...Drawing Window Sprites
[2024-01-22 22:48:46,549] [MainProcess/MainThread/INFO] (shell_startup.py/update) Clearing background
[2024-01-22 22:48:46,549] [MainProcess/MainThread/INFO] (shell_startup.py/update) Creating Sprites...Drawing Background Sprites
[2024-01-22 22:48:46,549] [MainProcess/MainThread/INFO] (shell_startup.py/update) Creating Windows Spites...Drawing Window Sprites
[2024-01-22 22:48:46,567] [MainProcess/MainThread/INFO] (shell_startup.py/update) Clearing background
[2024-01-22 22:48:46,567] [MainProcess/MainThread/INFO] (shell_startup.py/update) Creating Sprites...Drawing Background Sprites
[2024-01-22 22:48:46,567] [MainProcess/MainThread/INFO] (shell_startup.py/update) Creating Windows Spites...Drawing Window Sprites
[2024-01-22 22:48:46,584] [MainProcess/MainThread/INFO] (shell_startup.py/update) Clearing background
[2024-01-22 22:48:46,586] [MainProcess/MainThread/INFO] (shell_startup.py/update) Creating Sprites...Drawing Background Sprites
[2024-01-22 22:48:46,586] [MainProcess/MainThread/INFO] (shell_startup.py/update) Creating Windows Spites...Drawing Window Sprites
[2024-01-22 22:48:46,603] [MainProcess/MainThread/INFO] (shell_startup.py/update) Clearing background
[2024-01-22 22:48:46,604] [MainProcess/MainThread/INFO] (shell_startup.py/update) Creating Sprites...Drawing Background Sprites
[2024-01-22 22:48:46,604] [MainProcess/MainThread/INFO] (shell_startup.py/update) Creating Windows Spites...Drawing Window Sprites
[2024-01-22 22:48:46,621] [MainProcess/MainThread/INFO] (shell_startup.py/update) Clearing background
[2024-01-22 22:48:46,621] [MainProcess/MainThread/INFO] (shell_startup.py/update) Creating Sprites...Drawing Background Sprites
[2024-01-22 22:48:46,622] [MainProcess/MainThread/INFO] (shell_startup.py/update) Creating Windows Spites...Drawing Window Sprites
[2024-01-22 22:48:46,640] [MainProcess/MainThread/INFO] (shell_startup.py/update) Clearing background
[2024-01-22 22:48:46,640] [MainProcess/MainThread/INFO] (shell_startup.py/update) Creating Sprites...Drawing Background Sprites
[2024-01-22 22:48:46,640] [MainProcess/MainThread/INFO] (shell_startup.py/update) Creating Windows Spites...Drawing Window Sprites
[2024-01-22 22:48:46,658] [MainProcess/MainThread/INFO] (shell_startup.py/update) Clearing background
[2024-01-22 22:48:46,658] [MainProcess/MainThread/INFO] (shell_startup.py/update) Creating Sprites...Drawing Background Sprites
[2024-01-22 22:48:46,658] [MainProcess/MainThread/INFO] (shell_startup.py/update) Creating Windows Spites...Drawing Window Sprites
[2024-01-22 22:48:46,676] [MainProcess/MainThread/INFO] (shell_startup.py/update) Clearing background
[2024-01-22 22:48:46,676] [MainProcess/MainThread/INFO] (shell_startup.py/update) Creating Sprites...Drawing Background Sprites
[2024-01-22 22:48:46,676] [MainProcess/MainThread/INFO] (shell_startup.py/update) Creating Windows Spites...Drawing Window Sprites
[2024-01-22 22:48:46,694] [MainProcess/MainThread/INFO] (shell_startup.py/update) Clearing background
[2024-01-22 22:48:46,694] [MainProcess/MainThread/INFO] (shell_startup.py/update) Creating Sprites...Drawing Background Sprites
[2024-01-22 22:48:46,694] [MainProcess/MainThread/INFO] (shell_startup.py/update) Creating Windows Spites...Drawing Window Sprites
[2024-01-22 22:48:46,713] [MainProcess/MainThread/INFO] (shell_startup.py/update) Clearing background
[2024-01-22 22:48:46,713] [MainProcess/MainThread/INFO] (shell_startup.py/update) Creating Sprites...Drawing Background Sprites
[2024-01-22 22:48:46,713] [MainProcess/MainThread/INFO] (shell_startup.py/update) Creating Windows Spites...Drawing Window Sprites
[2024-01-22 22:48:46,731] [MainProcess/MainThread/INFO] (shell_startup.py/update) Clearing background
[2024-01-22 22:48:46,731] [MainProcess/MainThread/INFO] (shell_startup.py/update) Creating Sprites...Drawing Background Sprites
[2024-01-22 22:48:46,731] [MainProcess/MainThread/INFO] (shell_startup.py/update) Creating Windows Spites...Drawing Window Sprites
[2024-01-22 22:48:46,749] [MainProcess/MainThread/INFO] (shell_startup.py/update) Clearing background
[2024-01-22 22:48:46,749] [MainProcess/MainThread/INFO] (shell_startup.py/update) Creating Sprites...Drawing Background Sprites
[2024-01-22 22:48:46,750] [MainProcess/MainThread/INFO] (shell_startup.py/update) Creating Windows Spites...Drawing Window Sprites
[2024-01-22 22:48:46,768] [MainProcess/MainThread/INFO] (shell_startup.py/update) Clearing background
[2024-01-22 22:48:46,768] [MainProcess/MainThread/INFO] (shell_startup.py/update) Creating Sprites...Drawing Background Sprites
[2024-01-22 22:48:46,768] [MainProcess/MainThread/INFO] (shell_startup.py/update) Creating Windows Spites...Drawing Window Sprites
[2024-01-22 22:48:46,785] [MainProcess/MainThread/INFO] (shell_startup.py/update) Clearing background
[2024-01-22 22:48:46,786] [MainProcess/MainThread/INFO] (shell_startup.py/update) Creating Sprites...Drawing Background Sprites
[2024-01-22 22:48:46,786] [MainProcess/MainThread/INFO] (shell_startup.py/update) Creating Windows Spites...Drawing Window Sprites
[2024-01-22 22:48:46,804] [MainProcess/MainThread/INFO] (shell_startup.py/update) Clearing background
[2024-01-22 22:48:46,804] [MainProcess/MainThread/INFO] (shell_startup.py/update) Creating Sprites...Drawing Background Sprites
[2024-01-22 22:48:46,804] [MainProcess/MainThread/INFO] (shell_startup.py/update) Creating Windows Spites...Drawing Window Sprites
[2024-01-22 22:48:46,822] [MainProcess/MainThread/INFO] (shell_startup.py/update) Clearing background
[2024-01-22 22:48:46,823] [MainProcess/MainThread/INFO] (shell_startup.py/update) Creating Sprites...Drawing Background Sprites
[2024-01-22 22:48:46,823] [MainProcess/MainThread/INFO] (shell_startup.py/update) Creating Windows Spites...Drawing Window Sprites
[2024-01-22 22:48:46,840] [MainProcess/MainThread/INFO] (shell_startup.py/update) Clearing background
[2024-01-22 22:48:46,840] [MainProcess/MainThread/INFO] (shell_startup.py/update) Creating Sprites...Drawing Background Sprites
[2024-01-22 22:48:46,840] [MainProcess/MainThread/INFO] (shell_startup.py/update) Creating Windows Spites...Drawing Window Sprites
[2024-01-22 22:48:46,858] [MainProcess/MainThread/INFO] (shell_startup.py/update) Clearing background
[2024-01-22 22:48:46,858] [MainProcess/MainThread/INFO] (shell_startup.py/update) Creating Sprites...Drawing Background Sprites
[2024-01-22 22:48:46,858] [MainProcess/MainThread/INFO] (shell_startup.py/update) Creating Windows Spites...Drawing Window Sprites
[2024-01-22 22:48:46,877] [MainProcess/MainThread/INFO] (shell_startup.py/update) Clearing background
[2024-01-22 22:48:46,877] [MainProcess/MainThread/INFO] (shell_startup.py/update) Creating Sprites...Drawing Background Sprites
[2024-01-22 22:48:46,877] [MainProcess/MainThread/INFO] (shell_startup.py/update) Creating Windows Spites...Drawing Window Sprites
[2024-01-22 22:48:46,895] [MainProcess/MainThread/INFO] (shell_startup.py/update) Clearing background
[2024-01-22 22:48:46,895] [MainProcess/MainThread/INFO] (shell_startup.py/update) Creating Sprites...Drawing Background Sprites
[2024-01-22 22:48:46,895] [MainProcess/MainThread/INFO] (shell_startup.py/update) Creating Windows Spites...Drawing Window Sprites
[2024-01-22 22:48:46,913] [MainProcess/MainThread/INFO] (shell_startup.py/update) Clearing background
[2024-01-22 22:48:46,913] [MainProcess/MainThread/INFO] (shell_startup.py/update) Creating Sprites...Drawing Background Sprites
[2024-01-22 22:48:46,913] [MainProcess/MainThread/INFO] (shell_startup.py/update) Creating Windows Spites...Drawing Window Sprites
[2024-01-22 22:48:46,931] [MainProcess/MainThread/INFO] (shell_startup.py/update) Clearing background
[2024-01-22 22:48:46,931] [MainProcess/MainThread/INFO] (shell_startup.py/update) Creating Sprites...Drawing Background Sprites
[2024-01-22 22:48:46,931] [MainProcess/MainThread/INFO] (shell_startup.py/update) Creating Windows Spites...Drawing Window Sprites
[2024-01-22 22:48:46,949] [MainProcess/MainThread/INFO] (shell_startup.py/update) Clearing background
[2024-01-22 22:48:46,949] [MainProcess/MainThread/INFO] (shell_startup.py/update) Creating Sprites...Drawing Background Sprites
[2024-01-22 22:48:46,949] [MainProcess/MainThread/INFO] (shell_startup.py/update) Creating Windows Spites...Drawing Window Sprites
[2024-01-22 22:48:46,967] [MainProcess/MainThread/INFO] (shell_startup.py/update) Clearing background
[2024-01-22 22:48:46,967] [MainProcess/MainThread/INFO] (shell_startup.py/update) Creating Sprites...Drawing Background Sprites
[2024-01-22 22:48:46,967] [MainProcess/MainThread/INFO] (shell_startup.py/update) Creating Windows Spites...Drawing Window Sprites
[2024-01-22 22:48:46,986] [MainProcess/MainThread/INFO] (shell_startup.py/update) Clearing background
[2024-01-22 22:48:46,986] [MainProcess/MainThread/INFO] (shell_startup.py/update) Creating Sprites...Drawing Background Sprites
[2024-01-22 22:48:46,986] [MainProcess/MainThread/INFO] (shell_startup.py/update) Creating Windows Spites...Drawing Window Sprites
[2024-01-22 22:48:47,004] [MainProcess/MainThread/INFO] (shell_startup.py/update) Clearing background
[2024-01-22 22:48:47,004] [MainProcess/MainThread/INFO] (shell_startup.py/update) Creating Sprites...Drawing Background Sprites
[2024-01-22 22:48:47,004] [MainProcess/MainThread/INFO] (shell_startup.py/update) Creating Windows Spites...Drawing Window Sprites
[2024-01-22 22:48:47,022] [MainProcess/MainThread/INFO] (shell_startup.py/update) Clearing background
[2024-01-22 22:48:47,022] [MainProcess/MainThread/INFO] (shell_startup.py/update) Creating Sprites...Drawing Background Sprites
[2024-01-22 22:48:47,022] [MainProcess/MainThread/INFO] (shell_startup.py/update) Creating Windows Spites...Drawing Window Sprites
[2024-01-22 22:48:47,040] [MainProcess/MainThread/INFO] (shell_startup.py/update) Clearing background
[2024-01-22 22:48:47,040] [MainProcess/MainThread/INFO] (shell_startup.py/update) Creating Sprites...Drawing Background Sprites
[2024-01-22 22:48:47,040] [MainProcess/MainThread/INFO] (shell_startup.py/update) Creating Windows Spites...Drawing Window Sprites
[2024-01-22 22:48:47,059] [MainProcess/MainThread/INFO] (shell_startup.py/update) Clearing background
[2024-01-22 22:48:47,059] [MainProcess/MainThread/INFO] (shell_startup.py/update) Creating Sprites...Drawing Background Sprites
[2024-01-22 22:48:47,059] [MainProcess/MainThread/INFO] (shell_startup.py/update) Creating Windows Spites...Drawing Window Sprites
[2024-01-22 22:48:47,076] [MainProcess/MainThread/INFO] (shell_startup.py/update) Clearing background
[2024-01-22 22:48:47,077] [MainProcess/MainThread/INFO] (shell_startup.py/update) Creating Sprites...Drawing Background Sprites
[2024-01-22 22:48:47,077] [MainProcess/MainThread/INFO] (shell_startup.py/update) Creating Windows Spites...Drawing Window Sprites
[2024-01-22 22:48:47,095] [MainProcess/MainThread/INFO] (shell_startup.py/update) Clearing background
[2024-01-22 22:48:47,096] [MainProcess/MainThread/INFO] (shell_startup.py/update) Creating Sprites...Drawing Background Sprites
[2024-01-22 22:48:47,096] [MainProcess/MainThread/INFO] (shell_startup.py/update) Creating Windows Spites...Drawing Window Sprites
[2024-01-22 22:48:47,113] [MainProcess/MainThread/INFO] (shell_startup.py/update) Clearing background
[2024-01-22 22:48:47,113] [MainProcess/MainThread/INFO] (shell_startup.py/update) Creating Sprites...Drawing Background Sprites
[2024-01-22 22:48:47,113] [MainProcess/MainThread/INFO] (shell_startup.py/update) Creating Windows Spites...Drawing Window Sprites
[2024-01-22 22:48:47,131] [MainProcess/MainThread/INFO] (shell_startup.py/update) Clearing background
[2024-01-22 22:48:47,131] [MainProcess/MainThread/INFO] (shell_startup.py/update) Creating Sprites...Drawing Background Sprites
[2024-01-22 22:48:47,132] [MainProcess/MainThread/INFO] (shell_startup.py/update) Creating Windows Spites...Drawing Window Sprites
[2024-01-22 22:48:47,150] [MainProcess/MainThread/INFO] (shell_startup.py/update) Clearing background
[2024-01-22 22:48:47,150] [MainProcess/MainThread/INFO] (shell_startup.py/update) Creating Sprites...Drawing Background Sprites
[2024-01-22 22:48:47,150] [MainProcess/MainThread/INFO] (shell_startup.py/update) Creating Windows Spites...Drawing Window Sprites
[2024-01-22 22:48:47,167] [MainProcess/MainThread/INFO] (shell_startup.py/update) Clearing background
[2024-01-22 22:48:47,168] [MainProcess/MainThread/INFO] (shell_startup.py/update) Creating Sprites...Drawing Background Sprites
[2024-01-22 22:48:47,168] [MainProcess/MainThread/INFO] (shell_startup.py/update) Creating Windows Spites...Drawing Window Sprites
[2024-01-22 22:48:47,186] [MainProcess/MainThread/INFO] (shell_startup.py/update) Clearing background
[2024-01-22 22:48:47,186] [MainProcess/MainThread/INFO] (shell_startup.py/update) Creating Sprites...Drawing Background Sprites
[2024-01-22 22:48:47,186] [MainProcess/MainThread/INFO] (shell_startup.py/update) Creating Windows Spites...Drawing Window Sprites
[2024-01-22 22:48:47,204] [MainProcess/MainThread/INFO] (shell_startup.py/update) Clearing background
[2024-01-22 22:48:47,204] [MainProcess/MainThread/INFO] (shell_startup.py/update) Creating Sprites...Drawing Background Sprites
[2024-01-22 22:48:47,204] [MainProcess/MainThread/INFO] (shell_startup.py/update) Creating Windows Spites...Drawing Window Sprites
[2024-01-22 22:48:47,222] [MainProcess/MainThread/INFO] (shell_startup.py/update) Clearing background
[2024-01-22 22:48:47,223] [MainProcess/MainThread/INFO] (shell_startup.py/update) Creating Sprites...Drawing Background Sprites
[2024-01-22 22:48:47,223] [MainProcess/MainThread/INFO] (shell_startup.py/update) Creating Windows Spites...Drawing Window Sprites
[2024-01-22 22:48:47,241] [MainProcess/MainThread/INFO] (shell_startup.py/update) Clearing background
[2024-01-22 22:48:47,241] [MainProcess/MainThread/INFO] (shell_startup.py/update) Creating Sprites...Drawing Background Sprites
[2024-01-22 22:48:47,241] [MainProcess/MainThread/INFO] (shell_startup.py/update) Creating Windows Spites...Drawing Window Sprites
[2024-01-22 22:48:47,260] [MainProcess/MainThread/INFO] (shell_startup.py/update) Clearing background
[2024-01-22 22:48:47,260] [MainProcess/MainThread/INFO] (shell_startup.py/update) Creating Sprites...Drawing Background Sprites
[2024-01-22 22:48:47,260] [MainProcess/MainThread/INFO] (shell_startup.py/update) Creating Windows Spites...Drawing Window Sprites
[2024-01-22 22:48:47,277] [MainProcess/MainThread/INFO] (shell_startup.py/update) Clearing background
[2024-01-22 22:48:47,277] [MainProcess/MainThread/INFO] (shell_startup.py/update) Creating Sprites...Drawing Background Sprites
[2024-01-22 22:48:47,277] [MainProcess/MainThread/INFO] (shell_startup.py/update) Creating Windows Spites...Drawing Window Sprites
[2024-01-22 22:48:47,296] [MainProcess/MainThread/INFO] (shell_startup.py/update) Clearing background
[2024-01-22 22:48:47,296] [MainProcess/MainThread/INFO] (shell_startup.py/update) Creating Sprites...Drawing Background Sprites
[2024-01-22 22:48:47,296] [MainProcess/MainThread/INFO] (shell_startup.py/update) Creating Windows Spites...Drawing Window Sprites
[2024-01-22 22:48:47,314] [MainProcess/MainThread/INFO] (shell_startup.py/update) Clearing background
[2024-01-22 22:48:47,314] [MainProcess/MainThread/INFO] (shell_startup.py/update) Creating Sprites...Drawing Background Sprites
[2024-01-22 22:48:47,314] [MainProcess/MainThread/INFO] (shell_startup.py/update) Creating Windows Spites...Drawing Window Sprites
[2024-01-22 22:48:47,332] [MainProcess/MainThread/INFO] (shell_startup.py/update) Clearing background
[2024-01-22 22:48:47,332] [MainProcess/MainThread/INFO] (shell_startup.py/update) Creating Sprites...Drawing Background Sprites
[2024-01-22 22:48:47,332] [MainProcess/MainThread/INFO] (shell_startup.py/update) Creating Windows Spites...Drawing Window Sprites
[2024-01-22 22:48:47,350] [MainProcess/MainThread/INFO] (shell_startup.py/update) Clearing background
[2024-01-22 22:48:47,350] [MainProcess/MainThread/INFO] (shell_startup.py/update) Creating Sprites...Drawing Background Sprites
[2024-01-22 22:48:47,350] [MainProcess/MainThread/INFO] (shell_startup.py/update) Creating Windows Spites...Drawing Window Sprites
[2024-01-22 22:48:47,368] [MainProcess/MainThread/INFO] (shell_startup.py/update) Clearing background
[2024-01-22 22:48:47,368] [MainProcess/MainThread/INFO] (shell_startup.py/update) Creating Sprites...Drawing Background Sprites
[2024-01-22 22:48:47,368] [MainProcess/MainThread/INFO] (shell_startup.py/update) Creating Windows Spites...Drawing Window Sprites
[2024-01-22 22:48:47,387] [MainProcess/MainThread/INFO] (shell_startup.py/update) Clearing background
[2024-01-22 22:48:47,387] [MainProcess/MainThread/INFO] (shell_startup.py/update) Creating Sprites...Drawing Background Sprites
[2024-01-22 22:48:47,387] [MainProcess/MainThread/INFO] (shell_startup.py/update) Creating Windows Spites...Drawing Window Sprites
[2024-01-22 22:48:47,405] [MainProcess/MainThread/INFO] (shell_startup.py/update) Clearing background
[2024-01-22 22:48:47,405] [MainProcess/MainThread/INFO] (shell_startup.py/update) Creating Sprites...Drawing Background Sprites
[2024-01-22 22:48:47,405] [MainProcess/MainThread/INFO] (shell_startup.py/update) Creating Windows Spites...Drawing Window Sprites
[2024-01-22 22:48:47,423] [MainProcess/MainThread/INFO] (shell_startup.py/update) Clearing background
[2024-01-22 22:48:47,423] [MainProcess/MainThread/INFO] (shell_startup.py/update) Creating Sprites...Drawing Background Sprites
[2024-01-22 22:48:47,423] [MainProcess/MainThread/INFO] (shell_startup.py/update) Creating Windows Spites...Drawing Window Sprites
[2024-01-22 22:48:47,441] [MainProcess/MainThread/INFO] (shell_startup.py/update) Clearing background
[2024-01-22 22:48:47,441] [MainProcess/MainThread/INFO] (shell_startup.py/update) Creating Sprites...Drawing Background Sprites
[2024-01-22 22:48:47,441] [MainProcess/MainThread/INFO] (shell_startup.py/update) Creating Windows Spites...Drawing Window Sprites
[2024-01-22 22:48:47,459] [MainProcess/MainThread/INFO] (shell_startup.py/update) Clearing background
[2024-01-22 22:48:47,459] [MainProcess/MainThread/INFO] (shell_startup.py/update) Creating Sprites...Drawing Background Sprites
[2024-01-22 22:48:47,459] [MainProcess/MainThread/INFO] (shell_startup.py/update) Creating Windows Spites...Drawing Window Sprites
[2024-01-22 22:48:47,478] [MainProcess/MainThread/INFO] (shell_startup.py/update) Clearing background
[2024-01-22 22:48:47,478] [MainProcess/MainThread/INFO] (shell_startup.py/update) Creating Sprites...Drawing Background Sprites
[2024-01-22 22:48:47,478] [MainProcess/MainThread/INFO] (shell_startup.py/update) Creating Windows Spites...Drawing Window Sprites
[2024-01-22 22:48:47,496] [MainProcess/MainThread/INFO] (shell_startup.py/update) Clearing background
[2024-01-22 22:48:47,496] [MainProcess/MainThread/INFO] (shell_startup.py/update) Creating Sprites...Drawing Background Sprites
[2024-01-22 22:48:47,496] [MainProcess/MainThread/INFO] (shell_startup.py/update) Creating Windows Spites...Drawing Window Sprites
[2024-01-22 22:48:47,514] [MainProcess/MainThread/INFO] (shell_startup.py/update) Clearing background
[2024-01-22 22:48:47,514] [MainProcess/MainThread/INFO] (shell_startup.py/update) Creating Sprites...Drawing Background Sprites
[2024-01-22 22:48:47,515] [MainProcess/MainThread/INFO] (shell_startup.py/update) Creating Windows Spites...Drawing Window Sprites
[2024-01-22 22:48:47,533] [MainProcess/MainThread/INFO] (shell_startup.py/update) Clearing background
[2024-01-22 22:48:47,533] [MainProcess/MainThread/INFO] (shell_startup.py/update) Creating Sprites...Drawing Background Sprites
[2024-01-22 22:48:47,533] [MainProcess/MainThread/INFO] (shell_startup.py/update) Creating Windows Spites...Drawing Window Sprites
[2024-01-22 22:48:47,550] [MainProcess/MainThread/INFO] (shell_startup.py/update) Clearing background
[2024-01-22 22:48:47,550] [MainProcess/MainThread/INFO] (shell_startup.py/update) Creating Sprites...Drawing Background Sprites
[2024-01-22 22:48:47,551] [MainProcess/MainThread/INFO] (shell_startup.py/update) Creating Windows Spites...Drawing Window Sprites
[2024-01-22 22:48:47,568] [MainProcess/MainThread/INFO] (shell_startup.py/update) Clearing background
[2024-01-22 22:48:47,569] [MainProcess/MainThread/INFO] (shell_startup.py/update) Creating Sprites...Drawing Background Sprites
[2024-01-22 22:48:47,569] [MainProcess/MainThread/INFO] (shell_startup.py/update) Creating Windows Spites...Drawing Window Sprites
[2024-01-22 22:48:47,586] [MainProcess/MainThread/INFO] (shell_startup.py/update) Clearing background
[2024-01-22 22:48:47,586] [MainProcess/MainThread/INFO] (shell_startup.py/update) Creating Sprites...Drawing Background Sprites
[2024-01-22 22:48:47,586] [MainProcess/MainThread/INFO] (shell_startup.py/update) Creating Windows Spites...Drawing Window Sprites
[2024-01-22 22:48:47,604] [MainProcess/MainThread/INFO] (shell_startup.py/update) Clearing background
[2024-01-22 22:48:47,604] [MainProcess/MainThread/INFO] (shell_startup.py/update) Creating Sprites...Drawing Background Sprites
[2024-01-22 22:48:47,604] [MainProcess/MainThread/INFO] (shell_startup.py/update) Creating Windows Spites...Drawing Window Sprites
[2024-01-22 22:48:47,623] [MainProcess/MainThread/INFO] (shell_startup.py/update) Clearing background
[2024-01-22 22:48:47,623] [MainProcess/MainThread/INFO] (shell_startup.py/update) Creating Sprites...Drawing Background Sprites
[2024-01-22 22:48:47,623] [MainProcess/MainThread/INFO] (shell_startup.py/update) Creating Windows Spites...Drawing Window Sprites
[2024-01-22 22:48:47,641] [MainProcess/MainThread/INFO] (shell_startup.py/update) Clearing background
[2024-01-22 22:48:47,642] [MainProcess/MainThread/INFO] (shell_startup.py/update) Creating Sprites...Drawing Background Sprites
[2024-01-22 22:48:47,642] [MainProcess/MainThread/INFO] (shell_startup.py/update) Creating Windows Spites...Drawing Window Sprites
[2024-01-22 22:48:47,660] [MainProcess/MainThread/INFO] (shell_startup.py/update) Clearing background
[2024-01-22 22:48:47,660] [MainProcess/MainThread/INFO] (shell_startup.py/update) Creating Sprites...Drawing Background Sprites
[2024-01-22 22:48:47,660] [MainProcess/MainThread/INFO] (shell_startup.py/update) Creating Windows Spites...Drawing Window Sprites
[2024-01-22 22:48:47,678] [MainProcess/MainThread/INFO] (shell_startup.py/update) Clearing background
[2024-01-22 22:48:47,678] [MainProcess/MainThread/INFO] (shell_startup.py/update) Creating Sprites...Drawing Background Sprites
[2024-01-22 22:48:47,678] [MainProcess/MainThread/INFO] (shell_startup.py/update) Creating Windows Spites...Drawing Window Sprites
[2024-01-22 22:48:47,696] [MainProcess/MainThread/INFO] (shell_startup.py/update) Clearing background
[2024-01-22 22:48:47,696] [MainProcess/MainThread/INFO] (shell_startup.py/update) Creating Sprites...Drawing Background Sprites
[2024-01-22 22:48:47,696] [MainProcess/MainThread/INFO] (shell_startup.py/update) Creating Windows Spites...Drawing Window Sprites
[2024-01-22 22:48:47,715] [MainProcess/MainThread/INFO] (shell_startup.py/update) Clearing background
[2024-01-22 22:48:47,715] [MainProcess/MainThread/INFO] (shell_startup.py/update) Creating Sprites...Drawing Background Sprites
[2024-01-22 22:48:47,715] [MainProcess/MainThread/INFO] (shell_startup.py/update) Creating Windows Spites...Drawing Window Sprites
[2024-01-22 22:48:47,732] [MainProcess/MainThread/INFO] (shell_startup.py/update) Clearing background
[2024-01-22 22:48:47,733] [MainProcess/MainThread/INFO] (shell_startup.py/update) Creating Sprites...Drawing Background Sprites
[2024-01-22 22:48:47,733] [MainProcess/MainThread/INFO] (shell_startup.py/update) Creating Windows Spites...Drawing Window Sprites
[2024-01-22 22:48:47,751] [MainProcess/MainThread/INFO] (shell_startup.py/update) Clearing background
[2024-01-22 22:48:47,751] [MainProcess/MainThread/INFO] (shell_startup.py/update) Creating Sprites...Drawing Background Sprites
[2024-01-22 22:48:47,751] [MainProcess/MainThread/INFO] (shell_startup.py/update) Creating Windows Spites...Drawing Window Sprites
[2024-01-22 22:48:47,768] [MainProcess/MainThread/INFO] (shell_startup.py/update) Clearing background
[2024-01-22 22:48:47,768] [MainProcess/MainThread/INFO] (shell_startup.py/update) Creating Sprites...Drawing Background Sprites
[2024-01-22 22:48:47,769] [MainProcess/MainThread/INFO] (shell_startup.py/update) Creating Windows Spites...Drawing Window Sprites
