[LOGS]
[2024-01-22 22:06:21,570] [MainProcess/MainThread/INFO] (shell_startup.py/update) Clearing background
[2024-01-22 22:06:21,571] [MainProcess/MainThread/INFO] (shell_startup.py/update) Creating Sprites...Drawing Background Sprites
[2024-01-22 22:06:21,571] [MainProcess/MainThread/INFO] (shell_startup.py/update) Creating Windows Spites...Drawing Window Sprites
[2024-01-22 22:06:21,587] [MainProcess/MainThread/INFO] (shell_startup.py/update) Clearing background
[2024-01-22 22:06:21,588] [MainProcess/MainThread/INFO] (shell_startup.py/update) Creating Sprites...Drawing Background Sprites
[2024-01-22 22:06:21,588] [MainProcess/MainThread/INFO] (shell_startup.py/update) Creating Windows Spites...Drawing Window Sprites
[2024-01-22 22:06:21,605] [MainProcess/MainThread/INFO] (shell_startup.py/update) Clearing background
[2024-01-22 22:06:21,605] [MainProcess/MainThread/INFO] (shell_startup.py/update) Creating Sprites...Drawing Background Sprites
[2024-01-22 22:06:21,605] [MainProcess/MainThread/INFO] (shell_startup.py/update) Creating Windows Spites...Drawing Window Sprites
[2024-01-22 22:06:21,625] [MainProcess/MainThread/INFO] (shell_startup.py/update) Clearing background
[2024-01-22 22:06:21,625] [MainProcess/MainThread/INFO] (shell_startup.py/update) Creating Sprites...Drawing Background Sprites
[2024-01-22 22:06:21,625] [MainProcess/MainThread/INFO] (shell_startup.py/update) Creating Windows Spites...Drawing Window Sprites
[2024-01-22 22:06:21,642] [MainProcess/MainThread/INFO] (shell_startup.py/update) Clearing background
[2024-01-22 22:06:21,642] [MainProcess/MainThread/INFO] (shell_startup.py/update) Creating Sprites...Drawing Background Sprites
[2024-01-22 22:06:21,642] [MainProcess/MainThread/INFO] (shell_startup.py/update) Creating Windows Spites...Drawing Window Sprites
[2024-01-22 22:06:21,661] [MainProcess/MainThread/INFO] (shell_startup.py/update) Clearing background
[2024-01-22 22:06:21,661] [MainProcess/MainThread/INFO] (shell_startup.py/update) Creating Sprites...Drawing Background Sprites
[2024-01-22 22:06:21,661] [MainProcess/MainThread/INFO] (shell_startup.py/update) Creating Windows Spites...Drawing Window Sprites
[2024-01-22 22:06:21,679] [MainProcess/MainThread/INFO] (shell_startup.py/update) Clearing background
[2024-01-22 22:06:21,679] [MainProcess/MainThread/INFO] (shell_startup.py/update) Creating Sprites...Drawing Background Sprites
[2024-01-22 22:06:21,679] [MainProcess/MainThread/INFO] (shell_startup.py/update) Creating Windows Spites...Drawing Window Sprites
[2024-01-22 22:06:21,697] [MainProcess/MainThread/INFO] (shell_startup.py/update) Clearing background
[2024-01-22 22:06:21,697] [MainProcess/MainThread/INFO] (shell_startup.py/update) Creating Sprites...Drawing Background Sprites
[2024-01-22 22:06:21,697] [MainProcess/MainThread/INFO] (shell_startup.py/update) Creating Windows Spites...Drawing Window Sprites
[2024-01-22 22:06:21,715] [MainProcess/MainThread/INFO] (shell_startup.py/update) Clearing background
[2024-01-22 22:06:21,715] [MainProcess/MainThread/INFO] (shell_startup.py/update) Creating Sprites...Drawing Background Sprites
[2024-01-22 22:06:21,715] [MainProcess/MainThread/INFO] (shell_startup.py/update) Creating Windows Spites...Drawing Window Sprites
[2024-01-22 22:06:21,734] [MainProcess/MainThread/INFO] (shell_startup.py/update) Clearing background
[2024-01-22 22:06:21,734] [MainProcess/MainThread/INFO] (shell_startup.py/update) Creating Sprites...Drawing Background Sprites
[2024-01-22 22:06:21,734] [MainProcess/MainThread/INFO] (shell_startup.py/update) Creating Windows Spites...Drawing Window Sprites
[2024-01-22 22:06:21,752] [MainProcess/MainThread/INFO] (shell_startup.py/update) Clearing background
[2024-01-22 22:06:21,752] [MainProcess/MainThread/INFO] (shell_startup.py/update) Creating Sprites...Drawing Background Sprites
[2024-01-22 22:06:21,752] [MainProcess/MainThread/INFO] (shell_startup.py/update) Creating Windows Spites...Drawing Window Sprites
[2024-01-22 22:06:21,770] [MainProcess/MainThread/INFO] (shell_startup.py/update) Clearing background
[2024-01-22 22:06:21,770] [MainProcess/MainThread/INFO] (shell_startup.py/update) Creating Sprites...Drawing Background Sprites
[2024-01-22 22:06:21,770] [MainProcess/MainThread/INFO] (shell_startup.py/update) Creating Windows Spites...Drawing Window Sprites
[2024-01-22 22:06:21,787] [MainProcess/MainThread/INFO] (shell_startup.py/update) Clearing background
[2024-01-22 22:06:21,787] [MainProcess/MainThread/INFO] (shell_startup.py/update) Creating Sprites...Drawing Background Sprites
[2024-01-22 22:06:21,788] [MainProcess/MainThread/INFO] (shell_startup.py/update) Creating Windows Spites...Drawing Window Sprites
[2024-01-22 22:06:21,806] [MainProcess/MainThread/INFO] (shell_startup.py/update) Clearing background
[2024-01-22 22:06:21,806] [MainProcess/MainThread/INFO] (shell_startup.py/update) Creating Sprites...Drawing Background Sprites
[2024-01-22 22:06:21,806] [MainProcess/MainThread/INFO] (shell_startup.py/update) Creating Windows Spites...Drawing Window Sprites
[2024-01-22 22:06:21,824] [MainProcess/MainThread/INFO] (shell_startup.py/update) Clearing background
[2024-01-22 22:06:21,824] [MainProcess/MainThread/INFO] (shell_startup.py/update) Creating Sprites...Drawing Background Sprites
[2024-01-22 22:06:21,824] [MainProcess/MainThread/INFO] (shell_startup.py/update) Creating Windows Spites...Drawing Window Sprites
[2024-01-22 22:06:21,842] [MainProcess/MainThread/INFO] (shell_startup.py/update) Clearing background
[2024-01-22 22:06:21,842] [MainProcess/MainThread/INFO] (shell_startup.py/update) Creating Sprites...Drawing Background Sprites
[2024-01-22 22:06:21,842] [MainProcess/MainThread/INFO] (shell_startup.py/update) Creating Windows Spites...Drawing Window Sprites
[2024-01-22 22:06:21,860] [MainProcess/MainThread/INFO] (shell_startup.py/update) Clearing background
[2024-01-22 22:06:21,860] [MainProcess/MainThread/INFO] (shell_startup.py/update) Creating Sprites...Drawing Background Sprites
[2024-01-22 22:06:21,860] [MainProcess/MainThread/INFO] (shell_startup.py/update) Creating Windows Spites...Drawing Window Sprites
[2024-01-22 22:06:21,880] [MainProcess/MainThread/INFO] (shell_startup.py/update) Clearing background
[2024-01-22 22:06:21,880] [MainProcess/MainThread/INFO] (shell_startup.py/update) Creating Sprites...Drawing Background Sprites
[2024-01-22 22:06:21,880] [MainProcess/MainThread/INFO] (shell_startup.py/update) Creating Windows Spites...Drawing Window Sprites
[2024-01-22 22:06:21,897] [MainProcess/MainThread/INFO] (shell_startup.py/update) Clearing background
[2024-01-22 22:06:21,897] [MainProcess/MainThread/INFO] (shell_startup.py/update) Creating Sprites...Drawing Background Sprites
[2024-01-22 22:06:21,897] [MainProcess/MainThread/INFO] (shell_startup.py/update) Creating Windows Spites...Drawing Window Sprites
[2024-01-22 22:06:21,914] [MainProcess/MainThread/INFO] (shell_startup.py/update) Clearing background
[2024-01-22 22:06:21,915] [MainProcess/MainThread/INFO] (shell_startup.py/update) Creating Sprites...Drawing Background Sprites
[2024-01-22 22:06:21,915] [MainProcess/MainThread/INFO] (shell_startup.py/update) Creating Windows Spites...Drawing Window Sprites
[2024-01-22 22:06:21,932] [MainProcess/MainThread/INFO] (shell_startup.py/update) Clearing background
[2024-01-22 22:06:21,933] [MainProcess/MainThread/INFO] (shell_startup.py/update) Creating Sprites...Drawing Background Sprites
[2024-01-22 22:06:21,933] [MainProcess/MainThread/INFO] (shell_startup.py/update) Creating Windows Spites...Drawing Window Sprites
[2024-01-22 22:06:21,951] [MainProcess/MainThread/INFO] (shell_startup.py/update) Clearing background
[2024-01-22 22:06:21,952] [MainProcess/MainThread/INFO] (shell_startup.py/update) Creating Sprites...Drawing Background Sprites
[2024-01-22 22:06:21,952] [MainProcess/MainThread/INFO] (shell_startup.py/update) Creating Windows Spites...Drawing Window Sprites
[2024-01-22 22:06:21,969] [MainProcess/MainThread/INFO] (shell_startup.py/update) Clearing background
[2024-01-22 22:06:21,969] [MainProcess/MainThread/INFO] (shell_startup.py/update) Creating Sprites...Drawing Background Sprites
[2024-01-22 22:06:21,969] [MainProcess/MainThread/INFO] (shell_startup.py/update) Creating Windows Spites...Drawing Window Sprites
[2024-01-22 22:06:21,988] [MainProcess/MainThread/INFO] (shell_startup.py/update) Clearing background
[2024-01-22 22:06:21,988] [MainProcess/MainThread/INFO] (shell_startup.py/update) Creating Sprites...Drawing Background Sprites
[2024-01-22 22:06:21,988] [MainProcess/MainThread/INFO] (shell_startup.py/update) Creating Windows Spites...Drawing Window Sprites
[2024-01-22 22:06:22,006] [MainProcess/MainThread/INFO] (shell_startup.py/update) Clearing background
[2024-01-22 22:06:22,006] [MainProcess/MainThread/INFO] (shell_startup.py/update) Creating Sprites...Drawing Background Sprites
[2024-01-22 22:06:22,006] [MainProcess/MainThread/INFO] (shell_startup.py/update) Creating Windows Spites...Drawing Window Sprites
[2024-01-22 22:06:22,024] [MainProcess/MainThread/INFO] (shell_startup.py/update) Clearing background
[2024-01-22 22:06:22,024] [MainProcess/MainThread/INFO] (shell_startup.py/update) Creating Sprites...Drawing Background Sprites
[2024-01-22 22:06:22,024] [MainProcess/MainThread/INFO] (shell_startup.py/update) Creating Windows Spites...Drawing Window Sprites
[2024-01-22 22:06:22,042] [MainProcess/MainThread/INFO] (shell_startup.py/update) Clearing background
[2024-01-22 22:06:22,042] [MainProcess/MainThread/INFO] (shell_startup.py/update) Creating Sprites...Drawing Background Sprites
[2024-01-22 22:06:22,043] [MainProcess/MainThread/INFO] (shell_startup.py/update) Creating Windows Spites...Drawing Window Sprites
[2024-01-22 22:06:22,060] [MainProcess/MainThread/INFO] (shell_startup.py/update) Clearing background
[2024-01-22 22:06:22,061] [MainProcess/MainThread/INFO] (shell_startup.py/update) Creating Sprites...Drawing Background Sprites
[2024-01-22 22:06:22,061] [MainProcess/MainThread/INFO] (shell_startup.py/update) Creating Windows Spites...Drawing Window Sprites
[2024-01-22 22:06:22,079] [MainProcess/MainThread/INFO] (shell_startup.py/update) Clearing background
[2024-01-22 22:06:22,079] [MainProcess/MainThread/INFO] (shell_startup.py/update) Creating Sprites...Drawing Background Sprites
[2024-01-22 22:06:22,079] [MainProcess/MainThread/INFO] (shell_startup.py/update) Creating Windows Spites...Drawing Window Sprites
[2024-01-22 22:06:22,097] [MainProcess/MainThread/INFO] (shell_startup.py/update) Clearing background
[2024-01-22 22:06:22,098] [MainProcess/MainThread/INFO] (shell_startup.py/update) Creating Sprites...Drawing Background Sprites
[2024-01-22 22:06:22,098] [MainProcess/MainThread/INFO] (shell_startup.py/update) Creating Windows Spites...Drawing Window Sprites
[2024-01-22 22:06:22,115] [MainProcess/MainThread/INFO] (shell_startup.py/update) Clearing background
[2024-01-22 22:06:22,115] [MainProcess/MainThread/INFO] (shell_startup.py/update) Creating Sprites...Drawing Background Sprites
[2024-01-22 22:06:22,115] [MainProcess/MainThread/INFO] (shell_startup.py/update) Creating Windows Spites...Drawing Window Sprites
[2024-01-22 22:06:22,133] [MainProcess/MainThread/INFO] (shell_startup.py/update) Clearing background
[2024-01-22 22:06:22,133] [MainProcess/MainThread/INFO] (shell_startup.py/update) Creating Sprites...Drawing Background Sprites
[2024-01-22 22:06:22,133] [MainProcess/MainThread/INFO] (shell_startup.py/update) Creating Windows Spites...Drawing Window Sprites
[2024-01-22 22:06:22,152] [MainProcess/MainThread/INFO] (shell_startup.py/update) Clearing background
[2024-01-22 22:06:22,152] [MainProcess/MainThread/INFO] (shell_startup.py/update) Creating Sprites...Drawing Background Sprites
[2024-01-22 22:06:22,152] [MainProcess/MainThread/INFO] (shell_startup.py/update) Creating Windows Spites...Drawing Window Sprites
[2024-01-22 22:06:22,170] [MainProcess/MainThread/INFO] (shell_startup.py/update) Clearing background
[2024-01-22 22:06:22,170] [MainProcess/MainThread/INFO] (shell_startup.py/update) Creating Sprites...Drawing Background Sprites
[2024-01-22 22:06:22,170] [MainProcess/MainThread/INFO] (shell_startup.py/update) Creating Windows Spites...Drawing Window Sprites
[2024-01-22 22:06:22,188] [MainProcess/MainThread/INFO] (shell_startup.py/update) Clearing background
[2024-01-22 22:06:22,188] [MainProcess/MainThread/INFO] (shell_startup.py/update) Creating Sprites...Drawing Background Sprites
[2024-01-22 22:06:22,188] [MainProcess/MainThread/INFO] (shell_startup.py/update) Creating Windows Spites...Drawing Window Sprites
[2024-01-22 22:06:22,206] [MainProcess/MainThread/INFO] (shell_startup.py/update) Clearing background
[2024-01-22 22:06:22,206] [MainProcess/MainThread/INFO] (shell_startup.py/update) Creating Sprites...Drawing Background Sprites
[2024-01-22 22:06:22,206] [MainProcess/MainThread/INFO] (shell_startup.py/update) Creating Windows Spites...Drawing Window Sprites
[2024-01-22 22:06:22,224] [MainProcess/MainThread/INFO] (shell_startup.py/update) Clearing background
[2024-01-22 22:06:22,225] [MainProcess/MainThread/INFO] (shell_startup.py/update) Creating Sprites...Drawing Background Sprites
[2024-01-22 22:06:22,225] [MainProcess/MainThread/INFO] (shell_startup.py/update) Creating Windows Spites...Drawing Window Sprites
[2024-01-22 22:06:22,243] [MainProcess/MainThread/INFO] (shell_startup.py/update) Clearing background
[2024-01-22 22:06:22,243] [MainProcess/MainThread/INFO] (shell_startup.py/update) Creating Sprites...Drawing Background Sprites
[2024-01-22 22:06:22,243] [MainProcess/MainThread/INFO] (shell_startup.py/update) Creating Windows Spites...Drawing Window Sprites
[2024-01-22 22:06:22,261] [MainProcess/MainThread/INFO] (shell_startup.py/update) Clearing background
[2024-01-22 22:06:22,261] [MainProcess/MainThread/INFO] (shell_startup.py/update) Creating Sprites...Drawing Background Sprites
[2024-01-22 22:06:22,261] [MainProcess/MainThread/INFO] (shell_startup.py/update) Creating Windows Spites...Drawing Window Sprites
[2024-01-22 22:06:22,279] [MainProcess/MainThread/INFO] (shell_startup.py/update) Clearing background
[2024-01-22 22:06:22,279] [MainProcess/MainThread/INFO] (shell_startup.py/update) Creating Sprites...Drawing Background Sprites
[2024-01-22 22:06:22,279] [MainProcess/MainThread/INFO] (shell_startup.py/update) Creating Windows Spites...Drawing Window Sprites
[2024-01-22 22:06:22,297] [MainProcess/MainThread/INFO] (shell_startup.py/update) Clearing background
[2024-01-22 22:06:22,297] [MainProcess/MainThread/INFO] (shell_startup.py/update) Creating Sprites...Drawing Background Sprites
[2024-01-22 22:06:22,297] [MainProcess/MainThread/INFO] (shell_startup.py/update) Creating Windows Spites...Drawing Window Sprites
[2024-01-22 22:06:22,316] [MainProcess/MainThread/INFO] (shell_startup.py/update) Clearing background
[2024-01-22 22:06:22,316] [MainProcess/MainThread/INFO] (shell_startup.py/update) Creating Sprites...Drawing Background Sprites
[2024-01-22 22:06:22,316] [MainProcess/MainThread/INFO] (shell_startup.py/update) Creating Windows Spites...Drawing Window Sprites
[2024-01-22 22:06:22,334] [MainProcess/MainThread/INFO] (shell_startup.py/update) Clearing background
[2024-01-22 22:06:22,334] [MainProcess/MainThread/INFO] (shell_startup.py/update) Creating Sprites...Drawing Background Sprites
[2024-01-22 22:06:22,334] [MainProcess/MainThread/INFO] (shell_startup.py/update) Creating Windows Spites...Drawing Window Sprites
[2024-01-22 22:06:22,352] [MainProcess/MainThread/INFO] (shell_startup.py/update) Clearing background
[2024-01-22 22:06:22,352] [MainProcess/MainThread/INFO] (shell_startup.py/update) Creating Sprites...Drawing Background Sprites
[2024-01-22 22:06:22,352] [MainProcess/MainThread/INFO] (shell_startup.py/update) Creating Windows Spites...Drawing Window Sprites
[2024-01-22 22:06:22,370] [MainProcess/MainThread/INFO] (shell_startup.py/update) Clearing background
[2024-01-22 22:06:22,370] [MainProcess/MainThread/INFO] (shell_startup.py/update) Creating Sprites...Drawing Background Sprites
[2024-01-22 22:06:22,370] [MainProcess/MainThread/INFO] (shell_startup.py/update) Creating Windows Spites...Drawing Window Sprites
[2024-01-22 22:06:22,388] [MainProcess/MainThread/INFO] (shell_startup.py/update) Clearing background
[2024-01-22 22:06:22,388] [MainProcess/MainThread/INFO] (shell_startup.py/update) Creating Sprites...Drawing Background Sprites
[2024-01-22 22:06:22,388] [MainProcess/MainThread/INFO] (shell_startup.py/update) Creating Windows Spites...Drawing Window Sprites
[2024-01-22 22:06:22,407] [MainProcess/MainThread/INFO] (shell_startup.py/update) Clearing background
[2024-01-22 22:06:22,407] [MainProcess/MainThread/INFO] (shell_startup.py/update) Creating Sprites...Drawing Background Sprites
[2024-01-22 22:06:22,407] [MainProcess/MainThread/INFO] (shell_startup.py/update) Creating Windows Spites...Drawing Window Sprites
[2024-01-22 22:06:22,424] [MainProcess/MainThread/INFO] (shell_startup.py/update) Clearing background
[2024-01-22 22:06:22,424] [MainProcess/MainThread/INFO] (shell_startup.py/update) Creating Sprites...Drawing Background Sprites
[2024-01-22 22:06:22,424] [MainProcess/MainThread/INFO] (shell_startup.py/update) Creating Windows Spites...Drawing Window Sprites
[2024-01-22 22:06:22,443] [MainProcess/MainThread/INFO] (shell_startup.py/update) Clearing background
[2024-01-22 22:06:22,443] [MainProcess/MainThread/INFO] (shell_startup.py/update) Creating Sprites...Drawing Background Sprites
[2024-01-22 22:06:22,443] [MainProcess/MainThread/INFO] (shell_startup.py/update) Creating Windows Spites...Drawing Window Sprites
[2024-01-22 22:06:22,461] [MainProcess/MainThread/INFO] (shell_startup.py/update) Clearing background
[2024-01-22 22:06:22,461] [MainProcess/MainThread/INFO] (shell_startup.py/update) Creating Sprites...Drawing Background Sprites
[2024-01-22 22:06:22,461] [MainProcess/MainThread/INFO] (shell_startup.py/update) Creating Windows Spites...Drawing Window Sprites
[2024-01-22 22:06:22,479] [MainProcess/MainThread/INFO] (shell_startup.py/update) Clearing background
[2024-01-22 22:06:22,479] [MainProcess/MainThread/INFO] (shell_startup.py/update) Creating Sprites...Drawing Background Sprites
[2024-01-22 22:06:22,479] [MainProcess/MainThread/INFO] (shell_startup.py/update) Creating Windows Spites...Drawing Window Sprites
[2024-01-22 22:06:22,498] [MainProcess/MainThread/INFO] (shell_startup.py/update) Clearing background
[2024-01-22 22:06:22,498] [MainProcess/MainThread/INFO] (shell_startup.py/update) Creating Sprites...Drawing Background Sprites
[2024-01-22 22:06:22,498] [MainProcess/MainThread/INFO] (shell_startup.py/update) Creating Windows Spites...Drawing Window Sprites
[2024-01-22 22:06:22,516] [MainProcess/MainThread/INFO] (shell_startup.py/update) Clearing background
[2024-01-22 22:06:22,516] [MainProcess/MainThread/INFO] (shell_startup.py/update) Creating Sprites...Drawing Background Sprites
[2024-01-22 22:06:22,516] [MainProcess/MainThread/INFO] (shell_startup.py/update) Creating Windows Spites...Drawing Window Sprites
[2024-01-22 22:06:22,534] [MainProcess/MainThread/INFO] (shell_startup.py/update) Clearing background
[2024-01-22 22:06:22,534] [MainProcess/MainThread/INFO] (shell_startup.py/update) Creating Sprites...Drawing Background Sprites
[2024-01-22 22:06:22,534] [MainProcess/MainThread/INFO] (shell_startup.py/update) Creating Windows Spites...Drawing Window Sprites
[2024-01-22 22:06:22,553] [MainProcess/MainThread/INFO] (shell_startup.py/update) Clearing background
[2024-01-22 22:06:22,553] [MainProcess/MainThread/INFO] (shell_startup.py/update) Creating Sprites...Drawing Background Sprites
[2024-01-22 22:06:22,553] [MainProcess/MainThread/INFO] (shell_startup.py/update) Creating Windows Spites...Drawing Window Sprites
[2024-01-22 22:06:22,572] [MainProcess/MainThread/INFO] (shell_startup.py/update) Clearing background
[2024-01-22 22:06:22,572] [MainProcess/MainThread/INFO] (shell_startup.py/update) Creating Sprites...Drawing Background Sprites
[2024-01-22 22:06:22,572] [MainProcess/MainThread/INFO] (shell_startup.py/update) Creating Windows Spites...Drawing Window Sprites
[2024-01-22 22:06:22,589] [MainProcess/MainThread/INFO] (shell_startup.py/update) Clearing background
[2024-01-22 22:06:22,589] [MainProcess/MainThread/INFO] (shell_startup.py/update) Creating Sprites...Drawing Background Sprites
[2024-01-22 22:06:22,589] [MainProcess/MainThread/INFO] (shell_startup.py/update) Creating Windows Spites...Drawing Window Sprites
[2024-01-22 22:06:22,607] [MainProcess/MainThread/INFO] (shell_startup.py/update) Clearing background
[2024-01-22 22:06:22,607] [MainProcess/MainThread/INFO] (shell_startup.py/update) Creating Sprites...Drawing Background Sprites
[2024-01-22 22:06:22,608] [MainProcess/MainThread/INFO] (shell_startup.py/update) Creating Windows Spites...Drawing Window Sprites
[2024-01-22 22:06:22,625] [MainProcess/MainThread/INFO] (shell_startup.py/update) Clearing background
[2024-01-22 22:06:22,625] [MainProcess/MainThread/INFO] (shell_startup.py/update) Creating Sprites...Drawing Background Sprites
[2024-01-22 22:06:22,625] [MainProcess/MainThread/INFO] (shell_startup.py/update) Creating Windows Spites...Drawing Window Sprites
[2024-01-22 22:06:22,644] [MainProcess/MainThread/INFO] (shell_startup.py/update) Clearing background
[2024-01-22 22:06:22,644] [MainProcess/MainThread/INFO] (shell_startup.py/update) Creating Sprites...Drawing Background Sprites
[2024-01-22 22:06:22,644] [MainProcess/MainThread/INFO] (shell_startup.py/update) Creating Windows Spites...Drawing Window Sprites
[2024-01-22 22:06:22,662] [MainProcess/MainThread/INFO] (shell_startup.py/update) Clearing background
[2024-01-22 22:06:22,662] [MainProcess/MainThread/INFO] (shell_startup.py/update) Creating Sprites...Drawing Background Sprites
[2024-01-22 22:06:22,662] [MainProcess/MainThread/INFO] (shell_startup.py/update) Creating Windows Spites...Drawing Window Sprites
[2024-01-22 22:06:22,680] [MainProcess/MainThread/INFO] (shell_startup.py/update) Clearing background
[2024-01-22 22:06:22,680] [MainProcess/MainThread/INFO] (shell_startup.py/update) Creating Sprites...Drawing Background Sprites
[2024-01-22 22:06:22,680] [MainProcess/MainThread/INFO] (shell_startup.py/update) Creating Windows Spites...Drawing Window Sprites
[2024-01-22 22:06:22,697] [MainProcess/MainThread/INFO] (shell_startup.py/update) Clearing background
[2024-01-22 22:06:22,698] [MainProcess/MainThread/INFO] (shell_startup.py/update) Creating Sprites...Drawing Background Sprites
[2024-01-22 22:06:22,698] [MainProcess/MainThread/INFO] (shell_startup.py/update) Creating Windows Spites...Drawing Window Sprites
[2024-01-22 22:06:22,716] [MainProcess/MainThread/INFO] (shell_startup.py/update) Clearing background
[2024-01-22 22:06:22,716] [MainProcess/MainThread/INFO] (shell_startup.py/update) Creating Sprites...Drawing Background Sprites
[2024-01-22 22:06:22,716] [MainProcess/MainThread/INFO] (shell_startup.py/update) Creating Windows Spites...Drawing Window Sprites
[2024-01-22 22:06:22,734] [MainProcess/MainThread/INFO] (shell_startup.py/update) Clearing background
[2024-01-22 22:06:22,734] [MainProcess/MainThread/INFO] (shell_startup.py/update) Creating Sprites...Drawing Background Sprites
[2024-01-22 22:06:22,734] [MainProcess/MainThread/INFO] (shell_startup.py/update) Creating Windows Spites...Drawing Window Sprites
[2024-01-22 22:06:22,753] [MainProcess/MainThread/INFO] (shell_startup.py/update) Clearing background
[2024-01-22 22:06:22,753] [MainProcess/MainThread/INFO] (shell_startup.py/update) Creating Sprites...Drawing Background Sprites
[2024-01-22 22:06:22,753] [MainProcess/MainThread/INFO] (shell_startup.py/update) Creating Windows Spites...Drawing Window Sprites
[2024-01-22 22:06:22,770] [MainProcess/MainThread/INFO] (shell_startup.py/update) Clearing background
[2024-01-22 22:06:22,771] [MainProcess/MainThread/INFO] (shell_startup.py/update) Creating Sprites...Drawing Background Sprites
[2024-01-22 22:06:22,771] [MainProcess/MainThread/INFO] (shell_startup.py/update) Creating Windows Spites...Drawing Window Sprites
[2024-01-22 22:06:22,789] [MainProcess/MainThread/INFO] (shell_startup.py/update) Clearing background
[2024-01-22 22:06:22,789] [MainProcess/MainThread/INFO] (shell_startup.py/update) Creating Sprites...Drawing Background Sprites
[2024-01-22 22:06:22,789] [MainProcess/MainThread/INFO] (shell_startup.py/update) Creating Windows Spites...Drawing Window Sprites
[2024-01-22 22:06:22,807] [MainProcess/MainThread/INFO] (shell_startup.py/update) Clearing background
[2024-01-22 22:06:22,807] [MainProcess/MainThread/INFO] (shell_startup.py/update) Creating Sprites...Drawing Background Sprites
[2024-01-22 22:06:22,807] [MainProcess/MainThread/INFO] (shell_startup.py/update) Creating Windows Spites...Drawing Window Sprites
[2024-01-22 22:06:22,824] [MainProcess/MainThread/INFO] (shell_startup.py/update) Clearing background
[2024-01-22 22:06:22,826] [MainProcess/MainThread/INFO] (shell_startup.py/update) Creating Sprites...Drawing Background Sprites
[2024-01-22 22:06:22,826] [MainProcess/MainThread/INFO] (shell_startup.py/update) Creating Windows Spites...Drawing Window Sprites
[2024-01-22 22:06:22,843] [MainProcess/MainThread/INFO] (shell_startup.py/update) Clearing background
[2024-01-22 22:06:22,843] [MainProcess/MainThread/INFO] (shell_startup.py/update) Creating Sprites...Drawing Background Sprites
[2024-01-22 22:06:22,843] [MainProcess/MainThread/INFO] (shell_startup.py/update) Creating Windows Spites...Drawing Window Sprites
[2024-01-22 22:06:22,862] [MainProcess/MainThread/INFO] (shell_startup.py/update) Clearing background
[2024-01-22 22:06:22,862] [MainProcess/MainThread/INFO] (shell_startup.py/update) Creating Sprites...Drawing Background Sprites
[2024-01-22 22:06:22,862] [MainProcess/MainThread/INFO] (shell_startup.py/update) Creating Windows Spites...Drawing Window Sprites
[2024-01-22 22:06:22,880] [MainProcess/MainThread/INFO] (shell_startup.py/update) Clearing background
[2024-01-22 22:06:22,880] [MainProcess/MainThread/INFO] (shell_startup.py/update) Creating Sprites...Drawing Background Sprites
[2024-01-22 22:06:22,880] [MainProcess/MainThread/INFO] (shell_startup.py/update) Creating Windows Spites...Drawing Window Sprites
[2024-01-22 22:06:22,898] [MainProcess/MainThread/INFO] (shell_startup.py/update) Clearing background
[2024-01-22 22:06:22,898] [MainProcess/MainThread/INFO] (shell_startup.py/update) Creating Sprites...Drawing Background Sprites
[2024-01-22 22:06:22,899] [MainProcess/MainThread/INFO] (shell_startup.py/update) Creating Windows Spites...Drawing Window Sprites
[2024-01-22 22:06:22,916] [MainProcess/MainThread/INFO] (shell_startup.py/update) Clearing background
[2024-01-22 22:06:22,917] [MainProcess/MainThread/INFO] (shell_startup.py/update) Creating Sprites...Drawing Background Sprites
[2024-01-22 22:06:22,917] [MainProcess/MainThread/INFO] (shell_startup.py/update) Creating Windows Spites...Drawing Window Sprites
[2024-01-22 22:06:22,935] [MainProcess/MainThread/INFO] (shell_startup.py/update) Clearing background
[2024-01-22 22:06:22,935] [MainProcess/MainThread/INFO] (shell_startup.py/update) Creating Sprites...Drawing Background Sprites
[2024-01-22 22:06:22,935] [MainProcess/MainThread/INFO] (shell_startup.py/update) Creating Windows Spites...Drawing Window Sprites
[2024-01-22 22:06:22,953] [MainProcess/MainThread/INFO] (shell_startup.py/update) Clearing background
[2024-01-22 22:06:22,953] [MainProcess/MainThread/INFO] (shell_startup.py/update) Creating Sprites...Drawing Background Sprites
[2024-01-22 22:06:22,953] [MainProcess/MainThread/INFO] (shell_startup.py/update) Creating Windows Spites...Drawing Window Sprites
[2024-01-22 22:06:22,971] [MainProcess/MainThread/INFO] (shell_startup.py/update) Clearing background
[2024-01-22 22:06:22,971] [MainProcess/MainThread/INFO] (shell_startup.py/update) Creating Sprites...Drawing Background Sprites
[2024-01-22 22:06:22,971] [MainProcess/MainThread/INFO] (shell_startup.py/update) Creating Windows Spites...Drawing Window Sprites
[2024-01-22 22:06:22,989] [MainProcess/MainThread/INFO] (shell_startup.py/update) Clearing background
[2024-01-22 22:06:22,989] [MainProcess/MainThread/INFO] (shell_startup.py/update) Creating Sprites...Drawing Background Sprites
[2024-01-22 22:06:22,989] [MainProcess/MainThread/INFO] (shell_startup.py/update) Creating Windows Spites...Drawing Window Sprites
[2024-01-22 22:06:23,007] [MainProcess/MainThread/INFO] (shell_startup.py/update) Clearing background
[2024-01-22 22:06:23,007] [MainProcess/MainThread/INFO] (shell_startup.py/update) Creating Sprites...Drawing Background Sprites
[2024-01-22 22:06:23,007] [MainProcess/MainThread/INFO] (shell_startup.py/update) Creating Windows Spites...Drawing Window Sprites
[2024-01-22 22:06:23,026] [MainProcess/MainThread/INFO] (shell_startup.py/update) Clearing background
[2024-01-22 22:06:23,026] [MainProcess/MainThread/INFO] (shell_startup.py/update) Creating Sprites...Drawing Background Sprites
[2024-01-22 22:06:23,026] [MainProcess/MainThread/INFO] (shell_startup.py/update) Creating Windows Spites...Drawing Window Sprites
[2024-01-22 22:06:23,043] [MainProcess/MainThread/INFO] (shell_startup.py/update) Clearing background
[2024-01-22 22:06:23,044] [MainProcess/MainThread/INFO] (shell_startup.py/update) Creating Sprites...Drawing Background Sprites
[2024-01-22 22:06:23,044] [MainProcess/MainThread/INFO] (shell_startup.py/update) Creating Windows Spites...Drawing Window Sprites
[2024-01-22 22:06:23,063] [MainProcess/MainThread/INFO] (shell_startup.py/update) Clearing background
[2024-01-22 22:06:23,063] [MainProcess/MainThread/INFO] (shell_startup.py/update) Creating Sprites...Drawing Background Sprites
[2024-01-22 22:06:23,063] [MainProcess/MainThread/INFO] (shell_startup.py/update) Creating Windows Spites...Drawing Window Sprites
[2024-01-22 22:06:23,081] [MainProcess/MainThread/INFO] (shell_startup.py/update) Clearing background
[2024-01-22 22:06:23,081] [MainProcess/MainThread/INFO] (shell_startup.py/update) Creating Sprites...Drawing Background Sprites
[2024-01-22 22:06:23,081] [MainProcess/MainThread/INFO] (shell_startup.py/update) Creating Windows Spites...Drawing Window Sprites
[2024-01-22 22:06:23,099] [MainProcess/MainThread/INFO] (shell_startup.py/update) Clearing background
[2024-01-22 22:06:23,100] [MainProcess/MainThread/INFO] (shell_startup.py/update) Creating Sprites...Drawing Background Sprites
[2024-01-22 22:06:23,100] [MainProcess/MainThread/INFO] (shell_startup.py/update) Creating Windows Spites...Drawing Window Sprites
[2024-01-22 22:06:23,117] [MainProcess/MainThread/INFO] (shell_startup.py/update) Clearing background
[2024-01-22 22:06:23,117] [MainProcess/MainThread/INFO] (shell_startup.py/update) Creating Sprites...Drawing Background Sprites
[2024-01-22 22:06:23,117] [MainProcess/MainThread/INFO] (shell_startup.py/update) Creating Windows Spites...Drawing Window Sprites
[2024-01-22 22:06:23,135] [MainProcess/MainThread/INFO] (shell_startup.py/update) Clearing background
[2024-01-22 22:06:23,135] [MainProcess/MainThread/INFO] (shell_startup.py/update) Creating Sprites...Drawing Background Sprites
[2024-01-22 22:06:23,135] [MainProcess/MainThread/INFO] (shell_startup.py/update) Creating Windows Spites...Drawing Window Sprites
[2024-01-22 22:06:23,153] [MainProcess/MainThread/INFO] (shell_startup.py/update) Clearing background
[2024-01-22 22:06:23,153] [MainProcess/MainThread/INFO] (shell_startup.py/update) Creating Sprites...Drawing Background Sprites
[2024-01-22 22:06:23,153] [MainProcess/MainThread/INFO] (shell_startup.py/update) Creating Windows Spites...Drawing Window Sprites
[2024-01-22 22:06:23,172] [MainProcess/MainThread/INFO] (shell_startup.py/update) Clearing background
[2024-01-22 22:06:23,172] [MainProcess/MainThread/INFO] (shell_startup.py/update) Creating Sprites...Drawing Background Sprites
[2024-01-22 22:06:23,172] [MainProcess/MainThread/INFO] (shell_startup.py/update) Creating Windows Spites...Drawing Window Sprites
[2024-01-22 22:06:23,190] [MainProcess/MainThread/INFO] (shell_startup.py/update) Clearing background
[2024-01-22 22:06:23,190] [MainProcess/MainThread/INFO] (shell_startup.py/update) Creating Sprites...Drawing Background Sprites
[2024-01-22 22:06:23,190] [MainProcess/MainThread/INFO] (shell_startup.py/update) Creating Windows Spites...Drawing Window Sprites
[2024-01-22 22:06:23,208] [MainProcess/MainThread/INFO] (shell_startup.py/update) Clearing background
[2024-01-22 22:06:23,209] [MainProcess/MainThread/INFO] (shell_startup.py/update) Creating Sprites...Drawing Background Sprites
[2024-01-22 22:06:23,209] [MainProcess/MainThread/INFO] (shell_startup.py/update) Creating Windows Spites...Drawing Window Sprites
[2024-01-22 22:06:23,226] [MainProcess/MainThread/INFO] (shell_startup.py/update) Clearing background
[2024-01-22 22:06:23,226] [MainProcess/MainThread/INFO] (shell_startup.py/update) Creating Sprites...Drawing Background Sprites
[2024-01-22 22:06:23,227] [MainProcess/MainThread/INFO] (shell_startup.py/update) Creating Windows Spites...Drawing Window Sprites
[2024-01-22 22:06:23,244] [MainProcess/MainThread/INFO] (shell_startup.py/update) Clearing background
[2024-01-22 22:06:23,244] [MainProcess/MainThread/INFO] (shell_startup.py/update) Creating Sprites...Drawing Background Sprites
[2024-01-22 22:06:23,244] [MainProcess/MainThread/INFO] (shell_startup.py/update) Creating Windows Spites...Drawing Window Sprites
[2024-01-22 22:06:23,263] [MainProcess/MainThread/INFO] (shell_startup.py/update) Clearing background
[2024-01-22 22:06:23,263] [MainProcess/MainThread/INFO] (shell_startup.py/update) Creating Sprites...Drawing Background Sprites
[2024-01-22 22:06:23,263] [MainProcess/MainThread/INFO] (shell_startup.py/update) Creating Windows Spites...Drawing Window Sprites
[2024-01-22 22:06:23,280] [MainProcess/MainThread/INFO] (shell_startup.py/update) Clearing background
[2024-01-22 22:06:23,281] [MainProcess/MainThread/INFO] (shell_startup.py/update) Creating Sprites...Drawing Background Sprites
[2024-01-22 22:06:23,281] [MainProcess/MainThread/INFO] (shell_startup.py/update) Creating Windows Spites...Drawing Window Sprites
[2024-01-22 22:06:23,298] [MainProcess/MainThread/INFO] (shell_startup.py/update) Clearing background
[2024-01-22 22:06:23,299] [MainProcess/MainThread/INFO] (shell_startup.py/update) Creating Sprites...Drawing Background Sprites
[2024-01-22 22:06:23,299] [MainProcess/MainThread/INFO] (shell_startup.py/update) Creating Windows Spites...Drawing Window Sprites
[2024-01-22 22:06:23,317] [MainProcess/MainThread/INFO] (shell_startup.py/update) Clearing background
[2024-01-22 22:06:23,317] [MainProcess/MainThread/INFO] (shell_startup.py/update) Creating Sprites...Drawing Background Sprites
[2024-01-22 22:06:23,317] [MainProcess/MainThread/INFO] (shell_startup.py/update) Creating Windows Spites...Drawing Window Sprites
[2024-01-22 22:06:23,336] [MainProcess/MainThread/INFO] (shell_startup.py/update) Clearing background
[2024-01-22 22:06:23,336] [MainProcess/MainThread/INFO] (shell_startup.py/update) Creating Sprites...Drawing Background Sprites
[2024-01-22 22:06:23,336] [MainProcess/MainThread/INFO] (shell_startup.py/update) Creating Windows Spites...Drawing Window Sprites
[2024-01-22 22:06:23,353] [MainProcess/MainThread/INFO] (shell_startup.py/update) Clearing background
[2024-01-22 22:06:23,354] [MainProcess/MainThread/INFO] (shell_startup.py/update) Creating Sprites...Drawing Background Sprites
[2024-01-22 22:06:23,354] [MainProcess/MainThread/INFO] (shell_startup.py/update) Creating Windows Spites...Drawing Window Sprites
[2024-01-22 22:06:23,371] [MainProcess/MainThread/INFO] (shell_startup.py/update) Clearing background
[2024-01-22 22:06:23,371] [MainProcess/MainThread/INFO] (shell_startup.py/update) Creating Sprites...Drawing Background Sprites
[2024-01-22 22:06:23,371] [MainProcess/MainThread/INFO] (shell_startup.py/update) Creating Windows Spites...Drawing Window Sprites
[2024-01-22 22:06:23,390] [MainProcess/MainThread/INFO] (shell_startup.py/update) Clearing background
[2024-01-22 22:06:23,390] [MainProcess/MainThread/INFO] (shell_startup.py/update) Creating Sprites...Drawing Background Sprites
[2024-01-22 22:06:23,390] [MainProcess/MainThread/INFO] (shell_startup.py/update) Creating Windows Spites...Drawing Window Sprites
[2024-01-22 22:06:23,407] [MainProcess/MainThread/INFO] (shell_startup.py/update) Clearing background
[2024-01-22 22:06:23,407] [MainProcess/MainThread/INFO] (shell_startup.py/update) Creating Sprites...Drawing Background Sprites
[2024-01-22 22:06:23,407] [MainProcess/MainThread/INFO] (shell_startup.py/update) Creating Windows Spites...Drawing Window Sprites
[2024-01-22 22:06:23,426] [MainProcess/MainThread/INFO] (shell_startup.py/update) Clearing background
[2024-01-22 22:06:23,426] [MainProcess/MainThread/INFO] (shell_startup.py/update) Creating Sprites...Drawing Background Sprites
[2024-01-22 22:06:23,426] [MainProcess/MainThread/INFO] (shell_startup.py/update) Creating Windows Spites...Drawing Window Sprites
[2024-01-22 22:06:23,444] [MainProcess/MainThread/INFO] (shell_startup.py/update) Clearing background
[2024-01-22 22:06:23,444] [MainProcess/MainThread/INFO] (shell_startup.py/update) Creating Sprites...Drawing Background Sprites
[2024-01-22 22:06:23,444] [MainProcess/MainThread/INFO] (shell_startup.py/update) Creating Windows Spites...Drawing Window Sprites
[2024-01-22 22:06:23,463] [MainProcess/MainThread/INFO] (shell_startup.py/update) Clearing background
[2024-01-22 22:06:23,463] [MainProcess/MainThread/INFO] (shell_startup.py/update) Creating Sprites...Drawing Background Sprites
[2024-01-22 22:06:23,463] [MainProcess/MainThread/INFO] (shell_startup.py/update) Creating Windows Spites...Drawing Window Sprites
[2024-01-22 22:06:23,481] [MainProcess/MainThread/INFO] (shell_startup.py/update) Clearing background
[2024-01-22 22:06:23,481] [MainProcess/MainThread/INFO] (shell_startup.py/update) Creating Sprites...Drawing Background Sprites
[2024-01-22 22:06:23,481] [MainProcess/MainThread/INFO] (shell_startup.py/update) Creating Windows Spites...Drawing Window Sprites
[2024-01-22 22:06:23,499] [MainProcess/MainThread/INFO] (shell_startup.py/update) Clearing background
[2024-01-22 22:06:23,499] [MainProcess/MainThread/INFO] (shell_startup.py/update) Creating Sprites...Drawing Background Sprites
[2024-01-22 22:06:23,499] [MainProcess/MainThread/INFO] (shell_startup.py/update) Creating Windows Spites...Drawing Window Sprites
[2024-01-22 22:06:23,517] [MainProcess/MainThread/INFO] (shell_startup.py/update) Clearing background
[2024-01-22 22:06:23,517] [MainProcess/MainThread/INFO] (shell_startup.py/update) Creating Sprites...Drawing Background Sprites
[2024-01-22 22:06:23,517] [MainProcess/MainThread/INFO] (shell_startup.py/update) Creating Windows Spites...Drawing Window Sprites
[2024-01-22 22:06:23,535] [MainProcess/MainThread/INFO] (shell_startup.py/update) Clearing background
[2024-01-22 22:06:23,535] [MainProcess/MainThread/INFO] (shell_startup.py/update) Creating Sprites...Drawing Background Sprites
[2024-01-22 22:06:23,535] [MainProcess/MainThread/INFO] (shell_startup.py/update) Creating Windows Spites...Drawing Window Sprites
[2024-01-22 22:06:23,553] [MainProcess/MainThread/INFO] (shell_startup.py/update) Clearing background
[2024-01-22 22:06:23,553] [MainProcess/MainThread/INFO] (shell_startup.py/update) Creating Sprites...Drawing Background Sprites
[2024-01-22 22:06:23,553] [MainProcess/MainThread/INFO] (shell_startup.py/update) Creating Windows Spites...Drawing Window Sprites
[2024-01-22 22:06:23,572] [MainProcess/MainThread/INFO] (shell_startup.py/update) Clearing background
[2024-01-22 22:06:23,572] [MainProcess/MainThread/INFO] (shell_startup.py/update) Creating Sprites...Drawing Background Sprites
[2024-01-22 22:06:23,572] [MainProcess/MainThread/INFO] (shell_startup.py/update) Creating Windows Spites...Drawing Window Sprites
[2024-01-22 22:06:23,590] [MainProcess/MainThread/INFO] (shell_startup.py/update) Clearing background
[2024-01-22 22:06:23,590] [MainProcess/MainThread/INFO] (shell_startup.py/update) Creating Sprites...Drawing Background Sprites
[2024-01-22 22:06:23,590] [MainProcess/MainThread/INFO] (shell_startup.py/update) Creating Windows Spites...Drawing Window Sprites
[2024-01-22 22:06:23,608] [MainProcess/MainThread/INFO] (shell_startup.py/update) Clearing background
[2024-01-22 22:06:23,608] [MainProcess/MainThread/INFO] (shell_startup.py/update) Creating Sprites...Drawing Background Sprites
[2024-01-22 22:06:23,608] [MainProcess/MainThread/INFO] (shell_startup.py/update) Creating Windows Spites...Drawing Window Sprites
[2024-01-22 22:06:23,626] [MainProcess/MainThread/INFO] (shell_startup.py/update) Clearing background
[2024-01-22 22:06:23,626] [MainProcess/MainThread/INFO] (shell_startup.py/update) Creating Sprites...Drawing Background Sprites
[2024-01-22 22:06:23,626] [MainProcess/MainThread/INFO] (shell_startup.py/update) Creating Windows Spites...Drawing Window Sprites
[2024-01-22 22:06:23,645] [MainProcess/MainThread/INFO] (shell_startup.py/update) Clearing background
[2024-01-22 22:06:23,645] [MainProcess/MainThread/INFO] (shell_startup.py/update) Creating Sprites...Drawing Background Sprites
[2024-01-22 22:06:23,645] [MainProcess/MainThread/INFO] (shell_startup.py/update) Creating Windows Spites...Drawing Window Sprites
[2024-01-22 22:06:23,662] [MainProcess/MainThread/INFO] (shell_startup.py/update) Clearing background
[2024-01-22 22:06:23,662] [MainProcess/MainThread/INFO] (shell_startup.py/update) Creating Sprites...Drawing Background Sprites
[2024-01-22 22:06:23,662] [MainProcess/MainThread/INFO] (shell_startup.py/update) Creating Windows Spites...Drawing Window Sprites
[2024-01-22 22:06:23,681] [MainProcess/MainThread/INFO] (shell_startup.py/update) Clearing background
[2024-01-22 22:06:23,681] [MainProcess/MainThread/INFO] (shell_startup.py/update) Creating Sprites...Drawing Background Sprites
[2024-01-22 22:06:23,681] [MainProcess/MainThread/INFO] (shell_startup.py/update) Creating Windows Spites...Drawing Window Sprites
[2024-01-22 22:06:23,699] [MainProcess/MainThread/INFO] (shell_startup.py/update) Clearing background
[2024-01-22 22:06:23,699] [MainProcess/MainThread/INFO] (shell_startup.py/update) Creating Sprites...Drawing Background Sprites
[2024-01-22 22:06:23,699] [MainProcess/MainThread/INFO] (shell_startup.py/update) Creating Windows Spites...Drawing Window Sprites
[2024-01-22 22:06:23,718] [MainProcess/MainThread/INFO] (shell_startup.py/update) Clearing background
[2024-01-22 22:06:23,718] [MainProcess/MainThread/INFO] (shell_startup.py/update) Creating Sprites...Drawing Background Sprites
[2024-01-22 22:06:23,718] [MainProcess/MainThread/INFO] (shell_startup.py/update) Creating Windows Spites...Drawing Window Sprites
[2024-01-22 22:06:23,736] [MainProcess/MainThread/INFO] (shell_startup.py/update) Clearing background
[2024-01-22 22:06:23,736] [MainProcess/MainThread/INFO] (shell_startup.py/update) Creating Sprites...Drawing Background Sprites
[2024-01-22 22:06:23,736] [MainProcess/MainThread/INFO] (shell_startup.py/update) Creating Windows Spites...Drawing Window Sprites
[2024-01-22 22:06:23,754] [MainProcess/MainThread/INFO] (shell_startup.py/update) Clearing background
[2024-01-22 22:06:23,754] [MainProcess/MainThread/INFO] (shell_startup.py/update) Creating Sprites...Drawing Background Sprites
[2024-01-22 22:06:23,754] [MainProcess/MainThread/INFO] (shell_startup.py/update) Creating Windows Spites...Drawing Window Sprites
