[LOGS]
[2024-01-22 22:13:16,488] [MainProcess/MainThread/INFO] (shell_startup.py/update) Clearing background
[2024-01-22 22:13:16,489] [MainProcess/MainThread/INFO] (shell_startup.py/update) Creating Sprites...Drawing Background Sprites
[2024-01-22 22:13:16,489] [MainProcess/MainThread/INFO] (shell_startup.py/update) Creating Windows Spites...Drawing Window Sprites
[2024-01-22 22:13:16,503] [MainProcess/MainThread/INFO] (shell_startup.py/update) Clearing background
[2024-01-22 22:13:16,503] [MainProcess/MainThread/INFO] (shell_startup.py/update) Creating Sprites...Drawing Background Sprites
[2024-01-22 22:13:16,503] [MainProcess/MainThread/INFO] (shell_startup.py/update) Creating Windows Spites...Drawing Window Sprites
[2024-01-22 22:13:16,521] [MainProcess/MainThread/INFO] (shell_startup.py/update) Clearing background
[2024-01-22 22:13:16,521] [MainProcess/MainThread/INFO] (shell_startup.py/update) Creating Sprites...Drawing Background Sprites
[2024-01-22 22:13:16,521] [MainProcess/MainThread/INFO] (shell_startup.py/update) Creating Windows Spites...Drawing Window Sprites
[2024-01-22 22:13:16,540] [MainProcess/MainThread/INFO] (shell_startup.py/update) Clearing background
[2024-01-22 22:13:16,540] [MainProcess/MainThread/INFO] (shell_startup.py/update) Creating Sprites...Drawing Background Sprites
[2024-01-22 22:13:16,540] [MainProcess/MainThread/INFO] (shell_startup.py/update) Creating Windows Spites...Drawing Window Sprites
[2024-01-22 22:13:16,558] [MainProcess/MainThread/INFO] (shell_startup.py/update) Clearing background
[2024-01-22 22:13:16,558] [MainProcess/MainThread/INFO] (shell_startup.py/update) Creating Sprites...Drawing Background Sprites
[2024-01-22 22:13:16,558] [MainProcess/MainThread/INFO] (shell_startup.py/update) Creating Windows Spites...Drawing Window Sprites
[2024-01-22 22:13:16,575] [MainProcess/MainThread/INFO] (shell_startup.py/update) Clearing background
[2024-01-22 22:13:16,575] [MainProcess/MainThread/INFO] (shell_startup.py/update) Creating Sprites...Drawing Background Sprites
[2024-01-22 22:13:16,575] [MainProcess/MainThread/INFO] (shell_startup.py/update) Creating Windows Spites...Drawing Window Sprites
[2024-01-22 22:13:16,594] [MainProcess/MainThread/INFO] (shell_startup.py/update) Clearing background
[2024-01-22 22:13:16,595] [MainProcess/MainThread/INFO] (shell_startup.py/update) Creating Sprites...Drawing Background Sprites
[2024-01-22 22:13:16,595] [MainProcess/MainThread/INFO] (shell_startup.py/update) Creating Windows Spites...Drawing Window Sprites
[2024-01-22 22:13:16,612] [MainProcess/MainThread/INFO] (shell_startup.py/update) Clearing background
[2024-01-22 22:13:16,612] [MainProcess/MainThread/INFO] (shell_startup.py/update) Creating Sprites...Drawing Background Sprites
[2024-01-22 22:13:16,612] [MainProcess/MainThread/INFO] (shell_startup.py/update) Creating Windows Spites...Drawing Window Sprites
[2024-01-22 22:13:16,630] [MainProcess/MainThread/INFO] (shell_startup.py/update) Clearing background
[2024-01-22 22:13:16,630] [MainProcess/MainThread/INFO] (shell_startup.py/update) Creating Sprites...Drawing Background Sprites
[2024-01-22 22:13:16,630] [MainProcess/MainThread/INFO] (shell_startup.py/update) Creating Windows Spites...Drawing Window Sprites
[2024-01-22 22:13:16,648] [MainProcess/MainThread/INFO] (shell_startup.py/update) Clearing background
[2024-01-22 22:13:16,648] [MainProcess/MainThread/INFO] (shell_startup.py/update) Creating Sprites...Drawing Background Sprites
[2024-01-22 22:13:16,648] [MainProcess/MainThread/INFO] (shell_startup.py/update) Creating Windows Spites...Drawing Window Sprites
[2024-01-22 22:13:16,667] [MainProcess/MainThread/INFO] (shell_startup.py/update) Clearing background
[2024-01-22 22:13:16,667] [MainProcess/MainThread/INFO] (shell_startup.py/update) Creating Sprites...Drawing Background Sprites
[2024-01-22 22:13:16,667] [MainProcess/MainThread/INFO] (shell_startup.py/update) Creating Windows Spites...Drawing Window Sprites
[2024-01-22 22:13:16,686] [MainProcess/MainThread/INFO] (shell_startup.py/update) Clearing background
[2024-01-22 22:13:16,686] [MainProcess/MainThread/INFO] (shell_startup.py/update) Creating Sprites...Drawing Background Sprites
[2024-01-22 22:13:16,686] [MainProcess/MainThread/INFO] (shell_startup.py/update) Creating Windows Spites...Drawing Window Sprites
[2024-01-22 22:13:16,702] [MainProcess/MainThread/INFO] (shell_startup.py/update) Clearing background
[2024-01-22 22:13:16,702] [MainProcess/MainThread/INFO] (shell_startup.py/update) Creating Sprites...Drawing Background Sprites
[2024-01-22 22:13:16,702] [MainProcess/MainThread/INFO] (shell_startup.py/update) Creating Windows Spites...Drawing Window Sprites
[2024-01-22 22:13:16,721] [MainProcess/MainThread/INFO] (shell_startup.py/update) Clearing background
[2024-01-22 22:13:16,721] [MainProcess/MainThread/INFO] (shell_startup.py/update) Creating Sprites...Drawing Background Sprites
[2024-01-22 22:13:16,721] [MainProcess/MainThread/INFO] (shell_startup.py/update) Creating Windows Spites...Drawing Window Sprites
[2024-01-22 22:13:16,738] [MainProcess/MainThread/INFO] (shell_startup.py/update) Clearing background
[2024-01-22 22:13:16,738] [MainProcess/MainThread/INFO] (shell_startup.py/update) Creating Sprites...Drawing Background Sprites
[2024-01-22 22:13:16,738] [MainProcess/MainThread/INFO] (shell_startup.py/update) Creating Windows Spites...Drawing Window Sprites
[2024-01-22 22:13:16,756] [MainProcess/MainThread/INFO] (shell_startup.py/update) Clearing background
[2024-01-22 22:13:16,756] [MainProcess/MainThread/INFO] (shell_startup.py/update) Creating Sprites...Drawing Background Sprites
[2024-01-22 22:13:16,757] [MainProcess/MainThread/INFO] (shell_startup.py/update) Creating Windows Spites...Drawing Window Sprites
[2024-01-22 22:13:16,775] [MainProcess/MainThread/INFO] (shell_startup.py/update) Clearing background
[2024-01-22 22:13:16,776] [MainProcess/MainThread/INFO] (shell_startup.py/update) Creating Sprites...Drawing Background Sprites
[2024-01-22 22:13:16,776] [MainProcess/MainThread/INFO] (shell_startup.py/update) Creating Windows Spites...Drawing Window Sprites
[2024-01-22 22:13:16,793] [MainProcess/MainThread/INFO] (shell_startup.py/update) Clearing background
[2024-01-22 22:13:16,794] [MainProcess/MainThread/INFO] (shell_startup.py/update) Creating Sprites...Drawing Background Sprites
[2024-01-22 22:13:16,794] [MainProcess/MainThread/INFO] (shell_startup.py/update) Creating Windows Spites...Drawing Window Sprites
[2024-01-22 22:13:16,811] [MainProcess/MainThread/INFO] (shell_startup.py/update) Clearing background
[2024-01-22 22:13:16,812] [MainProcess/MainThread/INFO] (shell_startup.py/update) Creating Sprites...Drawing Background Sprites
[2024-01-22 22:13:16,812] [MainProcess/MainThread/INFO] (shell_startup.py/update) Creating Windows Spites...Drawing Window Sprites
[2024-01-22 22:13:16,830] [MainProcess/MainThread/INFO] (shell_startup.py/update) Clearing background
[2024-01-22 22:13:16,830] [MainProcess/MainThread/INFO] (shell_startup.py/update) Creating Sprites...Drawing Background Sprites
[2024-01-22 22:13:16,830] [MainProcess/MainThread/INFO] (shell_startup.py/update) Creating Windows Spites...Drawing Window Sprites
[2024-01-22 22:13:16,847] [MainProcess/MainThread/INFO] (shell_startup.py/update) Clearing background
[2024-01-22 22:13:16,847] [MainProcess/MainThread/INFO] (shell_startup.py/update) Creating Sprites...Drawing Background Sprites
[2024-01-22 22:13:16,847] [MainProcess/MainThread/INFO] (shell_startup.py/update) Creating Windows Spites...Drawing Window Sprites
[2024-01-22 22:13:16,866] [MainProcess/MainThread/INFO] (shell_startup.py/update) Clearing background
[2024-01-22 22:13:16,866] [MainProcess/MainThread/INFO] (shell_startup.py/update) Creating Sprites...Drawing Background Sprites
[2024-01-22 22:13:16,866] [MainProcess/MainThread/INFO] (shell_startup.py/update) Creating Windows Spites...Drawing Window Sprites
[2024-01-22 22:13:16,885] [MainProcess/MainThread/INFO] (shell_startup.py/update) Clearing background
[2024-01-22 22:13:16,885] [MainProcess/MainThread/INFO] (shell_startup.py/update) Creating Sprites...Drawing Background Sprites
[2024-01-22 22:13:16,885] [MainProcess/MainThread/INFO] (shell_startup.py/update) Creating Windows Spites...Drawing Window Sprites
[2024-01-22 22:13:16,902] [MainProcess/MainThread/INFO] (shell_startup.py/update) Clearing background
[2024-01-22 22:13:16,902] [MainProcess/MainThread/INFO] (shell_startup.py/update) Creating Sprites...Drawing Background Sprites
[2024-01-22 22:13:16,902] [MainProcess/MainThread/INFO] (shell_startup.py/update) Creating Windows Spites...Drawing Window Sprites
[2024-01-22 22:13:16,920] [MainProcess/MainThread/INFO] (shell_startup.py/update) Clearing background
[2024-01-22 22:13:16,921] [MainProcess/MainThread/INFO] (shell_startup.py/update) Creating Sprites...Drawing Background Sprites
[2024-01-22 22:13:16,921] [MainProcess/MainThread/INFO] (shell_startup.py/update) Creating Windows Spites...Drawing Window Sprites
[2024-01-22 22:13:16,939] [MainProcess/MainThread/INFO] (shell_startup.py/update) Clearing background
[2024-01-22 22:13:16,939] [MainProcess/MainThread/INFO] (shell_startup.py/update) Creating Sprites...Drawing Background Sprites
[2024-01-22 22:13:16,939] [MainProcess/MainThread/INFO] (shell_startup.py/update) Creating Windows Spites...Drawing Window Sprites
[2024-01-22 22:13:16,956] [MainProcess/MainThread/INFO] (shell_startup.py/update) Clearing background
[2024-01-22 22:13:16,956] [MainProcess/MainThread/INFO] (shell_startup.py/update) Creating Sprites...Drawing Background Sprites
[2024-01-22 22:13:16,956] [MainProcess/MainThread/INFO] (shell_startup.py/update) Creating Windows Spites...Drawing Window Sprites
[2024-01-22 22:13:16,975] [MainProcess/MainThread/INFO] (shell_startup.py/update) Clearing background
[2024-01-22 22:13:16,975] [MainProcess/MainThread/INFO] (shell_startup.py/update) Creating Sprites...Drawing Background Sprites
[2024-01-22 22:13:16,975] [MainProcess/MainThread/INFO] (shell_startup.py/update) Creating Windows Spites...Drawing Window Sprites
[2024-01-22 22:13:16,994] [MainProcess/MainThread/INFO] (shell_startup.py/update) Clearing background
[2024-01-22 22:13:16,994] [MainProcess/MainThread/INFO] (shell_startup.py/update) Creating Sprites...Drawing Background Sprites
[2024-01-22 22:13:16,994] [MainProcess/MainThread/INFO] (shell_startup.py/update) Creating Windows Spites...Drawing Window Sprites
[2024-01-22 22:13:17,011] [MainProcess/MainThread/INFO] (shell_startup.py/update) Clearing background
[2024-01-22 22:13:17,011] [MainProcess/MainThread/INFO] (shell_startup.py/update) Creating Sprites...Drawing Background Sprites
[2024-01-22 22:13:17,011] [MainProcess/MainThread/INFO] (shell_startup.py/update) Creating Windows Spites...Drawing Window Sprites
[2024-01-22 22:13:17,029] [MainProcess/MainThread/INFO] (shell_startup.py/update) Clearing background
[2024-01-22 22:13:17,029] [MainProcess/MainThread/INFO] (shell_startup.py/update) Creating Sprites...Drawing Background Sprites
[2024-01-22 22:13:17,029] [MainProcess/MainThread/INFO] (shell_startup.py/update) Creating Windows Spites...Drawing Window Sprites
[2024-01-22 22:13:17,047] [MainProcess/MainThread/INFO] (shell_startup.py/update) Clearing background
[2024-01-22 22:13:17,047] [MainProcess/MainThread/INFO] (shell_startup.py/update) Creating Sprites...Drawing Background Sprites
[2024-01-22 22:13:17,047] [MainProcess/MainThread/INFO] (shell_startup.py/update) Creating Windows Spites...Drawing Window Sprites
[2024-01-22 22:13:17,065] [MainProcess/MainThread/INFO] (shell_startup.py/update) Clearing background
[2024-01-22 22:13:17,066] [MainProcess/MainThread/INFO] (shell_startup.py/update) Creating Sprites...Drawing Background Sprites
[2024-01-22 22:13:17,066] [MainProcess/MainThread/INFO] (shell_startup.py/update) Creating Windows Spites...Drawing Window Sprites
[2024-01-22 22:13:17,084] [MainProcess/MainThread/INFO] (shell_startup.py/update) Clearing background
[2024-01-22 22:13:17,084] [MainProcess/MainThread/INFO] (shell_startup.py/update) Creating Sprites...Drawing Background Sprites
[2024-01-22 22:13:17,084] [MainProcess/MainThread/INFO] (shell_startup.py/update) Creating Windows Spites...Drawing Window Sprites
[2024-01-22 22:13:17,102] [MainProcess/MainThread/INFO] (shell_startup.py/update) Clearing background
[2024-01-22 22:13:17,103] [MainProcess/MainThread/INFO] (shell_startup.py/update) Creating Sprites...Drawing Background Sprites
[2024-01-22 22:13:17,103] [MainProcess/MainThread/INFO] (shell_startup.py/update) Creating Windows Spites...Drawing Window Sprites
[2024-01-22 22:13:17,121] [MainProcess/MainThread/INFO] (shell_startup.py/update) Clearing background
[2024-01-22 22:13:17,121] [MainProcess/MainThread/INFO] (shell_startup.py/update) Creating Sprites...Drawing Background Sprites
[2024-01-22 22:13:17,121] [MainProcess/MainThread/INFO] (shell_startup.py/update) Creating Windows Spites...Drawing Window Sprites
[2024-01-22 22:13:17,139] [MainProcess/MainThread/INFO] (shell_startup.py/update) Clearing background
[2024-01-22 22:13:17,140] [MainProcess/MainThread/INFO] (shell_startup.py/update) Creating Sprites...Drawing Background Sprites
[2024-01-22 22:13:17,140] [MainProcess/MainThread/INFO] (shell_startup.py/update) Creating Windows Spites...Drawing Window Sprites
[2024-01-22 22:13:17,157] [MainProcess/MainThread/INFO] (shell_startup.py/update) Clearing background
[2024-01-22 22:13:17,158] [MainProcess/MainThread/INFO] (shell_startup.py/update) Creating Sprites...Drawing Background Sprites
[2024-01-22 22:13:17,158] [MainProcess/MainThread/INFO] (shell_startup.py/update) Creating Windows Spites...Drawing Window Sprites
[2024-01-22 22:13:17,176] [MainProcess/MainThread/INFO] (shell_startup.py/update) Clearing background
[2024-01-22 22:13:17,176] [MainProcess/MainThread/INFO] (shell_startup.py/update) Creating Sprites...Drawing Background Sprites
[2024-01-22 22:13:17,176] [MainProcess/MainThread/INFO] (shell_startup.py/update) Creating Windows Spites...Drawing Window Sprites
[2024-01-22 22:13:17,193] [MainProcess/MainThread/INFO] (shell_startup.py/update) Clearing background
[2024-01-22 22:13:17,193] [MainProcess/MainThread/INFO] (shell_startup.py/update) Creating Sprites...Drawing Background Sprites
[2024-01-22 22:13:17,193] [MainProcess/MainThread/INFO] (shell_startup.py/update) Creating Windows Spites...Drawing Window Sprites
[2024-01-22 22:13:17,211] [MainProcess/MainThread/INFO] (shell_startup.py/update) Clearing background
[2024-01-22 22:13:17,211] [MainProcess/MainThread/INFO] (shell_startup.py/update) Creating Sprites...Drawing Background Sprites
[2024-01-22 22:13:17,211] [MainProcess/MainThread/INFO] (shell_startup.py/update) Creating Windows Spites...Drawing Window Sprites
[2024-01-22 22:13:17,230] [MainProcess/MainThread/INFO] (shell_startup.py/update) Clearing background
[2024-01-22 22:13:17,230] [MainProcess/MainThread/INFO] (shell_startup.py/update) Creating Sprites...Drawing Background Sprites
[2024-01-22 22:13:17,230] [MainProcess/MainThread/INFO] (shell_startup.py/update) Creating Windows Spites...Drawing Window Sprites
[2024-01-22 22:13:17,248] [MainProcess/MainThread/INFO] (shell_startup.py/update) Clearing background
[2024-01-22 22:13:17,248] [MainProcess/MainThread/INFO] (shell_startup.py/update) Creating Sprites...Drawing Background Sprites
[2024-01-22 22:13:17,248] [MainProcess/MainThread/INFO] (shell_startup.py/update) Creating Windows Spites...Drawing Window Sprites
[2024-01-22 22:13:17,267] [MainProcess/MainThread/INFO] (shell_startup.py/update) Clearing background
[2024-01-22 22:13:17,267] [MainProcess/MainThread/INFO] (shell_startup.py/update) Creating Sprites...Drawing Background Sprites
[2024-01-22 22:13:17,267] [MainProcess/MainThread/INFO] (shell_startup.py/update) Creating Windows Spites...Drawing Window Sprites
[2024-01-22 22:13:17,284] [MainProcess/MainThread/INFO] (shell_startup.py/update) Clearing background
[2024-01-22 22:13:17,284] [MainProcess/MainThread/INFO] (shell_startup.py/update) Creating Sprites...Drawing Background Sprites
[2024-01-22 22:13:17,284] [MainProcess/MainThread/INFO] (shell_startup.py/update) Creating Windows Spites...Drawing Window Sprites
[2024-01-22 22:13:17,303] [MainProcess/MainThread/INFO] (shell_startup.py/update) Clearing background
[2024-01-22 22:13:17,303] [MainProcess/MainThread/INFO] (shell_startup.py/update) Creating Sprites...Drawing Background Sprites
[2024-01-22 22:13:17,303] [MainProcess/MainThread/INFO] (shell_startup.py/update) Creating Windows Spites...Drawing Window Sprites
[2024-01-22 22:13:17,322] [MainProcess/MainThread/INFO] (shell_startup.py/update) Clearing background
[2024-01-22 22:13:17,322] [MainProcess/MainThread/INFO] (shell_startup.py/update) Creating Sprites...Drawing Background Sprites
[2024-01-22 22:13:17,322] [MainProcess/MainThread/INFO] (shell_startup.py/update) Creating Windows Spites...Drawing Window Sprites
[2024-01-22 22:13:17,339] [MainProcess/MainThread/INFO] (shell_startup.py/update) Clearing background
[2024-01-22 22:13:17,339] [MainProcess/MainThread/INFO] (shell_startup.py/update) Creating Sprites...Drawing Background Sprites
[2024-01-22 22:13:17,339] [MainProcess/MainThread/INFO] (shell_startup.py/update) Creating Windows Spites...Drawing Window Sprites
[2024-01-22 22:13:17,357] [MainProcess/MainThread/INFO] (shell_startup.py/update) Clearing background
[2024-01-22 22:13:17,357] [MainProcess/MainThread/INFO] (shell_startup.py/update) Creating Sprites...Drawing Background Sprites
[2024-01-22 22:13:17,357] [MainProcess/MainThread/INFO] (shell_startup.py/update) Creating Windows Spites...Drawing Window Sprites
[2024-01-22 22:13:17,375] [MainProcess/MainThread/INFO] (shell_startup.py/update) Clearing background
[2024-01-22 22:13:17,375] [MainProcess/MainThread/INFO] (shell_startup.py/update) Creating Sprites...Drawing Background Sprites
[2024-01-22 22:13:17,376] [MainProcess/MainThread/INFO] (shell_startup.py/update) Creating Windows Spites...Drawing Window Sprites
[2024-01-22 22:13:17,394] [MainProcess/MainThread/INFO] (shell_startup.py/update) Clearing background
[2024-01-22 22:13:17,394] [MainProcess/MainThread/INFO] (shell_startup.py/update) Creating Sprites...Drawing Background Sprites
[2024-01-22 22:13:17,394] [MainProcess/MainThread/INFO] (shell_startup.py/update) Creating Windows Spites...Drawing Window Sprites
[2024-01-22 22:13:17,413] [MainProcess/MainThread/INFO] (shell_startup.py/update) Clearing background
[2024-01-22 22:13:17,413] [MainProcess/MainThread/INFO] (shell_startup.py/update) Creating Sprites...Drawing Background Sprites
[2024-01-22 22:13:17,413] [MainProcess/MainThread/INFO] (shell_startup.py/update) Creating Windows Spites...Drawing Window Sprites
[2024-01-22 22:13:17,430] [MainProcess/MainThread/INFO] (shell_startup.py/update) Clearing background
[2024-01-22 22:13:17,430] [MainProcess/MainThread/INFO] (shell_startup.py/update) Creating Sprites...Drawing Background Sprites
[2024-01-22 22:13:17,430] [MainProcess/MainThread/INFO] (shell_startup.py/update) Creating Windows Spites...Drawing Window Sprites
[2024-01-22 22:13:17,449] [MainProcess/MainThread/INFO] (shell_startup.py/update) Clearing background
[2024-01-22 22:13:17,449] [MainProcess/MainThread/INFO] (shell_startup.py/update) Creating Sprites...Drawing Background Sprites
[2024-01-22 22:13:17,449] [MainProcess/MainThread/INFO] (shell_startup.py/update) Creating Windows Spites...Drawing Window Sprites
[2024-01-22 22:13:17,467] [MainProcess/MainThread/INFO] (shell_startup.py/update) Clearing background
[2024-01-22 22:13:17,467] [MainProcess/MainThread/INFO] (shell_startup.py/update) Creating Sprites...Drawing Background Sprites
[2024-01-22 22:13:17,467] [MainProcess/MainThread/INFO] (shell_startup.py/update) Creating Windows Spites...Drawing Window Sprites
[2024-01-22 22:13:17,484] [MainProcess/MainThread/INFO] (shell_startup.py/update) Clearing background
[2024-01-22 22:13:17,485] [MainProcess/MainThread/INFO] (shell_startup.py/update) Creating Sprites...Drawing Background Sprites
[2024-01-22 22:13:17,485] [MainProcess/MainThread/INFO] (shell_startup.py/update) Creating Windows Spites...Drawing Window Sprites
[2024-01-22 22:13:17,503] [MainProcess/MainThread/INFO] (shell_startup.py/update) Clearing background
[2024-01-22 22:13:17,503] [MainProcess/MainThread/INFO] (shell_startup.py/update) Creating Sprites...Drawing Background Sprites
[2024-01-22 22:13:17,503] [MainProcess/MainThread/INFO] (shell_startup.py/update) Creating Windows Spites...Drawing Window Sprites
[2024-01-22 22:13:17,522] [MainProcess/MainThread/INFO] (shell_startup.py/update) Clearing background
[2024-01-22 22:13:17,522] [MainProcess/MainThread/INFO] (shell_startup.py/update) Creating Sprites...Drawing Background Sprites
[2024-01-22 22:13:17,522] [MainProcess/MainThread/INFO] (shell_startup.py/update) Creating Windows Spites...Drawing Window Sprites
[2024-01-22 22:13:17,539] [MainProcess/MainThread/INFO] (shell_startup.py/update) Clearing background
[2024-01-22 22:13:17,540] [MainProcess/MainThread/INFO] (shell_startup.py/update) Creating Sprites...Drawing Background Sprites
[2024-01-22 22:13:17,540] [MainProcess/MainThread/INFO] (shell_startup.py/update) Creating Windows Spites...Drawing Window Sprites
[2024-01-22 22:13:17,557] [MainProcess/MainThread/INFO] (shell_startup.py/update) Clearing background
[2024-01-22 22:13:17,558] [MainProcess/MainThread/INFO] (shell_startup.py/update) Creating Sprites...Drawing Background Sprites
[2024-01-22 22:13:17,558] [MainProcess/MainThread/INFO] (shell_startup.py/update) Creating Windows Spites...Drawing Window Sprites
[2024-01-22 22:13:17,575] [MainProcess/MainThread/INFO] (shell_startup.py/update) Clearing background
[2024-01-22 22:13:17,575] [MainProcess/MainThread/INFO] (shell_startup.py/update) Creating Sprites...Drawing Background Sprites
[2024-01-22 22:13:17,575] [MainProcess/MainThread/INFO] (shell_startup.py/update) Creating Windows Spites...Drawing Window Sprites
[2024-01-22 22:13:17,593] [MainProcess/MainThread/INFO] (shell_startup.py/update) Clearing background
[2024-01-22 22:13:17,594] [MainProcess/MainThread/INFO] (shell_startup.py/update) Creating Sprites...Drawing Background Sprites
[2024-01-22 22:13:17,594] [MainProcess/MainThread/INFO] (shell_startup.py/update) Creating Windows Spites...Drawing Window Sprites
[2024-01-22 22:13:17,612] [MainProcess/MainThread/INFO] (shell_startup.py/update) Clearing background
[2024-01-22 22:13:17,612] [MainProcess/MainThread/INFO] (shell_startup.py/update) Creating Sprites...Drawing Background Sprites
[2024-01-22 22:13:17,612] [MainProcess/MainThread/INFO] (shell_startup.py/update) Creating Windows Spites...Drawing Window Sprites
[2024-01-22 22:13:17,630] [MainProcess/MainThread/INFO] (shell_startup.py/update) Clearing background
[2024-01-22 22:13:17,630] [MainProcess/MainThread/INFO] (shell_startup.py/update) Creating Sprites...Drawing Background Sprites
[2024-01-22 22:13:17,631] [MainProcess/MainThread/INFO] (shell_startup.py/update) Creating Windows Spites...Drawing Window Sprites
[2024-01-22 22:13:17,649] [MainProcess/MainThread/INFO] (shell_startup.py/update) Clearing background
[2024-01-22 22:13:17,649] [MainProcess/MainThread/INFO] (shell_startup.py/update) Creating Sprites...Drawing Background Sprites
[2024-01-22 22:13:17,649] [MainProcess/MainThread/INFO] (shell_startup.py/update) Creating Windows Spites...Drawing Window Sprites
[2024-01-22 22:13:17,667] [MainProcess/MainThread/INFO] (shell_startup.py/update) Clearing background
[2024-01-22 22:13:17,667] [MainProcess/MainThread/INFO] (shell_startup.py/update) Creating Sprites...Drawing Background Sprites
[2024-01-22 22:13:17,667] [MainProcess/MainThread/INFO] (shell_startup.py/update) Creating Windows Spites...Drawing Window Sprites
[2024-01-22 22:13:17,685] [MainProcess/MainThread/INFO] (shell_startup.py/update) Clearing background
[2024-01-22 22:13:17,685] [MainProcess/MainThread/INFO] (shell_startup.py/update) Creating Sprites...Drawing Background Sprites
[2024-01-22 22:13:17,685] [MainProcess/MainThread/INFO] (shell_startup.py/update) Creating Windows Spites...Drawing Window Sprites
[2024-01-22 22:13:17,702] [MainProcess/MainThread/INFO] (shell_startup.py/update) Clearing background
[2024-01-22 22:13:17,704] [MainProcess/MainThread/INFO] (shell_startup.py/update) Creating Sprites...Drawing Background Sprites
[2024-01-22 22:13:17,704] [MainProcess/MainThread/INFO] (shell_startup.py/update) Creating Windows Spites...Drawing Window Sprites
[2024-01-22 22:13:17,721] [MainProcess/MainThread/INFO] (shell_startup.py/update) Clearing background
[2024-01-22 22:13:17,721] [MainProcess/MainThread/INFO] (shell_startup.py/update) Creating Sprites...Drawing Background Sprites
[2024-01-22 22:13:17,721] [MainProcess/MainThread/INFO] (shell_startup.py/update) Creating Windows Spites...Drawing Window Sprites
[2024-01-22 22:13:17,739] [MainProcess/MainThread/INFO] (shell_startup.py/update) Clearing background
[2024-01-22 22:13:17,739] [MainProcess/MainThread/INFO] (shell_startup.py/update) Creating Sprites...Drawing Background Sprites
[2024-01-22 22:13:17,739] [MainProcess/MainThread/INFO] (shell_startup.py/update) Creating Windows Spites...Drawing Window Sprites
[2024-01-22 22:13:17,758] [MainProcess/MainThread/INFO] (shell_startup.py/update) Clearing background
[2024-01-22 22:13:17,758] [MainProcess/MainThread/INFO] (shell_startup.py/update) Creating Sprites...Drawing Background Sprites
[2024-01-22 22:13:17,758] [MainProcess/MainThread/INFO] (shell_startup.py/update) Creating Windows Spites...Drawing Window Sprites
[2024-01-22 22:13:17,776] [MainProcess/MainThread/INFO] (shell_startup.py/update) Clearing background
[2024-01-22 22:13:17,776] [MainProcess/MainThread/INFO] (shell_startup.py/update) Creating Sprites...Drawing Background Sprites
[2024-01-22 22:13:17,776] [MainProcess/MainThread/INFO] (shell_startup.py/update) Creating Windows Spites...Drawing Window Sprites
[2024-01-22 22:13:17,794] [MainProcess/MainThread/INFO] (shell_startup.py/update) Clearing background
[2024-01-22 22:13:17,794] [MainProcess/MainThread/INFO] (shell_startup.py/update) Creating Sprites...Drawing Background Sprites
[2024-01-22 22:13:17,794] [MainProcess/MainThread/INFO] (shell_startup.py/update) Creating Windows Spites...Drawing Window Sprites
[2024-01-22 22:13:17,812] [MainProcess/MainThread/INFO] (shell_startup.py/update) Clearing background
[2024-01-22 22:13:17,812] [MainProcess/MainThread/INFO] (shell_startup.py/update) Creating Sprites...Drawing Background Sprites
[2024-01-22 22:13:17,813] [MainProcess/MainThread/INFO] (shell_startup.py/update) Creating Windows Spites...Drawing Window Sprites
[2024-01-22 22:13:17,830] [MainProcess/MainThread/INFO] (shell_startup.py/update) Clearing background
[2024-01-22 22:13:17,830] [MainProcess/MainThread/INFO] (shell_startup.py/update) Creating Sprites...Drawing Background Sprites
[2024-01-22 22:13:17,831] [MainProcess/MainThread/INFO] (shell_startup.py/update) Creating Windows Spites...Drawing Window Sprites
[2024-01-22 22:13:17,849] [MainProcess/MainThread/INFO] (shell_startup.py/update) Clearing background
[2024-01-22 22:13:17,849] [MainProcess/MainThread/INFO] (shell_startup.py/update) Creating Sprites...Drawing Background Sprites
[2024-01-22 22:13:17,849] [MainProcess/MainThread/INFO] (shell_startup.py/update) Creating Windows Spites...Drawing Window Sprites
[2024-01-22 22:13:17,867] [MainProcess/MainThread/INFO] (shell_startup.py/update) Clearing background
[2024-01-22 22:13:17,867] [MainProcess/MainThread/INFO] (shell_startup.py/update) Creating Sprites...Drawing Background Sprites
[2024-01-22 22:13:17,867] [MainProcess/MainThread/INFO] (shell_startup.py/update) Creating Windows Spites...Drawing Window Sprites
[2024-01-22 22:13:17,884] [MainProcess/MainThread/INFO] (shell_startup.py/update) Clearing background
[2024-01-22 22:13:17,886] [MainProcess/MainThread/INFO] (shell_startup.py/update) Creating Sprites...Drawing Background Sprites
[2024-01-22 22:13:17,886] [MainProcess/MainThread/INFO] (shell_startup.py/update) Creating Windows Spites...Drawing Window Sprites
[2024-01-22 22:13:17,904] [MainProcess/MainThread/INFO] (shell_startup.py/update) Clearing background
[2024-01-22 22:13:17,904] [MainProcess/MainThread/INFO] (shell_startup.py/update) Creating Sprites...Drawing Background Sprites
[2024-01-22 22:13:17,904] [MainProcess/MainThread/INFO] (shell_startup.py/update) Creating Windows Spites...Drawing Window Sprites
[2024-01-22 22:13:17,921] [MainProcess/MainThread/INFO] (shell_startup.py/update) Clearing background
[2024-01-22 22:13:17,921] [MainProcess/MainThread/INFO] (shell_startup.py/update) Creating Sprites...Drawing Background Sprites
[2024-01-22 22:13:17,921] [MainProcess/MainThread/INFO] (shell_startup.py/update) Creating Windows Spites...Drawing Window Sprites
[2024-01-22 22:13:17,940] [MainProcess/MainThread/INFO] (shell_startup.py/update) Clearing background
[2024-01-22 22:13:17,940] [MainProcess/MainThread/INFO] (shell_startup.py/update) Creating Sprites...Drawing Background Sprites
[2024-01-22 22:13:17,940] [MainProcess/MainThread/INFO] (shell_startup.py/update) Creating Windows Spites...Drawing Window Sprites
[2024-01-22 22:13:17,958] [MainProcess/MainThread/INFO] (shell_startup.py/update) Clearing background
[2024-01-22 22:13:17,958] [MainProcess/MainThread/INFO] (shell_startup.py/update) Creating Sprites...Drawing Background Sprites
[2024-01-22 22:13:17,958] [MainProcess/MainThread/INFO] (shell_startup.py/update) Creating Windows Spites...Drawing Window Sprites
[2024-01-22 22:13:17,976] [MainProcess/MainThread/INFO] (shell_startup.py/update) Clearing background
[2024-01-22 22:13:17,976] [MainProcess/MainThread/INFO] (shell_startup.py/update) Creating Sprites...Drawing Background Sprites
[2024-01-22 22:13:17,976] [MainProcess/MainThread/INFO] (shell_startup.py/update) Creating Windows Spites...Drawing Window Sprites
[2024-01-22 22:13:17,994] [MainProcess/MainThread/INFO] (shell_startup.py/update) Clearing background
[2024-01-22 22:13:17,994] [MainProcess/MainThread/INFO] (shell_startup.py/update) Creating Sprites...Drawing Background Sprites
[2024-01-22 22:13:17,994] [MainProcess/MainThread/INFO] (shell_startup.py/update) Creating Windows Spites...Drawing Window Sprites
[2024-01-22 22:13:18,012] [MainProcess/MainThread/INFO] (shell_startup.py/update) Clearing background
[2024-01-22 22:13:18,012] [MainProcess/MainThread/INFO] (shell_startup.py/update) Creating Sprites...Drawing Background Sprites
[2024-01-22 22:13:18,012] [MainProcess/MainThread/INFO] (shell_startup.py/update) Creating Windows Spites...Drawing Window Sprites
[2024-01-22 22:13:18,031] [MainProcess/MainThread/INFO] (shell_startup.py/update) Clearing background
[2024-01-22 22:13:18,031] [MainProcess/MainThread/INFO] (shell_startup.py/update) Creating Sprites...Drawing Background Sprites
[2024-01-22 22:13:18,031] [MainProcess/MainThread/INFO] (shell_startup.py/update) Creating Windows Spites...Drawing Window Sprites
[2024-01-22 22:13:18,048] [MainProcess/MainThread/INFO] (shell_startup.py/update) Clearing background
[2024-01-22 22:13:18,049] [MainProcess/MainThread/INFO] (shell_startup.py/update) Creating Sprites...Drawing Background Sprites
[2024-01-22 22:13:18,049] [MainProcess/MainThread/INFO] (shell_startup.py/update) Creating Windows Spites...Drawing Window Sprites
[2024-01-22 22:13:18,067] [MainProcess/MainThread/INFO] (shell_startup.py/update) Clearing background
[2024-01-22 22:13:18,068] [MainProcess/MainThread/INFO] (shell_startup.py/update) Creating Sprites...Drawing Background Sprites
[2024-01-22 22:13:18,068] [MainProcess/MainThread/INFO] (shell_startup.py/update) Creating Windows Spites...Drawing Window Sprites
[2024-01-22 22:13:18,085] [MainProcess/MainThread/INFO] (shell_startup.py/update) Clearing background
[2024-01-22 22:13:18,085] [MainProcess/MainThread/INFO] (shell_startup.py/update) Creating Sprites...Drawing Background Sprites
[2024-01-22 22:13:18,085] [MainProcess/MainThread/INFO] (shell_startup.py/update) Creating Windows Spites...Drawing Window Sprites
[2024-01-22 22:13:18,103] [MainProcess/MainThread/INFO] (shell_startup.py/update) Clearing background
[2024-01-22 22:13:18,103] [MainProcess/MainThread/INFO] (shell_startup.py/update) Creating Sprites...Drawing Background Sprites
[2024-01-22 22:13:18,103] [MainProcess/MainThread/INFO] (shell_startup.py/update) Creating Windows Spites...Drawing Window Sprites
[2024-01-22 22:13:18,122] [MainProcess/MainThread/INFO] (shell_startup.py/update) Clearing background
[2024-01-22 22:13:18,122] [MainProcess/MainThread/INFO] (shell_startup.py/update) Creating Sprites...Drawing Background Sprites
[2024-01-22 22:13:18,122] [MainProcess/MainThread/INFO] (shell_startup.py/update) Creating Windows Spites...Drawing Window Sprites
[2024-01-22 22:13:18,140] [MainProcess/MainThread/INFO] (shell_startup.py/update) Clearing background
[2024-01-22 22:13:18,140] [MainProcess/MainThread/INFO] (shell_startup.py/update) Creating Sprites...Drawing Background Sprites
[2024-01-22 22:13:18,141] [MainProcess/MainThread/INFO] (shell_startup.py/update) Creating Windows Spites...Drawing Window Sprites
[2024-01-22 22:13:18,158] [MainProcess/MainThread/INFO] (shell_startup.py/update) Clearing background
[2024-01-22 22:13:18,158] [MainProcess/MainThread/INFO] (shell_startup.py/update) Creating Sprites...Drawing Background Sprites
[2024-01-22 22:13:18,158] [MainProcess/MainThread/INFO] (shell_startup.py/update) Creating Windows Spites...Drawing Window Sprites
[2024-01-22 22:13:18,176] [MainProcess/MainThread/INFO] (shell_startup.py/update) Clearing background
[2024-01-22 22:13:18,176] [MainProcess/MainThread/INFO] (shell_startup.py/update) Creating Sprites...Drawing Background Sprites
[2024-01-22 22:13:18,176] [MainProcess/MainThread/INFO] (shell_startup.py/update) Creating Windows Spites...Drawing Window Sprites
[2024-01-22 22:13:18,195] [MainProcess/MainThread/INFO] (shell_startup.py/update) Clearing background
[2024-01-22 22:13:18,195] [MainProcess/MainThread/INFO] (shell_startup.py/update) Creating Sprites...Drawing Background Sprites
[2024-01-22 22:13:18,195] [MainProcess/MainThread/INFO] (shell_startup.py/update) Creating Windows Spites...Drawing Window Sprites
[2024-01-22 22:13:18,213] [MainProcess/MainThread/INFO] (shell_startup.py/update) Clearing background
[2024-01-22 22:13:18,213] [MainProcess/MainThread/INFO] (shell_startup.py/update) Creating Sprites...Drawing Background Sprites
[2024-01-22 22:13:18,213] [MainProcess/MainThread/INFO] (shell_startup.py/update) Creating Windows Spites...Drawing Window Sprites
[2024-01-22 22:13:18,231] [MainProcess/MainThread/INFO] (shell_startup.py/update) Clearing background
[2024-01-22 22:13:18,231] [MainProcess/MainThread/INFO] (shell_startup.py/update) Creating Sprites...Drawing Background Sprites
[2024-01-22 22:13:18,231] [MainProcess/MainThread/INFO] (shell_startup.py/update) Creating Windows Spites...Drawing Window Sprites
[2024-01-22 22:13:18,249] [MainProcess/MainThread/INFO] (shell_startup.py/update) Clearing background
[2024-01-22 22:13:18,249] [MainProcess/MainThread/INFO] (shell_startup.py/update) Creating Sprites...Drawing Background Sprites
[2024-01-22 22:13:18,249] [MainProcess/MainThread/INFO] (shell_startup.py/update) Creating Windows Spites...Drawing Window Sprites
[2024-01-22 22:13:18,267] [MainProcess/MainThread/INFO] (shell_startup.py/update) Clearing background
[2024-01-22 22:13:18,268] [MainProcess/MainThread/INFO] (shell_startup.py/update) Creating Sprites...Drawing Background Sprites
[2024-01-22 22:13:18,268] [MainProcess/MainThread/INFO] (shell_startup.py/update) Creating Windows Spites...Drawing Window Sprites
[2024-01-22 22:13:18,286] [MainProcess/MainThread/INFO] (shell_startup.py/update) Clearing background
[2024-01-22 22:13:18,286] [MainProcess/MainThread/INFO] (shell_startup.py/update) Creating Sprites...Drawing Background Sprites
[2024-01-22 22:13:18,286] [MainProcess/MainThread/INFO] (shell_startup.py/update) Creating Windows Spites...Drawing Window Sprites
[2024-01-22 22:13:18,304] [MainProcess/MainThread/INFO] (shell_startup.py/update) Clearing background
[2024-01-22 22:13:18,304] [MainProcess/MainThread/INFO] (shell_startup.py/update) Creating Sprites...Drawing Background Sprites
[2024-01-22 22:13:18,305] [MainProcess/MainThread/INFO] (shell_startup.py/update) Creating Windows Spites...Drawing Window Sprites
[2024-01-22 22:13:18,322] [MainProcess/MainThread/INFO] (shell_startup.py/update) Clearing background
[2024-01-22 22:13:18,322] [MainProcess/MainThread/INFO] (shell_startup.py/update) Creating Sprites...Drawing Background Sprites
[2024-01-22 22:13:18,322] [MainProcess/MainThread/INFO] (shell_startup.py/update) Creating Windows Spites...Drawing Window Sprites
[2024-01-22 22:13:18,340] [MainProcess/MainThread/INFO] (shell_startup.py/update) Clearing background
[2024-01-22 22:13:18,341] [MainProcess/MainThread/INFO] (shell_startup.py/update) Creating Sprites...Drawing Background Sprites
[2024-01-22 22:13:18,341] [MainProcess/MainThread/INFO] (shell_startup.py/update) Creating Windows Spites...Drawing Window Sprites
[2024-01-22 22:13:18,359] [MainProcess/MainThread/INFO] (shell_startup.py/update) Clearing background
[2024-01-22 22:13:18,359] [MainProcess/MainThread/INFO] (shell_startup.py/update) Creating Sprites...Drawing Background Sprites
[2024-01-22 22:13:18,359] [MainProcess/MainThread/INFO] (shell_startup.py/update) Creating Windows Spites...Drawing Window Sprites
[2024-01-22 22:13:18,377] [MainProcess/MainThread/INFO] (shell_startup.py/update) Clearing background
[2024-01-22 22:13:18,377] [MainProcess/MainThread/INFO] (shell_startup.py/update) Creating Sprites...Drawing Background Sprites
[2024-01-22 22:13:18,377] [MainProcess/MainThread/INFO] (shell_startup.py/update) Creating Windows Spites...Drawing Window Sprites
[2024-01-22 22:13:18,395] [MainProcess/MainThread/INFO] (shell_startup.py/update) Clearing background
[2024-01-22 22:13:18,395] [MainProcess/MainThread/INFO] (shell_startup.py/update) Creating Sprites...Drawing Background Sprites
[2024-01-22 22:13:18,395] [MainProcess/MainThread/INFO] (shell_startup.py/update) Creating Windows Spites...Drawing Window Sprites
[2024-01-22 22:13:18,413] [MainProcess/MainThread/INFO] (shell_startup.py/update) Clearing background
[2024-01-22 22:13:18,413] [MainProcess/MainThread/INFO] (shell_startup.py/update) Creating Sprites...Drawing Background Sprites
[2024-01-22 22:13:18,414] [MainProcess/MainThread/INFO] (shell_startup.py/update) Creating Windows Spites...Drawing Window Sprites
[2024-01-22 22:13:18,431] [MainProcess/MainThread/INFO] (shell_startup.py/update) Clearing background
[2024-01-22 22:13:18,432] [MainProcess/MainThread/INFO] (shell_startup.py/update) Creating Sprites...Drawing Background Sprites
[2024-01-22 22:13:18,432] [MainProcess/MainThread/INFO] (shell_startup.py/update) Creating Windows Spites...Drawing Window Sprites
[2024-01-22 22:13:18,449] [MainProcess/MainThread/INFO] (shell_startup.py/update) Clearing background
[2024-01-22 22:13:18,450] [MainProcess/MainThread/INFO] (shell_startup.py/update) Creating Sprites...Drawing Background Sprites
[2024-01-22 22:13:18,450] [MainProcess/MainThread/INFO] (shell_startup.py/update) Creating Windows Spites...Drawing Window Sprites
[2024-01-22 22:13:18,468] [MainProcess/MainThread/INFO] (shell_startup.py/update) Clearing background
[2024-01-22 22:13:18,468] [MainProcess/MainThread/INFO] (shell_startup.py/update) Creating Sprites...Drawing Background Sprites
[2024-01-22 22:13:18,468] [MainProcess/MainThread/INFO] (shell_startup.py/update) Creating Windows Spites...Drawing Window Sprites
[2024-01-22 22:13:18,486] [MainProcess/MainThread/INFO] (shell_startup.py/update) Clearing background
[2024-01-22 22:13:18,486] [MainProcess/MainThread/INFO] (shell_startup.py/update) Creating Sprites...Drawing Background Sprites
[2024-01-22 22:13:18,486] [MainProcess/MainThread/INFO] (shell_startup.py/update) Creating Windows Spites...Drawing Window Sprites
[2024-01-22 22:13:18,504] [MainProcess/MainThread/INFO] (shell_startup.py/update) Clearing background
[2024-01-22 22:13:18,504] [MainProcess/MainThread/INFO] (shell_startup.py/update) Creating Sprites...Drawing Background Sprites
[2024-01-22 22:13:18,504] [MainProcess/MainThread/INFO] (shell_startup.py/update) Creating Windows Spites...Drawing Window Sprites
[2024-01-22 22:13:18,522] [MainProcess/MainThread/INFO] (shell_startup.py/update) Clearing background
[2024-01-22 22:13:18,522] [MainProcess/MainThread/INFO] (shell_startup.py/update) Creating Sprites...Drawing Background Sprites
[2024-01-22 22:13:18,522] [MainProcess/MainThread/INFO] (shell_startup.py/update) Creating Windows Spites...Drawing Window Sprites
[2024-01-22 22:13:18,541] [MainProcess/MainThread/INFO] (shell_startup.py/update) Clearing background
[2024-01-22 22:13:18,541] [MainProcess/MainThread/INFO] (shell_startup.py/update) Creating Sprites...Drawing Background Sprites
[2024-01-22 22:13:18,541] [MainProcess/MainThread/INFO] (shell_startup.py/update) Creating Windows Spites...Drawing Window Sprites
[2024-01-22 22:13:18,559] [MainProcess/MainThread/INFO] (shell_startup.py/update) Clearing background
[2024-01-22 22:13:18,560] [MainProcess/MainThread/INFO] (shell_startup.py/update) Creating Sprites...Drawing Background Sprites
[2024-01-22 22:13:18,560] [MainProcess/MainThread/INFO] (shell_startup.py/update) Creating Windows Spites...Drawing Window Sprites
[2024-01-22 22:13:18,577] [MainProcess/MainThread/INFO] (shell_startup.py/update) Clearing background
[2024-01-22 22:13:18,578] [MainProcess/MainThread/INFO] (shell_startup.py/update) Creating Sprites...Drawing Background Sprites
[2024-01-22 22:13:18,578] [MainProcess/MainThread/INFO] (shell_startup.py/update) Creating Windows Spites...Drawing Window Sprites
[2024-01-22 22:13:18,596] [MainProcess/MainThread/INFO] (shell_startup.py/update) Clearing background
[2024-01-22 22:13:18,596] [MainProcess/MainThread/INFO] (shell_startup.py/update) Creating Sprites...Drawing Background Sprites
[2024-01-22 22:13:18,596] [MainProcess/MainThread/INFO] (shell_startup.py/update) Creating Windows Spites...Drawing Window Sprites
[2024-01-22 22:13:18,613] [MainProcess/MainThread/INFO] (shell_startup.py/update) Clearing background
[2024-01-22 22:13:18,614] [MainProcess/MainThread/INFO] (shell_startup.py/update) Creating Sprites...Drawing Background Sprites
[2024-01-22 22:13:18,614] [MainProcess/MainThread/INFO] (shell_startup.py/update) Creating Windows Spites...Drawing Window Sprites
[2024-01-22 22:13:18,632] [MainProcess/MainThread/INFO] (shell_startup.py/update) Clearing background
[2024-01-22 22:13:18,632] [MainProcess/MainThread/INFO] (shell_startup.py/update) Creating Sprites...Drawing Background Sprites
[2024-01-22 22:13:18,632] [MainProcess/MainThread/INFO] (shell_startup.py/update) Creating Windows Spites...Drawing Window Sprites
[2024-01-22 22:13:18,650] [MainProcess/MainThread/INFO] (shell_startup.py/update) Clearing background
[2024-01-22 22:13:18,650] [MainProcess/MainThread/INFO] (shell_startup.py/update) Creating Sprites...Drawing Background Sprites
[2024-01-22 22:13:18,650] [MainProcess/MainThread/INFO] (shell_startup.py/update) Creating Windows Spites...Drawing Window Sprites
[2024-01-22 22:13:18,668] [MainProcess/MainThread/INFO] (shell_startup.py/update) Clearing background
[2024-01-22 22:13:18,669] [MainProcess/MainThread/INFO] (shell_startup.py/update) Creating Sprites...Drawing Background Sprites
[2024-01-22 22:13:18,669] [MainProcess/MainThread/INFO] (shell_startup.py/update) Creating Windows Spites...Drawing Window Sprites
[2024-01-22 22:13:18,687] [MainProcess/MainThread/INFO] (shell_startup.py/update) Clearing background
[2024-01-22 22:13:18,687] [MainProcess/MainThread/INFO] (shell_startup.py/update) Creating Sprites...Drawing Background Sprites
[2024-01-22 22:13:18,687] [MainProcess/MainThread/INFO] (shell_startup.py/update) Creating Windows Spites...Drawing Window Sprites
[2024-01-22 22:13:18,705] [MainProcess/MainThread/INFO] (shell_startup.py/update) Clearing background
[2024-01-22 22:13:18,705] [MainProcess/MainThread/INFO] (shell_startup.py/update) Creating Sprites...Drawing Background Sprites
[2024-01-22 22:13:18,705] [MainProcess/MainThread/INFO] (shell_startup.py/update) Creating Windows Spites...Drawing Window Sprites
[2024-01-22 22:13:18,722] [MainProcess/MainThread/INFO] (shell_startup.py/update) Clearing background
[2024-01-22 22:13:18,723] [MainProcess/MainThread/INFO] (shell_startup.py/update) Creating Sprites...Drawing Background Sprites
[2024-01-22 22:13:18,723] [MainProcess/MainThread/INFO] (shell_startup.py/update) Creating Windows Spites...Drawing Window Sprites
[2024-01-22 22:13:18,741] [MainProcess/MainThread/INFO] (shell_startup.py/update) Clearing background
[2024-01-22 22:13:18,741] [MainProcess/MainThread/INFO] (shell_startup.py/update) Creating Sprites...Drawing Background Sprites
[2024-01-22 22:13:18,741] [MainProcess/MainThread/INFO] (shell_startup.py/update) Creating Windows Spites...Drawing Window Sprites
[2024-01-22 22:13:18,759] [MainProcess/MainThread/INFO] (shell_startup.py/update) Clearing background
[2024-01-22 22:13:18,759] [MainProcess/MainThread/INFO] (shell_startup.py/update) Creating Sprites...Drawing Background Sprites
[2024-01-22 22:13:18,759] [MainProcess/MainThread/INFO] (shell_startup.py/update) Creating Windows Spites...Drawing Window Sprites
[2024-01-22 22:13:18,777] [MainProcess/MainThread/INFO] (shell_startup.py/update) Clearing background
[2024-01-22 22:13:18,777] [MainProcess/MainThread/INFO] (shell_startup.py/update) Creating Sprites...Drawing Background Sprites
[2024-01-22 22:13:18,777] [MainProcess/MainThread/INFO] (shell_startup.py/update) Creating Windows Spites...Drawing Window Sprites
[2024-01-22 22:13:18,795] [MainProcess/MainThread/INFO] (shell_startup.py/update) Clearing background
[2024-01-22 22:13:18,795] [MainProcess/MainThread/INFO] (shell_startup.py/update) Creating Sprites...Drawing Background Sprites
[2024-01-22 22:13:18,795] [MainProcess/MainThread/INFO] (shell_startup.py/update) Creating Windows Spites...Drawing Window Sprites
[2024-01-22 22:13:18,814] [MainProcess/MainThread/INFO] (shell_startup.py/update) Clearing background
[2024-01-22 22:13:18,814] [MainProcess/MainThread/INFO] (shell_startup.py/update) Creating Sprites...Drawing Background Sprites
[2024-01-22 22:13:18,814] [MainProcess/MainThread/INFO] (shell_startup.py/update) Creating Windows Spites...Drawing Window Sprites
[2024-01-22 22:13:18,832] [MainProcess/MainThread/INFO] (shell_startup.py/update) Clearing background
[2024-01-22 22:13:18,832] [MainProcess/MainThread/INFO] (shell_startup.py/update) Creating Sprites...Drawing Background Sprites
[2024-01-22 22:13:18,832] [MainProcess/MainThread/INFO] (shell_startup.py/update) Creating Windows Spites...Drawing Window Sprites
[2024-01-22 22:13:18,850] [MainProcess/MainThread/INFO] (shell_startup.py/update) Clearing background
[2024-01-22 22:13:18,850] [MainProcess/MainThread/INFO] (shell_startup.py/update) Creating Sprites...Drawing Background Sprites
[2024-01-22 22:13:18,850] [MainProcess/MainThread/INFO] (shell_startup.py/update) Creating Windows Spites...Drawing Window Sprites
[2024-01-22 22:13:18,868] [MainProcess/MainThread/INFO] (shell_startup.py/update) Clearing background
[2024-01-22 22:13:18,868] [MainProcess/MainThread/INFO] (shell_startup.py/update) Creating Sprites...Drawing Background Sprites
[2024-01-22 22:13:18,868] [MainProcess/MainThread/INFO] (shell_startup.py/update) Creating Windows Spites...Drawing Window Sprites
[2024-01-22 22:13:18,886] [MainProcess/MainThread/INFO] (shell_startup.py/update) Clearing background
[2024-01-22 22:13:18,886] [MainProcess/MainThread/INFO] (shell_startup.py/update) Creating Sprites...Drawing Background Sprites
[2024-01-22 22:13:18,886] [MainProcess/MainThread/INFO] (shell_startup.py/update) Creating Windows Spites...Drawing Window Sprites
[2024-01-22 22:13:18,904] [MainProcess/MainThread/INFO] (shell_startup.py/update) Clearing background
[2024-01-22 22:13:18,904] [MainProcess/MainThread/INFO] (shell_startup.py/update) Creating Sprites...Drawing Background Sprites
[2024-01-22 22:13:18,905] [MainProcess/MainThread/INFO] (shell_startup.py/update) Creating Windows Spites...Drawing Window Sprites
[2024-01-22 22:13:18,922] [MainProcess/MainThread/INFO] (shell_startup.py/update) Clearing background
[2024-01-22 22:13:18,923] [MainProcess/MainThread/INFO] (shell_startup.py/update) Creating Sprites...Drawing Background Sprites
[2024-01-22 22:13:18,923] [MainProcess/MainThread/INFO] (shell_startup.py/update) Creating Windows Spites...Drawing Window Sprites
[2024-01-22 22:13:18,941] [MainProcess/MainThread/INFO] (shell_startup.py/update) Clearing background
[2024-01-22 22:13:18,941] [MainProcess/MainThread/INFO] (shell_startup.py/update) Creating Sprites...Drawing Background Sprites
[2024-01-22 22:13:18,941] [MainProcess/MainThread/INFO] (shell_startup.py/update) Creating Windows Spites...Drawing Window Sprites
[2024-01-22 22:13:18,958] [MainProcess/MainThread/INFO] (shell_startup.py/update) Clearing background
[2024-01-22 22:13:18,959] [MainProcess/MainThread/INFO] (shell_startup.py/update) Creating Sprites...Drawing Background Sprites
[2024-01-22 22:13:18,959] [MainProcess/MainThread/INFO] (shell_startup.py/update) Creating Windows Spites...Drawing Window Sprites
[2024-01-22 22:13:18,977] [MainProcess/MainThread/INFO] (shell_startup.py/update) Clearing background
[2024-01-22 22:13:18,977] [MainProcess/MainThread/INFO] (shell_startup.py/update) Creating Sprites...Drawing Background Sprites
[2024-01-22 22:13:18,977] [MainProcess/MainThread/INFO] (shell_startup.py/update) Creating Windows Spites...Drawing Window Sprites
[2024-01-22 22:13:18,995] [MainProcess/MainThread/INFO] (shell_startup.py/update) Clearing background
[2024-01-22 22:13:18,996] [MainProcess/MainThread/INFO] (shell_startup.py/update) Creating Sprites...Drawing Background Sprites
[2024-01-22 22:13:18,996] [MainProcess/MainThread/INFO] (shell_startup.py/update) Creating Windows Spites...Drawing Window Sprites
[2024-01-22 22:13:19,013] [MainProcess/MainThread/INFO] (shell_startup.py/update) Clearing background
[2024-01-22 22:13:19,014] [MainProcess/MainThread/INFO] (shell_startup.py/update) Creating Sprites...Drawing Background Sprites
[2024-01-22 22:13:19,014] [MainProcess/MainThread/INFO] (shell_startup.py/update) Creating Windows Spites...Drawing Window Sprites
[2024-01-22 22:13:19,032] [MainProcess/MainThread/INFO] (shell_startup.py/update) Clearing background
[2024-01-22 22:13:19,032] [MainProcess/MainThread/INFO] (shell_startup.py/update) Creating Sprites...Drawing Background Sprites
[2024-01-22 22:13:19,032] [MainProcess/MainThread/INFO] (shell_startup.py/update) Creating Windows Spites...Drawing Window Sprites
[2024-01-22 22:13:19,050] [MainProcess/MainThread/INFO] (shell_startup.py/update) Clearing background
[2024-01-22 22:13:19,051] [MainProcess/MainThread/INFO] (shell_startup.py/update) Creating Sprites...Drawing Background Sprites
[2024-01-22 22:13:19,051] [MainProcess/MainThread/INFO] (shell_startup.py/update) Creating Windows Spites...Drawing Window Sprites
[2024-01-22 22:13:19,069] [MainProcess/MainThread/INFO] (shell_startup.py/update) Clearing background
[2024-01-22 22:13:19,069] [MainProcess/MainThread/INFO] (shell_startup.py/update) Creating Sprites...Drawing Background Sprites
[2024-01-22 22:13:19,069] [MainProcess/MainThread/INFO] (shell_startup.py/update) Creating Windows Spites...Drawing Window Sprites
[2024-01-22 22:13:19,087] [MainProcess/MainThread/INFO] (shell_startup.py/update) Clearing background
[2024-01-22 22:13:19,090] [MainProcess/MainThread/INFO] (shell_startup.py/update) Creating Sprites...Drawing Background Sprites
[2024-01-22 22:13:19,090] [MainProcess/MainThread/INFO] (shell_startup.py/update) Creating Windows Spites...Drawing Window Sprites
[2024-01-22 22:13:19,105] [MainProcess/MainThread/INFO] (shell_startup.py/update) Clearing background
[2024-01-22 22:13:19,105] [MainProcess/MainThread/INFO] (shell_startup.py/update) Creating Sprites...Drawing Background Sprites
[2024-01-22 22:13:19,105] [MainProcess/MainThread/INFO] (shell_startup.py/update) Creating Windows Spites...Drawing Window Sprites
[2024-01-22 22:13:19,123] [MainProcess/MainThread/INFO] (shell_startup.py/update) Clearing background
[2024-01-22 22:13:19,124] [MainProcess/MainThread/INFO] (shell_startup.py/update) Creating Sprites...Drawing Background Sprites
[2024-01-22 22:13:19,124] [MainProcess/MainThread/INFO] (shell_startup.py/update) Creating Windows Spites...Drawing Window Sprites
[2024-01-22 22:13:19,141] [MainProcess/MainThread/INFO] (shell_startup.py/update) Clearing background
[2024-01-22 22:13:19,141] [MainProcess/MainThread/INFO] (shell_startup.py/update) Creating Sprites...Drawing Background Sprites
[2024-01-22 22:13:19,141] [MainProcess/MainThread/INFO] (shell_startup.py/update) Creating Windows Spites...Drawing Window Sprites
[2024-01-22 22:13:19,160] [MainProcess/MainThread/INFO] (shell_startup.py/update) Clearing background
[2024-01-22 22:13:19,160] [MainProcess/MainThread/INFO] (shell_startup.py/update) Creating Sprites...Drawing Background Sprites
[2024-01-22 22:13:19,160] [MainProcess/MainThread/INFO] (shell_startup.py/update) Creating Windows Spites...Drawing Window Sprites
[2024-01-22 22:13:19,178] [MainProcess/MainThread/INFO] (shell_startup.py/update) Clearing background
[2024-01-22 22:13:19,178] [MainProcess/MainThread/INFO] (shell_startup.py/update) Creating Sprites...Drawing Background Sprites
[2024-01-22 22:13:19,178] [MainProcess/MainThread/INFO] (shell_startup.py/update) Creating Windows Spites...Drawing Window Sprites
[2024-01-22 22:13:19,197] [MainProcess/MainThread/INFO] (shell_startup.py/update) Clearing background
[2024-01-22 22:13:19,197] [MainProcess/MainThread/INFO] (shell_startup.py/update) Creating Sprites...Drawing Background Sprites
[2024-01-22 22:13:19,197] [MainProcess/MainThread/INFO] (shell_startup.py/update) Creating Windows Spites...Drawing Window Sprites
[2024-01-22 22:13:19,214] [MainProcess/MainThread/INFO] (shell_startup.py/update) Clearing background
[2024-01-22 22:13:19,215] [MainProcess/MainThread/INFO] (shell_startup.py/update) Creating Sprites...Drawing Background Sprites
[2024-01-22 22:13:19,215] [MainProcess/MainThread/INFO] (shell_startup.py/update) Creating Windows Spites...Drawing Window Sprites
[2024-01-22 22:13:19,233] [MainProcess/MainThread/INFO] (shell_startup.py/update) Clearing background
[2024-01-22 22:13:19,233] [MainProcess/MainThread/INFO] (shell_startup.py/update) Creating Sprites...Drawing Background Sprites
[2024-01-22 22:13:19,233] [MainProcess/MainThread/INFO] (shell_startup.py/update) Creating Windows Spites...Drawing Window Sprites
[2024-01-22 22:13:19,251] [MainProcess/MainThread/INFO] (shell_startup.py/update) Clearing background
[2024-01-22 22:13:19,251] [MainProcess/MainThread/INFO] (shell_startup.py/update) Creating Sprites...Drawing Background Sprites
[2024-01-22 22:13:19,251] [MainProcess/MainThread/INFO] (shell_startup.py/update) Creating Windows Spites...Drawing Window Sprites
[2024-01-22 22:13:19,269] [MainProcess/MainThread/INFO] (shell_startup.py/update) Clearing background
[2024-01-22 22:13:19,269] [MainProcess/MainThread/INFO] (shell_startup.py/update) Creating Sprites...Drawing Background Sprites
[2024-01-22 22:13:19,269] [MainProcess/MainThread/INFO] (shell_startup.py/update) Creating Windows Spites...Drawing Window Sprites
[2024-01-22 22:13:19,288] [MainProcess/MainThread/INFO] (shell_startup.py/update) Clearing background
[2024-01-22 22:13:19,288] [MainProcess/MainThread/INFO] (shell_startup.py/update) Creating Sprites...Drawing Background Sprites
[2024-01-22 22:13:19,288] [MainProcess/MainThread/INFO] (shell_startup.py/update) Creating Windows Spites...Drawing Window Sprites
[2024-01-22 22:13:19,305] [MainProcess/MainThread/INFO] (shell_startup.py/update) Clearing background
[2024-01-22 22:13:19,305] [MainProcess/MainThread/INFO] (shell_startup.py/update) Creating Sprites...Drawing Background Sprites
[2024-01-22 22:13:19,305] [MainProcess/MainThread/INFO] (shell_startup.py/update) Creating Windows Spites...Drawing Window Sprites
[2024-01-22 22:13:19,324] [MainProcess/MainThread/INFO] (shell_startup.py/update) Clearing background
[2024-01-22 22:13:19,324] [MainProcess/MainThread/INFO] (shell_startup.py/update) Creating Sprites...Drawing Background Sprites
[2024-01-22 22:13:19,324] [MainProcess/MainThread/INFO] (shell_startup.py/update) Creating Windows Spites...Drawing Window Sprites
[2024-01-22 22:13:19,342] [MainProcess/MainThread/INFO] (shell_startup.py/update) Clearing background
[2024-01-22 22:13:19,342] [MainProcess/MainThread/INFO] (shell_startup.py/update) Creating Sprites...Drawing Background Sprites
[2024-01-22 22:13:19,342] [MainProcess/MainThread/INFO] (shell_startup.py/update) Creating Windows Spites...Drawing Window Sprites
[2024-01-22 22:13:19,360] [MainProcess/MainThread/INFO] (shell_startup.py/update) Clearing background
[2024-01-22 22:13:19,360] [MainProcess/MainThread/INFO] (shell_startup.py/update) Creating Sprites...Drawing Background Sprites
[2024-01-22 22:13:19,360] [MainProcess/MainThread/INFO] (shell_startup.py/update) Creating Windows Spites...Drawing Window Sprites
[2024-01-22 22:13:19,378] [MainProcess/MainThread/INFO] (shell_startup.py/update) Clearing background
[2024-01-22 22:13:19,379] [MainProcess/MainThread/INFO] (shell_startup.py/update) Creating Sprites...Drawing Background Sprites
[2024-01-22 22:13:19,379] [MainProcess/MainThread/INFO] (shell_startup.py/update) Creating Windows Spites...Drawing Window Sprites
[2024-01-22 22:13:19,397] [MainProcess/MainThread/INFO] (shell_startup.py/update) Clearing background
[2024-01-22 22:13:19,397] [MainProcess/MainThread/INFO] (shell_startup.py/update) Creating Sprites...Drawing Background Sprites
[2024-01-22 22:13:19,397] [MainProcess/MainThread/INFO] (shell_startup.py/update) Creating Windows Spites...Drawing Window Sprites
[2024-01-22 22:13:19,415] [MainProcess/MainThread/INFO] (shell_startup.py/update) Clearing background
[2024-01-22 22:13:19,415] [MainProcess/MainThread/INFO] (shell_startup.py/update) Creating Sprites...Drawing Background Sprites
[2024-01-22 22:13:19,415] [MainProcess/MainThread/INFO] (shell_startup.py/update) Creating Windows Spites...Drawing Window Sprites
[2024-01-22 22:13:19,432] [MainProcess/MainThread/INFO] (shell_startup.py/update) Clearing background
[2024-01-22 22:13:19,433] [MainProcess/MainThread/INFO] (shell_startup.py/update) Creating Sprites...Drawing Background Sprites
[2024-01-22 22:13:19,433] [MainProcess/MainThread/INFO] (shell_startup.py/update) Creating Windows Spites...Drawing Window Sprites
[2024-01-22 22:13:19,451] [MainProcess/MainThread/INFO] (shell_startup.py/update) Clearing background
[2024-01-22 22:13:19,451] [MainProcess/MainThread/INFO] (shell_startup.py/update) Creating Sprites...Drawing Background Sprites
[2024-01-22 22:13:19,451] [MainProcess/MainThread/INFO] (shell_startup.py/update) Creating Windows Spites...Drawing Window Sprites
[2024-01-22 22:13:19,469] [MainProcess/MainThread/INFO] (shell_startup.py/update) Clearing background
[2024-01-22 22:13:19,469] [MainProcess/MainThread/INFO] (shell_startup.py/update) Creating Sprites...Drawing Background Sprites
[2024-01-22 22:13:19,469] [MainProcess/MainThread/INFO] (shell_startup.py/update) Creating Windows Spites...Drawing Window Sprites
[2024-01-22 22:13:19,488] [MainProcess/MainThread/INFO] (shell_startup.py/update) Clearing background
[2024-01-22 22:13:19,488] [MainProcess/MainThread/INFO] (shell_startup.py/update) Creating Sprites...Drawing Background Sprites
[2024-01-22 22:13:19,488] [MainProcess/MainThread/INFO] (shell_startup.py/update) Creating Windows Spites...Drawing Window Sprites
[2024-01-22 22:13:19,505] [MainProcess/MainThread/INFO] (shell_startup.py/update) Clearing background
[2024-01-22 22:13:19,505] [MainProcess/MainThread/INFO] (shell_startup.py/update) Creating Sprites...Drawing Background Sprites
[2024-01-22 22:13:19,506] [MainProcess/MainThread/INFO] (shell_startup.py/update) Creating Windows Spites...Drawing Window Sprites
[2024-01-22 22:13:19,524] [MainProcess/MainThread/INFO] (shell_startup.py/update) Clearing background
[2024-01-22 22:13:19,524] [MainProcess/MainThread/INFO] (shell_startup.py/update) Creating Sprites...Drawing Background Sprites
[2024-01-22 22:13:19,524] [MainProcess/MainThread/INFO] (shell_startup.py/update) Creating Windows Spites...Drawing Window Sprites
[2024-01-22 22:13:19,542] [MainProcess/MainThread/INFO] (shell_startup.py/update) Clearing background
[2024-01-22 22:13:19,542] [MainProcess/MainThread/INFO] (shell_startup.py/update) Creating Sprites...Drawing Background Sprites
[2024-01-22 22:13:19,542] [MainProcess/MainThread/INFO] (shell_startup.py/update) Creating Windows Spites...Drawing Window Sprites
[2024-01-22 22:13:19,560] [MainProcess/MainThread/INFO] (shell_startup.py/update) Clearing background
[2024-01-22 22:13:19,560] [MainProcess/MainThread/INFO] (shell_startup.py/update) Creating Sprites...Drawing Background Sprites
[2024-01-22 22:13:19,560] [MainProcess/MainThread/INFO] (shell_startup.py/update) Creating Windows Spites...Drawing Window Sprites
[2024-01-22 22:13:19,579] [MainProcess/MainThread/INFO] (shell_startup.py/update) Clearing background
[2024-01-22 22:13:19,579] [MainProcess/MainThread/INFO] (shell_startup.py/update) Creating Sprites...Drawing Background Sprites
[2024-01-22 22:13:19,579] [MainProcess/MainThread/INFO] (shell_startup.py/update) Creating Windows Spites...Drawing Window Sprites
[2024-01-22 22:13:19,597] [MainProcess/MainThread/INFO] (shell_startup.py/update) Clearing background
[2024-01-22 22:13:19,597] [MainProcess/MainThread/INFO] (shell_startup.py/update) Creating Sprites...Drawing Background Sprites
[2024-01-22 22:13:19,597] [MainProcess/MainThread/INFO] (shell_startup.py/update) Creating Windows Spites...Drawing Window Sprites
[2024-01-22 22:13:19,616] [MainProcess/MainThread/INFO] (shell_startup.py/update) Clearing background
[2024-01-22 22:13:19,616] [MainProcess/MainThread/INFO] (shell_startup.py/update) Creating Sprites...Drawing Background Sprites
[2024-01-22 22:13:19,616] [MainProcess/MainThread/INFO] (shell_startup.py/update) Creating Windows Spites...Drawing Window Sprites
[2024-01-22 22:13:19,633] [MainProcess/MainThread/INFO] (shell_startup.py/update) Clearing background
[2024-01-22 22:13:19,633] [MainProcess/MainThread/INFO] (shell_startup.py/update) Creating Sprites...Drawing Background Sprites
[2024-01-22 22:13:19,633] [MainProcess/MainThread/INFO] (shell_startup.py/update) Creating Windows Spites...Drawing Window Sprites
[2024-01-22 22:13:19,651] [MainProcess/MainThread/INFO] (shell_startup.py/update) Clearing background
[2024-01-22 22:13:19,652] [MainProcess/MainThread/INFO] (shell_startup.py/update) Creating Sprites...Drawing Background Sprites
[2024-01-22 22:13:19,652] [MainProcess/MainThread/INFO] (shell_startup.py/update) Creating Windows Spites...Drawing Window Sprites
[2024-01-22 22:13:19,670] [MainProcess/MainThread/INFO] (shell_startup.py/update) Clearing background
[2024-01-22 22:13:19,670] [MainProcess/MainThread/INFO] (shell_startup.py/update) Creating Sprites...Drawing Background Sprites
[2024-01-22 22:13:19,670] [MainProcess/MainThread/INFO] (shell_startup.py/update) Creating Windows Spites...Drawing Window Sprites
[2024-01-22 22:13:19,688] [MainProcess/MainThread/INFO] (shell_startup.py/update) Clearing background
[2024-01-22 22:13:19,688] [MainProcess/MainThread/INFO] (shell_startup.py/update) Creating Sprites...Drawing Background Sprites
[2024-01-22 22:13:19,688] [MainProcess/MainThread/INFO] (shell_startup.py/update) Creating Windows Spites...Drawing Window Sprites
[2024-01-22 22:13:19,706] [MainProcess/MainThread/INFO] (shell_startup.py/update) Clearing background
[2024-01-22 22:13:19,706] [MainProcess/MainThread/INFO] (shell_startup.py/update) Creating Sprites...Drawing Background Sprites
[2024-01-22 22:13:19,706] [MainProcess/MainThread/INFO] (shell_startup.py/update) Creating Windows Spites...Drawing Window Sprites
[2024-01-22 22:13:19,724] [MainProcess/MainThread/INFO] (shell_startup.py/update) Clearing background
[2024-01-22 22:13:19,724] [MainProcess/MainThread/INFO] (shell_startup.py/update) Creating Sprites...Drawing Background Sprites
[2024-01-22 22:13:19,724] [MainProcess/MainThread/INFO] (shell_startup.py/update) Creating Windows Spites...Drawing Window Sprites
[2024-01-22 22:13:19,743] [MainProcess/MainThread/INFO] (shell_startup.py/update) Clearing background
[2024-01-22 22:13:19,743] [MainProcess/MainThread/INFO] (shell_startup.py/update) Creating Sprites...Drawing Background Sprites
[2024-01-22 22:13:19,743] [MainProcess/MainThread/INFO] (shell_startup.py/update) Creating Windows Spites...Drawing Window Sprites
[2024-01-22 22:13:19,760] [MainProcess/MainThread/INFO] (shell_startup.py/update) Clearing background
[2024-01-22 22:13:19,760] [MainProcess/MainThread/INFO] (shell_startup.py/update) Creating Sprites...Drawing Background Sprites
[2024-01-22 22:13:19,760] [MainProcess/MainThread/INFO] (shell_startup.py/update) Creating Windows Spites...Drawing Window Sprites
[2024-01-22 22:13:19,779] [MainProcess/MainThread/INFO] (shell_startup.py/update) Clearing background
[2024-01-22 22:13:19,779] [MainProcess/MainThread/INFO] (shell_startup.py/update) Creating Sprites...Drawing Background Sprites
[2024-01-22 22:13:19,779] [MainProcess/MainThread/INFO] (shell_startup.py/update) Creating Windows Spites...Drawing Window Sprites
[2024-01-22 22:13:19,797] [MainProcess/MainThread/INFO] (shell_startup.py/update) Clearing background
[2024-01-22 22:13:19,797] [MainProcess/MainThread/INFO] (shell_startup.py/update) Creating Sprites...Drawing Background Sprites
[2024-01-22 22:13:19,797] [MainProcess/MainThread/INFO] (shell_startup.py/update) Creating Windows Spites...Drawing Window Sprites
[2024-01-22 22:13:19,815] [MainProcess/MainThread/INFO] (shell_startup.py/update) Clearing background
[2024-01-22 22:13:19,815] [MainProcess/MainThread/INFO] (shell_startup.py/update) Creating Sprites...Drawing Background Sprites
[2024-01-22 22:13:19,815] [MainProcess/MainThread/INFO] (shell_startup.py/update) Creating Windows Spites...Drawing Window Sprites
[2024-01-22 22:13:19,834] [MainProcess/MainThread/INFO] (shell_startup.py/update) Clearing background
[2024-01-22 22:13:19,834] [MainProcess/MainThread/INFO] (shell_startup.py/update) Creating Sprites...Drawing Background Sprites
[2024-01-22 22:13:19,834] [MainProcess/MainThread/INFO] (shell_startup.py/update) Creating Windows Spites...Drawing Window Sprites
[2024-01-22 22:13:19,851] [MainProcess/MainThread/INFO] (shell_startup.py/update) Clearing background
[2024-01-22 22:13:19,852] [MainProcess/MainThread/INFO] (shell_startup.py/update) Creating Sprites...Drawing Background Sprites
[2024-01-22 22:13:19,852] [MainProcess/MainThread/INFO] (shell_startup.py/update) Creating Windows Spites...Drawing Window Sprites
[2024-01-22 22:13:19,869] [MainProcess/MainThread/INFO] (shell_startup.py/update) Clearing background
[2024-01-22 22:13:19,870] [MainProcess/MainThread/INFO] (shell_startup.py/update) Creating Sprites...Drawing Background Sprites
[2024-01-22 22:13:19,870] [MainProcess/MainThread/INFO] (shell_startup.py/update) Creating Windows Spites...Drawing Window Sprites
[2024-01-22 22:13:19,888] [MainProcess/MainThread/INFO] (shell_startup.py/update) Clearing background
[2024-01-22 22:13:19,888] [MainProcess/MainThread/INFO] (shell_startup.py/update) Creating Sprites...Drawing Background Sprites
[2024-01-22 22:13:19,888] [MainProcess/MainThread/INFO] (shell_startup.py/update) Creating Windows Spites...Drawing Window Sprites
[2024-01-22 22:13:19,907] [MainProcess/MainThread/INFO] (shell_startup.py/update) Clearing background
[2024-01-22 22:13:19,907] [MainProcess/MainThread/INFO] (shell_startup.py/update) Creating Sprites...Drawing Background Sprites
[2024-01-22 22:13:19,907] [MainProcess/MainThread/INFO] (shell_startup.py/update) Creating Windows Spites...Drawing Window Sprites
[2024-01-22 22:13:19,924] [MainProcess/MainThread/INFO] (shell_startup.py/update) Clearing background
[2024-01-22 22:13:19,924] [MainProcess/MainThread/INFO] (shell_startup.py/update) Creating Sprites...Drawing Background Sprites
[2024-01-22 22:13:19,924] [MainProcess/MainThread/INFO] (shell_startup.py/update) Creating Windows Spites...Drawing Window Sprites
[2024-01-22 22:13:19,943] [MainProcess/MainThread/INFO] (shell_startup.py/update) Clearing background
[2024-01-22 22:13:19,943] [MainProcess/MainThread/INFO] (shell_startup.py/update) Creating Sprites...Drawing Background Sprites
[2024-01-22 22:13:19,943] [MainProcess/MainThread/INFO] (shell_startup.py/update) Creating Windows Spites...Drawing Window Sprites
[2024-01-22 22:13:19,961] [MainProcess/MainThread/INFO] (shell_startup.py/update) Clearing background
[2024-01-22 22:13:19,961] [MainProcess/MainThread/INFO] (shell_startup.py/update) Creating Sprites...Drawing Background Sprites
[2024-01-22 22:13:19,961] [MainProcess/MainThread/INFO] (shell_startup.py/update) Creating Windows Spites...Drawing Window Sprites
[2024-01-22 22:13:19,979] [MainProcess/MainThread/INFO] (shell_startup.py/update) Clearing background
[2024-01-22 22:13:19,979] [MainProcess/MainThread/INFO] (shell_startup.py/update) Creating Sprites...Drawing Background Sprites
[2024-01-22 22:13:19,979] [MainProcess/MainThread/INFO] (shell_startup.py/update) Creating Windows Spites...Drawing Window Sprites
[2024-01-22 22:13:19,997] [MainProcess/MainThread/INFO] (shell_startup.py/update) Clearing background
[2024-01-22 22:13:19,997] [MainProcess/MainThread/INFO] (shell_startup.py/update) Creating Sprites...Drawing Background Sprites
[2024-01-22 22:13:19,998] [MainProcess/MainThread/INFO] (shell_startup.py/update) Creating Windows Spites...Drawing Window Sprites
[2024-01-22 22:13:20,015] [MainProcess/MainThread/INFO] (shell_startup.py/update) Clearing background
[2024-01-22 22:13:20,015] [MainProcess/MainThread/INFO] (shell_startup.py/update) Creating Sprites...Drawing Background Sprites
[2024-01-22 22:13:20,015] [MainProcess/MainThread/INFO] (shell_startup.py/update) Creating Windows Spites...Drawing Window Sprites
[2024-01-22 22:13:20,034] [MainProcess/MainThread/INFO] (shell_startup.py/update) Clearing background
[2024-01-22 22:13:20,034] [MainProcess/MainThread/INFO] (shell_startup.py/update) Creating Sprites...Drawing Background Sprites
[2024-01-22 22:13:20,034] [MainProcess/MainThread/INFO] (shell_startup.py/update) Creating Windows Spites...Drawing Window Sprites
[2024-01-22 22:13:20,052] [MainProcess/MainThread/INFO] (shell_startup.py/update) Clearing background
[2024-01-22 22:13:20,052] [MainProcess/MainThread/INFO] (shell_startup.py/update) Creating Sprites...Drawing Background Sprites
[2024-01-22 22:13:20,052] [MainProcess/MainThread/INFO] (shell_startup.py/update) Creating Windows Spites...Drawing Window Sprites
[2024-01-22 22:13:20,070] [MainProcess/MainThread/INFO] (shell_startup.py/update) Clearing background
[2024-01-22 22:13:20,070] [MainProcess/MainThread/INFO] (shell_startup.py/update) Creating Sprites...Drawing Background Sprites
[2024-01-22 22:13:20,070] [MainProcess/MainThread/INFO] (shell_startup.py/update) Creating Windows Spites...Drawing Window Sprites
[2024-01-22 22:13:20,089] [MainProcess/MainThread/INFO] (shell_startup.py/update) Clearing background
[2024-01-22 22:13:20,089] [MainProcess/MainThread/INFO] (shell_startup.py/update) Creating Sprites...Drawing Background Sprites
[2024-01-22 22:13:20,089] [MainProcess/MainThread/INFO] (shell_startup.py/update) Creating Windows Spites...Drawing Window Sprites
[2024-01-22 22:13:20,107] [MainProcess/MainThread/INFO] (shell_startup.py/update) Clearing background
[2024-01-22 22:13:20,107] [MainProcess/MainThread/INFO] (shell_startup.py/update) Creating Sprites...Drawing Background Sprites
[2024-01-22 22:13:20,107] [MainProcess/MainThread/INFO] (shell_startup.py/update) Creating Windows Spites...Drawing Window Sprites
[2024-01-22 22:13:20,124] [MainProcess/MainThread/INFO] (shell_startup.py/update) Clearing background
[2024-01-22 22:13:20,124] [MainProcess/MainThread/INFO] (shell_startup.py/update) Creating Sprites...Drawing Background Sprites
[2024-01-22 22:13:20,124] [MainProcess/MainThread/INFO] (shell_startup.py/update) Creating Windows Spites...Drawing Window Sprites
[2024-01-22 22:13:20,143] [MainProcess/MainThread/INFO] (shell_startup.py/update) Clearing background
[2024-01-22 22:13:20,143] [MainProcess/MainThread/INFO] (shell_startup.py/update) Creating Sprites...Drawing Background Sprites
[2024-01-22 22:13:20,144] [MainProcess/MainThread/INFO] (shell_startup.py/update) Creating Windows Spites...Drawing Window Sprites
