[LOGS]
[2024-01-22 22:09:33,207] [MainProcess/MainThread/INFO] (shell_startup.py/update) Clearing background
[2024-01-22 22:09:33,207] [MainProcess/MainThread/INFO] (shell_startup.py/update) Creating Sprites...Drawing Background Sprites
[2024-01-22 22:09:33,207] [MainProcess/MainThread/INFO] (shell_startup.py/update) Creating Windows Spites...Drawing Window Sprites
[2024-01-22 22:09:33,221] [MainProcess/MainThread/INFO] (shell_startup.py/update) Clearing background
[2024-01-22 22:09:33,222] [MainProcess/MainThread/INFO] (shell_startup.py/update) Creating Sprites...Drawing Background Sprites
[2024-01-22 22:09:33,222] [MainProcess/MainThread/INFO] (shell_startup.py/update) Creating Windows Spites...Drawing Window Sprites
[2024-01-22 22:09:33,239] [MainProcess/MainThread/INFO] (shell_startup.py/update) Clearing background
[2024-01-22 22:09:33,239] [MainProcess/MainThread/INFO] (shell_startup.py/update) Creating Sprites...Drawing Background Sprites
[2024-01-22 22:09:33,239] [MainProcess/MainThread/INFO] (shell_startup.py/update) Creating Windows Spites...Drawing Window Sprites
[2024-01-22 22:09:33,258] [MainProcess/MainThread/INFO] (shell_startup.py/update) Clearing background
[2024-01-22 22:09:33,258] [MainProcess/MainThread/INFO] (shell_startup.py/update) Creating Sprites...Drawing Background Sprites
[2024-01-22 22:09:33,258] [MainProcess/MainThread/INFO] (shell_startup.py/update) Creating Windows Spites...Drawing Window Sprites
[2024-01-22 22:09:33,277] [MainProcess/MainThread/INFO] (shell_startup.py/update) Clearing background
[2024-01-22 22:09:33,277] [MainProcess/MainThread/INFO] (shell_startup.py/update) Creating Sprites...Drawing Background Sprites
[2024-01-22 22:09:33,277] [MainProcess/MainThread/INFO] (shell_startup.py/update) Creating Windows Spites...Drawing Window Sprites
[2024-01-22 22:09:33,295] [MainProcess/MainThread/INFO] (shell_startup.py/update) Clearing background
[2024-01-22 22:09:33,295] [MainProcess/MainThread/INFO] (shell_startup.py/update) Creating Sprites...Drawing Background Sprites
[2024-01-22 22:09:33,295] [MainProcess/MainThread/INFO] (shell_startup.py/update) Creating Windows Spites...Drawing Window Sprites
[2024-01-22 22:09:33,312] [MainProcess/MainThread/INFO] (shell_startup.py/update) Clearing background
[2024-01-22 22:09:33,313] [MainProcess/MainThread/INFO] (shell_startup.py/update) Creating Sprites...Drawing Background Sprites
[2024-01-22 22:09:33,313] [MainProcess/MainThread/INFO] (shell_startup.py/update) Creating Windows Spites...Drawing Window Sprites
[2024-01-22 22:09:33,331] [MainProcess/MainThread/INFO] (shell_startup.py/update) Clearing background
[2024-01-22 22:09:33,331] [MainProcess/MainThread/INFO] (shell_startup.py/update) Creating Sprites...Drawing Background Sprites
[2024-01-22 22:09:33,331] [MainProcess/MainThread/INFO] (shell_startup.py/update) Creating Windows Spites...Drawing Window Sprites
[2024-01-22 22:09:33,348] [MainProcess/MainThread/INFO] (shell_startup.py/update) Clearing background
[2024-01-22 22:09:33,348] [MainProcess/MainThread/INFO] (shell_startup.py/update) Creating Sprites...Drawing Background Sprites
[2024-01-22 22:09:33,348] [MainProcess/MainThread/INFO] (shell_startup.py/update) Creating Windows Spites...Drawing Window Sprites
[2024-01-22 22:09:33,367] [MainProcess/MainThread/INFO] (shell_startup.py/update) Clearing background
[2024-01-22 22:09:33,367] [MainProcess/MainThread/INFO] (shell_startup.py/update) Creating Sprites...Drawing Background Sprites
[2024-01-22 22:09:33,367] [MainProcess/MainThread/INFO] (shell_startup.py/update) Creating Windows Spites...Drawing Window Sprites
[2024-01-22 22:09:33,385] [MainProcess/MainThread/INFO] (shell_startup.py/update) Clearing background
[2024-01-22 22:09:33,386] [MainProcess/MainThread/INFO] (shell_startup.py/update) Creating Sprites...Drawing Background Sprites
[2024-01-22 22:09:33,386] [MainProcess/MainThread/INFO] (shell_startup.py/update) Creating Windows Spites...Drawing Window Sprites
[2024-01-22 22:09:33,404] [MainProcess/MainThread/INFO] (shell_startup.py/update) Clearing background
[2024-01-22 22:09:33,404] [MainProcess/MainThread/INFO] (shell_startup.py/update) Creating Sprites...Drawing Background Sprites
[2024-01-22 22:09:33,404] [MainProcess/MainThread/INFO] (shell_startup.py/update) Creating Windows Spites...Drawing Window Sprites
[2024-01-22 22:09:33,421] [MainProcess/MainThread/INFO] (shell_startup.py/update) Clearing background
[2024-01-22 22:09:33,422] [MainProcess/MainThread/INFO] (shell_startup.py/update) Creating Sprites...Drawing Background Sprites
[2024-01-22 22:09:33,422] [MainProcess/MainThread/INFO] (shell_startup.py/update) Creating Windows Spites...Drawing Window Sprites
[2024-01-22 22:09:33,440] [MainProcess/MainThread/INFO] (shell_startup.py/update) Clearing background
[2024-01-22 22:09:33,440] [MainProcess/MainThread/INFO] (shell_startup.py/update) Creating Sprites...Drawing Background Sprites
[2024-01-22 22:09:33,440] [MainProcess/MainThread/INFO] (shell_startup.py/update) Creating Windows Spites...Drawing Window Sprites
[2024-01-22 22:09:33,457] [MainProcess/MainThread/INFO] (shell_startup.py/update) Clearing background
[2024-01-22 22:09:33,458] [MainProcess/MainThread/INFO] (shell_startup.py/update) Creating Sprites...Drawing Background Sprites
[2024-01-22 22:09:33,458] [MainProcess/MainThread/INFO] (shell_startup.py/update) Creating Windows Spites...Drawing Window Sprites
[2024-01-22 22:09:33,477] [MainProcess/MainThread/INFO] (shell_startup.py/update) Clearing background
[2024-01-22 22:09:33,478] [MainProcess/MainThread/INFO] (shell_startup.py/update) Creating Sprites...Drawing Background Sprites
[2024-01-22 22:09:33,478] [MainProcess/MainThread/INFO] (shell_startup.py/update) Creating Windows Spites...Drawing Window Sprites
[2024-01-22 22:09:33,494] [MainProcess/MainThread/INFO] (shell_startup.py/update) Clearing background
[2024-01-22 22:09:33,494] [MainProcess/MainThread/INFO] (shell_startup.py/update) Creating Sprites...Drawing Background Sprites
[2024-01-22 22:09:33,494] [MainProcess/MainThread/INFO] (shell_startup.py/update) Creating Windows Spites...Drawing Window Sprites
[2024-01-22 22:09:33,513] [MainProcess/MainThread/INFO] (shell_startup.py/update) Clearing background
[2024-01-22 22:09:33,513] [MainProcess/MainThread/INFO] (shell_startup.py/update) Creating Sprites...Drawing Background Sprites
[2024-01-22 22:09:33,513] [MainProcess/MainThread/INFO] (shell_startup.py/update) Creating Windows Spites...Drawing Window Sprites
[2024-01-22 22:09:33,531] [MainProcess/MainThread/INFO] (shell_startup.py/update) Clearing background
[2024-01-22 22:09:33,531] [MainProcess/MainThread/INFO] (shell_startup.py/update) Creating Sprites...Drawing Background Sprites
[2024-01-22 22:09:33,531] [MainProcess/MainThread/INFO] (shell_startup.py/update) Creating Windows Spites...Drawing Window Sprites
[2024-01-22 22:09:33,549] [MainProcess/MainThread/INFO] (shell_startup.py/update) Clearing background
[2024-01-22 22:09:33,549] [MainProcess/MainThread/INFO] (shell_startup.py/update) Creating Sprites...Drawing Background Sprites
[2024-01-22 22:09:33,549] [MainProcess/MainThread/INFO] (shell_startup.py/update) Creating Windows Spites...Drawing Window Sprites
[2024-01-22 22:09:33,567] [MainProcess/MainThread/INFO] (shell_startup.py/update) Clearing background
[2024-01-22 22:09:33,567] [MainProcess/MainThread/INFO] (shell_startup.py/update) Creating Sprites...Drawing Background Sprites
[2024-01-22 22:09:33,567] [MainProcess/MainThread/INFO] (shell_startup.py/update) Creating Windows Spites...Drawing Window Sprites
[2024-01-22 22:09:33,585] [MainProcess/MainThread/INFO] (shell_startup.py/update) Clearing background
[2024-01-22 22:09:33,585] [MainProcess/MainThread/INFO] (shell_startup.py/update) Creating Sprites...Drawing Background Sprites
[2024-01-22 22:09:33,585] [MainProcess/MainThread/INFO] (shell_startup.py/update) Creating Windows Spites...Drawing Window Sprites
[2024-01-22 22:09:33,604] [MainProcess/MainThread/INFO] (shell_startup.py/update) Clearing background
[2024-01-22 22:09:33,604] [MainProcess/MainThread/INFO] (shell_startup.py/update) Creating Sprites...Drawing Background Sprites
[2024-01-22 22:09:33,604] [MainProcess/MainThread/INFO] (shell_startup.py/update) Creating Windows Spites...Drawing Window Sprites
[2024-01-22 22:09:33,622] [MainProcess/MainThread/INFO] (shell_startup.py/update) Clearing background
[2024-01-22 22:09:33,622] [MainProcess/MainThread/INFO] (shell_startup.py/update) Creating Sprites...Drawing Background Sprites
[2024-01-22 22:09:33,622] [MainProcess/MainThread/INFO] (shell_startup.py/update) Creating Windows Spites...Drawing Window Sprites
[2024-01-22 22:09:33,639] [MainProcess/MainThread/INFO] (shell_startup.py/update) Clearing background
[2024-01-22 22:09:33,640] [MainProcess/MainThread/INFO] (shell_startup.py/update) Creating Sprites...Drawing Background Sprites
[2024-01-22 22:09:33,640] [MainProcess/MainThread/INFO] (shell_startup.py/update) Creating Windows Spites...Drawing Window Sprites
[2024-01-22 22:09:33,658] [MainProcess/MainThread/INFO] (shell_startup.py/update) Clearing background
[2024-01-22 22:09:33,658] [MainProcess/MainThread/INFO] (shell_startup.py/update) Creating Sprites...Drawing Background Sprites
[2024-01-22 22:09:33,658] [MainProcess/MainThread/INFO] (shell_startup.py/update) Creating Windows Spites...Drawing Window Sprites
[2024-01-22 22:09:33,676] [MainProcess/MainThread/INFO] (shell_startup.py/update) Clearing background
[2024-01-22 22:09:33,676] [MainProcess/MainThread/INFO] (shell_startup.py/update) Creating Sprites...Drawing Background Sprites
[2024-01-22 22:09:33,676] [MainProcess/MainThread/INFO] (shell_startup.py/update) Creating Windows Spites...Drawing Window Sprites
[2024-01-22 22:09:33,694] [MainProcess/MainThread/INFO] (shell_startup.py/update) Clearing background
[2024-01-22 22:09:33,694] [MainProcess/MainThread/INFO] (shell_startup.py/update) Creating Sprites...Drawing Background Sprites
[2024-01-22 22:09:33,694] [MainProcess/MainThread/INFO] (shell_startup.py/update) Creating Windows Spites...Drawing Window Sprites
[2024-01-22 22:09:33,713] [MainProcess/MainThread/INFO] (shell_startup.py/update) Clearing background
[2024-01-22 22:09:33,713] [MainProcess/MainThread/INFO] (shell_startup.py/update) Creating Sprites...Drawing Background Sprites
[2024-01-22 22:09:33,713] [MainProcess/MainThread/INFO] (shell_startup.py/update) Creating Windows Spites...Drawing Window Sprites
[2024-01-22 22:09:33,731] [MainProcess/MainThread/INFO] (shell_startup.py/update) Clearing background
[2024-01-22 22:09:33,731] [MainProcess/MainThread/INFO] (shell_startup.py/update) Creating Sprites...Drawing Background Sprites
[2024-01-22 22:09:33,731] [MainProcess/MainThread/INFO] (shell_startup.py/update) Creating Windows Spites...Drawing Window Sprites
[2024-01-22 22:09:33,749] [MainProcess/MainThread/INFO] (shell_startup.py/update) Clearing background
[2024-01-22 22:09:33,749] [MainProcess/MainThread/INFO] (shell_startup.py/update) Creating Sprites...Drawing Background Sprites
[2024-01-22 22:09:33,749] [MainProcess/MainThread/INFO] (shell_startup.py/update) Creating Windows Spites...Drawing Window Sprites
[2024-01-22 22:09:33,768] [MainProcess/MainThread/INFO] (shell_startup.py/update) Clearing background
[2024-01-22 22:09:33,768] [MainProcess/MainThread/INFO] (shell_startup.py/update) Creating Sprites...Drawing Background Sprites
[2024-01-22 22:09:33,768] [MainProcess/MainThread/INFO] (shell_startup.py/update) Creating Windows Spites...Drawing Window Sprites
[2024-01-22 22:09:33,785] [MainProcess/MainThread/INFO] (shell_startup.py/update) Clearing background
[2024-01-22 22:09:33,785] [MainProcess/MainThread/INFO] (shell_startup.py/update) Creating Sprites...Drawing Background Sprites
[2024-01-22 22:09:33,785] [MainProcess/MainThread/INFO] (shell_startup.py/update) Creating Windows Spites...Drawing Window Sprites
[2024-01-22 22:09:33,804] [MainProcess/MainThread/INFO] (shell_startup.py/update) Clearing background
[2024-01-22 22:09:33,804] [MainProcess/MainThread/INFO] (shell_startup.py/update) Creating Sprites...Drawing Background Sprites
[2024-01-22 22:09:33,804] [MainProcess/MainThread/INFO] (shell_startup.py/update) Creating Windows Spites...Drawing Window Sprites
[2024-01-22 22:09:33,822] [MainProcess/MainThread/INFO] (shell_startup.py/update) Clearing background
[2024-01-22 22:09:33,822] [MainProcess/MainThread/INFO] (shell_startup.py/update) Creating Sprites...Drawing Background Sprites
[2024-01-22 22:09:33,822] [MainProcess/MainThread/INFO] (shell_startup.py/update) Creating Windows Spites...Drawing Window Sprites
[2024-01-22 22:09:33,840] [MainProcess/MainThread/INFO] (shell_startup.py/update) Clearing background
[2024-01-22 22:09:33,840] [MainProcess/MainThread/INFO] (shell_startup.py/update) Creating Sprites...Drawing Background Sprites
[2024-01-22 22:09:33,840] [MainProcess/MainThread/INFO] (shell_startup.py/update) Creating Windows Spites...Drawing Window Sprites
[2024-01-22 22:09:33,858] [MainProcess/MainThread/INFO] (shell_startup.py/update) Clearing background
[2024-01-22 22:09:33,859] [MainProcess/MainThread/INFO] (shell_startup.py/update) Creating Sprites...Drawing Background Sprites
[2024-01-22 22:09:33,859] [MainProcess/MainThread/INFO] (shell_startup.py/update) Creating Windows Spites...Drawing Window Sprites
[2024-01-22 22:09:33,876] [MainProcess/MainThread/INFO] (shell_startup.py/update) Clearing background
[2024-01-22 22:09:33,877] [MainProcess/MainThread/INFO] (shell_startup.py/update) Creating Sprites...Drawing Background Sprites
[2024-01-22 22:09:33,877] [MainProcess/MainThread/INFO] (shell_startup.py/update) Creating Windows Spites...Drawing Window Sprites
[2024-01-22 22:09:33,894] [MainProcess/MainThread/INFO] (shell_startup.py/update) Clearing background
[2024-01-22 22:09:33,894] [MainProcess/MainThread/INFO] (shell_startup.py/update) Creating Sprites...Drawing Background Sprites
[2024-01-22 22:09:33,894] [MainProcess/MainThread/INFO] (shell_startup.py/update) Creating Windows Spites...Drawing Window Sprites
[2024-01-22 22:09:33,913] [MainProcess/MainThread/INFO] (shell_startup.py/update) Clearing background
[2024-01-22 22:09:33,913] [MainProcess/MainThread/INFO] (shell_startup.py/update) Creating Sprites...Drawing Background Sprites
[2024-01-22 22:09:33,913] [MainProcess/MainThread/INFO] (shell_startup.py/update) Creating Windows Spites...Drawing Window Sprites
[2024-01-22 22:09:33,932] [MainProcess/MainThread/INFO] (shell_startup.py/update) Clearing background
[2024-01-22 22:09:33,932] [MainProcess/MainThread/INFO] (shell_startup.py/update) Creating Sprites...Drawing Background Sprites
[2024-01-22 22:09:33,932] [MainProcess/MainThread/INFO] (shell_startup.py/update) Creating Windows Spites...Drawing Window Sprites
[2024-01-22 22:09:33,949] [MainProcess/MainThread/INFO] (shell_startup.py/update) Clearing background
[2024-01-22 22:09:33,949] [MainProcess/MainThread/INFO] (shell_startup.py/update) Creating Sprites...Drawing Background Sprites
[2024-01-22 22:09:33,949] [MainProcess/MainThread/INFO] (shell_startup.py/update) Creating Windows Spites...Drawing Window Sprites
[2024-01-22 22:09:33,967] [MainProcess/MainThread/INFO] (shell_startup.py/update) Clearing background
[2024-01-22 22:09:33,967] [MainProcess/MainThread/INFO] (shell_startup.py/update) Creating Sprites...Drawing Background Sprites
[2024-01-22 22:09:33,967] [MainProcess/MainThread/INFO] (shell_startup.py/update) Creating Windows Spites...Drawing Window Sprites
[2024-01-22 22:09:33,986] [MainProcess/MainThread/INFO] (shell_startup.py/update) Clearing background
[2024-01-22 22:09:33,986] [MainProcess/MainThread/INFO] (shell_startup.py/update) Creating Sprites...Drawing Background Sprites
[2024-01-22 22:09:33,986] [MainProcess/MainThread/INFO] (shell_startup.py/update) Creating Windows Spites...Drawing Window Sprites
[2024-01-22 22:09:34,004] [MainProcess/MainThread/INFO] (shell_startup.py/update) Clearing background
[2024-01-22 22:09:34,004] [MainProcess/MainThread/INFO] (shell_startup.py/update) Creating Sprites...Drawing Background Sprites
[2024-01-22 22:09:34,004] [MainProcess/MainThread/INFO] (shell_startup.py/update) Creating Windows Spites...Drawing Window Sprites
[2024-01-22 22:09:34,022] [MainProcess/MainThread/INFO] (shell_startup.py/update) Clearing background
[2024-01-22 22:09:34,022] [MainProcess/MainThread/INFO] (shell_startup.py/update) Creating Sprites...Drawing Background Sprites
[2024-01-22 22:09:34,022] [MainProcess/MainThread/INFO] (shell_startup.py/update) Creating Windows Spites...Drawing Window Sprites
[2024-01-22 22:09:34,041] [MainProcess/MainThread/INFO] (shell_startup.py/update) Clearing background
[2024-01-22 22:09:34,041] [MainProcess/MainThread/INFO] (shell_startup.py/update) Creating Sprites...Drawing Background Sprites
[2024-01-22 22:09:34,041] [MainProcess/MainThread/INFO] (shell_startup.py/update) Creating Windows Spites...Drawing Window Sprites
[2024-01-22 22:09:34,058] [MainProcess/MainThread/INFO] (shell_startup.py/update) Clearing background
[2024-01-22 22:09:34,058] [MainProcess/MainThread/INFO] (shell_startup.py/update) Creating Sprites...Drawing Background Sprites
[2024-01-22 22:09:34,059] [MainProcess/MainThread/INFO] (shell_startup.py/update) Creating Windows Spites...Drawing Window Sprites
[2024-01-22 22:09:34,077] [MainProcess/MainThread/INFO] (shell_startup.py/update) Clearing background
[2024-01-22 22:09:34,077] [MainProcess/MainThread/INFO] (shell_startup.py/update) Creating Sprites...Drawing Background Sprites
[2024-01-22 22:09:34,077] [MainProcess/MainThread/INFO] (shell_startup.py/update) Creating Windows Spites...Drawing Window Sprites
[2024-01-22 22:09:34,094] [MainProcess/MainThread/INFO] (shell_startup.py/update) Clearing background
[2024-01-22 22:09:34,094] [MainProcess/MainThread/INFO] (shell_startup.py/update) Creating Sprites...Drawing Background Sprites
[2024-01-22 22:09:34,094] [MainProcess/MainThread/INFO] (shell_startup.py/update) Creating Windows Spites...Drawing Window Sprites
[2024-01-22 22:09:34,113] [MainProcess/MainThread/INFO] (shell_startup.py/update) Clearing background
[2024-01-22 22:09:34,113] [MainProcess/MainThread/INFO] (shell_startup.py/update) Creating Sprites...Drawing Background Sprites
[2024-01-22 22:09:34,113] [MainProcess/MainThread/INFO] (shell_startup.py/update) Creating Windows Spites...Drawing Window Sprites
[2024-01-22 22:09:34,132] [MainProcess/MainThread/INFO] (shell_startup.py/update) Clearing background
[2024-01-22 22:09:34,132] [MainProcess/MainThread/INFO] (shell_startup.py/update) Creating Sprites...Drawing Background Sprites
[2024-01-22 22:09:34,132] [MainProcess/MainThread/INFO] (shell_startup.py/update) Creating Windows Spites...Drawing Window Sprites
[2024-01-22 22:09:34,150] [MainProcess/MainThread/INFO] (shell_startup.py/update) Clearing background
[2024-01-22 22:09:34,150] [MainProcess/MainThread/INFO] (shell_startup.py/update) Creating Sprites...Drawing Background Sprites
[2024-01-22 22:09:34,150] [MainProcess/MainThread/INFO] (shell_startup.py/update) Creating Windows Spites...Drawing Window Sprites
[2024-01-22 22:09:34,168] [MainProcess/MainThread/INFO] (shell_startup.py/update) Clearing background
[2024-01-22 22:09:34,168] [MainProcess/MainThread/INFO] (shell_startup.py/update) Creating Sprites...Drawing Background Sprites
[2024-01-22 22:09:34,168] [MainProcess/MainThread/INFO] (shell_startup.py/update) Creating Windows Spites...Drawing Window Sprites
[2024-01-22 22:09:34,186] [MainProcess/MainThread/INFO] (shell_startup.py/update) Clearing background
[2024-01-22 22:09:34,186] [MainProcess/MainThread/INFO] (shell_startup.py/update) Creating Sprites...Drawing Background Sprites
[2024-01-22 22:09:34,186] [MainProcess/MainThread/INFO] (shell_startup.py/update) Creating Windows Spites...Drawing Window Sprites
[2024-01-22 22:09:34,205] [MainProcess/MainThread/INFO] (shell_startup.py/update) Clearing background
[2024-01-22 22:09:34,205] [MainProcess/MainThread/INFO] (shell_startup.py/update) Creating Sprites...Drawing Background Sprites
[2024-01-22 22:09:34,205] [MainProcess/MainThread/INFO] (shell_startup.py/update) Creating Windows Spites...Drawing Window Sprites
[2024-01-22 22:09:34,223] [MainProcess/MainThread/INFO] (shell_startup.py/update) Clearing background
[2024-01-22 22:09:34,223] [MainProcess/MainThread/INFO] (shell_startup.py/update) Creating Sprites...Drawing Background Sprites
[2024-01-22 22:09:34,223] [MainProcess/MainThread/INFO] (shell_startup.py/update) Creating Windows Spites...Drawing Window Sprites
[2024-01-22 22:09:34,241] [MainProcess/MainThread/INFO] (shell_startup.py/update) Clearing background
[2024-01-22 22:09:34,242] [MainProcess/MainThread/INFO] (shell_startup.py/update) Creating Sprites...Drawing Background Sprites
[2024-01-22 22:09:34,242] [MainProcess/MainThread/INFO] (shell_startup.py/update) Creating Windows Spites...Drawing Window Sprites
[2024-01-22 22:09:34,259] [MainProcess/MainThread/INFO] (shell_startup.py/update) Clearing background
[2024-01-22 22:09:34,259] [MainProcess/MainThread/INFO] (shell_startup.py/update) Creating Sprites...Drawing Background Sprites
[2024-01-22 22:09:34,259] [MainProcess/MainThread/INFO] (shell_startup.py/update) Creating Windows Spites...Drawing Window Sprites
[2024-01-22 22:09:34,277] [MainProcess/MainThread/INFO] (shell_startup.py/update) Clearing background
[2024-01-22 22:09:34,277] [MainProcess/MainThread/INFO] (shell_startup.py/update) Creating Sprites...Drawing Background Sprites
[2024-01-22 22:09:34,277] [MainProcess/MainThread/INFO] (shell_startup.py/update) Creating Windows Spites...Drawing Window Sprites
[2024-01-22 22:09:34,295] [MainProcess/MainThread/INFO] (shell_startup.py/update) Clearing background
[2024-01-22 22:09:34,295] [MainProcess/MainThread/INFO] (shell_startup.py/update) Creating Sprites...Drawing Background Sprites
[2024-01-22 22:09:34,295] [MainProcess/MainThread/INFO] (shell_startup.py/update) Creating Windows Spites...Drawing Window Sprites
[2024-01-22 22:09:34,313] [MainProcess/MainThread/INFO] (shell_startup.py/update) Clearing background
[2024-01-22 22:09:34,313] [MainProcess/MainThread/INFO] (shell_startup.py/update) Creating Sprites...Drawing Background Sprites
[2024-01-22 22:09:34,313] [MainProcess/MainThread/INFO] (shell_startup.py/update) Creating Windows Spites...Drawing Window Sprites
[2024-01-22 22:09:34,331] [MainProcess/MainThread/INFO] (shell_startup.py/update) Clearing background
[2024-01-22 22:09:34,331] [MainProcess/MainThread/INFO] (shell_startup.py/update) Creating Sprites...Drawing Background Sprites
[2024-01-22 22:09:34,331] [MainProcess/MainThread/INFO] (shell_startup.py/update) Creating Windows Spites...Drawing Window Sprites
[2024-01-22 22:09:34,349] [MainProcess/MainThread/INFO] (shell_startup.py/update) Clearing background
[2024-01-22 22:09:34,349] [MainProcess/MainThread/INFO] (shell_startup.py/update) Creating Sprites...Drawing Background Sprites
[2024-01-22 22:09:34,349] [MainProcess/MainThread/INFO] (shell_startup.py/update) Creating Windows Spites...Drawing Window Sprites
[2024-01-22 22:09:34,367] [MainProcess/MainThread/INFO] (shell_startup.py/update) Clearing background
[2024-01-22 22:09:34,367] [MainProcess/MainThread/INFO] (shell_startup.py/update) Creating Sprites...Drawing Background Sprites
[2024-01-22 22:09:34,367] [MainProcess/MainThread/INFO] (shell_startup.py/update) Creating Windows Spites...Drawing Window Sprites
[2024-01-22 22:09:34,386] [MainProcess/MainThread/INFO] (shell_startup.py/update) Clearing background
[2024-01-22 22:09:34,386] [MainProcess/MainThread/INFO] (shell_startup.py/update) Creating Sprites...Drawing Background Sprites
[2024-01-22 22:09:34,386] [MainProcess/MainThread/INFO] (shell_startup.py/update) Creating Windows Spites...Drawing Window Sprites
[2024-01-22 22:09:34,404] [MainProcess/MainThread/INFO] (shell_startup.py/update) Clearing background
[2024-01-22 22:09:34,404] [MainProcess/MainThread/INFO] (shell_startup.py/update) Creating Sprites...Drawing Background Sprites
[2024-01-22 22:09:34,404] [MainProcess/MainThread/INFO] (shell_startup.py/update) Creating Windows Spites...Drawing Window Sprites
[2024-01-22 22:09:34,422] [MainProcess/MainThread/INFO] (shell_startup.py/update) Clearing background
[2024-01-22 22:09:34,422] [MainProcess/MainThread/INFO] (shell_startup.py/update) Creating Sprites...Drawing Background Sprites
[2024-01-22 22:09:34,423] [MainProcess/MainThread/INFO] (shell_startup.py/update) Creating Windows Spites...Drawing Window Sprites
[2024-01-22 22:09:34,441] [MainProcess/MainThread/INFO] (shell_startup.py/update) Clearing background
[2024-01-22 22:09:34,441] [MainProcess/MainThread/INFO] (shell_startup.py/update) Creating Sprites...Drawing Background Sprites
[2024-01-22 22:09:34,441] [MainProcess/MainThread/INFO] (shell_startup.py/update) Creating Windows Spites...Drawing Window Sprites
[2024-01-22 22:09:34,459] [MainProcess/MainThread/INFO] (shell_startup.py/update) Clearing background
[2024-01-22 22:09:34,459] [MainProcess/MainThread/INFO] (shell_startup.py/update) Creating Sprites...Drawing Background Sprites
[2024-01-22 22:09:34,459] [MainProcess/MainThread/INFO] (shell_startup.py/update) Creating Windows Spites...Drawing Window Sprites
[2024-01-22 22:09:34,477] [MainProcess/MainThread/INFO] (shell_startup.py/update) Clearing background
[2024-01-22 22:09:34,477] [MainProcess/MainThread/INFO] (shell_startup.py/update) Creating Sprites...Drawing Background Sprites
[2024-01-22 22:09:34,477] [MainProcess/MainThread/INFO] (shell_startup.py/update) Creating Windows Spites...Drawing Window Sprites
[2024-01-22 22:09:34,495] [MainProcess/MainThread/INFO] (shell_startup.py/update) Clearing background
[2024-01-22 22:09:34,495] [MainProcess/MainThread/INFO] (shell_startup.py/update) Creating Sprites...Drawing Background Sprites
[2024-01-22 22:09:34,495] [MainProcess/MainThread/INFO] (shell_startup.py/update) Creating Windows Spites...Drawing Window Sprites
[2024-01-22 22:09:34,514] [MainProcess/MainThread/INFO] (shell_startup.py/update) Clearing background
[2024-01-22 22:09:34,514] [MainProcess/MainThread/INFO] (shell_startup.py/update) Creating Sprites...Drawing Background Sprites
[2024-01-22 22:09:34,514] [MainProcess/MainThread/INFO] (shell_startup.py/update) Creating Windows Spites...Drawing Window Sprites
[2024-01-22 22:09:34,532] [MainProcess/MainThread/INFO] (shell_startup.py/update) Clearing background
[2024-01-22 22:09:34,532] [MainProcess/MainThread/INFO] (shell_startup.py/update) Creating Sprites...Drawing Background Sprites
[2024-01-22 22:09:34,532] [MainProcess/MainThread/INFO] (shell_startup.py/update) Creating Windows Spites...Drawing Window Sprites
[2024-01-22 22:09:34,550] [MainProcess/MainThread/INFO] (shell_startup.py/update) Clearing background
[2024-01-22 22:09:34,550] [MainProcess/MainThread/INFO] (shell_startup.py/update) Creating Sprites...Drawing Background Sprites
[2024-01-22 22:09:34,550] [MainProcess/MainThread/INFO] (shell_startup.py/update) Creating Windows Spites...Drawing Window Sprites
[2024-01-22 22:09:34,568] [MainProcess/MainThread/INFO] (shell_startup.py/update) Clearing background
[2024-01-22 22:09:34,568] [MainProcess/MainThread/INFO] (shell_startup.py/update) Creating Sprites...Drawing Background Sprites
[2024-01-22 22:09:34,568] [MainProcess/MainThread/INFO] (shell_startup.py/update) Creating Windows Spites...Drawing Window Sprites
[2024-01-22 22:09:34,586] [MainProcess/MainThread/INFO] (shell_startup.py/update) Clearing background
[2024-01-22 22:09:34,586] [MainProcess/MainThread/INFO] (shell_startup.py/update) Creating Sprites...Drawing Background Sprites
[2024-01-22 22:09:34,586] [MainProcess/MainThread/INFO] (shell_startup.py/update) Creating Windows Spites...Drawing Window Sprites
[2024-01-22 22:09:34,604] [MainProcess/MainThread/INFO] (shell_startup.py/update) Clearing background
[2024-01-22 22:09:34,604] [MainProcess/MainThread/INFO] (shell_startup.py/update) Creating Sprites...Drawing Background Sprites
[2024-01-22 22:09:34,604] [MainProcess/MainThread/INFO] (shell_startup.py/update) Creating Windows Spites...Drawing Window Sprites
[2024-01-22 22:09:34,622] [MainProcess/MainThread/INFO] (shell_startup.py/update) Clearing background
[2024-01-22 22:09:34,623] [MainProcess/MainThread/INFO] (shell_startup.py/update) Creating Sprites...Drawing Background Sprites
[2024-01-22 22:09:34,623] [MainProcess/MainThread/INFO] (shell_startup.py/update) Creating Windows Spites...Drawing Window Sprites
[2024-01-22 22:09:34,642] [MainProcess/MainThread/INFO] (shell_startup.py/update) Clearing background
[2024-01-22 22:09:34,642] [MainProcess/MainThread/INFO] (shell_startup.py/update) Creating Sprites...Drawing Background Sprites
[2024-01-22 22:09:34,642] [MainProcess/MainThread/INFO] (shell_startup.py/update) Creating Windows Spites...Drawing Window Sprites
[2024-01-22 22:09:34,659] [MainProcess/MainThread/INFO] (shell_startup.py/update) Clearing background
[2024-01-22 22:09:34,659] [MainProcess/MainThread/INFO] (shell_startup.py/update) Creating Sprites...Drawing Background Sprites
[2024-01-22 22:09:34,659] [MainProcess/MainThread/INFO] (shell_startup.py/update) Creating Windows Spites...Drawing Window Sprites
[2024-01-22 22:09:34,678] [MainProcess/MainThread/INFO] (shell_startup.py/update) Clearing background
[2024-01-22 22:09:34,678] [MainProcess/MainThread/INFO] (shell_startup.py/update) Creating Sprites...Drawing Background Sprites
[2024-01-22 22:09:34,678] [MainProcess/MainThread/INFO] (shell_startup.py/update) Creating Windows Spites...Drawing Window Sprites
[2024-01-22 22:09:34,696] [MainProcess/MainThread/INFO] (shell_startup.py/update) Clearing background
[2024-01-22 22:09:34,696] [MainProcess/MainThread/INFO] (shell_startup.py/update) Creating Sprites...Drawing Background Sprites
[2024-01-22 22:09:34,696] [MainProcess/MainThread/INFO] (shell_startup.py/update) Creating Windows Spites...Drawing Window Sprites
[2024-01-22 22:09:34,713] [MainProcess/MainThread/INFO] (shell_startup.py/update) Clearing background
[2024-01-22 22:09:34,713] [MainProcess/MainThread/INFO] (shell_startup.py/update) Creating Sprites...Drawing Background Sprites
[2024-01-22 22:09:34,714] [MainProcess/MainThread/INFO] (shell_startup.py/update) Creating Windows Spites...Drawing Window Sprites
[2024-01-22 22:09:34,732] [MainProcess/MainThread/INFO] (shell_startup.py/update) Clearing background
[2024-01-22 22:09:34,732] [MainProcess/MainThread/INFO] (shell_startup.py/update) Creating Sprites...Drawing Background Sprites
[2024-01-22 22:09:34,733] [MainProcess/MainThread/INFO] (shell_startup.py/update) Creating Windows Spites...Drawing Window Sprites
[2024-01-22 22:09:34,750] [MainProcess/MainThread/INFO] (shell_startup.py/update) Clearing background
[2024-01-22 22:09:34,751] [MainProcess/MainThread/INFO] (shell_startup.py/update) Creating Sprites...Drawing Background Sprites
[2024-01-22 22:09:34,751] [MainProcess/MainThread/INFO] (shell_startup.py/update) Creating Windows Spites...Drawing Window Sprites
[2024-01-22 22:09:34,769] [MainProcess/MainThread/INFO] (shell_startup.py/update) Clearing background
[2024-01-22 22:09:34,769] [MainProcess/MainThread/INFO] (shell_startup.py/update) Creating Sprites...Drawing Background Sprites
[2024-01-22 22:09:34,769] [MainProcess/MainThread/INFO] (shell_startup.py/update) Creating Windows Spites...Drawing Window Sprites
[2024-01-22 22:09:34,787] [MainProcess/MainThread/INFO] (shell_startup.py/update) Clearing background
[2024-01-22 22:09:34,787] [MainProcess/MainThread/INFO] (shell_startup.py/update) Creating Sprites...Drawing Background Sprites
[2024-01-22 22:09:34,787] [MainProcess/MainThread/INFO] (shell_startup.py/update) Creating Windows Spites...Drawing Window Sprites
[2024-01-22 22:09:34,805] [MainProcess/MainThread/INFO] (shell_startup.py/update) Clearing background
[2024-01-22 22:09:34,805] [MainProcess/MainThread/INFO] (shell_startup.py/update) Creating Sprites...Drawing Background Sprites
[2024-01-22 22:09:34,805] [MainProcess/MainThread/INFO] (shell_startup.py/update) Creating Windows Spites...Drawing Window Sprites
[2024-01-22 22:09:34,823] [MainProcess/MainThread/INFO] (shell_startup.py/update) Clearing background
[2024-01-22 22:09:34,823] [MainProcess/MainThread/INFO] (shell_startup.py/update) Creating Sprites...Drawing Background Sprites
[2024-01-22 22:09:34,823] [MainProcess/MainThread/INFO] (shell_startup.py/update) Creating Windows Spites...Drawing Window Sprites
[2024-01-22 22:09:34,841] [MainProcess/MainThread/INFO] (shell_startup.py/update) Clearing background
[2024-01-22 22:09:34,841] [MainProcess/MainThread/INFO] (shell_startup.py/update) Creating Sprites...Drawing Background Sprites
[2024-01-22 22:09:34,842] [MainProcess/MainThread/INFO] (shell_startup.py/update) Creating Windows Spites...Drawing Window Sprites
[2024-01-22 22:09:34,859] [MainProcess/MainThread/INFO] (shell_startup.py/update) Clearing background
[2024-01-22 22:09:34,859] [MainProcess/MainThread/INFO] (shell_startup.py/update) Creating Sprites...Drawing Background Sprites
[2024-01-22 22:09:34,859] [MainProcess/MainThread/INFO] (shell_startup.py/update) Creating Windows Spites...Drawing Window Sprites
[2024-01-22 22:09:34,878] [MainProcess/MainThread/INFO] (shell_startup.py/update) Clearing background
[2024-01-22 22:09:34,878] [MainProcess/MainThread/INFO] (shell_startup.py/update) Creating Sprites...Drawing Background Sprites
[2024-01-22 22:09:34,878] [MainProcess/MainThread/INFO] (shell_startup.py/update) Creating Windows Spites...Drawing Window Sprites
[2024-01-22 22:09:34,898] [MainProcess/MainThread/INFO] (shell_startup.py/update) Clearing background
[2024-01-22 22:09:34,899] [MainProcess/MainThread/INFO] (shell_startup.py/update) Creating Sprites...Drawing Background Sprites
[2024-01-22 22:09:34,899] [MainProcess/MainThread/INFO] (shell_startup.py/update) Creating Windows Spites...Drawing Window Sprites
[2024-01-22 22:09:34,916] [MainProcess/MainThread/INFO] (shell_startup.py/update) Clearing background
[2024-01-22 22:09:34,916] [MainProcess/MainThread/INFO] (shell_startup.py/update) Creating Sprites...Drawing Background Sprites
[2024-01-22 22:09:34,916] [MainProcess/MainThread/INFO] (shell_startup.py/update) Creating Windows Spites...Drawing Window Sprites
[2024-01-22 22:09:34,933] [MainProcess/MainThread/INFO] (shell_startup.py/update) Clearing background
[2024-01-22 22:09:34,933] [MainProcess/MainThread/INFO] (shell_startup.py/update) Creating Sprites...Drawing Background Sprites
[2024-01-22 22:09:34,933] [MainProcess/MainThread/INFO] (shell_startup.py/update) Creating Windows Spites...Drawing Window Sprites
[2024-01-22 22:09:34,951] [MainProcess/MainThread/INFO] (shell_startup.py/update) Clearing background
[2024-01-22 22:09:34,951] [MainProcess/MainThread/INFO] (shell_startup.py/update) Creating Sprites...Drawing Background Sprites
[2024-01-22 22:09:34,951] [MainProcess/MainThread/INFO] (shell_startup.py/update) Creating Windows Spites...Drawing Window Sprites
[2024-01-22 22:09:34,968] [MainProcess/MainThread/INFO] (shell_startup.py/update) Clearing background
[2024-01-22 22:09:34,969] [MainProcess/MainThread/INFO] (shell_startup.py/update) Creating Sprites...Drawing Background Sprites
[2024-01-22 22:09:34,969] [MainProcess/MainThread/INFO] (shell_startup.py/update) Creating Windows Spites...Drawing Window Sprites
[2024-01-22 22:09:34,988] [MainProcess/MainThread/INFO] (shell_startup.py/update) Clearing background
[2024-01-22 22:09:34,988] [MainProcess/MainThread/INFO] (shell_startup.py/update) Creating Sprites...Drawing Background Sprites
[2024-01-22 22:09:34,988] [MainProcess/MainThread/INFO] (shell_startup.py/update) Creating Windows Spites...Drawing Window Sprites
[2024-01-22 22:09:35,006] [MainProcess/MainThread/INFO] (shell_startup.py/update) Clearing background
[2024-01-22 22:09:35,006] [MainProcess/MainThread/INFO] (shell_startup.py/update) Creating Sprites...Drawing Background Sprites
[2024-01-22 22:09:35,006] [MainProcess/MainThread/INFO] (shell_startup.py/update) Creating Windows Spites...Drawing Window Sprites
[2024-01-22 22:09:35,024] [MainProcess/MainThread/INFO] (shell_startup.py/update) Clearing background
[2024-01-22 22:09:35,024] [MainProcess/MainThread/INFO] (shell_startup.py/update) Creating Sprites...Drawing Background Sprites
[2024-01-22 22:09:35,024] [MainProcess/MainThread/INFO] (shell_startup.py/update) Creating Windows Spites...Drawing Window Sprites
[2024-01-22 22:09:35,042] [MainProcess/MainThread/INFO] (shell_startup.py/update) Clearing background
[2024-01-22 22:09:35,042] [MainProcess/MainThread/INFO] (shell_startup.py/update) Creating Sprites...Drawing Background Sprites
[2024-01-22 22:09:35,043] [MainProcess/MainThread/INFO] (shell_startup.py/update) Creating Windows Spites...Drawing Window Sprites
[2024-01-22 22:09:35,060] [MainProcess/MainThread/INFO] (shell_startup.py/update) Clearing background
[2024-01-22 22:09:35,060] [MainProcess/MainThread/INFO] (shell_startup.py/update) Creating Sprites...Drawing Background Sprites
[2024-01-22 22:09:35,060] [MainProcess/MainThread/INFO] (shell_startup.py/update) Creating Windows Spites...Drawing Window Sprites
[2024-01-22 22:09:35,079] [MainProcess/MainThread/INFO] (shell_startup.py/update) Clearing background
[2024-01-22 22:09:35,079] [MainProcess/MainThread/INFO] (shell_startup.py/update) Creating Sprites...Drawing Background Sprites
[2024-01-22 22:09:35,079] [MainProcess/MainThread/INFO] (shell_startup.py/update) Creating Windows Spites...Drawing Window Sprites
[2024-01-22 22:09:35,096] [MainProcess/MainThread/INFO] (shell_startup.py/update) Clearing background
[2024-01-22 22:09:35,097] [MainProcess/MainThread/INFO] (shell_startup.py/update) Creating Sprites...Drawing Background Sprites
[2024-01-22 22:09:35,097] [MainProcess/MainThread/INFO] (shell_startup.py/update) Creating Windows Spites...Drawing Window Sprites
[2024-01-22 22:09:35,115] [MainProcess/MainThread/INFO] (shell_startup.py/update) Clearing background
[2024-01-22 22:09:35,115] [MainProcess/MainThread/INFO] (shell_startup.py/update) Creating Sprites...Drawing Background Sprites
[2024-01-22 22:09:35,115] [MainProcess/MainThread/INFO] (shell_startup.py/update) Creating Windows Spites...Drawing Window Sprites
[2024-01-22 22:09:35,133] [MainProcess/MainThread/INFO] (shell_startup.py/update) Clearing background
[2024-01-22 22:09:35,133] [MainProcess/MainThread/INFO] (shell_startup.py/update) Creating Sprites...Drawing Background Sprites
[2024-01-22 22:09:35,133] [MainProcess/MainThread/INFO] (shell_startup.py/update) Creating Windows Spites...Drawing Window Sprites
[2024-01-22 22:09:35,151] [MainProcess/MainThread/INFO] (shell_startup.py/update) Clearing background
[2024-01-22 22:09:35,151] [MainProcess/MainThread/INFO] (shell_startup.py/update) Creating Sprites...Drawing Background Sprites
[2024-01-22 22:09:35,151] [MainProcess/MainThread/INFO] (shell_startup.py/update) Creating Windows Spites...Drawing Window Sprites
[2024-01-22 22:09:35,170] [MainProcess/MainThread/INFO] (shell_startup.py/update) Clearing background
[2024-01-22 22:09:35,170] [MainProcess/MainThread/INFO] (shell_startup.py/update) Creating Sprites...Drawing Background Sprites
[2024-01-22 22:09:35,170] [MainProcess/MainThread/INFO] (shell_startup.py/update) Creating Windows Spites...Drawing Window Sprites
[2024-01-22 22:09:35,188] [MainProcess/MainThread/INFO] (shell_startup.py/update) Clearing background
[2024-01-22 22:09:35,188] [MainProcess/MainThread/INFO] (shell_startup.py/update) Creating Sprites...Drawing Background Sprites
[2024-01-22 22:09:35,188] [MainProcess/MainThread/INFO] (shell_startup.py/update) Creating Windows Spites...Drawing Window Sprites
[2024-01-22 22:09:35,206] [MainProcess/MainThread/INFO] (shell_startup.py/update) Clearing background
[2024-01-22 22:09:35,206] [MainProcess/MainThread/INFO] (shell_startup.py/update) Creating Sprites...Drawing Background Sprites
[2024-01-22 22:09:35,207] [MainProcess/MainThread/INFO] (shell_startup.py/update) Creating Windows Spites...Drawing Window Sprites
[2024-01-22 22:09:35,225] [MainProcess/MainThread/INFO] (shell_startup.py/update) Clearing background
[2024-01-22 22:09:35,225] [MainProcess/MainThread/INFO] (shell_startup.py/update) Creating Sprites...Drawing Background Sprites
[2024-01-22 22:09:35,225] [MainProcess/MainThread/INFO] (shell_startup.py/update) Creating Windows Spites...Drawing Window Sprites
[2024-01-22 22:09:35,243] [MainProcess/MainThread/INFO] (shell_startup.py/update) Clearing background
[2024-01-22 22:09:35,243] [MainProcess/MainThread/INFO] (shell_startup.py/update) Creating Sprites...Drawing Background Sprites
[2024-01-22 22:09:35,243] [MainProcess/MainThread/INFO] (shell_startup.py/update) Creating Windows Spites...Drawing Window Sprites
[2024-01-22 22:09:35,260] [MainProcess/MainThread/INFO] (shell_startup.py/update) Clearing background
[2024-01-22 22:09:35,260] [MainProcess/MainThread/INFO] (shell_startup.py/update) Creating Sprites...Drawing Background Sprites
[2024-01-22 22:09:35,260] [MainProcess/MainThread/INFO] (shell_startup.py/update) Creating Windows Spites...Drawing Window Sprites
[2024-01-22 22:09:35,279] [MainProcess/MainThread/INFO] (shell_startup.py/update) Clearing background
[2024-01-22 22:09:35,279] [MainProcess/MainThread/INFO] (shell_startup.py/update) Creating Sprites...Drawing Background Sprites
[2024-01-22 22:09:35,279] [MainProcess/MainThread/INFO] (shell_startup.py/update) Creating Windows Spites...Drawing Window Sprites
[2024-01-22 22:09:35,296] [MainProcess/MainThread/INFO] (shell_startup.py/update) Clearing background
[2024-01-22 22:09:35,297] [MainProcess/MainThread/INFO] (shell_startup.py/update) Creating Sprites...Drawing Background Sprites
[2024-01-22 22:09:35,297] [MainProcess/MainThread/INFO] (shell_startup.py/update) Creating Windows Spites...Drawing Window Sprites
[2024-01-22 22:09:35,315] [MainProcess/MainThread/INFO] (shell_startup.py/update) Clearing background
[2024-01-22 22:09:35,315] [MainProcess/MainThread/INFO] (shell_startup.py/update) Creating Sprites...Drawing Background Sprites
[2024-01-22 22:09:35,315] [MainProcess/MainThread/INFO] (shell_startup.py/update) Creating Windows Spites...Drawing Window Sprites
[2024-01-22 22:09:35,333] [MainProcess/MainThread/INFO] (shell_startup.py/update) Clearing background
[2024-01-22 22:09:35,333] [MainProcess/MainThread/INFO] (shell_startup.py/update) Creating Sprites...Drawing Background Sprites
[2024-01-22 22:09:35,333] [MainProcess/MainThread/INFO] (shell_startup.py/update) Creating Windows Spites...Drawing Window Sprites
[2024-01-22 22:09:35,351] [MainProcess/MainThread/INFO] (shell_startup.py/update) Clearing background
[2024-01-22 22:09:35,351] [MainProcess/MainThread/INFO] (shell_startup.py/update) Creating Sprites...Drawing Background Sprites
[2024-01-22 22:09:35,351] [MainProcess/MainThread/INFO] (shell_startup.py/update) Creating Windows Spites...Drawing Window Sprites
[2024-01-22 22:09:35,369] [MainProcess/MainThread/INFO] (shell_startup.py/update) Clearing background
[2024-01-22 22:09:35,369] [MainProcess/MainThread/INFO] (shell_startup.py/update) Creating Sprites...Drawing Background Sprites
[2024-01-22 22:09:35,369] [MainProcess/MainThread/INFO] (shell_startup.py/update) Creating Windows Spites...Drawing Window Sprites
[2024-01-22 22:09:35,388] [MainProcess/MainThread/INFO] (shell_startup.py/update) Clearing background
[2024-01-22 22:09:35,388] [MainProcess/MainThread/INFO] (shell_startup.py/update) Creating Sprites...Drawing Background Sprites
[2024-01-22 22:09:35,388] [MainProcess/MainThread/INFO] (shell_startup.py/update) Creating Windows Spites...Drawing Window Sprites
[2024-01-22 22:09:35,406] [MainProcess/MainThread/INFO] (shell_startup.py/update) Clearing background
[2024-01-22 22:09:35,406] [MainProcess/MainThread/INFO] (shell_startup.py/update) Creating Sprites...Drawing Background Sprites
[2024-01-22 22:09:35,406] [MainProcess/MainThread/INFO] (shell_startup.py/update) Creating Windows Spites...Drawing Window Sprites
[2024-01-22 22:09:35,424] [MainProcess/MainThread/INFO] (shell_startup.py/update) Clearing background
[2024-01-22 22:09:35,424] [MainProcess/MainThread/INFO] (shell_startup.py/update) Creating Sprites...Drawing Background Sprites
[2024-01-22 22:09:35,424] [MainProcess/MainThread/INFO] (shell_startup.py/update) Creating Windows Spites...Drawing Window Sprites
[2024-01-22 22:09:35,442] [MainProcess/MainThread/INFO] (shell_startup.py/update) Clearing background
[2024-01-22 22:09:35,443] [MainProcess/MainThread/INFO] (shell_startup.py/update) Creating Sprites...Drawing Background Sprites
[2024-01-22 22:09:35,443] [MainProcess/MainThread/INFO] (shell_startup.py/update) Creating Windows Spites...Drawing Window Sprites
[2024-01-22 22:09:35,460] [MainProcess/MainThread/INFO] (shell_startup.py/update) Clearing background
[2024-01-22 22:09:35,460] [MainProcess/MainThread/INFO] (shell_startup.py/update) Creating Sprites...Drawing Background Sprites
[2024-01-22 22:09:35,460] [MainProcess/MainThread/INFO] (shell_startup.py/update) Creating Windows Spites...Drawing Window Sprites
[2024-01-22 22:09:35,478] [MainProcess/MainThread/INFO] (shell_startup.py/update) Clearing background
[2024-01-22 22:09:35,478] [MainProcess/MainThread/INFO] (shell_startup.py/update) Creating Sprites...Drawing Background Sprites
[2024-01-22 22:09:35,478] [MainProcess/MainThread/INFO] (shell_startup.py/update) Creating Windows Spites...Drawing Window Sprites
[2024-01-22 22:09:35,497] [MainProcess/MainThread/INFO] (shell_startup.py/update) Clearing background
[2024-01-22 22:09:35,497] [MainProcess/MainThread/INFO] (shell_startup.py/update) Creating Sprites...Drawing Background Sprites
[2024-01-22 22:09:35,497] [MainProcess/MainThread/INFO] (shell_startup.py/update) Creating Windows Spites...Drawing Window Sprites
[2024-01-22 22:09:35,515] [MainProcess/MainThread/INFO] (shell_startup.py/update) Clearing background
[2024-01-22 22:09:35,515] [MainProcess/MainThread/INFO] (shell_startup.py/update) Creating Sprites...Drawing Background Sprites
[2024-01-22 22:09:35,515] [MainProcess/MainThread/INFO] (shell_startup.py/update) Creating Windows Spites...Drawing Window Sprites
[2024-01-22 22:09:35,532] [MainProcess/MainThread/INFO] (shell_startup.py/update) Clearing background
[2024-01-22 22:09:35,533] [MainProcess/MainThread/INFO] (shell_startup.py/update) Creating Sprites...Drawing Background Sprites
[2024-01-22 22:09:35,533] [MainProcess/MainThread/INFO] (shell_startup.py/update) Creating Windows Spites...Drawing Window Sprites
[2024-01-22 22:09:35,551] [MainProcess/MainThread/INFO] (shell_startup.py/update) Clearing background
[2024-01-22 22:09:35,551] [MainProcess/MainThread/INFO] (shell_startup.py/update) Creating Sprites...Drawing Background Sprites
[2024-01-22 22:09:35,551] [MainProcess/MainThread/INFO] (shell_startup.py/update) Creating Windows Spites...Drawing Window Sprites
[2024-01-22 22:09:35,570] [MainProcess/MainThread/INFO] (shell_startup.py/update) Clearing background
[2024-01-22 22:09:35,570] [MainProcess/MainThread/INFO] (shell_startup.py/update) Creating Sprites...Drawing Background Sprites
[2024-01-22 22:09:35,570] [MainProcess/MainThread/INFO] (shell_startup.py/update) Creating Windows Spites...Drawing Window Sprites
[2024-01-22 22:09:35,589] [MainProcess/MainThread/INFO] (shell_startup.py/update) Clearing background
[2024-01-22 22:09:35,589] [MainProcess/MainThread/INFO] (shell_startup.py/update) Creating Sprites...Drawing Background Sprites
[2024-01-22 22:09:35,589] [MainProcess/MainThread/INFO] (shell_startup.py/update) Creating Windows Spites...Drawing Window Sprites
[2024-01-22 22:09:35,607] [MainProcess/MainThread/INFO] (shell_startup.py/update) Clearing background
[2024-01-22 22:09:35,607] [MainProcess/MainThread/INFO] (shell_startup.py/update) Creating Sprites...Drawing Background Sprites
[2024-01-22 22:09:35,607] [MainProcess/MainThread/INFO] (shell_startup.py/update) Creating Windows Spites...Drawing Window Sprites
[2024-01-22 22:09:35,625] [MainProcess/MainThread/INFO] (shell_startup.py/update) Clearing background
[2024-01-22 22:09:35,625] [MainProcess/MainThread/INFO] (shell_startup.py/update) Creating Sprites...Drawing Background Sprites
[2024-01-22 22:09:35,625] [MainProcess/MainThread/INFO] (shell_startup.py/update) Creating Windows Spites...Drawing Window Sprites
[2024-01-22 22:09:35,643] [MainProcess/MainThread/INFO] (shell_startup.py/update) Clearing background
[2024-01-22 22:09:35,643] [MainProcess/MainThread/INFO] (shell_startup.py/update) Creating Sprites...Drawing Background Sprites
[2024-01-22 22:09:35,643] [MainProcess/MainThread/INFO] (shell_startup.py/update) Creating Windows Spites...Drawing Window Sprites
[2024-01-22 22:09:35,662] [MainProcess/MainThread/INFO] (shell_startup.py/update) Clearing background
[2024-01-22 22:09:35,662] [MainProcess/MainThread/INFO] (shell_startup.py/update) Creating Sprites...Drawing Background Sprites
[2024-01-22 22:09:35,662] [MainProcess/MainThread/INFO] (shell_startup.py/update) Creating Windows Spites...Drawing Window Sprites
[2024-01-22 22:09:35,680] [MainProcess/MainThread/INFO] (shell_startup.py/update) Clearing background
[2024-01-22 22:09:35,680] [MainProcess/MainThread/INFO] (shell_startup.py/update) Creating Sprites...Drawing Background Sprites
[2024-01-22 22:09:35,680] [MainProcess/MainThread/INFO] (shell_startup.py/update) Creating Windows Spites...Drawing Window Sprites
[2024-01-22 22:09:35,697] [MainProcess/MainThread/INFO] (shell_startup.py/update) Clearing background
[2024-01-22 22:09:35,697] [MainProcess/MainThread/INFO] (shell_startup.py/update) Creating Sprites...Drawing Background Sprites
[2024-01-22 22:09:35,697] [MainProcess/MainThread/INFO] (shell_startup.py/update) Creating Windows Spites...Drawing Window Sprites
[2024-01-22 22:09:35,715] [MainProcess/MainThread/INFO] (shell_startup.py/update) Clearing background
[2024-01-22 22:09:35,715] [MainProcess/MainThread/INFO] (shell_startup.py/update) Creating Sprites...Drawing Background Sprites
[2024-01-22 22:09:35,715] [MainProcess/MainThread/INFO] (shell_startup.py/update) Creating Windows Spites...Drawing Window Sprites
[2024-01-22 22:09:35,734] [MainProcess/MainThread/INFO] (shell_startup.py/update) Clearing background
[2024-01-22 22:09:35,734] [MainProcess/MainThread/INFO] (shell_startup.py/update) Creating Sprites...Drawing Background Sprites
[2024-01-22 22:09:35,734] [MainProcess/MainThread/INFO] (shell_startup.py/update) Creating Windows Spites...Drawing Window Sprites
[2024-01-22 22:09:35,752] [MainProcess/MainThread/INFO] (shell_startup.py/update) Clearing background
[2024-01-22 22:09:35,753] [MainProcess/MainThread/INFO] (shell_startup.py/update) Creating Sprites...Drawing Background Sprites
[2024-01-22 22:09:35,753] [MainProcess/MainThread/INFO] (shell_startup.py/update) Creating Windows Spites...Drawing Window Sprites
[2024-01-22 22:09:35,770] [MainProcess/MainThread/INFO] (shell_startup.py/update) Clearing background
[2024-01-22 22:09:35,771] [MainProcess/MainThread/INFO] (shell_startup.py/update) Creating Sprites...Drawing Background Sprites
[2024-01-22 22:09:35,771] [MainProcess/MainThread/INFO] (shell_startup.py/update) Creating Windows Spites...Drawing Window Sprites
[2024-01-22 22:09:35,789] [MainProcess/MainThread/INFO] (shell_startup.py/update) Clearing background
[2024-01-22 22:09:35,789] [MainProcess/MainThread/INFO] (shell_startup.py/update) Creating Sprites...Drawing Background Sprites
[2024-01-22 22:09:35,789] [MainProcess/MainThread/INFO] (shell_startup.py/update) Creating Windows Spites...Drawing Window Sprites
[2024-01-22 22:09:35,806] [MainProcess/MainThread/INFO] (shell_startup.py/update) Clearing background
[2024-01-22 22:09:35,806] [MainProcess/MainThread/INFO] (shell_startup.py/update) Creating Sprites...Drawing Background Sprites
[2024-01-22 22:09:35,806] [MainProcess/MainThread/INFO] (shell_startup.py/update) Creating Windows Spites...Drawing Window Sprites
[2024-01-22 22:09:35,825] [MainProcess/MainThread/INFO] (shell_startup.py/update) Clearing background
[2024-01-22 22:09:35,826] [MainProcess/MainThread/INFO] (shell_startup.py/update) Creating Sprites...Drawing Background Sprites
[2024-01-22 22:09:35,826] [MainProcess/MainThread/INFO] (shell_startup.py/update) Creating Windows Spites...Drawing Window Sprites
[2024-01-22 22:09:35,843] [MainProcess/MainThread/INFO] (shell_startup.py/update) Clearing background
[2024-01-22 22:09:35,844] [MainProcess/MainThread/INFO] (shell_startup.py/update) Creating Sprites...Drawing Background Sprites
[2024-01-22 22:09:35,844] [MainProcess/MainThread/INFO] (shell_startup.py/update) Creating Windows Spites...Drawing Window Sprites
[2024-01-22 22:09:35,862] [MainProcess/MainThread/INFO] (shell_startup.py/update) Clearing background
[2024-01-22 22:09:35,862] [MainProcess/MainThread/INFO] (shell_startup.py/update) Creating Sprites...Drawing Background Sprites
[2024-01-22 22:09:35,862] [MainProcess/MainThread/INFO] (shell_startup.py/update) Creating Windows Spites...Drawing Window Sprites
[2024-01-22 22:09:35,879] [MainProcess/MainThread/INFO] (shell_startup.py/update) Clearing background
[2024-01-22 22:09:35,879] [MainProcess/MainThread/INFO] (shell_startup.py/update) Creating Sprites...Drawing Background Sprites
[2024-01-22 22:09:35,879] [MainProcess/MainThread/INFO] (shell_startup.py/update) Creating Windows Spites...Drawing Window Sprites
[2024-01-22 22:09:35,898] [MainProcess/MainThread/INFO] (shell_startup.py/update) Clearing background
[2024-01-22 22:09:35,898] [MainProcess/MainThread/INFO] (shell_startup.py/update) Creating Sprites...Drawing Background Sprites
[2024-01-22 22:09:35,898] [MainProcess/MainThread/INFO] (shell_startup.py/update) Creating Windows Spites...Drawing Window Sprites
[2024-01-22 22:09:35,917] [MainProcess/MainThread/INFO] (shell_startup.py/update) Clearing background
[2024-01-22 22:09:35,917] [MainProcess/MainThread/INFO] (shell_startup.py/update) Creating Sprites...Drawing Background Sprites
[2024-01-22 22:09:35,917] [MainProcess/MainThread/INFO] (shell_startup.py/update) Creating Windows Spites...Drawing Window Sprites
[2024-01-22 22:09:35,934] [MainProcess/MainThread/INFO] (shell_startup.py/update) Clearing background
[2024-01-22 22:09:35,934] [MainProcess/MainThread/INFO] (shell_startup.py/update) Creating Sprites...Drawing Background Sprites
[2024-01-22 22:09:35,935] [MainProcess/MainThread/INFO] (shell_startup.py/update) Creating Windows Spites...Drawing Window Sprites
[2024-01-22 22:09:35,953] [MainProcess/MainThread/INFO] (shell_startup.py/update) Clearing background
[2024-01-22 22:09:35,953] [MainProcess/MainThread/INFO] (shell_startup.py/update) Creating Sprites...Drawing Background Sprites
[2024-01-22 22:09:35,953] [MainProcess/MainThread/INFO] (shell_startup.py/update) Creating Windows Spites...Drawing Window Sprites
[2024-01-22 22:09:35,971] [MainProcess/MainThread/INFO] (shell_startup.py/update) Clearing background
[2024-01-22 22:09:35,971] [MainProcess/MainThread/INFO] (shell_startup.py/update) Creating Sprites...Drawing Background Sprites
[2024-01-22 22:09:35,971] [MainProcess/MainThread/INFO] (shell_startup.py/update) Creating Windows Spites...Drawing Window Sprites
[2024-01-22 22:09:35,989] [MainProcess/MainThread/INFO] (shell_startup.py/update) Clearing background
[2024-01-22 22:09:35,989] [MainProcess/MainThread/INFO] (shell_startup.py/update) Creating Sprites...Drawing Background Sprites
[2024-01-22 22:09:35,989] [MainProcess/MainThread/INFO] (shell_startup.py/update) Creating Windows Spites...Drawing Window Sprites
[2024-01-22 22:09:36,013] [MainProcess/MainThread/INFO] (shell_startup.py/update) Clearing background
[2024-01-22 22:09:36,013] [MainProcess/MainThread/INFO] (shell_startup.py/update) Creating Sprites...Drawing Background Sprites
[2024-01-22 22:09:36,013] [MainProcess/MainThread/INFO] (shell_startup.py/update) Creating Windows Spites...Drawing Window Sprites
[2024-01-22 22:09:36,030] [MainProcess/MainThread/INFO] (shell_startup.py/update) Clearing background
[2024-01-22 22:09:36,030] [MainProcess/MainThread/INFO] (shell_startup.py/update) Creating Sprites...Drawing Background Sprites
[2024-01-22 22:09:36,030] [MainProcess/MainThread/INFO] (shell_startup.py/update) Creating Windows Spites...Drawing Window Sprites
[2024-01-22 22:09:36,049] [MainProcess/MainThread/INFO] (shell_startup.py/update) Clearing background
[2024-01-22 22:09:36,049] [MainProcess/MainThread/INFO] (shell_startup.py/update) Creating Sprites...Drawing Background Sprites
[2024-01-22 22:09:36,049] [MainProcess/MainThread/INFO] (shell_startup.py/update) Creating Windows Spites...Drawing Window Sprites
[2024-01-22 22:09:36,067] [MainProcess/MainThread/INFO] (shell_startup.py/update) Clearing background
[2024-01-22 22:09:36,067] [MainProcess/MainThread/INFO] (shell_startup.py/update) Creating Sprites...Drawing Background Sprites
[2024-01-22 22:09:36,067] [MainProcess/MainThread/INFO] (shell_startup.py/update) Creating Windows Spites...Drawing Window Sprites
[2024-01-22 22:09:36,086] [MainProcess/MainThread/INFO] (shell_startup.py/update) Clearing background
[2024-01-22 22:09:36,086] [MainProcess/MainThread/INFO] (shell_startup.py/update) Creating Sprites...Drawing Background Sprites
[2024-01-22 22:09:36,086] [MainProcess/MainThread/INFO] (shell_startup.py/update) Creating Windows Spites...Drawing Window Sprites
[2024-01-22 22:09:36,104] [MainProcess/MainThread/INFO] (shell_startup.py/update) Clearing background
[2024-01-22 22:09:36,104] [MainProcess/MainThread/INFO] (shell_startup.py/update) Creating Sprites...Drawing Background Sprites
[2024-01-22 22:09:36,104] [MainProcess/MainThread/INFO] (shell_startup.py/update) Creating Windows Spites...Drawing Window Sprites
[2024-01-22 22:09:36,122] [MainProcess/MainThread/INFO] (shell_startup.py/update) Clearing background
[2024-01-22 22:09:36,122] [MainProcess/MainThread/INFO] (shell_startup.py/update) Creating Sprites...Drawing Background Sprites
[2024-01-22 22:09:36,122] [MainProcess/MainThread/INFO] (shell_startup.py/update) Creating Windows Spites...Drawing Window Sprites
[2024-01-22 22:09:36,140] [MainProcess/MainThread/INFO] (shell_startup.py/update) Clearing background
[2024-01-22 22:09:36,140] [MainProcess/MainThread/INFO] (shell_startup.py/update) Creating Sprites...Drawing Background Sprites
[2024-01-22 22:09:36,140] [MainProcess/MainThread/INFO] (shell_startup.py/update) Creating Windows Spites...Drawing Window Sprites
[2024-01-22 22:09:36,158] [MainProcess/MainThread/INFO] (shell_startup.py/update) Clearing background
[2024-01-22 22:09:36,158] [MainProcess/MainThread/INFO] (shell_startup.py/update) Creating Sprites...Drawing Background Sprites
[2024-01-22 22:09:36,158] [MainProcess/MainThread/INFO] (shell_startup.py/update) Creating Windows Spites...Drawing Window Sprites
[2024-01-22 22:09:36,176] [MainProcess/MainThread/INFO] (shell_startup.py/update) Clearing background
[2024-01-22 22:09:36,176] [MainProcess/MainThread/INFO] (shell_startup.py/update) Creating Sprites...Drawing Background Sprites
[2024-01-22 22:09:36,177] [MainProcess/MainThread/INFO] (shell_startup.py/update) Creating Windows Spites...Drawing Window Sprites
[2024-01-22 22:09:36,194] [MainProcess/MainThread/INFO] (shell_startup.py/update) Clearing background
[2024-01-22 22:09:36,194] [MainProcess/MainThread/INFO] (shell_startup.py/update) Creating Sprites...Drawing Background Sprites
[2024-01-22 22:09:36,194] [MainProcess/MainThread/INFO] (shell_startup.py/update) Creating Windows Spites...Drawing Window Sprites
[2024-01-22 22:09:36,213] [MainProcess/MainThread/INFO] (shell_startup.py/update) Clearing background
[2024-01-22 22:09:36,213] [MainProcess/MainThread/INFO] (shell_startup.py/update) Creating Sprites...Drawing Background Sprites
[2024-01-22 22:09:36,213] [MainProcess/MainThread/INFO] (shell_startup.py/update) Creating Windows Spites...Drawing Window Sprites
[2024-01-22 22:09:36,231] [MainProcess/MainThread/INFO] (shell_startup.py/update) Clearing background
[2024-01-22 22:09:36,231] [MainProcess/MainThread/INFO] (shell_startup.py/update) Creating Sprites...Drawing Background Sprites
[2024-01-22 22:09:36,231] [MainProcess/MainThread/INFO] (shell_startup.py/update) Creating Windows Spites...Drawing Window Sprites
[2024-01-22 22:09:36,249] [MainProcess/MainThread/INFO] (shell_startup.py/update) Clearing background
[2024-01-22 22:09:36,250] [MainProcess/MainThread/INFO] (shell_startup.py/update) Creating Sprites...Drawing Background Sprites
[2024-01-22 22:09:36,250] [MainProcess/MainThread/INFO] (shell_startup.py/update) Creating Windows Spites...Drawing Window Sprites
[2024-01-22 22:09:36,267] [MainProcess/MainThread/INFO] (shell_startup.py/update) Clearing background
[2024-01-22 22:09:36,267] [MainProcess/MainThread/INFO] (shell_startup.py/update) Creating Sprites...Drawing Background Sprites
[2024-01-22 22:09:36,267] [MainProcess/MainThread/INFO] (shell_startup.py/update) Creating Windows Spites...Drawing Window Sprites
