[LOGS]
[2024-01-22 22:19:22,776] [MainProcess/MainThread/INFO] (shell_startup.py/update) Clearing background
[2024-01-22 22:19:22,777] [MainProcess/MainThread/INFO] (shell_startup.py/update) Creating Sprites...Drawing Background Sprites
[2024-01-22 22:19:22,777] [MainProcess/MainThread/INFO] (shell_startup.py/update) Creating Windows Spites...Drawing Window Sprites
[2024-01-22 22:19:22,792] [MainProcess/MainThread/INFO] (shell_startup.py/update) Clearing background
[2024-01-22 22:19:22,792] [MainProcess/MainThread/INFO] (shell_startup.py/update) Creating Sprites...Drawing Background Sprites
[2024-01-22 22:19:22,792] [MainProcess/MainThread/INFO] (shell_startup.py/update) Creating Windows Spites...Drawing Window Sprites
[2024-01-22 22:19:22,816] [MainProcess/MainThread/INFO] (shell_startup.py/update) Clearing background
[2024-01-22 22:19:22,816] [MainProcess/MainThread/INFO] (shell_startup.py/update) Creating Sprites...Drawing Background Sprites
[2024-01-22 22:19:22,816] [MainProcess/MainThread/INFO] (shell_startup.py/update) Creating Windows Spites...Drawing Window Sprites
[2024-01-22 22:19:22,834] [MainProcess/MainThread/INFO] (shell_startup.py/update) Clearing background
[2024-01-22 22:19:22,834] [MainProcess/MainThread/INFO] (shell_startup.py/update) Creating Sprites...Drawing Background Sprites
[2024-01-22 22:19:22,834] [MainProcess/MainThread/INFO] (shell_startup.py/update) Creating Windows Spites...Drawing Window Sprites
[2024-01-22 22:19:22,853] [MainProcess/MainThread/INFO] (shell_startup.py/update) Clearing background
[2024-01-22 22:19:22,853] [MainProcess/MainThread/INFO] (shell_startup.py/update) Creating Sprites...Drawing Background Sprites
[2024-01-22 22:19:22,853] [MainProcess/MainThread/INFO] (shell_startup.py/update) Creating Windows Spites...Drawing Window Sprites
[2024-01-22 22:19:22,871] [MainProcess/MainThread/INFO] (shell_startup.py/update) Clearing background
[2024-01-22 22:19:22,871] [MainProcess/MainThread/INFO] (shell_startup.py/update) Creating Sprites...Drawing Background Sprites
[2024-01-22 22:19:22,871] [MainProcess/MainThread/INFO] (shell_startup.py/update) Creating Windows Spites...Drawing Window Sprites
[2024-01-22 22:19:22,888] [MainProcess/MainThread/INFO] (shell_startup.py/update) Clearing background
[2024-01-22 22:19:22,888] [MainProcess/MainThread/INFO] (shell_startup.py/update) Creating Sprites...Drawing Background Sprites
[2024-01-22 22:19:22,889] [MainProcess/MainThread/INFO] (shell_startup.py/update) Creating Windows Spites...Drawing Window Sprites
[2024-01-22 22:19:22,907] [MainProcess/MainThread/INFO] (shell_startup.py/update) Clearing background
[2024-01-22 22:19:22,908] [MainProcess/MainThread/INFO] (shell_startup.py/update) Creating Sprites...Drawing Background Sprites
[2024-01-22 22:19:22,908] [MainProcess/MainThread/INFO] (shell_startup.py/update) Creating Windows Spites...Drawing Window Sprites
[2024-01-22 22:19:22,924] [MainProcess/MainThread/INFO] (shell_startup.py/update) Clearing background
[2024-01-22 22:19:22,925] [MainProcess/MainThread/INFO] (shell_startup.py/update) Creating Sprites...Drawing Background Sprites
[2024-01-22 22:19:22,925] [MainProcess/MainThread/INFO] (shell_startup.py/update) Creating Windows Spites...Drawing Window Sprites
[2024-01-22 22:19:22,943] [MainProcess/MainThread/INFO] (shell_startup.py/update) Clearing background
[2024-01-22 22:19:22,943] [MainProcess/MainThread/INFO] (shell_startup.py/update) Creating Sprites...Drawing Background Sprites
[2024-01-22 22:19:22,943] [MainProcess/MainThread/INFO] (shell_startup.py/update) Creating Windows Spites...Drawing Window Sprites
[2024-01-22 22:19:22,962] [MainProcess/MainThread/INFO] (shell_startup.py/update) Clearing background
[2024-01-22 22:19:22,962] [MainProcess/MainThread/INFO] (shell_startup.py/update) Creating Sprites...Drawing Background Sprites
[2024-01-22 22:19:22,962] [MainProcess/MainThread/INFO] (shell_startup.py/update) Creating Windows Spites...Drawing Window Sprites
[2024-01-22 22:19:22,980] [MainProcess/MainThread/INFO] (shell_startup.py/update) Clearing background
[2024-01-22 22:19:22,980] [MainProcess/MainThread/INFO] (shell_startup.py/update) Creating Sprites...Drawing Background Sprites
[2024-01-22 22:19:22,980] [MainProcess/MainThread/INFO] (shell_startup.py/update) Creating Windows Spites...Drawing Window Sprites
[2024-01-22 22:19:22,998] [MainProcess/MainThread/INFO] (shell_startup.py/update) Clearing background
[2024-01-22 22:19:22,998] [MainProcess/MainThread/INFO] (shell_startup.py/update) Creating Sprites...Drawing Background Sprites
[2024-01-22 22:19:22,998] [MainProcess/MainThread/INFO] (shell_startup.py/update) Creating Windows Spites...Drawing Window Sprites
[2024-01-22 22:19:23,016] [MainProcess/MainThread/INFO] (shell_startup.py/update) Clearing background
[2024-01-22 22:19:23,016] [MainProcess/MainThread/INFO] (shell_startup.py/update) Creating Sprites...Drawing Background Sprites
[2024-01-22 22:19:23,016] [MainProcess/MainThread/INFO] (shell_startup.py/update) Creating Windows Spites...Drawing Window Sprites
[2024-01-22 22:19:23,034] [MainProcess/MainThread/INFO] (shell_startup.py/update) Clearing background
[2024-01-22 22:19:23,034] [MainProcess/MainThread/INFO] (shell_startup.py/update) Creating Sprites...Drawing Background Sprites
[2024-01-22 22:19:23,034] [MainProcess/MainThread/INFO] (shell_startup.py/update) Creating Windows Spites...Drawing Window Sprites
[2024-01-22 22:19:23,052] [MainProcess/MainThread/INFO] (shell_startup.py/update) Clearing background
[2024-01-22 22:19:23,052] [MainProcess/MainThread/INFO] (shell_startup.py/update) Creating Sprites...Drawing Background Sprites
[2024-01-22 22:19:23,052] [MainProcess/MainThread/INFO] (shell_startup.py/update) Creating Windows Spites...Drawing Window Sprites
[2024-01-22 22:19:23,071] [MainProcess/MainThread/INFO] (shell_startup.py/update) Clearing background
[2024-01-22 22:19:23,071] [MainProcess/MainThread/INFO] (shell_startup.py/update) Creating Sprites...Drawing Background Sprites
[2024-01-22 22:19:23,071] [MainProcess/MainThread/INFO] (shell_startup.py/update) Creating Windows Spites...Drawing Window Sprites
[2024-01-22 22:19:23,089] [MainProcess/MainThread/INFO] (shell_startup.py/update) Clearing background
[2024-01-22 22:19:23,089] [MainProcess/MainThread/INFO] (shell_startup.py/update) Creating Sprites...Drawing Background Sprites
[2024-01-22 22:19:23,089] [MainProcess/MainThread/INFO] (shell_startup.py/update) Creating Windows Spites...Drawing Window Sprites
[2024-01-22 22:19:23,106] [MainProcess/MainThread/INFO] (shell_startup.py/update) Clearing background
[2024-01-22 22:19:23,106] [MainProcess/MainThread/INFO] (shell_startup.py/update) Creating Sprites...Drawing Background Sprites
[2024-01-22 22:19:23,106] [MainProcess/MainThread/INFO] (shell_startup.py/update) Creating Windows Spites...Drawing Window Sprites
[2024-01-22 22:19:23,125] [MainProcess/MainThread/INFO] (shell_startup.py/update) Clearing background
[2024-01-22 22:19:23,125] [MainProcess/MainThread/INFO] (shell_startup.py/update) Creating Sprites...Drawing Background Sprites
[2024-01-22 22:19:23,125] [MainProcess/MainThread/INFO] (shell_startup.py/update) Creating Windows Spites...Drawing Window Sprites
[2024-01-22 22:19:23,144] [MainProcess/MainThread/INFO] (shell_startup.py/update) Clearing background
[2024-01-22 22:19:23,144] [MainProcess/MainThread/INFO] (shell_startup.py/update) Creating Sprites...Drawing Background Sprites
[2024-01-22 22:19:23,144] [MainProcess/MainThread/INFO] (shell_startup.py/update) Creating Windows Spites...Drawing Window Sprites
[2024-01-22 22:19:23,162] [MainProcess/MainThread/INFO] (shell_startup.py/update) Clearing background
[2024-01-22 22:19:23,162] [MainProcess/MainThread/INFO] (shell_startup.py/update) Creating Sprites...Drawing Background Sprites
[2024-01-22 22:19:23,162] [MainProcess/MainThread/INFO] (shell_startup.py/update) Creating Windows Spites...Drawing Window Sprites
[2024-01-22 22:19:23,179] [MainProcess/MainThread/INFO] (shell_startup.py/update) Clearing background
[2024-01-22 22:19:23,180] [MainProcess/MainThread/INFO] (shell_startup.py/update) Creating Sprites...Drawing Background Sprites
[2024-01-22 22:19:23,180] [MainProcess/MainThread/INFO] (shell_startup.py/update) Creating Windows Spites...Drawing Window Sprites
[2024-01-22 22:19:23,198] [MainProcess/MainThread/INFO] (shell_startup.py/update) Clearing background
[2024-01-22 22:19:23,198] [MainProcess/MainThread/INFO] (shell_startup.py/update) Creating Sprites...Drawing Background Sprites
[2024-01-22 22:19:23,198] [MainProcess/MainThread/INFO] (shell_startup.py/update) Creating Windows Spites...Drawing Window Sprites
[2024-01-22 22:19:23,216] [MainProcess/MainThread/INFO] (shell_startup.py/update) Clearing background
[2024-01-22 22:19:23,216] [MainProcess/MainThread/INFO] (shell_startup.py/update) Creating Sprites...Drawing Background Sprites
[2024-01-22 22:19:23,216] [MainProcess/MainThread/INFO] (shell_startup.py/update) Creating Windows Spites...Drawing Window Sprites
[2024-01-22 22:19:23,234] [MainProcess/MainThread/INFO] (shell_startup.py/update) Clearing background
[2024-01-22 22:19:23,234] [MainProcess/MainThread/INFO] (shell_startup.py/update) Creating Sprites...Drawing Background Sprites
[2024-01-22 22:19:23,234] [MainProcess/MainThread/INFO] (shell_startup.py/update) Creating Windows Spites...Drawing Window Sprites
[2024-01-22 22:19:23,252] [MainProcess/MainThread/INFO] (shell_startup.py/update) Clearing background
[2024-01-22 22:19:23,252] [MainProcess/MainThread/INFO] (shell_startup.py/update) Creating Sprites...Drawing Background Sprites
[2024-01-22 22:19:23,252] [MainProcess/MainThread/INFO] (shell_startup.py/update) Creating Windows Spites...Drawing Window Sprites
[2024-01-22 22:19:23,272] [MainProcess/MainThread/INFO] (shell_startup.py/update) Clearing background
[2024-01-22 22:19:23,272] [MainProcess/MainThread/INFO] (shell_startup.py/update) Creating Sprites...Drawing Background Sprites
[2024-01-22 22:19:23,272] [MainProcess/MainThread/INFO] (shell_startup.py/update) Creating Windows Spites...Drawing Window Sprites
[2024-01-22 22:19:23,289] [MainProcess/MainThread/INFO] (shell_startup.py/update) Clearing background
[2024-01-22 22:19:23,289] [MainProcess/MainThread/INFO] (shell_startup.py/update) Creating Sprites...Drawing Background Sprites
[2024-01-22 22:19:23,290] [MainProcess/MainThread/INFO] (shell_startup.py/update) Creating Windows Spites...Drawing Window Sprites
[2024-01-22 22:19:23,307] [MainProcess/MainThread/INFO] (shell_startup.py/update) Clearing background
[2024-01-22 22:19:23,307] [MainProcess/MainThread/INFO] (shell_startup.py/update) Creating Sprites...Drawing Background Sprites
[2024-01-22 22:19:23,307] [MainProcess/MainThread/INFO] (shell_startup.py/update) Creating Windows Spites...Drawing Window Sprites
[2024-01-22 22:19:23,325] [MainProcess/MainThread/INFO] (shell_startup.py/update) Clearing background
[2024-01-22 22:19:23,325] [MainProcess/MainThread/INFO] (shell_startup.py/update) Creating Sprites...Drawing Background Sprites
[2024-01-22 22:19:23,325] [MainProcess/MainThread/INFO] (shell_startup.py/update) Creating Windows Spites...Drawing Window Sprites
[2024-01-22 22:19:23,343] [MainProcess/MainThread/INFO] (shell_startup.py/update) Clearing background
[2024-01-22 22:19:23,344] [MainProcess/MainThread/INFO] (shell_startup.py/update) Creating Sprites...Drawing Background Sprites
[2024-01-22 22:19:23,344] [MainProcess/MainThread/INFO] (shell_startup.py/update) Creating Windows Spites...Drawing Window Sprites
[2024-01-22 22:19:23,361] [MainProcess/MainThread/INFO] (shell_startup.py/update) Clearing background
[2024-01-22 22:19:23,362] [MainProcess/MainThread/INFO] (shell_startup.py/update) Creating Sprites...Drawing Background Sprites
[2024-01-22 22:19:23,362] [MainProcess/MainThread/INFO] (shell_startup.py/update) Creating Windows Spites...Drawing Window Sprites
[2024-01-22 22:19:23,380] [MainProcess/MainThread/INFO] (shell_startup.py/update) Clearing background
[2024-01-22 22:19:23,380] [MainProcess/MainThread/INFO] (shell_startup.py/update) Creating Sprites...Drawing Background Sprites
[2024-01-22 22:19:23,380] [MainProcess/MainThread/INFO] (shell_startup.py/update) Creating Windows Spites...Drawing Window Sprites
[2024-01-22 22:19:23,398] [MainProcess/MainThread/INFO] (shell_startup.py/update) Clearing background
[2024-01-22 22:19:23,399] [MainProcess/MainThread/INFO] (shell_startup.py/update) Creating Sprites...Drawing Background Sprites
[2024-01-22 22:19:23,399] [MainProcess/MainThread/INFO] (shell_startup.py/update) Creating Windows Spites...Drawing Window Sprites
[2024-01-22 22:19:23,418] [MainProcess/MainThread/INFO] (shell_startup.py/update) Clearing background
[2024-01-22 22:19:23,418] [MainProcess/MainThread/INFO] (shell_startup.py/update) Creating Sprites...Drawing Background Sprites
[2024-01-22 22:19:23,418] [MainProcess/MainThread/INFO] (shell_startup.py/update) Creating Windows Spites...Drawing Window Sprites
[2024-01-22 22:19:23,436] [MainProcess/MainThread/INFO] (shell_startup.py/update) Clearing background
[2024-01-22 22:19:23,436] [MainProcess/MainThread/INFO] (shell_startup.py/update) Creating Sprites...Drawing Background Sprites
[2024-01-22 22:19:23,436] [MainProcess/MainThread/INFO] (shell_startup.py/update) Creating Windows Spites...Drawing Window Sprites
[2024-01-22 22:19:23,454] [MainProcess/MainThread/INFO] (shell_startup.py/update) Clearing background
[2024-01-22 22:19:23,454] [MainProcess/MainThread/INFO] (shell_startup.py/update) Creating Sprites...Drawing Background Sprites
[2024-01-22 22:19:23,454] [MainProcess/MainThread/INFO] (shell_startup.py/update) Creating Windows Spites...Drawing Window Sprites
[2024-01-22 22:19:23,471] [MainProcess/MainThread/INFO] (shell_startup.py/update) Clearing background
[2024-01-22 22:19:23,471] [MainProcess/MainThread/INFO] (shell_startup.py/update) Creating Sprites...Drawing Background Sprites
[2024-01-22 22:19:23,471] [MainProcess/MainThread/INFO] (shell_startup.py/update) Creating Windows Spites...Drawing Window Sprites
[2024-01-22 22:19:23,490] [MainProcess/MainThread/INFO] (shell_startup.py/update) Clearing background
[2024-01-22 22:19:23,490] [MainProcess/MainThread/INFO] (shell_startup.py/update) Creating Sprites...Drawing Background Sprites
[2024-01-22 22:19:23,490] [MainProcess/MainThread/INFO] (shell_startup.py/update) Creating Windows Spites...Drawing Window Sprites
[2024-01-22 22:19:23,508] [MainProcess/MainThread/INFO] (shell_startup.py/update) Clearing background
[2024-01-22 22:19:23,508] [MainProcess/MainThread/INFO] (shell_startup.py/update) Creating Sprites...Drawing Background Sprites
[2024-01-22 22:19:23,508] [MainProcess/MainThread/INFO] (shell_startup.py/update) Creating Windows Spites...Drawing Window Sprites
[2024-01-22 22:19:23,526] [MainProcess/MainThread/INFO] (shell_startup.py/update) Clearing background
[2024-01-22 22:19:23,526] [MainProcess/MainThread/INFO] (shell_startup.py/update) Creating Sprites...Drawing Background Sprites
[2024-01-22 22:19:23,526] [MainProcess/MainThread/INFO] (shell_startup.py/update) Creating Windows Spites...Drawing Window Sprites
[2024-01-22 22:19:23,544] [MainProcess/MainThread/INFO] (shell_startup.py/update) Clearing background
[2024-01-22 22:19:23,545] [MainProcess/MainThread/INFO] (shell_startup.py/update) Creating Sprites...Drawing Background Sprites
[2024-01-22 22:19:23,545] [MainProcess/MainThread/INFO] (shell_startup.py/update) Creating Windows Spites...Drawing Window Sprites
[2024-01-22 22:19:23,562] [MainProcess/MainThread/INFO] (shell_startup.py/update) Clearing background
[2024-01-22 22:19:23,562] [MainProcess/MainThread/INFO] (shell_startup.py/update) Creating Sprites...Drawing Background Sprites
[2024-01-22 22:19:23,562] [MainProcess/MainThread/INFO] (shell_startup.py/update) Creating Windows Spites...Drawing Window Sprites
[2024-01-22 22:19:23,581] [MainProcess/MainThread/INFO] (shell_startup.py/update) Clearing background
[2024-01-22 22:19:23,581] [MainProcess/MainThread/INFO] (shell_startup.py/update) Creating Sprites...Drawing Background Sprites
[2024-01-22 22:19:23,581] [MainProcess/MainThread/INFO] (shell_startup.py/update) Creating Windows Spites...Drawing Window Sprites
[2024-01-22 22:19:23,598] [MainProcess/MainThread/INFO] (shell_startup.py/update) Clearing background
[2024-01-22 22:19:23,599] [MainProcess/MainThread/INFO] (shell_startup.py/update) Creating Sprites...Drawing Background Sprites
[2024-01-22 22:19:23,599] [MainProcess/MainThread/INFO] (shell_startup.py/update) Creating Windows Spites...Drawing Window Sprites
[2024-01-22 22:19:23,705] [MainProcess/MainThread/INFO] (shell_startup.py/update) Clearing background
[2024-01-22 22:19:23,705] [MainProcess/MainThread/INFO] (shell_startup.py/update) Creating Sprites...Drawing Background Sprites
[2024-01-22 22:19:23,705] [MainProcess/MainThread/INFO] (shell_startup.py/update) Creating Windows Spites...Drawing Window Sprites
[2024-01-22 22:19:23,709] [MainProcess/MainThread/INFO] (shell_startup.py/update) Clearing background
[2024-01-22 22:19:23,709] [MainProcess/MainThread/INFO] (shell_startup.py/update) Creating Sprites...Drawing Background Sprites
[2024-01-22 22:19:23,709] [MainProcess/MainThread/INFO] (shell_startup.py/update) Creating Windows Spites...Drawing Window Sprites
[2024-01-22 22:19:23,733] [MainProcess/MainThread/INFO] (shell_startup.py/update) Clearing background
[2024-01-22 22:19:23,733] [MainProcess/MainThread/INFO] (shell_startup.py/update) Creating Sprites...Drawing Background Sprites
[2024-01-22 22:19:23,733] [MainProcess/MainThread/INFO] (shell_startup.py/update) Creating Windows Spites...Drawing Window Sprites
[2024-01-22 22:19:23,750] [MainProcess/MainThread/INFO] (shell_startup.py/update) Clearing background
[2024-01-22 22:19:23,751] [MainProcess/MainThread/INFO] (shell_startup.py/update) Creating Sprites...Drawing Background Sprites
[2024-01-22 22:19:23,751] [MainProcess/MainThread/INFO] (shell_startup.py/update) Creating Windows Spites...Drawing Window Sprites
[2024-01-22 22:19:23,769] [MainProcess/MainThread/INFO] (shell_startup.py/update) Clearing background
[2024-01-22 22:19:23,769] [MainProcess/MainThread/INFO] (shell_startup.py/update) Creating Sprites...Drawing Background Sprites
[2024-01-22 22:19:23,769] [MainProcess/MainThread/INFO] (shell_startup.py/update) Creating Windows Spites...Drawing Window Sprites
[2024-01-22 22:19:23,787] [MainProcess/MainThread/INFO] (shell_startup.py/update) Clearing background
[2024-01-22 22:19:23,787] [MainProcess/MainThread/INFO] (shell_startup.py/update) Creating Sprites...Drawing Background Sprites
[2024-01-22 22:19:23,787] [MainProcess/MainThread/INFO] (shell_startup.py/update) Creating Windows Spites...Drawing Window Sprites
[2024-01-22 22:19:23,805] [MainProcess/MainThread/INFO] (shell_startup.py/update) Clearing background
[2024-01-22 22:19:23,805] [MainProcess/MainThread/INFO] (shell_startup.py/update) Creating Sprites...Drawing Background Sprites
[2024-01-22 22:19:23,805] [MainProcess/MainThread/INFO] (shell_startup.py/update) Creating Windows Spites...Drawing Window Sprites
[2024-01-22 22:19:23,823] [MainProcess/MainThread/INFO] (shell_startup.py/update) Clearing background
[2024-01-22 22:19:23,823] [MainProcess/MainThread/INFO] (shell_startup.py/update) Creating Sprites...Drawing Background Sprites
[2024-01-22 22:19:23,823] [MainProcess/MainThread/INFO] (shell_startup.py/update) Creating Windows Spites...Drawing Window Sprites
[2024-01-22 22:19:23,842] [MainProcess/MainThread/INFO] (shell_startup.py/update) Clearing background
[2024-01-22 22:19:23,842] [MainProcess/MainThread/INFO] (shell_startup.py/update) Creating Sprites...Drawing Background Sprites
[2024-01-22 22:19:23,842] [MainProcess/MainThread/INFO] (shell_startup.py/update) Creating Windows Spites...Drawing Window Sprites
[2024-01-22 22:19:23,860] [MainProcess/MainThread/INFO] (shell_startup.py/update) Clearing background
[2024-01-22 22:19:23,860] [MainProcess/MainThread/INFO] (shell_startup.py/update) Creating Sprites...Drawing Background Sprites
[2024-01-22 22:19:23,860] [MainProcess/MainThread/INFO] (shell_startup.py/update) Creating Windows Spites...Drawing Window Sprites
[2024-01-22 22:19:23,878] [MainProcess/MainThread/INFO] (shell_startup.py/update) Clearing background
[2024-01-22 22:19:23,878] [MainProcess/MainThread/INFO] (shell_startup.py/update) Creating Sprites...Drawing Background Sprites
[2024-01-22 22:19:23,878] [MainProcess/MainThread/INFO] (shell_startup.py/update) Creating Windows Spites...Drawing Window Sprites
[2024-01-22 22:19:23,896] [MainProcess/MainThread/INFO] (shell_startup.py/update) Clearing background
[2024-01-22 22:19:23,897] [MainProcess/MainThread/INFO] (shell_startup.py/update) Creating Sprites...Drawing Background Sprites
[2024-01-22 22:19:23,897] [MainProcess/MainThread/INFO] (shell_startup.py/update) Creating Windows Spites...Drawing Window Sprites
[2024-01-22 22:19:23,915] [MainProcess/MainThread/INFO] (shell_startup.py/update) Clearing background
[2024-01-22 22:19:23,915] [MainProcess/MainThread/INFO] (shell_startup.py/update) Creating Sprites...Drawing Background Sprites
[2024-01-22 22:19:23,915] [MainProcess/MainThread/INFO] (shell_startup.py/update) Creating Windows Spites...Drawing Window Sprites
[2024-01-22 22:19:23,933] [MainProcess/MainThread/INFO] (shell_startup.py/update) Clearing background
[2024-01-22 22:19:23,933] [MainProcess/MainThread/INFO] (shell_startup.py/update) Creating Sprites...Drawing Background Sprites
[2024-01-22 22:19:23,933] [MainProcess/MainThread/INFO] (shell_startup.py/update) Creating Windows Spites...Drawing Window Sprites
[2024-01-22 22:19:23,951] [MainProcess/MainThread/INFO] (shell_startup.py/update) Clearing background
[2024-01-22 22:19:23,951] [MainProcess/MainThread/INFO] (shell_startup.py/update) Creating Sprites...Drawing Background Sprites
[2024-01-22 22:19:23,951] [MainProcess/MainThread/INFO] (shell_startup.py/update) Creating Windows Spites...Drawing Window Sprites
[2024-01-22 22:19:23,969] [MainProcess/MainThread/INFO] (shell_startup.py/update) Clearing background
[2024-01-22 22:19:23,969] [MainProcess/MainThread/INFO] (shell_startup.py/update) Creating Sprites...Drawing Background Sprites
[2024-01-22 22:19:23,969] [MainProcess/MainThread/INFO] (shell_startup.py/update) Creating Windows Spites...Drawing Window Sprites
[2024-01-22 22:19:23,987] [MainProcess/MainThread/INFO] (shell_startup.py/update) Clearing background
[2024-01-22 22:19:23,987] [MainProcess/MainThread/INFO] (shell_startup.py/update) Creating Sprites...Drawing Background Sprites
[2024-01-22 22:19:23,987] [MainProcess/MainThread/INFO] (shell_startup.py/update) Creating Windows Spites...Drawing Window Sprites
[2024-01-22 22:19:24,005] [MainProcess/MainThread/INFO] (shell_startup.py/update) Clearing background
[2024-01-22 22:19:24,005] [MainProcess/MainThread/INFO] (shell_startup.py/update) Creating Sprites...Drawing Background Sprites
[2024-01-22 22:19:24,005] [MainProcess/MainThread/INFO] (shell_startup.py/update) Creating Windows Spites...Drawing Window Sprites
[2024-01-22 22:19:24,024] [MainProcess/MainThread/INFO] (shell_startup.py/update) Clearing background
[2024-01-22 22:19:24,024] [MainProcess/MainThread/INFO] (shell_startup.py/update) Creating Sprites...Drawing Background Sprites
[2024-01-22 22:19:24,024] [MainProcess/MainThread/INFO] (shell_startup.py/update) Creating Windows Spites...Drawing Window Sprites
[2024-01-22 22:19:24,041] [MainProcess/MainThread/INFO] (shell_startup.py/update) Clearing background
[2024-01-22 22:19:24,041] [MainProcess/MainThread/INFO] (shell_startup.py/update) Creating Sprites...Drawing Background Sprites
[2024-01-22 22:19:24,041] [MainProcess/MainThread/INFO] (shell_startup.py/update) Creating Windows Spites...Drawing Window Sprites
[2024-01-22 22:19:24,059] [MainProcess/MainThread/INFO] (shell_startup.py/update) Clearing background
[2024-01-22 22:19:24,059] [MainProcess/MainThread/INFO] (shell_startup.py/update) Creating Sprites...Drawing Background Sprites
[2024-01-22 22:19:24,059] [MainProcess/MainThread/INFO] (shell_startup.py/update) Creating Windows Spites...Drawing Window Sprites
[2024-01-22 22:19:24,078] [MainProcess/MainThread/INFO] (shell_startup.py/update) Clearing background
[2024-01-22 22:19:24,078] [MainProcess/MainThread/INFO] (shell_startup.py/update) Creating Sprites...Drawing Background Sprites
[2024-01-22 22:19:24,078] [MainProcess/MainThread/INFO] (shell_startup.py/update) Creating Windows Spites...Drawing Window Sprites
[2024-01-22 22:19:24,097] [MainProcess/MainThread/INFO] (shell_startup.py/update) Clearing background
[2024-01-22 22:19:24,097] [MainProcess/MainThread/INFO] (shell_startup.py/update) Creating Sprites...Drawing Background Sprites
[2024-01-22 22:19:24,097] [MainProcess/MainThread/INFO] (shell_startup.py/update) Creating Windows Spites...Drawing Window Sprites
[2024-01-22 22:19:24,115] [MainProcess/MainThread/INFO] (shell_startup.py/update) Clearing background
[2024-01-22 22:19:24,115] [MainProcess/MainThread/INFO] (shell_startup.py/update) Creating Sprites...Drawing Background Sprites
[2024-01-22 22:19:24,115] [MainProcess/MainThread/INFO] (shell_startup.py/update) Creating Windows Spites...Drawing Window Sprites
[2024-01-22 22:19:24,132] [MainProcess/MainThread/INFO] (shell_startup.py/update) Clearing background
[2024-01-22 22:19:24,132] [MainProcess/MainThread/INFO] (shell_startup.py/update) Creating Sprites...Drawing Background Sprites
[2024-01-22 22:19:24,132] [MainProcess/MainThread/INFO] (shell_startup.py/update) Creating Windows Spites...Drawing Window Sprites
[2024-01-22 22:19:24,151] [MainProcess/MainThread/INFO] (shell_startup.py/update) Clearing background
[2024-01-22 22:19:24,151] [MainProcess/MainThread/INFO] (shell_startup.py/update) Creating Sprites...Drawing Background Sprites
[2024-01-22 22:19:24,151] [MainProcess/MainThread/INFO] (shell_startup.py/update) Creating Windows Spites...Drawing Window Sprites
[2024-01-22 22:19:24,169] [MainProcess/MainThread/INFO] (shell_startup.py/update) Clearing background
[2024-01-22 22:19:24,169] [MainProcess/MainThread/INFO] (shell_startup.py/update) Creating Sprites...Drawing Background Sprites
[2024-01-22 22:19:24,169] [MainProcess/MainThread/INFO] (shell_startup.py/update) Creating Windows Spites...Drawing Window Sprites
[2024-01-22 22:19:24,187] [MainProcess/MainThread/INFO] (shell_startup.py/update) Clearing background
[2024-01-22 22:19:24,187] [MainProcess/MainThread/INFO] (shell_startup.py/update) Creating Sprites...Drawing Background Sprites
[2024-01-22 22:19:24,187] [MainProcess/MainThread/INFO] (shell_startup.py/update) Creating Windows Spites...Drawing Window Sprites
[2024-01-22 22:19:24,205] [MainProcess/MainThread/INFO] (shell_startup.py/update) Clearing background
[2024-01-22 22:19:24,205] [MainProcess/MainThread/INFO] (shell_startup.py/update) Creating Sprites...Drawing Background Sprites
[2024-01-22 22:19:24,205] [MainProcess/MainThread/INFO] (shell_startup.py/update) Creating Windows Spites...Drawing Window Sprites
[2024-01-22 22:19:24,224] [MainProcess/MainThread/INFO] (shell_startup.py/update) Clearing background
[2024-01-22 22:19:24,224] [MainProcess/MainThread/INFO] (shell_startup.py/update) Creating Sprites...Drawing Background Sprites
[2024-01-22 22:19:24,224] [MainProcess/MainThread/INFO] (shell_startup.py/update) Creating Windows Spites...Drawing Window Sprites
[2024-01-22 22:19:24,242] [MainProcess/MainThread/INFO] (shell_startup.py/update) Clearing background
[2024-01-22 22:19:24,242] [MainProcess/MainThread/INFO] (shell_startup.py/update) Creating Sprites...Drawing Background Sprites
[2024-01-22 22:19:24,242] [MainProcess/MainThread/INFO] (shell_startup.py/update) Creating Windows Spites...Drawing Window Sprites
[2024-01-22 22:19:24,260] [MainProcess/MainThread/INFO] (shell_startup.py/update) Clearing background
[2024-01-22 22:19:24,261] [MainProcess/MainThread/INFO] (shell_startup.py/update) Creating Sprites...Drawing Background Sprites
[2024-01-22 22:19:24,261] [MainProcess/MainThread/INFO] (shell_startup.py/update) Creating Windows Spites...Drawing Window Sprites
[2024-01-22 22:19:24,279] [MainProcess/MainThread/INFO] (shell_startup.py/update) Clearing background
[2024-01-22 22:19:24,279] [MainProcess/MainThread/INFO] (shell_startup.py/update) Creating Sprites...Drawing Background Sprites
[2024-01-22 22:19:24,279] [MainProcess/MainThread/INFO] (shell_startup.py/update) Creating Windows Spites...Drawing Window Sprites
[2024-01-22 22:19:24,296] [MainProcess/MainThread/INFO] (shell_startup.py/update) Clearing background
[2024-01-22 22:19:24,296] [MainProcess/MainThread/INFO] (shell_startup.py/update) Creating Sprites...Drawing Background Sprites
[2024-01-22 22:19:24,296] [MainProcess/MainThread/INFO] (shell_startup.py/update) Creating Windows Spites...Drawing Window Sprites
[2024-01-22 22:19:24,315] [MainProcess/MainThread/INFO] (shell_startup.py/update) Clearing background
[2024-01-22 22:19:24,315] [MainProcess/MainThread/INFO] (shell_startup.py/update) Creating Sprites...Drawing Background Sprites
[2024-01-22 22:19:24,315] [MainProcess/MainThread/INFO] (shell_startup.py/update) Creating Windows Spites...Drawing Window Sprites
[2024-01-22 22:19:24,333] [MainProcess/MainThread/INFO] (shell_startup.py/update) Clearing background
[2024-01-22 22:19:24,333] [MainProcess/MainThread/INFO] (shell_startup.py/update) Creating Sprites...Drawing Background Sprites
[2024-01-22 22:19:24,333] [MainProcess/MainThread/INFO] (shell_startup.py/update) Creating Windows Spites...Drawing Window Sprites
[2024-01-22 22:19:24,352] [MainProcess/MainThread/INFO] (shell_startup.py/update) Clearing background
[2024-01-22 22:19:24,352] [MainProcess/MainThread/INFO] (shell_startup.py/update) Creating Sprites...Drawing Background Sprites
[2024-01-22 22:19:24,352] [MainProcess/MainThread/INFO] (shell_startup.py/update) Creating Windows Spites...Drawing Window Sprites
[2024-01-22 22:19:24,370] [MainProcess/MainThread/INFO] (shell_startup.py/update) Clearing background
[2024-01-22 22:19:24,370] [MainProcess/MainThread/INFO] (shell_startup.py/update) Creating Sprites...Drawing Background Sprites
[2024-01-22 22:19:24,370] [MainProcess/MainThread/INFO] (shell_startup.py/update) Creating Windows Spites...Drawing Window Sprites
[2024-01-22 22:19:24,387] [MainProcess/MainThread/INFO] (shell_startup.py/update) Clearing background
[2024-01-22 22:19:24,387] [MainProcess/MainThread/INFO] (shell_startup.py/update) Creating Sprites...Drawing Background Sprites
[2024-01-22 22:19:24,387] [MainProcess/MainThread/INFO] (shell_startup.py/update) Creating Windows Spites...Drawing Window Sprites
[2024-01-22 22:19:24,406] [MainProcess/MainThread/INFO] (shell_startup.py/update) Clearing background
[2024-01-22 22:19:24,406] [MainProcess/MainThread/INFO] (shell_startup.py/update) Creating Sprites...Drawing Background Sprites
[2024-01-22 22:19:24,406] [MainProcess/MainThread/INFO] (shell_startup.py/update) Creating Windows Spites...Drawing Window Sprites
[2024-01-22 22:19:24,424] [MainProcess/MainThread/INFO] (shell_startup.py/update) Clearing background
[2024-01-22 22:19:24,424] [MainProcess/MainThread/INFO] (shell_startup.py/update) Creating Sprites...Drawing Background Sprites
[2024-01-22 22:19:24,424] [MainProcess/MainThread/INFO] (shell_startup.py/update) Creating Windows Spites...Drawing Window Sprites
[2024-01-22 22:19:24,442] [MainProcess/MainThread/INFO] (shell_startup.py/update) Clearing background
[2024-01-22 22:19:24,443] [MainProcess/MainThread/INFO] (shell_startup.py/update) Creating Sprites...Drawing Background Sprites
[2024-01-22 22:19:24,443] [MainProcess/MainThread/INFO] (shell_startup.py/update) Creating Windows Spites...Drawing Window Sprites
[2024-01-22 22:19:24,460] [MainProcess/MainThread/INFO] (shell_startup.py/update) Clearing background
[2024-01-22 22:19:24,461] [MainProcess/MainThread/INFO] (shell_startup.py/update) Creating Sprites...Drawing Background Sprites
[2024-01-22 22:19:24,461] [MainProcess/MainThread/INFO] (shell_startup.py/update) Creating Windows Spites...Drawing Window Sprites
[2024-01-22 22:19:24,478] [MainProcess/MainThread/INFO] (shell_startup.py/update) Clearing background
[2024-01-22 22:19:24,478] [MainProcess/MainThread/INFO] (shell_startup.py/update) Creating Sprites...Drawing Background Sprites
[2024-01-22 22:19:24,479] [MainProcess/MainThread/INFO] (shell_startup.py/update) Creating Windows Spites...Drawing Window Sprites
[2024-01-22 22:19:24,496] [MainProcess/MainThread/INFO] (shell_startup.py/update) Clearing background
[2024-01-22 22:19:24,497] [MainProcess/MainThread/INFO] (shell_startup.py/update) Creating Sprites...Drawing Background Sprites
[2024-01-22 22:19:24,497] [MainProcess/MainThread/INFO] (shell_startup.py/update) Creating Windows Spites...Drawing Window Sprites
[2024-01-22 22:19:24,515] [MainProcess/MainThread/INFO] (shell_startup.py/update) Clearing background
[2024-01-22 22:19:24,516] [MainProcess/MainThread/INFO] (shell_startup.py/update) Creating Sprites...Drawing Background Sprites
[2024-01-22 22:19:24,516] [MainProcess/MainThread/INFO] (shell_startup.py/update) Creating Windows Spites...Drawing Window Sprites
[2024-01-22 22:19:24,533] [MainProcess/MainThread/INFO] (shell_startup.py/update) Clearing background
[2024-01-22 22:19:24,534] [MainProcess/MainThread/INFO] (shell_startup.py/update) Creating Sprites...Drawing Background Sprites
[2024-01-22 22:19:24,534] [MainProcess/MainThread/INFO] (shell_startup.py/update) Creating Windows Spites...Drawing Window Sprites
[2024-01-22 22:19:24,552] [MainProcess/MainThread/INFO] (shell_startup.py/update) Clearing background
[2024-01-22 22:19:24,552] [MainProcess/MainThread/INFO] (shell_startup.py/update) Creating Sprites...Drawing Background Sprites
[2024-01-22 22:19:24,552] [MainProcess/MainThread/INFO] (shell_startup.py/update) Creating Windows Spites...Drawing Window Sprites
[2024-01-22 22:19:24,570] [MainProcess/MainThread/INFO] (shell_startup.py/update) Clearing background
[2024-01-22 22:19:24,570] [MainProcess/MainThread/INFO] (shell_startup.py/update) Creating Sprites...Drawing Background Sprites
[2024-01-22 22:19:24,571] [MainProcess/MainThread/INFO] (shell_startup.py/update) Creating Windows Spites...Drawing Window Sprites
[2024-01-22 22:19:24,588] [MainProcess/MainThread/INFO] (shell_startup.py/update) Clearing background
[2024-01-22 22:19:24,588] [MainProcess/MainThread/INFO] (shell_startup.py/update) Creating Sprites...Drawing Background Sprites
[2024-01-22 22:19:24,588] [MainProcess/MainThread/INFO] (shell_startup.py/update) Creating Windows Spites...Drawing Window Sprites
[2024-01-22 22:19:24,606] [MainProcess/MainThread/INFO] (shell_startup.py/update) Clearing background
[2024-01-22 22:19:24,606] [MainProcess/MainThread/INFO] (shell_startup.py/update) Creating Sprites...Drawing Background Sprites
[2024-01-22 22:19:24,606] [MainProcess/MainThread/INFO] (shell_startup.py/update) Creating Windows Spites...Drawing Window Sprites
[2024-01-22 22:19:24,624] [MainProcess/MainThread/INFO] (shell_startup.py/update) Clearing background
[2024-01-22 22:19:24,624] [MainProcess/MainThread/INFO] (shell_startup.py/update) Creating Sprites...Drawing Background Sprites
[2024-01-22 22:19:24,624] [MainProcess/MainThread/INFO] (shell_startup.py/update) Creating Windows Spites...Drawing Window Sprites
[2024-01-22 22:19:24,643] [MainProcess/MainThread/INFO] (shell_startup.py/update) Clearing background
[2024-01-22 22:19:24,643] [MainProcess/MainThread/INFO] (shell_startup.py/update) Creating Sprites...Drawing Background Sprites
[2024-01-22 22:19:24,643] [MainProcess/MainThread/INFO] (shell_startup.py/update) Creating Windows Spites...Drawing Window Sprites
[2024-01-22 22:19:24,661] [MainProcess/MainThread/INFO] (shell_startup.py/update) Clearing background
[2024-01-22 22:19:24,661] [MainProcess/MainThread/INFO] (shell_startup.py/update) Creating Sprites...Drawing Background Sprites
[2024-01-22 22:19:24,661] [MainProcess/MainThread/INFO] (shell_startup.py/update) Creating Windows Spites...Drawing Window Sprites
[2024-01-22 22:19:24,679] [MainProcess/MainThread/INFO] (shell_startup.py/update) Clearing background
[2024-01-22 22:19:24,679] [MainProcess/MainThread/INFO] (shell_startup.py/update) Creating Sprites...Drawing Background Sprites
[2024-01-22 22:19:24,679] [MainProcess/MainThread/INFO] (shell_startup.py/update) Creating Windows Spites...Drawing Window Sprites
[2024-01-22 22:19:24,697] [MainProcess/MainThread/INFO] (shell_startup.py/update) Clearing background
[2024-01-22 22:19:24,697] [MainProcess/MainThread/INFO] (shell_startup.py/update) Creating Sprites...Drawing Background Sprites
[2024-01-22 22:19:24,697] [MainProcess/MainThread/INFO] (shell_startup.py/update) Creating Windows Spites...Drawing Window Sprites
[2024-01-22 22:19:24,715] [MainProcess/MainThread/INFO] (shell_startup.py/update) Clearing background
[2024-01-22 22:19:24,715] [MainProcess/MainThread/INFO] (shell_startup.py/update) Creating Sprites...Drawing Background Sprites
[2024-01-22 22:19:24,715] [MainProcess/MainThread/INFO] (shell_startup.py/update) Creating Windows Spites...Drawing Window Sprites
[2024-01-22 22:19:24,733] [MainProcess/MainThread/INFO] (shell_startup.py/update) Clearing background
[2024-01-22 22:19:24,733] [MainProcess/MainThread/INFO] (shell_startup.py/update) Creating Sprites...Drawing Background Sprites
[2024-01-22 22:19:24,733] [MainProcess/MainThread/INFO] (shell_startup.py/update) Creating Windows Spites...Drawing Window Sprites
[2024-01-22 22:19:24,752] [MainProcess/MainThread/INFO] (shell_startup.py/update) Clearing background
[2024-01-22 22:19:24,752] [MainProcess/MainThread/INFO] (shell_startup.py/update) Creating Sprites...Drawing Background Sprites
[2024-01-22 22:19:24,752] [MainProcess/MainThread/INFO] (shell_startup.py/update) Creating Windows Spites...Drawing Window Sprites
[2024-01-22 22:19:24,770] [MainProcess/MainThread/INFO] (shell_startup.py/update) Clearing background
[2024-01-22 22:19:24,771] [MainProcess/MainThread/INFO] (shell_startup.py/update) Creating Sprites...Drawing Background Sprites
[2024-01-22 22:19:24,771] [MainProcess/MainThread/INFO] (shell_startup.py/update) Creating Windows Spites...Drawing Window Sprites
[2024-01-22 22:19:24,788] [MainProcess/MainThread/INFO] (shell_startup.py/update) Clearing background
[2024-01-22 22:19:24,788] [MainProcess/MainThread/INFO] (shell_startup.py/update) Creating Sprites...Drawing Background Sprites
[2024-01-22 22:19:24,788] [MainProcess/MainThread/INFO] (shell_startup.py/update) Creating Windows Spites...Drawing Window Sprites
[2024-01-22 22:19:24,807] [MainProcess/MainThread/INFO] (shell_startup.py/update) Clearing background
[2024-01-22 22:19:24,807] [MainProcess/MainThread/INFO] (shell_startup.py/update) Creating Sprites...Drawing Background Sprites
[2024-01-22 22:19:24,807] [MainProcess/MainThread/INFO] (shell_startup.py/update) Creating Windows Spites...Drawing Window Sprites
[2024-01-22 22:19:24,824] [MainProcess/MainThread/INFO] (shell_startup.py/update) Clearing background
[2024-01-22 22:19:24,825] [MainProcess/MainThread/INFO] (shell_startup.py/update) Creating Sprites...Drawing Background Sprites
[2024-01-22 22:19:24,825] [MainProcess/MainThread/INFO] (shell_startup.py/update) Creating Windows Spites...Drawing Window Sprites
[2024-01-22 22:19:24,843] [MainProcess/MainThread/INFO] (shell_startup.py/update) Clearing background
[2024-01-22 22:19:24,843] [MainProcess/MainThread/INFO] (shell_startup.py/update) Creating Sprites...Drawing Background Sprites
[2024-01-22 22:19:24,843] [MainProcess/MainThread/INFO] (shell_startup.py/update) Creating Windows Spites...Drawing Window Sprites
[2024-01-22 22:19:24,861] [MainProcess/MainThread/INFO] (shell_startup.py/update) Clearing background
[2024-01-22 22:19:24,861] [MainProcess/MainThread/INFO] (shell_startup.py/update) Creating Sprites...Drawing Background Sprites
[2024-01-22 22:19:24,861] [MainProcess/MainThread/INFO] (shell_startup.py/update) Creating Windows Spites...Drawing Window Sprites
[2024-01-22 22:19:24,879] [MainProcess/MainThread/INFO] (shell_startup.py/update) Clearing background
[2024-01-22 22:19:24,879] [MainProcess/MainThread/INFO] (shell_startup.py/update) Creating Sprites...Drawing Background Sprites
[2024-01-22 22:19:24,879] [MainProcess/MainThread/INFO] (shell_startup.py/update) Creating Windows Spites...Drawing Window Sprites
[2024-01-22 22:19:24,897] [MainProcess/MainThread/INFO] (shell_startup.py/update) Clearing background
[2024-01-22 22:19:24,897] [MainProcess/MainThread/INFO] (shell_startup.py/update) Creating Sprites...Drawing Background Sprites
[2024-01-22 22:19:24,897] [MainProcess/MainThread/INFO] (shell_startup.py/update) Creating Windows Spites...Drawing Window Sprites
[2024-01-22 22:19:24,915] [MainProcess/MainThread/INFO] (shell_startup.py/update) Clearing background
[2024-01-22 22:19:24,916] [MainProcess/MainThread/INFO] (shell_startup.py/update) Creating Sprites...Drawing Background Sprites
[2024-01-22 22:19:24,916] [MainProcess/MainThread/INFO] (shell_startup.py/update) Creating Windows Spites...Drawing Window Sprites
[2024-01-22 22:19:25,056] [MainProcess/MainThread/INFO] (shell_startup.py/update) Clearing background
[2024-01-22 22:19:25,057] [MainProcess/MainThread/INFO] (shell_startup.py/update) Creating Sprites...Drawing Background Sprites
[2024-01-22 22:19:25,057] [MainProcess/MainThread/INFO] (shell_startup.py/update) Creating Windows Spites...Drawing Window Sprites
[2024-01-22 22:19:25,073] [MainProcess/MainThread/INFO] (shell_startup.py/update) Clearing background
[2024-01-22 22:19:25,074] [MainProcess/MainThread/INFO] (shell_startup.py/update) Creating Sprites...Drawing Background Sprites
[2024-01-22 22:19:25,074] [MainProcess/MainThread/INFO] (shell_startup.py/update) Creating Windows Spites...Drawing Window Sprites
[2024-01-22 22:19:25,091] [MainProcess/MainThread/INFO] (shell_startup.py/update) Clearing background
[2024-01-22 22:19:25,091] [MainProcess/MainThread/INFO] (shell_startup.py/update) Creating Sprites...Drawing Background Sprites
[2024-01-22 22:19:25,091] [MainProcess/MainThread/INFO] (shell_startup.py/update) Creating Windows Spites...Drawing Window Sprites
[2024-01-22 22:19:25,110] [MainProcess/MainThread/INFO] (shell_startup.py/update) Clearing background
[2024-01-22 22:19:25,110] [MainProcess/MainThread/INFO] (shell_startup.py/update) Creating Sprites...Drawing Background Sprites
[2024-01-22 22:19:25,110] [MainProcess/MainThread/INFO] (shell_startup.py/update) Creating Windows Spites...Drawing Window Sprites
[2024-01-22 22:19:25,127] [MainProcess/MainThread/INFO] (shell_startup.py/update) Clearing background
[2024-01-22 22:19:25,128] [MainProcess/MainThread/INFO] (shell_startup.py/update) Creating Sprites...Drawing Background Sprites
[2024-01-22 22:19:25,128] [MainProcess/MainThread/INFO] (shell_startup.py/update) Creating Windows Spites...Drawing Window Sprites
[2024-01-22 22:19:25,145] [MainProcess/MainThread/INFO] (shell_startup.py/update) Clearing background
[2024-01-22 22:19:25,146] [MainProcess/MainThread/INFO] (shell_startup.py/update) Creating Sprites...Drawing Background Sprites
[2024-01-22 22:19:25,146] [MainProcess/MainThread/INFO] (shell_startup.py/update) Creating Windows Spites...Drawing Window Sprites
[2024-01-22 22:19:25,164] [MainProcess/MainThread/INFO] (shell_startup.py/update) Clearing background
[2024-01-22 22:19:25,164] [MainProcess/MainThread/INFO] (shell_startup.py/update) Creating Sprites...Drawing Background Sprites
[2024-01-22 22:19:25,164] [MainProcess/MainThread/INFO] (shell_startup.py/update) Creating Windows Spites...Drawing Window Sprites
[2024-01-22 22:19:25,182] [MainProcess/MainThread/INFO] (shell_startup.py/update) Clearing background
[2024-01-22 22:19:25,182] [MainProcess/MainThread/INFO] (shell_startup.py/update) Creating Sprites...Drawing Background Sprites
[2024-01-22 22:19:25,182] [MainProcess/MainThread/INFO] (shell_startup.py/update) Creating Windows Spites...Drawing Window Sprites
[2024-01-22 22:19:25,201] [MainProcess/MainThread/INFO] (shell_startup.py/update) Clearing background
[2024-01-22 22:19:25,201] [MainProcess/MainThread/INFO] (shell_startup.py/update) Creating Sprites...Drawing Background Sprites
[2024-01-22 22:19:25,201] [MainProcess/MainThread/INFO] (shell_startup.py/update) Creating Windows Spites...Drawing Window Sprites
[2024-01-22 22:19:25,219] [MainProcess/MainThread/INFO] (shell_startup.py/update) Clearing background
[2024-01-22 22:19:25,219] [MainProcess/MainThread/INFO] (shell_startup.py/update) Creating Sprites...Drawing Background Sprites
[2024-01-22 22:19:25,219] [MainProcess/MainThread/INFO] (shell_startup.py/update) Creating Windows Spites...Drawing Window Sprites
[2024-01-22 22:19:25,237] [MainProcess/MainThread/INFO] (shell_startup.py/update) Clearing background
[2024-01-22 22:19:25,237] [MainProcess/MainThread/INFO] (shell_startup.py/update) Creating Sprites...Drawing Background Sprites
[2024-01-22 22:19:25,237] [MainProcess/MainThread/INFO] (shell_startup.py/update) Creating Windows Spites...Drawing Window Sprites
[2024-01-22 22:19:25,255] [MainProcess/MainThread/INFO] (shell_startup.py/update) Clearing background
[2024-01-22 22:19:25,255] [MainProcess/MainThread/INFO] (shell_startup.py/update) Creating Sprites...Drawing Background Sprites
[2024-01-22 22:19:25,255] [MainProcess/MainThread/INFO] (shell_startup.py/update) Creating Windows Spites...Drawing Window Sprites
[2024-01-22 22:19:25,273] [MainProcess/MainThread/INFO] (shell_startup.py/update) Clearing background
[2024-01-22 22:19:25,273] [MainProcess/MainThread/INFO] (shell_startup.py/update) Creating Sprites...Drawing Background Sprites
[2024-01-22 22:19:25,273] [MainProcess/MainThread/INFO] (shell_startup.py/update) Creating Windows Spites...Drawing Window Sprites
[2024-01-22 22:19:25,292] [MainProcess/MainThread/INFO] (shell_startup.py/update) Clearing background
[2024-01-22 22:19:25,292] [MainProcess/MainThread/INFO] (shell_startup.py/update) Creating Sprites...Drawing Background Sprites
[2024-01-22 22:19:25,292] [MainProcess/MainThread/INFO] (shell_startup.py/update) Creating Windows Spites...Drawing Window Sprites
[2024-01-22 22:19:25,311] [MainProcess/MainThread/INFO] (shell_startup.py/update) Clearing background
[2024-01-22 22:19:25,311] [MainProcess/MainThread/INFO] (shell_startup.py/update) Creating Sprites...Drawing Background Sprites
[2024-01-22 22:19:25,311] [MainProcess/MainThread/INFO] (shell_startup.py/update) Creating Windows Spites...Drawing Window Sprites
[2024-01-22 22:19:25,328] [MainProcess/MainThread/INFO] (shell_startup.py/update) Clearing background
[2024-01-22 22:19:25,328] [MainProcess/MainThread/INFO] (shell_startup.py/update) Creating Sprites...Drawing Background Sprites
[2024-01-22 22:19:25,328] [MainProcess/MainThread/INFO] (shell_startup.py/update) Creating Windows Spites...Drawing Window Sprites
[2024-01-22 22:19:25,346] [MainProcess/MainThread/INFO] (shell_startup.py/update) Clearing background
[2024-01-22 22:19:25,346] [MainProcess/MainThread/INFO] (shell_startup.py/update) Creating Sprites...Drawing Background Sprites
[2024-01-22 22:19:25,346] [MainProcess/MainThread/INFO] (shell_startup.py/update) Creating Windows Spites...Drawing Window Sprites
[2024-01-22 22:19:25,364] [MainProcess/MainThread/INFO] (shell_startup.py/update) Clearing background
[2024-01-22 22:19:25,364] [MainProcess/MainThread/INFO] (shell_startup.py/update) Creating Sprites...Drawing Background Sprites
[2024-01-22 22:19:25,364] [MainProcess/MainThread/INFO] (shell_startup.py/update) Creating Windows Spites...Drawing Window Sprites
[2024-01-22 22:19:25,382] [MainProcess/MainThread/INFO] (shell_startup.py/update) Clearing background
[2024-01-22 22:19:25,383] [MainProcess/MainThread/INFO] (shell_startup.py/update) Creating Sprites...Drawing Background Sprites
[2024-01-22 22:19:25,383] [MainProcess/MainThread/INFO] (shell_startup.py/update) Creating Windows Spites...Drawing Window Sprites
[2024-01-22 22:19:25,400] [MainProcess/MainThread/INFO] (shell_startup.py/update) Clearing background
[2024-01-22 22:19:25,401] [MainProcess/MainThread/INFO] (shell_startup.py/update) Creating Sprites...Drawing Background Sprites
[2024-01-22 22:19:25,401] [MainProcess/MainThread/INFO] (shell_startup.py/update) Creating Windows Spites...Drawing Window Sprites
[2024-01-22 22:19:25,418] [MainProcess/MainThread/INFO] (shell_startup.py/update) Clearing background
[2024-01-22 22:19:25,419] [MainProcess/MainThread/INFO] (shell_startup.py/update) Creating Sprites...Drawing Background Sprites
[2024-01-22 22:19:25,419] [MainProcess/MainThread/INFO] (shell_startup.py/update) Creating Windows Spites...Drawing Window Sprites
[2024-01-22 22:19:25,436] [MainProcess/MainThread/INFO] (shell_startup.py/update) Clearing background
[2024-01-22 22:19:25,437] [MainProcess/MainThread/INFO] (shell_startup.py/update) Creating Sprites...Drawing Background Sprites
[2024-01-22 22:19:25,437] [MainProcess/MainThread/INFO] (shell_startup.py/update) Creating Windows Spites...Drawing Window Sprites
[2024-01-22 22:19:25,455] [MainProcess/MainThread/INFO] (shell_startup.py/update) Clearing background
[2024-01-22 22:19:25,455] [MainProcess/MainThread/INFO] (shell_startup.py/update) Creating Sprites...Drawing Background Sprites
[2024-01-22 22:19:25,455] [MainProcess/MainThread/INFO] (shell_startup.py/update) Creating Windows Spites...Drawing Window Sprites
[2024-01-22 22:19:25,474] [MainProcess/MainThread/INFO] (shell_startup.py/update) Clearing background
[2024-01-22 22:19:25,474] [MainProcess/MainThread/INFO] (shell_startup.py/update) Creating Sprites...Drawing Background Sprites
[2024-01-22 22:19:25,475] [MainProcess/MainThread/INFO] (shell_startup.py/update) Creating Windows Spites...Drawing Window Sprites
[2024-01-22 22:19:25,492] [MainProcess/MainThread/INFO] (shell_startup.py/update) Clearing background
[2024-01-22 22:19:25,492] [MainProcess/MainThread/INFO] (shell_startup.py/update) Creating Sprites...Drawing Background Sprites
[2024-01-22 22:19:25,493] [MainProcess/MainThread/INFO] (shell_startup.py/update) Creating Windows Spites...Drawing Window Sprites
[2024-01-22 22:19:25,509] [MainProcess/MainThread/INFO] (shell_startup.py/update) Clearing background
[2024-01-22 22:19:25,510] [MainProcess/MainThread/INFO] (shell_startup.py/update) Creating Sprites...Drawing Background Sprites
[2024-01-22 22:19:25,510] [MainProcess/MainThread/INFO] (shell_startup.py/update) Creating Windows Spites...Drawing Window Sprites
[2024-01-22 22:19:25,528] [MainProcess/MainThread/INFO] (shell_startup.py/update) Clearing background
[2024-01-22 22:19:25,528] [MainProcess/MainThread/INFO] (shell_startup.py/update) Creating Sprites...Drawing Background Sprites
[2024-01-22 22:19:25,528] [MainProcess/MainThread/INFO] (shell_startup.py/update) Creating Windows Spites...Drawing Window Sprites
[2024-01-22 22:19:25,546] [MainProcess/MainThread/INFO] (shell_startup.py/update) Clearing background
[2024-01-22 22:19:25,546] [MainProcess/MainThread/INFO] (shell_startup.py/update) Creating Sprites...Drawing Background Sprites
[2024-01-22 22:19:25,546] [MainProcess/MainThread/INFO] (shell_startup.py/update) Creating Windows Spites...Drawing Window Sprites
[2024-01-22 22:19:25,564] [MainProcess/MainThread/INFO] (shell_startup.py/update) Clearing background
[2024-01-22 22:19:25,564] [MainProcess/MainThread/INFO] (shell_startup.py/update) Creating Sprites...Drawing Background Sprites
[2024-01-22 22:19:25,564] [MainProcess/MainThread/INFO] (shell_startup.py/update) Creating Windows Spites...Drawing Window Sprites
[2024-01-22 22:19:25,583] [MainProcess/MainThread/INFO] (shell_startup.py/update) Clearing background
[2024-01-22 22:19:25,583] [MainProcess/MainThread/INFO] (shell_startup.py/update) Creating Sprites...Drawing Background Sprites
[2024-01-22 22:19:25,583] [MainProcess/MainThread/INFO] (shell_startup.py/update) Creating Windows Spites...Drawing Window Sprites
[2024-01-22 22:19:25,601] [MainProcess/MainThread/INFO] (shell_startup.py/update) Clearing background
[2024-01-22 22:19:25,602] [MainProcess/MainThread/INFO] (shell_startup.py/update) Creating Sprites...Drawing Background Sprites
[2024-01-22 22:19:25,602] [MainProcess/MainThread/INFO] (shell_startup.py/update) Creating Windows Spites...Drawing Window Sprites
[2024-01-22 22:19:25,619] [MainProcess/MainThread/INFO] (shell_startup.py/update) Clearing background
[2024-01-22 22:19:25,620] [MainProcess/MainThread/INFO] (shell_startup.py/update) Creating Sprites...Drawing Background Sprites
[2024-01-22 22:19:25,620] [MainProcess/MainThread/INFO] (shell_startup.py/update) Creating Windows Spites...Drawing Window Sprites
[2024-01-22 22:19:25,636] [MainProcess/MainThread/INFO] (shell_startup.py/update) Clearing background
[2024-01-22 22:19:25,638] [MainProcess/MainThread/INFO] (shell_startup.py/update) Creating Sprites...Drawing Background Sprites
[2024-01-22 22:19:25,638] [MainProcess/MainThread/INFO] (shell_startup.py/update) Creating Windows Spites...Drawing Window Sprites
[2024-01-22 22:19:25,656] [MainProcess/MainThread/INFO] (shell_startup.py/update) Clearing background
[2024-01-22 22:19:25,656] [MainProcess/MainThread/INFO] (shell_startup.py/update) Creating Sprites...Drawing Background Sprites
[2024-01-22 22:19:25,656] [MainProcess/MainThread/INFO] (shell_startup.py/update) Creating Windows Spites...Drawing Window Sprites
[2024-01-22 22:19:25,674] [MainProcess/MainThread/INFO] (shell_startup.py/update) Clearing background
[2024-01-22 22:19:25,675] [MainProcess/MainThread/INFO] (shell_startup.py/update) Creating Sprites...Drawing Background Sprites
[2024-01-22 22:19:25,675] [MainProcess/MainThread/INFO] (shell_startup.py/update) Creating Windows Spites...Drawing Window Sprites
[2024-01-22 22:19:25,692] [MainProcess/MainThread/INFO] (shell_startup.py/update) Clearing background
[2024-01-22 22:19:25,693] [MainProcess/MainThread/INFO] (shell_startup.py/update) Creating Sprites...Drawing Background Sprites
[2024-01-22 22:19:25,693] [MainProcess/MainThread/INFO] (shell_startup.py/update) Creating Windows Spites...Drawing Window Sprites
[2024-01-22 22:19:25,710] [MainProcess/MainThread/INFO] (shell_startup.py/update) Clearing background
[2024-01-22 22:19:25,710] [MainProcess/MainThread/INFO] (shell_startup.py/update) Creating Sprites...Drawing Background Sprites
[2024-01-22 22:19:25,710] [MainProcess/MainThread/INFO] (shell_startup.py/update) Creating Windows Spites...Drawing Window Sprites
[2024-01-22 22:19:25,728] [MainProcess/MainThread/INFO] (shell_startup.py/update) Clearing background
[2024-01-22 22:19:25,728] [MainProcess/MainThread/INFO] (shell_startup.py/update) Creating Sprites...Drawing Background Sprites
[2024-01-22 22:19:25,728] [MainProcess/MainThread/INFO] (shell_startup.py/update) Creating Windows Spites...Drawing Window Sprites
[2024-01-22 22:19:25,747] [MainProcess/MainThread/INFO] (shell_startup.py/update) Clearing background
[2024-01-22 22:19:25,747] [MainProcess/MainThread/INFO] (shell_startup.py/update) Creating Sprites...Drawing Background Sprites
[2024-01-22 22:19:25,748] [MainProcess/MainThread/INFO] (shell_startup.py/update) Creating Windows Spites...Drawing Window Sprites
[2024-01-22 22:19:25,764] [MainProcess/MainThread/INFO] (shell_startup.py/update) Clearing background
[2024-01-22 22:19:25,764] [MainProcess/MainThread/INFO] (shell_startup.py/update) Creating Sprites...Drawing Background Sprites
[2024-01-22 22:19:25,766] [MainProcess/MainThread/INFO] (shell_startup.py/update) Creating Windows Spites...Drawing Window Sprites
[2024-01-22 22:19:25,783] [MainProcess/MainThread/INFO] (shell_startup.py/update) Clearing background
[2024-01-22 22:19:25,783] [MainProcess/MainThread/INFO] (shell_startup.py/update) Creating Sprites...Drawing Background Sprites
[2024-01-22 22:19:25,783] [MainProcess/MainThread/INFO] (shell_startup.py/update) Creating Windows Spites...Drawing Window Sprites
[2024-01-22 22:19:25,802] [MainProcess/MainThread/INFO] (shell_startup.py/update) Clearing background
[2024-01-22 22:19:25,802] [MainProcess/MainThread/INFO] (shell_startup.py/update) Creating Sprites...Drawing Background Sprites
[2024-01-22 22:19:25,802] [MainProcess/MainThread/INFO] (shell_startup.py/update) Creating Windows Spites...Drawing Window Sprites
[2024-01-22 22:19:25,820] [MainProcess/MainThread/INFO] (shell_startup.py/update) Clearing background
[2024-01-22 22:19:25,820] [MainProcess/MainThread/INFO] (shell_startup.py/update) Creating Sprites...Drawing Background Sprites
[2024-01-22 22:19:25,820] [MainProcess/MainThread/INFO] (shell_startup.py/update) Creating Windows Spites...Drawing Window Sprites
[2024-01-22 22:19:25,837] [MainProcess/MainThread/INFO] (shell_startup.py/update) Clearing background
[2024-01-22 22:19:25,839] [MainProcess/MainThread/INFO] (shell_startup.py/update) Creating Sprites...Drawing Background Sprites
[2024-01-22 22:19:25,839] [MainProcess/MainThread/INFO] (shell_startup.py/update) Creating Windows Spites...Drawing Window Sprites
[2024-01-22 22:19:25,855] [MainProcess/MainThread/INFO] (shell_startup.py/update) Clearing background
[2024-01-22 22:19:25,855] [MainProcess/MainThread/INFO] (shell_startup.py/update) Creating Sprites...Drawing Background Sprites
[2024-01-22 22:19:25,855] [MainProcess/MainThread/INFO] (shell_startup.py/update) Creating Windows Spites...Drawing Window Sprites
[2024-01-22 22:19:25,875] [MainProcess/MainThread/INFO] (shell_startup.py/update) Clearing background
[2024-01-22 22:19:25,875] [MainProcess/MainThread/INFO] (shell_startup.py/update) Creating Sprites...Drawing Background Sprites
[2024-01-22 22:19:25,875] [MainProcess/MainThread/INFO] (shell_startup.py/update) Creating Windows Spites...Drawing Window Sprites
[2024-01-22 22:19:25,893] [MainProcess/MainThread/INFO] (shell_startup.py/update) Clearing background
[2024-01-22 22:19:25,894] [MainProcess/MainThread/INFO] (shell_startup.py/update) Creating Sprites...Drawing Background Sprites
[2024-01-22 22:19:25,894] [MainProcess/MainThread/INFO] (shell_startup.py/update) Creating Windows Spites...Drawing Window Sprites
[2024-01-22 22:19:25,911] [MainProcess/MainThread/INFO] (shell_startup.py/update) Clearing background
[2024-01-22 22:19:25,911] [MainProcess/MainThread/INFO] (shell_startup.py/update) Creating Sprites...Drawing Background Sprites
[2024-01-22 22:19:25,911] [MainProcess/MainThread/INFO] (shell_startup.py/update) Creating Windows Spites...Drawing Window Sprites
[2024-01-22 22:19:25,929] [MainProcess/MainThread/INFO] (shell_startup.py/update) Clearing background
[2024-01-22 22:19:25,929] [MainProcess/MainThread/INFO] (shell_startup.py/update) Creating Sprites...Drawing Background Sprites
[2024-01-22 22:19:25,929] [MainProcess/MainThread/INFO] (shell_startup.py/update) Creating Windows Spites...Drawing Window Sprites
[2024-01-22 22:19:25,947] [MainProcess/MainThread/INFO] (shell_startup.py/update) Clearing background
[2024-01-22 22:19:25,947] [MainProcess/MainThread/INFO] (shell_startup.py/update) Creating Sprites...Drawing Background Sprites
[2024-01-22 22:19:25,947] [MainProcess/MainThread/INFO] (shell_startup.py/update) Creating Windows Spites...Drawing Window Sprites
[2024-01-22 22:19:25,965] [MainProcess/MainThread/INFO] (shell_startup.py/update) Clearing background
[2024-01-22 22:19:25,965] [MainProcess/MainThread/INFO] (shell_startup.py/update) Creating Sprites...Drawing Background Sprites
[2024-01-22 22:19:25,965] [MainProcess/MainThread/INFO] (shell_startup.py/update) Creating Windows Spites...Drawing Window Sprites
[2024-01-22 22:19:25,983] [MainProcess/MainThread/INFO] (shell_startup.py/update) Clearing background
[2024-01-22 22:19:25,983] [MainProcess/MainThread/INFO] (shell_startup.py/update) Creating Sprites...Drawing Background Sprites
[2024-01-22 22:19:25,983] [MainProcess/MainThread/INFO] (shell_startup.py/update) Creating Windows Spites...Drawing Window Sprites
[2024-01-22 22:19:26,001] [MainProcess/MainThread/INFO] (shell_startup.py/update) Clearing background
[2024-01-22 22:19:26,001] [MainProcess/MainThread/INFO] (shell_startup.py/update) Creating Sprites...Drawing Background Sprites
[2024-01-22 22:19:26,001] [MainProcess/MainThread/INFO] (shell_startup.py/update) Creating Windows Spites...Drawing Window Sprites
[2024-01-22 22:19:26,019] [MainProcess/MainThread/INFO] (shell_startup.py/update) Clearing background
[2024-01-22 22:19:26,019] [MainProcess/MainThread/INFO] (shell_startup.py/update) Creating Sprites...Drawing Background Sprites
[2024-01-22 22:19:26,020] [MainProcess/MainThread/INFO] (shell_startup.py/update) Creating Windows Spites...Drawing Window Sprites
[2024-01-22 22:19:26,037] [MainProcess/MainThread/INFO] (shell_startup.py/update) Clearing background
[2024-01-22 22:19:26,038] [MainProcess/MainThread/INFO] (shell_startup.py/update) Creating Sprites...Drawing Background Sprites
[2024-01-22 22:19:26,038] [MainProcess/MainThread/INFO] (shell_startup.py/update) Creating Windows Spites...Drawing Window Sprites
[2024-01-22 22:19:26,056] [MainProcess/MainThread/INFO] (shell_startup.py/update) Clearing background
[2024-01-22 22:19:26,057] [MainProcess/MainThread/INFO] (shell_startup.py/update) Creating Sprites...Drawing Background Sprites
[2024-01-22 22:19:26,057] [MainProcess/MainThread/INFO] (shell_startup.py/update) Creating Windows Spites...Drawing Window Sprites
[2024-01-22 22:19:26,074] [MainProcess/MainThread/INFO] (shell_startup.py/update) Clearing background
[2024-01-22 22:19:26,074] [MainProcess/MainThread/INFO] (shell_startup.py/update) Creating Sprites...Drawing Background Sprites
[2024-01-22 22:19:26,074] [MainProcess/MainThread/INFO] (shell_startup.py/update) Creating Windows Spites...Drawing Window Sprites
[2024-01-22 22:19:26,092] [MainProcess/MainThread/INFO] (shell_startup.py/update) Clearing background
[2024-01-22 22:19:26,093] [MainProcess/MainThread/INFO] (shell_startup.py/update) Creating Sprites...Drawing Background Sprites
[2024-01-22 22:19:26,093] [MainProcess/MainThread/INFO] (shell_startup.py/update) Creating Windows Spites...Drawing Window Sprites
[2024-01-22 22:19:26,109] [MainProcess/MainThread/INFO] (shell_startup.py/update) Clearing background
[2024-01-22 22:19:26,111] [MainProcess/MainThread/INFO] (shell_startup.py/update) Creating Sprites...Drawing Background Sprites
[2024-01-22 22:19:26,111] [MainProcess/MainThread/INFO] (shell_startup.py/update) Creating Windows Spites...Drawing Window Sprites
