[LOGS]
[2024-01-24 15:23:49,644] [MainProcess/MainThread/INFO] (shell_startup.py/update) Clearing background
[2024-01-24 15:23:49,644] [MainProcess/MainThread/INFO] (shell_startup.py/update) Creating Sprites...Drawing Background Sprites
[2024-01-24 15:23:49,644] [MainProcess/MainThread/INFO] (shell_startup.py/update) Creating Windows Spites...Drawing Window Sprites
[2024-01-24 15:23:49,681] [MainProcess/MainThread/INFO] (shell_startup.py/update) Clearing background
[2024-01-24 15:23:49,681] [MainProcess/MainThread/INFO] (shell_startup.py/update) Creating Sprites...Drawing Background Sprites
[2024-01-24 15:23:49,682] [MainProcess/MainThread/INFO] (shell_startup.py/update) Creating Windows Spites...Drawing Window Sprites
[2024-01-24 15:23:49,717] [MainProcess/MainThread/INFO] (shell_startup.py/update) Clearing background
[2024-01-24 15:23:49,717] [MainProcess/MainThread/INFO] (shell_startup.py/update) Creating Sprites...Drawing Background Sprites
[2024-01-24 15:23:49,717] [MainProcess/MainThread/INFO] (shell_startup.py/update) Creating Windows Spites...Drawing Window Sprites
[2024-01-24 15:23:49,754] [MainProcess/MainThread/INFO] (shell_startup.py/update) Clearing background
[2024-01-24 15:23:49,754] [MainProcess/MainThread/INFO] (shell_startup.py/update) Creating Sprites...Drawing Background Sprites
[2024-01-24 15:23:49,754] [MainProcess/MainThread/INFO] (shell_startup.py/update) Creating Windows Spites...Drawing Window Sprites
[2024-01-24 15:23:49,790] [MainProcess/MainThread/INFO] (shell_startup.py/update) Clearing background
[2024-01-24 15:23:49,790] [MainProcess/MainThread/INFO] (shell_startup.py/update) Creating Sprites...Drawing Background Sprites
[2024-01-24 15:23:49,790] [MainProcess/MainThread/INFO] (shell_startup.py/update) Creating Windows Spites...Drawing Window Sprites
[2024-01-24 15:23:49,826] [MainProcess/MainThread/INFO] (shell_startup.py/update) Clearing background
[2024-01-24 15:23:49,826] [MainProcess/MainThread/INFO] (shell_startup.py/update) Creating Sprites...Drawing Background Sprites
[2024-01-24 15:23:49,827] [MainProcess/MainThread/INFO] (shell_startup.py/update) Creating Windows Spites...Drawing Window Sprites
[2024-01-24 15:23:49,863] [MainProcess/MainThread/INFO] (shell_startup.py/update) Clearing background
[2024-01-24 15:23:49,863] [MainProcess/MainThread/INFO] (shell_startup.py/update) Creating Sprites...Drawing Background Sprites
[2024-01-24 15:23:49,863] [MainProcess/MainThread/INFO] (shell_startup.py/update) Creating Windows Spites...Drawing Window Sprites
[2024-01-24 15:23:49,899] [MainProcess/MainThread/INFO] (shell_startup.py/update) Clearing background
[2024-01-24 15:23:49,899] [MainProcess/MainThread/INFO] (shell_startup.py/update) Creating Sprites...Drawing Background Sprites
[2024-01-24 15:23:49,899] [MainProcess/MainThread/INFO] (shell_startup.py/update) Creating Windows Spites...Drawing Window Sprites
[2024-01-24 15:23:49,936] [MainProcess/MainThread/INFO] (shell_startup.py/update) Clearing background
[2024-01-24 15:23:49,936] [MainProcess/MainThread/INFO] (shell_startup.py/update) Creating Sprites...Drawing Background Sprites
[2024-01-24 15:23:49,936] [MainProcess/MainThread/INFO] (shell_startup.py/update) Creating Windows Spites...Drawing Window Sprites
[2024-01-24 15:23:49,972] [MainProcess/MainThread/INFO] (shell_startup.py/update) Clearing background
[2024-01-24 15:23:49,972] [MainProcess/MainThread/INFO] (shell_startup.py/update) Creating Sprites...Drawing Background Sprites
[2024-01-24 15:23:49,972] [MainProcess/MainThread/INFO] (shell_startup.py/update) Creating Windows Spites...Drawing Window Sprites
[2024-01-24 15:23:50,009] [MainProcess/MainThread/INFO] (shell_startup.py/update) Clearing background
[2024-01-24 15:23:50,009] [MainProcess/MainThread/INFO] (shell_startup.py/update) Creating Sprites...Drawing Background Sprites
[2024-01-24 15:23:50,009] [MainProcess/MainThread/INFO] (shell_startup.py/update) Creating Windows Spites...Drawing Window Sprites
[2024-01-24 15:23:50,044] [MainProcess/MainThread/INFO] (shell_startup.py/update) Clearing background
[2024-01-24 15:23:50,044] [MainProcess/MainThread/INFO] (shell_startup.py/update) Creating Sprites...Drawing Background Sprites
[2024-01-24 15:23:50,045] [MainProcess/MainThread/INFO] (shell_startup.py/update) Creating Windows Spites...Drawing Window Sprites
[2024-01-24 15:23:50,081] [MainProcess/MainThread/INFO] (shell_startup.py/update) Clearing background
[2024-01-24 15:23:50,081] [MainProcess/MainThread/INFO] (shell_startup.py/update) Creating Sprites...Drawing Background Sprites
[2024-01-24 15:23:50,081] [MainProcess/MainThread/INFO] (shell_startup.py/update) Creating Windows Spites...Drawing Window Sprites
[2024-01-24 15:23:50,117] [MainProcess/MainThread/INFO] (shell_startup.py/update) Clearing background
[2024-01-24 15:23:50,117] [MainProcess/MainThread/INFO] (shell_startup.py/update) Creating Sprites...Drawing Background Sprites
[2024-01-24 15:23:50,117] [MainProcess/MainThread/INFO] (shell_startup.py/update) Creating Windows Spites...Drawing Window Sprites
[2024-01-24 15:23:50,154] [MainProcess/MainThread/INFO] (shell_startup.py/update) Clearing background
[2024-01-24 15:23:50,154] [MainProcess/MainThread/INFO] (shell_startup.py/update) Creating Sprites...Drawing Background Sprites
[2024-01-24 15:23:50,154] [MainProcess/MainThread/INFO] (shell_startup.py/update) Creating Windows Spites...Drawing Window Sprites
[2024-01-24 15:23:50,190] [MainProcess/MainThread/INFO] (shell_startup.py/update) Clearing background
[2024-01-24 15:23:50,190] [MainProcess/MainThread/INFO] (shell_startup.py/update) Creating Sprites...Drawing Background Sprites
[2024-01-24 15:23:50,190] [MainProcess/MainThread/INFO] (shell_startup.py/update) Creating Windows Spites...Drawing Window Sprites
[2024-01-24 15:23:50,227] [MainProcess/MainThread/INFO] (shell_startup.py/update) Clearing background
[2024-01-24 15:23:50,227] [MainProcess/MainThread/INFO] (shell_startup.py/update) Creating Sprites...Drawing Background Sprites
[2024-01-24 15:23:50,227] [MainProcess/MainThread/INFO] (shell_startup.py/update) Creating Windows Spites...Drawing Window Sprites
[2024-01-24 15:23:50,263] [MainProcess/MainThread/INFO] (shell_startup.py/update) Clearing background
[2024-01-24 15:23:50,263] [MainProcess/MainThread/INFO] (shell_startup.py/update) Creating Sprites...Drawing Background Sprites
[2024-01-24 15:23:50,263] [MainProcess/MainThread/INFO] (shell_startup.py/update) Creating Windows Spites...Drawing Window Sprites
[2024-01-24 15:23:50,299] [MainProcess/MainThread/INFO] (shell_startup.py/update) Clearing background
[2024-01-24 15:23:50,299] [MainProcess/MainThread/INFO] (shell_startup.py/update) Creating Sprites...Drawing Background Sprites
[2024-01-24 15:23:50,299] [MainProcess/MainThread/INFO] (shell_startup.py/update) Creating Windows Spites...Drawing Window Sprites
[2024-01-24 15:23:50,337] [MainProcess/MainThread/INFO] (shell_startup.py/update) Clearing background
[2024-01-24 15:23:50,337] [MainProcess/MainThread/INFO] (shell_startup.py/update) Creating Sprites...Drawing Background Sprites
[2024-01-24 15:23:50,337] [MainProcess/MainThread/INFO] (shell_startup.py/update) Creating Windows Spites...Drawing Window Sprites
[2024-01-24 15:23:50,373] [MainProcess/MainThread/INFO] (shell_startup.py/update) Clearing background
[2024-01-24 15:23:50,373] [MainProcess/MainThread/INFO] (shell_startup.py/update) Creating Sprites...Drawing Background Sprites
[2024-01-24 15:23:50,373] [MainProcess/MainThread/INFO] (shell_startup.py/update) Creating Windows Spites...Drawing Window Sprites
[2024-01-24 15:23:50,409] [MainProcess/MainThread/INFO] (shell_startup.py/update) Clearing background
[2024-01-24 15:23:50,409] [MainProcess/MainThread/INFO] (shell_startup.py/update) Creating Sprites...Drawing Background Sprites
[2024-01-24 15:23:50,410] [MainProcess/MainThread/INFO] (shell_startup.py/update) Creating Windows Spites...Drawing Window Sprites
[2024-01-24 15:23:50,446] [MainProcess/MainThread/INFO] (shell_startup.py/update) Clearing background
[2024-01-24 15:23:50,446] [MainProcess/MainThread/INFO] (shell_startup.py/update) Creating Sprites...Drawing Background Sprites
[2024-01-24 15:23:50,446] [MainProcess/MainThread/INFO] (shell_startup.py/update) Creating Windows Spites...Drawing Window Sprites
[2024-01-24 15:23:50,482] [MainProcess/MainThread/INFO] (shell_startup.py/update) Clearing background
[2024-01-24 15:23:50,482] [MainProcess/MainThread/INFO] (shell_startup.py/update) Creating Sprites...Drawing Background Sprites
[2024-01-24 15:23:50,482] [MainProcess/MainThread/INFO] (shell_startup.py/update) Creating Windows Spites...Drawing Window Sprites
[2024-01-24 15:23:50,517] [MainProcess/MainThread/INFO] (shell_startup.py/update) Clearing background
[2024-01-24 15:23:50,518] [MainProcess/MainThread/INFO] (shell_startup.py/update) Creating Sprites...Drawing Background Sprites
[2024-01-24 15:23:50,518] [MainProcess/MainThread/INFO] (shell_startup.py/update) Creating Windows Spites...Drawing Window Sprites
[2024-01-24 15:23:50,554] [MainProcess/MainThread/INFO] (shell_startup.py/update) Clearing background
[2024-01-24 15:23:50,554] [MainProcess/MainThread/INFO] (shell_startup.py/update) Creating Sprites...Drawing Background Sprites
[2024-01-24 15:23:50,554] [MainProcess/MainThread/INFO] (shell_startup.py/update) Creating Windows Spites...Drawing Window Sprites
[2024-01-24 15:23:50,590] [MainProcess/MainThread/INFO] (shell_startup.py/update) Clearing background
[2024-01-24 15:23:50,590] [MainProcess/MainThread/INFO] (shell_startup.py/update) Creating Sprites...Drawing Background Sprites
[2024-01-24 15:23:50,591] [MainProcess/MainThread/INFO] (shell_startup.py/update) Creating Windows Spites...Drawing Window Sprites
[2024-01-24 15:23:50,626] [MainProcess/MainThread/INFO] (shell_startup.py/update) Clearing background
[2024-01-24 15:23:50,627] [MainProcess/MainThread/INFO] (shell_startup.py/update) Creating Sprites...Drawing Background Sprites
[2024-01-24 15:23:50,627] [MainProcess/MainThread/INFO] (shell_startup.py/update) Creating Windows Spites...Drawing Window Sprites
[2024-01-24 15:23:50,663] [MainProcess/MainThread/INFO] (shell_startup.py/update) Clearing background
[2024-01-24 15:23:50,663] [MainProcess/MainThread/INFO] (shell_startup.py/update) Creating Sprites...Drawing Background Sprites
[2024-01-24 15:23:50,663] [MainProcess/MainThread/INFO] (shell_startup.py/update) Creating Windows Spites...Drawing Window Sprites
[2024-01-24 15:23:50,699] [MainProcess/MainThread/INFO] (shell_startup.py/update) Clearing background
[2024-01-24 15:23:50,699] [MainProcess/MainThread/INFO] (shell_startup.py/update) Creating Sprites...Drawing Background Sprites
[2024-01-24 15:23:50,699] [MainProcess/MainThread/INFO] (shell_startup.py/update) Creating Windows Spites...Drawing Window Sprites
[2024-01-24 15:23:50,735] [MainProcess/MainThread/INFO] (shell_startup.py/update) Clearing background
[2024-01-24 15:23:50,736] [MainProcess/MainThread/INFO] (shell_startup.py/update) Creating Sprites...Drawing Background Sprites
[2024-01-24 15:23:50,736] [MainProcess/MainThread/INFO] (shell_startup.py/update) Creating Windows Spites...Drawing Window Sprites
[2024-01-24 15:23:50,772] [MainProcess/MainThread/INFO] (shell_startup.py/update) Clearing background
[2024-01-24 15:23:50,773] [MainProcess/MainThread/INFO] (shell_startup.py/update) Creating Sprites...Drawing Background Sprites
[2024-01-24 15:23:50,773] [MainProcess/MainThread/INFO] (shell_startup.py/update) Creating Windows Spites...Drawing Window Sprites
[2024-01-24 15:23:50,808] [MainProcess/MainThread/INFO] (shell_startup.py/update) Clearing background
[2024-01-24 15:23:50,808] [MainProcess/MainThread/INFO] (shell_startup.py/update) Creating Sprites...Drawing Background Sprites
[2024-01-24 15:23:50,808] [MainProcess/MainThread/INFO] (shell_startup.py/update) Creating Windows Spites...Drawing Window Sprites
[2024-01-24 15:23:50,845] [MainProcess/MainThread/INFO] (shell_startup.py/update) Clearing background
[2024-01-24 15:23:50,845] [MainProcess/MainThread/INFO] (shell_startup.py/update) Creating Sprites...Drawing Background Sprites
[2024-01-24 15:23:50,845] [MainProcess/MainThread/INFO] (shell_startup.py/update) Creating Windows Spites...Drawing Window Sprites
[2024-01-24 15:23:50,882] [MainProcess/MainThread/INFO] (shell_startup.py/update) Clearing background
[2024-01-24 15:23:50,882] [MainProcess/MainThread/INFO] (shell_startup.py/update) Creating Sprites...Drawing Background Sprites
[2024-01-24 15:23:50,882] [MainProcess/MainThread/INFO] (shell_startup.py/update) Creating Windows Spites...Drawing Window Sprites
[2024-01-24 15:23:50,918] [MainProcess/MainThread/INFO] (shell_startup.py/update) Clearing background
[2024-01-24 15:23:50,918] [MainProcess/MainThread/INFO] (shell_startup.py/update) Creating Sprites...Drawing Background Sprites
[2024-01-24 15:23:50,919] [MainProcess/MainThread/INFO] (shell_startup.py/update) Creating Windows Spites...Drawing Window Sprites
[2024-01-24 15:23:50,955] [MainProcess/MainThread/INFO] (shell_startup.py/update) Clearing background
[2024-01-24 15:23:50,955] [MainProcess/MainThread/INFO] (shell_startup.py/update) Creating Sprites...Drawing Background Sprites
[2024-01-24 15:23:50,955] [MainProcess/MainThread/INFO] (shell_startup.py/update) Creating Windows Spites...Drawing Window Sprites
[2024-01-24 15:23:50,991] [MainProcess/MainThread/INFO] (shell_startup.py/update) Clearing background
[2024-01-24 15:23:50,991] [MainProcess/MainThread/INFO] (shell_startup.py/update) Creating Sprites...Drawing Background Sprites
[2024-01-24 15:23:50,991] [MainProcess/MainThread/INFO] (shell_startup.py/update) Creating Windows Spites...Drawing Window Sprites
[2024-01-24 15:23:51,028] [MainProcess/MainThread/INFO] (shell_startup.py/update) Clearing background
[2024-01-24 15:23:51,028] [MainProcess/MainThread/INFO] (shell_startup.py/update) Creating Sprites...Drawing Background Sprites
[2024-01-24 15:23:51,028] [MainProcess/MainThread/INFO] (shell_startup.py/update) Creating Windows Spites...Drawing Window Sprites
[2024-01-24 15:23:51,064] [MainProcess/MainThread/INFO] (shell_startup.py/update) Clearing background
[2024-01-24 15:23:51,064] [MainProcess/MainThread/INFO] (shell_startup.py/update) Creating Sprites...Drawing Background Sprites
[2024-01-24 15:23:51,064] [MainProcess/MainThread/INFO] (shell_startup.py/update) Creating Windows Spites...Drawing Window Sprites
[2024-01-24 15:23:51,100] [MainProcess/MainThread/INFO] (shell_startup.py/update) Clearing background
[2024-01-24 15:23:51,100] [MainProcess/MainThread/INFO] (shell_startup.py/update) Creating Sprites...Drawing Background Sprites
[2024-01-24 15:23:51,100] [MainProcess/MainThread/INFO] (shell_startup.py/update) Creating Windows Spites...Drawing Window Sprites
[2024-01-24 15:23:51,137] [MainProcess/MainThread/INFO] (shell_startup.py/update) Clearing background
[2024-01-24 15:23:51,137] [MainProcess/MainThread/INFO] (shell_startup.py/update) Creating Sprites...Drawing Background Sprites
[2024-01-24 15:23:51,137] [MainProcess/MainThread/INFO] (shell_startup.py/update) Creating Windows Spites...Drawing Window Sprites
[2024-01-24 15:23:51,172] [MainProcess/MainThread/INFO] (shell_startup.py/update) Clearing background
[2024-01-24 15:23:51,172] [MainProcess/MainThread/INFO] (shell_startup.py/update) Creating Sprites...Drawing Background Sprites
[2024-01-24 15:23:51,173] [MainProcess/MainThread/INFO] (shell_startup.py/update) Creating Windows Spites...Drawing Window Sprites
[2024-01-24 15:23:51,209] [MainProcess/MainThread/INFO] (shell_startup.py/update) Clearing background
[2024-01-24 15:23:51,209] [MainProcess/MainThread/INFO] (shell_startup.py/update) Creating Sprites...Drawing Background Sprites
[2024-01-24 15:23:51,210] [MainProcess/MainThread/INFO] (shell_startup.py/update) Creating Windows Spites...Drawing Window Sprites
[2024-01-24 15:23:51,245] [MainProcess/MainThread/INFO] (shell_startup.py/update) Clearing background
[2024-01-24 15:23:51,246] [MainProcess/MainThread/INFO] (shell_startup.py/update) Creating Sprites...Drawing Background Sprites
[2024-01-24 15:23:51,246] [MainProcess/MainThread/INFO] (shell_startup.py/update) Creating Windows Spites...Drawing Window Sprites
[2024-01-24 15:23:51,281] [MainProcess/MainThread/INFO] (shell_startup.py/update) Clearing background
[2024-01-24 15:23:51,282] [MainProcess/MainThread/INFO] (shell_startup.py/update) Creating Sprites...Drawing Background Sprites
[2024-01-24 15:23:51,282] [MainProcess/MainThread/INFO] (shell_startup.py/update) Creating Windows Spites...Drawing Window Sprites
[2024-01-24 15:23:51,318] [MainProcess/MainThread/INFO] (shell_startup.py/update) Clearing background
[2024-01-24 15:23:51,318] [MainProcess/MainThread/INFO] (shell_startup.py/update) Creating Sprites...Drawing Background Sprites
[2024-01-24 15:23:51,318] [MainProcess/MainThread/INFO] (shell_startup.py/update) Creating Windows Spites...Drawing Window Sprites
[2024-01-24 15:23:51,354] [MainProcess/MainThread/INFO] (shell_startup.py/update) Clearing background
[2024-01-24 15:23:51,354] [MainProcess/MainThread/INFO] (shell_startup.py/update) Creating Sprites...Drawing Background Sprites
[2024-01-24 15:23:51,355] [MainProcess/MainThread/INFO] (shell_startup.py/update) Creating Windows Spites...Drawing Window Sprites
[2024-01-24 15:23:51,392] [MainProcess/MainThread/INFO] (shell_startup.py/update) Clearing background
[2024-01-24 15:23:51,392] [MainProcess/MainThread/INFO] (shell_startup.py/update) Creating Sprites...Drawing Background Sprites
[2024-01-24 15:23:51,392] [MainProcess/MainThread/INFO] (shell_startup.py/update) Creating Windows Spites...Drawing Window Sprites
[2024-01-24 15:23:51,427] [MainProcess/MainThread/INFO] (shell_startup.py/update) Clearing background
[2024-01-24 15:23:51,427] [MainProcess/MainThread/INFO] (shell_startup.py/update) Creating Sprites...Drawing Background Sprites
[2024-01-24 15:23:51,427] [MainProcess/MainThread/INFO] (shell_startup.py/update) Creating Windows Spites...Drawing Window Sprites
[2024-01-24 15:23:51,464] [MainProcess/MainThread/INFO] (shell_startup.py/update) Clearing background
[2024-01-24 15:23:51,465] [MainProcess/MainThread/INFO] (shell_startup.py/update) Creating Sprites...Drawing Background Sprites
[2024-01-24 15:23:51,465] [MainProcess/MainThread/INFO] (shell_startup.py/update) Creating Windows Spites...Drawing Window Sprites
[2024-01-24 15:23:51,500] [MainProcess/MainThread/INFO] (shell_startup.py/update) Clearing background
[2024-01-24 15:23:51,500] [MainProcess/MainThread/INFO] (shell_startup.py/update) Creating Sprites...Drawing Background Sprites
[2024-01-24 15:23:51,500] [MainProcess/MainThread/INFO] (shell_startup.py/update) Creating Windows Spites...Drawing Window Sprites
[2024-01-24 15:23:51,537] [MainProcess/MainThread/INFO] (shell_startup.py/update) Clearing background
[2024-01-24 15:23:51,537] [MainProcess/MainThread/INFO] (shell_startup.py/update) Creating Sprites...Drawing Background Sprites
[2024-01-24 15:23:51,538] [MainProcess/MainThread/INFO] (shell_startup.py/update) Creating Windows Spites...Drawing Window Sprites
[2024-01-24 15:23:51,573] [MainProcess/MainThread/INFO] (shell_startup.py/update) Clearing background
[2024-01-24 15:23:51,574] [MainProcess/MainThread/INFO] (shell_startup.py/update) Creating Sprites...Drawing Background Sprites
[2024-01-24 15:23:51,574] [MainProcess/MainThread/INFO] (shell_startup.py/update) Creating Windows Spites...Drawing Window Sprites
[2024-01-24 15:23:51,609] [MainProcess/MainThread/INFO] (shell_startup.py/update) Clearing background
[2024-01-24 15:23:51,610] [MainProcess/MainThread/INFO] (shell_startup.py/update) Creating Sprites...Drawing Background Sprites
[2024-01-24 15:23:51,610] [MainProcess/MainThread/INFO] (shell_startup.py/update) Creating Windows Spites...Drawing Window Sprites
[2024-01-24 15:23:51,646] [MainProcess/MainThread/INFO] (shell_startup.py/update) Clearing background
[2024-01-24 15:23:51,646] [MainProcess/MainThread/INFO] (shell_startup.py/update) Creating Sprites...Drawing Background Sprites
[2024-01-24 15:23:51,646] [MainProcess/MainThread/INFO] (shell_startup.py/update) Creating Windows Spites...Drawing Window Sprites
[2024-01-24 15:23:51,683] [MainProcess/MainThread/INFO] (shell_startup.py/update) Clearing background
[2024-01-24 15:23:51,683] [MainProcess/MainThread/INFO] (shell_startup.py/update) Creating Sprites...Drawing Background Sprites
[2024-01-24 15:23:51,683] [MainProcess/MainThread/INFO] (shell_startup.py/update) Creating Windows Spites...Drawing Window Sprites
[2024-01-24 15:23:51,719] [MainProcess/MainThread/INFO] (shell_startup.py/update) Clearing background
[2024-01-24 15:23:51,719] [MainProcess/MainThread/INFO] (shell_startup.py/update) Creating Sprites...Drawing Background Sprites
[2024-01-24 15:23:51,719] [MainProcess/MainThread/INFO] (shell_startup.py/update) Creating Windows Spites...Drawing Window Sprites
[2024-01-24 15:23:51,756] [MainProcess/MainThread/INFO] (shell_startup.py/update) Clearing background
[2024-01-24 15:23:51,756] [MainProcess/MainThread/INFO] (shell_startup.py/update) Creating Sprites...Drawing Background Sprites
[2024-01-24 15:23:51,756] [MainProcess/MainThread/INFO] (shell_startup.py/update) Creating Windows Spites...Drawing Window Sprites
[2024-01-24 15:23:52,174] [MainProcess/MainThread/INFO] (shell_startup.py/update) Clearing background
[2024-01-24 15:23:52,175] [MainProcess/MainThread/INFO] (shell_startup.py/update) Creating Sprites...Drawing Background Sprites
[2024-01-24 15:23:52,175] [MainProcess/MainThread/INFO] (shell_startup.py/update) Creating Windows Spites...Drawing Window Sprites
[2024-01-24 15:23:52,217] [MainProcess/MainThread/INFO] (shell_startup.py/update) Clearing background
[2024-01-24 15:23:52,218] [MainProcess/MainThread/INFO] (shell_startup.py/update) Creating Sprites...Drawing Background Sprites
[2024-01-24 15:23:52,218] [MainProcess/MainThread/INFO] (shell_startup.py/update) Creating Windows Spites...Drawing Window Sprites
[2024-01-24 15:23:52,253] [MainProcess/MainThread/INFO] (shell_startup.py/update) Clearing background
[2024-01-24 15:23:52,254] [MainProcess/MainThread/INFO] (shell_startup.py/update) Creating Sprites...Drawing Background Sprites
[2024-01-24 15:23:52,254] [MainProcess/MainThread/INFO] (shell_startup.py/update) Creating Windows Spites...Drawing Window Sprites
[2024-01-24 15:23:52,290] [MainProcess/MainThread/INFO] (shell_startup.py/update) Clearing background
[2024-01-24 15:23:52,290] [MainProcess/MainThread/INFO] (shell_startup.py/update) Creating Sprites...Drawing Background Sprites
[2024-01-24 15:23:52,290] [MainProcess/MainThread/INFO] (shell_startup.py/update) Creating Windows Spites...Drawing Window Sprites
[2024-01-24 15:23:52,326] [MainProcess/MainThread/INFO] (shell_startup.py/update) Clearing background
[2024-01-24 15:23:52,326] [MainProcess/MainThread/INFO] (shell_startup.py/update) Creating Sprites...Drawing Background Sprites
[2024-01-24 15:23:52,326] [MainProcess/MainThread/INFO] (shell_startup.py/update) Creating Windows Spites...Drawing Window Sprites
[2024-01-24 15:23:52,362] [MainProcess/MainThread/INFO] (shell_startup.py/update) Clearing background
[2024-01-24 15:23:52,362] [MainProcess/MainThread/INFO] (shell_startup.py/update) Creating Sprites...Drawing Background Sprites
[2024-01-24 15:23:52,362] [MainProcess/MainThread/INFO] (shell_startup.py/update) Creating Windows Spites...Drawing Window Sprites
[2024-01-24 15:23:52,399] [MainProcess/MainThread/INFO] (shell_startup.py/update) Clearing background
[2024-01-24 15:23:52,399] [MainProcess/MainThread/INFO] (shell_startup.py/update) Creating Sprites...Drawing Background Sprites
[2024-01-24 15:23:52,399] [MainProcess/MainThread/INFO] (shell_startup.py/update) Creating Windows Spites...Drawing Window Sprites
[2024-01-24 15:23:52,435] [MainProcess/MainThread/INFO] (shell_startup.py/update) Clearing background
[2024-01-24 15:23:52,435] [MainProcess/MainThread/INFO] (shell_startup.py/update) Creating Sprites...Drawing Background Sprites
[2024-01-24 15:23:52,435] [MainProcess/MainThread/INFO] (shell_startup.py/update) Creating Windows Spites...Drawing Window Sprites
[2024-01-24 15:23:52,471] [MainProcess/MainThread/INFO] (shell_startup.py/update) Clearing background
[2024-01-24 15:23:52,472] [MainProcess/MainThread/INFO] (shell_startup.py/update) Creating Sprites...Drawing Background Sprites
[2024-01-24 15:23:52,472] [MainProcess/MainThread/INFO] (shell_startup.py/update) Creating Windows Spites...Drawing Window Sprites
[2024-01-24 15:23:52,508] [MainProcess/MainThread/INFO] (shell_startup.py/update) Clearing background
[2024-01-24 15:23:52,509] [MainProcess/MainThread/INFO] (shell_startup.py/update) Creating Sprites...Drawing Background Sprites
[2024-01-24 15:23:52,509] [MainProcess/MainThread/INFO] (shell_startup.py/update) Creating Windows Spites...Drawing Window Sprites
[2024-01-24 15:23:52,545] [MainProcess/MainThread/INFO] (shell_startup.py/update) Clearing background
[2024-01-24 15:23:52,545] [MainProcess/MainThread/INFO] (shell_startup.py/update) Creating Sprites...Drawing Background Sprites
[2024-01-24 15:23:52,545] [MainProcess/MainThread/INFO] (shell_startup.py/update) Creating Windows Spites...Drawing Window Sprites
[2024-01-24 15:23:52,581] [MainProcess/MainThread/INFO] (shell_startup.py/update) Clearing background
[2024-01-24 15:23:52,581] [MainProcess/MainThread/INFO] (shell_startup.py/update) Creating Sprites...Drawing Background Sprites
[2024-01-24 15:23:52,582] [MainProcess/MainThread/INFO] (shell_startup.py/update) Creating Windows Spites...Drawing Window Sprites
[2024-01-24 15:23:52,617] [MainProcess/MainThread/INFO] (shell_startup.py/update) Clearing background
[2024-01-24 15:23:52,617] [MainProcess/MainThread/INFO] (shell_startup.py/update) Creating Sprites...Drawing Background Sprites
[2024-01-24 15:23:52,617] [MainProcess/MainThread/INFO] (shell_startup.py/update) Creating Windows Spites...Drawing Window Sprites
[2024-01-24 15:23:52,654] [MainProcess/MainThread/INFO] (shell_startup.py/update) Clearing background
[2024-01-24 15:23:52,654] [MainProcess/MainThread/INFO] (shell_startup.py/update) Creating Sprites...Drawing Background Sprites
[2024-01-24 15:23:52,654] [MainProcess/MainThread/INFO] (shell_startup.py/update) Creating Windows Spites...Drawing Window Sprites
[2024-01-24 15:23:52,690] [MainProcess/MainThread/INFO] (shell_startup.py/update) Clearing background
[2024-01-24 15:23:52,691] [MainProcess/MainThread/INFO] (shell_startup.py/update) Creating Sprites...Drawing Background Sprites
[2024-01-24 15:23:52,691] [MainProcess/MainThread/INFO] (shell_startup.py/update) Creating Windows Spites...Drawing Window Sprites
[2024-01-24 15:23:52,727] [MainProcess/MainThread/INFO] (shell_startup.py/update) Clearing background
[2024-01-24 15:23:52,727] [MainProcess/MainThread/INFO] (shell_startup.py/update) Creating Sprites...Drawing Background Sprites
[2024-01-24 15:23:52,727] [MainProcess/MainThread/INFO] (shell_startup.py/update) Creating Windows Spites...Drawing Window Sprites
[2024-01-24 15:23:52,763] [MainProcess/MainThread/INFO] (shell_startup.py/update) Clearing background
[2024-01-24 15:23:52,763] [MainProcess/MainThread/INFO] (shell_startup.py/update) Creating Sprites...Drawing Background Sprites
[2024-01-24 15:23:52,763] [MainProcess/MainThread/INFO] (shell_startup.py/update) Creating Windows Spites...Drawing Window Sprites
[2024-01-24 15:23:52,799] [MainProcess/MainThread/INFO] (shell_startup.py/update) Clearing background
[2024-01-24 15:23:52,799] [MainProcess/MainThread/INFO] (shell_startup.py/update) Creating Sprites...Drawing Background Sprites
[2024-01-24 15:23:52,799] [MainProcess/MainThread/INFO] (shell_startup.py/update) Creating Windows Spites...Drawing Window Sprites
[2024-01-24 15:23:52,836] [MainProcess/MainThread/INFO] (shell_startup.py/update) Clearing background
[2024-01-24 15:23:52,836] [MainProcess/MainThread/INFO] (shell_startup.py/update) Creating Sprites...Drawing Background Sprites
[2024-01-24 15:23:52,836] [MainProcess/MainThread/INFO] (shell_startup.py/update) Creating Windows Spites...Drawing Window Sprites
[2024-01-24 15:23:52,872] [MainProcess/MainThread/INFO] (shell_startup.py/update) Clearing background
[2024-01-24 15:23:52,872] [MainProcess/MainThread/INFO] (shell_startup.py/update) Creating Sprites...Drawing Background Sprites
[2024-01-24 15:23:52,873] [MainProcess/MainThread/INFO] (shell_startup.py/update) Creating Windows Spites...Drawing Window Sprites
[2024-01-24 15:23:52,908] [MainProcess/MainThread/INFO] (shell_startup.py/update) Clearing background
[2024-01-24 15:23:52,908] [MainProcess/MainThread/INFO] (shell_startup.py/update) Creating Sprites...Drawing Background Sprites
[2024-01-24 15:23:52,908] [MainProcess/MainThread/INFO] (shell_startup.py/update) Creating Windows Spites...Drawing Window Sprites
[2024-01-24 15:23:52,945] [MainProcess/MainThread/INFO] (shell_startup.py/update) Clearing background
[2024-01-24 15:23:52,945] [MainProcess/MainThread/INFO] (shell_startup.py/update) Creating Sprites...Drawing Background Sprites
[2024-01-24 15:23:52,945] [MainProcess/MainThread/INFO] (shell_startup.py/update) Creating Windows Spites...Drawing Window Sprites
[2024-01-24 15:23:52,981] [MainProcess/MainThread/INFO] (shell_startup.py/update) Clearing background
[2024-01-24 15:23:52,981] [MainProcess/MainThread/INFO] (shell_startup.py/update) Creating Sprites...Drawing Background Sprites
[2024-01-24 15:23:52,981] [MainProcess/MainThread/INFO] (shell_startup.py/update) Creating Windows Spites...Drawing Window Sprites
[2024-01-24 15:23:53,017] [MainProcess/MainThread/INFO] (shell_startup.py/update) Clearing background
[2024-01-24 15:23:53,017] [MainProcess/MainThread/INFO] (shell_startup.py/update) Creating Sprites...Drawing Background Sprites
[2024-01-24 15:23:53,018] [MainProcess/MainThread/INFO] (shell_startup.py/update) Creating Windows Spites...Drawing Window Sprites
[2024-01-24 15:23:53,054] [MainProcess/MainThread/INFO] (shell_startup.py/update) Clearing background
[2024-01-24 15:23:53,054] [MainProcess/MainThread/INFO] (shell_startup.py/update) Creating Sprites...Drawing Background Sprites
[2024-01-24 15:23:53,054] [MainProcess/MainThread/INFO] (shell_startup.py/update) Creating Windows Spites...Drawing Window Sprites
[2024-01-24 15:23:53,090] [MainProcess/MainThread/INFO] (shell_startup.py/update) Clearing background
[2024-01-24 15:23:53,090] [MainProcess/MainThread/INFO] (shell_startup.py/update) Creating Sprites...Drawing Background Sprites
[2024-01-24 15:23:53,090] [MainProcess/MainThread/INFO] (shell_startup.py/update) Creating Windows Spites...Drawing Window Sprites
[2024-01-24 15:23:53,127] [MainProcess/MainThread/INFO] (shell_startup.py/update) Clearing background
[2024-01-24 15:23:53,127] [MainProcess/MainThread/INFO] (shell_startup.py/update) Creating Sprites...Drawing Background Sprites
[2024-01-24 15:23:53,127] [MainProcess/MainThread/INFO] (shell_startup.py/update) Creating Windows Spites...Drawing Window Sprites
[2024-01-24 15:23:53,163] [MainProcess/MainThread/INFO] (shell_startup.py/update) Clearing background
[2024-01-24 15:23:53,164] [MainProcess/MainThread/INFO] (shell_startup.py/update) Creating Sprites...Drawing Background Sprites
[2024-01-24 15:23:53,164] [MainProcess/MainThread/INFO] (shell_startup.py/update) Creating Windows Spites...Drawing Window Sprites
[2024-01-24 15:23:53,200] [MainProcess/MainThread/INFO] (shell_startup.py/update) Clearing background
[2024-01-24 15:23:53,200] [MainProcess/MainThread/INFO] (shell_startup.py/update) Creating Sprites...Drawing Background Sprites
[2024-01-24 15:23:53,201] [MainProcess/MainThread/INFO] (shell_startup.py/update) Creating Windows Spites...Drawing Window Sprites
[2024-01-24 15:23:53,236] [MainProcess/MainThread/INFO] (shell_startup.py/update) Clearing background
[2024-01-24 15:23:53,237] [MainProcess/MainThread/INFO] (shell_startup.py/update) Creating Sprites...Drawing Background Sprites
[2024-01-24 15:23:53,237] [MainProcess/MainThread/INFO] (shell_startup.py/update) Creating Windows Spites...Drawing Window Sprites
[2024-01-24 15:23:53,273] [MainProcess/MainThread/INFO] (shell_startup.py/update) Clearing background
[2024-01-24 15:23:53,273] [MainProcess/MainThread/INFO] (shell_startup.py/update) Creating Sprites...Drawing Background Sprites
[2024-01-24 15:23:53,273] [MainProcess/MainThread/INFO] (shell_startup.py/update) Creating Windows Spites...Drawing Window Sprites
[2024-01-24 15:23:53,309] [MainProcess/MainThread/INFO] (shell_startup.py/update) Clearing background
[2024-01-24 15:23:53,310] [MainProcess/MainThread/INFO] (shell_startup.py/update) Creating Sprites...Drawing Background Sprites
[2024-01-24 15:23:53,310] [MainProcess/MainThread/INFO] (shell_startup.py/update) Creating Windows Spites...Drawing Window Sprites
[2024-01-24 15:23:53,346] [MainProcess/MainThread/INFO] (shell_startup.py/update) Clearing background
[2024-01-24 15:23:53,346] [MainProcess/MainThread/INFO] (shell_startup.py/update) Creating Sprites...Drawing Background Sprites
[2024-01-24 15:23:53,346] [MainProcess/MainThread/INFO] (shell_startup.py/update) Creating Windows Spites...Drawing Window Sprites
[2024-01-24 15:23:53,382] [MainProcess/MainThread/INFO] (shell_startup.py/update) Clearing background
[2024-01-24 15:23:53,382] [MainProcess/MainThread/INFO] (shell_startup.py/update) Creating Sprites...Drawing Background Sprites
[2024-01-24 15:23:53,382] [MainProcess/MainThread/INFO] (shell_startup.py/update) Creating Windows Spites...Drawing Window Sprites
[2024-01-24 15:23:53,418] [MainProcess/MainThread/INFO] (shell_startup.py/update) Clearing background
[2024-01-24 15:23:53,418] [MainProcess/MainThread/INFO] (shell_startup.py/update) Creating Sprites...Drawing Background Sprites
[2024-01-24 15:23:53,419] [MainProcess/MainThread/INFO] (shell_startup.py/update) Creating Windows Spites...Drawing Window Sprites
[2024-01-24 15:23:53,455] [MainProcess/MainThread/INFO] (shell_startup.py/update) Clearing background
[2024-01-24 15:23:53,455] [MainProcess/MainThread/INFO] (shell_startup.py/update) Creating Sprites...Drawing Background Sprites
[2024-01-24 15:23:53,455] [MainProcess/MainThread/INFO] (shell_startup.py/update) Creating Windows Spites...Drawing Window Sprites
[2024-01-24 15:23:53,491] [MainProcess/MainThread/INFO] (shell_startup.py/update) Clearing background
[2024-01-24 15:23:53,491] [MainProcess/MainThread/INFO] (shell_startup.py/update) Creating Sprites...Drawing Background Sprites
[2024-01-24 15:23:53,492] [MainProcess/MainThread/INFO] (shell_startup.py/update) Creating Windows Spites...Drawing Window Sprites
[2024-01-24 15:23:53,528] [MainProcess/MainThread/INFO] (shell_startup.py/update) Clearing background
[2024-01-24 15:23:53,528] [MainProcess/MainThread/INFO] (shell_startup.py/update) Creating Sprites...Drawing Background Sprites
[2024-01-24 15:23:53,528] [MainProcess/MainThread/INFO] (shell_startup.py/update) Creating Windows Spites...Drawing Window Sprites
[2024-01-24 15:23:53,564] [MainProcess/MainThread/INFO] (shell_startup.py/update) Clearing background
[2024-01-24 15:23:53,564] [MainProcess/MainThread/INFO] (shell_startup.py/update) Creating Sprites...Drawing Background Sprites
[2024-01-24 15:23:53,564] [MainProcess/MainThread/INFO] (shell_startup.py/update) Creating Windows Spites...Drawing Window Sprites
[2024-01-24 15:23:53,600] [MainProcess/MainThread/INFO] (shell_startup.py/update) Clearing background
[2024-01-24 15:23:53,600] [MainProcess/MainThread/INFO] (shell_startup.py/update) Creating Sprites...Drawing Background Sprites
[2024-01-24 15:23:53,600] [MainProcess/MainThread/INFO] (shell_startup.py/update) Creating Windows Spites...Drawing Window Sprites
[2024-01-24 15:23:53,637] [MainProcess/MainThread/INFO] (shell_startup.py/update) Clearing background
[2024-01-24 15:23:53,637] [MainProcess/MainThread/INFO] (shell_startup.py/update) Creating Sprites...Drawing Background Sprites
[2024-01-24 15:23:53,637] [MainProcess/MainThread/INFO] (shell_startup.py/update) Creating Windows Spites...Drawing Window Sprites
[2024-01-24 15:23:53,673] [MainProcess/MainThread/INFO] (shell_startup.py/update) Clearing background
[2024-01-24 15:23:53,673] [MainProcess/MainThread/INFO] (shell_startup.py/update) Creating Sprites...Drawing Background Sprites
[2024-01-24 15:23:53,673] [MainProcess/MainThread/INFO] (shell_startup.py/update) Creating Windows Spites...Drawing Window Sprites
[2024-01-24 15:23:53,710] [MainProcess/MainThread/INFO] (shell_startup.py/update) Clearing background
[2024-01-24 15:23:53,710] [MainProcess/MainThread/INFO] (shell_startup.py/update) Creating Sprites...Drawing Background Sprites
[2024-01-24 15:23:53,710] [MainProcess/MainThread/INFO] (shell_startup.py/update) Creating Windows Spites...Drawing Window Sprites
[2024-01-24 15:23:53,746] [MainProcess/MainThread/INFO] (shell_startup.py/update) Clearing background
[2024-01-24 15:23:53,747] [MainProcess/MainThread/INFO] (shell_startup.py/update) Creating Sprites...Drawing Background Sprites
[2024-01-24 15:23:53,747] [MainProcess/MainThread/INFO] (shell_startup.py/update) Creating Windows Spites...Drawing Window Sprites
[2024-01-24 15:23:53,782] [MainProcess/MainThread/INFO] (shell_startup.py/update) Clearing background
[2024-01-24 15:23:53,782] [MainProcess/MainThread/INFO] (shell_startup.py/update) Creating Sprites...Drawing Background Sprites
[2024-01-24 15:23:53,783] [MainProcess/MainThread/INFO] (shell_startup.py/update) Creating Windows Spites...Drawing Window Sprites
[2024-01-24 15:23:53,819] [MainProcess/MainThread/INFO] (shell_startup.py/update) Clearing background
[2024-01-24 15:23:53,820] [MainProcess/MainThread/INFO] (shell_startup.py/update) Creating Sprites...Drawing Background Sprites
[2024-01-24 15:23:53,820] [MainProcess/MainThread/INFO] (shell_startup.py/update) Creating Windows Spites...Drawing Window Sprites
[2024-01-24 15:23:53,855] [MainProcess/MainThread/INFO] (shell_startup.py/update) Clearing background
[2024-01-24 15:23:53,855] [MainProcess/MainThread/INFO] (shell_startup.py/update) Creating Sprites...Drawing Background Sprites
[2024-01-24 15:23:53,856] [MainProcess/MainThread/INFO] (shell_startup.py/update) Creating Windows Spites...Drawing Window Sprites
[2024-01-24 15:23:53,892] [MainProcess/MainThread/INFO] (shell_startup.py/update) Clearing background
[2024-01-24 15:23:53,893] [MainProcess/MainThread/INFO] (shell_startup.py/update) Creating Sprites...Drawing Background Sprites
[2024-01-24 15:23:53,893] [MainProcess/MainThread/INFO] (shell_startup.py/update) Creating Windows Spites...Drawing Window Sprites
[2024-01-24 15:23:53,929] [MainProcess/MainThread/INFO] (shell_startup.py/update) Clearing background
[2024-01-24 15:23:53,929] [MainProcess/MainThread/INFO] (shell_startup.py/update) Creating Sprites...Drawing Background Sprites
[2024-01-24 15:23:53,929] [MainProcess/MainThread/INFO] (shell_startup.py/update) Creating Windows Spites...Drawing Window Sprites
[2024-01-24 15:23:53,965] [MainProcess/MainThread/INFO] (shell_startup.py/update) Clearing background
[2024-01-24 15:23:53,965] [MainProcess/MainThread/INFO] (shell_startup.py/update) Creating Sprites...Drawing Background Sprites
[2024-01-24 15:23:53,965] [MainProcess/MainThread/INFO] (shell_startup.py/update) Creating Windows Spites...Drawing Window Sprites
[2024-01-24 15:23:54,002] [MainProcess/MainThread/INFO] (shell_startup.py/update) Clearing background
[2024-01-24 15:23:54,002] [MainProcess/MainThread/INFO] (shell_startup.py/update) Creating Sprites...Drawing Background Sprites
[2024-01-24 15:23:54,002] [MainProcess/MainThread/INFO] (shell_startup.py/update) Creating Windows Spites...Drawing Window Sprites
[2024-01-24 15:23:54,038] [MainProcess/MainThread/INFO] (shell_startup.py/update) Clearing background
[2024-01-24 15:23:54,038] [MainProcess/MainThread/INFO] (shell_startup.py/update) Creating Sprites...Drawing Background Sprites
[2024-01-24 15:23:54,038] [MainProcess/MainThread/INFO] (shell_startup.py/update) Creating Windows Spites...Drawing Window Sprites
[2024-01-24 15:23:54,074] [MainProcess/MainThread/INFO] (shell_startup.py/update) Clearing background
[2024-01-24 15:23:54,074] [MainProcess/MainThread/INFO] (shell_startup.py/update) Creating Sprites...Drawing Background Sprites
[2024-01-24 15:23:54,074] [MainProcess/MainThread/INFO] (shell_startup.py/update) Creating Windows Spites...Drawing Window Sprites
[2024-01-24 15:23:54,111] [MainProcess/MainThread/INFO] (shell_startup.py/update) Clearing background
[2024-01-24 15:23:54,111] [MainProcess/MainThread/INFO] (shell_startup.py/update) Creating Sprites...Drawing Background Sprites
[2024-01-24 15:23:54,111] [MainProcess/MainThread/INFO] (shell_startup.py/update) Creating Windows Spites...Drawing Window Sprites
[2024-01-24 15:23:54,147] [MainProcess/MainThread/INFO] (shell_startup.py/update) Clearing background
[2024-01-24 15:23:54,147] [MainProcess/MainThread/INFO] (shell_startup.py/update) Creating Sprites...Drawing Background Sprites
[2024-01-24 15:23:54,147] [MainProcess/MainThread/INFO] (shell_startup.py/update) Creating Windows Spites...Drawing Window Sprites
[2024-01-24 15:23:54,184] [MainProcess/MainThread/INFO] (shell_startup.py/update) Clearing background
[2024-01-24 15:23:54,184] [MainProcess/MainThread/INFO] (shell_startup.py/update) Creating Sprites...Drawing Background Sprites
[2024-01-24 15:23:54,184] [MainProcess/MainThread/INFO] (shell_startup.py/update) Creating Windows Spites...Drawing Window Sprites
[2024-01-24 15:23:54,220] [MainProcess/MainThread/INFO] (shell_startup.py/update) Clearing background
[2024-01-24 15:23:54,220] [MainProcess/MainThread/INFO] (shell_startup.py/update) Creating Sprites...Drawing Background Sprites
[2024-01-24 15:23:54,220] [MainProcess/MainThread/INFO] (shell_startup.py/update) Creating Windows Spites...Drawing Window Sprites
[2024-01-24 15:23:54,256] [MainProcess/MainThread/INFO] (shell_startup.py/update) Clearing background
[2024-01-24 15:23:54,256] [MainProcess/MainThread/INFO] (shell_startup.py/update) Creating Sprites...Drawing Background Sprites
[2024-01-24 15:23:54,257] [MainProcess/MainThread/INFO] (shell_startup.py/update) Creating Windows Spites...Drawing Window Sprites
[2024-01-24 15:23:54,292] [MainProcess/MainThread/INFO] (shell_startup.py/update) Clearing background
[2024-01-24 15:23:54,293] [MainProcess/MainThread/INFO] (shell_startup.py/update) Creating Sprites...Drawing Background Sprites
[2024-01-24 15:23:54,293] [MainProcess/MainThread/INFO] (shell_startup.py/update) Creating Windows Spites...Drawing Window Sprites
[2024-01-24 15:23:54,330] [MainProcess/MainThread/INFO] (shell_startup.py/update) Clearing background
[2024-01-24 15:23:54,330] [MainProcess/MainThread/INFO] (shell_startup.py/update) Creating Sprites...Drawing Background Sprites
[2024-01-24 15:23:54,330] [MainProcess/MainThread/INFO] (shell_startup.py/update) Creating Windows Spites...Drawing Window Sprites
[2024-01-24 15:23:54,365] [MainProcess/MainThread/INFO] (shell_startup.py/update) Clearing background
[2024-01-24 15:23:54,366] [MainProcess/MainThread/INFO] (shell_startup.py/update) Creating Sprites...Drawing Background Sprites
[2024-01-24 15:23:54,366] [MainProcess/MainThread/INFO] (shell_startup.py/update) Creating Windows Spites...Drawing Window Sprites
[2024-01-24 15:23:54,402] [MainProcess/MainThread/INFO] (shell_startup.py/update) Clearing background
[2024-01-24 15:23:54,403] [MainProcess/MainThread/INFO] (shell_startup.py/update) Creating Sprites...Drawing Background Sprites
[2024-01-24 15:23:54,403] [MainProcess/MainThread/INFO] (shell_startup.py/update) Creating Windows Spites...Drawing Window Sprites
