[LOGS]
[2024-01-24 15:14:06,197] [MainProcess/MainThread/INFO] (shell_startup.py/update) Clearing background
[2024-01-24 15:14:06,199] [MainProcess/MainThread/INFO] (shell_startup.py/update) Creating Sprites...Drawing Background Sprites
[2024-01-24 15:14:06,199] [MainProcess/MainThread/INFO] (shell_startup.py/update) Creating Windows Spites...Drawing Window Sprites
[2024-01-24 15:14:06,215] [MainProcess/MainThread/INFO] (shell_startup.py/update) Clearing background
[2024-01-24 15:14:06,216] [MainProcess/MainThread/INFO] (shell_startup.py/update) Creating Sprites...Drawing Background Sprites
[2024-01-24 15:14:06,216] [MainProcess/MainThread/INFO] (shell_startup.py/update) Creating Windows Spites...Drawing Window Sprites
[2024-01-24 15:14:06,233] [MainProcess/MainThread/INFO] (shell_startup.py/update) Clearing background
[2024-01-24 15:14:06,234] [MainProcess/MainThread/INFO] (shell_startup.py/update) Creating Sprites...Drawing Background Sprites
[2024-01-24 15:14:06,234] [MainProcess/MainThread/INFO] (shell_startup.py/update) Creating Windows Spites...Drawing Window Sprites
[2024-01-24 15:14:06,252] [MainProcess/MainThread/INFO] (shell_startup.py/update) Clearing background
[2024-01-24 15:14:06,252] [MainProcess/MainThread/INFO] (shell_startup.py/update) Creating Sprites...Drawing Background Sprites
[2024-01-24 15:14:06,252] [MainProcess/MainThread/INFO] (shell_startup.py/update) Creating Windows Spites...Drawing Window Sprites
[2024-01-24 15:14:06,270] [MainProcess/MainThread/INFO] (shell_startup.py/update) Clearing background
[2024-01-24 15:14:06,270] [MainProcess/MainThread/INFO] (shell_startup.py/update) Creating Sprites...Drawing Background Sprites
[2024-01-24 15:14:06,270] [MainProcess/MainThread/INFO] (shell_startup.py/update) Creating Windows Spites...Drawing Window Sprites
[2024-01-24 15:14:06,288] [MainProcess/MainThread/INFO] (shell_startup.py/update) Clearing background
[2024-01-24 15:14:06,288] [MainProcess/MainThread/INFO] (shell_startup.py/update) Creating Sprites...Drawing Background Sprites
[2024-01-24 15:14:06,288] [MainProcess/MainThread/INFO] (shell_startup.py/update) Creating Windows Spites...Drawing Window Sprites
[2024-01-24 15:14:06,306] [MainProcess/MainThread/INFO] (shell_startup.py/update) Clearing background
[2024-01-24 15:14:06,306] [MainProcess/MainThread/INFO] (shell_startup.py/update) Creating Sprites...Drawing Background Sprites
[2024-01-24 15:14:06,307] [MainProcess/MainThread/INFO] (shell_startup.py/update) Creating Windows Spites...Drawing Window Sprites
[2024-01-24 15:14:06,324] [MainProcess/MainThread/INFO] (shell_startup.py/update) Clearing background
[2024-01-24 15:14:06,325] [MainProcess/MainThread/INFO] (shell_startup.py/update) Creating Sprites...Drawing Background Sprites
[2024-01-24 15:14:06,325] [MainProcess/MainThread/INFO] (shell_startup.py/update) Creating Windows Spites...Drawing Window Sprites
[2024-01-24 15:14:06,342] [MainProcess/MainThread/INFO] (shell_startup.py/update) Clearing background
[2024-01-24 15:14:06,342] [MainProcess/MainThread/INFO] (shell_startup.py/update) Creating Sprites...Drawing Background Sprites
[2024-01-24 15:14:06,342] [MainProcess/MainThread/INFO] (shell_startup.py/update) Creating Windows Spites...Drawing Window Sprites
[2024-01-24 15:14:06,360] [MainProcess/MainThread/INFO] (shell_startup.py/update) Clearing background
[2024-01-24 15:14:06,360] [MainProcess/MainThread/INFO] (shell_startup.py/update) Creating Sprites...Drawing Background Sprites
[2024-01-24 15:14:06,361] [MainProcess/MainThread/INFO] (shell_startup.py/update) Creating Windows Spites...Drawing Window Sprites
[2024-01-24 15:14:06,379] [MainProcess/MainThread/INFO] (shell_startup.py/update) Clearing background
[2024-01-24 15:14:06,379] [MainProcess/MainThread/INFO] (shell_startup.py/update) Creating Sprites...Drawing Background Sprites
[2024-01-24 15:14:06,379] [MainProcess/MainThread/INFO] (shell_startup.py/update) Creating Windows Spites...Drawing Window Sprites
[2024-01-24 15:14:06,397] [MainProcess/MainThread/INFO] (shell_startup.py/update) Clearing background
[2024-01-24 15:14:06,397] [MainProcess/MainThread/INFO] (shell_startup.py/update) Creating Sprites...Drawing Background Sprites
[2024-01-24 15:14:06,397] [MainProcess/MainThread/INFO] (shell_startup.py/update) Creating Windows Spites...Drawing Window Sprites
[2024-01-24 15:14:06,415] [MainProcess/MainThread/INFO] (shell_startup.py/update) Clearing background
[2024-01-24 15:14:06,415] [MainProcess/MainThread/INFO] (shell_startup.py/update) Creating Sprites...Drawing Background Sprites
[2024-01-24 15:14:06,415] [MainProcess/MainThread/INFO] (shell_startup.py/update) Creating Windows Spites...Drawing Window Sprites
[2024-01-24 15:14:06,433] [MainProcess/MainThread/INFO] (shell_startup.py/update) Clearing background
[2024-01-24 15:14:06,434] [MainProcess/MainThread/INFO] (shell_startup.py/update) Creating Sprites...Drawing Background Sprites
[2024-01-24 15:14:06,434] [MainProcess/MainThread/INFO] (shell_startup.py/update) Creating Windows Spites...Drawing Window Sprites
[2024-01-24 15:14:06,452] [MainProcess/MainThread/INFO] (shell_startup.py/update) Clearing background
[2024-01-24 15:14:06,452] [MainProcess/MainThread/INFO] (shell_startup.py/update) Creating Sprites...Drawing Background Sprites
[2024-01-24 15:14:06,452] [MainProcess/MainThread/INFO] (shell_startup.py/update) Creating Windows Spites...Drawing Window Sprites
[2024-01-24 15:14:06,470] [MainProcess/MainThread/INFO] (shell_startup.py/update) Clearing background
[2024-01-24 15:14:06,470] [MainProcess/MainThread/INFO] (shell_startup.py/update) Creating Sprites...Drawing Background Sprites
[2024-01-24 15:14:06,470] [MainProcess/MainThread/INFO] (shell_startup.py/update) Creating Windows Spites...Drawing Window Sprites
[2024-01-24 15:14:06,488] [MainProcess/MainThread/INFO] (shell_startup.py/update) Clearing background
[2024-01-24 15:14:06,488] [MainProcess/MainThread/INFO] (shell_startup.py/update) Creating Sprites...Drawing Background Sprites
[2024-01-24 15:14:06,488] [MainProcess/MainThread/INFO] (shell_startup.py/update) Creating Windows Spites...Drawing Window Sprites
[2024-01-24 15:14:06,506] [MainProcess/MainThread/INFO] (shell_startup.py/update) Clearing background
[2024-01-24 15:14:06,506] [MainProcess/MainThread/INFO] (shell_startup.py/update) Creating Sprites...Drawing Background Sprites
[2024-01-24 15:14:06,506] [MainProcess/MainThread/INFO] (shell_startup.py/update) Creating Windows Spites...Drawing Window Sprites
[2024-01-24 15:14:06,524] [MainProcess/MainThread/INFO] (shell_startup.py/update) Clearing background
[2024-01-24 15:14:06,524] [MainProcess/MainThread/INFO] (shell_startup.py/update) Creating Sprites...Drawing Background Sprites
[2024-01-24 15:14:06,524] [MainProcess/MainThread/INFO] (shell_startup.py/update) Creating Windows Spites...Drawing Window Sprites
[2024-01-24 15:14:06,542] [MainProcess/MainThread/INFO] (shell_startup.py/update) Clearing background
[2024-01-24 15:14:06,543] [MainProcess/MainThread/INFO] (shell_startup.py/update) Creating Sprites...Drawing Background Sprites
[2024-01-24 15:14:06,543] [MainProcess/MainThread/INFO] (shell_startup.py/update) Creating Windows Spites...Drawing Window Sprites
[2024-01-24 15:14:06,561] [MainProcess/MainThread/INFO] (shell_startup.py/update) Clearing background
[2024-01-24 15:14:06,561] [MainProcess/MainThread/INFO] (shell_startup.py/update) Creating Sprites...Drawing Background Sprites
[2024-01-24 15:14:06,561] [MainProcess/MainThread/INFO] (shell_startup.py/update) Creating Windows Spites...Drawing Window Sprites
[2024-01-24 15:14:06,579] [MainProcess/MainThread/INFO] (shell_startup.py/update) Clearing background
[2024-01-24 15:14:06,579] [MainProcess/MainThread/INFO] (shell_startup.py/update) Creating Sprites...Drawing Background Sprites
[2024-01-24 15:14:06,579] [MainProcess/MainThread/INFO] (shell_startup.py/update) Creating Windows Spites...Drawing Window Sprites
[2024-01-24 15:14:06,597] [MainProcess/MainThread/INFO] (shell_startup.py/update) Clearing background
[2024-01-24 15:14:06,597] [MainProcess/MainThread/INFO] (shell_startup.py/update) Creating Sprites...Drawing Background Sprites
[2024-01-24 15:14:06,597] [MainProcess/MainThread/INFO] (shell_startup.py/update) Creating Windows Spites...Drawing Window Sprites
[2024-01-24 15:14:06,615] [MainProcess/MainThread/INFO] (shell_startup.py/update) Clearing background
[2024-01-24 15:14:06,616] [MainProcess/MainThread/INFO] (shell_startup.py/update) Creating Sprites...Drawing Background Sprites
[2024-01-24 15:14:06,616] [MainProcess/MainThread/INFO] (shell_startup.py/update) Creating Windows Spites...Drawing Window Sprites
[2024-01-24 15:14:06,634] [MainProcess/MainThread/INFO] (shell_startup.py/update) Clearing background
[2024-01-24 15:14:06,634] [MainProcess/MainThread/INFO] (shell_startup.py/update) Creating Sprites...Drawing Background Sprites
[2024-01-24 15:14:06,634] [MainProcess/MainThread/INFO] (shell_startup.py/update) Creating Windows Spites...Drawing Window Sprites
[2024-01-24 15:14:06,652] [MainProcess/MainThread/INFO] (shell_startup.py/update) Clearing background
[2024-01-24 15:14:06,652] [MainProcess/MainThread/INFO] (shell_startup.py/update) Creating Sprites...Drawing Background Sprites
[2024-01-24 15:14:06,652] [MainProcess/MainThread/INFO] (shell_startup.py/update) Creating Windows Spites...Drawing Window Sprites
[2024-01-24 15:14:06,670] [MainProcess/MainThread/INFO] (shell_startup.py/update) Clearing background
[2024-01-24 15:14:06,670] [MainProcess/MainThread/INFO] (shell_startup.py/update) Creating Sprites...Drawing Background Sprites
[2024-01-24 15:14:06,670] [MainProcess/MainThread/INFO] (shell_startup.py/update) Creating Windows Spites...Drawing Window Sprites
[2024-01-24 15:14:06,688] [MainProcess/MainThread/INFO] (shell_startup.py/update) Clearing background
[2024-01-24 15:14:06,688] [MainProcess/MainThread/INFO] (shell_startup.py/update) Creating Sprites...Drawing Background Sprites
[2024-01-24 15:14:06,688] [MainProcess/MainThread/INFO] (shell_startup.py/update) Creating Windows Spites...Drawing Window Sprites
[2024-01-24 15:14:06,706] [MainProcess/MainThread/INFO] (shell_startup.py/update) Clearing background
[2024-01-24 15:14:06,706] [MainProcess/MainThread/INFO] (shell_startup.py/update) Creating Sprites...Drawing Background Sprites
[2024-01-24 15:14:06,706] [MainProcess/MainThread/INFO] (shell_startup.py/update) Creating Windows Spites...Drawing Window Sprites
[2024-01-24 15:14:06,725] [MainProcess/MainThread/INFO] (shell_startup.py/update) Clearing background
[2024-01-24 15:14:06,725] [MainProcess/MainThread/INFO] (shell_startup.py/update) Creating Sprites...Drawing Background Sprites
[2024-01-24 15:14:06,725] [MainProcess/MainThread/INFO] (shell_startup.py/update) Creating Windows Spites...Drawing Window Sprites
[2024-01-24 15:14:06,743] [MainProcess/MainThread/INFO] (shell_startup.py/update) Clearing background
[2024-01-24 15:14:06,743] [MainProcess/MainThread/INFO] (shell_startup.py/update) Creating Sprites...Drawing Background Sprites
[2024-01-24 15:14:06,743] [MainProcess/MainThread/INFO] (shell_startup.py/update) Creating Windows Spites...Drawing Window Sprites
[2024-01-24 15:14:06,761] [MainProcess/MainThread/INFO] (shell_startup.py/update) Clearing background
[2024-01-24 15:14:06,761] [MainProcess/MainThread/INFO] (shell_startup.py/update) Creating Sprites...Drawing Background Sprites
[2024-01-24 15:14:06,761] [MainProcess/MainThread/INFO] (shell_startup.py/update) Creating Windows Spites...Drawing Window Sprites
[2024-01-24 15:14:06,779] [MainProcess/MainThread/INFO] (shell_startup.py/update) Clearing background
[2024-01-24 15:14:06,779] [MainProcess/MainThread/INFO] (shell_startup.py/update) Creating Sprites...Drawing Background Sprites
[2024-01-24 15:14:06,779] [MainProcess/MainThread/INFO] (shell_startup.py/update) Creating Windows Spites...Drawing Window Sprites
[2024-01-24 15:14:06,798] [MainProcess/MainThread/INFO] (shell_startup.py/update) Clearing background
[2024-01-24 15:14:06,798] [MainProcess/MainThread/INFO] (shell_startup.py/update) Creating Sprites...Drawing Background Sprites
[2024-01-24 15:14:06,798] [MainProcess/MainThread/INFO] (shell_startup.py/update) Creating Windows Spites...Drawing Window Sprites
[2024-01-24 15:14:06,816] [MainProcess/MainThread/INFO] (shell_startup.py/update) Clearing background
[2024-01-24 15:14:06,816] [MainProcess/MainThread/INFO] (shell_startup.py/update) Creating Sprites...Drawing Background Sprites
[2024-01-24 15:14:06,816] [MainProcess/MainThread/INFO] (shell_startup.py/update) Creating Windows Spites...Drawing Window Sprites
[2024-01-24 15:14:06,834] [MainProcess/MainThread/INFO] (shell_startup.py/update) Clearing background
[2024-01-24 15:14:06,834] [MainProcess/MainThread/INFO] (shell_startup.py/update) Creating Sprites...Drawing Background Sprites
[2024-01-24 15:14:06,834] [MainProcess/MainThread/INFO] (shell_startup.py/update) Creating Windows Spites...Drawing Window Sprites
[2024-01-24 15:14:06,852] [MainProcess/MainThread/INFO] (shell_startup.py/update) Clearing background
[2024-01-24 15:14:06,852] [MainProcess/MainThread/INFO] (shell_startup.py/update) Creating Sprites...Drawing Background Sprites
[2024-01-24 15:14:06,853] [MainProcess/MainThread/INFO] (shell_startup.py/update) Creating Windows Spites...Drawing Window Sprites
[2024-01-24 15:14:06,871] [MainProcess/MainThread/INFO] (shell_startup.py/update) Clearing background
[2024-01-24 15:14:06,872] [MainProcess/MainThread/INFO] (shell_startup.py/update) Creating Sprites...Drawing Background Sprites
[2024-01-24 15:14:06,872] [MainProcess/MainThread/INFO] (shell_startup.py/update) Creating Windows Spites...Drawing Window Sprites
[2024-01-24 15:14:06,889] [MainProcess/MainThread/INFO] (shell_startup.py/update) Clearing background
[2024-01-24 15:14:06,889] [MainProcess/MainThread/INFO] (shell_startup.py/update) Creating Sprites...Drawing Background Sprites
[2024-01-24 15:14:06,889] [MainProcess/MainThread/INFO] (shell_startup.py/update) Creating Windows Spites...Drawing Window Sprites
[2024-01-24 15:14:06,907] [MainProcess/MainThread/INFO] (shell_startup.py/update) Clearing background
[2024-01-24 15:14:06,907] [MainProcess/MainThread/INFO] (shell_startup.py/update) Creating Sprites...Drawing Background Sprites
[2024-01-24 15:14:06,907] [MainProcess/MainThread/INFO] (shell_startup.py/update) Creating Windows Spites...Drawing Window Sprites
[2024-01-24 15:14:06,925] [MainProcess/MainThread/INFO] (shell_startup.py/update) Clearing background
[2024-01-24 15:14:06,925] [MainProcess/MainThread/INFO] (shell_startup.py/update) Creating Sprites...Drawing Background Sprites
[2024-01-24 15:14:06,925] [MainProcess/MainThread/INFO] (shell_startup.py/update) Creating Windows Spites...Drawing Window Sprites
[2024-01-24 15:14:06,943] [MainProcess/MainThread/INFO] (shell_startup.py/update) Clearing background
[2024-01-24 15:14:06,943] [MainProcess/MainThread/INFO] (shell_startup.py/update) Creating Sprites...Drawing Background Sprites
[2024-01-24 15:14:06,943] [MainProcess/MainThread/INFO] (shell_startup.py/update) Creating Windows Spites...Drawing Window Sprites
[2024-01-24 15:14:06,961] [MainProcess/MainThread/INFO] (shell_startup.py/update) Clearing background
[2024-01-24 15:14:06,961] [MainProcess/MainThread/INFO] (shell_startup.py/update) Creating Sprites...Drawing Background Sprites
[2024-01-24 15:14:06,961] [MainProcess/MainThread/INFO] (shell_startup.py/update) Creating Windows Spites...Drawing Window Sprites
[2024-01-24 15:14:06,979] [MainProcess/MainThread/INFO] (shell_startup.py/update) Clearing background
[2024-01-24 15:14:06,979] [MainProcess/MainThread/INFO] (shell_startup.py/update) Creating Sprites...Drawing Background Sprites
[2024-01-24 15:14:06,980] [MainProcess/MainThread/INFO] (shell_startup.py/update) Creating Windows Spites...Drawing Window Sprites
[2024-01-24 15:14:06,997] [MainProcess/MainThread/INFO] (shell_startup.py/update) Clearing background
[2024-01-24 15:14:06,998] [MainProcess/MainThread/INFO] (shell_startup.py/update) Creating Sprites...Drawing Background Sprites
[2024-01-24 15:14:06,998] [MainProcess/MainThread/INFO] (shell_startup.py/update) Creating Windows Spites...Drawing Window Sprites
[2024-01-24 15:14:07,016] [MainProcess/MainThread/INFO] (shell_startup.py/update) Clearing background
[2024-01-24 15:14:07,016] [MainProcess/MainThread/INFO] (shell_startup.py/update) Creating Sprites...Drawing Background Sprites
[2024-01-24 15:14:07,016] [MainProcess/MainThread/INFO] (shell_startup.py/update) Creating Windows Spites...Drawing Window Sprites
[2024-01-24 15:14:07,034] [MainProcess/MainThread/INFO] (shell_startup.py/update) Clearing background
[2024-01-24 15:14:07,034] [MainProcess/MainThread/INFO] (shell_startup.py/update) Creating Sprites...Drawing Background Sprites
[2024-01-24 15:14:07,034] [MainProcess/MainThread/INFO] (shell_startup.py/update) Creating Windows Spites...Drawing Window Sprites
[2024-01-24 15:14:07,052] [MainProcess/MainThread/INFO] (shell_startup.py/update) Clearing background
[2024-01-24 15:14:07,052] [MainProcess/MainThread/INFO] (shell_startup.py/update) Creating Sprites...Drawing Background Sprites
[2024-01-24 15:14:07,052] [MainProcess/MainThread/INFO] (shell_startup.py/update) Creating Windows Spites...Drawing Window Sprites
[2024-01-24 15:14:07,070] [MainProcess/MainThread/INFO] (shell_startup.py/update) Clearing background
[2024-01-24 15:14:07,071] [MainProcess/MainThread/INFO] (shell_startup.py/update) Creating Sprites...Drawing Background Sprites
[2024-01-24 15:14:07,071] [MainProcess/MainThread/INFO] (shell_startup.py/update) Creating Windows Spites...Drawing Window Sprites
[2024-01-24 15:14:07,088] [MainProcess/MainThread/INFO] (shell_startup.py/update) Clearing background
[2024-01-24 15:14:07,089] [MainProcess/MainThread/INFO] (shell_startup.py/update) Creating Sprites...Drawing Background Sprites
[2024-01-24 15:14:07,089] [MainProcess/MainThread/INFO] (shell_startup.py/update) Creating Windows Spites...Drawing Window Sprites
[2024-01-24 15:14:07,107] [MainProcess/MainThread/INFO] (shell_startup.py/update) Clearing background
[2024-01-24 15:14:07,107] [MainProcess/MainThread/INFO] (shell_startup.py/update) Creating Sprites...Drawing Background Sprites
[2024-01-24 15:14:07,107] [MainProcess/MainThread/INFO] (shell_startup.py/update) Creating Windows Spites...Drawing Window Sprites
[2024-01-24 15:14:07,125] [MainProcess/MainThread/INFO] (shell_startup.py/update) Clearing background
[2024-01-24 15:14:07,125] [MainProcess/MainThread/INFO] (shell_startup.py/update) Creating Sprites...Drawing Background Sprites
[2024-01-24 15:14:07,125] [MainProcess/MainThread/INFO] (shell_startup.py/update) Creating Windows Spites...Drawing Window Sprites
[2024-01-24 15:14:07,143] [MainProcess/MainThread/INFO] (shell_startup.py/update) Clearing background
[2024-01-24 15:14:07,143] [MainProcess/MainThread/INFO] (shell_startup.py/update) Creating Sprites...Drawing Background Sprites
[2024-01-24 15:14:07,143] [MainProcess/MainThread/INFO] (shell_startup.py/update) Creating Windows Spites...Drawing Window Sprites
[2024-01-24 15:14:07,161] [MainProcess/MainThread/INFO] (shell_startup.py/update) Clearing background
[2024-01-24 15:14:07,161] [MainProcess/MainThread/INFO] (shell_startup.py/update) Creating Sprites...Drawing Background Sprites
[2024-01-24 15:14:07,161] [MainProcess/MainThread/INFO] (shell_startup.py/update) Creating Windows Spites...Drawing Window Sprites
[2024-01-24 15:14:07,179] [MainProcess/MainThread/INFO] (shell_startup.py/update) Clearing background
[2024-01-24 15:14:07,180] [MainProcess/MainThread/INFO] (shell_startup.py/update) Creating Sprites...Drawing Background Sprites
[2024-01-24 15:14:07,180] [MainProcess/MainThread/INFO] (shell_startup.py/update) Creating Windows Spites...Drawing Window Sprites
[2024-01-24 15:14:07,197] [MainProcess/MainThread/INFO] (shell_startup.py/update) Clearing background
[2024-01-24 15:14:07,198] [MainProcess/MainThread/INFO] (shell_startup.py/update) Creating Sprites...Drawing Background Sprites
[2024-01-24 15:14:07,198] [MainProcess/MainThread/INFO] (shell_startup.py/update) Creating Windows Spites...Drawing Window Sprites
[2024-01-24 15:14:07,216] [MainProcess/MainThread/INFO] (shell_startup.py/update) Clearing background
[2024-01-24 15:14:07,216] [MainProcess/MainThread/INFO] (shell_startup.py/update) Creating Sprites...Drawing Background Sprites
[2024-01-24 15:14:07,216] [MainProcess/MainThread/INFO] (shell_startup.py/update) Creating Windows Spites...Drawing Window Sprites
[2024-01-24 15:14:07,234] [MainProcess/MainThread/INFO] (shell_startup.py/update) Clearing background
[2024-01-24 15:14:07,234] [MainProcess/MainThread/INFO] (shell_startup.py/update) Creating Sprites...Drawing Background Sprites
[2024-01-24 15:14:07,234] [MainProcess/MainThread/INFO] (shell_startup.py/update) Creating Windows Spites...Drawing Window Sprites
[2024-01-24 15:14:07,252] [MainProcess/MainThread/INFO] (shell_startup.py/update) Clearing background
[2024-01-24 15:14:07,252] [MainProcess/MainThread/INFO] (shell_startup.py/update) Creating Sprites...Drawing Background Sprites
[2024-01-24 15:14:07,252] [MainProcess/MainThread/INFO] (shell_startup.py/update) Creating Windows Spites...Drawing Window Sprites
[2024-01-24 15:14:07,270] [MainProcess/MainThread/INFO] (shell_startup.py/update) Clearing background
[2024-01-24 15:14:07,271] [MainProcess/MainThread/INFO] (shell_startup.py/update) Creating Sprites...Drawing Background Sprites
[2024-01-24 15:14:07,271] [MainProcess/MainThread/INFO] (shell_startup.py/update) Creating Windows Spites...Drawing Window Sprites
[2024-01-24 15:14:07,289] [MainProcess/MainThread/INFO] (shell_startup.py/update) Clearing background
[2024-01-24 15:14:07,289] [MainProcess/MainThread/INFO] (shell_startup.py/update) Creating Sprites...Drawing Background Sprites
[2024-01-24 15:14:07,289] [MainProcess/MainThread/INFO] (shell_startup.py/update) Creating Windows Spites...Drawing Window Sprites
[2024-01-24 15:14:07,307] [MainProcess/MainThread/INFO] (shell_startup.py/update) Clearing background
[2024-01-24 15:14:07,307] [MainProcess/MainThread/INFO] (shell_startup.py/update) Creating Sprites...Drawing Background Sprites
[2024-01-24 15:14:07,307] [MainProcess/MainThread/INFO] (shell_startup.py/update) Creating Windows Spites...Drawing Window Sprites
[2024-01-24 15:14:07,325] [MainProcess/MainThread/INFO] (shell_startup.py/update) Clearing background
[2024-01-24 15:14:07,325] [MainProcess/MainThread/INFO] (shell_startup.py/update) Creating Sprites...Drawing Background Sprites
[2024-01-24 15:14:07,325] [MainProcess/MainThread/INFO] (shell_startup.py/update) Creating Windows Spites...Drawing Window Sprites
[2024-01-24 15:14:07,344] [MainProcess/MainThread/INFO] (shell_startup.py/update) Clearing background
[2024-01-24 15:14:07,344] [MainProcess/MainThread/INFO] (shell_startup.py/update) Creating Sprites...Drawing Background Sprites
[2024-01-24 15:14:07,344] [MainProcess/MainThread/INFO] (shell_startup.py/update) Creating Windows Spites...Drawing Window Sprites
[2024-01-24 15:14:07,362] [MainProcess/MainThread/INFO] (shell_startup.py/update) Clearing background
[2024-01-24 15:14:07,362] [MainProcess/MainThread/INFO] (shell_startup.py/update) Creating Sprites...Drawing Background Sprites
[2024-01-24 15:14:07,362] [MainProcess/MainThread/INFO] (shell_startup.py/update) Creating Windows Spites...Drawing Window Sprites
[2024-01-24 15:14:07,380] [MainProcess/MainThread/INFO] (shell_startup.py/update) Clearing background
[2024-01-24 15:14:07,380] [MainProcess/MainThread/INFO] (shell_startup.py/update) Creating Sprites...Drawing Background Sprites
[2024-01-24 15:14:07,380] [MainProcess/MainThread/INFO] (shell_startup.py/update) Creating Windows Spites...Drawing Window Sprites
[2024-01-24 15:14:07,398] [MainProcess/MainThread/INFO] (shell_startup.py/update) Clearing background
[2024-01-24 15:14:07,399] [MainProcess/MainThread/INFO] (shell_startup.py/update) Creating Sprites...Drawing Background Sprites
[2024-01-24 15:14:07,399] [MainProcess/MainThread/INFO] (shell_startup.py/update) Creating Windows Spites...Drawing Window Sprites
[2024-01-24 15:14:07,417] [MainProcess/MainThread/INFO] (shell_startup.py/update) Clearing background
[2024-01-24 15:14:07,417] [MainProcess/MainThread/INFO] (shell_startup.py/update) Creating Sprites...Drawing Background Sprites
[2024-01-24 15:14:07,417] [MainProcess/MainThread/INFO] (shell_startup.py/update) Creating Windows Spites...Drawing Window Sprites
[2024-01-24 15:14:07,435] [MainProcess/MainThread/INFO] (shell_startup.py/update) Clearing background
[2024-01-24 15:14:07,435] [MainProcess/MainThread/INFO] (shell_startup.py/update) Creating Sprites...Drawing Background Sprites
[2024-01-24 15:14:07,435] [MainProcess/MainThread/INFO] (shell_startup.py/update) Creating Windows Spites...Drawing Window Sprites
[2024-01-24 15:14:07,453] [MainProcess/MainThread/INFO] (shell_startup.py/update) Clearing background
[2024-01-24 15:14:07,453] [MainProcess/MainThread/INFO] (shell_startup.py/update) Creating Sprites...Drawing Background Sprites
[2024-01-24 15:14:07,453] [MainProcess/MainThread/INFO] (shell_startup.py/update) Creating Windows Spites...Drawing Window Sprites
[2024-01-24 15:14:07,471] [MainProcess/MainThread/INFO] (shell_startup.py/update) Clearing background
[2024-01-24 15:14:07,471] [MainProcess/MainThread/INFO] (shell_startup.py/update) Creating Sprites...Drawing Background Sprites
[2024-01-24 15:14:07,472] [MainProcess/MainThread/INFO] (shell_startup.py/update) Creating Windows Spites...Drawing Window Sprites
[2024-01-24 15:14:07,489] [MainProcess/MainThread/INFO] (shell_startup.py/update) Clearing background
[2024-01-24 15:14:07,490] [MainProcess/MainThread/INFO] (shell_startup.py/update) Creating Sprites...Drawing Background Sprites
[2024-01-24 15:14:07,490] [MainProcess/MainThread/INFO] (shell_startup.py/update) Creating Windows Spites...Drawing Window Sprites
[2024-01-24 15:14:07,507] [MainProcess/MainThread/INFO] (shell_startup.py/update) Clearing background
[2024-01-24 15:14:07,508] [MainProcess/MainThread/INFO] (shell_startup.py/update) Creating Sprites...Drawing Background Sprites
[2024-01-24 15:14:07,508] [MainProcess/MainThread/INFO] (shell_startup.py/update) Creating Windows Spites...Drawing Window Sprites
[2024-01-24 15:14:07,526] [MainProcess/MainThread/INFO] (shell_startup.py/update) Clearing background
[2024-01-24 15:14:07,526] [MainProcess/MainThread/INFO] (shell_startup.py/update) Creating Sprites...Drawing Background Sprites
[2024-01-24 15:14:07,526] [MainProcess/MainThread/INFO] (shell_startup.py/update) Creating Windows Spites...Drawing Window Sprites
[2024-01-24 15:14:07,544] [MainProcess/MainThread/INFO] (shell_startup.py/update) Clearing background
[2024-01-24 15:14:07,544] [MainProcess/MainThread/INFO] (shell_startup.py/update) Creating Sprites...Drawing Background Sprites
[2024-01-24 15:14:07,544] [MainProcess/MainThread/INFO] (shell_startup.py/update) Creating Windows Spites...Drawing Window Sprites
[2024-01-24 15:14:07,562] [MainProcess/MainThread/INFO] (shell_startup.py/update) Clearing background
[2024-01-24 15:14:07,562] [MainProcess/MainThread/INFO] (shell_startup.py/update) Creating Sprites...Drawing Background Sprites
[2024-01-24 15:14:07,562] [MainProcess/MainThread/INFO] (shell_startup.py/update) Creating Windows Spites...Drawing Window Sprites
[2024-01-24 15:14:07,580] [MainProcess/MainThread/INFO] (shell_startup.py/update) Clearing background
[2024-01-24 15:14:07,580] [MainProcess/MainThread/INFO] (shell_startup.py/update) Creating Sprites...Drawing Background Sprites
[2024-01-24 15:14:07,581] [MainProcess/MainThread/INFO] (shell_startup.py/update) Creating Windows Spites...Drawing Window Sprites
[2024-01-24 15:14:07,598] [MainProcess/MainThread/INFO] (shell_startup.py/update) Clearing background
[2024-01-24 15:14:07,599] [MainProcess/MainThread/INFO] (shell_startup.py/update) Creating Sprites...Drawing Background Sprites
[2024-01-24 15:14:07,599] [MainProcess/MainThread/INFO] (shell_startup.py/update) Creating Windows Spites...Drawing Window Sprites
[2024-01-24 15:14:07,617] [MainProcess/MainThread/INFO] (shell_startup.py/update) Clearing background
[2024-01-24 15:14:07,617] [MainProcess/MainThread/INFO] (shell_startup.py/update) Creating Sprites...Drawing Background Sprites
[2024-01-24 15:14:07,617] [MainProcess/MainThread/INFO] (shell_startup.py/update) Creating Windows Spites...Drawing Window Sprites
[2024-01-24 15:14:07,635] [MainProcess/MainThread/INFO] (shell_startup.py/update) Clearing background
[2024-01-24 15:14:07,635] [MainProcess/MainThread/INFO] (shell_startup.py/update) Creating Sprites...Drawing Background Sprites
[2024-01-24 15:14:07,635] [MainProcess/MainThread/INFO] (shell_startup.py/update) Creating Windows Spites...Drawing Window Sprites
[2024-01-24 15:14:07,653] [MainProcess/MainThread/INFO] (shell_startup.py/update) Clearing background
[2024-01-24 15:14:07,653] [MainProcess/MainThread/INFO] (shell_startup.py/update) Creating Sprites...Drawing Background Sprites
[2024-01-24 15:14:07,653] [MainProcess/MainThread/INFO] (shell_startup.py/update) Creating Windows Spites...Drawing Window Sprites
[2024-01-24 15:14:07,671] [MainProcess/MainThread/INFO] (shell_startup.py/update) Clearing background
[2024-01-24 15:14:07,671] [MainProcess/MainThread/INFO] (shell_startup.py/update) Creating Sprites...Drawing Background Sprites
[2024-01-24 15:14:07,672] [MainProcess/MainThread/INFO] (shell_startup.py/update) Creating Windows Spites...Drawing Window Sprites
[2024-01-24 15:14:07,689] [MainProcess/MainThread/INFO] (shell_startup.py/update) Clearing background
[2024-01-24 15:14:07,690] [MainProcess/MainThread/INFO] (shell_startup.py/update) Creating Sprites...Drawing Background Sprites
[2024-01-24 15:14:07,690] [MainProcess/MainThread/INFO] (shell_startup.py/update) Creating Windows Spites...Drawing Window Sprites
[2024-01-24 15:14:07,707] [MainProcess/MainThread/INFO] (shell_startup.py/update) Clearing background
[2024-01-24 15:14:07,708] [MainProcess/MainThread/INFO] (shell_startup.py/update) Creating Sprites...Drawing Background Sprites
[2024-01-24 15:14:07,708] [MainProcess/MainThread/INFO] (shell_startup.py/update) Creating Windows Spites...Drawing Window Sprites
[2024-01-24 15:14:07,726] [MainProcess/MainThread/INFO] (shell_startup.py/update) Clearing background
[2024-01-24 15:14:07,726] [MainProcess/MainThread/INFO] (shell_startup.py/update) Creating Sprites...Drawing Background Sprites
[2024-01-24 15:14:07,726] [MainProcess/MainThread/INFO] (shell_startup.py/update) Creating Windows Spites...Drawing Window Sprites
[2024-01-24 15:14:07,744] [MainProcess/MainThread/INFO] (shell_startup.py/update) Clearing background
[2024-01-24 15:14:07,744] [MainProcess/MainThread/INFO] (shell_startup.py/update) Creating Sprites...Drawing Background Sprites
[2024-01-24 15:14:07,744] [MainProcess/MainThread/INFO] (shell_startup.py/update) Creating Windows Spites...Drawing Window Sprites
[2024-01-24 15:14:07,762] [MainProcess/MainThread/INFO] (shell_startup.py/update) Clearing background
[2024-01-24 15:14:07,762] [MainProcess/MainThread/INFO] (shell_startup.py/update) Creating Sprites...Drawing Background Sprites
[2024-01-24 15:14:07,762] [MainProcess/MainThread/INFO] (shell_startup.py/update) Creating Windows Spites...Drawing Window Sprites
[2024-01-24 15:14:07,781] [MainProcess/MainThread/INFO] (shell_startup.py/update) Clearing background
[2024-01-24 15:14:07,781] [MainProcess/MainThread/INFO] (shell_startup.py/update) Creating Sprites...Drawing Background Sprites
[2024-01-24 15:14:07,781] [MainProcess/MainThread/INFO] (shell_startup.py/update) Creating Windows Spites...Drawing Window Sprites
[2024-01-24 15:14:07,798] [MainProcess/MainThread/INFO] (shell_startup.py/update) Clearing background
[2024-01-24 15:14:07,799] [MainProcess/MainThread/INFO] (shell_startup.py/update) Creating Sprites...Drawing Background Sprites
[2024-01-24 15:14:07,799] [MainProcess/MainThread/INFO] (shell_startup.py/update) Creating Windows Spites...Drawing Window Sprites
[2024-01-24 15:14:07,817] [MainProcess/MainThread/INFO] (shell_startup.py/update) Clearing background
[2024-01-24 15:14:07,817] [MainProcess/MainThread/INFO] (shell_startup.py/update) Creating Sprites...Drawing Background Sprites
[2024-01-24 15:14:07,817] [MainProcess/MainThread/INFO] (shell_startup.py/update) Creating Windows Spites...Drawing Window Sprites
[2024-01-24 15:14:07,835] [MainProcess/MainThread/INFO] (shell_startup.py/update) Clearing background
[2024-01-24 15:14:07,835] [MainProcess/MainThread/INFO] (shell_startup.py/update) Creating Sprites...Drawing Background Sprites
[2024-01-24 15:14:07,835] [MainProcess/MainThread/INFO] (shell_startup.py/update) Creating Windows Spites...Drawing Window Sprites
[2024-01-24 15:14:07,853] [MainProcess/MainThread/INFO] (shell_startup.py/update) Clearing background
[2024-01-24 15:14:07,854] [MainProcess/MainThread/INFO] (shell_startup.py/update) Creating Sprites...Drawing Background Sprites
[2024-01-24 15:14:07,854] [MainProcess/MainThread/INFO] (shell_startup.py/update) Creating Windows Spites...Drawing Window Sprites
[2024-01-24 15:14:07,871] [MainProcess/MainThread/INFO] (shell_startup.py/update) Clearing background
[2024-01-24 15:14:07,872] [MainProcess/MainThread/INFO] (shell_startup.py/update) Creating Sprites...Drawing Background Sprites
[2024-01-24 15:14:07,872] [MainProcess/MainThread/INFO] (shell_startup.py/update) Creating Windows Spites...Drawing Window Sprites
[2024-01-24 15:14:07,890] [MainProcess/MainThread/INFO] (shell_startup.py/update) Clearing background
[2024-01-24 15:14:07,890] [MainProcess/MainThread/INFO] (shell_startup.py/update) Creating Sprites...Drawing Background Sprites
[2024-01-24 15:14:07,890] [MainProcess/MainThread/INFO] (shell_startup.py/update) Creating Windows Spites...Drawing Window Sprites
[2024-01-24 15:14:07,908] [MainProcess/MainThread/INFO] (shell_startup.py/update) Clearing background
[2024-01-24 15:14:07,908] [MainProcess/MainThread/INFO] (shell_startup.py/update) Creating Sprites...Drawing Background Sprites
[2024-01-24 15:14:07,908] [MainProcess/MainThread/INFO] (shell_startup.py/update) Creating Windows Spites...Drawing Window Sprites
[2024-01-24 15:14:07,926] [MainProcess/MainThread/INFO] (shell_startup.py/update) Clearing background
[2024-01-24 15:14:07,926] [MainProcess/MainThread/INFO] (shell_startup.py/update) Creating Sprites...Drawing Background Sprites
[2024-01-24 15:14:07,926] [MainProcess/MainThread/INFO] (shell_startup.py/update) Creating Windows Spites...Drawing Window Sprites
[2024-01-24 15:14:07,945] [MainProcess/MainThread/INFO] (shell_startup.py/update) Clearing background
[2024-01-24 15:14:07,945] [MainProcess/MainThread/INFO] (shell_startup.py/update) Creating Sprites...Drawing Background Sprites
[2024-01-24 15:14:07,945] [MainProcess/MainThread/INFO] (shell_startup.py/update) Creating Windows Spites...Drawing Window Sprites
[2024-01-24 15:14:07,963] [MainProcess/MainThread/INFO] (shell_startup.py/update) Clearing background
[2024-01-24 15:14:07,963] [MainProcess/MainThread/INFO] (shell_startup.py/update) Creating Sprites...Drawing Background Sprites
[2024-01-24 15:14:07,963] [MainProcess/MainThread/INFO] (shell_startup.py/update) Creating Windows Spites...Drawing Window Sprites
[2024-01-24 15:14:07,981] [MainProcess/MainThread/INFO] (shell_startup.py/update) Clearing background
[2024-01-24 15:14:07,981] [MainProcess/MainThread/INFO] (shell_startup.py/update) Creating Sprites...Drawing Background Sprites
[2024-01-24 15:14:07,981] [MainProcess/MainThread/INFO] (shell_startup.py/update) Creating Windows Spites...Drawing Window Sprites
[2024-01-24 15:14:07,999] [MainProcess/MainThread/INFO] (shell_startup.py/update) Clearing background
[2024-01-24 15:14:07,999] [MainProcess/MainThread/INFO] (shell_startup.py/update) Creating Sprites...Drawing Background Sprites
[2024-01-24 15:14:07,999] [MainProcess/MainThread/INFO] (shell_startup.py/update) Creating Windows Spites...Drawing Window Sprites
[2024-01-24 15:14:08,017] [MainProcess/MainThread/INFO] (shell_startup.py/update) Clearing background
[2024-01-24 15:14:08,018] [MainProcess/MainThread/INFO] (shell_startup.py/update) Creating Sprites...Drawing Background Sprites
[2024-01-24 15:14:08,018] [MainProcess/MainThread/INFO] (shell_startup.py/update) Creating Windows Spites...Drawing Window Sprites
[2024-01-24 15:14:08,035] [MainProcess/MainThread/INFO] (shell_startup.py/update) Clearing background
[2024-01-24 15:14:08,036] [MainProcess/MainThread/INFO] (shell_startup.py/update) Creating Sprites...Drawing Background Sprites
[2024-01-24 15:14:08,036] [MainProcess/MainThread/INFO] (shell_startup.py/update) Creating Windows Spites...Drawing Window Sprites
[2024-01-24 15:14:08,053] [MainProcess/MainThread/INFO] (shell_startup.py/update) Clearing background
[2024-01-24 15:14:08,054] [MainProcess/MainThread/INFO] (shell_startup.py/update) Creating Sprites...Drawing Background Sprites
[2024-01-24 15:14:08,054] [MainProcess/MainThread/INFO] (shell_startup.py/update) Creating Windows Spites...Drawing Window Sprites
[2024-01-24 15:14:08,072] [MainProcess/MainThread/INFO] (shell_startup.py/update) Clearing background
[2024-01-24 15:14:08,072] [MainProcess/MainThread/INFO] (shell_startup.py/update) Creating Sprites...Drawing Background Sprites
[2024-01-24 15:14:08,072] [MainProcess/MainThread/INFO] (shell_startup.py/update) Creating Windows Spites...Drawing Window Sprites
[2024-01-24 15:14:08,090] [MainProcess/MainThread/INFO] (shell_startup.py/update) Clearing background
[2024-01-24 15:14:08,090] [MainProcess/MainThread/INFO] (shell_startup.py/update) Creating Sprites...Drawing Background Sprites
[2024-01-24 15:14:08,090] [MainProcess/MainThread/INFO] (shell_startup.py/update) Creating Windows Spites...Drawing Window Sprites
[2024-01-24 15:14:08,108] [MainProcess/MainThread/INFO] (shell_startup.py/update) Clearing background
[2024-01-24 15:14:08,108] [MainProcess/MainThread/INFO] (shell_startup.py/update) Creating Sprites...Drawing Background Sprites
[2024-01-24 15:14:08,108] [MainProcess/MainThread/INFO] (shell_startup.py/update) Creating Windows Spites...Drawing Window Sprites
[2024-01-24 15:14:08,126] [MainProcess/MainThread/INFO] (shell_startup.py/update) Clearing background
[2024-01-24 15:14:08,126] [MainProcess/MainThread/INFO] (shell_startup.py/update) Creating Sprites...Drawing Background Sprites
[2024-01-24 15:14:08,126] [MainProcess/MainThread/INFO] (shell_startup.py/update) Creating Windows Spites...Drawing Window Sprites
[2024-01-24 15:14:08,144] [MainProcess/MainThread/INFO] (shell_startup.py/update) Clearing background
[2024-01-24 15:14:08,145] [MainProcess/MainThread/INFO] (shell_startup.py/update) Creating Sprites...Drawing Background Sprites
[2024-01-24 15:14:08,145] [MainProcess/MainThread/INFO] (shell_startup.py/update) Creating Windows Spites...Drawing Window Sprites
[2024-01-24 15:14:08,163] [MainProcess/MainThread/INFO] (shell_startup.py/update) Clearing background
[2024-01-24 15:14:08,163] [MainProcess/MainThread/INFO] (shell_startup.py/update) Creating Sprites...Drawing Background Sprites
[2024-01-24 15:14:08,163] [MainProcess/MainThread/INFO] (shell_startup.py/update) Creating Windows Spites...Drawing Window Sprites
[2024-01-24 15:14:08,181] [MainProcess/MainThread/INFO] (shell_startup.py/update) Clearing background
[2024-01-24 15:14:08,181] [MainProcess/MainThread/INFO] (shell_startup.py/update) Creating Sprites...Drawing Background Sprites
[2024-01-24 15:14:08,181] [MainProcess/MainThread/INFO] (shell_startup.py/update) Creating Windows Spites...Drawing Window Sprites
[2024-01-24 15:14:08,199] [MainProcess/MainThread/INFO] (shell_startup.py/update) Clearing background
[2024-01-24 15:14:08,199] [MainProcess/MainThread/INFO] (shell_startup.py/update) Creating Sprites...Drawing Background Sprites
[2024-01-24 15:14:08,199] [MainProcess/MainThread/INFO] (shell_startup.py/update) Creating Windows Spites...Drawing Window Sprites
[2024-01-24 15:14:08,217] [MainProcess/MainThread/INFO] (shell_startup.py/update) Clearing background
[2024-01-24 15:14:08,217] [MainProcess/MainThread/INFO] (shell_startup.py/update) Creating Sprites...Drawing Background Sprites
[2024-01-24 15:14:08,218] [MainProcess/MainThread/INFO] (shell_startup.py/update) Creating Windows Spites...Drawing Window Sprites
[2024-01-24 15:14:08,236] [MainProcess/MainThread/INFO] (shell_startup.py/update) Clearing background
[2024-01-24 15:14:08,236] [MainProcess/MainThread/INFO] (shell_startup.py/update) Creating Sprites...Drawing Background Sprites
[2024-01-24 15:14:08,236] [MainProcess/MainThread/INFO] (shell_startup.py/update) Creating Windows Spites...Drawing Window Sprites
[2024-01-24 15:14:08,254] [MainProcess/MainThread/INFO] (shell_startup.py/update) Clearing background
[2024-01-24 15:14:08,254] [MainProcess/MainThread/INFO] (shell_startup.py/update) Creating Sprites...Drawing Background Sprites
[2024-01-24 15:14:08,254] [MainProcess/MainThread/INFO] (shell_startup.py/update) Creating Windows Spites...Drawing Window Sprites
[2024-01-24 15:14:08,272] [MainProcess/MainThread/INFO] (shell_startup.py/update) Clearing background
[2024-01-24 15:14:08,272] [MainProcess/MainThread/INFO] (shell_startup.py/update) Creating Sprites...Drawing Background Sprites
[2024-01-24 15:14:08,272] [MainProcess/MainThread/INFO] (shell_startup.py/update) Creating Windows Spites...Drawing Window Sprites
