[LOGS]
[2024-01-24 16:53:05,901] [MainProcess/MainThread/INFO] (shell_startup.py/update) Clearing background
[2024-01-24 16:53:05,902] [MainProcess/MainThread/INFO] (shell_startup.py/update) Creating Sprites...Drawing Background Sprites
[2024-01-24 16:53:05,902] [MainProcess/MainThread/INFO] (shell_startup.py/update) Creating Windows Spites...Drawing Window Sprites
[2024-01-24 16:53:05,902] [MainProcess/MainThread/INFO] (shell_startup.py/update) startup completed
[2024-01-24 16:53:05,918] [MainProcess/MainThread/INFO] (shell_startup.py/update) Clearing background
[2024-01-24 16:53:05,918] [MainProcess/MainThread/INFO] (shell_startup.py/update) Creating Sprites...Drawing Background Sprites
[2024-01-24 16:53:05,927] [MainProcess/MainThread/INFO] (shell_startup.py/update) Creating Windows Spites...Drawing Window Sprites
[2024-01-24 16:53:05,927] [MainProcess/MainThread/INFO] (shell_startup.py/update) startup completed
[2024-01-24 16:53:05,936] [MainProcess/MainThread/INFO] (shell_startup.py/update) Clearing background
[2024-01-24 16:53:05,936] [MainProcess/MainThread/INFO] (shell_startup.py/update) Creating Sprites...Drawing Background Sprites
[2024-01-24 16:53:05,936] [MainProcess/MainThread/INFO] (shell_startup.py/update) Creating Windows Spites...Drawing Window Sprites
[2024-01-24 16:53:05,937] [MainProcess/MainThread/INFO] (shell_startup.py/update) startup completed
[2024-01-24 16:53:05,955] [MainProcess/MainThread/INFO] (shell_startup.py/update) Clearing background
[2024-01-24 16:53:05,955] [MainProcess/MainThread/INFO] (shell_startup.py/update) Creating Sprites...Drawing Background Sprites
[2024-01-24 16:53:05,955] [MainProcess/MainThread/INFO] (shell_startup.py/update) Creating Windows Spites...Drawing Window Sprites
[2024-01-24 16:53:05,955] [MainProcess/MainThread/INFO] (shell_startup.py/update) startup completed
[2024-01-24 16:53:05,973] [MainProcess/MainThread/INFO] (shell_startup.py/update) Clearing background
[2024-01-24 16:53:05,973] [MainProcess/MainThread/INFO] (shell_startup.py/update) Creating Sprites...Drawing Background Sprites
[2024-01-24 16:53:05,973] [MainProcess/MainThread/INFO] (shell_startup.py/update) Creating Windows Spites...Drawing Window Sprites
[2024-01-24 16:53:05,973] [MainProcess/MainThread/INFO] (shell_startup.py/update) startup completed
[2024-01-24 16:53:05,990] [MainProcess/MainThread/INFO] (shell_startup.py/update) Clearing background
[2024-01-24 16:53:05,991] [MainProcess/MainThread/INFO] (shell_startup.py/update) Creating Sprites...Drawing Background Sprites
[2024-01-24 16:53:05,991] [MainProcess/MainThread/INFO] (shell_startup.py/update) Creating Windows Spites...Drawing Window Sprites
[2024-01-24 16:53:05,991] [MainProcess/MainThread/INFO] (shell_startup.py/update) startup completed
[2024-01-24 16:53:06,010] [MainProcess/MainThread/INFO] (shell_startup.py/update) Clearing background
[2024-01-24 16:53:06,010] [MainProcess/MainThread/INFO] (shell_startup.py/update) Creating Sprites...Drawing Background Sprites
[2024-01-24 16:53:06,010] [MainProcess/MainThread/INFO] (shell_startup.py/update) Creating Windows Spites...Drawing Window Sprites
[2024-01-24 16:53:06,010] [MainProcess/MainThread/INFO] (shell_startup.py/update) startup completed
[2024-01-24 16:53:06,028] [MainProcess/MainThread/INFO] (shell_startup.py/update) Clearing background
[2024-01-24 16:53:06,028] [MainProcess/MainThread/INFO] (shell_startup.py/update) Creating Sprites...Drawing Background Sprites
[2024-01-24 16:53:06,028] [MainProcess/MainThread/INFO] (shell_startup.py/update) Creating Windows Spites...Drawing Window Sprites
[2024-01-24 16:53:06,028] [MainProcess/MainThread/INFO] (shell_startup.py/update) startup completed
[2024-01-24 16:53:06,045] [MainProcess/MainThread/INFO] (shell_startup.py/update) Clearing background
[2024-01-24 16:53:06,046] [MainProcess/MainThread/INFO] (shell_startup.py/update) Creating Sprites...Drawing Background Sprites
[2024-01-24 16:53:06,046] [MainProcess/MainThread/INFO] (shell_startup.py/update) Creating Windows Spites...Drawing Window Sprites
[2024-01-24 16:53:06,046] [MainProcess/MainThread/INFO] (shell_startup.py/update) startup completed
[2024-01-24 16:53:06,065] [MainProcess/MainThread/INFO] (shell_startup.py/update) Clearing background
[2024-01-24 16:53:06,065] [MainProcess/MainThread/INFO] (shell_startup.py/update) Creating Sprites...Drawing Background Sprites
[2024-01-24 16:53:06,065] [MainProcess/MainThread/INFO] (shell_startup.py/update) Creating Windows Spites...Drawing Window Sprites
[2024-01-24 16:53:06,065] [MainProcess/MainThread/INFO] (shell_startup.py/update) startup completed
[2024-01-24 16:53:06,082] [MainProcess/MainThread/INFO] (shell_startup.py/update) Clearing background
[2024-01-24 16:53:06,082] [MainProcess/MainThread/INFO] (shell_startup.py/update) Creating Sprites...Drawing Background Sprites
[2024-01-24 16:53:06,082] [MainProcess/MainThread/INFO] (shell_startup.py/update) Creating Windows Spites...Drawing Window Sprites
[2024-01-24 16:53:06,082] [MainProcess/MainThread/INFO] (shell_startup.py/update) startup completed
[2024-01-24 16:53:06,101] [MainProcess/MainThread/INFO] (shell_startup.py/update) Clearing background
[2024-01-24 16:53:06,101] [MainProcess/MainThread/INFO] (shell_startup.py/update) Creating Sprites...Drawing Background Sprites
[2024-01-24 16:53:06,101] [MainProcess/MainThread/INFO] (shell_startup.py/update) Creating Windows Spites...Drawing Window Sprites
[2024-01-24 16:53:06,101] [MainProcess/MainThread/INFO] (shell_startup.py/update) startup completed
[2024-01-24 16:53:06,119] [MainProcess/MainThread/INFO] (shell_startup.py/update) Clearing background
[2024-01-24 16:53:06,119] [MainProcess/MainThread/INFO] (shell_startup.py/update) Creating Sprites...Drawing Background Sprites
[2024-01-24 16:53:06,119] [MainProcess/MainThread/INFO] (shell_startup.py/update) Creating Windows Spites...Drawing Window Sprites
[2024-01-24 16:53:06,119] [MainProcess/MainThread/INFO] (shell_startup.py/update) startup completed
[2024-01-24 16:53:06,137] [MainProcess/MainThread/INFO] (shell_startup.py/update) Clearing background
[2024-01-24 16:53:06,137] [MainProcess/MainThread/INFO] (shell_startup.py/update) Creating Sprites...Drawing Background Sprites
[2024-01-24 16:53:06,137] [MainProcess/MainThread/INFO] (shell_startup.py/update) Creating Windows Spites...Drawing Window Sprites
[2024-01-24 16:53:06,137] [MainProcess/MainThread/INFO] (shell_startup.py/update) startup completed
[2024-01-24 16:53:06,155] [MainProcess/MainThread/INFO] (shell_startup.py/update) Clearing background
[2024-01-24 16:53:06,155] [MainProcess/MainThread/INFO] (shell_startup.py/update) Creating Sprites...Drawing Background Sprites
[2024-01-24 16:53:06,155] [MainProcess/MainThread/INFO] (shell_startup.py/update) Creating Windows Spites...Drawing Window Sprites
[2024-01-24 16:53:06,155] [MainProcess/MainThread/INFO] (shell_startup.py/update) startup completed
[2024-01-24 16:53:06,172] [MainProcess/MainThread/INFO] (shell_startup.py/update) Clearing background
[2024-01-24 16:53:06,172] [MainProcess/MainThread/INFO] (shell_startup.py/update) Creating Sprites...Drawing Background Sprites
[2024-01-24 16:53:06,172] [MainProcess/MainThread/INFO] (shell_startup.py/update) Creating Windows Spites...Drawing Window Sprites
[2024-01-24 16:53:06,172] [MainProcess/MainThread/INFO] (shell_startup.py/update) startup completed
[2024-01-24 16:53:06,191] [MainProcess/MainThread/INFO] (shell_startup.py/update) Clearing background
[2024-01-24 16:53:06,191] [MainProcess/MainThread/INFO] (shell_startup.py/update) Creating Sprites...Drawing Background Sprites
[2024-01-24 16:53:06,192] [MainProcess/MainThread/INFO] (shell_startup.py/update) Creating Windows Spites...Drawing Window Sprites
[2024-01-24 16:53:06,192] [MainProcess/MainThread/INFO] (shell_startup.py/update) startup completed
[2024-01-24 16:53:06,210] [MainProcess/MainThread/INFO] (shell_startup.py/update) Clearing background
[2024-01-24 16:53:06,210] [MainProcess/MainThread/INFO] (shell_startup.py/update) Creating Sprites...Drawing Background Sprites
[2024-01-24 16:53:06,210] [MainProcess/MainThread/INFO] (shell_startup.py/update) Creating Windows Spites...Drawing Window Sprites
[2024-01-24 16:53:06,210] [MainProcess/MainThread/INFO] (shell_startup.py/update) startup completed
[2024-01-24 16:53:06,227] [MainProcess/MainThread/INFO] (shell_startup.py/update) Clearing background
[2024-01-24 16:53:06,228] [MainProcess/MainThread/INFO] (shell_startup.py/update) Creating Sprites...Drawing Background Sprites
[2024-01-24 16:53:06,228] [MainProcess/MainThread/INFO] (shell_startup.py/update) Creating Windows Spites...Drawing Window Sprites
[2024-01-24 16:53:06,228] [MainProcess/MainThread/INFO] (shell_startup.py/update) startup completed
[2024-01-24 16:53:06,245] [MainProcess/MainThread/INFO] (shell_startup.py/update) Clearing background
[2024-01-24 16:53:06,245] [MainProcess/MainThread/INFO] (shell_startup.py/update) Creating Sprites...Drawing Background Sprites
[2024-01-24 16:53:06,245] [MainProcess/MainThread/INFO] (shell_startup.py/update) Creating Windows Spites...Drawing Window Sprites
[2024-01-24 16:53:06,245] [MainProcess/MainThread/INFO] (shell_startup.py/update) startup completed
[2024-01-24 16:53:06,263] [MainProcess/MainThread/INFO] (shell_startup.py/update) Clearing background
[2024-01-24 16:53:06,264] [MainProcess/MainThread/INFO] (shell_startup.py/update) Creating Sprites...Drawing Background Sprites
[2024-01-24 16:53:06,264] [MainProcess/MainThread/INFO] (shell_startup.py/update) Creating Windows Spites...Drawing Window Sprites
[2024-01-24 16:53:06,264] [MainProcess/MainThread/INFO] (shell_startup.py/update) startup completed
[2024-01-24 16:53:06,281] [MainProcess/MainThread/INFO] (shell_startup.py/update) Clearing background
[2024-01-24 16:53:06,281] [MainProcess/MainThread/INFO] (shell_startup.py/update) Creating Sprites...Drawing Background Sprites
[2024-01-24 16:53:06,281] [MainProcess/MainThread/INFO] (shell_startup.py/update) Creating Windows Spites...Drawing Window Sprites
[2024-01-24 16:53:06,281] [MainProcess/MainThread/INFO] (shell_startup.py/update) startup completed
[2024-01-24 16:53:06,300] [MainProcess/MainThread/INFO] (shell_startup.py/update) Clearing background
[2024-01-24 16:53:06,300] [MainProcess/MainThread/INFO] (shell_startup.py/update) Creating Sprites...Drawing Background Sprites
[2024-01-24 16:53:06,300] [MainProcess/MainThread/INFO] (shell_startup.py/update) Creating Windows Spites...Drawing Window Sprites
[2024-01-24 16:53:06,300] [MainProcess/MainThread/INFO] (shell_startup.py/update) startup completed
[2024-01-24 16:53:06,317] [MainProcess/MainThread/INFO] (shell_startup.py/update) Clearing background
[2024-01-24 16:53:06,318] [MainProcess/MainThread/INFO] (shell_startup.py/update) Creating Sprites...Drawing Background Sprites
[2024-01-24 16:53:06,318] [MainProcess/MainThread/INFO] (shell_startup.py/update) Creating Windows Spites...Drawing Window Sprites
[2024-01-24 16:53:06,318] [MainProcess/MainThread/INFO] (shell_startup.py/update) startup completed
[2024-01-24 16:53:06,336] [MainProcess/MainThread/INFO] (shell_startup.py/update) Clearing background
[2024-01-24 16:53:06,336] [MainProcess/MainThread/INFO] (shell_startup.py/update) Creating Sprites...Drawing Background Sprites
[2024-01-24 16:53:06,336] [MainProcess/MainThread/INFO] (shell_startup.py/update) Creating Windows Spites...Drawing Window Sprites
[2024-01-24 16:53:06,336] [MainProcess/MainThread/INFO] (shell_startup.py/update) startup completed
[2024-01-24 16:53:06,355] [MainProcess/MainThread/INFO] (shell_startup.py/update) Clearing background
[2024-01-24 16:53:06,355] [MainProcess/MainThread/INFO] (shell_startup.py/update) Creating Sprites...Drawing Background Sprites
[2024-01-24 16:53:06,355] [MainProcess/MainThread/INFO] (shell_startup.py/update) Creating Windows Spites...Drawing Window Sprites
[2024-01-24 16:53:06,355] [MainProcess/MainThread/INFO] (shell_startup.py/update) startup completed
[2024-01-24 16:53:06,373] [MainProcess/MainThread/INFO] (shell_startup.py/update) Clearing background
[2024-01-24 16:53:06,373] [MainProcess/MainThread/INFO] (shell_startup.py/update) Creating Sprites...Drawing Background Sprites
[2024-01-24 16:53:06,373] [MainProcess/MainThread/INFO] (shell_startup.py/update) Creating Windows Spites...Drawing Window Sprites
[2024-01-24 16:53:06,373] [MainProcess/MainThread/INFO] (shell_startup.py/update) startup completed
[2024-01-24 16:53:06,391] [MainProcess/MainThread/INFO] (shell_startup.py/update) Clearing background
[2024-01-24 16:53:06,392] [MainProcess/MainThread/INFO] (shell_startup.py/update) Creating Sprites...Drawing Background Sprites
[2024-01-24 16:53:06,392] [MainProcess/MainThread/INFO] (shell_startup.py/update) Creating Windows Spites...Drawing Window Sprites
[2024-01-24 16:53:06,392] [MainProcess/MainThread/INFO] (shell_startup.py/update) startup completed
[2024-01-24 16:53:06,409] [MainProcess/MainThread/INFO] (shell_startup.py/update) Clearing background
[2024-01-24 16:53:06,409] [MainProcess/MainThread/INFO] (shell_startup.py/update) Creating Sprites...Drawing Background Sprites
[2024-01-24 16:53:06,409] [MainProcess/MainThread/INFO] (shell_startup.py/update) Creating Windows Spites...Drawing Window Sprites
[2024-01-24 16:53:06,409] [MainProcess/MainThread/INFO] (shell_startup.py/update) startup completed
[2024-01-24 16:53:06,427] [MainProcess/MainThread/INFO] (shell_startup.py/update) Clearing background
[2024-01-24 16:53:06,427] [MainProcess/MainThread/INFO] (shell_startup.py/update) Creating Sprites...Drawing Background Sprites
[2024-01-24 16:53:06,428] [MainProcess/MainThread/INFO] (shell_startup.py/update) Creating Windows Spites...Drawing Window Sprites
[2024-01-24 16:53:06,428] [MainProcess/MainThread/INFO] (shell_startup.py/update) startup completed
[2024-01-24 16:53:06,446] [MainProcess/MainThread/INFO] (shell_startup.py/update) Clearing background
[2024-01-24 16:53:06,446] [MainProcess/MainThread/INFO] (shell_startup.py/update) Creating Sprites...Drawing Background Sprites
[2024-01-24 16:53:06,446] [MainProcess/MainThread/INFO] (shell_startup.py/update) Creating Windows Spites...Drawing Window Sprites
[2024-01-24 16:53:06,446] [MainProcess/MainThread/INFO] (shell_startup.py/update) startup completed
[2024-01-24 16:53:06,464] [MainProcess/MainThread/INFO] (shell_startup.py/update) Clearing background
[2024-01-24 16:53:06,464] [MainProcess/MainThread/INFO] (shell_startup.py/update) Creating Sprites...Drawing Background Sprites
[2024-01-24 16:53:06,465] [MainProcess/MainThread/INFO] (shell_startup.py/update) Creating Windows Spites...Drawing Window Sprites
[2024-01-24 16:53:06,465] [MainProcess/MainThread/INFO] (shell_startup.py/update) startup completed
[2024-01-24 16:53:06,483] [MainProcess/MainThread/INFO] (shell_startup.py/update) Clearing background
[2024-01-24 16:53:06,483] [MainProcess/MainThread/INFO] (shell_startup.py/update) Creating Sprites...Drawing Background Sprites
[2024-01-24 16:53:06,483] [MainProcess/MainThread/INFO] (shell_startup.py/update) Creating Windows Spites...Drawing Window Sprites
[2024-01-24 16:53:06,483] [MainProcess/MainThread/INFO] (shell_startup.py/update) startup completed
[2024-01-24 16:53:06,500] [MainProcess/MainThread/INFO] (shell_startup.py/update) Clearing background
[2024-01-24 16:53:06,500] [MainProcess/MainThread/INFO] (shell_startup.py/update) Creating Sprites...Drawing Background Sprites
[2024-01-24 16:53:06,500] [MainProcess/MainThread/INFO] (shell_startup.py/update) Creating Windows Spites...Drawing Window Sprites
[2024-01-24 16:53:06,500] [MainProcess/MainThread/INFO] (shell_startup.py/update) startup completed
[2024-01-24 16:53:06,518] [MainProcess/MainThread/INFO] (shell_startup.py/update) Clearing background
[2024-01-24 16:53:06,519] [MainProcess/MainThread/INFO] (shell_startup.py/update) Creating Sprites...Drawing Background Sprites
[2024-01-24 16:53:06,519] [MainProcess/MainThread/INFO] (shell_startup.py/update) Creating Windows Spites...Drawing Window Sprites
[2024-01-24 16:53:06,519] [MainProcess/MainThread/INFO] (shell_startup.py/update) startup completed
[2024-01-24 16:53:06,537] [MainProcess/MainThread/INFO] (shell_startup.py/update) Clearing background
[2024-01-24 16:53:06,537] [MainProcess/MainThread/INFO] (shell_startup.py/update) Creating Sprites...Drawing Background Sprites
[2024-01-24 16:53:06,537] [MainProcess/MainThread/INFO] (shell_startup.py/update) Creating Windows Spites...Drawing Window Sprites
[2024-01-24 16:53:06,537] [MainProcess/MainThread/INFO] (shell_startup.py/update) startup completed
[2024-01-24 16:53:06,554] [MainProcess/MainThread/INFO] (shell_startup.py/update) Clearing background
[2024-01-24 16:53:06,555] [MainProcess/MainThread/INFO] (shell_startup.py/update) Creating Sprites...Drawing Background Sprites
[2024-01-24 16:53:06,555] [MainProcess/MainThread/INFO] (shell_startup.py/update) Creating Windows Spites...Drawing Window Sprites
[2024-01-24 16:53:06,555] [MainProcess/MainThread/INFO] (shell_startup.py/update) startup completed
[2024-01-24 16:53:06,573] [MainProcess/MainThread/INFO] (shell_startup.py/update) Clearing background
[2024-01-24 16:53:06,573] [MainProcess/MainThread/INFO] (shell_startup.py/update) Creating Sprites...Drawing Background Sprites
[2024-01-24 16:53:06,573] [MainProcess/MainThread/INFO] (shell_startup.py/update) Creating Windows Spites...Drawing Window Sprites
[2024-01-24 16:53:06,573] [MainProcess/MainThread/INFO] (shell_startup.py/update) startup completed
[2024-01-24 16:53:06,592] [MainProcess/MainThread/INFO] (shell_startup.py/update) Clearing background
[2024-01-24 16:53:06,592] [MainProcess/MainThread/INFO] (shell_startup.py/update) Creating Sprites...Drawing Background Sprites
[2024-01-24 16:53:06,592] [MainProcess/MainThread/INFO] (shell_startup.py/update) Creating Windows Spites...Drawing Window Sprites
[2024-01-24 16:53:06,592] [MainProcess/MainThread/INFO] (shell_startup.py/update) startup completed
[2024-01-24 16:53:06,610] [MainProcess/MainThread/INFO] (shell_startup.py/update) Clearing background
[2024-01-24 16:53:06,610] [MainProcess/MainThread/INFO] (shell_startup.py/update) Creating Sprites...Drawing Background Sprites
[2024-01-24 16:53:06,610] [MainProcess/MainThread/INFO] (shell_startup.py/update) Creating Windows Spites...Drawing Window Sprites
[2024-01-24 16:53:06,610] [MainProcess/MainThread/INFO] (shell_startup.py/update) startup completed
[2024-01-24 16:53:06,628] [MainProcess/MainThread/INFO] (shell_startup.py/update) Clearing background
[2024-01-24 16:53:06,628] [MainProcess/MainThread/INFO] (shell_startup.py/update) Creating Sprites...Drawing Background Sprites
[2024-01-24 16:53:06,628] [MainProcess/MainThread/INFO] (shell_startup.py/update) Creating Windows Spites...Drawing Window Sprites
[2024-01-24 16:53:06,628] [MainProcess/MainThread/INFO] (shell_startup.py/update) startup completed
[2024-01-24 16:53:06,646] [MainProcess/MainThread/INFO] (shell_startup.py/update) Clearing background
[2024-01-24 16:53:06,646] [MainProcess/MainThread/INFO] (shell_startup.py/update) Creating Sprites...Drawing Background Sprites
[2024-01-24 16:53:06,646] [MainProcess/MainThread/INFO] (shell_startup.py/update) Creating Windows Spites...Drawing Window Sprites
[2024-01-24 16:53:06,646] [MainProcess/MainThread/INFO] (shell_startup.py/update) startup completed
[2024-01-24 16:53:06,664] [MainProcess/MainThread/INFO] (shell_startup.py/update) Clearing background
[2024-01-24 16:53:06,665] [MainProcess/MainThread/INFO] (shell_startup.py/update) Creating Sprites...Drawing Background Sprites
[2024-01-24 16:53:06,665] [MainProcess/MainThread/INFO] (shell_startup.py/update) Creating Windows Spites...Drawing Window Sprites
[2024-01-24 16:53:06,665] [MainProcess/MainThread/INFO] (shell_startup.py/update) startup completed
[2024-01-24 16:53:06,683] [MainProcess/MainThread/INFO] (shell_startup.py/update) Clearing background
[2024-01-24 16:53:06,683] [MainProcess/MainThread/INFO] (shell_startup.py/update) Creating Sprites...Drawing Background Sprites
[2024-01-24 16:53:06,683] [MainProcess/MainThread/INFO] (shell_startup.py/update) Creating Windows Spites...Drawing Window Sprites
[2024-01-24 16:53:06,683] [MainProcess/MainThread/INFO] (shell_startup.py/update) startup completed
[2024-01-24 16:53:06,701] [MainProcess/MainThread/INFO] (shell_startup.py/update) Clearing background
[2024-01-24 16:53:06,702] [MainProcess/MainThread/INFO] (shell_startup.py/update) Creating Sprites...Drawing Background Sprites
[2024-01-24 16:53:06,702] [MainProcess/MainThread/INFO] (shell_startup.py/update) Creating Windows Spites...Drawing Window Sprites
[2024-01-24 16:53:06,702] [MainProcess/MainThread/INFO] (shell_startup.py/update) startup completed
[2024-01-24 16:53:06,719] [MainProcess/MainThread/INFO] (shell_startup.py/update) Clearing background
[2024-01-24 16:53:06,719] [MainProcess/MainThread/INFO] (shell_startup.py/update) Creating Sprites...Drawing Background Sprites
[2024-01-24 16:53:06,719] [MainProcess/MainThread/INFO] (shell_startup.py/update) Creating Windows Spites...Drawing Window Sprites
[2024-01-24 16:53:06,719] [MainProcess/MainThread/INFO] (shell_startup.py/update) startup completed
[2024-01-24 16:53:06,737] [MainProcess/MainThread/INFO] (shell_startup.py/update) Clearing background
[2024-01-24 16:53:06,737] [MainProcess/MainThread/INFO] (shell_startup.py/update) Creating Sprites...Drawing Background Sprites
[2024-01-24 16:53:06,737] [MainProcess/MainThread/INFO] (shell_startup.py/update) Creating Windows Spites...Drawing Window Sprites
[2024-01-24 16:53:06,737] [MainProcess/MainThread/INFO] (shell_startup.py/update) startup completed
[2024-01-24 16:53:06,755] [MainProcess/MainThread/INFO] (shell_startup.py/update) Clearing background
[2024-01-24 16:53:06,756] [MainProcess/MainThread/INFO] (shell_startup.py/update) Creating Sprites...Drawing Background Sprites
[2024-01-24 16:53:06,756] [MainProcess/MainThread/INFO] (shell_startup.py/update) Creating Windows Spites...Drawing Window Sprites
[2024-01-24 16:53:06,756] [MainProcess/MainThread/INFO] (shell_startup.py/update) startup completed
[2024-01-24 16:53:06,773] [MainProcess/MainThread/INFO] (shell_startup.py/update) Clearing background
[2024-01-24 16:53:06,773] [MainProcess/MainThread/INFO] (shell_startup.py/update) Creating Sprites...Drawing Background Sprites
[2024-01-24 16:53:06,773] [MainProcess/MainThread/INFO] (shell_startup.py/update) Creating Windows Spites...Drawing Window Sprites
[2024-01-24 16:53:06,773] [MainProcess/MainThread/INFO] (shell_startup.py/update) startup completed
[2024-01-24 16:53:06,792] [MainProcess/MainThread/INFO] (shell_startup.py/update) Clearing background
[2024-01-24 16:53:06,792] [MainProcess/MainThread/INFO] (shell_startup.py/update) Creating Sprites...Drawing Background Sprites
[2024-01-24 16:53:06,792] [MainProcess/MainThread/INFO] (shell_startup.py/update) Creating Windows Spites...Drawing Window Sprites
[2024-01-24 16:53:06,792] [MainProcess/MainThread/INFO] (shell_startup.py/update) startup completed
[2024-01-24 16:53:06,810] [MainProcess/MainThread/INFO] (shell_startup.py/update) Clearing background
[2024-01-24 16:53:06,810] [MainProcess/MainThread/INFO] (shell_startup.py/update) Creating Sprites...Drawing Background Sprites
[2024-01-24 16:53:06,810] [MainProcess/MainThread/INFO] (shell_startup.py/update) Creating Windows Spites...Drawing Window Sprites
[2024-01-24 16:53:06,810] [MainProcess/MainThread/INFO] (shell_startup.py/update) startup completed
[2024-01-24 16:53:06,828] [MainProcess/MainThread/INFO] (shell_startup.py/update) Clearing background
[2024-01-24 16:53:06,828] [MainProcess/MainThread/INFO] (shell_startup.py/update) Creating Sprites...Drawing Background Sprites
[2024-01-24 16:53:06,828] [MainProcess/MainThread/INFO] (shell_startup.py/update) Creating Windows Spites...Drawing Window Sprites
[2024-01-24 16:53:06,828] [MainProcess/MainThread/INFO] (shell_startup.py/update) startup completed
[2024-01-24 16:53:06,846] [MainProcess/MainThread/INFO] (shell_startup.py/update) Clearing background
[2024-01-24 16:53:06,846] [MainProcess/MainThread/INFO] (shell_startup.py/update) Creating Sprites...Drawing Background Sprites
[2024-01-24 16:53:06,846] [MainProcess/MainThread/INFO] (shell_startup.py/update) Creating Windows Spites...Drawing Window Sprites
[2024-01-24 16:53:06,846] [MainProcess/MainThread/INFO] (shell_startup.py/update) startup completed
[2024-01-24 16:53:06,865] [MainProcess/MainThread/INFO] (shell_startup.py/update) Clearing background
[2024-01-24 16:53:06,865] [MainProcess/MainThread/INFO] (shell_startup.py/update) Creating Sprites...Drawing Background Sprites
[2024-01-24 16:53:06,865] [MainProcess/MainThread/INFO] (shell_startup.py/update) Creating Windows Spites...Drawing Window Sprites
[2024-01-24 16:53:06,865] [MainProcess/MainThread/INFO] (shell_startup.py/update) startup completed
[2024-01-24 16:53:06,882] [MainProcess/MainThread/INFO] (shell_startup.py/update) Clearing background
[2024-01-24 16:53:06,883] [MainProcess/MainThread/INFO] (shell_startup.py/update) Creating Sprites...Drawing Background Sprites
[2024-01-24 16:53:06,883] [MainProcess/MainThread/INFO] (shell_startup.py/update) Creating Windows Spites...Drawing Window Sprites
[2024-01-24 16:53:06,883] [MainProcess/MainThread/INFO] (shell_startup.py/update) startup completed
[2024-01-24 16:53:06,901] [MainProcess/MainThread/INFO] (shell_startup.py/update) Clearing background
[2024-01-24 16:53:06,901] [MainProcess/MainThread/INFO] (shell_startup.py/update) Creating Sprites...Drawing Background Sprites
[2024-01-24 16:53:06,901] [MainProcess/MainThread/INFO] (shell_startup.py/update) Creating Windows Spites...Drawing Window Sprites
[2024-01-24 16:53:06,901] [MainProcess/MainThread/INFO] (shell_startup.py/update) startup completed
[2024-01-24 16:53:06,919] [MainProcess/MainThread/INFO] (shell_startup.py/update) Clearing background
[2024-01-24 16:53:06,919] [MainProcess/MainThread/INFO] (shell_startup.py/update) Creating Sprites...Drawing Background Sprites
[2024-01-24 16:53:06,919] [MainProcess/MainThread/INFO] (shell_startup.py/update) Creating Windows Spites...Drawing Window Sprites
[2024-01-24 16:53:06,919] [MainProcess/MainThread/INFO] (shell_startup.py/update) startup completed
[2024-01-24 16:53:06,937] [MainProcess/MainThread/INFO] (shell_startup.py/update) Clearing background
[2024-01-24 16:53:06,937] [MainProcess/MainThread/INFO] (shell_startup.py/update) Creating Sprites...Drawing Background Sprites
[2024-01-24 16:53:06,937] [MainProcess/MainThread/INFO] (shell_startup.py/update) Creating Windows Spites...Drawing Window Sprites
[2024-01-24 16:53:06,937] [MainProcess/MainThread/INFO] (shell_startup.py/update) startup completed
[2024-01-24 16:53:06,955] [MainProcess/MainThread/INFO] (shell_startup.py/update) Clearing background
[2024-01-24 16:53:06,955] [MainProcess/MainThread/INFO] (shell_startup.py/update) Creating Sprites...Drawing Background Sprites
[2024-01-24 16:53:06,955] [MainProcess/MainThread/INFO] (shell_startup.py/update) Creating Windows Spites...Drawing Window Sprites
[2024-01-24 16:53:06,955] [MainProcess/MainThread/INFO] (shell_startup.py/update) startup completed
[2024-01-24 16:53:06,973] [MainProcess/MainThread/INFO] (shell_startup.py/update) Clearing background
[2024-01-24 16:53:06,974] [MainProcess/MainThread/INFO] (shell_startup.py/update) Creating Sprites...Drawing Background Sprites
[2024-01-24 16:53:06,974] [MainProcess/MainThread/INFO] (shell_startup.py/update) Creating Windows Spites...Drawing Window Sprites
[2024-01-24 16:53:06,974] [MainProcess/MainThread/INFO] (shell_startup.py/update) startup completed
[2024-01-24 16:53:06,992] [MainProcess/MainThread/INFO] (shell_startup.py/update) Clearing background
[2024-01-24 16:53:06,993] [MainProcess/MainThread/INFO] (shell_startup.py/update) Creating Sprites...Drawing Background Sprites
[2024-01-24 16:53:06,993] [MainProcess/MainThread/INFO] (shell_startup.py/update) Creating Windows Spites...Drawing Window Sprites
[2024-01-24 16:53:06,993] [MainProcess/MainThread/INFO] (shell_startup.py/update) startup completed
