[LOGS]
[2024-01-24 15:29:33,725] [MainProcess/MainThread/INFO] (shell_startup.py/update) Clearing background
[2024-01-24 15:29:33,726] [MainProcess/MainThread/INFO] (shell_startup.py/update) Creating Sprites...Drawing Background Sprites
[2024-01-24 15:29:33,726] [MainProcess/MainThread/INFO] (shell_startup.py/update) Creating Windows Spites...Drawing Window Sprites
[2024-01-24 15:29:33,744] [MainProcess/MainThread/INFO] (shell_startup.py/update) Clearing background
[2024-01-24 15:29:33,744] [MainProcess/MainThread/INFO] (shell_startup.py/update) Creating Sprites...Drawing Background Sprites
[2024-01-24 15:29:33,746] [MainProcess/MainThread/INFO] (shell_startup.py/update) Creating Windows Spites...Drawing Window Sprites
[2024-01-24 15:29:33,762] [MainProcess/MainThread/INFO] (shell_startup.py/update) Clearing background
[2024-01-24 15:29:33,762] [MainProcess/MainThread/INFO] (shell_startup.py/update) Creating Sprites...Drawing Background Sprites
[2024-01-24 15:29:33,762] [MainProcess/MainThread/INFO] (shell_startup.py/update) Creating Windows Spites...Drawing Window Sprites
[2024-01-24 15:29:33,780] [MainProcess/MainThread/INFO] (shell_startup.py/update) Clearing background
[2024-01-24 15:29:33,780] [MainProcess/MainThread/INFO] (shell_startup.py/update) Creating Sprites...Drawing Background Sprites
[2024-01-24 15:29:33,780] [MainProcess/MainThread/INFO] (shell_startup.py/update) Creating Windows Spites...Drawing Window Sprites
[2024-01-24 15:29:33,798] [MainProcess/MainThread/INFO] (shell_startup.py/update) Clearing background
[2024-01-24 15:29:33,798] [MainProcess/MainThread/INFO] (shell_startup.py/update) Creating Sprites...Drawing Background Sprites
[2024-01-24 15:29:33,798] [MainProcess/MainThread/INFO] (shell_startup.py/update) Creating Windows Spites...Drawing Window Sprites
[2024-01-24 15:29:33,816] [MainProcess/MainThread/INFO] (shell_startup.py/update) Clearing background
[2024-01-24 15:29:33,816] [MainProcess/MainThread/INFO] (shell_startup.py/update) Creating Sprites...Drawing Background Sprites
[2024-01-24 15:29:33,816] [MainProcess/MainThread/INFO] (shell_startup.py/update) Creating Windows Spites...Drawing Window Sprites
[2024-01-24 15:29:33,835] [MainProcess/MainThread/INFO] (shell_startup.py/update) Clearing background
[2024-01-24 15:29:33,835] [MainProcess/MainThread/INFO] (shell_startup.py/update) Creating Sprites...Drawing Background Sprites
[2024-01-24 15:29:33,835] [MainProcess/MainThread/INFO] (shell_startup.py/update) Creating Windows Spites...Drawing Window Sprites
[2024-01-24 15:29:33,853] [MainProcess/MainThread/INFO] (shell_startup.py/update) Clearing background
[2024-01-24 15:29:33,853] [MainProcess/MainThread/INFO] (shell_startup.py/update) Creating Sprites...Drawing Background Sprites
[2024-01-24 15:29:33,853] [MainProcess/MainThread/INFO] (shell_startup.py/update) Creating Windows Spites...Drawing Window Sprites
[2024-01-24 15:29:33,871] [MainProcess/MainThread/INFO] (shell_startup.py/update) Clearing background
[2024-01-24 15:29:33,872] [MainProcess/MainThread/INFO] (shell_startup.py/update) Creating Sprites...Drawing Background Sprites
[2024-01-24 15:29:33,872] [MainProcess/MainThread/INFO] (shell_startup.py/update) Creating Windows Spites...Drawing Window Sprites
[2024-01-24 15:29:33,889] [MainProcess/MainThread/INFO] (shell_startup.py/update) Clearing background
[2024-01-24 15:29:33,890] [MainProcess/MainThread/INFO] (shell_startup.py/update) Creating Sprites...Drawing Background Sprites
[2024-01-24 15:29:33,890] [MainProcess/MainThread/INFO] (shell_startup.py/update) Creating Windows Spites...Drawing Window Sprites
[2024-01-24 15:29:33,907] [MainProcess/MainThread/INFO] (shell_startup.py/update) Clearing background
[2024-01-24 15:29:33,907] [MainProcess/MainThread/INFO] (shell_startup.py/update) Creating Sprites...Drawing Background Sprites
[2024-01-24 15:29:33,907] [MainProcess/MainThread/INFO] (shell_startup.py/update) Creating Windows Spites...Drawing Window Sprites
[2024-01-24 15:29:33,925] [MainProcess/MainThread/INFO] (shell_startup.py/update) Clearing background
[2024-01-24 15:29:33,925] [MainProcess/MainThread/INFO] (shell_startup.py/update) Creating Sprites...Drawing Background Sprites
[2024-01-24 15:29:33,925] [MainProcess/MainThread/INFO] (shell_startup.py/update) Creating Windows Spites...Drawing Window Sprites
[2024-01-24 15:29:33,943] [MainProcess/MainThread/INFO] (shell_startup.py/update) Clearing background
[2024-01-24 15:29:33,944] [MainProcess/MainThread/INFO] (shell_startup.py/update) Creating Sprites...Drawing Background Sprites
[2024-01-24 15:29:33,944] [MainProcess/MainThread/INFO] (shell_startup.py/update) Creating Windows Spites...Drawing Window Sprites
[2024-01-24 15:29:33,962] [MainProcess/MainThread/INFO] (shell_startup.py/update) Clearing background
[2024-01-24 15:29:33,962] [MainProcess/MainThread/INFO] (shell_startup.py/update) Creating Sprites...Drawing Background Sprites
[2024-01-24 15:29:33,962] [MainProcess/MainThread/INFO] (shell_startup.py/update) Creating Windows Spites...Drawing Window Sprites
[2024-01-24 15:29:33,980] [MainProcess/MainThread/INFO] (shell_startup.py/update) Clearing background
[2024-01-24 15:29:33,981] [MainProcess/MainThread/INFO] (shell_startup.py/update) Creating Sprites...Drawing Background Sprites
[2024-01-24 15:29:33,981] [MainProcess/MainThread/INFO] (shell_startup.py/update) Creating Windows Spites...Drawing Window Sprites
[2024-01-24 15:29:33,998] [MainProcess/MainThread/INFO] (shell_startup.py/update) Clearing background
[2024-01-24 15:29:33,999] [MainProcess/MainThread/INFO] (shell_startup.py/update) Creating Sprites...Drawing Background Sprites
[2024-01-24 15:29:33,999] [MainProcess/MainThread/INFO] (shell_startup.py/update) Creating Windows Spites...Drawing Window Sprites
[2024-01-24 15:29:34,017] [MainProcess/MainThread/INFO] (shell_startup.py/update) Clearing background
[2024-01-24 15:29:34,017] [MainProcess/MainThread/INFO] (shell_startup.py/update) Creating Sprites...Drawing Background Sprites
[2024-01-24 15:29:34,017] [MainProcess/MainThread/INFO] (shell_startup.py/update) Creating Windows Spites...Drawing Window Sprites
[2024-01-24 15:29:34,035] [MainProcess/MainThread/INFO] (shell_startup.py/update) Clearing background
[2024-01-24 15:29:34,035] [MainProcess/MainThread/INFO] (shell_startup.py/update) Creating Sprites...Drawing Background Sprites
[2024-01-24 15:29:34,035] [MainProcess/MainThread/INFO] (shell_startup.py/update) Creating Windows Spites...Drawing Window Sprites
[2024-01-24 15:29:34,053] [MainProcess/MainThread/INFO] (shell_startup.py/update) Clearing background
[2024-01-24 15:29:34,053] [MainProcess/MainThread/INFO] (shell_startup.py/update) Creating Sprites...Drawing Background Sprites
[2024-01-24 15:29:34,053] [MainProcess/MainThread/INFO] (shell_startup.py/update) Creating Windows Spites...Drawing Window Sprites
[2024-01-24 15:29:34,071] [MainProcess/MainThread/INFO] (shell_startup.py/update) Clearing background
[2024-01-24 15:29:34,072] [MainProcess/MainThread/INFO] (shell_startup.py/update) Creating Sprites...Drawing Background Sprites
[2024-01-24 15:29:34,072] [MainProcess/MainThread/INFO] (shell_startup.py/update) Creating Windows Spites...Drawing Window Sprites
[2024-01-24 15:29:34,090] [MainProcess/MainThread/INFO] (shell_startup.py/update) Clearing background
[2024-01-24 15:29:34,090] [MainProcess/MainThread/INFO] (shell_startup.py/update) Creating Sprites...Drawing Background Sprites
[2024-01-24 15:29:34,090] [MainProcess/MainThread/INFO] (shell_startup.py/update) Creating Windows Spites...Drawing Window Sprites
[2024-01-24 15:29:34,107] [MainProcess/MainThread/INFO] (shell_startup.py/update) Clearing background
[2024-01-24 15:29:34,107] [MainProcess/MainThread/INFO] (shell_startup.py/update) Creating Sprites...Drawing Background Sprites
[2024-01-24 15:29:34,107] [MainProcess/MainThread/INFO] (shell_startup.py/update) Creating Windows Spites...Drawing Window Sprites
[2024-01-24 15:29:34,126] [MainProcess/MainThread/INFO] (shell_startup.py/update) Clearing background
[2024-01-24 15:29:34,126] [MainProcess/MainThread/INFO] (shell_startup.py/update) Creating Sprites...Drawing Background Sprites
[2024-01-24 15:29:34,126] [MainProcess/MainThread/INFO] (shell_startup.py/update) Creating Windows Spites...Drawing Window Sprites
[2024-01-24 15:29:34,144] [MainProcess/MainThread/INFO] (shell_startup.py/update) Clearing background
[2024-01-24 15:29:34,144] [MainProcess/MainThread/INFO] (shell_startup.py/update) Creating Sprites...Drawing Background Sprites
[2024-01-24 15:29:34,144] [MainProcess/MainThread/INFO] (shell_startup.py/update) Creating Windows Spites...Drawing Window Sprites
[2024-01-24 15:29:34,162] [MainProcess/MainThread/INFO] (shell_startup.py/update) Clearing background
[2024-01-24 15:29:34,162] [MainProcess/MainThread/INFO] (shell_startup.py/update) Creating Sprites...Drawing Background Sprites
[2024-01-24 15:29:34,162] [MainProcess/MainThread/INFO] (shell_startup.py/update) Creating Windows Spites...Drawing Window Sprites
[2024-01-24 15:29:34,180] [MainProcess/MainThread/INFO] (shell_startup.py/update) Clearing background
[2024-01-24 15:29:34,181] [MainProcess/MainThread/INFO] (shell_startup.py/update) Creating Sprites...Drawing Background Sprites
[2024-01-24 15:29:34,181] [MainProcess/MainThread/INFO] (shell_startup.py/update) Creating Windows Spites...Drawing Window Sprites
[2024-01-24 15:29:34,198] [MainProcess/MainThread/INFO] (shell_startup.py/update) Clearing background
[2024-01-24 15:29:34,198] [MainProcess/MainThread/INFO] (shell_startup.py/update) Creating Sprites...Drawing Background Sprites
[2024-01-24 15:29:34,199] [MainProcess/MainThread/INFO] (shell_startup.py/update) Creating Windows Spites...Drawing Window Sprites
[2024-01-24 15:29:34,217] [MainProcess/MainThread/INFO] (shell_startup.py/update) Clearing background
[2024-01-24 15:29:34,217] [MainProcess/MainThread/INFO] (shell_startup.py/update) Creating Sprites...Drawing Background Sprites
[2024-01-24 15:29:34,217] [MainProcess/MainThread/INFO] (shell_startup.py/update) Creating Windows Spites...Drawing Window Sprites
[2024-01-24 15:29:34,235] [MainProcess/MainThread/INFO] (shell_startup.py/update) Clearing background
[2024-01-24 15:29:34,235] [MainProcess/MainThread/INFO] (shell_startup.py/update) Creating Sprites...Drawing Background Sprites
[2024-01-24 15:29:34,235] [MainProcess/MainThread/INFO] (shell_startup.py/update) Creating Windows Spites...Drawing Window Sprites
[2024-01-24 15:29:34,253] [MainProcess/MainThread/INFO] (shell_startup.py/update) Clearing background
[2024-01-24 15:29:34,253] [MainProcess/MainThread/INFO] (shell_startup.py/update) Creating Sprites...Drawing Background Sprites
[2024-01-24 15:29:34,253] [MainProcess/MainThread/INFO] (shell_startup.py/update) Creating Windows Spites...Drawing Window Sprites
[2024-01-24 15:29:34,272] [MainProcess/MainThread/INFO] (shell_startup.py/update) Clearing background
[2024-01-24 15:29:34,272] [MainProcess/MainThread/INFO] (shell_startup.py/update) Creating Sprites...Drawing Background Sprites
[2024-01-24 15:29:34,272] [MainProcess/MainThread/INFO] (shell_startup.py/update) Creating Windows Spites...Drawing Window Sprites
[2024-01-24 15:29:34,291] [MainProcess/MainThread/INFO] (shell_startup.py/update) Clearing background
[2024-01-24 15:29:34,291] [MainProcess/MainThread/INFO] (shell_startup.py/update) Creating Sprites...Drawing Background Sprites
[2024-01-24 15:29:34,291] [MainProcess/MainThread/INFO] (shell_startup.py/update) Creating Windows Spites...Drawing Window Sprites
[2024-01-24 15:29:34,308] [MainProcess/MainThread/INFO] (shell_startup.py/update) Clearing background
[2024-01-24 15:29:34,308] [MainProcess/MainThread/INFO] (shell_startup.py/update) Creating Sprites...Drawing Background Sprites
[2024-01-24 15:29:34,308] [MainProcess/MainThread/INFO] (shell_startup.py/update) Creating Windows Spites...Drawing Window Sprites
[2024-01-24 15:29:34,326] [MainProcess/MainThread/INFO] (shell_startup.py/update) Clearing background
[2024-01-24 15:29:34,326] [MainProcess/MainThread/INFO] (shell_startup.py/update) Creating Sprites...Drawing Background Sprites
[2024-01-24 15:29:34,326] [MainProcess/MainThread/INFO] (shell_startup.py/update) Creating Windows Spites...Drawing Window Sprites
[2024-01-24 15:29:34,344] [MainProcess/MainThread/INFO] (shell_startup.py/update) Clearing background
[2024-01-24 15:29:34,344] [MainProcess/MainThread/INFO] (shell_startup.py/update) Creating Sprites...Drawing Background Sprites
[2024-01-24 15:29:34,344] [MainProcess/MainThread/INFO] (shell_startup.py/update) Creating Windows Spites...Drawing Window Sprites
[2024-01-24 15:29:34,363] [MainProcess/MainThread/INFO] (shell_startup.py/update) Clearing background
[2024-01-24 15:29:34,363] [MainProcess/MainThread/INFO] (shell_startup.py/update) Creating Sprites...Drawing Background Sprites
[2024-01-24 15:29:34,363] [MainProcess/MainThread/INFO] (shell_startup.py/update) Creating Windows Spites...Drawing Window Sprites
[2024-01-24 15:29:34,380] [MainProcess/MainThread/INFO] (shell_startup.py/update) Clearing background
[2024-01-24 15:29:34,381] [MainProcess/MainThread/INFO] (shell_startup.py/update) Creating Sprites...Drawing Background Sprites
[2024-01-24 15:29:34,381] [MainProcess/MainThread/INFO] (shell_startup.py/update) Creating Windows Spites...Drawing Window Sprites
[2024-01-24 15:29:34,399] [MainProcess/MainThread/INFO] (shell_startup.py/update) Clearing background
[2024-01-24 15:29:34,399] [MainProcess/MainThread/INFO] (shell_startup.py/update) Creating Sprites...Drawing Background Sprites
[2024-01-24 15:29:34,399] [MainProcess/MainThread/INFO] (shell_startup.py/update) Creating Windows Spites...Drawing Window Sprites
[2024-01-24 15:29:34,417] [MainProcess/MainThread/INFO] (shell_startup.py/update) Clearing background
[2024-01-24 15:29:34,417] [MainProcess/MainThread/INFO] (shell_startup.py/update) Creating Sprites...Drawing Background Sprites
[2024-01-24 15:29:34,417] [MainProcess/MainThread/INFO] (shell_startup.py/update) Creating Windows Spites...Drawing Window Sprites
[2024-01-24 15:29:34,435] [MainProcess/MainThread/INFO] (shell_startup.py/update) Clearing background
[2024-01-24 15:29:34,435] [MainProcess/MainThread/INFO] (shell_startup.py/update) Creating Sprites...Drawing Background Sprites
[2024-01-24 15:29:34,435] [MainProcess/MainThread/INFO] (shell_startup.py/update) Creating Windows Spites...Drawing Window Sprites
[2024-01-24 15:29:34,453] [MainProcess/MainThread/INFO] (shell_startup.py/update) Clearing background
[2024-01-24 15:29:34,453] [MainProcess/MainThread/INFO] (shell_startup.py/update) Creating Sprites...Drawing Background Sprites
[2024-01-24 15:29:34,453] [MainProcess/MainThread/INFO] (shell_startup.py/update) Creating Windows Spites...Drawing Window Sprites
[2024-01-24 15:29:34,471] [MainProcess/MainThread/INFO] (shell_startup.py/update) Clearing background
[2024-01-24 15:29:34,471] [MainProcess/MainThread/INFO] (shell_startup.py/update) Creating Sprites...Drawing Background Sprites
[2024-01-24 15:29:34,471] [MainProcess/MainThread/INFO] (shell_startup.py/update) Creating Windows Spites...Drawing Window Sprites
[2024-01-24 15:29:34,490] [MainProcess/MainThread/INFO] (shell_startup.py/update) Clearing background
[2024-01-24 15:29:34,490] [MainProcess/MainThread/INFO] (shell_startup.py/update) Creating Sprites...Drawing Background Sprites
[2024-01-24 15:29:34,490] [MainProcess/MainThread/INFO] (shell_startup.py/update) Creating Windows Spites...Drawing Window Sprites
[2024-01-24 15:29:34,508] [MainProcess/MainThread/INFO] (shell_startup.py/update) Clearing background
[2024-01-24 15:29:34,508] [MainProcess/MainThread/INFO] (shell_startup.py/update) Creating Sprites...Drawing Background Sprites
[2024-01-24 15:29:34,508] [MainProcess/MainThread/INFO] (shell_startup.py/update) Creating Windows Spites...Drawing Window Sprites
[2024-01-24 15:29:34,527] [MainProcess/MainThread/INFO] (shell_startup.py/update) Clearing background
[2024-01-24 15:29:34,527] [MainProcess/MainThread/INFO] (shell_startup.py/update) Creating Sprites...Drawing Background Sprites
[2024-01-24 15:29:34,527] [MainProcess/MainThread/INFO] (shell_startup.py/update) Creating Windows Spites...Drawing Window Sprites
[2024-01-24 15:29:34,544] [MainProcess/MainThread/INFO] (shell_startup.py/update) Clearing background
[2024-01-24 15:29:34,544] [MainProcess/MainThread/INFO] (shell_startup.py/update) Creating Sprites...Drawing Background Sprites
[2024-01-24 15:29:34,544] [MainProcess/MainThread/INFO] (shell_startup.py/update) Creating Windows Spites...Drawing Window Sprites
[2024-01-24 15:29:34,562] [MainProcess/MainThread/INFO] (shell_startup.py/update) Clearing background
[2024-01-24 15:29:34,562] [MainProcess/MainThread/INFO] (shell_startup.py/update) Creating Sprites...Drawing Background Sprites
[2024-01-24 15:29:34,563] [MainProcess/MainThread/INFO] (shell_startup.py/update) Creating Windows Spites...Drawing Window Sprites
[2024-01-24 15:29:34,581] [MainProcess/MainThread/INFO] (shell_startup.py/update) Clearing background
[2024-01-24 15:29:34,581] [MainProcess/MainThread/INFO] (shell_startup.py/update) Creating Sprites...Drawing Background Sprites
[2024-01-24 15:29:34,581] [MainProcess/MainThread/INFO] (shell_startup.py/update) Creating Windows Spites...Drawing Window Sprites
[2024-01-24 15:29:34,599] [MainProcess/MainThread/INFO] (shell_startup.py/update) Clearing background
[2024-01-24 15:29:34,600] [MainProcess/MainThread/INFO] (shell_startup.py/update) Creating Sprites...Drawing Background Sprites
[2024-01-24 15:29:34,600] [MainProcess/MainThread/INFO] (shell_startup.py/update) Creating Windows Spites...Drawing Window Sprites
[2024-01-24 15:29:34,617] [MainProcess/MainThread/INFO] (shell_startup.py/update) Clearing background
[2024-01-24 15:29:34,617] [MainProcess/MainThread/INFO] (shell_startup.py/update) Creating Sprites...Drawing Background Sprites
[2024-01-24 15:29:34,617] [MainProcess/MainThread/INFO] (shell_startup.py/update) Creating Windows Spites...Drawing Window Sprites
[2024-01-24 15:29:34,635] [MainProcess/MainThread/INFO] (shell_startup.py/update) Clearing background
[2024-01-24 15:29:34,635] [MainProcess/MainThread/INFO] (shell_startup.py/update) Creating Sprites...Drawing Background Sprites
[2024-01-24 15:29:34,635] [MainProcess/MainThread/INFO] (shell_startup.py/update) Creating Windows Spites...Drawing Window Sprites
[2024-01-24 15:29:34,653] [MainProcess/MainThread/INFO] (shell_startup.py/update) Clearing background
[2024-01-24 15:29:34,653] [MainProcess/MainThread/INFO] (shell_startup.py/update) Creating Sprites...Drawing Background Sprites
[2024-01-24 15:29:34,653] [MainProcess/MainThread/INFO] (shell_startup.py/update) Creating Windows Spites...Drawing Window Sprites
[2024-01-24 15:29:34,671] [MainProcess/MainThread/INFO] (shell_startup.py/update) Clearing background
[2024-01-24 15:29:34,671] [MainProcess/MainThread/INFO] (shell_startup.py/update) Creating Sprites...Drawing Background Sprites
[2024-01-24 15:29:34,672] [MainProcess/MainThread/INFO] (shell_startup.py/update) Creating Windows Spites...Drawing Window Sprites
[2024-01-24 15:29:34,689] [MainProcess/MainThread/INFO] (shell_startup.py/update) Clearing background
[2024-01-24 15:29:34,690] [MainProcess/MainThread/INFO] (shell_startup.py/update) Creating Sprites...Drawing Background Sprites
[2024-01-24 15:29:34,690] [MainProcess/MainThread/INFO] (shell_startup.py/update) Creating Windows Spites...Drawing Window Sprites
[2024-01-24 15:29:34,708] [MainProcess/MainThread/INFO] (shell_startup.py/update) Clearing background
[2024-01-24 15:29:34,708] [MainProcess/MainThread/INFO] (shell_startup.py/update) Creating Sprites...Drawing Background Sprites
[2024-01-24 15:29:34,708] [MainProcess/MainThread/INFO] (shell_startup.py/update) Creating Windows Spites...Drawing Window Sprites
[2024-01-24 15:29:34,726] [MainProcess/MainThread/INFO] (shell_startup.py/update) Clearing background
[2024-01-24 15:29:34,726] [MainProcess/MainThread/INFO] (shell_startup.py/update) Creating Sprites...Drawing Background Sprites
[2024-01-24 15:29:34,726] [MainProcess/MainThread/INFO] (shell_startup.py/update) Creating Windows Spites...Drawing Window Sprites
[2024-01-24 15:29:34,744] [MainProcess/MainThread/INFO] (shell_startup.py/update) Clearing background
[2024-01-24 15:29:34,744] [MainProcess/MainThread/INFO] (shell_startup.py/update) Creating Sprites...Drawing Background Sprites
[2024-01-24 15:29:34,744] [MainProcess/MainThread/INFO] (shell_startup.py/update) Creating Windows Spites...Drawing Window Sprites
[2024-01-24 15:29:34,762] [MainProcess/MainThread/INFO] (shell_startup.py/update) Clearing background
[2024-01-24 15:29:34,762] [MainProcess/MainThread/INFO] (shell_startup.py/update) Creating Sprites...Drawing Background Sprites
[2024-01-24 15:29:34,762] [MainProcess/MainThread/INFO] (shell_startup.py/update) Creating Windows Spites...Drawing Window Sprites
[2024-01-24 15:29:34,780] [MainProcess/MainThread/INFO] (shell_startup.py/update) Clearing background
[2024-01-24 15:29:34,781] [MainProcess/MainThread/INFO] (shell_startup.py/update) Creating Sprites...Drawing Background Sprites
[2024-01-24 15:29:34,781] [MainProcess/MainThread/INFO] (shell_startup.py/update) Creating Windows Spites...Drawing Window Sprites
[2024-01-24 15:29:34,798] [MainProcess/MainThread/INFO] (shell_startup.py/update) Clearing background
[2024-01-24 15:29:34,798] [MainProcess/MainThread/INFO] (shell_startup.py/update) Creating Sprites...Drawing Background Sprites
[2024-01-24 15:29:34,798] [MainProcess/MainThread/INFO] (shell_startup.py/update) Creating Windows Spites...Drawing Window Sprites
[2024-01-24 15:29:34,817] [MainProcess/MainThread/INFO] (shell_startup.py/update) Clearing background
[2024-01-24 15:29:34,817] [MainProcess/MainThread/INFO] (shell_startup.py/update) Creating Sprites...Drawing Background Sprites
[2024-01-24 15:29:34,817] [MainProcess/MainThread/INFO] (shell_startup.py/update) Creating Windows Spites...Drawing Window Sprites
[2024-01-24 15:29:34,835] [MainProcess/MainThread/INFO] (shell_startup.py/update) Clearing background
[2024-01-24 15:29:34,835] [MainProcess/MainThread/INFO] (shell_startup.py/update) Creating Sprites...Drawing Background Sprites
[2024-01-24 15:29:34,835] [MainProcess/MainThread/INFO] (shell_startup.py/update) Creating Windows Spites...Drawing Window Sprites
[2024-01-24 15:29:34,854] [MainProcess/MainThread/INFO] (shell_startup.py/update) Clearing background
[2024-01-24 15:29:34,854] [MainProcess/MainThread/INFO] (shell_startup.py/update) Creating Sprites...Drawing Background Sprites
[2024-01-24 15:29:34,854] [MainProcess/MainThread/INFO] (shell_startup.py/update) Creating Windows Spites...Drawing Window Sprites
[2024-01-24 15:29:34,871] [MainProcess/MainThread/INFO] (shell_startup.py/update) Clearing background
[2024-01-24 15:29:34,872] [MainProcess/MainThread/INFO] (shell_startup.py/update) Creating Sprites...Drawing Background Sprites
[2024-01-24 15:29:34,872] [MainProcess/MainThread/INFO] (shell_startup.py/update) Creating Windows Spites...Drawing Window Sprites
[2024-01-24 15:29:34,889] [MainProcess/MainThread/INFO] (shell_startup.py/update) Clearing background
[2024-01-24 15:29:34,890] [MainProcess/MainThread/INFO] (shell_startup.py/update) Creating Sprites...Drawing Background Sprites
[2024-01-24 15:29:34,890] [MainProcess/MainThread/INFO] (shell_startup.py/update) Creating Windows Spites...Drawing Window Sprites
[2024-01-24 15:29:34,908] [MainProcess/MainThread/INFO] (shell_startup.py/update) Clearing background
[2024-01-24 15:29:34,908] [MainProcess/MainThread/INFO] (shell_startup.py/update) Creating Sprites...Drawing Background Sprites
[2024-01-24 15:29:34,908] [MainProcess/MainThread/INFO] (shell_startup.py/update) Creating Windows Spites...Drawing Window Sprites
[2024-01-24 15:29:34,926] [MainProcess/MainThread/INFO] (shell_startup.py/update) Clearing background
[2024-01-24 15:29:34,926] [MainProcess/MainThread/INFO] (shell_startup.py/update) Creating Sprites...Drawing Background Sprites
[2024-01-24 15:29:34,927] [MainProcess/MainThread/INFO] (shell_startup.py/update) Creating Windows Spites...Drawing Window Sprites
[2024-01-24 15:29:34,944] [MainProcess/MainThread/INFO] (shell_startup.py/update) Clearing background
[2024-01-24 15:29:34,945] [MainProcess/MainThread/INFO] (shell_startup.py/update) Creating Sprites...Drawing Background Sprites
[2024-01-24 15:29:34,945] [MainProcess/MainThread/INFO] (shell_startup.py/update) Creating Windows Spites...Drawing Window Sprites
[2024-01-24 15:29:34,962] [MainProcess/MainThread/INFO] (shell_startup.py/update) Clearing background
[2024-01-24 15:29:34,963] [MainProcess/MainThread/INFO] (shell_startup.py/update) Creating Sprites...Drawing Background Sprites
[2024-01-24 15:29:34,963] [MainProcess/MainThread/INFO] (shell_startup.py/update) Creating Windows Spites...Drawing Window Sprites
[2024-01-24 15:29:34,981] [MainProcess/MainThread/INFO] (shell_startup.py/update) Clearing background
[2024-01-24 15:29:34,981] [MainProcess/MainThread/INFO] (shell_startup.py/update) Creating Sprites...Drawing Background Sprites
[2024-01-24 15:29:34,982] [MainProcess/MainThread/INFO] (shell_startup.py/update) Creating Windows Spites...Drawing Window Sprites
[2024-01-24 15:29:34,999] [MainProcess/MainThread/INFO] (shell_startup.py/update) Clearing background
[2024-01-24 15:29:34,999] [MainProcess/MainThread/INFO] (shell_startup.py/update) Creating Sprites...Drawing Background Sprites
[2024-01-24 15:29:35,000] [MainProcess/MainThread/INFO] (shell_startup.py/update) Creating Windows Spites...Drawing Window Sprites
[2024-01-24 15:29:35,018] [MainProcess/MainThread/INFO] (shell_startup.py/update) Clearing background
[2024-01-24 15:29:35,018] [MainProcess/MainThread/INFO] (shell_startup.py/update) Creating Sprites...Drawing Background Sprites
[2024-01-24 15:29:35,018] [MainProcess/MainThread/INFO] (shell_startup.py/update) Creating Windows Spites...Drawing Window Sprites
[2024-01-24 15:29:35,036] [MainProcess/MainThread/INFO] (shell_startup.py/update) Clearing background
[2024-01-24 15:29:35,036] [MainProcess/MainThread/INFO] (shell_startup.py/update) Creating Sprites...Drawing Background Sprites
[2024-01-24 15:29:35,036] [MainProcess/MainThread/INFO] (shell_startup.py/update) Creating Windows Spites...Drawing Window Sprites
[2024-01-24 15:29:35,053] [MainProcess/MainThread/INFO] (shell_startup.py/update) Clearing background
[2024-01-24 15:29:35,054] [MainProcess/MainThread/INFO] (shell_startup.py/update) Creating Sprites...Drawing Background Sprites
[2024-01-24 15:29:35,054] [MainProcess/MainThread/INFO] (shell_startup.py/update) Creating Windows Spites...Drawing Window Sprites
[2024-01-24 15:29:35,072] [MainProcess/MainThread/INFO] (shell_startup.py/update) Clearing background
[2024-01-24 15:29:35,072] [MainProcess/MainThread/INFO] (shell_startup.py/update) Creating Sprites...Drawing Background Sprites
[2024-01-24 15:29:35,072] [MainProcess/MainThread/INFO] (shell_startup.py/update) Creating Windows Spites...Drawing Window Sprites
[2024-01-24 15:29:35,089] [MainProcess/MainThread/INFO] (shell_startup.py/update) Clearing background
[2024-01-24 15:29:35,090] [MainProcess/MainThread/INFO] (shell_startup.py/update) Creating Sprites...Drawing Background Sprites
[2024-01-24 15:29:35,090] [MainProcess/MainThread/INFO] (shell_startup.py/update) Creating Windows Spites...Drawing Window Sprites
[2024-01-24 15:29:35,108] [MainProcess/MainThread/INFO] (shell_startup.py/update) Clearing background
[2024-01-24 15:29:35,108] [MainProcess/MainThread/INFO] (shell_startup.py/update) Creating Sprites...Drawing Background Sprites
[2024-01-24 15:29:35,108] [MainProcess/MainThread/INFO] (shell_startup.py/update) Creating Windows Spites...Drawing Window Sprites
[2024-01-24 15:29:35,126] [MainProcess/MainThread/INFO] (shell_startup.py/update) Clearing background
[2024-01-24 15:29:35,127] [MainProcess/MainThread/INFO] (shell_startup.py/update) Creating Sprites...Drawing Background Sprites
[2024-01-24 15:29:35,127] [MainProcess/MainThread/INFO] (shell_startup.py/update) Creating Windows Spites...Drawing Window Sprites
[2024-01-24 15:29:35,144] [MainProcess/MainThread/INFO] (shell_startup.py/update) Clearing background
[2024-01-24 15:29:35,144] [MainProcess/MainThread/INFO] (shell_startup.py/update) Creating Sprites...Drawing Background Sprites
[2024-01-24 15:29:35,144] [MainProcess/MainThread/INFO] (shell_startup.py/update) Creating Windows Spites...Drawing Window Sprites
[2024-01-24 15:29:35,163] [MainProcess/MainThread/INFO] (shell_startup.py/update) Clearing background
[2024-01-24 15:29:35,163] [MainProcess/MainThread/INFO] (shell_startup.py/update) Creating Sprites...Drawing Background Sprites
[2024-01-24 15:29:35,163] [MainProcess/MainThread/INFO] (shell_startup.py/update) Creating Windows Spites...Drawing Window Sprites
[2024-01-24 15:29:35,181] [MainProcess/MainThread/INFO] (shell_startup.py/update) Clearing background
[2024-01-24 15:29:35,181] [MainProcess/MainThread/INFO] (shell_startup.py/update) Creating Sprites...Drawing Background Sprites
[2024-01-24 15:29:35,181] [MainProcess/MainThread/INFO] (shell_startup.py/update) Creating Windows Spites...Drawing Window Sprites
[2024-01-24 15:29:35,199] [MainProcess/MainThread/INFO] (shell_startup.py/update) Clearing background
[2024-01-24 15:29:35,199] [MainProcess/MainThread/INFO] (shell_startup.py/update) Creating Sprites...Drawing Background Sprites
[2024-01-24 15:29:35,200] [MainProcess/MainThread/INFO] (shell_startup.py/update) Creating Windows Spites...Drawing Window Sprites
[2024-01-24 15:29:35,218] [MainProcess/MainThread/INFO] (shell_startup.py/update) Clearing background
[2024-01-24 15:29:35,218] [MainProcess/MainThread/INFO] (shell_startup.py/update) Creating Sprites...Drawing Background Sprites
[2024-01-24 15:29:35,218] [MainProcess/MainThread/INFO] (shell_startup.py/update) Creating Windows Spites...Drawing Window Sprites
[2024-01-24 15:29:35,235] [MainProcess/MainThread/INFO] (shell_startup.py/update) Clearing background
[2024-01-24 15:29:35,236] [MainProcess/MainThread/INFO] (shell_startup.py/update) Creating Sprites...Drawing Background Sprites
[2024-01-24 15:29:35,236] [MainProcess/MainThread/INFO] (shell_startup.py/update) Creating Windows Spites...Drawing Window Sprites
[2024-01-24 15:29:35,254] [MainProcess/MainThread/INFO] (shell_startup.py/update) Clearing background
[2024-01-24 15:29:35,254] [MainProcess/MainThread/INFO] (shell_startup.py/update) Creating Sprites...Drawing Background Sprites
[2024-01-24 15:29:35,254] [MainProcess/MainThread/INFO] (shell_startup.py/update) Creating Windows Spites...Drawing Window Sprites
[2024-01-24 15:29:35,272] [MainProcess/MainThread/INFO] (shell_startup.py/update) Clearing background
[2024-01-24 15:29:35,273] [MainProcess/MainThread/INFO] (shell_startup.py/update) Creating Sprites...Drawing Background Sprites
[2024-01-24 15:29:35,273] [MainProcess/MainThread/INFO] (shell_startup.py/update) Creating Windows Spites...Drawing Window Sprites
[2024-01-24 15:29:35,290] [MainProcess/MainThread/INFO] (shell_startup.py/update) Clearing background
[2024-01-24 15:29:35,291] [MainProcess/MainThread/INFO] (shell_startup.py/update) Creating Sprites...Drawing Background Sprites
[2024-01-24 15:29:35,291] [MainProcess/MainThread/INFO] (shell_startup.py/update) Creating Windows Spites...Drawing Window Sprites
[2024-01-24 15:29:35,309] [MainProcess/MainThread/INFO] (shell_startup.py/update) Clearing background
[2024-01-24 15:29:35,309] [MainProcess/MainThread/INFO] (shell_startup.py/update) Creating Sprites...Drawing Background Sprites
[2024-01-24 15:29:35,309] [MainProcess/MainThread/INFO] (shell_startup.py/update) Creating Windows Spites...Drawing Window Sprites
[2024-01-24 15:29:35,326] [MainProcess/MainThread/INFO] (shell_startup.py/update) Clearing background
[2024-01-24 15:29:35,327] [MainProcess/MainThread/INFO] (shell_startup.py/update) Creating Sprites...Drawing Background Sprites
[2024-01-24 15:29:35,327] [MainProcess/MainThread/INFO] (shell_startup.py/update) Creating Windows Spites...Drawing Window Sprites
[2024-01-24 15:29:35,345] [MainProcess/MainThread/INFO] (shell_startup.py/update) Clearing background
[2024-01-24 15:29:35,345] [MainProcess/MainThread/INFO] (shell_startup.py/update) Creating Sprites...Drawing Background Sprites
[2024-01-24 15:29:35,345] [MainProcess/MainThread/INFO] (shell_startup.py/update) Creating Windows Spites...Drawing Window Sprites
[2024-01-24 15:29:35,364] [MainProcess/MainThread/INFO] (shell_startup.py/update) Clearing background
[2024-01-24 15:29:35,364] [MainProcess/MainThread/INFO] (shell_startup.py/update) Creating Sprites...Drawing Background Sprites
[2024-01-24 15:29:35,364] [MainProcess/MainThread/INFO] (shell_startup.py/update) Creating Windows Spites...Drawing Window Sprites
[2024-01-24 15:29:35,381] [MainProcess/MainThread/INFO] (shell_startup.py/update) Clearing background
[2024-01-24 15:29:35,381] [MainProcess/MainThread/INFO] (shell_startup.py/update) Creating Sprites...Drawing Background Sprites
[2024-01-24 15:29:35,382] [MainProcess/MainThread/INFO] (shell_startup.py/update) Creating Windows Spites...Drawing Window Sprites
[2024-01-24 15:29:35,400] [MainProcess/MainThread/INFO] (shell_startup.py/update) Clearing background
[2024-01-24 15:29:35,400] [MainProcess/MainThread/INFO] (shell_startup.py/update) Creating Sprites...Drawing Background Sprites
[2024-01-24 15:29:35,400] [MainProcess/MainThread/INFO] (shell_startup.py/update) Creating Windows Spites...Drawing Window Sprites
[2024-01-24 15:29:35,417] [MainProcess/MainThread/INFO] (shell_startup.py/update) Clearing background
[2024-01-24 15:29:35,417] [MainProcess/MainThread/INFO] (shell_startup.py/update) Creating Sprites...Drawing Background Sprites
[2024-01-24 15:29:35,418] [MainProcess/MainThread/INFO] (shell_startup.py/update) Creating Windows Spites...Drawing Window Sprites
[2024-01-24 15:29:35,435] [MainProcess/MainThread/INFO] (shell_startup.py/update) Clearing background
[2024-01-24 15:29:35,435] [MainProcess/MainThread/INFO] (shell_startup.py/update) Creating Sprites...Drawing Background Sprites
[2024-01-24 15:29:35,437] [MainProcess/MainThread/INFO] (shell_startup.py/update) Creating Windows Spites...Drawing Window Sprites
[2024-01-24 15:29:35,454] [MainProcess/MainThread/INFO] (shell_startup.py/update) Clearing background
[2024-01-24 15:29:35,454] [MainProcess/MainThread/INFO] (shell_startup.py/update) Creating Sprites...Drawing Background Sprites
[2024-01-24 15:29:35,454] [MainProcess/MainThread/INFO] (shell_startup.py/update) Creating Windows Spites...Drawing Window Sprites
[2024-01-24 15:29:35,472] [MainProcess/MainThread/INFO] (shell_startup.py/update) Clearing background
[2024-01-24 15:29:35,472] [MainProcess/MainThread/INFO] (shell_startup.py/update) Creating Sprites...Drawing Background Sprites
[2024-01-24 15:29:35,472] [MainProcess/MainThread/INFO] (shell_startup.py/update) Creating Windows Spites...Drawing Window Sprites
[2024-01-24 15:29:35,490] [MainProcess/MainThread/INFO] (shell_startup.py/update) Clearing background
[2024-01-24 15:29:35,490] [MainProcess/MainThread/INFO] (shell_startup.py/update) Creating Sprites...Drawing Background Sprites
[2024-01-24 15:29:35,491] [MainProcess/MainThread/INFO] (shell_startup.py/update) Creating Windows Spites...Drawing Window Sprites
[2024-01-24 15:29:35,903] [MainProcess/MainThread/INFO] (shell_startup.py/update) Clearing background
[2024-01-24 15:29:35,903] [MainProcess/MainThread/INFO] (shell_startup.py/update) Creating Sprites...Drawing Background Sprites
[2024-01-24 15:29:35,903] [MainProcess/MainThread/INFO] (shell_startup.py/update) Creating Windows Spites...Drawing Window Sprites
[2024-01-24 15:29:35,928] [MainProcess/MainThread/INFO] (shell_startup.py/update) Clearing background
[2024-01-24 15:29:35,928] [MainProcess/MainThread/INFO] (shell_startup.py/update) Creating Sprites...Drawing Background Sprites
[2024-01-24 15:29:35,928] [MainProcess/MainThread/INFO] (shell_startup.py/update) Creating Windows Spites...Drawing Window Sprites
[2024-01-24 15:29:35,947] [MainProcess/MainThread/INFO] (shell_startup.py/update) Clearing background
[2024-01-24 15:29:35,947] [MainProcess/MainThread/INFO] (shell_startup.py/update) Creating Sprites...Drawing Background Sprites
[2024-01-24 15:29:35,947] [MainProcess/MainThread/INFO] (shell_startup.py/update) Creating Windows Spites...Drawing Window Sprites
[2024-01-24 15:29:35,964] [MainProcess/MainThread/INFO] (shell_startup.py/update) Clearing background
[2024-01-24 15:29:35,964] [MainProcess/MainThread/INFO] (shell_startup.py/update) Creating Sprites...Drawing Background Sprites
[2024-01-24 15:29:35,964] [MainProcess/MainThread/INFO] (shell_startup.py/update) Creating Windows Spites...Drawing Window Sprites
[2024-01-24 15:29:35,983] [MainProcess/MainThread/INFO] (shell_startup.py/update) Clearing background
[2024-01-24 15:29:35,983] [MainProcess/MainThread/INFO] (shell_startup.py/update) Creating Sprites...Drawing Background Sprites
[2024-01-24 15:29:35,983] [MainProcess/MainThread/INFO] (shell_startup.py/update) Creating Windows Spites...Drawing Window Sprites
[2024-01-24 15:29:36,001] [MainProcess/MainThread/INFO] (shell_startup.py/update) Clearing background
[2024-01-24 15:29:36,001] [MainProcess/MainThread/INFO] (shell_startup.py/update) Creating Sprites...Drawing Background Sprites
[2024-01-24 15:29:36,001] [MainProcess/MainThread/INFO] (shell_startup.py/update) Creating Windows Spites...Drawing Window Sprites
[2024-01-24 15:29:36,019] [MainProcess/MainThread/INFO] (shell_startup.py/update) Clearing background
[2024-01-24 15:29:36,019] [MainProcess/MainThread/INFO] (shell_startup.py/update) Creating Sprites...Drawing Background Sprites
[2024-01-24 15:29:36,019] [MainProcess/MainThread/INFO] (shell_startup.py/update) Creating Windows Spites...Drawing Window Sprites
[2024-01-24 15:29:36,038] [MainProcess/MainThread/INFO] (shell_startup.py/update) Clearing background
[2024-01-24 15:29:36,038] [MainProcess/MainThread/INFO] (shell_startup.py/update) Creating Sprites...Drawing Background Sprites
[2024-01-24 15:29:36,038] [MainProcess/MainThread/INFO] (shell_startup.py/update) Creating Windows Spites...Drawing Window Sprites
[2024-01-24 15:29:36,055] [MainProcess/MainThread/INFO] (shell_startup.py/update) Clearing background
[2024-01-24 15:29:36,056] [MainProcess/MainThread/INFO] (shell_startup.py/update) Creating Sprites...Drawing Background Sprites
[2024-01-24 15:29:36,056] [MainProcess/MainThread/INFO] (shell_startup.py/update) Creating Windows Spites...Drawing Window Sprites
[2024-01-24 15:29:36,074] [MainProcess/MainThread/INFO] (shell_startup.py/update) Clearing background
[2024-01-24 15:29:36,074] [MainProcess/MainThread/INFO] (shell_startup.py/update) Creating Sprites...Drawing Background Sprites
[2024-01-24 15:29:36,074] [MainProcess/MainThread/INFO] (shell_startup.py/update) Creating Windows Spites...Drawing Window Sprites
[2024-01-24 15:29:36,092] [MainProcess/MainThread/INFO] (shell_startup.py/update) Clearing background
[2024-01-24 15:29:36,092] [MainProcess/MainThread/INFO] (shell_startup.py/update) Creating Sprites...Drawing Background Sprites
[2024-01-24 15:29:36,092] [MainProcess/MainThread/INFO] (shell_startup.py/update) Creating Windows Spites...Drawing Window Sprites
[2024-01-24 15:29:36,109] [MainProcess/MainThread/INFO] (shell_startup.py/update) Clearing background
[2024-01-24 15:29:36,110] [MainProcess/MainThread/INFO] (shell_startup.py/update) Creating Sprites...Drawing Background Sprites
[2024-01-24 15:29:36,110] [MainProcess/MainThread/INFO] (shell_startup.py/update) Creating Windows Spites...Drawing Window Sprites
[2024-01-24 15:29:36,127] [MainProcess/MainThread/INFO] (shell_startup.py/update) Clearing background
[2024-01-24 15:29:36,128] [MainProcess/MainThread/INFO] (shell_startup.py/update) Creating Sprites...Drawing Background Sprites
[2024-01-24 15:29:36,128] [MainProcess/MainThread/INFO] (shell_startup.py/update) Creating Windows Spites...Drawing Window Sprites
[2024-01-24 15:29:36,146] [MainProcess/MainThread/INFO] (shell_startup.py/update) Clearing background
[2024-01-24 15:29:36,146] [MainProcess/MainThread/INFO] (shell_startup.py/update) Creating Sprites...Drawing Background Sprites
[2024-01-24 15:29:36,146] [MainProcess/MainThread/INFO] (shell_startup.py/update) Creating Windows Spites...Drawing Window Sprites
[2024-01-24 15:29:36,164] [MainProcess/MainThread/INFO] (shell_startup.py/update) Clearing background
[2024-01-24 15:29:36,164] [MainProcess/MainThread/INFO] (shell_startup.py/update) Creating Sprites...Drawing Background Sprites
[2024-01-24 15:29:36,164] [MainProcess/MainThread/INFO] (shell_startup.py/update) Creating Windows Spites...Drawing Window Sprites
[2024-01-24 15:29:36,182] [MainProcess/MainThread/INFO] (shell_startup.py/update) Clearing background
[2024-01-24 15:29:36,182] [MainProcess/MainThread/INFO] (shell_startup.py/update) Creating Sprites...Drawing Background Sprites
[2024-01-24 15:29:36,183] [MainProcess/MainThread/INFO] (shell_startup.py/update) Creating Windows Spites...Drawing Window Sprites
[2024-01-24 15:29:36,202] [MainProcess/MainThread/INFO] (shell_startup.py/update) Clearing background
[2024-01-24 15:29:36,202] [MainProcess/MainThread/INFO] (shell_startup.py/update) Creating Sprites...Drawing Background Sprites
[2024-01-24 15:29:36,202] [MainProcess/MainThread/INFO] (shell_startup.py/update) Creating Windows Spites...Drawing Window Sprites
[2024-01-24 15:29:36,219] [MainProcess/MainThread/INFO] (shell_startup.py/update) Clearing background
[2024-01-24 15:29:36,220] [MainProcess/MainThread/INFO] (shell_startup.py/update) Creating Sprites...Drawing Background Sprites
[2024-01-24 15:29:36,220] [MainProcess/MainThread/INFO] (shell_startup.py/update) Creating Windows Spites...Drawing Window Sprites
[2024-01-24 15:29:36,238] [MainProcess/MainThread/INFO] (shell_startup.py/update) Clearing background
[2024-01-24 15:29:36,238] [MainProcess/MainThread/INFO] (shell_startup.py/update) Creating Sprites...Drawing Background Sprites
[2024-01-24 15:29:36,238] [MainProcess/MainThread/INFO] (shell_startup.py/update) Creating Windows Spites...Drawing Window Sprites
[2024-01-24 15:29:36,256] [MainProcess/MainThread/INFO] (shell_startup.py/update) Clearing background
[2024-01-24 15:29:36,256] [MainProcess/MainThread/INFO] (shell_startup.py/update) Creating Sprites...Drawing Background Sprites
[2024-01-24 15:29:36,256] [MainProcess/MainThread/INFO] (shell_startup.py/update) Creating Windows Spites...Drawing Window Sprites
[2024-01-24 15:29:36,274] [MainProcess/MainThread/INFO] (shell_startup.py/update) Clearing background
[2024-01-24 15:29:36,274] [MainProcess/MainThread/INFO] (shell_startup.py/update) Creating Sprites...Drawing Background Sprites
[2024-01-24 15:29:36,274] [MainProcess/MainThread/INFO] (shell_startup.py/update) Creating Windows Spites...Drawing Window Sprites
[2024-01-24 15:29:36,292] [MainProcess/MainThread/INFO] (shell_startup.py/update) Clearing background
[2024-01-24 15:29:36,293] [MainProcess/MainThread/INFO] (shell_startup.py/update) Creating Sprites...Drawing Background Sprites
[2024-01-24 15:29:36,293] [MainProcess/MainThread/INFO] (shell_startup.py/update) Creating Windows Spites...Drawing Window Sprites
[2024-01-24 15:29:36,310] [MainProcess/MainThread/INFO] (shell_startup.py/update) Clearing background
[2024-01-24 15:29:36,311] [MainProcess/MainThread/INFO] (shell_startup.py/update) Creating Sprites...Drawing Background Sprites
[2024-01-24 15:29:36,311] [MainProcess/MainThread/INFO] (shell_startup.py/update) Creating Windows Spites...Drawing Window Sprites
[2024-01-24 15:29:36,329] [MainProcess/MainThread/INFO] (shell_startup.py/update) Clearing background
[2024-01-24 15:29:36,329] [MainProcess/MainThread/INFO] (shell_startup.py/update) Creating Sprites...Drawing Background Sprites
[2024-01-24 15:29:36,329] [MainProcess/MainThread/INFO] (shell_startup.py/update) Creating Windows Spites...Drawing Window Sprites
[2024-01-24 15:29:36,346] [MainProcess/MainThread/INFO] (shell_startup.py/update) Clearing background
[2024-01-24 15:29:36,346] [MainProcess/MainThread/INFO] (shell_startup.py/update) Creating Sprites...Drawing Background Sprites
[2024-01-24 15:29:36,346] [MainProcess/MainThread/INFO] (shell_startup.py/update) Creating Windows Spites...Drawing Window Sprites
[2024-01-24 15:29:36,365] [MainProcess/MainThread/INFO] (shell_startup.py/update) Clearing background
[2024-01-24 15:29:36,365] [MainProcess/MainThread/INFO] (shell_startup.py/update) Creating Sprites...Drawing Background Sprites
[2024-01-24 15:29:36,365] [MainProcess/MainThread/INFO] (shell_startup.py/update) Creating Windows Spites...Drawing Window Sprites
[2024-01-24 15:29:36,383] [MainProcess/MainThread/INFO] (shell_startup.py/update) Clearing background
[2024-01-24 15:29:36,383] [MainProcess/MainThread/INFO] (shell_startup.py/update) Creating Sprites...Drawing Background Sprites
[2024-01-24 15:29:36,383] [MainProcess/MainThread/INFO] (shell_startup.py/update) Creating Windows Spites...Drawing Window Sprites
[2024-01-24 15:29:36,401] [MainProcess/MainThread/INFO] (shell_startup.py/update) Clearing background
[2024-01-24 15:29:36,401] [MainProcess/MainThread/INFO] (shell_startup.py/update) Creating Sprites...Drawing Background Sprites
[2024-01-24 15:29:36,402] [MainProcess/MainThread/INFO] (shell_startup.py/update) Creating Windows Spites...Drawing Window Sprites
[2024-01-24 15:29:36,419] [MainProcess/MainThread/INFO] (shell_startup.py/update) Clearing background
[2024-01-24 15:29:36,419] [MainProcess/MainThread/INFO] (shell_startup.py/update) Creating Sprites...Drawing Background Sprites
[2024-01-24 15:29:36,419] [MainProcess/MainThread/INFO] (shell_startup.py/update) Creating Windows Spites...Drawing Window Sprites
[2024-01-24 15:29:36,437] [MainProcess/MainThread/INFO] (shell_startup.py/update) Clearing background
[2024-01-24 15:29:36,438] [MainProcess/MainThread/INFO] (shell_startup.py/update) Creating Sprites...Drawing Background Sprites
[2024-01-24 15:29:36,438] [MainProcess/MainThread/INFO] (shell_startup.py/update) Creating Windows Spites...Drawing Window Sprites
[2024-01-24 15:29:36,455] [MainProcess/MainThread/INFO] (shell_startup.py/update) Clearing background
[2024-01-24 15:29:36,455] [MainProcess/MainThread/INFO] (shell_startup.py/update) Creating Sprites...Drawing Background Sprites
[2024-01-24 15:29:36,455] [MainProcess/MainThread/INFO] (shell_startup.py/update) Creating Windows Spites...Drawing Window Sprites
[2024-01-24 15:29:36,474] [MainProcess/MainThread/INFO] (shell_startup.py/update) Clearing background
[2024-01-24 15:29:36,474] [MainProcess/MainThread/INFO] (shell_startup.py/update) Creating Sprites...Drawing Background Sprites
[2024-01-24 15:29:36,474] [MainProcess/MainThread/INFO] (shell_startup.py/update) Creating Windows Spites...Drawing Window Sprites
[2024-01-24 15:29:36,492] [MainProcess/MainThread/INFO] (shell_startup.py/update) Clearing background
[2024-01-24 15:29:36,492] [MainProcess/MainThread/INFO] (shell_startup.py/update) Creating Sprites...Drawing Background Sprites
[2024-01-24 15:29:36,492] [MainProcess/MainThread/INFO] (shell_startup.py/update) Creating Windows Spites...Drawing Window Sprites
[2024-01-24 15:29:36,511] [MainProcess/MainThread/INFO] (shell_startup.py/update) Clearing background
[2024-01-24 15:29:36,511] [MainProcess/MainThread/INFO] (shell_startup.py/update) Creating Sprites...Drawing Background Sprites
[2024-01-24 15:29:36,511] [MainProcess/MainThread/INFO] (shell_startup.py/update) Creating Windows Spites...Drawing Window Sprites
[2024-01-24 15:29:36,528] [MainProcess/MainThread/INFO] (shell_startup.py/update) Clearing background
[2024-01-24 15:29:36,528] [MainProcess/MainThread/INFO] (shell_startup.py/update) Creating Sprites...Drawing Background Sprites
[2024-01-24 15:29:36,529] [MainProcess/MainThread/INFO] (shell_startup.py/update) Creating Windows Spites...Drawing Window Sprites
[2024-01-24 15:29:36,546] [MainProcess/MainThread/INFO] (shell_startup.py/update) Clearing background
[2024-01-24 15:29:36,547] [MainProcess/MainThread/INFO] (shell_startup.py/update) Creating Sprites...Drawing Background Sprites
[2024-01-24 15:29:36,547] [MainProcess/MainThread/INFO] (shell_startup.py/update) Creating Windows Spites...Drawing Window Sprites
[2024-01-24 15:29:36,565] [MainProcess/MainThread/INFO] (shell_startup.py/update) Clearing background
[2024-01-24 15:29:36,565] [MainProcess/MainThread/INFO] (shell_startup.py/update) Creating Sprites...Drawing Background Sprites
[2024-01-24 15:29:36,565] [MainProcess/MainThread/INFO] (shell_startup.py/update) Creating Windows Spites...Drawing Window Sprites
[2024-01-24 15:29:36,583] [MainProcess/MainThread/INFO] (shell_startup.py/update) Clearing background
[2024-01-24 15:29:36,583] [MainProcess/MainThread/INFO] (shell_startup.py/update) Creating Sprites...Drawing Background Sprites
[2024-01-24 15:29:36,583] [MainProcess/MainThread/INFO] (shell_startup.py/update) Creating Windows Spites...Drawing Window Sprites
[2024-01-24 15:29:36,601] [MainProcess/MainThread/INFO] (shell_startup.py/update) Clearing background
[2024-01-24 15:29:36,601] [MainProcess/MainThread/INFO] (shell_startup.py/update) Creating Sprites...Drawing Background Sprites
[2024-01-24 15:29:36,601] [MainProcess/MainThread/INFO] (shell_startup.py/update) Creating Windows Spites...Drawing Window Sprites
[2024-01-24 15:29:36,619] [MainProcess/MainThread/INFO] (shell_startup.py/update) Clearing background
[2024-01-24 15:29:36,619] [MainProcess/MainThread/INFO] (shell_startup.py/update) Creating Sprites...Drawing Background Sprites
[2024-01-24 15:29:36,619] [MainProcess/MainThread/INFO] (shell_startup.py/update) Creating Windows Spites...Drawing Window Sprites
[2024-01-24 15:29:36,638] [MainProcess/MainThread/INFO] (shell_startup.py/update) Clearing background
[2024-01-24 15:29:36,638] [MainProcess/MainThread/INFO] (shell_startup.py/update) Creating Sprites...Drawing Background Sprites
[2024-01-24 15:29:36,638] [MainProcess/MainThread/INFO] (shell_startup.py/update) Creating Windows Spites...Drawing Window Sprites
[2024-01-24 15:29:36,656] [MainProcess/MainThread/INFO] (shell_startup.py/update) Clearing background
[2024-01-24 15:29:36,656] [MainProcess/MainThread/INFO] (shell_startup.py/update) Creating Sprites...Drawing Background Sprites
[2024-01-24 15:29:36,657] [MainProcess/MainThread/INFO] (shell_startup.py/update) Creating Windows Spites...Drawing Window Sprites
[2024-01-24 15:29:36,674] [MainProcess/MainThread/INFO] (shell_startup.py/update) Clearing background
[2024-01-24 15:29:36,674] [MainProcess/MainThread/INFO] (shell_startup.py/update) Creating Sprites...Drawing Background Sprites
[2024-01-24 15:29:36,674] [MainProcess/MainThread/INFO] (shell_startup.py/update) Creating Windows Spites...Drawing Window Sprites
[2024-01-24 15:29:36,692] [MainProcess/MainThread/INFO] (shell_startup.py/update) Clearing background
[2024-01-24 15:29:36,692] [MainProcess/MainThread/INFO] (shell_startup.py/update) Creating Sprites...Drawing Background Sprites
[2024-01-24 15:29:36,692] [MainProcess/MainThread/INFO] (shell_startup.py/update) Creating Windows Spites...Drawing Window Sprites
[2024-01-24 15:29:36,710] [MainProcess/MainThread/INFO] (shell_startup.py/update) Clearing background
[2024-01-24 15:29:36,710] [MainProcess/MainThread/INFO] (shell_startup.py/update) Creating Sprites...Drawing Background Sprites
[2024-01-24 15:29:36,710] [MainProcess/MainThread/INFO] (shell_startup.py/update) Creating Windows Spites...Drawing Window Sprites
[2024-01-24 15:29:36,728] [MainProcess/MainThread/INFO] (shell_startup.py/update) Clearing background
[2024-01-24 15:29:36,728] [MainProcess/MainThread/INFO] (shell_startup.py/update) Creating Sprites...Drawing Background Sprites
[2024-01-24 15:29:36,728] [MainProcess/MainThread/INFO] (shell_startup.py/update) Creating Windows Spites...Drawing Window Sprites
[2024-01-24 15:29:36,747] [MainProcess/MainThread/INFO] (shell_startup.py/update) Clearing background
[2024-01-24 15:29:36,747] [MainProcess/MainThread/INFO] (shell_startup.py/update) Creating Sprites...Drawing Background Sprites
[2024-01-24 15:29:36,747] [MainProcess/MainThread/INFO] (shell_startup.py/update) Creating Windows Spites...Drawing Window Sprites
[2024-01-24 15:29:36,765] [MainProcess/MainThread/INFO] (shell_startup.py/update) Clearing background
[2024-01-24 15:29:36,765] [MainProcess/MainThread/INFO] (shell_startup.py/update) Creating Sprites...Drawing Background Sprites
[2024-01-24 15:29:36,765] [MainProcess/MainThread/INFO] (shell_startup.py/update) Creating Windows Spites...Drawing Window Sprites
[2024-01-24 15:29:36,784] [MainProcess/MainThread/INFO] (shell_startup.py/update) Clearing background
[2024-01-24 15:29:36,784] [MainProcess/MainThread/INFO] (shell_startup.py/update) Creating Sprites...Drawing Background Sprites
[2024-01-24 15:29:36,784] [MainProcess/MainThread/INFO] (shell_startup.py/update) Creating Windows Spites...Drawing Window Sprites
[2024-01-24 15:29:36,802] [MainProcess/MainThread/INFO] (shell_startup.py/update) Clearing background
[2024-01-24 15:29:36,802] [MainProcess/MainThread/INFO] (shell_startup.py/update) Creating Sprites...Drawing Background Sprites
[2024-01-24 15:29:36,802] [MainProcess/MainThread/INFO] (shell_startup.py/update) Creating Windows Spites...Drawing Window Sprites
[2024-01-24 15:29:36,819] [MainProcess/MainThread/INFO] (shell_startup.py/update) Clearing background
[2024-01-24 15:29:36,819] [MainProcess/MainThread/INFO] (shell_startup.py/update) Creating Sprites...Drawing Background Sprites
[2024-01-24 15:29:36,820] [MainProcess/MainThread/INFO] (shell_startup.py/update) Creating Windows Spites...Drawing Window Sprites
[2024-01-24 15:29:36,838] [MainProcess/MainThread/INFO] (shell_startup.py/update) Clearing background
[2024-01-24 15:29:36,838] [MainProcess/MainThread/INFO] (shell_startup.py/update) Creating Sprites...Drawing Background Sprites
[2024-01-24 15:29:36,838] [MainProcess/MainThread/INFO] (shell_startup.py/update) Creating Windows Spites...Drawing Window Sprites
[2024-01-24 15:29:36,856] [MainProcess/MainThread/INFO] (shell_startup.py/update) Clearing background
[2024-01-24 15:29:36,857] [MainProcess/MainThread/INFO] (shell_startup.py/update) Creating Sprites...Drawing Background Sprites
[2024-01-24 15:29:36,857] [MainProcess/MainThread/INFO] (shell_startup.py/update) Creating Windows Spites...Drawing Window Sprites
[2024-01-24 15:29:36,875] [MainProcess/MainThread/INFO] (shell_startup.py/update) Clearing background
[2024-01-24 15:29:36,875] [MainProcess/MainThread/INFO] (shell_startup.py/update) Creating Sprites...Drawing Background Sprites
[2024-01-24 15:29:36,875] [MainProcess/MainThread/INFO] (shell_startup.py/update) Creating Windows Spites...Drawing Window Sprites
[2024-01-24 15:29:36,892] [MainProcess/MainThread/INFO] (shell_startup.py/update) Clearing background
[2024-01-24 15:29:36,893] [MainProcess/MainThread/INFO] (shell_startup.py/update) Creating Sprites...Drawing Background Sprites
[2024-01-24 15:29:36,893] [MainProcess/MainThread/INFO] (shell_startup.py/update) Creating Windows Spites...Drawing Window Sprites
[2024-01-24 15:29:36,911] [MainProcess/MainThread/INFO] (shell_startup.py/update) Clearing background
[2024-01-24 15:29:36,911] [MainProcess/MainThread/INFO] (shell_startup.py/update) Creating Sprites...Drawing Background Sprites
[2024-01-24 15:29:36,911] [MainProcess/MainThread/INFO] (shell_startup.py/update) Creating Windows Spites...Drawing Window Sprites
[2024-01-24 15:29:36,929] [MainProcess/MainThread/INFO] (shell_startup.py/update) Clearing background
[2024-01-24 15:29:36,929] [MainProcess/MainThread/INFO] (shell_startup.py/update) Creating Sprites...Drawing Background Sprites
[2024-01-24 15:29:36,929] [MainProcess/MainThread/INFO] (shell_startup.py/update) Creating Windows Spites...Drawing Window Sprites
[2024-01-24 15:29:36,948] [MainProcess/MainThread/INFO] (shell_startup.py/update) Clearing background
[2024-01-24 15:29:36,948] [MainProcess/MainThread/INFO] (shell_startup.py/update) Creating Sprites...Drawing Background Sprites
[2024-01-24 15:29:36,948] [MainProcess/MainThread/INFO] (shell_startup.py/update) Creating Windows Spites...Drawing Window Sprites
[2024-01-24 15:29:36,966] [MainProcess/MainThread/INFO] (shell_startup.py/update) Clearing background
[2024-01-24 15:29:36,966] [MainProcess/MainThread/INFO] (shell_startup.py/update) Creating Sprites...Drawing Background Sprites
[2024-01-24 15:29:36,966] [MainProcess/MainThread/INFO] (shell_startup.py/update) Creating Windows Spites...Drawing Window Sprites
[2024-01-24 15:29:36,984] [MainProcess/MainThread/INFO] (shell_startup.py/update) Clearing background
[2024-01-24 15:29:36,984] [MainProcess/MainThread/INFO] (shell_startup.py/update) Creating Sprites...Drawing Background Sprites
[2024-01-24 15:29:36,984] [MainProcess/MainThread/INFO] (shell_startup.py/update) Creating Windows Spites...Drawing Window Sprites
[2024-01-24 15:29:37,002] [MainProcess/MainThread/INFO] (shell_startup.py/update) Clearing background
[2024-01-24 15:29:37,002] [MainProcess/MainThread/INFO] (shell_startup.py/update) Creating Sprites...Drawing Background Sprites
[2024-01-24 15:29:37,002] [MainProcess/MainThread/INFO] (shell_startup.py/update) Creating Windows Spites...Drawing Window Sprites
[2024-01-24 15:29:37,021] [MainProcess/MainThread/INFO] (shell_startup.py/update) Clearing background
[2024-01-24 15:29:37,021] [MainProcess/MainThread/INFO] (shell_startup.py/update) Creating Sprites...Drawing Background Sprites
[2024-01-24 15:29:37,021] [MainProcess/MainThread/INFO] (shell_startup.py/update) Creating Windows Spites...Drawing Window Sprites
[2024-01-24 15:29:37,039] [MainProcess/MainThread/INFO] (shell_startup.py/update) Clearing background
[2024-01-24 15:29:37,039] [MainProcess/MainThread/INFO] (shell_startup.py/update) Creating Sprites...Drawing Background Sprites
[2024-01-24 15:29:37,039] [MainProcess/MainThread/INFO] (shell_startup.py/update) Creating Windows Spites...Drawing Window Sprites
[2024-01-24 15:29:37,056] [MainProcess/MainThread/INFO] (shell_startup.py/update) Clearing background
[2024-01-24 15:29:37,056] [MainProcess/MainThread/INFO] (shell_startup.py/update) Creating Sprites...Drawing Background Sprites
[2024-01-24 15:29:37,056] [MainProcess/MainThread/INFO] (shell_startup.py/update) Creating Windows Spites...Drawing Window Sprites
[2024-01-24 15:29:37,075] [MainProcess/MainThread/INFO] (shell_startup.py/update) Clearing background
[2024-01-24 15:29:37,075] [MainProcess/MainThread/INFO] (shell_startup.py/update) Creating Sprites...Drawing Background Sprites
[2024-01-24 15:29:37,076] [MainProcess/MainThread/INFO] (shell_startup.py/update) Creating Windows Spites...Drawing Window Sprites
[2024-01-24 15:29:37,093] [MainProcess/MainThread/INFO] (shell_startup.py/update) Clearing background
[2024-01-24 15:29:37,094] [MainProcess/MainThread/INFO] (shell_startup.py/update) Creating Sprites...Drawing Background Sprites
[2024-01-24 15:29:37,094] [MainProcess/MainThread/INFO] (shell_startup.py/update) Creating Windows Spites...Drawing Window Sprites
[2024-01-24 15:29:37,112] [MainProcess/MainThread/INFO] (shell_startup.py/update) Clearing background
[2024-01-24 15:29:37,112] [MainProcess/MainThread/INFO] (shell_startup.py/update) Creating Sprites...Drawing Background Sprites
[2024-01-24 15:29:37,112] [MainProcess/MainThread/INFO] (shell_startup.py/update) Creating Windows Spites...Drawing Window Sprites
[2024-01-24 15:29:37,130] [MainProcess/MainThread/INFO] (shell_startup.py/update) Clearing background
[2024-01-24 15:29:37,130] [MainProcess/MainThread/INFO] (shell_startup.py/update) Creating Sprites...Drawing Background Sprites
[2024-01-24 15:29:37,130] [MainProcess/MainThread/INFO] (shell_startup.py/update) Creating Windows Spites...Drawing Window Sprites
[2024-01-24 15:29:37,148] [MainProcess/MainThread/INFO] (shell_startup.py/update) Clearing background
[2024-01-24 15:29:37,148] [MainProcess/MainThread/INFO] (shell_startup.py/update) Creating Sprites...Drawing Background Sprites
[2024-01-24 15:29:37,148] [MainProcess/MainThread/INFO] (shell_startup.py/update) Creating Windows Spites...Drawing Window Sprites
[2024-01-24 15:29:37,166] [MainProcess/MainThread/INFO] (shell_startup.py/update) Clearing background
[2024-01-24 15:29:37,166] [MainProcess/MainThread/INFO] (shell_startup.py/update) Creating Sprites...Drawing Background Sprites
[2024-01-24 15:29:37,166] [MainProcess/MainThread/INFO] (shell_startup.py/update) Creating Windows Spites...Drawing Window Sprites
[2024-01-24 15:29:37,184] [MainProcess/MainThread/INFO] (shell_startup.py/update) Clearing background
[2024-01-24 15:29:37,185] [MainProcess/MainThread/INFO] (shell_startup.py/update) Creating Sprites...Drawing Background Sprites
[2024-01-24 15:29:37,185] [MainProcess/MainThread/INFO] (shell_startup.py/update) Creating Windows Spites...Drawing Window Sprites
[2024-01-24 15:29:37,202] [MainProcess/MainThread/INFO] (shell_startup.py/update) Clearing background
[2024-01-24 15:29:37,202] [MainProcess/MainThread/INFO] (shell_startup.py/update) Creating Sprites...Drawing Background Sprites
[2024-01-24 15:29:37,202] [MainProcess/MainThread/INFO] (shell_startup.py/update) Creating Windows Spites...Drawing Window Sprites
[2024-01-24 15:29:37,220] [MainProcess/MainThread/INFO] (shell_startup.py/update) Clearing background
[2024-01-24 15:29:37,220] [MainProcess/MainThread/INFO] (shell_startup.py/update) Creating Sprites...Drawing Background Sprites
[2024-01-24 15:29:37,221] [MainProcess/MainThread/INFO] (shell_startup.py/update) Creating Windows Spites...Drawing Window Sprites
[2024-01-24 15:29:37,239] [MainProcess/MainThread/INFO] (shell_startup.py/update) Clearing background
[2024-01-24 15:29:37,239] [MainProcess/MainThread/INFO] (shell_startup.py/update) Creating Sprites...Drawing Background Sprites
[2024-01-24 15:29:37,239] [MainProcess/MainThread/INFO] (shell_startup.py/update) Creating Windows Spites...Drawing Window Sprites
[2024-01-24 15:29:37,257] [MainProcess/MainThread/INFO] (shell_startup.py/update) Clearing background
[2024-01-24 15:29:37,257] [MainProcess/MainThread/INFO] (shell_startup.py/update) Creating Sprites...Drawing Background Sprites
[2024-01-24 15:29:37,258] [MainProcess/MainThread/INFO] (shell_startup.py/update) Creating Windows Spites...Drawing Window Sprites
[2024-01-24 15:29:37,275] [MainProcess/MainThread/INFO] (shell_startup.py/update) Clearing background
[2024-01-24 15:29:37,275] [MainProcess/MainThread/INFO] (shell_startup.py/update) Creating Sprites...Drawing Background Sprites
[2024-01-24 15:29:37,275] [MainProcess/MainThread/INFO] (shell_startup.py/update) Creating Windows Spites...Drawing Window Sprites
[2024-01-24 15:29:37,293] [MainProcess/MainThread/INFO] (shell_startup.py/update) Clearing background
[2024-01-24 15:29:37,293] [MainProcess/MainThread/INFO] (shell_startup.py/update) Creating Sprites...Drawing Background Sprites
[2024-01-24 15:29:37,294] [MainProcess/MainThread/INFO] (shell_startup.py/update) Creating Windows Spites...Drawing Window Sprites
[2024-01-24 15:29:37,311] [MainProcess/MainThread/INFO] (shell_startup.py/update) Clearing background
[2024-01-24 15:29:37,312] [MainProcess/MainThread/INFO] (shell_startup.py/update) Creating Sprites...Drawing Background Sprites
[2024-01-24 15:29:37,312] [MainProcess/MainThread/INFO] (shell_startup.py/update) Creating Windows Spites...Drawing Window Sprites
[2024-01-24 15:29:37,329] [MainProcess/MainThread/INFO] (shell_startup.py/update) Clearing background
[2024-01-24 15:29:37,330] [MainProcess/MainThread/INFO] (shell_startup.py/update) Creating Sprites...Drawing Background Sprites
[2024-01-24 15:29:37,330] [MainProcess/MainThread/INFO] (shell_startup.py/update) Creating Windows Spites...Drawing Window Sprites
[2024-01-24 15:29:37,348] [MainProcess/MainThread/INFO] (shell_startup.py/update) Clearing background
[2024-01-24 15:29:37,348] [MainProcess/MainThread/INFO] (shell_startup.py/update) Creating Sprites...Drawing Background Sprites
[2024-01-24 15:29:37,348] [MainProcess/MainThread/INFO] (shell_startup.py/update) Creating Windows Spites...Drawing Window Sprites
[2024-01-24 15:29:37,366] [MainProcess/MainThread/INFO] (shell_startup.py/update) Clearing background
[2024-01-24 15:29:37,367] [MainProcess/MainThread/INFO] (shell_startup.py/update) Creating Sprites...Drawing Background Sprites
[2024-01-24 15:29:37,367] [MainProcess/MainThread/INFO] (shell_startup.py/update) Creating Windows Spites...Drawing Window Sprites
[2024-01-24 15:29:37,384] [MainProcess/MainThread/INFO] (shell_startup.py/update) Clearing background
[2024-01-24 15:29:37,384] [MainProcess/MainThread/INFO] (shell_startup.py/update) Creating Sprites...Drawing Background Sprites
[2024-01-24 15:29:37,384] [MainProcess/MainThread/INFO] (shell_startup.py/update) Creating Windows Spites...Drawing Window Sprites
[2024-01-24 15:29:37,403] [MainProcess/MainThread/INFO] (shell_startup.py/update) Clearing background
[2024-01-24 15:29:37,403] [MainProcess/MainThread/INFO] (shell_startup.py/update) Creating Sprites...Drawing Background Sprites
[2024-01-24 15:29:37,403] [MainProcess/MainThread/INFO] (shell_startup.py/update) Creating Windows Spites...Drawing Window Sprites
[2024-01-24 15:29:37,421] [MainProcess/MainThread/INFO] (shell_startup.py/update) Clearing background
[2024-01-24 15:29:37,421] [MainProcess/MainThread/INFO] (shell_startup.py/update) Creating Sprites...Drawing Background Sprites
[2024-01-24 15:29:37,421] [MainProcess/MainThread/INFO] (shell_startup.py/update) Creating Windows Spites...Drawing Window Sprites
[2024-01-24 15:29:37,438] [MainProcess/MainThread/INFO] (shell_startup.py/update) Clearing background
[2024-01-24 15:29:37,438] [MainProcess/MainThread/INFO] (shell_startup.py/update) Creating Sprites...Drawing Background Sprites
[2024-01-24 15:29:37,439] [MainProcess/MainThread/INFO] (shell_startup.py/update) Creating Windows Spites...Drawing Window Sprites
[2024-01-24 15:29:37,458] [MainProcess/MainThread/INFO] (shell_startup.py/update) Clearing background
[2024-01-24 15:29:37,458] [MainProcess/MainThread/INFO] (shell_startup.py/update) Creating Sprites...Drawing Background Sprites
[2024-01-24 15:29:37,458] [MainProcess/MainThread/INFO] (shell_startup.py/update) Creating Windows Spites...Drawing Window Sprites
[2024-01-24 15:29:37,475] [MainProcess/MainThread/INFO] (shell_startup.py/update) Clearing background
[2024-01-24 15:29:37,475] [MainProcess/MainThread/INFO] (shell_startup.py/update) Creating Sprites...Drawing Background Sprites
[2024-01-24 15:29:37,476] [MainProcess/MainThread/INFO] (shell_startup.py/update) Creating Windows Spites...Drawing Window Sprites
[2024-01-24 15:29:37,494] [MainProcess/MainThread/INFO] (shell_startup.py/update) Clearing background
[2024-01-24 15:29:37,494] [MainProcess/MainThread/INFO] (shell_startup.py/update) Creating Sprites...Drawing Background Sprites
[2024-01-24 15:29:37,494] [MainProcess/MainThread/INFO] (shell_startup.py/update) Creating Windows Spites...Drawing Window Sprites
[2024-01-24 15:29:37,511] [MainProcess/MainThread/INFO] (shell_startup.py/update) Clearing background
[2024-01-24 15:29:37,511] [MainProcess/MainThread/INFO] (shell_startup.py/update) Creating Sprites...Drawing Background Sprites
[2024-01-24 15:29:37,511] [MainProcess/MainThread/INFO] (shell_startup.py/update) Creating Windows Spites...Drawing Window Sprites
[2024-01-24 15:29:37,530] [MainProcess/MainThread/INFO] (shell_startup.py/update) Clearing background
[2024-01-24 15:29:37,530] [MainProcess/MainThread/INFO] (shell_startup.py/update) Creating Sprites...Drawing Background Sprites
[2024-01-24 15:29:37,531] [MainProcess/MainThread/INFO] (shell_startup.py/update) Creating Windows Spites...Drawing Window Sprites
[2024-01-24 15:29:37,548] [MainProcess/MainThread/INFO] (shell_startup.py/update) Clearing background
[2024-01-24 15:29:37,548] [MainProcess/MainThread/INFO] (shell_startup.py/update) Creating Sprites...Drawing Background Sprites
[2024-01-24 15:29:37,548] [MainProcess/MainThread/INFO] (shell_startup.py/update) Creating Windows Spites...Drawing Window Sprites
[2024-01-24 15:29:37,566] [MainProcess/MainThread/INFO] (shell_startup.py/update) Clearing background
[2024-01-24 15:29:37,566] [MainProcess/MainThread/INFO] (shell_startup.py/update) Creating Sprites...Drawing Background Sprites
[2024-01-24 15:29:37,567] [MainProcess/MainThread/INFO] (shell_startup.py/update) Creating Windows Spites...Drawing Window Sprites
[2024-01-24 15:29:37,585] [MainProcess/MainThread/INFO] (shell_startup.py/update) Clearing background
[2024-01-24 15:29:37,585] [MainProcess/MainThread/INFO] (shell_startup.py/update) Creating Sprites...Drawing Background Sprites
[2024-01-24 15:29:37,585] [MainProcess/MainThread/INFO] (shell_startup.py/update) Creating Windows Spites...Drawing Window Sprites
[2024-01-24 15:29:37,603] [MainProcess/MainThread/INFO] (shell_startup.py/update) Clearing background
[2024-01-24 15:29:37,603] [MainProcess/MainThread/INFO] (shell_startup.py/update) Creating Sprites...Drawing Background Sprites
[2024-01-24 15:29:37,604] [MainProcess/MainThread/INFO] (shell_startup.py/update) Creating Windows Spites...Drawing Window Sprites
[2024-01-24 15:29:37,621] [MainProcess/MainThread/INFO] (shell_startup.py/update) Clearing background
[2024-01-24 15:29:37,621] [MainProcess/MainThread/INFO] (shell_startup.py/update) Creating Sprites...Drawing Background Sprites
[2024-01-24 15:29:37,621] [MainProcess/MainThread/INFO] (shell_startup.py/update) Creating Windows Spites...Drawing Window Sprites
[2024-01-24 15:29:37,640] [MainProcess/MainThread/INFO] (shell_startup.py/update) Clearing background
[2024-01-24 15:29:37,640] [MainProcess/MainThread/INFO] (shell_startup.py/update) Creating Sprites...Drawing Background Sprites
[2024-01-24 15:29:37,640] [MainProcess/MainThread/INFO] (shell_startup.py/update) Creating Windows Spites...Drawing Window Sprites
[2024-01-24 15:29:37,657] [MainProcess/MainThread/INFO] (shell_startup.py/update) Clearing background
[2024-01-24 15:29:37,657] [MainProcess/MainThread/INFO] (shell_startup.py/update) Creating Sprites...Drawing Background Sprites
[2024-01-24 15:29:37,657] [MainProcess/MainThread/INFO] (shell_startup.py/update) Creating Windows Spites...Drawing Window Sprites
[2024-01-24 15:29:37,676] [MainProcess/MainThread/INFO] (shell_startup.py/update) Clearing background
[2024-01-24 15:29:37,676] [MainProcess/MainThread/INFO] (shell_startup.py/update) Creating Sprites...Drawing Background Sprites
[2024-01-24 15:29:37,676] [MainProcess/MainThread/INFO] (shell_startup.py/update) Creating Windows Spites...Drawing Window Sprites
[2024-01-24 15:29:37,694] [MainProcess/MainThread/INFO] (shell_startup.py/update) Clearing background
[2024-01-24 15:29:37,694] [MainProcess/MainThread/INFO] (shell_startup.py/update) Creating Sprites...Drawing Background Sprites
[2024-01-24 15:29:37,694] [MainProcess/MainThread/INFO] (shell_startup.py/update) Creating Windows Spites...Drawing Window Sprites
[2024-01-24 15:29:37,712] [MainProcess/MainThread/INFO] (shell_startup.py/update) Clearing background
[2024-01-24 15:29:37,713] [MainProcess/MainThread/INFO] (shell_startup.py/update) Creating Sprites...Drawing Background Sprites
[2024-01-24 15:29:37,713] [MainProcess/MainThread/INFO] (shell_startup.py/update) Creating Windows Spites...Drawing Window Sprites
[2024-01-24 15:29:37,730] [MainProcess/MainThread/INFO] (shell_startup.py/update) Clearing background
[2024-01-24 15:29:37,730] [MainProcess/MainThread/INFO] (shell_startup.py/update) Creating Sprites...Drawing Background Sprites
[2024-01-24 15:29:37,730] [MainProcess/MainThread/INFO] (shell_startup.py/update) Creating Windows Spites...Drawing Window Sprites
[2024-01-24 15:29:37,749] [MainProcess/MainThread/INFO] (shell_startup.py/update) Clearing background
[2024-01-24 15:29:37,749] [MainProcess/MainThread/INFO] (shell_startup.py/update) Creating Sprites...Drawing Background Sprites
[2024-01-24 15:29:37,749] [MainProcess/MainThread/INFO] (shell_startup.py/update) Creating Windows Spites...Drawing Window Sprites
[2024-01-24 15:29:37,766] [MainProcess/MainThread/INFO] (shell_startup.py/update) Clearing background
[2024-01-24 15:29:37,767] [MainProcess/MainThread/INFO] (shell_startup.py/update) Creating Sprites...Drawing Background Sprites
[2024-01-24 15:29:37,767] [MainProcess/MainThread/INFO] (shell_startup.py/update) Creating Windows Spites...Drawing Window Sprites
[2024-01-24 15:29:37,785] [MainProcess/MainThread/INFO] (shell_startup.py/update) Clearing background
[2024-01-24 15:29:37,785] [MainProcess/MainThread/INFO] (shell_startup.py/update) Creating Sprites...Drawing Background Sprites
[2024-01-24 15:29:37,786] [MainProcess/MainThread/INFO] (shell_startup.py/update) Creating Windows Spites...Drawing Window Sprites
[2024-01-24 15:29:37,804] [MainProcess/MainThread/INFO] (shell_startup.py/update) Clearing background
[2024-01-24 15:29:37,804] [MainProcess/MainThread/INFO] (shell_startup.py/update) Creating Sprites...Drawing Background Sprites
[2024-01-24 15:29:37,804] [MainProcess/MainThread/INFO] (shell_startup.py/update) Creating Windows Spites...Drawing Window Sprites
[2024-01-24 15:29:37,822] [MainProcess/MainThread/INFO] (shell_startup.py/update) Clearing background
[2024-01-24 15:29:37,822] [MainProcess/MainThread/INFO] (shell_startup.py/update) Creating Sprites...Drawing Background Sprites
[2024-01-24 15:29:37,822] [MainProcess/MainThread/INFO] (shell_startup.py/update) Creating Windows Spites...Drawing Window Sprites
[2024-01-24 15:29:37,839] [MainProcess/MainThread/INFO] (shell_startup.py/update) Clearing background
[2024-01-24 15:29:37,840] [MainProcess/MainThread/INFO] (shell_startup.py/update) Creating Sprites...Drawing Background Sprites
[2024-01-24 15:29:37,840] [MainProcess/MainThread/INFO] (shell_startup.py/update) Creating Windows Spites...Drawing Window Sprites
[2024-01-24 15:29:37,858] [MainProcess/MainThread/INFO] (shell_startup.py/update) Clearing background
[2024-01-24 15:29:37,859] [MainProcess/MainThread/INFO] (shell_startup.py/update) Creating Sprites...Drawing Background Sprites
[2024-01-24 15:29:37,859] [MainProcess/MainThread/INFO] (shell_startup.py/update) Creating Windows Spites...Drawing Window Sprites
[2024-01-24 15:29:37,876] [MainProcess/MainThread/INFO] (shell_startup.py/update) Clearing background
[2024-01-24 15:29:37,876] [MainProcess/MainThread/INFO] (shell_startup.py/update) Creating Sprites...Drawing Background Sprites
[2024-01-24 15:29:37,877] [MainProcess/MainThread/INFO] (shell_startup.py/update) Creating Windows Spites...Drawing Window Sprites
[2024-01-24 15:29:37,895] [MainProcess/MainThread/INFO] (shell_startup.py/update) Clearing background
[2024-01-24 15:29:37,895] [MainProcess/MainThread/INFO] (shell_startup.py/update) Creating Sprites...Drawing Background Sprites
[2024-01-24 15:29:37,895] [MainProcess/MainThread/INFO] (shell_startup.py/update) Creating Windows Spites...Drawing Window Sprites
[2024-01-24 15:29:37,913] [MainProcess/MainThread/INFO] (shell_startup.py/update) Clearing background
[2024-01-24 15:29:37,913] [MainProcess/MainThread/INFO] (shell_startup.py/update) Creating Sprites...Drawing Background Sprites
[2024-01-24 15:29:37,913] [MainProcess/MainThread/INFO] (shell_startup.py/update) Creating Windows Spites...Drawing Window Sprites
[2024-01-24 15:29:37,931] [MainProcess/MainThread/INFO] (shell_startup.py/update) Clearing background
[2024-01-24 15:29:37,931] [MainProcess/MainThread/INFO] (shell_startup.py/update) Creating Sprites...Drawing Background Sprites
[2024-01-24 15:29:37,931] [MainProcess/MainThread/INFO] (shell_startup.py/update) Creating Windows Spites...Drawing Window Sprites
[2024-01-24 15:29:37,949] [MainProcess/MainThread/INFO] (shell_startup.py/update) Clearing background
[2024-01-24 15:29:37,949] [MainProcess/MainThread/INFO] (shell_startup.py/update) Creating Sprites...Drawing Background Sprites
[2024-01-24 15:29:37,949] [MainProcess/MainThread/INFO] (shell_startup.py/update) Creating Windows Spites...Drawing Window Sprites
[2024-01-24 15:29:37,967] [MainProcess/MainThread/INFO] (shell_startup.py/update) Clearing background
[2024-01-24 15:29:37,967] [MainProcess/MainThread/INFO] (shell_startup.py/update) Creating Sprites...Drawing Background Sprites
[2024-01-24 15:29:37,968] [MainProcess/MainThread/INFO] (shell_startup.py/update) Creating Windows Spites...Drawing Window Sprites
[2024-01-24 15:29:37,985] [MainProcess/MainThread/INFO] (shell_startup.py/update) Clearing background
[2024-01-24 15:29:37,985] [MainProcess/MainThread/INFO] (shell_startup.py/update) Creating Sprites...Drawing Background Sprites
[2024-01-24 15:29:37,985] [MainProcess/MainThread/INFO] (shell_startup.py/update) Creating Windows Spites...Drawing Window Sprites
[2024-01-24 15:29:38,004] [MainProcess/MainThread/INFO] (shell_startup.py/update) Clearing background
[2024-01-24 15:29:38,004] [MainProcess/MainThread/INFO] (shell_startup.py/update) Creating Sprites...Drawing Background Sprites
[2024-01-24 15:29:38,004] [MainProcess/MainThread/INFO] (shell_startup.py/update) Creating Windows Spites...Drawing Window Sprites
[2024-01-24 15:29:38,022] [MainProcess/MainThread/INFO] (shell_startup.py/update) Clearing background
[2024-01-24 15:29:38,022] [MainProcess/MainThread/INFO] (shell_startup.py/update) Creating Sprites...Drawing Background Sprites
[2024-01-24 15:29:38,022] [MainProcess/MainThread/INFO] (shell_startup.py/update) Creating Windows Spites...Drawing Window Sprites
[2024-01-24 15:29:38,040] [MainProcess/MainThread/INFO] (shell_startup.py/update) Clearing background
[2024-01-24 15:29:38,040] [MainProcess/MainThread/INFO] (shell_startup.py/update) Creating Sprites...Drawing Background Sprites
[2024-01-24 15:29:38,040] [MainProcess/MainThread/INFO] (shell_startup.py/update) Creating Windows Spites...Drawing Window Sprites
[2024-01-24 15:29:38,058] [MainProcess/MainThread/INFO] (shell_startup.py/update) Clearing background
[2024-01-24 15:29:38,059] [MainProcess/MainThread/INFO] (shell_startup.py/update) Creating Sprites...Drawing Background Sprites
[2024-01-24 15:29:38,059] [MainProcess/MainThread/INFO] (shell_startup.py/update) Creating Windows Spites...Drawing Window Sprites
[2024-01-24 15:29:38,076] [MainProcess/MainThread/INFO] (shell_startup.py/update) Clearing background
[2024-01-24 15:29:38,077] [MainProcess/MainThread/INFO] (shell_startup.py/update) Creating Sprites...Drawing Background Sprites
[2024-01-24 15:29:38,077] [MainProcess/MainThread/INFO] (shell_startup.py/update) Creating Windows Spites...Drawing Window Sprites
