[LOGS]
[2024-01-22 22:08:38,619] [MainProcess/MainThread/INFO] (shell_startup.py/update) Clearing background
[2024-01-22 22:08:38,620] [MainProcess/MainThread/INFO] (shell_startup.py/update) Creating Sprites...Drawing Background Sprites
[2024-01-22 22:08:38,620] [MainProcess/MainThread/INFO] (shell_startup.py/update) Creating Windows Spites...Drawing Window Sprites
[2024-01-22 22:08:38,636] [MainProcess/MainThread/INFO] (shell_startup.py/update) Clearing background
[2024-01-22 22:08:38,637] [MainProcess/MainThread/INFO] (shell_startup.py/update) Creating Sprites...Drawing Background Sprites
[2024-01-22 22:08:38,638] [MainProcess/MainThread/INFO] (shell_startup.py/update) Creating Windows Spites...Drawing Window Sprites
[2024-01-22 22:08:38,654] [MainProcess/MainThread/INFO] (shell_startup.py/update) Clearing background
[2024-01-22 22:08:38,654] [MainProcess/MainThread/INFO] (shell_startup.py/update) Creating Sprites...Drawing Background Sprites
[2024-01-22 22:08:38,654] [MainProcess/MainThread/INFO] (shell_startup.py/update) Creating Windows Spites...Drawing Window Sprites
[2024-01-22 22:08:38,672] [MainProcess/MainThread/INFO] (shell_startup.py/update) Clearing background
[2024-01-22 22:08:38,674] [MainProcess/MainThread/INFO] (shell_startup.py/update) Creating Sprites...Drawing Background Sprites
[2024-01-22 22:08:38,674] [MainProcess/MainThread/INFO] (shell_startup.py/update) Creating Windows Spites...Drawing Window Sprites
[2024-01-22 22:08:38,691] [MainProcess/MainThread/INFO] (shell_startup.py/update) Clearing background
[2024-01-22 22:08:38,691] [MainProcess/MainThread/INFO] (shell_startup.py/update) Creating Sprites...Drawing Background Sprites
[2024-01-22 22:08:38,691] [MainProcess/MainThread/INFO] (shell_startup.py/update) Creating Windows Spites...Drawing Window Sprites
[2024-01-22 22:08:38,709] [MainProcess/MainThread/INFO] (shell_startup.py/update) Clearing background
[2024-01-22 22:08:38,709] [MainProcess/MainThread/INFO] (shell_startup.py/update) Creating Sprites...Drawing Background Sprites
[2024-01-22 22:08:38,710] [MainProcess/MainThread/INFO] (shell_startup.py/update) Creating Windows Spites...Drawing Window Sprites
[2024-01-22 22:08:38,727] [MainProcess/MainThread/INFO] (shell_startup.py/update) Clearing background
[2024-01-22 22:08:38,727] [MainProcess/MainThread/INFO] (shell_startup.py/update) Creating Sprites...Drawing Background Sprites
[2024-01-22 22:08:38,727] [MainProcess/MainThread/INFO] (shell_startup.py/update) Creating Windows Spites...Drawing Window Sprites
[2024-01-22 22:08:38,746] [MainProcess/MainThread/INFO] (shell_startup.py/update) Clearing background
[2024-01-22 22:08:38,746] [MainProcess/MainThread/INFO] (shell_startup.py/update) Creating Sprites...Drawing Background Sprites
[2024-01-22 22:08:38,746] [MainProcess/MainThread/INFO] (shell_startup.py/update) Creating Windows Spites...Drawing Window Sprites
[2024-01-22 22:08:38,764] [MainProcess/MainThread/INFO] (shell_startup.py/update) Clearing background
[2024-01-22 22:08:38,764] [MainProcess/MainThread/INFO] (shell_startup.py/update) Creating Sprites...Drawing Background Sprites
[2024-01-22 22:08:38,764] [MainProcess/MainThread/INFO] (shell_startup.py/update) Creating Windows Spites...Drawing Window Sprites
[2024-01-22 22:08:38,782] [MainProcess/MainThread/INFO] (shell_startup.py/update) Clearing background
[2024-01-22 22:08:38,783] [MainProcess/MainThread/INFO] (shell_startup.py/update) Creating Sprites...Drawing Background Sprites
[2024-01-22 22:08:38,783] [MainProcess/MainThread/INFO] (shell_startup.py/update) Creating Windows Spites...Drawing Window Sprites
[2024-01-22 22:08:38,800] [MainProcess/MainThread/INFO] (shell_startup.py/update) Clearing background
[2024-01-22 22:08:38,800] [MainProcess/MainThread/INFO] (shell_startup.py/update) Creating Sprites...Drawing Background Sprites
[2024-01-22 22:08:38,800] [MainProcess/MainThread/INFO] (shell_startup.py/update) Creating Windows Spites...Drawing Window Sprites
[2024-01-22 22:08:38,818] [MainProcess/MainThread/INFO] (shell_startup.py/update) Clearing background
[2024-01-22 22:08:38,818] [MainProcess/MainThread/INFO] (shell_startup.py/update) Creating Sprites...Drawing Background Sprites
[2024-01-22 22:08:38,818] [MainProcess/MainThread/INFO] (shell_startup.py/update) Creating Windows Spites...Drawing Window Sprites
[2024-01-22 22:08:38,836] [MainProcess/MainThread/INFO] (shell_startup.py/update) Clearing background
[2024-01-22 22:08:38,837] [MainProcess/MainThread/INFO] (shell_startup.py/update) Creating Sprites...Drawing Background Sprites
[2024-01-22 22:08:38,837] [MainProcess/MainThread/INFO] (shell_startup.py/update) Creating Windows Spites...Drawing Window Sprites
[2024-01-22 22:08:38,854] [MainProcess/MainThread/INFO] (shell_startup.py/update) Clearing background
[2024-01-22 22:08:38,854] [MainProcess/MainThread/INFO] (shell_startup.py/update) Creating Sprites...Drawing Background Sprites
[2024-01-22 22:08:38,854] [MainProcess/MainThread/INFO] (shell_startup.py/update) Creating Windows Spites...Drawing Window Sprites
[2024-01-22 22:08:38,873] [MainProcess/MainThread/INFO] (shell_startup.py/update) Clearing background
[2024-01-22 22:08:38,874] [MainProcess/MainThread/INFO] (shell_startup.py/update) Creating Sprites...Drawing Background Sprites
[2024-01-22 22:08:38,874] [MainProcess/MainThread/INFO] (shell_startup.py/update) Creating Windows Spites...Drawing Window Sprites
[2024-01-22 22:08:38,891] [MainProcess/MainThread/INFO] (shell_startup.py/update) Clearing background
[2024-01-22 22:08:38,892] [MainProcess/MainThread/INFO] (shell_startup.py/update) Creating Sprites...Drawing Background Sprites
[2024-01-22 22:08:38,892] [MainProcess/MainThread/INFO] (shell_startup.py/update) Creating Windows Spites...Drawing Window Sprites
[2024-01-22 22:08:38,909] [MainProcess/MainThread/INFO] (shell_startup.py/update) Clearing background
[2024-01-22 22:08:38,909] [MainProcess/MainThread/INFO] (shell_startup.py/update) Creating Sprites...Drawing Background Sprites
[2024-01-22 22:08:38,909] [MainProcess/MainThread/INFO] (shell_startup.py/update) Creating Windows Spites...Drawing Window Sprites
[2024-01-22 22:08:38,927] [MainProcess/MainThread/INFO] (shell_startup.py/update) Clearing background
[2024-01-22 22:08:38,927] [MainProcess/MainThread/INFO] (shell_startup.py/update) Creating Sprites...Drawing Background Sprites
[2024-01-22 22:08:38,927] [MainProcess/MainThread/INFO] (shell_startup.py/update) Creating Windows Spites...Drawing Window Sprites
[2024-01-22 22:08:38,946] [MainProcess/MainThread/INFO] (shell_startup.py/update) Clearing background
[2024-01-22 22:08:38,946] [MainProcess/MainThread/INFO] (shell_startup.py/update) Creating Sprites...Drawing Background Sprites
[2024-01-22 22:08:38,946] [MainProcess/MainThread/INFO] (shell_startup.py/update) Creating Windows Spites...Drawing Window Sprites
[2024-01-22 22:08:38,963] [MainProcess/MainThread/INFO] (shell_startup.py/update) Clearing background
[2024-01-22 22:08:38,964] [MainProcess/MainThread/INFO] (shell_startup.py/update) Creating Sprites...Drawing Background Sprites
[2024-01-22 22:08:38,964] [MainProcess/MainThread/INFO] (shell_startup.py/update) Creating Windows Spites...Drawing Window Sprites
[2024-01-22 22:08:38,982] [MainProcess/MainThread/INFO] (shell_startup.py/update) Clearing background
[2024-01-22 22:08:38,982] [MainProcess/MainThread/INFO] (shell_startup.py/update) Creating Sprites...Drawing Background Sprites
[2024-01-22 22:08:38,982] [MainProcess/MainThread/INFO] (shell_startup.py/update) Creating Windows Spites...Drawing Window Sprites
[2024-01-22 22:08:39,000] [MainProcess/MainThread/INFO] (shell_startup.py/update) Clearing background
[2024-01-22 22:08:39,000] [MainProcess/MainThread/INFO] (shell_startup.py/update) Creating Sprites...Drawing Background Sprites
[2024-01-22 22:08:39,000] [MainProcess/MainThread/INFO] (shell_startup.py/update) Creating Windows Spites...Drawing Window Sprites
[2024-01-22 22:08:39,018] [MainProcess/MainThread/INFO] (shell_startup.py/update) Clearing background
[2024-01-22 22:08:39,018] [MainProcess/MainThread/INFO] (shell_startup.py/update) Creating Sprites...Drawing Background Sprites
[2024-01-22 22:08:39,019] [MainProcess/MainThread/INFO] (shell_startup.py/update) Creating Windows Spites...Drawing Window Sprites
[2024-01-22 22:08:39,037] [MainProcess/MainThread/INFO] (shell_startup.py/update) Clearing background
[2024-01-22 22:08:39,037] [MainProcess/MainThread/INFO] (shell_startup.py/update) Creating Sprites...Drawing Background Sprites
[2024-01-22 22:08:39,037] [MainProcess/MainThread/INFO] (shell_startup.py/update) Creating Windows Spites...Drawing Window Sprites
[2024-01-22 22:08:39,054] [MainProcess/MainThread/INFO] (shell_startup.py/update) Clearing background
[2024-01-22 22:08:39,055] [MainProcess/MainThread/INFO] (shell_startup.py/update) Creating Sprites...Drawing Background Sprites
[2024-01-22 22:08:39,055] [MainProcess/MainThread/INFO] (shell_startup.py/update) Creating Windows Spites...Drawing Window Sprites
[2024-01-22 22:08:39,073] [MainProcess/MainThread/INFO] (shell_startup.py/update) Clearing background
[2024-01-22 22:08:39,073] [MainProcess/MainThread/INFO] (shell_startup.py/update) Creating Sprites...Drawing Background Sprites
[2024-01-22 22:08:39,073] [MainProcess/MainThread/INFO] (shell_startup.py/update) Creating Windows Spites...Drawing Window Sprites
[2024-01-22 22:08:39,091] [MainProcess/MainThread/INFO] (shell_startup.py/update) Clearing background
[2024-01-22 22:08:39,091] [MainProcess/MainThread/INFO] (shell_startup.py/update) Creating Sprites...Drawing Background Sprites
[2024-01-22 22:08:39,091] [MainProcess/MainThread/INFO] (shell_startup.py/update) Creating Windows Spites...Drawing Window Sprites
[2024-01-22 22:08:39,109] [MainProcess/MainThread/INFO] (shell_startup.py/update) Clearing background
[2024-01-22 22:08:39,109] [MainProcess/MainThread/INFO] (shell_startup.py/update) Creating Sprites...Drawing Background Sprites
[2024-01-22 22:08:39,109] [MainProcess/MainThread/INFO] (shell_startup.py/update) Creating Windows Spites...Drawing Window Sprites
[2024-01-22 22:08:39,128] [MainProcess/MainThread/INFO] (shell_startup.py/update) Clearing background
[2024-01-22 22:08:39,128] [MainProcess/MainThread/INFO] (shell_startup.py/update) Creating Sprites...Drawing Background Sprites
[2024-01-22 22:08:39,128] [MainProcess/MainThread/INFO] (shell_startup.py/update) Creating Windows Spites...Drawing Window Sprites
[2024-01-22 22:08:39,145] [MainProcess/MainThread/INFO] (shell_startup.py/update) Clearing background
[2024-01-22 22:08:39,146] [MainProcess/MainThread/INFO] (shell_startup.py/update) Creating Sprites...Drawing Background Sprites
[2024-01-22 22:08:39,146] [MainProcess/MainThread/INFO] (shell_startup.py/update) Creating Windows Spites...Drawing Window Sprites
[2024-01-22 22:08:39,164] [MainProcess/MainThread/INFO] (shell_startup.py/update) Clearing background
[2024-01-22 22:08:39,164] [MainProcess/MainThread/INFO] (shell_startup.py/update) Creating Sprites...Drawing Background Sprites
[2024-01-22 22:08:39,164] [MainProcess/MainThread/INFO] (shell_startup.py/update) Creating Windows Spites...Drawing Window Sprites
[2024-01-22 22:08:39,181] [MainProcess/MainThread/INFO] (shell_startup.py/update) Clearing background
[2024-01-22 22:08:39,181] [MainProcess/MainThread/INFO] (shell_startup.py/update) Creating Sprites...Drawing Background Sprites
[2024-01-22 22:08:39,181] [MainProcess/MainThread/INFO] (shell_startup.py/update) Creating Windows Spites...Drawing Window Sprites
[2024-01-22 22:08:39,200] [MainProcess/MainThread/INFO] (shell_startup.py/update) Clearing background
[2024-01-22 22:08:39,200] [MainProcess/MainThread/INFO] (shell_startup.py/update) Creating Sprites...Drawing Background Sprites
[2024-01-22 22:08:39,200] [MainProcess/MainThread/INFO] (shell_startup.py/update) Creating Windows Spites...Drawing Window Sprites
[2024-01-22 22:08:39,218] [MainProcess/MainThread/INFO] (shell_startup.py/update) Clearing background
[2024-01-22 22:08:39,218] [MainProcess/MainThread/INFO] (shell_startup.py/update) Creating Sprites...Drawing Background Sprites
[2024-01-22 22:08:39,218] [MainProcess/MainThread/INFO] (shell_startup.py/update) Creating Windows Spites...Drawing Window Sprites
[2024-01-22 22:08:39,236] [MainProcess/MainThread/INFO] (shell_startup.py/update) Clearing background
[2024-01-22 22:08:39,236] [MainProcess/MainThread/INFO] (shell_startup.py/update) Creating Sprites...Drawing Background Sprites
[2024-01-22 22:08:39,236] [MainProcess/MainThread/INFO] (shell_startup.py/update) Creating Windows Spites...Drawing Window Sprites
[2024-01-22 22:08:39,254] [MainProcess/MainThread/INFO] (shell_startup.py/update) Clearing background
[2024-01-22 22:08:39,255] [MainProcess/MainThread/INFO] (shell_startup.py/update) Creating Sprites...Drawing Background Sprites
[2024-01-22 22:08:39,255] [MainProcess/MainThread/INFO] (shell_startup.py/update) Creating Windows Spites...Drawing Window Sprites
[2024-01-22 22:08:39,273] [MainProcess/MainThread/INFO] (shell_startup.py/update) Clearing background
[2024-01-22 22:08:39,273] [MainProcess/MainThread/INFO] (shell_startup.py/update) Creating Sprites...Drawing Background Sprites
[2024-01-22 22:08:39,273] [MainProcess/MainThread/INFO] (shell_startup.py/update) Creating Windows Spites...Drawing Window Sprites
[2024-01-22 22:08:39,290] [MainProcess/MainThread/INFO] (shell_startup.py/update) Clearing background
[2024-01-22 22:08:39,291] [MainProcess/MainThread/INFO] (shell_startup.py/update) Creating Sprites...Drawing Background Sprites
[2024-01-22 22:08:39,291] [MainProcess/MainThread/INFO] (shell_startup.py/update) Creating Windows Spites...Drawing Window Sprites
[2024-01-22 22:08:39,310] [MainProcess/MainThread/INFO] (shell_startup.py/update) Clearing background
[2024-01-22 22:08:39,310] [MainProcess/MainThread/INFO] (shell_startup.py/update) Creating Sprites...Drawing Background Sprites
[2024-01-22 22:08:39,310] [MainProcess/MainThread/INFO] (shell_startup.py/update) Creating Windows Spites...Drawing Window Sprites
[2024-01-22 22:08:39,328] [MainProcess/MainThread/INFO] (shell_startup.py/update) Clearing background
[2024-01-22 22:08:39,328] [MainProcess/MainThread/INFO] (shell_startup.py/update) Creating Sprites...Drawing Background Sprites
[2024-01-22 22:08:39,328] [MainProcess/MainThread/INFO] (shell_startup.py/update) Creating Windows Spites...Drawing Window Sprites
[2024-01-22 22:08:39,345] [MainProcess/MainThread/INFO] (shell_startup.py/update) Clearing background
[2024-01-22 22:08:39,345] [MainProcess/MainThread/INFO] (shell_startup.py/update) Creating Sprites...Drawing Background Sprites
[2024-01-22 22:08:39,345] [MainProcess/MainThread/INFO] (shell_startup.py/update) Creating Windows Spites...Drawing Window Sprites
[2024-01-22 22:08:39,363] [MainProcess/MainThread/INFO] (shell_startup.py/update) Clearing background
[2024-01-22 22:08:39,364] [MainProcess/MainThread/INFO] (shell_startup.py/update) Creating Sprites...Drawing Background Sprites
[2024-01-22 22:08:39,364] [MainProcess/MainThread/INFO] (shell_startup.py/update) Creating Windows Spites...Drawing Window Sprites
[2024-01-22 22:08:39,381] [MainProcess/MainThread/INFO] (shell_startup.py/update) Clearing background
[2024-01-22 22:08:39,381] [MainProcess/MainThread/INFO] (shell_startup.py/update) Creating Sprites...Drawing Background Sprites
[2024-01-22 22:08:39,382] [MainProcess/MainThread/INFO] (shell_startup.py/update) Creating Windows Spites...Drawing Window Sprites
[2024-01-22 22:08:39,401] [MainProcess/MainThread/INFO] (shell_startup.py/update) Clearing background
[2024-01-22 22:08:39,401] [MainProcess/MainThread/INFO] (shell_startup.py/update) Creating Sprites...Drawing Background Sprites
[2024-01-22 22:08:39,401] [MainProcess/MainThread/INFO] (shell_startup.py/update) Creating Windows Spites...Drawing Window Sprites
[2024-01-22 22:08:39,418] [MainProcess/MainThread/INFO] (shell_startup.py/update) Clearing background
[2024-01-22 22:08:39,418] [MainProcess/MainThread/INFO] (shell_startup.py/update) Creating Sprites...Drawing Background Sprites
[2024-01-22 22:08:39,418] [MainProcess/MainThread/INFO] (shell_startup.py/update) Creating Windows Spites...Drawing Window Sprites
[2024-01-22 22:08:39,437] [MainProcess/MainThread/INFO] (shell_startup.py/update) Clearing background
[2024-01-22 22:08:39,437] [MainProcess/MainThread/INFO] (shell_startup.py/update) Creating Sprites...Drawing Background Sprites
[2024-01-22 22:08:39,437] [MainProcess/MainThread/INFO] (shell_startup.py/update) Creating Windows Spites...Drawing Window Sprites
[2024-01-22 22:08:39,455] [MainProcess/MainThread/INFO] (shell_startup.py/update) Clearing background
[2024-01-22 22:08:39,455] [MainProcess/MainThread/INFO] (shell_startup.py/update) Creating Sprites...Drawing Background Sprites
[2024-01-22 22:08:39,455] [MainProcess/MainThread/INFO] (shell_startup.py/update) Creating Windows Spites...Drawing Window Sprites
[2024-01-22 22:08:39,472] [MainProcess/MainThread/INFO] (shell_startup.py/update) Clearing background
[2024-01-22 22:08:39,473] [MainProcess/MainThread/INFO] (shell_startup.py/update) Creating Sprites...Drawing Background Sprites
[2024-01-22 22:08:39,473] [MainProcess/MainThread/INFO] (shell_startup.py/update) Creating Windows Spites...Drawing Window Sprites
[2024-01-22 22:08:39,491] [MainProcess/MainThread/INFO] (shell_startup.py/update) Clearing background
[2024-01-22 22:08:39,491] [MainProcess/MainThread/INFO] (shell_startup.py/update) Creating Sprites...Drawing Background Sprites
[2024-01-22 22:08:39,491] [MainProcess/MainThread/INFO] (shell_startup.py/update) Creating Windows Spites...Drawing Window Sprites
[2024-01-22 22:08:39,510] [MainProcess/MainThread/INFO] (shell_startup.py/update) Clearing background
[2024-01-22 22:08:39,510] [MainProcess/MainThread/INFO] (shell_startup.py/update) Creating Sprites...Drawing Background Sprites
[2024-01-22 22:08:39,510] [MainProcess/MainThread/INFO] (shell_startup.py/update) Creating Windows Spites...Drawing Window Sprites
[2024-01-22 22:08:39,528] [MainProcess/MainThread/INFO] (shell_startup.py/update) Clearing background
[2024-01-22 22:08:39,528] [MainProcess/MainThread/INFO] (shell_startup.py/update) Creating Sprites...Drawing Background Sprites
[2024-01-22 22:08:39,528] [MainProcess/MainThread/INFO] (shell_startup.py/update) Creating Windows Spites...Drawing Window Sprites
[2024-01-22 22:08:39,546] [MainProcess/MainThread/INFO] (shell_startup.py/update) Clearing background
[2024-01-22 22:08:39,546] [MainProcess/MainThread/INFO] (shell_startup.py/update) Creating Sprites...Drawing Background Sprites
[2024-01-22 22:08:39,546] [MainProcess/MainThread/INFO] (shell_startup.py/update) Creating Windows Spites...Drawing Window Sprites
[2024-01-22 22:08:39,564] [MainProcess/MainThread/INFO] (shell_startup.py/update) Clearing background
[2024-01-22 22:08:39,564] [MainProcess/MainThread/INFO] (shell_startup.py/update) Creating Sprites...Drawing Background Sprites
[2024-01-22 22:08:39,564] [MainProcess/MainThread/INFO] (shell_startup.py/update) Creating Windows Spites...Drawing Window Sprites
[2024-01-22 22:08:39,582] [MainProcess/MainThread/INFO] (shell_startup.py/update) Clearing background
[2024-01-22 22:08:39,582] [MainProcess/MainThread/INFO] (shell_startup.py/update) Creating Sprites...Drawing Background Sprites
[2024-01-22 22:08:39,582] [MainProcess/MainThread/INFO] (shell_startup.py/update) Creating Windows Spites...Drawing Window Sprites
[2024-01-22 22:08:39,601] [MainProcess/MainThread/INFO] (shell_startup.py/update) Clearing background
[2024-01-22 22:08:39,601] [MainProcess/MainThread/INFO] (shell_startup.py/update) Creating Sprites...Drawing Background Sprites
[2024-01-22 22:08:39,601] [MainProcess/MainThread/INFO] (shell_startup.py/update) Creating Windows Spites...Drawing Window Sprites
[2024-01-22 22:08:39,619] [MainProcess/MainThread/INFO] (shell_startup.py/update) Clearing background
[2024-01-22 22:08:39,620] [MainProcess/MainThread/INFO] (shell_startup.py/update) Creating Sprites...Drawing Background Sprites
[2024-01-22 22:08:39,620] [MainProcess/MainThread/INFO] (shell_startup.py/update) Creating Windows Spites...Drawing Window Sprites
[2024-01-22 22:08:39,637] [MainProcess/MainThread/INFO] (shell_startup.py/update) Clearing background
[2024-01-22 22:08:39,637] [MainProcess/MainThread/INFO] (shell_startup.py/update) Creating Sprites...Drawing Background Sprites
[2024-01-22 22:08:39,637] [MainProcess/MainThread/INFO] (shell_startup.py/update) Creating Windows Spites...Drawing Window Sprites
[2024-01-22 22:08:39,655] [MainProcess/MainThread/INFO] (shell_startup.py/update) Clearing background
[2024-01-22 22:08:39,655] [MainProcess/MainThread/INFO] (shell_startup.py/update) Creating Sprites...Drawing Background Sprites
[2024-01-22 22:08:39,655] [MainProcess/MainThread/INFO] (shell_startup.py/update) Creating Windows Spites...Drawing Window Sprites
[2024-01-22 22:08:39,674] [MainProcess/MainThread/INFO] (shell_startup.py/update) Clearing background
[2024-01-22 22:08:39,675] [MainProcess/MainThread/INFO] (shell_startup.py/update) Creating Sprites...Drawing Background Sprites
[2024-01-22 22:08:39,675] [MainProcess/MainThread/INFO] (shell_startup.py/update) Creating Windows Spites...Drawing Window Sprites
[2024-01-22 22:08:39,691] [MainProcess/MainThread/INFO] (shell_startup.py/update) Clearing background
[2024-01-22 22:08:39,691] [MainProcess/MainThread/INFO] (shell_startup.py/update) Creating Sprites...Drawing Background Sprites
[2024-01-22 22:08:39,691] [MainProcess/MainThread/INFO] (shell_startup.py/update) Creating Windows Spites...Drawing Window Sprites
[2024-01-22 22:08:39,710] [MainProcess/MainThread/INFO] (shell_startup.py/update) Clearing background
[2024-01-22 22:08:39,710] [MainProcess/MainThread/INFO] (shell_startup.py/update) Creating Sprites...Drawing Background Sprites
[2024-01-22 22:08:39,710] [MainProcess/MainThread/INFO] (shell_startup.py/update) Creating Windows Spites...Drawing Window Sprites
[2024-01-22 22:08:39,728] [MainProcess/MainThread/INFO] (shell_startup.py/update) Clearing background
[2024-01-22 22:08:39,728] [MainProcess/MainThread/INFO] (shell_startup.py/update) Creating Sprites...Drawing Background Sprites
[2024-01-22 22:08:39,728] [MainProcess/MainThread/INFO] (shell_startup.py/update) Creating Windows Spites...Drawing Window Sprites
[2024-01-22 22:08:39,746] [MainProcess/MainThread/INFO] (shell_startup.py/update) Clearing background
[2024-01-22 22:08:39,746] [MainProcess/MainThread/INFO] (shell_startup.py/update) Creating Sprites...Drawing Background Sprites
[2024-01-22 22:08:39,746] [MainProcess/MainThread/INFO] (shell_startup.py/update) Creating Windows Spites...Drawing Window Sprites
[2024-01-22 22:08:39,764] [MainProcess/MainThread/INFO] (shell_startup.py/update) Clearing background
[2024-01-22 22:08:39,764] [MainProcess/MainThread/INFO] (shell_startup.py/update) Creating Sprites...Drawing Background Sprites
[2024-01-22 22:08:39,764] [MainProcess/MainThread/INFO] (shell_startup.py/update) Creating Windows Spites...Drawing Window Sprites
[2024-01-22 22:08:39,782] [MainProcess/MainThread/INFO] (shell_startup.py/update) Clearing background
[2024-01-22 22:08:39,782] [MainProcess/MainThread/INFO] (shell_startup.py/update) Creating Sprites...Drawing Background Sprites
[2024-01-22 22:08:39,782] [MainProcess/MainThread/INFO] (shell_startup.py/update) Creating Windows Spites...Drawing Window Sprites
[2024-01-22 22:08:39,801] [MainProcess/MainThread/INFO] (shell_startup.py/update) Clearing background
[2024-01-22 22:08:39,801] [MainProcess/MainThread/INFO] (shell_startup.py/update) Creating Sprites...Drawing Background Sprites
[2024-01-22 22:08:39,801] [MainProcess/MainThread/INFO] (shell_startup.py/update) Creating Windows Spites...Drawing Window Sprites
[2024-01-22 22:08:39,819] [MainProcess/MainThread/INFO] (shell_startup.py/update) Clearing background
[2024-01-22 22:08:39,819] [MainProcess/MainThread/INFO] (shell_startup.py/update) Creating Sprites...Drawing Background Sprites
[2024-01-22 22:08:39,819] [MainProcess/MainThread/INFO] (shell_startup.py/update) Creating Windows Spites...Drawing Window Sprites
[2024-01-22 22:08:39,837] [MainProcess/MainThread/INFO] (shell_startup.py/update) Clearing background
[2024-01-22 22:08:39,837] [MainProcess/MainThread/INFO] (shell_startup.py/update) Creating Sprites...Drawing Background Sprites
[2024-01-22 22:08:39,837] [MainProcess/MainThread/INFO] (shell_startup.py/update) Creating Windows Spites...Drawing Window Sprites
[2024-01-22 22:08:39,855] [MainProcess/MainThread/INFO] (shell_startup.py/update) Clearing background
[2024-01-22 22:08:39,856] [MainProcess/MainThread/INFO] (shell_startup.py/update) Creating Sprites...Drawing Background Sprites
[2024-01-22 22:08:39,856] [MainProcess/MainThread/INFO] (shell_startup.py/update) Creating Windows Spites...Drawing Window Sprites
[2024-01-22 22:08:39,874] [MainProcess/MainThread/INFO] (shell_startup.py/update) Clearing background
[2024-01-22 22:08:39,874] [MainProcess/MainThread/INFO] (shell_startup.py/update) Creating Sprites...Drawing Background Sprites
[2024-01-22 22:08:39,874] [MainProcess/MainThread/INFO] (shell_startup.py/update) Creating Windows Spites...Drawing Window Sprites
[2024-01-22 22:08:39,892] [MainProcess/MainThread/INFO] (shell_startup.py/update) Clearing background
[2024-01-22 22:08:39,892] [MainProcess/MainThread/INFO] (shell_startup.py/update) Creating Sprites...Drawing Background Sprites
[2024-01-22 22:08:39,892] [MainProcess/MainThread/INFO] (shell_startup.py/update) Creating Windows Spites...Drawing Window Sprites
[2024-01-22 22:08:39,910] [MainProcess/MainThread/INFO] (shell_startup.py/update) Clearing background
[2024-01-22 22:08:39,910] [MainProcess/MainThread/INFO] (shell_startup.py/update) Creating Sprites...Drawing Background Sprites
[2024-01-22 22:08:39,910] [MainProcess/MainThread/INFO] (shell_startup.py/update) Creating Windows Spites...Drawing Window Sprites
[2024-01-22 22:08:39,928] [MainProcess/MainThread/INFO] (shell_startup.py/update) Clearing background
[2024-01-22 22:08:39,928] [MainProcess/MainThread/INFO] (shell_startup.py/update) Creating Sprites...Drawing Background Sprites
[2024-01-22 22:08:39,928] [MainProcess/MainThread/INFO] (shell_startup.py/update) Creating Windows Spites...Drawing Window Sprites
[2024-01-22 22:08:39,947] [MainProcess/MainThread/INFO] (shell_startup.py/update) Clearing background
[2024-01-22 22:08:39,947] [MainProcess/MainThread/INFO] (shell_startup.py/update) Creating Sprites...Drawing Background Sprites
[2024-01-22 22:08:39,947] [MainProcess/MainThread/INFO] (shell_startup.py/update) Creating Windows Spites...Drawing Window Sprites
[2024-01-22 22:08:39,964] [MainProcess/MainThread/INFO] (shell_startup.py/update) Clearing background
[2024-01-22 22:08:39,964] [MainProcess/MainThread/INFO] (shell_startup.py/update) Creating Sprites...Drawing Background Sprites
[2024-01-22 22:08:39,964] [MainProcess/MainThread/INFO] (shell_startup.py/update) Creating Windows Spites...Drawing Window Sprites
[2024-01-22 22:08:39,982] [MainProcess/MainThread/INFO] (shell_startup.py/update) Clearing background
[2024-01-22 22:08:39,983] [MainProcess/MainThread/INFO] (shell_startup.py/update) Creating Sprites...Drawing Background Sprites
[2024-01-22 22:08:39,983] [MainProcess/MainThread/INFO] (shell_startup.py/update) Creating Windows Spites...Drawing Window Sprites
[2024-01-22 22:08:40,001] [MainProcess/MainThread/INFO] (shell_startup.py/update) Clearing background
[2024-01-22 22:08:40,001] [MainProcess/MainThread/INFO] (shell_startup.py/update) Creating Sprites...Drawing Background Sprites
[2024-01-22 22:08:40,001] [MainProcess/MainThread/INFO] (shell_startup.py/update) Creating Windows Spites...Drawing Window Sprites
[2024-01-22 22:08:40,019] [MainProcess/MainThread/INFO] (shell_startup.py/update) Clearing background
[2024-01-22 22:08:40,019] [MainProcess/MainThread/INFO] (shell_startup.py/update) Creating Sprites...Drawing Background Sprites
[2024-01-22 22:08:40,019] [MainProcess/MainThread/INFO] (shell_startup.py/update) Creating Windows Spites...Drawing Window Sprites
[2024-01-22 22:08:40,037] [MainProcess/MainThread/INFO] (shell_startup.py/update) Clearing background
[2024-01-22 22:08:40,037] [MainProcess/MainThread/INFO] (shell_startup.py/update) Creating Sprites...Drawing Background Sprites
[2024-01-22 22:08:40,037] [MainProcess/MainThread/INFO] (shell_startup.py/update) Creating Windows Spites...Drawing Window Sprites
[2024-01-22 22:08:40,056] [MainProcess/MainThread/INFO] (shell_startup.py/update) Clearing background
[2024-01-22 22:08:40,056] [MainProcess/MainThread/INFO] (shell_startup.py/update) Creating Sprites...Drawing Background Sprites
[2024-01-22 22:08:40,056] [MainProcess/MainThread/INFO] (shell_startup.py/update) Creating Windows Spites...Drawing Window Sprites
[2024-01-22 22:08:40,074] [MainProcess/MainThread/INFO] (shell_startup.py/update) Clearing background
[2024-01-22 22:08:40,074] [MainProcess/MainThread/INFO] (shell_startup.py/update) Creating Sprites...Drawing Background Sprites
[2024-01-22 22:08:40,074] [MainProcess/MainThread/INFO] (shell_startup.py/update) Creating Windows Spites...Drawing Window Sprites
[2024-01-22 22:08:40,092] [MainProcess/MainThread/INFO] (shell_startup.py/update) Clearing background
[2024-01-22 22:08:40,092] [MainProcess/MainThread/INFO] (shell_startup.py/update) Creating Sprites...Drawing Background Sprites
[2024-01-22 22:08:40,092] [MainProcess/MainThread/INFO] (shell_startup.py/update) Creating Windows Spites...Drawing Window Sprites
[2024-01-22 22:08:40,111] [MainProcess/MainThread/INFO] (shell_startup.py/update) Clearing background
[2024-01-22 22:08:40,111] [MainProcess/MainThread/INFO] (shell_startup.py/update) Creating Sprites...Drawing Background Sprites
[2024-01-22 22:08:40,111] [MainProcess/MainThread/INFO] (shell_startup.py/update) Creating Windows Spites...Drawing Window Sprites
[2024-01-22 22:08:40,128] [MainProcess/MainThread/INFO] (shell_startup.py/update) Clearing background
[2024-01-22 22:08:40,128] [MainProcess/MainThread/INFO] (shell_startup.py/update) Creating Sprites...Drawing Background Sprites
[2024-01-22 22:08:40,128] [MainProcess/MainThread/INFO] (shell_startup.py/update) Creating Windows Spites...Drawing Window Sprites
[2024-01-22 22:08:40,147] [MainProcess/MainThread/INFO] (shell_startup.py/update) Clearing background
[2024-01-22 22:08:40,147] [MainProcess/MainThread/INFO] (shell_startup.py/update) Creating Sprites...Drawing Background Sprites
[2024-01-22 22:08:40,147] [MainProcess/MainThread/INFO] (shell_startup.py/update) Creating Windows Spites...Drawing Window Sprites
[2024-01-22 22:08:40,165] [MainProcess/MainThread/INFO] (shell_startup.py/update) Clearing background
[2024-01-22 22:08:40,165] [MainProcess/MainThread/INFO] (shell_startup.py/update) Creating Sprites...Drawing Background Sprites
[2024-01-22 22:08:40,165] [MainProcess/MainThread/INFO] (shell_startup.py/update) Creating Windows Spites...Drawing Window Sprites
[2024-01-22 22:08:40,184] [MainProcess/MainThread/INFO] (shell_startup.py/update) Clearing background
[2024-01-22 22:08:40,184] [MainProcess/MainThread/INFO] (shell_startup.py/update) Creating Sprites...Drawing Background Sprites
[2024-01-22 22:08:40,184] [MainProcess/MainThread/INFO] (shell_startup.py/update) Creating Windows Spites...Drawing Window Sprites
[2024-01-22 22:08:40,201] [MainProcess/MainThread/INFO] (shell_startup.py/update) Clearing background
[2024-01-22 22:08:40,202] [MainProcess/MainThread/INFO] (shell_startup.py/update) Creating Sprites...Drawing Background Sprites
[2024-01-22 22:08:40,202] [MainProcess/MainThread/INFO] (shell_startup.py/update) Creating Windows Spites...Drawing Window Sprites
[2024-01-22 22:08:40,219] [MainProcess/MainThread/INFO] (shell_startup.py/update) Clearing background
[2024-01-22 22:08:40,220] [MainProcess/MainThread/INFO] (shell_startup.py/update) Creating Sprites...Drawing Background Sprites
[2024-01-22 22:08:40,220] [MainProcess/MainThread/INFO] (shell_startup.py/update) Creating Windows Spites...Drawing Window Sprites
[2024-01-22 22:08:40,238] [MainProcess/MainThread/INFO] (shell_startup.py/update) Clearing background
[2024-01-22 22:08:40,238] [MainProcess/MainThread/INFO] (shell_startup.py/update) Creating Sprites...Drawing Background Sprites
[2024-01-22 22:08:40,238] [MainProcess/MainThread/INFO] (shell_startup.py/update) Creating Windows Spites...Drawing Window Sprites
[2024-01-22 22:08:40,256] [MainProcess/MainThread/INFO] (shell_startup.py/update) Clearing background
[2024-01-22 22:08:40,256] [MainProcess/MainThread/INFO] (shell_startup.py/update) Creating Sprites...Drawing Background Sprites
[2024-01-22 22:08:40,256] [MainProcess/MainThread/INFO] (shell_startup.py/update) Creating Windows Spites...Drawing Window Sprites
[2024-01-22 22:08:40,274] [MainProcess/MainThread/INFO] (shell_startup.py/update) Clearing background
[2024-01-22 22:08:40,274] [MainProcess/MainThread/INFO] (shell_startup.py/update) Creating Sprites...Drawing Background Sprites
[2024-01-22 22:08:40,274] [MainProcess/MainThread/INFO] (shell_startup.py/update) Creating Windows Spites...Drawing Window Sprites
[2024-01-22 22:08:40,292] [MainProcess/MainThread/INFO] (shell_startup.py/update) Clearing background
[2024-01-22 22:08:40,292] [MainProcess/MainThread/INFO] (shell_startup.py/update) Creating Sprites...Drawing Background Sprites
[2024-01-22 22:08:40,292] [MainProcess/MainThread/INFO] (shell_startup.py/update) Creating Windows Spites...Drawing Window Sprites
[2024-01-22 22:08:40,311] [MainProcess/MainThread/INFO] (shell_startup.py/update) Clearing background
[2024-01-22 22:08:40,311] [MainProcess/MainThread/INFO] (shell_startup.py/update) Creating Sprites...Drawing Background Sprites
[2024-01-22 22:08:40,311] [MainProcess/MainThread/INFO] (shell_startup.py/update) Creating Windows Spites...Drawing Window Sprites
[2024-01-22 22:08:40,328] [MainProcess/MainThread/INFO] (shell_startup.py/update) Clearing background
[2024-01-22 22:08:40,329] [MainProcess/MainThread/INFO] (shell_startup.py/update) Creating Sprites...Drawing Background Sprites
[2024-01-22 22:08:40,329] [MainProcess/MainThread/INFO] (shell_startup.py/update) Creating Windows Spites...Drawing Window Sprites
[2024-01-22 22:08:40,347] [MainProcess/MainThread/INFO] (shell_startup.py/update) Clearing background
[2024-01-22 22:08:40,347] [MainProcess/MainThread/INFO] (shell_startup.py/update) Creating Sprites...Drawing Background Sprites
[2024-01-22 22:08:40,347] [MainProcess/MainThread/INFO] (shell_startup.py/update) Creating Windows Spites...Drawing Window Sprites
[2024-01-22 22:08:40,365] [MainProcess/MainThread/INFO] (shell_startup.py/update) Clearing background
[2024-01-22 22:08:40,365] [MainProcess/MainThread/INFO] (shell_startup.py/update) Creating Sprites...Drawing Background Sprites
[2024-01-22 22:08:40,365] [MainProcess/MainThread/INFO] (shell_startup.py/update) Creating Windows Spites...Drawing Window Sprites
[2024-01-22 22:08:40,383] [MainProcess/MainThread/INFO] (shell_startup.py/update) Clearing background
[2024-01-22 22:08:40,383] [MainProcess/MainThread/INFO] (shell_startup.py/update) Creating Sprites...Drawing Background Sprites
[2024-01-22 22:08:40,383] [MainProcess/MainThread/INFO] (shell_startup.py/update) Creating Windows Spites...Drawing Window Sprites
[2024-01-22 22:08:40,402] [MainProcess/MainThread/INFO] (shell_startup.py/update) Clearing background
[2024-01-22 22:08:40,402] [MainProcess/MainThread/INFO] (shell_startup.py/update) Creating Sprites...Drawing Background Sprites
[2024-01-22 22:08:40,402] [MainProcess/MainThread/INFO] (shell_startup.py/update) Creating Windows Spites...Drawing Window Sprites
[2024-01-22 22:08:40,420] [MainProcess/MainThread/INFO] (shell_startup.py/update) Clearing background
[2024-01-22 22:08:40,420] [MainProcess/MainThread/INFO] (shell_startup.py/update) Creating Sprites...Drawing Background Sprites
[2024-01-22 22:08:40,420] [MainProcess/MainThread/INFO] (shell_startup.py/update) Creating Windows Spites...Drawing Window Sprites
[2024-01-22 22:08:40,437] [MainProcess/MainThread/INFO] (shell_startup.py/update) Clearing background
[2024-01-22 22:08:40,437] [MainProcess/MainThread/INFO] (shell_startup.py/update) Creating Sprites...Drawing Background Sprites
[2024-01-22 22:08:40,437] [MainProcess/MainThread/INFO] (shell_startup.py/update) Creating Windows Spites...Drawing Window Sprites
[2024-01-22 22:08:40,456] [MainProcess/MainThread/INFO] (shell_startup.py/update) Clearing background
[2024-01-22 22:08:40,456] [MainProcess/MainThread/INFO] (shell_startup.py/update) Creating Sprites...Drawing Background Sprites
[2024-01-22 22:08:40,456] [MainProcess/MainThread/INFO] (shell_startup.py/update) Creating Windows Spites...Drawing Window Sprites
[2024-01-22 22:08:40,474] [MainProcess/MainThread/INFO] (shell_startup.py/update) Clearing background
[2024-01-22 22:08:40,475] [MainProcess/MainThread/INFO] (shell_startup.py/update) Creating Sprites...Drawing Background Sprites
[2024-01-22 22:08:40,475] [MainProcess/MainThread/INFO] (shell_startup.py/update) Creating Windows Spites...Drawing Window Sprites
[2024-01-22 22:08:40,492] [MainProcess/MainThread/INFO] (shell_startup.py/update) Clearing background
[2024-01-22 22:08:40,492] [MainProcess/MainThread/INFO] (shell_startup.py/update) Creating Sprites...Drawing Background Sprites
[2024-01-22 22:08:40,492] [MainProcess/MainThread/INFO] (shell_startup.py/update) Creating Windows Spites...Drawing Window Sprites
[2024-01-22 22:08:40,511] [MainProcess/MainThread/INFO] (shell_startup.py/update) Clearing background
[2024-01-22 22:08:40,511] [MainProcess/MainThread/INFO] (shell_startup.py/update) Creating Sprites...Drawing Background Sprites
[2024-01-22 22:08:40,511] [MainProcess/MainThread/INFO] (shell_startup.py/update) Creating Windows Spites...Drawing Window Sprites
[2024-01-22 22:08:40,529] [MainProcess/MainThread/INFO] (shell_startup.py/update) Clearing background
[2024-01-22 22:08:40,529] [MainProcess/MainThread/INFO] (shell_startup.py/update) Creating Sprites...Drawing Background Sprites
[2024-01-22 22:08:40,529] [MainProcess/MainThread/INFO] (shell_startup.py/update) Creating Windows Spites...Drawing Window Sprites
[2024-01-22 22:08:40,547] [MainProcess/MainThread/INFO] (shell_startup.py/update) Clearing background
[2024-01-22 22:08:40,547] [MainProcess/MainThread/INFO] (shell_startup.py/update) Creating Sprites...Drawing Background Sprites
[2024-01-22 22:08:40,547] [MainProcess/MainThread/INFO] (shell_startup.py/update) Creating Windows Spites...Drawing Window Sprites
[2024-01-22 22:08:40,565] [MainProcess/MainThread/INFO] (shell_startup.py/update) Clearing background
[2024-01-22 22:08:40,565] [MainProcess/MainThread/INFO] (shell_startup.py/update) Creating Sprites...Drawing Background Sprites
[2024-01-22 22:08:40,565] [MainProcess/MainThread/INFO] (shell_startup.py/update) Creating Windows Spites...Drawing Window Sprites
[2024-01-22 22:08:40,584] [MainProcess/MainThread/INFO] (shell_startup.py/update) Clearing background
[2024-01-22 22:08:40,584] [MainProcess/MainThread/INFO] (shell_startup.py/update) Creating Sprites...Drawing Background Sprites
[2024-01-22 22:08:40,584] [MainProcess/MainThread/INFO] (shell_startup.py/update) Creating Windows Spites...Drawing Window Sprites
[2024-01-22 22:08:40,602] [MainProcess/MainThread/INFO] (shell_startup.py/update) Clearing background
[2024-01-22 22:08:40,602] [MainProcess/MainThread/INFO] (shell_startup.py/update) Creating Sprites...Drawing Background Sprites
[2024-01-22 22:08:40,602] [MainProcess/MainThread/INFO] (shell_startup.py/update) Creating Windows Spites...Drawing Window Sprites
[2024-01-22 22:08:40,620] [MainProcess/MainThread/INFO] (shell_startup.py/update) Clearing background
[2024-01-22 22:08:40,620] [MainProcess/MainThread/INFO] (shell_startup.py/update) Creating Sprites...Drawing Background Sprites
[2024-01-22 22:08:40,620] [MainProcess/MainThread/INFO] (shell_startup.py/update) Creating Windows Spites...Drawing Window Sprites
[2024-01-22 22:08:40,638] [MainProcess/MainThread/INFO] (shell_startup.py/update) Clearing background
[2024-01-22 22:08:40,638] [MainProcess/MainThread/INFO] (shell_startup.py/update) Creating Sprites...Drawing Background Sprites
[2024-01-22 22:08:40,638] [MainProcess/MainThread/INFO] (shell_startup.py/update) Creating Windows Spites...Drawing Window Sprites
[2024-01-22 22:08:40,657] [MainProcess/MainThread/INFO] (shell_startup.py/update) Clearing background
[2024-01-22 22:08:40,657] [MainProcess/MainThread/INFO] (shell_startup.py/update) Creating Sprites...Drawing Background Sprites
[2024-01-22 22:08:40,657] [MainProcess/MainThread/INFO] (shell_startup.py/update) Creating Windows Spites...Drawing Window Sprites
[2024-01-22 22:08:40,675] [MainProcess/MainThread/INFO] (shell_startup.py/update) Clearing background
[2024-01-22 22:08:40,675] [MainProcess/MainThread/INFO] (shell_startup.py/update) Creating Sprites...Drawing Background Sprites
[2024-01-22 22:08:40,675] [MainProcess/MainThread/INFO] (shell_startup.py/update) Creating Windows Spites...Drawing Window Sprites
[2024-01-22 22:08:40,692] [MainProcess/MainThread/INFO] (shell_startup.py/update) Clearing background
[2024-01-22 22:08:40,692] [MainProcess/MainThread/INFO] (shell_startup.py/update) Creating Sprites...Drawing Background Sprites
[2024-01-22 22:08:40,693] [MainProcess/MainThread/INFO] (shell_startup.py/update) Creating Windows Spites...Drawing Window Sprites
[2024-01-22 22:08:40,711] [MainProcess/MainThread/INFO] (shell_startup.py/update) Clearing background
[2024-01-22 22:08:40,711] [MainProcess/MainThread/INFO] (shell_startup.py/update) Creating Sprites...Drawing Background Sprites
[2024-01-22 22:08:40,711] [MainProcess/MainThread/INFO] (shell_startup.py/update) Creating Windows Spites...Drawing Window Sprites
[2024-01-22 22:08:40,729] [MainProcess/MainThread/INFO] (shell_startup.py/update) Clearing background
[2024-01-22 22:08:40,729] [MainProcess/MainThread/INFO] (shell_startup.py/update) Creating Sprites...Drawing Background Sprites
[2024-01-22 22:08:40,729] [MainProcess/MainThread/INFO] (shell_startup.py/update) Creating Windows Spites...Drawing Window Sprites
[2024-01-22 22:08:40,747] [MainProcess/MainThread/INFO] (shell_startup.py/update) Clearing background
[2024-01-22 22:08:40,747] [MainProcess/MainThread/INFO] (shell_startup.py/update) Creating Sprites...Drawing Background Sprites
[2024-01-22 22:08:40,747] [MainProcess/MainThread/INFO] (shell_startup.py/update) Creating Windows Spites...Drawing Window Sprites
[2024-01-22 22:08:40,765] [MainProcess/MainThread/INFO] (shell_startup.py/update) Clearing background
[2024-01-22 22:08:40,765] [MainProcess/MainThread/INFO] (shell_startup.py/update) Creating Sprites...Drawing Background Sprites
[2024-01-22 22:08:40,765] [MainProcess/MainThread/INFO] (shell_startup.py/update) Creating Windows Spites...Drawing Window Sprites
[2024-01-22 22:08:40,784] [MainProcess/MainThread/INFO] (shell_startup.py/update) Clearing background
[2024-01-22 22:08:40,784] [MainProcess/MainThread/INFO] (shell_startup.py/update) Creating Sprites...Drawing Background Sprites
[2024-01-22 22:08:40,784] [MainProcess/MainThread/INFO] (shell_startup.py/update) Creating Windows Spites...Drawing Window Sprites
[2024-01-22 22:08:40,802] [MainProcess/MainThread/INFO] (shell_startup.py/update) Clearing background
[2024-01-22 22:08:40,802] [MainProcess/MainThread/INFO] (shell_startup.py/update) Creating Sprites...Drawing Background Sprites
[2024-01-22 22:08:40,802] [MainProcess/MainThread/INFO] (shell_startup.py/update) Creating Windows Spites...Drawing Window Sprites
[2024-01-22 22:08:40,821] [MainProcess/MainThread/INFO] (shell_startup.py/update) Clearing background
[2024-01-22 22:08:40,821] [MainProcess/MainThread/INFO] (shell_startup.py/update) Creating Sprites...Drawing Background Sprites
[2024-01-22 22:08:40,821] [MainProcess/MainThread/INFO] (shell_startup.py/update) Creating Windows Spites...Drawing Window Sprites
[2024-01-22 22:08:40,839] [MainProcess/MainThread/INFO] (shell_startup.py/update) Clearing background
[2024-01-22 22:08:40,839] [MainProcess/MainThread/INFO] (shell_startup.py/update) Creating Sprites...Drawing Background Sprites
[2024-01-22 22:08:40,839] [MainProcess/MainThread/INFO] (shell_startup.py/update) Creating Windows Spites...Drawing Window Sprites
[2024-01-22 22:08:40,857] [MainProcess/MainThread/INFO] (shell_startup.py/update) Clearing background
[2024-01-22 22:08:40,857] [MainProcess/MainThread/INFO] (shell_startup.py/update) Creating Sprites...Drawing Background Sprites
[2024-01-22 22:08:40,857] [MainProcess/MainThread/INFO] (shell_startup.py/update) Creating Windows Spites...Drawing Window Sprites
[2024-01-22 22:08:40,875] [MainProcess/MainThread/INFO] (shell_startup.py/update) Clearing background
[2024-01-22 22:08:40,875] [MainProcess/MainThread/INFO] (shell_startup.py/update) Creating Sprites...Drawing Background Sprites
[2024-01-22 22:08:40,875] [MainProcess/MainThread/INFO] (shell_startup.py/update) Creating Windows Spites...Drawing Window Sprites
[2024-01-22 22:08:40,893] [MainProcess/MainThread/INFO] (shell_startup.py/update) Clearing background
[2024-01-22 22:08:40,893] [MainProcess/MainThread/INFO] (shell_startup.py/update) Creating Sprites...Drawing Background Sprites
[2024-01-22 22:08:40,893] [MainProcess/MainThread/INFO] (shell_startup.py/update) Creating Windows Spites...Drawing Window Sprites
[2024-01-22 22:08:40,912] [MainProcess/MainThread/INFO] (shell_startup.py/update) Clearing background
[2024-01-22 22:08:40,912] [MainProcess/MainThread/INFO] (shell_startup.py/update) Creating Sprites...Drawing Background Sprites
[2024-01-22 22:08:40,912] [MainProcess/MainThread/INFO] (shell_startup.py/update) Creating Windows Spites...Drawing Window Sprites
[2024-01-22 22:08:40,929] [MainProcess/MainThread/INFO] (shell_startup.py/update) Clearing background
[2024-01-22 22:08:40,930] [MainProcess/MainThread/INFO] (shell_startup.py/update) Creating Sprites...Drawing Background Sprites
[2024-01-22 22:08:40,930] [MainProcess/MainThread/INFO] (shell_startup.py/update) Creating Windows Spites...Drawing Window Sprites
[2024-01-22 22:08:40,948] [MainProcess/MainThread/INFO] (shell_startup.py/update) Clearing background
[2024-01-22 22:08:40,948] [MainProcess/MainThread/INFO] (shell_startup.py/update) Creating Sprites...Drawing Background Sprites
[2024-01-22 22:08:40,948] [MainProcess/MainThread/INFO] (shell_startup.py/update) Creating Windows Spites...Drawing Window Sprites
[2024-01-22 22:08:40,966] [MainProcess/MainThread/INFO] (shell_startup.py/update) Clearing background
[2024-01-22 22:08:40,966] [MainProcess/MainThread/INFO] (shell_startup.py/update) Creating Sprites...Drawing Background Sprites
[2024-01-22 22:08:40,967] [MainProcess/MainThread/INFO] (shell_startup.py/update) Creating Windows Spites...Drawing Window Sprites
[2024-01-22 22:08:40,984] [MainProcess/MainThread/INFO] (shell_startup.py/update) Clearing background
[2024-01-22 22:08:40,985] [MainProcess/MainThread/INFO] (shell_startup.py/update) Creating Sprites...Drawing Background Sprites
[2024-01-22 22:08:40,985] [MainProcess/MainThread/INFO] (shell_startup.py/update) Creating Windows Spites...Drawing Window Sprites
[2024-01-22 22:08:41,002] [MainProcess/MainThread/INFO] (shell_startup.py/update) Clearing background
[2024-01-22 22:08:41,006] [MainProcess/MainThread/INFO] (shell_startup.py/update) Creating Sprites...Drawing Background Sprites
[2024-01-22 22:08:41,006] [MainProcess/MainThread/INFO] (shell_startup.py/update) Creating Windows Spites...Drawing Window Sprites
[2024-01-22 22:08:41,020] [MainProcess/MainThread/INFO] (shell_startup.py/update) Clearing background
[2024-01-22 22:08:41,021] [MainProcess/MainThread/INFO] (shell_startup.py/update) Creating Sprites...Drawing Background Sprites
[2024-01-22 22:08:41,021] [MainProcess/MainThread/INFO] (shell_startup.py/update) Creating Windows Spites...Drawing Window Sprites
[2024-01-22 22:08:41,039] [MainProcess/MainThread/INFO] (shell_startup.py/update) Clearing background
[2024-01-22 22:08:41,039] [MainProcess/MainThread/INFO] (shell_startup.py/update) Creating Sprites...Drawing Background Sprites
[2024-01-22 22:08:41,039] [MainProcess/MainThread/INFO] (shell_startup.py/update) Creating Windows Spites...Drawing Window Sprites
[2024-01-22 22:08:41,057] [MainProcess/MainThread/INFO] (shell_startup.py/update) Clearing background
[2024-01-22 22:08:41,057] [MainProcess/MainThread/INFO] (shell_startup.py/update) Creating Sprites...Drawing Background Sprites
[2024-01-22 22:08:41,057] [MainProcess/MainThread/INFO] (shell_startup.py/update) Creating Windows Spites...Drawing Window Sprites
[2024-01-22 22:08:41,075] [MainProcess/MainThread/INFO] (shell_startup.py/update) Clearing background
[2024-01-22 22:08:41,075] [MainProcess/MainThread/INFO] (shell_startup.py/update) Creating Sprites...Drawing Background Sprites
[2024-01-22 22:08:41,075] [MainProcess/MainThread/INFO] (shell_startup.py/update) Creating Windows Spites...Drawing Window Sprites
[2024-01-22 22:08:41,093] [MainProcess/MainThread/INFO] (shell_startup.py/update) Clearing background
[2024-01-22 22:08:41,093] [MainProcess/MainThread/INFO] (shell_startup.py/update) Creating Sprites...Drawing Background Sprites
[2024-01-22 22:08:41,093] [MainProcess/MainThread/INFO] (shell_startup.py/update) Creating Windows Spites...Drawing Window Sprites
[2024-01-22 22:08:41,112] [MainProcess/MainThread/INFO] (shell_startup.py/update) Clearing background
[2024-01-22 22:08:41,112] [MainProcess/MainThread/INFO] (shell_startup.py/update) Creating Sprites...Drawing Background Sprites
[2024-01-22 22:08:41,112] [MainProcess/MainThread/INFO] (shell_startup.py/update) Creating Windows Spites...Drawing Window Sprites
[2024-01-22 22:08:41,130] [MainProcess/MainThread/INFO] (shell_startup.py/update) Clearing background
[2024-01-22 22:08:41,130] [MainProcess/MainThread/INFO] (shell_startup.py/update) Creating Sprites...Drawing Background Sprites
[2024-01-22 22:08:41,130] [MainProcess/MainThread/INFO] (shell_startup.py/update) Creating Windows Spites...Drawing Window Sprites
[2024-01-22 22:08:41,148] [MainProcess/MainThread/INFO] (shell_startup.py/update) Clearing background
[2024-01-22 22:08:41,148] [MainProcess/MainThread/INFO] (shell_startup.py/update) Creating Sprites...Drawing Background Sprites
[2024-01-22 22:08:41,148] [MainProcess/MainThread/INFO] (shell_startup.py/update) Creating Windows Spites...Drawing Window Sprites
[2024-01-22 22:08:41,167] [MainProcess/MainThread/INFO] (shell_startup.py/update) Clearing background
[2024-01-22 22:08:41,167] [MainProcess/MainThread/INFO] (shell_startup.py/update) Creating Sprites...Drawing Background Sprites
[2024-01-22 22:08:41,167] [MainProcess/MainThread/INFO] (shell_startup.py/update) Creating Windows Spites...Drawing Window Sprites
[2024-01-22 22:08:41,185] [MainProcess/MainThread/INFO] (shell_startup.py/update) Clearing background
[2024-01-22 22:08:41,185] [MainProcess/MainThread/INFO] (shell_startup.py/update) Creating Sprites...Drawing Background Sprites
[2024-01-22 22:08:41,185] [MainProcess/MainThread/INFO] (shell_startup.py/update) Creating Windows Spites...Drawing Window Sprites
[2024-01-22 22:08:41,203] [MainProcess/MainThread/INFO] (shell_startup.py/update) Clearing background
[2024-01-22 22:08:41,203] [MainProcess/MainThread/INFO] (shell_startup.py/update) Creating Sprites...Drawing Background Sprites
[2024-01-22 22:08:41,203] [MainProcess/MainThread/INFO] (shell_startup.py/update) Creating Windows Spites...Drawing Window Sprites
[2024-01-22 22:08:41,221] [MainProcess/MainThread/INFO] (shell_startup.py/update) Clearing background
[2024-01-22 22:08:41,221] [MainProcess/MainThread/INFO] (shell_startup.py/update) Creating Sprites...Drawing Background Sprites
[2024-01-22 22:08:41,221] [MainProcess/MainThread/INFO] (shell_startup.py/update) Creating Windows Spites...Drawing Window Sprites
[2024-01-22 22:08:41,239] [MainProcess/MainThread/INFO] (shell_startup.py/update) Clearing background
[2024-01-22 22:08:41,239] [MainProcess/MainThread/INFO] (shell_startup.py/update) Creating Sprites...Drawing Background Sprites
[2024-01-22 22:08:41,239] [MainProcess/MainThread/INFO] (shell_startup.py/update) Creating Windows Spites...Drawing Window Sprites
[2024-01-22 22:08:41,257] [MainProcess/MainThread/INFO] (shell_startup.py/update) Clearing background
[2024-01-22 22:08:41,257] [MainProcess/MainThread/INFO] (shell_startup.py/update) Creating Sprites...Drawing Background Sprites
[2024-01-22 22:08:41,257] [MainProcess/MainThread/INFO] (shell_startup.py/update) Creating Windows Spites...Drawing Window Sprites
[2024-01-22 22:08:41,276] [MainProcess/MainThread/INFO] (shell_startup.py/update) Clearing background
[2024-01-22 22:08:41,276] [MainProcess/MainThread/INFO] (shell_startup.py/update) Creating Sprites...Drawing Background Sprites
[2024-01-22 22:08:41,276] [MainProcess/MainThread/INFO] (shell_startup.py/update) Creating Windows Spites...Drawing Window Sprites
[2024-01-22 22:08:41,294] [MainProcess/MainThread/INFO] (shell_startup.py/update) Clearing background
[2024-01-22 22:08:41,294] [MainProcess/MainThread/INFO] (shell_startup.py/update) Creating Sprites...Drawing Background Sprites
[2024-01-22 22:08:41,294] [MainProcess/MainThread/INFO] (shell_startup.py/update) Creating Windows Spites...Drawing Window Sprites
[2024-01-22 22:08:41,311] [MainProcess/MainThread/INFO] (shell_startup.py/update) Clearing background
[2024-01-22 22:08:41,312] [MainProcess/MainThread/INFO] (shell_startup.py/update) Creating Sprites...Drawing Background Sprites
[2024-01-22 22:08:41,312] [MainProcess/MainThread/INFO] (shell_startup.py/update) Creating Windows Spites...Drawing Window Sprites
[2024-01-22 22:08:41,331] [MainProcess/MainThread/INFO] (shell_startup.py/update) Clearing background
[2024-01-22 22:08:41,331] [MainProcess/MainThread/INFO] (shell_startup.py/update) Creating Sprites...Drawing Background Sprites
[2024-01-22 22:08:41,331] [MainProcess/MainThread/INFO] (shell_startup.py/update) Creating Windows Spites...Drawing Window Sprites
[2024-01-22 22:08:41,348] [MainProcess/MainThread/INFO] (shell_startup.py/update) Clearing background
[2024-01-22 22:08:41,348] [MainProcess/MainThread/INFO] (shell_startup.py/update) Creating Sprites...Drawing Background Sprites
[2024-01-22 22:08:41,348] [MainProcess/MainThread/INFO] (shell_startup.py/update) Creating Windows Spites...Drawing Window Sprites
[2024-01-22 22:08:41,366] [MainProcess/MainThread/INFO] (shell_startup.py/update) Clearing background
[2024-01-22 22:08:41,367] [MainProcess/MainThread/INFO] (shell_startup.py/update) Creating Sprites...Drawing Background Sprites
[2024-01-22 22:08:41,367] [MainProcess/MainThread/INFO] (shell_startup.py/update) Creating Windows Spites...Drawing Window Sprites
[2024-01-22 22:08:41,384] [MainProcess/MainThread/INFO] (shell_startup.py/update) Clearing background
[2024-01-22 22:08:41,385] [MainProcess/MainThread/INFO] (shell_startup.py/update) Creating Sprites...Drawing Background Sprites
[2024-01-22 22:08:41,385] [MainProcess/MainThread/INFO] (shell_startup.py/update) Creating Windows Spites...Drawing Window Sprites
[2024-01-22 22:08:41,403] [MainProcess/MainThread/INFO] (shell_startup.py/update) Clearing background
[2024-01-22 22:08:41,403] [MainProcess/MainThread/INFO] (shell_startup.py/update) Creating Sprites...Drawing Background Sprites
[2024-01-22 22:08:41,403] [MainProcess/MainThread/INFO] (shell_startup.py/update) Creating Windows Spites...Drawing Window Sprites
[2024-01-22 22:08:41,421] [MainProcess/MainThread/INFO] (shell_startup.py/update) Clearing background
[2024-01-22 22:08:41,422] [MainProcess/MainThread/INFO] (shell_startup.py/update) Creating Sprites...Drawing Background Sprites
[2024-01-22 22:08:41,422] [MainProcess/MainThread/INFO] (shell_startup.py/update) Creating Windows Spites...Drawing Window Sprites
[2024-01-22 22:08:41,439] [MainProcess/MainThread/INFO] (shell_startup.py/update) Clearing background
[2024-01-22 22:08:41,440] [MainProcess/MainThread/INFO] (shell_startup.py/update) Creating Sprites...Drawing Background Sprites
[2024-01-22 22:08:41,440] [MainProcess/MainThread/INFO] (shell_startup.py/update) Creating Windows Spites...Drawing Window Sprites
[2024-01-22 22:08:41,458] [MainProcess/MainThread/INFO] (shell_startup.py/update) Clearing background
[2024-01-22 22:08:41,458] [MainProcess/MainThread/INFO] (shell_startup.py/update) Creating Sprites...Drawing Background Sprites
[2024-01-22 22:08:41,458] [MainProcess/MainThread/INFO] (shell_startup.py/update) Creating Windows Spites...Drawing Window Sprites
[2024-01-22 22:08:41,476] [MainProcess/MainThread/INFO] (shell_startup.py/update) Clearing background
[2024-01-22 22:08:41,476] [MainProcess/MainThread/INFO] (shell_startup.py/update) Creating Sprites...Drawing Background Sprites
[2024-01-22 22:08:41,476] [MainProcess/MainThread/INFO] (shell_startup.py/update) Creating Windows Spites...Drawing Window Sprites
[2024-01-22 22:08:41,495] [MainProcess/MainThread/INFO] (shell_startup.py/update) Clearing background
[2024-01-22 22:08:41,495] [MainProcess/MainThread/INFO] (shell_startup.py/update) Creating Sprites...Drawing Background Sprites
[2024-01-22 22:08:41,495] [MainProcess/MainThread/INFO] (shell_startup.py/update) Creating Windows Spites...Drawing Window Sprites
[2024-01-22 22:08:41,512] [MainProcess/MainThread/INFO] (shell_startup.py/update) Clearing background
[2024-01-22 22:08:41,512] [MainProcess/MainThread/INFO] (shell_startup.py/update) Creating Sprites...Drawing Background Sprites
[2024-01-22 22:08:41,512] [MainProcess/MainThread/INFO] (shell_startup.py/update) Creating Windows Spites...Drawing Window Sprites
[2024-01-22 22:08:41,531] [MainProcess/MainThread/INFO] (shell_startup.py/update) Clearing background
[2024-01-22 22:08:41,531] [MainProcess/MainThread/INFO] (shell_startup.py/update) Creating Sprites...Drawing Background Sprites
[2024-01-22 22:08:41,531] [MainProcess/MainThread/INFO] (shell_startup.py/update) Creating Windows Spites...Drawing Window Sprites
[2024-01-22 22:08:41,549] [MainProcess/MainThread/INFO] (shell_startup.py/update) Clearing background
[2024-01-22 22:08:41,549] [MainProcess/MainThread/INFO] (shell_startup.py/update) Creating Sprites...Drawing Background Sprites
[2024-01-22 22:08:41,549] [MainProcess/MainThread/INFO] (shell_startup.py/update) Creating Windows Spites...Drawing Window Sprites
[2024-01-22 22:08:41,567] [MainProcess/MainThread/INFO] (shell_startup.py/update) Clearing background
[2024-01-22 22:08:41,567] [MainProcess/MainThread/INFO] (shell_startup.py/update) Creating Sprites...Drawing Background Sprites
[2024-01-22 22:08:41,567] [MainProcess/MainThread/INFO] (shell_startup.py/update) Creating Windows Spites...Drawing Window Sprites
[2024-01-22 22:08:41,585] [MainProcess/MainThread/INFO] (shell_startup.py/update) Clearing background
[2024-01-22 22:08:41,586] [MainProcess/MainThread/INFO] (shell_startup.py/update) Creating Sprites...Drawing Background Sprites
[2024-01-22 22:08:41,586] [MainProcess/MainThread/INFO] (shell_startup.py/update) Creating Windows Spites...Drawing Window Sprites
[2024-01-22 22:08:41,603] [MainProcess/MainThread/INFO] (shell_startup.py/update) Clearing background
[2024-01-22 22:08:41,603] [MainProcess/MainThread/INFO] (shell_startup.py/update) Creating Sprites...Drawing Background Sprites
[2024-01-22 22:08:41,604] [MainProcess/MainThread/INFO] (shell_startup.py/update) Creating Windows Spites...Drawing Window Sprites
[2024-01-22 22:08:41,621] [MainProcess/MainThread/INFO] (shell_startup.py/update) Clearing background
[2024-01-22 22:08:41,621] [MainProcess/MainThread/INFO] (shell_startup.py/update) Creating Sprites...Drawing Background Sprites
[2024-01-22 22:08:41,621] [MainProcess/MainThread/INFO] (shell_startup.py/update) Creating Windows Spites...Drawing Window Sprites
[2024-01-22 22:08:41,639] [MainProcess/MainThread/INFO] (shell_startup.py/update) Clearing background
[2024-01-22 22:08:41,640] [MainProcess/MainThread/INFO] (shell_startup.py/update) Creating Sprites...Drawing Background Sprites
[2024-01-22 22:08:41,640] [MainProcess/MainThread/INFO] (shell_startup.py/update) Creating Windows Spites...Drawing Window Sprites
[2024-01-22 22:08:41,658] [MainProcess/MainThread/INFO] (shell_startup.py/update) Clearing background
[2024-01-22 22:08:41,658] [MainProcess/MainThread/INFO] (shell_startup.py/update) Creating Sprites...Drawing Background Sprites
[2024-01-22 22:08:41,658] [MainProcess/MainThread/INFO] (shell_startup.py/update) Creating Windows Spites...Drawing Window Sprites
[2024-01-22 22:08:41,677] [MainProcess/MainThread/INFO] (shell_startup.py/update) Clearing background
[2024-01-22 22:08:41,677] [MainProcess/MainThread/INFO] (shell_startup.py/update) Creating Sprites...Drawing Background Sprites
[2024-01-22 22:08:41,677] [MainProcess/MainThread/INFO] (shell_startup.py/update) Creating Windows Spites...Drawing Window Sprites
[2024-01-22 22:08:41,694] [MainProcess/MainThread/INFO] (shell_startup.py/update) Clearing background
[2024-01-22 22:08:41,694] [MainProcess/MainThread/INFO] (shell_startup.py/update) Creating Sprites...Drawing Background Sprites
[2024-01-22 22:08:41,694] [MainProcess/MainThread/INFO] (shell_startup.py/update) Creating Windows Spites...Drawing Window Sprites
[2024-01-22 22:08:41,712] [MainProcess/MainThread/INFO] (shell_startup.py/update) Clearing background
[2024-01-22 22:08:41,713] [MainProcess/MainThread/INFO] (shell_startup.py/update) Creating Sprites...Drawing Background Sprites
[2024-01-22 22:08:41,713] [MainProcess/MainThread/INFO] (shell_startup.py/update) Creating Windows Spites...Drawing Window Sprites
[2024-01-22 22:08:41,731] [MainProcess/MainThread/INFO] (shell_startup.py/update) Clearing background
[2024-01-22 22:08:41,731] [MainProcess/MainThread/INFO] (shell_startup.py/update) Creating Sprites...Drawing Background Sprites
[2024-01-22 22:08:41,731] [MainProcess/MainThread/INFO] (shell_startup.py/update) Creating Windows Spites...Drawing Window Sprites
[2024-01-22 22:08:41,749] [MainProcess/MainThread/INFO] (shell_startup.py/update) Clearing background
[2024-01-22 22:08:41,749] [MainProcess/MainThread/INFO] (shell_startup.py/update) Creating Sprites...Drawing Background Sprites
[2024-01-22 22:08:41,749] [MainProcess/MainThread/INFO] (shell_startup.py/update) Creating Windows Spites...Drawing Window Sprites
[2024-01-22 22:08:41,767] [MainProcess/MainThread/INFO] (shell_startup.py/update) Clearing background
[2024-01-22 22:08:41,767] [MainProcess/MainThread/INFO] (shell_startup.py/update) Creating Sprites...Drawing Background Sprites
[2024-01-22 22:08:41,767] [MainProcess/MainThread/INFO] (shell_startup.py/update) Creating Windows Spites...Drawing Window Sprites
[2024-01-22 22:08:41,786] [MainProcess/MainThread/INFO] (shell_startup.py/update) Clearing background
[2024-01-22 22:08:41,786] [MainProcess/MainThread/INFO] (shell_startup.py/update) Creating Sprites...Drawing Background Sprites
[2024-01-22 22:08:41,786] [MainProcess/MainThread/INFO] (shell_startup.py/update) Creating Windows Spites...Drawing Window Sprites
[2024-01-22 22:08:41,803] [MainProcess/MainThread/INFO] (shell_startup.py/update) Clearing background
[2024-01-22 22:08:41,804] [MainProcess/MainThread/INFO] (shell_startup.py/update) Creating Sprites...Drawing Background Sprites
[2024-01-22 22:08:41,804] [MainProcess/MainThread/INFO] (shell_startup.py/update) Creating Windows Spites...Drawing Window Sprites
[2024-01-22 22:08:41,822] [MainProcess/MainThread/INFO] (shell_startup.py/update) Clearing background
[2024-01-22 22:08:41,822] [MainProcess/MainThread/INFO] (shell_startup.py/update) Creating Sprites...Drawing Background Sprites
[2024-01-22 22:08:41,822] [MainProcess/MainThread/INFO] (shell_startup.py/update) Creating Windows Spites...Drawing Window Sprites
[2024-01-22 22:08:41,840] [MainProcess/MainThread/INFO] (shell_startup.py/update) Clearing background
[2024-01-22 22:08:41,840] [MainProcess/MainThread/INFO] (shell_startup.py/update) Creating Sprites...Drawing Background Sprites
[2024-01-22 22:08:41,841] [MainProcess/MainThread/INFO] (shell_startup.py/update) Creating Windows Spites...Drawing Window Sprites
[2024-01-22 22:08:41,858] [MainProcess/MainThread/INFO] (shell_startup.py/update) Clearing background
[2024-01-22 22:08:41,859] [MainProcess/MainThread/INFO] (shell_startup.py/update) Creating Sprites...Drawing Background Sprites
[2024-01-22 22:08:41,859] [MainProcess/MainThread/INFO] (shell_startup.py/update) Creating Windows Spites...Drawing Window Sprites
[2024-01-22 22:08:41,876] [MainProcess/MainThread/INFO] (shell_startup.py/update) Clearing background
[2024-01-22 22:08:41,876] [MainProcess/MainThread/INFO] (shell_startup.py/update) Creating Sprites...Drawing Background Sprites
[2024-01-22 22:08:41,877] [MainProcess/MainThread/INFO] (shell_startup.py/update) Creating Windows Spites...Drawing Window Sprites
[2024-01-22 22:08:41,894] [MainProcess/MainThread/INFO] (shell_startup.py/update) Clearing background
[2024-01-22 22:08:41,895] [MainProcess/MainThread/INFO] (shell_startup.py/update) Creating Sprites...Drawing Background Sprites
[2024-01-22 22:08:41,895] [MainProcess/MainThread/INFO] (shell_startup.py/update) Creating Windows Spites...Drawing Window Sprites
[2024-01-22 22:08:41,912] [MainProcess/MainThread/INFO] (shell_startup.py/update) Clearing background
[2024-01-22 22:08:41,913] [MainProcess/MainThread/INFO] (shell_startup.py/update) Creating Sprites...Drawing Background Sprites
[2024-01-22 22:08:41,913] [MainProcess/MainThread/INFO] (shell_startup.py/update) Creating Windows Spites...Drawing Window Sprites
[2024-01-22 22:08:41,931] [MainProcess/MainThread/INFO] (shell_startup.py/update) Clearing background
[2024-01-22 22:08:41,931] [MainProcess/MainThread/INFO] (shell_startup.py/update) Creating Sprites...Drawing Background Sprites
[2024-01-22 22:08:41,931] [MainProcess/MainThread/INFO] (shell_startup.py/update) Creating Windows Spites...Drawing Window Sprites
[2024-01-22 22:08:41,949] [MainProcess/MainThread/INFO] (shell_startup.py/update) Clearing background
[2024-01-22 22:08:41,950] [MainProcess/MainThread/INFO] (shell_startup.py/update) Creating Sprites...Drawing Background Sprites
[2024-01-22 22:08:41,950] [MainProcess/MainThread/INFO] (shell_startup.py/update) Creating Windows Spites...Drawing Window Sprites
[2024-01-22 22:08:41,967] [MainProcess/MainThread/INFO] (shell_startup.py/update) Clearing background
[2024-01-22 22:08:41,967] [MainProcess/MainThread/INFO] (shell_startup.py/update) Creating Sprites...Drawing Background Sprites
[2024-01-22 22:08:41,967] [MainProcess/MainThread/INFO] (shell_startup.py/update) Creating Windows Spites...Drawing Window Sprites
[2024-01-22 22:08:41,985] [MainProcess/MainThread/INFO] (shell_startup.py/update) Clearing background
[2024-01-22 22:08:41,986] [MainProcess/MainThread/INFO] (shell_startup.py/update) Creating Sprites...Drawing Background Sprites
[2024-01-22 22:08:41,986] [MainProcess/MainThread/INFO] (shell_startup.py/update) Creating Windows Spites...Drawing Window Sprites
[2024-01-22 22:08:42,004] [MainProcess/MainThread/INFO] (shell_startup.py/update) Clearing background
[2024-01-22 22:08:42,004] [MainProcess/MainThread/INFO] (shell_startup.py/update) Creating Sprites...Drawing Background Sprites
[2024-01-22 22:08:42,004] [MainProcess/MainThread/INFO] (shell_startup.py/update) Creating Windows Spites...Drawing Window Sprites
[2024-01-22 22:08:42,022] [MainProcess/MainThread/INFO] (shell_startup.py/update) Clearing background
[2024-01-22 22:08:42,023] [MainProcess/MainThread/INFO] (shell_startup.py/update) Creating Sprites...Drawing Background Sprites
[2024-01-22 22:08:42,023] [MainProcess/MainThread/INFO] (shell_startup.py/update) Creating Windows Spites...Drawing Window Sprites
[2024-01-22 22:08:42,040] [MainProcess/MainThread/INFO] (shell_startup.py/update) Clearing background
[2024-01-22 22:08:42,040] [MainProcess/MainThread/INFO] (shell_startup.py/update) Creating Sprites...Drawing Background Sprites
[2024-01-22 22:08:42,040] [MainProcess/MainThread/INFO] (shell_startup.py/update) Creating Windows Spites...Drawing Window Sprites
[2024-01-22 22:08:42,059] [MainProcess/MainThread/INFO] (shell_startup.py/update) Clearing background
[2024-01-22 22:08:42,059] [MainProcess/MainThread/INFO] (shell_startup.py/update) Creating Sprites...Drawing Background Sprites
[2024-01-22 22:08:42,059] [MainProcess/MainThread/INFO] (shell_startup.py/update) Creating Windows Spites...Drawing Window Sprites
