[LOGS]
[2024-01-22 22:23:35,876] [MainProcess/MainThread/INFO] (shell_startup.py/update) Clearing background
[2024-01-22 22:23:35,878] [MainProcess/MainThread/INFO] (shell_startup.py/update) Creating Sprites...Drawing Background Sprites
[2024-01-22 22:23:35,878] [MainProcess/MainThread/INFO] (shell_startup.py/update) Creating Windows Spites...Drawing Window Sprites
[2024-01-22 22:23:35,893] [MainProcess/MainThread/INFO] (shell_startup.py/update) Clearing background
[2024-01-22 22:23:35,894] [MainProcess/MainThread/INFO] (shell_startup.py/update) Creating Sprites...Drawing Background Sprites
[2024-01-22 22:23:35,895] [MainProcess/MainThread/INFO] (shell_startup.py/update) Creating Windows Spites...Drawing Window Sprites
[2024-01-22 22:23:35,911] [MainProcess/MainThread/INFO] (shell_startup.py/update) Clearing background
[2024-01-22 22:23:35,912] [MainProcess/MainThread/INFO] (shell_startup.py/update) Creating Sprites...Drawing Background Sprites
[2024-01-22 22:23:35,912] [MainProcess/MainThread/INFO] (shell_startup.py/update) Creating Windows Spites...Drawing Window Sprites
[2024-01-22 22:23:35,929] [MainProcess/MainThread/INFO] (shell_startup.py/update) Clearing background
[2024-01-22 22:23:35,930] [MainProcess/MainThread/INFO] (shell_startup.py/update) Creating Sprites...Drawing Background Sprites
[2024-01-22 22:23:35,930] [MainProcess/MainThread/INFO] (shell_startup.py/update) Creating Windows Spites...Drawing Window Sprites
[2024-01-22 22:23:35,948] [MainProcess/MainThread/INFO] (shell_startup.py/update) Clearing background
[2024-01-22 22:23:35,948] [MainProcess/MainThread/INFO] (shell_startup.py/update) Creating Sprites...Drawing Background Sprites
[2024-01-22 22:23:35,948] [MainProcess/MainThread/INFO] (shell_startup.py/update) Creating Windows Spites...Drawing Window Sprites
[2024-01-22 22:23:35,967] [MainProcess/MainThread/INFO] (shell_startup.py/update) Clearing background
[2024-01-22 22:23:35,967] [MainProcess/MainThread/INFO] (shell_startup.py/update) Creating Sprites...Drawing Background Sprites
[2024-01-22 22:23:35,967] [MainProcess/MainThread/INFO] (shell_startup.py/update) Creating Windows Spites...Drawing Window Sprites
[2024-01-22 22:23:35,984] [MainProcess/MainThread/INFO] (shell_startup.py/update) Clearing background
[2024-01-22 22:23:35,984] [MainProcess/MainThread/INFO] (shell_startup.py/update) Creating Sprites...Drawing Background Sprites
[2024-01-22 22:23:35,984] [MainProcess/MainThread/INFO] (shell_startup.py/update) Creating Windows Spites...Drawing Window Sprites
[2024-01-22 22:23:36,001] [MainProcess/MainThread/INFO] (shell_startup.py/update) Clearing background
[2024-01-22 22:23:36,002] [MainProcess/MainThread/INFO] (shell_startup.py/update) Creating Sprites...Drawing Background Sprites
[2024-01-22 22:23:36,002] [MainProcess/MainThread/INFO] (shell_startup.py/update) Creating Windows Spites...Drawing Window Sprites
[2024-01-22 22:23:36,021] [MainProcess/MainThread/INFO] (shell_startup.py/update) Clearing background
[2024-01-22 22:23:36,021] [MainProcess/MainThread/INFO] (shell_startup.py/update) Creating Sprites...Drawing Background Sprites
[2024-01-22 22:23:36,021] [MainProcess/MainThread/INFO] (shell_startup.py/update) Creating Windows Spites...Drawing Window Sprites
[2024-01-22 22:23:36,045] [MainProcess/MainThread/INFO] (shell_startup.py/update) Clearing background
[2024-01-22 22:23:36,045] [MainProcess/MainThread/INFO] (shell_startup.py/update) Creating Sprites...Drawing Background Sprites
[2024-01-22 22:23:36,045] [MainProcess/MainThread/INFO] (shell_startup.py/update) Creating Windows Spites...Drawing Window Sprites
[2024-01-22 22:23:36,063] [MainProcess/MainThread/INFO] (shell_startup.py/update) Clearing background
[2024-01-22 22:23:36,064] [MainProcess/MainThread/INFO] (shell_startup.py/update) Creating Sprites...Drawing Background Sprites
[2024-01-22 22:23:36,064] [MainProcess/MainThread/INFO] (shell_startup.py/update) Creating Windows Spites...Drawing Window Sprites
[2024-01-22 22:23:36,081] [MainProcess/MainThread/INFO] (shell_startup.py/update) Clearing background
[2024-01-22 22:23:36,082] [MainProcess/MainThread/INFO] (shell_startup.py/update) Creating Sprites...Drawing Background Sprites
[2024-01-22 22:23:36,082] [MainProcess/MainThread/INFO] (shell_startup.py/update) Creating Windows Spites...Drawing Window Sprites
[2024-01-22 22:23:36,100] [MainProcess/MainThread/INFO] (shell_startup.py/update) Clearing background
[2024-01-22 22:23:36,100] [MainProcess/MainThread/INFO] (shell_startup.py/update) Creating Sprites...Drawing Background Sprites
[2024-01-22 22:23:36,100] [MainProcess/MainThread/INFO] (shell_startup.py/update) Creating Windows Spites...Drawing Window Sprites
[2024-01-22 22:23:36,117] [MainProcess/MainThread/INFO] (shell_startup.py/update) Clearing background
[2024-01-22 22:23:36,117] [MainProcess/MainThread/INFO] (shell_startup.py/update) Creating Sprites...Drawing Background Sprites
[2024-01-22 22:23:36,117] [MainProcess/MainThread/INFO] (shell_startup.py/update) Creating Windows Spites...Drawing Window Sprites
[2024-01-22 22:23:36,135] [MainProcess/MainThread/INFO] (shell_startup.py/update) Clearing background
[2024-01-22 22:23:36,135] [MainProcess/MainThread/INFO] (shell_startup.py/update) Creating Sprites...Drawing Background Sprites
[2024-01-22 22:23:36,135] [MainProcess/MainThread/INFO] (shell_startup.py/update) Creating Windows Spites...Drawing Window Sprites
[2024-01-22 22:23:36,154] [MainProcess/MainThread/INFO] (shell_startup.py/update) Clearing background
[2024-01-22 22:23:36,154] [MainProcess/MainThread/INFO] (shell_startup.py/update) Creating Sprites...Drawing Background Sprites
[2024-01-22 22:23:36,154] [MainProcess/MainThread/INFO] (shell_startup.py/update) Creating Windows Spites...Drawing Window Sprites
[2024-01-22 22:23:36,171] [MainProcess/MainThread/INFO] (shell_startup.py/update) Clearing background
[2024-01-22 22:23:36,172] [MainProcess/MainThread/INFO] (shell_startup.py/update) Creating Sprites...Drawing Background Sprites
[2024-01-22 22:23:36,172] [MainProcess/MainThread/INFO] (shell_startup.py/update) Creating Windows Spites...Drawing Window Sprites
[2024-01-22 22:23:36,191] [MainProcess/MainThread/INFO] (shell_startup.py/update) Clearing background
[2024-01-22 22:23:36,191] [MainProcess/MainThread/INFO] (shell_startup.py/update) Creating Sprites...Drawing Background Sprites
[2024-01-22 22:23:36,191] [MainProcess/MainThread/INFO] (shell_startup.py/update) Creating Windows Spites...Drawing Window Sprites
[2024-01-22 22:23:36,209] [MainProcess/MainThread/INFO] (shell_startup.py/update) Clearing background
[2024-01-22 22:23:36,209] [MainProcess/MainThread/INFO] (shell_startup.py/update) Creating Sprites...Drawing Background Sprites
[2024-01-22 22:23:36,209] [MainProcess/MainThread/INFO] (shell_startup.py/update) Creating Windows Spites...Drawing Window Sprites
[2024-01-22 22:23:36,227] [MainProcess/MainThread/INFO] (shell_startup.py/update) Clearing background
[2024-01-22 22:23:36,227] [MainProcess/MainThread/INFO] (shell_startup.py/update) Creating Sprites...Drawing Background Sprites
[2024-01-22 22:23:36,227] [MainProcess/MainThread/INFO] (shell_startup.py/update) Creating Windows Spites...Drawing Window Sprites
[2024-01-22 22:23:36,245] [MainProcess/MainThread/INFO] (shell_startup.py/update) Clearing background
[2024-01-22 22:23:36,245] [MainProcess/MainThread/INFO] (shell_startup.py/update) Creating Sprites...Drawing Background Sprites
[2024-01-22 22:23:36,245] [MainProcess/MainThread/INFO] (shell_startup.py/update) Creating Windows Spites...Drawing Window Sprites
[2024-01-22 22:23:36,262] [MainProcess/MainThread/INFO] (shell_startup.py/update) Clearing background
[2024-01-22 22:23:36,262] [MainProcess/MainThread/INFO] (shell_startup.py/update) Creating Sprites...Drawing Background Sprites
[2024-01-22 22:23:36,262] [MainProcess/MainThread/INFO] (shell_startup.py/update) Creating Windows Spites...Drawing Window Sprites
[2024-01-22 22:23:36,281] [MainProcess/MainThread/INFO] (shell_startup.py/update) Clearing background
[2024-01-22 22:23:36,281] [MainProcess/MainThread/INFO] (shell_startup.py/update) Creating Sprites...Drawing Background Sprites
[2024-01-22 22:23:36,282] [MainProcess/MainThread/INFO] (shell_startup.py/update) Creating Windows Spites...Drawing Window Sprites
[2024-01-22 22:23:36,300] [MainProcess/MainThread/INFO] (shell_startup.py/update) Clearing background
[2024-01-22 22:23:36,300] [MainProcess/MainThread/INFO] (shell_startup.py/update) Creating Sprites...Drawing Background Sprites
[2024-01-22 22:23:36,300] [MainProcess/MainThread/INFO] (shell_startup.py/update) Creating Windows Spites...Drawing Window Sprites
[2024-01-22 22:23:36,318] [MainProcess/MainThread/INFO] (shell_startup.py/update) Clearing background
[2024-01-22 22:23:36,318] [MainProcess/MainThread/INFO] (shell_startup.py/update) Creating Sprites...Drawing Background Sprites
[2024-01-22 22:23:36,318] [MainProcess/MainThread/INFO] (shell_startup.py/update) Creating Windows Spites...Drawing Window Sprites
[2024-01-22 22:23:36,336] [MainProcess/MainThread/INFO] (shell_startup.py/update) Clearing background
[2024-01-22 22:23:36,336] [MainProcess/MainThread/INFO] (shell_startup.py/update) Creating Sprites...Drawing Background Sprites
[2024-01-22 22:23:36,336] [MainProcess/MainThread/INFO] (shell_startup.py/update) Creating Windows Spites...Drawing Window Sprites
[2024-01-22 22:23:36,354] [MainProcess/MainThread/INFO] (shell_startup.py/update) Clearing background
[2024-01-22 22:23:36,354] [MainProcess/MainThread/INFO] (shell_startup.py/update) Creating Sprites...Drawing Background Sprites
[2024-01-22 22:23:36,354] [MainProcess/MainThread/INFO] (shell_startup.py/update) Creating Windows Spites...Drawing Window Sprites
[2024-01-22 22:23:36,373] [MainProcess/MainThread/INFO] (shell_startup.py/update) Clearing background
[2024-01-22 22:23:36,373] [MainProcess/MainThread/INFO] (shell_startup.py/update) Creating Sprites...Drawing Background Sprites
[2024-01-22 22:23:36,373] [MainProcess/MainThread/INFO] (shell_startup.py/update) Creating Windows Spites...Drawing Window Sprites
[2024-01-22 22:23:36,392] [MainProcess/MainThread/INFO] (shell_startup.py/update) Clearing background
[2024-01-22 22:23:36,392] [MainProcess/MainThread/INFO] (shell_startup.py/update) Creating Sprites...Drawing Background Sprites
[2024-01-22 22:23:36,392] [MainProcess/MainThread/INFO] (shell_startup.py/update) Creating Windows Spites...Drawing Window Sprites
[2024-01-22 22:23:36,408] [MainProcess/MainThread/INFO] (shell_startup.py/update) Clearing background
[2024-01-22 22:23:36,408] [MainProcess/MainThread/INFO] (shell_startup.py/update) Creating Sprites...Drawing Background Sprites
[2024-01-22 22:23:36,408] [MainProcess/MainThread/INFO] (shell_startup.py/update) Creating Windows Spites...Drawing Window Sprites
[2024-01-22 22:23:36,427] [MainProcess/MainThread/INFO] (shell_startup.py/update) Clearing background
[2024-01-22 22:23:36,427] [MainProcess/MainThread/INFO] (shell_startup.py/update) Creating Sprites...Drawing Background Sprites
[2024-01-22 22:23:36,427] [MainProcess/MainThread/INFO] (shell_startup.py/update) Creating Windows Spites...Drawing Window Sprites
[2024-01-22 22:23:36,445] [MainProcess/MainThread/INFO] (shell_startup.py/update) Clearing background
[2024-01-22 22:23:36,445] [MainProcess/MainThread/INFO] (shell_startup.py/update) Creating Sprites...Drawing Background Sprites
[2024-01-22 22:23:36,445] [MainProcess/MainThread/INFO] (shell_startup.py/update) Creating Windows Spites...Drawing Window Sprites
[2024-01-22 22:23:36,464] [MainProcess/MainThread/INFO] (shell_startup.py/update) Clearing background
[2024-01-22 22:23:36,464] [MainProcess/MainThread/INFO] (shell_startup.py/update) Creating Sprites...Drawing Background Sprites
[2024-01-22 22:23:36,464] [MainProcess/MainThread/INFO] (shell_startup.py/update) Creating Windows Spites...Drawing Window Sprites
[2024-01-22 22:23:36,482] [MainProcess/MainThread/INFO] (shell_startup.py/update) Clearing background
[2024-01-22 22:23:36,482] [MainProcess/MainThread/INFO] (shell_startup.py/update) Creating Sprites...Drawing Background Sprites
[2024-01-22 22:23:36,482] [MainProcess/MainThread/INFO] (shell_startup.py/update) Creating Windows Spites...Drawing Window Sprites
[2024-01-22 22:23:36,501] [MainProcess/MainThread/INFO] (shell_startup.py/update) Clearing background
[2024-01-22 22:23:36,501] [MainProcess/MainThread/INFO] (shell_startup.py/update) Creating Sprites...Drawing Background Sprites
[2024-01-22 22:23:36,501] [MainProcess/MainThread/INFO] (shell_startup.py/update) Creating Windows Spites...Drawing Window Sprites
[2024-01-22 22:23:36,600] [MainProcess/MainThread/INFO] (shell_startup.py/update) Clearing background
[2024-01-22 22:23:36,601] [MainProcess/MainThread/INFO] (shell_startup.py/update) Creating Sprites...Drawing Background Sprites
[2024-01-22 22:23:36,601] [MainProcess/MainThread/INFO] (shell_startup.py/update) Creating Windows Spites...Drawing Window Sprites
[2024-01-22 22:23:36,615] [MainProcess/MainThread/INFO] (shell_startup.py/update) Clearing background
[2024-01-22 22:23:36,615] [MainProcess/MainThread/INFO] (shell_startup.py/update) Creating Sprites...Drawing Background Sprites
[2024-01-22 22:23:36,615] [MainProcess/MainThread/INFO] (shell_startup.py/update) Creating Windows Spites...Drawing Window Sprites
[2024-01-22 22:23:36,633] [MainProcess/MainThread/INFO] (shell_startup.py/update) Clearing background
[2024-01-22 22:23:36,633] [MainProcess/MainThread/INFO] (shell_startup.py/update) Creating Sprites...Drawing Background Sprites
[2024-01-22 22:23:36,633] [MainProcess/MainThread/INFO] (shell_startup.py/update) Creating Windows Spites...Drawing Window Sprites
[2024-01-22 22:23:36,651] [MainProcess/MainThread/INFO] (shell_startup.py/update) Clearing background
[2024-01-22 22:23:36,651] [MainProcess/MainThread/INFO] (shell_startup.py/update) Creating Sprites...Drawing Background Sprites
[2024-01-22 22:23:36,651] [MainProcess/MainThread/INFO] (shell_startup.py/update) Creating Windows Spites...Drawing Window Sprites
[2024-01-22 22:23:36,669] [MainProcess/MainThread/INFO] (shell_startup.py/update) Clearing background
[2024-01-22 22:23:36,670] [MainProcess/MainThread/INFO] (shell_startup.py/update) Creating Sprites...Drawing Background Sprites
[2024-01-22 22:23:36,670] [MainProcess/MainThread/INFO] (shell_startup.py/update) Creating Windows Spites...Drawing Window Sprites
[2024-01-22 22:23:36,688] [MainProcess/MainThread/INFO] (shell_startup.py/update) Clearing background
[2024-01-22 22:23:36,688] [MainProcess/MainThread/INFO] (shell_startup.py/update) Creating Sprites...Drawing Background Sprites
[2024-01-22 22:23:36,688] [MainProcess/MainThread/INFO] (shell_startup.py/update) Creating Windows Spites...Drawing Window Sprites
[2024-01-22 22:23:36,706] [MainProcess/MainThread/INFO] (shell_startup.py/update) Clearing background
[2024-01-22 22:23:36,706] [MainProcess/MainThread/INFO] (shell_startup.py/update) Creating Sprites...Drawing Background Sprites
[2024-01-22 22:23:36,706] [MainProcess/MainThread/INFO] (shell_startup.py/update) Creating Windows Spites...Drawing Window Sprites
[2024-01-22 22:23:36,725] [MainProcess/MainThread/INFO] (shell_startup.py/update) Clearing background
[2024-01-22 22:23:36,725] [MainProcess/MainThread/INFO] (shell_startup.py/update) Creating Sprites...Drawing Background Sprites
[2024-01-22 22:23:36,725] [MainProcess/MainThread/INFO] (shell_startup.py/update) Creating Windows Spites...Drawing Window Sprites
[2024-01-22 22:23:36,743] [MainProcess/MainThread/INFO] (shell_startup.py/update) Clearing background
[2024-01-22 22:23:36,743] [MainProcess/MainThread/INFO] (shell_startup.py/update) Creating Sprites...Drawing Background Sprites
[2024-01-22 22:23:36,743] [MainProcess/MainThread/INFO] (shell_startup.py/update) Creating Windows Spites...Drawing Window Sprites
[2024-01-22 22:23:36,761] [MainProcess/MainThread/INFO] (shell_startup.py/update) Clearing background
[2024-01-22 22:23:36,761] [MainProcess/MainThread/INFO] (shell_startup.py/update) Creating Sprites...Drawing Background Sprites
[2024-01-22 22:23:36,761] [MainProcess/MainThread/INFO] (shell_startup.py/update) Creating Windows Spites...Drawing Window Sprites
[2024-01-22 22:23:36,779] [MainProcess/MainThread/INFO] (shell_startup.py/update) Clearing background
[2024-01-22 22:23:36,779] [MainProcess/MainThread/INFO] (shell_startup.py/update) Creating Sprites...Drawing Background Sprites
[2024-01-22 22:23:36,779] [MainProcess/MainThread/INFO] (shell_startup.py/update) Creating Windows Spites...Drawing Window Sprites
[2024-01-22 22:23:36,797] [MainProcess/MainThread/INFO] (shell_startup.py/update) Clearing background
[2024-01-22 22:23:36,797] [MainProcess/MainThread/INFO] (shell_startup.py/update) Creating Sprites...Drawing Background Sprites
[2024-01-22 22:23:36,797] [MainProcess/MainThread/INFO] (shell_startup.py/update) Creating Windows Spites...Drawing Window Sprites
[2024-01-22 22:23:36,815] [MainProcess/MainThread/INFO] (shell_startup.py/update) Clearing background
[2024-01-22 22:23:36,815] [MainProcess/MainThread/INFO] (shell_startup.py/update) Creating Sprites...Drawing Background Sprites
[2024-01-22 22:23:36,815] [MainProcess/MainThread/INFO] (shell_startup.py/update) Creating Windows Spites...Drawing Window Sprites
[2024-01-22 22:23:36,833] [MainProcess/MainThread/INFO] (shell_startup.py/update) Clearing background
[2024-01-22 22:23:36,833] [MainProcess/MainThread/INFO] (shell_startup.py/update) Creating Sprites...Drawing Background Sprites
[2024-01-22 22:23:36,834] [MainProcess/MainThread/INFO] (shell_startup.py/update) Creating Windows Spites...Drawing Window Sprites
[2024-01-22 22:23:36,851] [MainProcess/MainThread/INFO] (shell_startup.py/update) Clearing background
[2024-01-22 22:23:36,852] [MainProcess/MainThread/INFO] (shell_startup.py/update) Creating Sprites...Drawing Background Sprites
[2024-01-22 22:23:36,852] [MainProcess/MainThread/INFO] (shell_startup.py/update) Creating Windows Spites...Drawing Window Sprites
[2024-01-22 22:23:36,870] [MainProcess/MainThread/INFO] (shell_startup.py/update) Clearing background
[2024-01-22 22:23:36,870] [MainProcess/MainThread/INFO] (shell_startup.py/update) Creating Sprites...Drawing Background Sprites
[2024-01-22 22:23:36,870] [MainProcess/MainThread/INFO] (shell_startup.py/update) Creating Windows Spites...Drawing Window Sprites
[2024-01-22 22:23:36,888] [MainProcess/MainThread/INFO] (shell_startup.py/update) Clearing background
[2024-01-22 22:23:36,888] [MainProcess/MainThread/INFO] (shell_startup.py/update) Creating Sprites...Drawing Background Sprites
[2024-01-22 22:23:36,888] [MainProcess/MainThread/INFO] (shell_startup.py/update) Creating Windows Spites...Drawing Window Sprites
[2024-01-22 22:23:36,906] [MainProcess/MainThread/INFO] (shell_startup.py/update) Clearing background
[2024-01-22 22:23:36,906] [MainProcess/MainThread/INFO] (shell_startup.py/update) Creating Sprites...Drawing Background Sprites
[2024-01-22 22:23:36,906] [MainProcess/MainThread/INFO] (shell_startup.py/update) Creating Windows Spites...Drawing Window Sprites
[2024-01-22 22:23:36,925] [MainProcess/MainThread/INFO] (shell_startup.py/update) Clearing background
[2024-01-22 22:23:36,925] [MainProcess/MainThread/INFO] (shell_startup.py/update) Creating Sprites...Drawing Background Sprites
[2024-01-22 22:23:36,925] [MainProcess/MainThread/INFO] (shell_startup.py/update) Creating Windows Spites...Drawing Window Sprites
[2024-01-22 22:23:36,942] [MainProcess/MainThread/INFO] (shell_startup.py/update) Clearing background
[2024-01-22 22:23:36,943] [MainProcess/MainThread/INFO] (shell_startup.py/update) Creating Sprites...Drawing Background Sprites
[2024-01-22 22:23:36,943] [MainProcess/MainThread/INFO] (shell_startup.py/update) Creating Windows Spites...Drawing Window Sprites
[2024-01-22 22:23:36,961] [MainProcess/MainThread/INFO] (shell_startup.py/update) Clearing background
[2024-01-22 22:23:36,961] [MainProcess/MainThread/INFO] (shell_startup.py/update) Creating Sprites...Drawing Background Sprites
[2024-01-22 22:23:36,961] [MainProcess/MainThread/INFO] (shell_startup.py/update) Creating Windows Spites...Drawing Window Sprites
[2024-01-22 22:23:36,979] [MainProcess/MainThread/INFO] (shell_startup.py/update) Clearing background
[2024-01-22 22:23:36,979] [MainProcess/MainThread/INFO] (shell_startup.py/update) Creating Sprites...Drawing Background Sprites
[2024-01-22 22:23:36,979] [MainProcess/MainThread/INFO] (shell_startup.py/update) Creating Windows Spites...Drawing Window Sprites
[2024-01-22 22:23:36,998] [MainProcess/MainThread/INFO] (shell_startup.py/update) Clearing background
[2024-01-22 22:23:36,998] [MainProcess/MainThread/INFO] (shell_startup.py/update) Creating Sprites...Drawing Background Sprites
[2024-01-22 22:23:36,998] [MainProcess/MainThread/INFO] (shell_startup.py/update) Creating Windows Spites...Drawing Window Sprites
[2024-01-22 22:23:37,016] [MainProcess/MainThread/INFO] (shell_startup.py/update) Clearing background
[2024-01-22 22:23:37,016] [MainProcess/MainThread/INFO] (shell_startup.py/update) Creating Sprites...Drawing Background Sprites
[2024-01-22 22:23:37,016] [MainProcess/MainThread/INFO] (shell_startup.py/update) Creating Windows Spites...Drawing Window Sprites
[2024-01-22 22:23:37,033] [MainProcess/MainThread/INFO] (shell_startup.py/update) Clearing background
[2024-01-22 22:23:37,034] [MainProcess/MainThread/INFO] (shell_startup.py/update) Creating Sprites...Drawing Background Sprites
[2024-01-22 22:23:37,034] [MainProcess/MainThread/INFO] (shell_startup.py/update) Creating Windows Spites...Drawing Window Sprites
[2024-01-22 22:23:37,052] [MainProcess/MainThread/INFO] (shell_startup.py/update) Clearing background
[2024-01-22 22:23:37,052] [MainProcess/MainThread/INFO] (shell_startup.py/update) Creating Sprites...Drawing Background Sprites
[2024-01-22 22:23:37,052] [MainProcess/MainThread/INFO] (shell_startup.py/update) Creating Windows Spites...Drawing Window Sprites
[2024-01-22 22:23:37,069] [MainProcess/MainThread/INFO] (shell_startup.py/update) Clearing background
[2024-01-22 22:23:37,069] [MainProcess/MainThread/INFO] (shell_startup.py/update) Creating Sprites...Drawing Background Sprites
[2024-01-22 22:23:37,070] [MainProcess/MainThread/INFO] (shell_startup.py/update) Creating Windows Spites...Drawing Window Sprites
[2024-01-22 22:23:37,089] [MainProcess/MainThread/INFO] (shell_startup.py/update) Clearing background
[2024-01-22 22:23:37,089] [MainProcess/MainThread/INFO] (shell_startup.py/update) Creating Sprites...Drawing Background Sprites
[2024-01-22 22:23:37,089] [MainProcess/MainThread/INFO] (shell_startup.py/update) Creating Windows Spites...Drawing Window Sprites
[2024-01-22 22:23:37,105] [MainProcess/MainThread/INFO] (shell_startup.py/update) Clearing background
[2024-01-22 22:23:37,105] [MainProcess/MainThread/INFO] (shell_startup.py/update) Creating Sprites...Drawing Background Sprites
[2024-01-22 22:23:37,105] [MainProcess/MainThread/INFO] (shell_startup.py/update) Creating Windows Spites...Drawing Window Sprites
[2024-01-22 22:23:37,124] [MainProcess/MainThread/INFO] (shell_startup.py/update) Clearing background
[2024-01-22 22:23:37,124] [MainProcess/MainThread/INFO] (shell_startup.py/update) Creating Sprites...Drawing Background Sprites
[2024-01-22 22:23:37,124] [MainProcess/MainThread/INFO] (shell_startup.py/update) Creating Windows Spites...Drawing Window Sprites
[2024-01-22 22:23:37,143] [MainProcess/MainThread/INFO] (shell_startup.py/update) Clearing background
[2024-01-22 22:23:37,143] [MainProcess/MainThread/INFO] (shell_startup.py/update) Creating Sprites...Drawing Background Sprites
[2024-01-22 22:23:37,143] [MainProcess/MainThread/INFO] (shell_startup.py/update) Creating Windows Spites...Drawing Window Sprites
[2024-01-22 22:23:37,161] [MainProcess/MainThread/INFO] (shell_startup.py/update) Clearing background
[2024-01-22 22:23:37,161] [MainProcess/MainThread/INFO] (shell_startup.py/update) Creating Sprites...Drawing Background Sprites
[2024-01-22 22:23:37,161] [MainProcess/MainThread/INFO] (shell_startup.py/update) Creating Windows Spites...Drawing Window Sprites
[2024-01-22 22:23:37,180] [MainProcess/MainThread/INFO] (shell_startup.py/update) Clearing background
[2024-01-22 22:23:37,180] [MainProcess/MainThread/INFO] (shell_startup.py/update) Creating Sprites...Drawing Background Sprites
[2024-01-22 22:23:37,180] [MainProcess/MainThread/INFO] (shell_startup.py/update) Creating Windows Spites...Drawing Window Sprites
[2024-01-22 22:23:37,198] [MainProcess/MainThread/INFO] (shell_startup.py/update) Clearing background
[2024-01-22 22:23:37,198] [MainProcess/MainThread/INFO] (shell_startup.py/update) Creating Sprites...Drawing Background Sprites
[2024-01-22 22:23:37,198] [MainProcess/MainThread/INFO] (shell_startup.py/update) Creating Windows Spites...Drawing Window Sprites
[2024-01-22 22:23:37,216] [MainProcess/MainThread/INFO] (shell_startup.py/update) Clearing background
[2024-01-22 22:23:37,216] [MainProcess/MainThread/INFO] (shell_startup.py/update) Creating Sprites...Drawing Background Sprites
[2024-01-22 22:23:37,216] [MainProcess/MainThread/INFO] (shell_startup.py/update) Creating Windows Spites...Drawing Window Sprites
[2024-01-22 22:23:37,234] [MainProcess/MainThread/INFO] (shell_startup.py/update) Clearing background
[2024-01-22 22:23:37,234] [MainProcess/MainThread/INFO] (shell_startup.py/update) Creating Sprites...Drawing Background Sprites
[2024-01-22 22:23:37,234] [MainProcess/MainThread/INFO] (shell_startup.py/update) Creating Windows Spites...Drawing Window Sprites
[2024-01-22 22:23:37,251] [MainProcess/MainThread/INFO] (shell_startup.py/update) Clearing background
[2024-01-22 22:23:37,252] [MainProcess/MainThread/INFO] (shell_startup.py/update) Creating Sprites...Drawing Background Sprites
[2024-01-22 22:23:37,252] [MainProcess/MainThread/INFO] (shell_startup.py/update) Creating Windows Spites...Drawing Window Sprites
[2024-01-22 22:23:37,270] [MainProcess/MainThread/INFO] (shell_startup.py/update) Clearing background
[2024-01-22 22:23:37,271] [MainProcess/MainThread/INFO] (shell_startup.py/update) Creating Sprites...Drawing Background Sprites
[2024-01-22 22:23:37,271] [MainProcess/MainThread/INFO] (shell_startup.py/update) Creating Windows Spites...Drawing Window Sprites
[2024-01-22 22:23:37,288] [MainProcess/MainThread/INFO] (shell_startup.py/update) Clearing background
[2024-01-22 22:23:37,288] [MainProcess/MainThread/INFO] (shell_startup.py/update) Creating Sprites...Drawing Background Sprites
[2024-01-22 22:23:37,288] [MainProcess/MainThread/INFO] (shell_startup.py/update) Creating Windows Spites...Drawing Window Sprites
[2024-01-22 22:23:37,306] [MainProcess/MainThread/INFO] (shell_startup.py/update) Clearing background
[2024-01-22 22:23:37,306] [MainProcess/MainThread/INFO] (shell_startup.py/update) Creating Sprites...Drawing Background Sprites
[2024-01-22 22:23:37,306] [MainProcess/MainThread/INFO] (shell_startup.py/update) Creating Windows Spites...Drawing Window Sprites
[2024-01-22 22:23:37,325] [MainProcess/MainThread/INFO] (shell_startup.py/update) Clearing background
[2024-01-22 22:23:37,325] [MainProcess/MainThread/INFO] (shell_startup.py/update) Creating Sprites...Drawing Background Sprites
[2024-01-22 22:23:37,325] [MainProcess/MainThread/INFO] (shell_startup.py/update) Creating Windows Spites...Drawing Window Sprites
[2024-01-22 22:23:37,343] [MainProcess/MainThread/INFO] (shell_startup.py/update) Clearing background
[2024-01-22 22:23:37,344] [MainProcess/MainThread/INFO] (shell_startup.py/update) Creating Sprites...Drawing Background Sprites
[2024-01-22 22:23:37,344] [MainProcess/MainThread/INFO] (shell_startup.py/update) Creating Windows Spites...Drawing Window Sprites
[2024-01-22 22:23:37,361] [MainProcess/MainThread/INFO] (shell_startup.py/update) Clearing background
[2024-01-22 22:23:37,362] [MainProcess/MainThread/INFO] (shell_startup.py/update) Creating Sprites...Drawing Background Sprites
[2024-01-22 22:23:37,362] [MainProcess/MainThread/INFO] (shell_startup.py/update) Creating Windows Spites...Drawing Window Sprites
[2024-01-22 22:23:37,380] [MainProcess/MainThread/INFO] (shell_startup.py/update) Clearing background
[2024-01-22 22:23:37,380] [MainProcess/MainThread/INFO] (shell_startup.py/update) Creating Sprites...Drawing Background Sprites
[2024-01-22 22:23:37,380] [MainProcess/MainThread/INFO] (shell_startup.py/update) Creating Windows Spites...Drawing Window Sprites
[2024-01-22 22:23:37,397] [MainProcess/MainThread/INFO] (shell_startup.py/update) Clearing background
[2024-01-22 22:23:37,397] [MainProcess/MainThread/INFO] (shell_startup.py/update) Creating Sprites...Drawing Background Sprites
[2024-01-22 22:23:37,397] [MainProcess/MainThread/INFO] (shell_startup.py/update) Creating Windows Spites...Drawing Window Sprites
[2024-01-22 22:23:37,417] [MainProcess/MainThread/INFO] (shell_startup.py/update) Clearing background
[2024-01-22 22:23:37,417] [MainProcess/MainThread/INFO] (shell_startup.py/update) Creating Sprites...Drawing Background Sprites
[2024-01-22 22:23:37,417] [MainProcess/MainThread/INFO] (shell_startup.py/update) Creating Windows Spites...Drawing Window Sprites
[2024-01-22 22:23:37,434] [MainProcess/MainThread/INFO] (shell_startup.py/update) Clearing background
[2024-01-22 22:23:37,434] [MainProcess/MainThread/INFO] (shell_startup.py/update) Creating Sprites...Drawing Background Sprites
[2024-01-22 22:23:37,434] [MainProcess/MainThread/INFO] (shell_startup.py/update) Creating Windows Spites...Drawing Window Sprites
[2024-01-22 22:23:37,453] [MainProcess/MainThread/INFO] (shell_startup.py/update) Clearing background
[2024-01-22 22:23:37,453] [MainProcess/MainThread/INFO] (shell_startup.py/update) Creating Sprites...Drawing Background Sprites
[2024-01-22 22:23:37,453] [MainProcess/MainThread/INFO] (shell_startup.py/update) Creating Windows Spites...Drawing Window Sprites
[2024-01-22 22:23:37,471] [MainProcess/MainThread/INFO] (shell_startup.py/update) Clearing background
[2024-01-22 22:23:37,471] [MainProcess/MainThread/INFO] (shell_startup.py/update) Creating Sprites...Drawing Background Sprites
[2024-01-22 22:23:37,471] [MainProcess/MainThread/INFO] (shell_startup.py/update) Creating Windows Spites...Drawing Window Sprites
[2024-01-22 22:23:37,489] [MainProcess/MainThread/INFO] (shell_startup.py/update) Clearing background
[2024-01-22 22:23:37,489] [MainProcess/MainThread/INFO] (shell_startup.py/update) Creating Sprites...Drawing Background Sprites
[2024-01-22 22:23:37,490] [MainProcess/MainThread/INFO] (shell_startup.py/update) Creating Windows Spites...Drawing Window Sprites
[2024-01-22 22:23:37,507] [MainProcess/MainThread/INFO] (shell_startup.py/update) Clearing background
[2024-01-22 22:23:37,507] [MainProcess/MainThread/INFO] (shell_startup.py/update) Creating Sprites...Drawing Background Sprites
[2024-01-22 22:23:37,507] [MainProcess/MainThread/INFO] (shell_startup.py/update) Creating Windows Spites...Drawing Window Sprites
[2024-01-22 22:23:37,525] [MainProcess/MainThread/INFO] (shell_startup.py/update) Clearing background
[2024-01-22 22:23:37,525] [MainProcess/MainThread/INFO] (shell_startup.py/update) Creating Sprites...Drawing Background Sprites
[2024-01-22 22:23:37,525] [MainProcess/MainThread/INFO] (shell_startup.py/update) Creating Windows Spites...Drawing Window Sprites
[2024-01-22 22:23:37,544] [MainProcess/MainThread/INFO] (shell_startup.py/update) Clearing background
[2024-01-22 22:23:37,544] [MainProcess/MainThread/INFO] (shell_startup.py/update) Creating Sprites...Drawing Background Sprites
[2024-01-22 22:23:37,544] [MainProcess/MainThread/INFO] (shell_startup.py/update) Creating Windows Spites...Drawing Window Sprites
[2024-01-22 22:23:37,562] [MainProcess/MainThread/INFO] (shell_startup.py/update) Clearing background
[2024-01-22 22:23:37,562] [MainProcess/MainThread/INFO] (shell_startup.py/update) Creating Sprites...Drawing Background Sprites
[2024-01-22 22:23:37,562] [MainProcess/MainThread/INFO] (shell_startup.py/update) Creating Windows Spites...Drawing Window Sprites
[2024-01-22 22:23:37,579] [MainProcess/MainThread/INFO] (shell_startup.py/update) Clearing background
[2024-01-22 22:23:37,580] [MainProcess/MainThread/INFO] (shell_startup.py/update) Creating Sprites...Drawing Background Sprites
[2024-01-22 22:23:37,580] [MainProcess/MainThread/INFO] (shell_startup.py/update) Creating Windows Spites...Drawing Window Sprites
[2024-01-22 22:23:37,599] [MainProcess/MainThread/INFO] (shell_startup.py/update) Clearing background
[2024-01-22 22:23:37,599] [MainProcess/MainThread/INFO] (shell_startup.py/update) Creating Sprites...Drawing Background Sprites
[2024-01-22 22:23:37,599] [MainProcess/MainThread/INFO] (shell_startup.py/update) Creating Windows Spites...Drawing Window Sprites
[2024-01-22 22:23:37,616] [MainProcess/MainThread/INFO] (shell_startup.py/update) Clearing background
[2024-01-22 22:23:37,616] [MainProcess/MainThread/INFO] (shell_startup.py/update) Creating Sprites...Drawing Background Sprites
[2024-01-22 22:23:37,616] [MainProcess/MainThread/INFO] (shell_startup.py/update) Creating Windows Spites...Drawing Window Sprites
[2024-01-22 22:23:37,634] [MainProcess/MainThread/INFO] (shell_startup.py/update) Clearing background
[2024-01-22 22:23:37,635] [MainProcess/MainThread/INFO] (shell_startup.py/update) Creating Sprites...Drawing Background Sprites
[2024-01-22 22:23:37,635] [MainProcess/MainThread/INFO] (shell_startup.py/update) Creating Windows Spites...Drawing Window Sprites
[2024-01-22 22:23:37,652] [MainProcess/MainThread/INFO] (shell_startup.py/update) Clearing background
[2024-01-22 22:23:37,653] [MainProcess/MainThread/INFO] (shell_startup.py/update) Creating Sprites...Drawing Background Sprites
[2024-01-22 22:23:37,653] [MainProcess/MainThread/INFO] (shell_startup.py/update) Creating Windows Spites...Drawing Window Sprites
[2024-01-22 22:23:37,671] [MainProcess/MainThread/INFO] (shell_startup.py/update) Clearing background
[2024-01-22 22:23:37,671] [MainProcess/MainThread/INFO] (shell_startup.py/update) Creating Sprites...Drawing Background Sprites
[2024-01-22 22:23:37,671] [MainProcess/MainThread/INFO] (shell_startup.py/update) Creating Windows Spites...Drawing Window Sprites
[2024-01-22 22:23:37,689] [MainProcess/MainThread/INFO] (shell_startup.py/update) Clearing background
[2024-01-22 22:23:37,690] [MainProcess/MainThread/INFO] (shell_startup.py/update) Creating Sprites...Drawing Background Sprites
[2024-01-22 22:23:37,690] [MainProcess/MainThread/INFO] (shell_startup.py/update) Creating Windows Spites...Drawing Window Sprites
[2024-01-22 22:23:37,707] [MainProcess/MainThread/INFO] (shell_startup.py/update) Clearing background
[2024-01-22 22:23:37,708] [MainProcess/MainThread/INFO] (shell_startup.py/update) Creating Sprites...Drawing Background Sprites
[2024-01-22 22:23:37,708] [MainProcess/MainThread/INFO] (shell_startup.py/update) Creating Windows Spites...Drawing Window Sprites
[2024-01-22 22:23:37,725] [MainProcess/MainThread/INFO] (shell_startup.py/update) Clearing background
[2024-01-22 22:23:37,726] [MainProcess/MainThread/INFO] (shell_startup.py/update) Creating Sprites...Drawing Background Sprites
[2024-01-22 22:23:37,726] [MainProcess/MainThread/INFO] (shell_startup.py/update) Creating Windows Spites...Drawing Window Sprites
[2024-01-22 22:23:37,744] [MainProcess/MainThread/INFO] (shell_startup.py/update) Clearing background
[2024-01-22 22:23:37,744] [MainProcess/MainThread/INFO] (shell_startup.py/update) Creating Sprites...Drawing Background Sprites
[2024-01-22 22:23:37,744] [MainProcess/MainThread/INFO] (shell_startup.py/update) Creating Windows Spites...Drawing Window Sprites
[2024-01-22 22:23:37,762] [MainProcess/MainThread/INFO] (shell_startup.py/update) Clearing background
[2024-01-22 22:23:37,763] [MainProcess/MainThread/INFO] (shell_startup.py/update) Creating Sprites...Drawing Background Sprites
[2024-01-22 22:23:37,763] [MainProcess/MainThread/INFO] (shell_startup.py/update) Creating Windows Spites...Drawing Window Sprites
[2024-01-22 22:23:37,780] [MainProcess/MainThread/INFO] (shell_startup.py/update) Clearing background
[2024-01-22 22:23:37,780] [MainProcess/MainThread/INFO] (shell_startup.py/update) Creating Sprites...Drawing Background Sprites
[2024-01-22 22:23:37,780] [MainProcess/MainThread/INFO] (shell_startup.py/update) Creating Windows Spites...Drawing Window Sprites
[2024-01-22 22:23:37,798] [MainProcess/MainThread/INFO] (shell_startup.py/update) Clearing background
[2024-01-22 22:23:37,798] [MainProcess/MainThread/INFO] (shell_startup.py/update) Creating Sprites...Drawing Background Sprites
[2024-01-22 22:23:37,798] [MainProcess/MainThread/INFO] (shell_startup.py/update) Creating Windows Spites...Drawing Window Sprites
[2024-01-22 22:23:37,817] [MainProcess/MainThread/INFO] (shell_startup.py/update) Clearing background
[2024-01-22 22:23:37,817] [MainProcess/MainThread/INFO] (shell_startup.py/update) Creating Sprites...Drawing Background Sprites
[2024-01-22 22:23:37,817] [MainProcess/MainThread/INFO] (shell_startup.py/update) Creating Windows Spites...Drawing Window Sprites
[2024-01-22 22:23:37,835] [MainProcess/MainThread/INFO] (shell_startup.py/update) Clearing background
[2024-01-22 22:23:37,835] [MainProcess/MainThread/INFO] (shell_startup.py/update) Creating Sprites...Drawing Background Sprites
[2024-01-22 22:23:37,835] [MainProcess/MainThread/INFO] (shell_startup.py/update) Creating Windows Spites...Drawing Window Sprites
[2024-01-22 22:23:37,853] [MainProcess/MainThread/INFO] (shell_startup.py/update) Clearing background
[2024-01-22 22:23:37,853] [MainProcess/MainThread/INFO] (shell_startup.py/update) Creating Sprites...Drawing Background Sprites
[2024-01-22 22:23:37,853] [MainProcess/MainThread/INFO] (shell_startup.py/update) Creating Windows Spites...Drawing Window Sprites
[2024-01-22 22:23:37,872] [MainProcess/MainThread/INFO] (shell_startup.py/update) Clearing background
[2024-01-22 22:23:37,872] [MainProcess/MainThread/INFO] (shell_startup.py/update) Creating Sprites...Drawing Background Sprites
[2024-01-22 22:23:37,872] [MainProcess/MainThread/INFO] (shell_startup.py/update) Creating Windows Spites...Drawing Window Sprites
[2024-01-22 22:23:37,890] [MainProcess/MainThread/INFO] (shell_startup.py/update) Clearing background
[2024-01-22 22:23:37,890] [MainProcess/MainThread/INFO] (shell_startup.py/update) Creating Sprites...Drawing Background Sprites
[2024-01-22 22:23:37,890] [MainProcess/MainThread/INFO] (shell_startup.py/update) Creating Windows Spites...Drawing Window Sprites
[2024-01-22 22:23:37,908] [MainProcess/MainThread/INFO] (shell_startup.py/update) Clearing background
[2024-01-22 22:23:37,908] [MainProcess/MainThread/INFO] (shell_startup.py/update) Creating Sprites...Drawing Background Sprites
[2024-01-22 22:23:37,908] [MainProcess/MainThread/INFO] (shell_startup.py/update) Creating Windows Spites...Drawing Window Sprites
[2024-01-22 22:23:37,926] [MainProcess/MainThread/INFO] (shell_startup.py/update) Clearing background
[2024-01-22 22:23:37,926] [MainProcess/MainThread/INFO] (shell_startup.py/update) Creating Sprites...Drawing Background Sprites
[2024-01-22 22:23:37,926] [MainProcess/MainThread/INFO] (shell_startup.py/update) Creating Windows Spites...Drawing Window Sprites
[2024-01-22 22:23:37,945] [MainProcess/MainThread/INFO] (shell_startup.py/update) Clearing background
[2024-01-22 22:23:37,945] [MainProcess/MainThread/INFO] (shell_startup.py/update) Creating Sprites...Drawing Background Sprites
[2024-01-22 22:23:37,945] [MainProcess/MainThread/INFO] (shell_startup.py/update) Creating Windows Spites...Drawing Window Sprites
[2024-01-22 22:23:37,962] [MainProcess/MainThread/INFO] (shell_startup.py/update) Clearing background
[2024-01-22 22:23:37,962] [MainProcess/MainThread/INFO] (shell_startup.py/update) Creating Sprites...Drawing Background Sprites
[2024-01-22 22:23:37,963] [MainProcess/MainThread/INFO] (shell_startup.py/update) Creating Windows Spites...Drawing Window Sprites
[2024-01-22 22:23:37,981] [MainProcess/MainThread/INFO] (shell_startup.py/update) Clearing background
[2024-01-22 22:23:37,981] [MainProcess/MainThread/INFO] (shell_startup.py/update) Creating Sprites...Drawing Background Sprites
[2024-01-22 22:23:37,981] [MainProcess/MainThread/INFO] (shell_startup.py/update) Creating Windows Spites...Drawing Window Sprites
[2024-01-22 22:23:37,999] [MainProcess/MainThread/INFO] (shell_startup.py/update) Clearing background
[2024-01-22 22:23:37,999] [MainProcess/MainThread/INFO] (shell_startup.py/update) Creating Sprites...Drawing Background Sprites
[2024-01-22 22:23:37,999] [MainProcess/MainThread/INFO] (shell_startup.py/update) Creating Windows Spites...Drawing Window Sprites
[2024-01-22 22:23:38,016] [MainProcess/MainThread/INFO] (shell_startup.py/update) Clearing background
[2024-01-22 22:23:38,017] [MainProcess/MainThread/INFO] (shell_startup.py/update) Creating Sprites...Drawing Background Sprites
[2024-01-22 22:23:38,017] [MainProcess/MainThread/INFO] (shell_startup.py/update) Creating Windows Spites...Drawing Window Sprites
[2024-01-22 22:23:38,034] [MainProcess/MainThread/INFO] (shell_startup.py/update) Clearing background
[2024-01-22 22:23:38,035] [MainProcess/MainThread/INFO] (shell_startup.py/update) Creating Sprites...Drawing Background Sprites
[2024-01-22 22:23:38,035] [MainProcess/MainThread/INFO] (shell_startup.py/update) Creating Windows Spites...Drawing Window Sprites
[2024-01-22 22:23:38,053] [MainProcess/MainThread/INFO] (shell_startup.py/update) Clearing background
[2024-01-22 22:23:38,053] [MainProcess/MainThread/INFO] (shell_startup.py/update) Creating Sprites...Drawing Background Sprites
[2024-01-22 22:23:38,053] [MainProcess/MainThread/INFO] (shell_startup.py/update) Creating Windows Spites...Drawing Window Sprites
[2024-01-22 22:23:38,071] [MainProcess/MainThread/INFO] (shell_startup.py/update) Clearing background
[2024-01-22 22:23:38,071] [MainProcess/MainThread/INFO] (shell_startup.py/update) Creating Sprites...Drawing Background Sprites
[2024-01-22 22:23:38,071] [MainProcess/MainThread/INFO] (shell_startup.py/update) Creating Windows Spites...Drawing Window Sprites
[2024-01-22 22:23:38,089] [MainProcess/MainThread/INFO] (shell_startup.py/update) Clearing background
[2024-01-22 22:23:38,090] [MainProcess/MainThread/INFO] (shell_startup.py/update) Creating Sprites...Drawing Background Sprites
[2024-01-22 22:23:38,090] [MainProcess/MainThread/INFO] (shell_startup.py/update) Creating Windows Spites...Drawing Window Sprites
[2024-01-22 22:23:38,108] [MainProcess/MainThread/INFO] (shell_startup.py/update) Clearing background
[2024-01-22 22:23:38,108] [MainProcess/MainThread/INFO] (shell_startup.py/update) Creating Sprites...Drawing Background Sprites
[2024-01-22 22:23:38,108] [MainProcess/MainThread/INFO] (shell_startup.py/update) Creating Windows Spites...Drawing Window Sprites
[2024-01-22 22:23:38,126] [MainProcess/MainThread/INFO] (shell_startup.py/update) Clearing background
[2024-01-22 22:23:38,126] [MainProcess/MainThread/INFO] (shell_startup.py/update) Creating Sprites...Drawing Background Sprites
[2024-01-22 22:23:38,126] [MainProcess/MainThread/INFO] (shell_startup.py/update) Creating Windows Spites...Drawing Window Sprites
[2024-01-22 22:23:38,145] [MainProcess/MainThread/INFO] (shell_startup.py/update) Clearing background
[2024-01-22 22:23:38,145] [MainProcess/MainThread/INFO] (shell_startup.py/update) Creating Sprites...Drawing Background Sprites
[2024-01-22 22:23:38,145] [MainProcess/MainThread/INFO] (shell_startup.py/update) Creating Windows Spites...Drawing Window Sprites
[2024-01-22 22:23:38,163] [MainProcess/MainThread/INFO] (shell_startup.py/update) Clearing background
[2024-01-22 22:23:38,163] [MainProcess/MainThread/INFO] (shell_startup.py/update) Creating Sprites...Drawing Background Sprites
[2024-01-22 22:23:38,163] [MainProcess/MainThread/INFO] (shell_startup.py/update) Creating Windows Spites...Drawing Window Sprites
[2024-01-22 22:23:38,181] [MainProcess/MainThread/INFO] (shell_startup.py/update) Clearing background
[2024-01-22 22:23:38,181] [MainProcess/MainThread/INFO] (shell_startup.py/update) Creating Sprites...Drawing Background Sprites
[2024-01-22 22:23:38,181] [MainProcess/MainThread/INFO] (shell_startup.py/update) Creating Windows Spites...Drawing Window Sprites
[2024-01-22 22:23:38,199] [MainProcess/MainThread/INFO] (shell_startup.py/update) Clearing background
[2024-01-22 22:23:38,199] [MainProcess/MainThread/INFO] (shell_startup.py/update) Creating Sprites...Drawing Background Sprites
[2024-01-22 22:23:38,199] [MainProcess/MainThread/INFO] (shell_startup.py/update) Creating Windows Spites...Drawing Window Sprites
[2024-01-22 22:23:38,217] [MainProcess/MainThread/INFO] (shell_startup.py/update) Clearing background
[2024-01-22 22:23:38,218] [MainProcess/MainThread/INFO] (shell_startup.py/update) Creating Sprites...Drawing Background Sprites
[2024-01-22 22:23:38,218] [MainProcess/MainThread/INFO] (shell_startup.py/update) Creating Windows Spites...Drawing Window Sprites
[2024-01-22 22:23:38,235] [MainProcess/MainThread/INFO] (shell_startup.py/update) Clearing background
[2024-01-22 22:23:38,235] [MainProcess/MainThread/INFO] (shell_startup.py/update) Creating Sprites...Drawing Background Sprites
[2024-01-22 22:23:38,236] [MainProcess/MainThread/INFO] (shell_startup.py/update) Creating Windows Spites...Drawing Window Sprites
[2024-01-22 22:23:38,254] [MainProcess/MainThread/INFO] (shell_startup.py/update) Clearing background
[2024-01-22 22:23:38,254] [MainProcess/MainThread/INFO] (shell_startup.py/update) Creating Sprites...Drawing Background Sprites
[2024-01-22 22:23:38,254] [MainProcess/MainThread/INFO] (shell_startup.py/update) Creating Windows Spites...Drawing Window Sprites
[2024-01-22 22:23:38,272] [MainProcess/MainThread/INFO] (shell_startup.py/update) Clearing background
[2024-01-22 22:23:38,272] [MainProcess/MainThread/INFO] (shell_startup.py/update) Creating Sprites...Drawing Background Sprites
[2024-01-22 22:23:38,272] [MainProcess/MainThread/INFO] (shell_startup.py/update) Creating Windows Spites...Drawing Window Sprites
[2024-01-22 22:23:38,290] [MainProcess/MainThread/INFO] (shell_startup.py/update) Clearing background
[2024-01-22 22:23:38,290] [MainProcess/MainThread/INFO] (shell_startup.py/update) Creating Sprites...Drawing Background Sprites
[2024-01-22 22:23:38,290] [MainProcess/MainThread/INFO] (shell_startup.py/update) Creating Windows Spites...Drawing Window Sprites
[2024-01-22 22:23:38,308] [MainProcess/MainThread/INFO] (shell_startup.py/update) Clearing background
[2024-01-22 22:23:38,308] [MainProcess/MainThread/INFO] (shell_startup.py/update) Creating Sprites...Drawing Background Sprites
[2024-01-22 22:23:38,308] [MainProcess/MainThread/INFO] (shell_startup.py/update) Creating Windows Spites...Drawing Window Sprites
[2024-01-22 22:23:38,326] [MainProcess/MainThread/INFO] (shell_startup.py/update) Clearing background
[2024-01-22 22:23:38,326] [MainProcess/MainThread/INFO] (shell_startup.py/update) Creating Sprites...Drawing Background Sprites
[2024-01-22 22:23:38,327] [MainProcess/MainThread/INFO] (shell_startup.py/update) Creating Windows Spites...Drawing Window Sprites
[2024-01-22 22:23:38,345] [MainProcess/MainThread/INFO] (shell_startup.py/update) Clearing background
[2024-01-22 22:23:38,346] [MainProcess/MainThread/INFO] (shell_startup.py/update) Creating Sprites...Drawing Background Sprites
[2024-01-22 22:23:38,346] [MainProcess/MainThread/INFO] (shell_startup.py/update) Creating Windows Spites...Drawing Window Sprites
[2024-01-22 22:23:38,363] [MainProcess/MainThread/INFO] (shell_startup.py/update) Clearing background
[2024-01-22 22:23:38,363] [MainProcess/MainThread/INFO] (shell_startup.py/update) Creating Sprites...Drawing Background Sprites
[2024-01-22 22:23:38,363] [MainProcess/MainThread/INFO] (shell_startup.py/update) Creating Windows Spites...Drawing Window Sprites
[2024-01-22 22:23:38,382] [MainProcess/MainThread/INFO] (shell_startup.py/update) Clearing background
[2024-01-22 22:23:38,382] [MainProcess/MainThread/INFO] (shell_startup.py/update) Creating Sprites...Drawing Background Sprites
[2024-01-22 22:23:38,382] [MainProcess/MainThread/INFO] (shell_startup.py/update) Creating Windows Spites...Drawing Window Sprites
[2024-01-22 22:23:38,399] [MainProcess/MainThread/INFO] (shell_startup.py/update) Clearing background
[2024-01-22 22:23:38,399] [MainProcess/MainThread/INFO] (shell_startup.py/update) Creating Sprites...Drawing Background Sprites
[2024-01-22 22:23:38,399] [MainProcess/MainThread/INFO] (shell_startup.py/update) Creating Windows Spites...Drawing Window Sprites
[2024-01-22 22:23:38,417] [MainProcess/MainThread/INFO] (shell_startup.py/update) Clearing background
[2024-01-22 22:23:38,417] [MainProcess/MainThread/INFO] (shell_startup.py/update) Creating Sprites...Drawing Background Sprites
[2024-01-22 22:23:38,417] [MainProcess/MainThread/INFO] (shell_startup.py/update) Creating Windows Spites...Drawing Window Sprites
[2024-01-22 22:23:38,436] [MainProcess/MainThread/INFO] (shell_startup.py/update) Clearing background
[2024-01-22 22:23:38,436] [MainProcess/MainThread/INFO] (shell_startup.py/update) Creating Sprites...Drawing Background Sprites
[2024-01-22 22:23:38,436] [MainProcess/MainThread/INFO] (shell_startup.py/update) Creating Windows Spites...Drawing Window Sprites
[2024-01-22 22:23:38,454] [MainProcess/MainThread/INFO] (shell_startup.py/update) Clearing background
[2024-01-22 22:23:38,454] [MainProcess/MainThread/INFO] (shell_startup.py/update) Creating Sprites...Drawing Background Sprites
[2024-01-22 22:23:38,454] [MainProcess/MainThread/INFO] (shell_startup.py/update) Creating Windows Spites...Drawing Window Sprites
[2024-01-22 22:23:38,473] [MainProcess/MainThread/INFO] (shell_startup.py/update) Clearing background
[2024-01-22 22:23:38,473] [MainProcess/MainThread/INFO] (shell_startup.py/update) Creating Sprites...Drawing Background Sprites
[2024-01-22 22:23:38,473] [MainProcess/MainThread/INFO] (shell_startup.py/update) Creating Windows Spites...Drawing Window Sprites
[2024-01-22 22:23:38,491] [MainProcess/MainThread/INFO] (shell_startup.py/update) Clearing background
[2024-01-22 22:23:38,491] [MainProcess/MainThread/INFO] (shell_startup.py/update) Creating Sprites...Drawing Background Sprites
[2024-01-22 22:23:38,491] [MainProcess/MainThread/INFO] (shell_startup.py/update) Creating Windows Spites...Drawing Window Sprites
[2024-01-22 22:23:38,508] [MainProcess/MainThread/INFO] (shell_startup.py/update) Clearing background
[2024-01-22 22:23:38,509] [MainProcess/MainThread/INFO] (shell_startup.py/update) Creating Sprites...Drawing Background Sprites
[2024-01-22 22:23:38,509] [MainProcess/MainThread/INFO] (shell_startup.py/update) Creating Windows Spites...Drawing Window Sprites
[2024-01-22 22:23:38,527] [MainProcess/MainThread/INFO] (shell_startup.py/update) Clearing background
[2024-01-22 22:23:38,527] [MainProcess/MainThread/INFO] (shell_startup.py/update) Creating Sprites...Drawing Background Sprites
[2024-01-22 22:23:38,527] [MainProcess/MainThread/INFO] (shell_startup.py/update) Creating Windows Spites...Drawing Window Sprites
[2024-01-22 22:23:38,545] [MainProcess/MainThread/INFO] (shell_startup.py/update) Clearing background
[2024-01-22 22:23:38,546] [MainProcess/MainThread/INFO] (shell_startup.py/update) Creating Sprites...Drawing Background Sprites
[2024-01-22 22:23:38,546] [MainProcess/MainThread/INFO] (shell_startup.py/update) Creating Windows Spites...Drawing Window Sprites
[2024-01-22 22:23:38,563] [MainProcess/MainThread/INFO] (shell_startup.py/update) Clearing background
[2024-01-22 22:23:38,563] [MainProcess/MainThread/INFO] (shell_startup.py/update) Creating Sprites...Drawing Background Sprites
[2024-01-22 22:23:38,563] [MainProcess/MainThread/INFO] (shell_startup.py/update) Creating Windows Spites...Drawing Window Sprites
[2024-01-22 22:23:38,582] [MainProcess/MainThread/INFO] (shell_startup.py/update) Clearing background
[2024-01-22 22:23:38,583] [MainProcess/MainThread/INFO] (shell_startup.py/update) Creating Sprites...Drawing Background Sprites
[2024-01-22 22:23:38,583] [MainProcess/MainThread/INFO] (shell_startup.py/update) Creating Windows Spites...Drawing Window Sprites
[2024-01-22 22:23:38,600] [MainProcess/MainThread/INFO] (shell_startup.py/update) Clearing background
[2024-01-22 22:23:38,600] [MainProcess/MainThread/INFO] (shell_startup.py/update) Creating Sprites...Drawing Background Sprites
[2024-01-22 22:23:38,600] [MainProcess/MainThread/INFO] (shell_startup.py/update) Creating Windows Spites...Drawing Window Sprites
[2024-01-22 22:23:38,618] [MainProcess/MainThread/INFO] (shell_startup.py/update) Clearing background
[2024-01-22 22:23:38,618] [MainProcess/MainThread/INFO] (shell_startup.py/update) Creating Sprites...Drawing Background Sprites
[2024-01-22 22:23:38,618] [MainProcess/MainThread/INFO] (shell_startup.py/update) Creating Windows Spites...Drawing Window Sprites
[2024-01-22 22:23:38,636] [MainProcess/MainThread/INFO] (shell_startup.py/update) Clearing background
[2024-01-22 22:23:38,636] [MainProcess/MainThread/INFO] (shell_startup.py/update) Creating Sprites...Drawing Background Sprites
[2024-01-22 22:23:38,636] [MainProcess/MainThread/INFO] (shell_startup.py/update) Creating Windows Spites...Drawing Window Sprites
[2024-01-22 22:23:38,660] [MainProcess/MainThread/INFO] (shell_startup.py/update) Clearing background
[2024-01-22 22:23:38,660] [MainProcess/MainThread/INFO] (shell_startup.py/update) Creating Sprites...Drawing Background Sprites
[2024-01-22 22:23:38,660] [MainProcess/MainThread/INFO] (shell_startup.py/update) Creating Windows Spites...Drawing Window Sprites
[2024-01-22 22:23:38,679] [MainProcess/MainThread/INFO] (shell_startup.py/update) Clearing background
[2024-01-22 22:23:38,679] [MainProcess/MainThread/INFO] (shell_startup.py/update) Creating Sprites...Drawing Background Sprites
[2024-01-22 22:23:38,679] [MainProcess/MainThread/INFO] (shell_startup.py/update) Creating Windows Spites...Drawing Window Sprites
[2024-01-22 22:23:38,697] [MainProcess/MainThread/INFO] (shell_startup.py/update) Clearing background
[2024-01-22 22:23:38,697] [MainProcess/MainThread/INFO] (shell_startup.py/update) Creating Sprites...Drawing Background Sprites
[2024-01-22 22:23:38,697] [MainProcess/MainThread/INFO] (shell_startup.py/update) Creating Windows Spites...Drawing Window Sprites
[2024-01-22 22:23:38,715] [MainProcess/MainThread/INFO] (shell_startup.py/update) Clearing background
[2024-01-22 22:23:38,715] [MainProcess/MainThread/INFO] (shell_startup.py/update) Creating Sprites...Drawing Background Sprites
[2024-01-22 22:23:38,715] [MainProcess/MainThread/INFO] (shell_startup.py/update) Creating Windows Spites...Drawing Window Sprites
[2024-01-22 22:23:38,733] [MainProcess/MainThread/INFO] (shell_startup.py/update) Clearing background
[2024-01-22 22:23:38,733] [MainProcess/MainThread/INFO] (shell_startup.py/update) Creating Sprites...Drawing Background Sprites
[2024-01-22 22:23:38,733] [MainProcess/MainThread/INFO] (shell_startup.py/update) Creating Windows Spites...Drawing Window Sprites
[2024-01-22 22:23:38,752] [MainProcess/MainThread/INFO] (shell_startup.py/update) Clearing background
[2024-01-22 22:23:38,752] [MainProcess/MainThread/INFO] (shell_startup.py/update) Creating Sprites...Drawing Background Sprites
[2024-01-22 22:23:38,752] [MainProcess/MainThread/INFO] (shell_startup.py/update) Creating Windows Spites...Drawing Window Sprites
[2024-01-22 22:23:38,770] [MainProcess/MainThread/INFO] (shell_startup.py/update) Clearing background
[2024-01-22 22:23:38,770] [MainProcess/MainThread/INFO] (shell_startup.py/update) Creating Sprites...Drawing Background Sprites
[2024-01-22 22:23:38,770] [MainProcess/MainThread/INFO] (shell_startup.py/update) Creating Windows Spites...Drawing Window Sprites
[2024-01-22 22:23:38,880] [MainProcess/MainThread/INFO] (shell_startup.py/update) Clearing background
[2024-01-22 22:23:38,881] [MainProcess/MainThread/INFO] (shell_startup.py/update) Creating Sprites...Drawing Background Sprites
[2024-01-22 22:23:38,881] [MainProcess/MainThread/INFO] (shell_startup.py/update) Creating Windows Spites...Drawing Window Sprites
[2024-01-22 22:23:38,894] [MainProcess/MainThread/INFO] (shell_startup.py/update) Clearing background
[2024-01-22 22:23:38,895] [MainProcess/MainThread/INFO] (shell_startup.py/update) Creating Sprites...Drawing Background Sprites
[2024-01-22 22:23:38,896] [MainProcess/MainThread/INFO] (shell_startup.py/update) Creating Windows Spites...Drawing Window Sprites
[2024-01-22 22:23:38,915] [MainProcess/MainThread/INFO] (shell_startup.py/update) Clearing background
[2024-01-22 22:23:38,915] [MainProcess/MainThread/INFO] (shell_startup.py/update) Creating Sprites...Drawing Background Sprites
[2024-01-22 22:23:38,915] [MainProcess/MainThread/INFO] (shell_startup.py/update) Creating Windows Spites...Drawing Window Sprites
[2024-01-22 22:23:38,933] [MainProcess/MainThread/INFO] (shell_startup.py/update) Clearing background
[2024-01-22 22:23:38,933] [MainProcess/MainThread/INFO] (shell_startup.py/update) Creating Sprites...Drawing Background Sprites
[2024-01-22 22:23:38,933] [MainProcess/MainThread/INFO] (shell_startup.py/update) Creating Windows Spites...Drawing Window Sprites
[2024-01-22 22:23:38,951] [MainProcess/MainThread/INFO] (shell_startup.py/update) Clearing background
[2024-01-22 22:23:38,952] [MainProcess/MainThread/INFO] (shell_startup.py/update) Creating Sprites...Drawing Background Sprites
[2024-01-22 22:23:38,952] [MainProcess/MainThread/INFO] (shell_startup.py/update) Creating Windows Spites...Drawing Window Sprites
[2024-01-22 22:23:38,970] [MainProcess/MainThread/INFO] (shell_startup.py/update) Clearing background
[2024-01-22 22:23:38,970] [MainProcess/MainThread/INFO] (shell_startup.py/update) Creating Sprites...Drawing Background Sprites
[2024-01-22 22:23:38,970] [MainProcess/MainThread/INFO] (shell_startup.py/update) Creating Windows Spites...Drawing Window Sprites
[2024-01-22 22:23:38,988] [MainProcess/MainThread/INFO] (shell_startup.py/update) Clearing background
[2024-01-22 22:23:38,988] [MainProcess/MainThread/INFO] (shell_startup.py/update) Creating Sprites...Drawing Background Sprites
[2024-01-22 22:23:38,988] [MainProcess/MainThread/INFO] (shell_startup.py/update) Creating Windows Spites...Drawing Window Sprites
[2024-01-22 22:23:39,006] [MainProcess/MainThread/INFO] (shell_startup.py/update) Clearing background
[2024-01-22 22:23:39,007] [MainProcess/MainThread/INFO] (shell_startup.py/update) Creating Sprites...Drawing Background Sprites
[2024-01-22 22:23:39,007] [MainProcess/MainThread/INFO] (shell_startup.py/update) Creating Windows Spites...Drawing Window Sprites
[2024-01-22 22:23:39,024] [MainProcess/MainThread/INFO] (shell_startup.py/update) Clearing background
[2024-01-22 22:23:39,024] [MainProcess/MainThread/INFO] (shell_startup.py/update) Creating Sprites...Drawing Background Sprites
[2024-01-22 22:23:39,024] [MainProcess/MainThread/INFO] (shell_startup.py/update) Creating Windows Spites...Drawing Window Sprites
[2024-01-22 22:23:39,043] [MainProcess/MainThread/INFO] (shell_startup.py/update) Clearing background
[2024-01-22 22:23:39,043] [MainProcess/MainThread/INFO] (shell_startup.py/update) Creating Sprites...Drawing Background Sprites
[2024-01-22 22:23:39,043] [MainProcess/MainThread/INFO] (shell_startup.py/update) Creating Windows Spites...Drawing Window Sprites
[2024-01-22 22:23:39,060] [MainProcess/MainThread/INFO] (shell_startup.py/update) Clearing background
[2024-01-22 22:23:39,060] [MainProcess/MainThread/INFO] (shell_startup.py/update) Creating Sprites...Drawing Background Sprites
[2024-01-22 22:23:39,060] [MainProcess/MainThread/INFO] (shell_startup.py/update) Creating Windows Spites...Drawing Window Sprites
[2024-01-22 22:23:39,078] [MainProcess/MainThread/INFO] (shell_startup.py/update) Clearing background
[2024-01-22 22:23:39,079] [MainProcess/MainThread/INFO] (shell_startup.py/update) Creating Sprites...Drawing Background Sprites
[2024-01-22 22:23:39,079] [MainProcess/MainThread/INFO] (shell_startup.py/update) Creating Windows Spites...Drawing Window Sprites
[2024-01-22 22:23:39,097] [MainProcess/MainThread/INFO] (shell_startup.py/update) Clearing background
[2024-01-22 22:23:39,097] [MainProcess/MainThread/INFO] (shell_startup.py/update) Creating Sprites...Drawing Background Sprites
[2024-01-22 22:23:39,097] [MainProcess/MainThread/INFO] (shell_startup.py/update) Creating Windows Spites...Drawing Window Sprites
[2024-01-22 22:23:39,115] [MainProcess/MainThread/INFO] (shell_startup.py/update) Clearing background
[2024-01-22 22:23:39,115] [MainProcess/MainThread/INFO] (shell_startup.py/update) Creating Sprites...Drawing Background Sprites
[2024-01-22 22:23:39,116] [MainProcess/MainThread/INFO] (shell_startup.py/update) Creating Windows Spites...Drawing Window Sprites
[2024-01-22 22:23:39,133] [MainProcess/MainThread/INFO] (shell_startup.py/update) Clearing background
[2024-01-22 22:23:39,133] [MainProcess/MainThread/INFO] (shell_startup.py/update) Creating Sprites...Drawing Background Sprites
[2024-01-22 22:23:39,133] [MainProcess/MainThread/INFO] (shell_startup.py/update) Creating Windows Spites...Drawing Window Sprites
[2024-01-22 22:23:39,152] [MainProcess/MainThread/INFO] (shell_startup.py/update) Clearing background
[2024-01-22 22:23:39,152] [MainProcess/MainThread/INFO] (shell_startup.py/update) Creating Sprites...Drawing Background Sprites
[2024-01-22 22:23:39,152] [MainProcess/MainThread/INFO] (shell_startup.py/update) Creating Windows Spites...Drawing Window Sprites
[2024-01-22 22:23:39,170] [MainProcess/MainThread/INFO] (shell_startup.py/update) Clearing background
[2024-01-22 22:23:39,170] [MainProcess/MainThread/INFO] (shell_startup.py/update) Creating Sprites...Drawing Background Sprites
[2024-01-22 22:23:39,170] [MainProcess/MainThread/INFO] (shell_startup.py/update) Creating Windows Spites...Drawing Window Sprites
[2024-01-22 22:23:39,188] [MainProcess/MainThread/INFO] (shell_startup.py/update) Clearing background
[2024-01-22 22:23:39,188] [MainProcess/MainThread/INFO] (shell_startup.py/update) Creating Sprites...Drawing Background Sprites
[2024-01-22 22:23:39,188] [MainProcess/MainThread/INFO] (shell_startup.py/update) Creating Windows Spites...Drawing Window Sprites
[2024-01-22 22:23:39,206] [MainProcess/MainThread/INFO] (shell_startup.py/update) Clearing background
[2024-01-22 22:23:39,207] [MainProcess/MainThread/INFO] (shell_startup.py/update) Creating Sprites...Drawing Background Sprites
[2024-01-22 22:23:39,207] [MainProcess/MainThread/INFO] (shell_startup.py/update) Creating Windows Spites...Drawing Window Sprites
[2024-01-22 22:23:39,225] [MainProcess/MainThread/INFO] (shell_startup.py/update) Clearing background
[2024-01-22 22:23:39,225] [MainProcess/MainThread/INFO] (shell_startup.py/update) Creating Sprites...Drawing Background Sprites
[2024-01-22 22:23:39,225] [MainProcess/MainThread/INFO] (shell_startup.py/update) Creating Windows Spites...Drawing Window Sprites
[2024-01-22 22:23:39,243] [MainProcess/MainThread/INFO] (shell_startup.py/update) Clearing background
[2024-01-22 22:23:39,243] [MainProcess/MainThread/INFO] (shell_startup.py/update) Creating Sprites...Drawing Background Sprites
[2024-01-22 22:23:39,243] [MainProcess/MainThread/INFO] (shell_startup.py/update) Creating Windows Spites...Drawing Window Sprites
[2024-01-22 22:23:39,260] [MainProcess/MainThread/INFO] (shell_startup.py/update) Clearing background
[2024-01-22 22:23:39,260] [MainProcess/MainThread/INFO] (shell_startup.py/update) Creating Sprites...Drawing Background Sprites
[2024-01-22 22:23:39,261] [MainProcess/MainThread/INFO] (shell_startup.py/update) Creating Windows Spites...Drawing Window Sprites
[2024-01-22 22:23:39,279] [MainProcess/MainThread/INFO] (shell_startup.py/update) Clearing background
[2024-01-22 22:23:39,279] [MainProcess/MainThread/INFO] (shell_startup.py/update) Creating Sprites...Drawing Background Sprites
[2024-01-22 22:23:39,279] [MainProcess/MainThread/INFO] (shell_startup.py/update) Creating Windows Spites...Drawing Window Sprites
[2024-01-22 22:23:39,297] [MainProcess/MainThread/INFO] (shell_startup.py/update) Clearing background
[2024-01-22 22:23:39,297] [MainProcess/MainThread/INFO] (shell_startup.py/update) Creating Sprites...Drawing Background Sprites
[2024-01-22 22:23:39,297] [MainProcess/MainThread/INFO] (shell_startup.py/update) Creating Windows Spites...Drawing Window Sprites
[2024-01-22 22:23:39,315] [MainProcess/MainThread/INFO] (shell_startup.py/update) Clearing background
[2024-01-22 22:23:39,315] [MainProcess/MainThread/INFO] (shell_startup.py/update) Creating Sprites...Drawing Background Sprites
[2024-01-22 22:23:39,315] [MainProcess/MainThread/INFO] (shell_startup.py/update) Creating Windows Spites...Drawing Window Sprites
[2024-01-22 22:23:39,334] [MainProcess/MainThread/INFO] (shell_startup.py/update) Clearing background
[2024-01-22 22:23:39,334] [MainProcess/MainThread/INFO] (shell_startup.py/update) Creating Sprites...Drawing Background Sprites
[2024-01-22 22:23:39,334] [MainProcess/MainThread/INFO] (shell_startup.py/update) Creating Windows Spites...Drawing Window Sprites
[2024-01-22 22:23:39,352] [MainProcess/MainThread/INFO] (shell_startup.py/update) Clearing background
[2024-01-22 22:23:39,352] [MainProcess/MainThread/INFO] (shell_startup.py/update) Creating Sprites...Drawing Background Sprites
[2024-01-22 22:23:39,352] [MainProcess/MainThread/INFO] (shell_startup.py/update) Creating Windows Spites...Drawing Window Sprites
[2024-01-22 22:23:39,369] [MainProcess/MainThread/INFO] (shell_startup.py/update) Clearing background
[2024-01-22 22:23:39,370] [MainProcess/MainThread/INFO] (shell_startup.py/update) Creating Sprites...Drawing Background Sprites
[2024-01-22 22:23:39,370] [MainProcess/MainThread/INFO] (shell_startup.py/update) Creating Windows Spites...Drawing Window Sprites
[2024-01-22 22:23:39,387] [MainProcess/MainThread/INFO] (shell_startup.py/update) Clearing background
[2024-01-22 22:23:39,388] [MainProcess/MainThread/INFO] (shell_startup.py/update) Creating Sprites...Drawing Background Sprites
[2024-01-22 22:23:39,388] [MainProcess/MainThread/INFO] (shell_startup.py/update) Creating Windows Spites...Drawing Window Sprites
[2024-01-22 22:23:39,407] [MainProcess/MainThread/INFO] (shell_startup.py/update) Clearing background
[2024-01-22 22:23:39,407] [MainProcess/MainThread/INFO] (shell_startup.py/update) Creating Sprites...Drawing Background Sprites
[2024-01-22 22:23:39,407] [MainProcess/MainThread/INFO] (shell_startup.py/update) Creating Windows Spites...Drawing Window Sprites
[2024-01-22 22:23:39,425] [MainProcess/MainThread/INFO] (shell_startup.py/update) Clearing background
[2024-01-22 22:23:39,425] [MainProcess/MainThread/INFO] (shell_startup.py/update) Creating Sprites...Drawing Background Sprites
[2024-01-22 22:23:39,425] [MainProcess/MainThread/INFO] (shell_startup.py/update) Creating Windows Spites...Drawing Window Sprites
[2024-01-22 22:23:39,443] [MainProcess/MainThread/INFO] (shell_startup.py/update) Clearing background
[2024-01-22 22:23:39,443] [MainProcess/MainThread/INFO] (shell_startup.py/update) Creating Sprites...Drawing Background Sprites
[2024-01-22 22:23:39,443] [MainProcess/MainThread/INFO] (shell_startup.py/update) Creating Windows Spites...Drawing Window Sprites
[2024-01-22 22:23:39,461] [MainProcess/MainThread/INFO] (shell_startup.py/update) Clearing background
[2024-01-22 22:23:39,461] [MainProcess/MainThread/INFO] (shell_startup.py/update) Creating Sprites...Drawing Background Sprites
[2024-01-22 22:23:39,462] [MainProcess/MainThread/INFO] (shell_startup.py/update) Creating Windows Spites...Drawing Window Sprites
[2024-01-22 22:23:39,480] [MainProcess/MainThread/INFO] (shell_startup.py/update) Clearing background
[2024-01-22 22:23:39,480] [MainProcess/MainThread/INFO] (shell_startup.py/update) Creating Sprites...Drawing Background Sprites
[2024-01-22 22:23:39,480] [MainProcess/MainThread/INFO] (shell_startup.py/update) Creating Windows Spites...Drawing Window Sprites
[2024-01-22 22:23:39,498] [MainProcess/MainThread/INFO] (shell_startup.py/update) Clearing background
[2024-01-22 22:23:39,498] [MainProcess/MainThread/INFO] (shell_startup.py/update) Creating Sprites...Drawing Background Sprites
[2024-01-22 22:23:39,498] [MainProcess/MainThread/INFO] (shell_startup.py/update) Creating Windows Spites...Drawing Window Sprites
[2024-01-22 22:23:39,516] [MainProcess/MainThread/INFO] (shell_startup.py/update) Clearing background
[2024-01-22 22:23:39,516] [MainProcess/MainThread/INFO] (shell_startup.py/update) Creating Sprites...Drawing Background Sprites
[2024-01-22 22:23:39,516] [MainProcess/MainThread/INFO] (shell_startup.py/update) Creating Windows Spites...Drawing Window Sprites
[2024-01-22 22:23:39,534] [MainProcess/MainThread/INFO] (shell_startup.py/update) Clearing background
[2024-01-22 22:23:39,534] [MainProcess/MainThread/INFO] (shell_startup.py/update) Creating Sprites...Drawing Background Sprites
[2024-01-22 22:23:39,534] [MainProcess/MainThread/INFO] (shell_startup.py/update) Creating Windows Spites...Drawing Window Sprites
[2024-01-22 22:23:39,552] [MainProcess/MainThread/INFO] (shell_startup.py/update) Clearing background
[2024-01-22 22:23:39,552] [MainProcess/MainThread/INFO] (shell_startup.py/update) Creating Sprites...Drawing Background Sprites
[2024-01-22 22:23:39,553] [MainProcess/MainThread/INFO] (shell_startup.py/update) Creating Windows Spites...Drawing Window Sprites
[2024-01-22 22:23:39,571] [MainProcess/MainThread/INFO] (shell_startup.py/update) Clearing background
[2024-01-22 22:23:39,571] [MainProcess/MainThread/INFO] (shell_startup.py/update) Creating Sprites...Drawing Background Sprites
[2024-01-22 22:23:39,571] [MainProcess/MainThread/INFO] (shell_startup.py/update) Creating Windows Spites...Drawing Window Sprites
[2024-01-22 22:23:39,588] [MainProcess/MainThread/INFO] (shell_startup.py/update) Clearing background
[2024-01-22 22:23:39,589] [MainProcess/MainThread/INFO] (shell_startup.py/update) Creating Sprites...Drawing Background Sprites
[2024-01-22 22:23:39,589] [MainProcess/MainThread/INFO] (shell_startup.py/update) Creating Windows Spites...Drawing Window Sprites
[2024-01-22 22:23:39,607] [MainProcess/MainThread/INFO] (shell_startup.py/update) Clearing background
[2024-01-22 22:23:39,607] [MainProcess/MainThread/INFO] (shell_startup.py/update) Creating Sprites...Drawing Background Sprites
[2024-01-22 22:23:39,607] [MainProcess/MainThread/INFO] (shell_startup.py/update) Creating Windows Spites...Drawing Window Sprites
[2024-01-22 22:23:39,625] [MainProcess/MainThread/INFO] (shell_startup.py/update) Clearing background
[2024-01-22 22:23:39,625] [MainProcess/MainThread/INFO] (shell_startup.py/update) Creating Sprites...Drawing Background Sprites
[2024-01-22 22:23:39,625] [MainProcess/MainThread/INFO] (shell_startup.py/update) Creating Windows Spites...Drawing Window Sprites
[2024-01-22 22:23:39,643] [MainProcess/MainThread/INFO] (shell_startup.py/update) Clearing background
[2024-01-22 22:23:39,644] [MainProcess/MainThread/INFO] (shell_startup.py/update) Creating Sprites...Drawing Background Sprites
[2024-01-22 22:23:39,644] [MainProcess/MainThread/INFO] (shell_startup.py/update) Creating Windows Spites...Drawing Window Sprites
[2024-01-22 22:23:39,662] [MainProcess/MainThread/INFO] (shell_startup.py/update) Clearing background
[2024-01-22 22:23:39,662] [MainProcess/MainThread/INFO] (shell_startup.py/update) Creating Sprites...Drawing Background Sprites
[2024-01-22 22:23:39,662] [MainProcess/MainThread/INFO] (shell_startup.py/update) Creating Windows Spites...Drawing Window Sprites
[2024-01-22 22:23:39,680] [MainProcess/MainThread/INFO] (shell_startup.py/update) Clearing background
[2024-01-22 22:23:39,680] [MainProcess/MainThread/INFO] (shell_startup.py/update) Creating Sprites...Drawing Background Sprites
[2024-01-22 22:23:39,680] [MainProcess/MainThread/INFO] (shell_startup.py/update) Creating Windows Spites...Drawing Window Sprites
[2024-01-22 22:23:39,698] [MainProcess/MainThread/INFO] (shell_startup.py/update) Clearing background
[2024-01-22 22:23:39,698] [MainProcess/MainThread/INFO] (shell_startup.py/update) Creating Sprites...Drawing Background Sprites
[2024-01-22 22:23:39,698] [MainProcess/MainThread/INFO] (shell_startup.py/update) Creating Windows Spites...Drawing Window Sprites
[2024-01-22 22:23:39,716] [MainProcess/MainThread/INFO] (shell_startup.py/update) Clearing background
[2024-01-22 22:23:39,716] [MainProcess/MainThread/INFO] (shell_startup.py/update) Creating Sprites...Drawing Background Sprites
[2024-01-22 22:23:39,716] [MainProcess/MainThread/INFO] (shell_startup.py/update) Creating Windows Spites...Drawing Window Sprites
[2024-01-22 22:23:39,735] [MainProcess/MainThread/INFO] (shell_startup.py/update) Clearing background
[2024-01-22 22:23:39,735] [MainProcess/MainThread/INFO] (shell_startup.py/update) Creating Sprites...Drawing Background Sprites
[2024-01-22 22:23:39,735] [MainProcess/MainThread/INFO] (shell_startup.py/update) Creating Windows Spites...Drawing Window Sprites
[2024-01-22 22:23:39,752] [MainProcess/MainThread/INFO] (shell_startup.py/update) Clearing background
[2024-01-22 22:23:39,752] [MainProcess/MainThread/INFO] (shell_startup.py/update) Creating Sprites...Drawing Background Sprites
[2024-01-22 22:23:39,752] [MainProcess/MainThread/INFO] (shell_startup.py/update) Creating Windows Spites...Drawing Window Sprites
[2024-01-22 22:23:39,771] [MainProcess/MainThread/INFO] (shell_startup.py/update) Clearing background
[2024-01-22 22:23:39,771] [MainProcess/MainThread/INFO] (shell_startup.py/update) Creating Sprites...Drawing Background Sprites
[2024-01-22 22:23:39,771] [MainProcess/MainThread/INFO] (shell_startup.py/update) Creating Windows Spites...Drawing Window Sprites
[2024-01-22 22:23:39,887] [MainProcess/MainThread/INFO] (shell_startup.py/update) Clearing background
[2024-01-22 22:23:39,887] [MainProcess/MainThread/INFO] (shell_startup.py/update) Creating Sprites...Drawing Background Sprites
[2024-01-22 22:23:39,887] [MainProcess/MainThread/INFO] (shell_startup.py/update) Creating Windows Spites...Drawing Window Sprites
[2024-01-22 22:23:39,893] [MainProcess/MainThread/INFO] (shell_startup.py/update) Clearing background
[2024-01-22 22:23:39,893] [MainProcess/MainThread/INFO] (shell_startup.py/update) Creating Sprites...Drawing Background Sprites
[2024-01-22 22:23:39,893] [MainProcess/MainThread/INFO] (shell_startup.py/update) Creating Windows Spites...Drawing Window Sprites
[2024-01-22 22:23:39,912] [MainProcess/MainThread/INFO] (shell_startup.py/update) Clearing background
[2024-01-22 22:23:39,912] [MainProcess/MainThread/INFO] (shell_startup.py/update) Creating Sprites...Drawing Background Sprites
[2024-01-22 22:23:39,912] [MainProcess/MainThread/INFO] (shell_startup.py/update) Creating Windows Spites...Drawing Window Sprites
[2024-01-22 22:23:39,929] [MainProcess/MainThread/INFO] (shell_startup.py/update) Clearing background
[2024-01-22 22:23:39,930] [MainProcess/MainThread/INFO] (shell_startup.py/update) Creating Sprites...Drawing Background Sprites
[2024-01-22 22:23:39,930] [MainProcess/MainThread/INFO] (shell_startup.py/update) Creating Windows Spites...Drawing Window Sprites
[2024-01-22 22:23:39,948] [MainProcess/MainThread/INFO] (shell_startup.py/update) Clearing background
[2024-01-22 22:23:39,949] [MainProcess/MainThread/INFO] (shell_startup.py/update) Creating Sprites...Drawing Background Sprites
[2024-01-22 22:23:39,949] [MainProcess/MainThread/INFO] (shell_startup.py/update) Creating Windows Spites...Drawing Window Sprites
[2024-01-22 22:23:39,966] [MainProcess/MainThread/INFO] (shell_startup.py/update) Clearing background
[2024-01-22 22:23:39,966] [MainProcess/MainThread/INFO] (shell_startup.py/update) Creating Sprites...Drawing Background Sprites
[2024-01-22 22:23:39,966] [MainProcess/MainThread/INFO] (shell_startup.py/update) Creating Windows Spites...Drawing Window Sprites
[2024-01-22 22:23:39,984] [MainProcess/MainThread/INFO] (shell_startup.py/update) Clearing background
[2024-01-22 22:23:39,984] [MainProcess/MainThread/INFO] (shell_startup.py/update) Creating Sprites...Drawing Background Sprites
[2024-01-22 22:23:39,985] [MainProcess/MainThread/INFO] (shell_startup.py/update) Creating Windows Spites...Drawing Window Sprites
[2024-01-22 22:23:40,002] [MainProcess/MainThread/INFO] (shell_startup.py/update) Clearing background
[2024-01-22 22:23:40,002] [MainProcess/MainThread/INFO] (shell_startup.py/update) Creating Sprites...Drawing Background Sprites
[2024-01-22 22:23:40,002] [MainProcess/MainThread/INFO] (shell_startup.py/update) Creating Windows Spites...Drawing Window Sprites
[2024-01-22 22:23:40,020] [MainProcess/MainThread/INFO] (shell_startup.py/update) Clearing background
[2024-01-22 22:23:40,021] [MainProcess/MainThread/INFO] (shell_startup.py/update) Creating Sprites...Drawing Background Sprites
[2024-01-22 22:23:40,021] [MainProcess/MainThread/INFO] (shell_startup.py/update) Creating Windows Spites...Drawing Window Sprites
[2024-01-22 22:23:40,038] [MainProcess/MainThread/INFO] (shell_startup.py/update) Clearing background
[2024-01-22 22:23:40,039] [MainProcess/MainThread/INFO] (shell_startup.py/update) Creating Sprites...Drawing Background Sprites
[2024-01-22 22:23:40,039] [MainProcess/MainThread/INFO] (shell_startup.py/update) Creating Windows Spites...Drawing Window Sprites
[2024-01-22 22:23:40,057] [MainProcess/MainThread/INFO] (shell_startup.py/update) Clearing background
[2024-01-22 22:23:40,057] [MainProcess/MainThread/INFO] (shell_startup.py/update) Creating Sprites...Drawing Background Sprites
[2024-01-22 22:23:40,057] [MainProcess/MainThread/INFO] (shell_startup.py/update) Creating Windows Spites...Drawing Window Sprites
[2024-01-22 22:23:40,074] [MainProcess/MainThread/INFO] (shell_startup.py/update) Clearing background
[2024-01-22 22:23:40,074] [MainProcess/MainThread/INFO] (shell_startup.py/update) Creating Sprites...Drawing Background Sprites
[2024-01-22 22:23:40,076] [MainProcess/MainThread/INFO] (shell_startup.py/update) Creating Windows Spites...Drawing Window Sprites
[2024-01-22 22:23:40,093] [MainProcess/MainThread/INFO] (shell_startup.py/update) Clearing background
[2024-01-22 22:23:40,094] [MainProcess/MainThread/INFO] (shell_startup.py/update) Creating Sprites...Drawing Background Sprites
[2024-01-22 22:23:40,094] [MainProcess/MainThread/INFO] (shell_startup.py/update) Creating Windows Spites...Drawing Window Sprites
[2024-01-22 22:23:40,111] [MainProcess/MainThread/INFO] (shell_startup.py/update) Clearing background
[2024-01-22 22:23:40,111] [MainProcess/MainThread/INFO] (shell_startup.py/update) Creating Sprites...Drawing Background Sprites
[2024-01-22 22:23:40,111] [MainProcess/MainThread/INFO] (shell_startup.py/update) Creating Windows Spites...Drawing Window Sprites
[2024-01-22 22:23:40,129] [MainProcess/MainThread/INFO] (shell_startup.py/update) Clearing background
[2024-01-22 22:23:40,130] [MainProcess/MainThread/INFO] (shell_startup.py/update) Creating Sprites...Drawing Background Sprites
[2024-01-22 22:23:40,130] [MainProcess/MainThread/INFO] (shell_startup.py/update) Creating Windows Spites...Drawing Window Sprites
[2024-01-22 22:23:40,147] [MainProcess/MainThread/INFO] (shell_startup.py/update) Clearing background
[2024-01-22 22:23:40,147] [MainProcess/MainThread/INFO] (shell_startup.py/update) Creating Sprites...Drawing Background Sprites
[2024-01-22 22:23:40,147] [MainProcess/MainThread/INFO] (shell_startup.py/update) Creating Windows Spites...Drawing Window Sprites
[2024-01-22 22:23:40,165] [MainProcess/MainThread/INFO] (shell_startup.py/update) Clearing background
[2024-01-22 22:23:40,166] [MainProcess/MainThread/INFO] (shell_startup.py/update) Creating Sprites...Drawing Background Sprites
[2024-01-22 22:23:40,166] [MainProcess/MainThread/INFO] (shell_startup.py/update) Creating Windows Spites...Drawing Window Sprites
[2024-01-22 22:23:40,184] [MainProcess/MainThread/INFO] (shell_startup.py/update) Clearing background
[2024-01-22 22:23:40,184] [MainProcess/MainThread/INFO] (shell_startup.py/update) Creating Sprites...Drawing Background Sprites
[2024-01-22 22:23:40,184] [MainProcess/MainThread/INFO] (shell_startup.py/update) Creating Windows Spites...Drawing Window Sprites
[2024-01-22 22:23:40,201] [MainProcess/MainThread/INFO] (shell_startup.py/update) Clearing background
[2024-01-22 22:23:40,202] [MainProcess/MainThread/INFO] (shell_startup.py/update) Creating Sprites...Drawing Background Sprites
[2024-01-22 22:23:40,202] [MainProcess/MainThread/INFO] (shell_startup.py/update) Creating Windows Spites...Drawing Window Sprites
[2024-01-22 22:23:40,220] [MainProcess/MainThread/INFO] (shell_startup.py/update) Clearing background
[2024-01-22 22:23:40,220] [MainProcess/MainThread/INFO] (shell_startup.py/update) Creating Sprites...Drawing Background Sprites
[2024-01-22 22:23:40,220] [MainProcess/MainThread/INFO] (shell_startup.py/update) Creating Windows Spites...Drawing Window Sprites
[2024-01-22 22:23:40,238] [MainProcess/MainThread/INFO] (shell_startup.py/update) Clearing background
[2024-01-22 22:23:40,239] [MainProcess/MainThread/INFO] (shell_startup.py/update) Creating Sprites...Drawing Background Sprites
[2024-01-22 22:23:40,239] [MainProcess/MainThread/INFO] (shell_startup.py/update) Creating Windows Spites...Drawing Window Sprites
[2024-01-22 22:23:40,257] [MainProcess/MainThread/INFO] (shell_startup.py/update) Clearing background
[2024-01-22 22:23:40,257] [MainProcess/MainThread/INFO] (shell_startup.py/update) Creating Sprites...Drawing Background Sprites
[2024-01-22 22:23:40,257] [MainProcess/MainThread/INFO] (shell_startup.py/update) Creating Windows Spites...Drawing Window Sprites
[2024-01-22 22:23:40,275] [MainProcess/MainThread/INFO] (shell_startup.py/update) Clearing background
[2024-01-22 22:23:40,275] [MainProcess/MainThread/INFO] (shell_startup.py/update) Creating Sprites...Drawing Background Sprites
[2024-01-22 22:23:40,275] [MainProcess/MainThread/INFO] (shell_startup.py/update) Creating Windows Spites...Drawing Window Sprites
[2024-01-22 22:23:40,293] [MainProcess/MainThread/INFO] (shell_startup.py/update) Clearing background
[2024-01-22 22:23:40,293] [MainProcess/MainThread/INFO] (shell_startup.py/update) Creating Sprites...Drawing Background Sprites
[2024-01-22 22:23:40,294] [MainProcess/MainThread/INFO] (shell_startup.py/update) Creating Windows Spites...Drawing Window Sprites
[2024-01-22 22:23:40,311] [MainProcess/MainThread/INFO] (shell_startup.py/update) Clearing background
[2024-01-22 22:23:40,312] [MainProcess/MainThread/INFO] (shell_startup.py/update) Creating Sprites...Drawing Background Sprites
[2024-01-22 22:23:40,312] [MainProcess/MainThread/INFO] (shell_startup.py/update) Creating Windows Spites...Drawing Window Sprites
[2024-01-22 22:23:40,329] [MainProcess/MainThread/INFO] (shell_startup.py/update) Clearing background
[2024-01-22 22:23:40,329] [MainProcess/MainThread/INFO] (shell_startup.py/update) Creating Sprites...Drawing Background Sprites
[2024-01-22 22:23:40,329] [MainProcess/MainThread/INFO] (shell_startup.py/update) Creating Windows Spites...Drawing Window Sprites
[2024-01-22 22:23:40,348] [MainProcess/MainThread/INFO] (shell_startup.py/update) Clearing background
[2024-01-22 22:23:40,348] [MainProcess/MainThread/INFO] (shell_startup.py/update) Creating Sprites...Drawing Background Sprites
[2024-01-22 22:23:40,348] [MainProcess/MainThread/INFO] (shell_startup.py/update) Creating Windows Spites...Drawing Window Sprites
[2024-01-22 22:23:40,366] [MainProcess/MainThread/INFO] (shell_startup.py/update) Clearing background
[2024-01-22 22:23:40,366] [MainProcess/MainThread/INFO] (shell_startup.py/update) Creating Sprites...Drawing Background Sprites
[2024-01-22 22:23:40,366] [MainProcess/MainThread/INFO] (shell_startup.py/update) Creating Windows Spites...Drawing Window Sprites
[2024-01-22 22:23:40,384] [MainProcess/MainThread/INFO] (shell_startup.py/update) Clearing background
[2024-01-22 22:23:40,384] [MainProcess/MainThread/INFO] (shell_startup.py/update) Creating Sprites...Drawing Background Sprites
[2024-01-22 22:23:40,384] [MainProcess/MainThread/INFO] (shell_startup.py/update) Creating Windows Spites...Drawing Window Sprites
[2024-01-22 22:23:40,403] [MainProcess/MainThread/INFO] (shell_startup.py/update) Clearing background
[2024-01-22 22:23:40,403] [MainProcess/MainThread/INFO] (shell_startup.py/update) Creating Sprites...Drawing Background Sprites
[2024-01-22 22:23:40,403] [MainProcess/MainThread/INFO] (shell_startup.py/update) Creating Windows Spites...Drawing Window Sprites
[2024-01-22 22:23:40,420] [MainProcess/MainThread/INFO] (shell_startup.py/update) Clearing background
[2024-01-22 22:23:40,420] [MainProcess/MainThread/INFO] (shell_startup.py/update) Creating Sprites...Drawing Background Sprites
[2024-01-22 22:23:40,420] [MainProcess/MainThread/INFO] (shell_startup.py/update) Creating Windows Spites...Drawing Window Sprites
[2024-01-22 22:23:40,439] [MainProcess/MainThread/INFO] (shell_startup.py/update) Clearing background
[2024-01-22 22:23:40,439] [MainProcess/MainThread/INFO] (shell_startup.py/update) Creating Sprites...Drawing Background Sprites
[2024-01-22 22:23:40,439] [MainProcess/MainThread/INFO] (shell_startup.py/update) Creating Windows Spites...Drawing Window Sprites
[2024-01-22 22:23:40,457] [MainProcess/MainThread/INFO] (shell_startup.py/update) Clearing background
[2024-01-22 22:23:40,457] [MainProcess/MainThread/INFO] (shell_startup.py/update) Creating Sprites...Drawing Background Sprites
[2024-01-22 22:23:40,457] [MainProcess/MainThread/INFO] (shell_startup.py/update) Creating Windows Spites...Drawing Window Sprites
[2024-01-22 22:23:40,475] [MainProcess/MainThread/INFO] (shell_startup.py/update) Clearing background
[2024-01-22 22:23:40,475] [MainProcess/MainThread/INFO] (shell_startup.py/update) Creating Sprites...Drawing Background Sprites
[2024-01-22 22:23:40,475] [MainProcess/MainThread/INFO] (shell_startup.py/update) Creating Windows Spites...Drawing Window Sprites
[2024-01-22 22:23:40,493] [MainProcess/MainThread/INFO] (shell_startup.py/update) Clearing background
[2024-01-22 22:23:40,494] [MainProcess/MainThread/INFO] (shell_startup.py/update) Creating Sprites...Drawing Background Sprites
[2024-01-22 22:23:40,494] [MainProcess/MainThread/INFO] (shell_startup.py/update) Creating Windows Spites...Drawing Window Sprites
[2024-01-22 22:23:40,512] [MainProcess/MainThread/INFO] (shell_startup.py/update) Clearing background
[2024-01-22 22:23:40,512] [MainProcess/MainThread/INFO] (shell_startup.py/update) Creating Sprites...Drawing Background Sprites
[2024-01-22 22:23:40,512] [MainProcess/MainThread/INFO] (shell_startup.py/update) Creating Windows Spites...Drawing Window Sprites
[2024-01-22 22:23:40,529] [MainProcess/MainThread/INFO] (shell_startup.py/update) Clearing background
[2024-01-22 22:23:40,530] [MainProcess/MainThread/INFO] (shell_startup.py/update) Creating Sprites...Drawing Background Sprites
[2024-01-22 22:23:40,530] [MainProcess/MainThread/INFO] (shell_startup.py/update) Creating Windows Spites...Drawing Window Sprites
[2024-01-22 22:23:40,548] [MainProcess/MainThread/INFO] (shell_startup.py/update) Clearing background
[2024-01-22 22:23:40,548] [MainProcess/MainThread/INFO] (shell_startup.py/update) Creating Sprites...Drawing Background Sprites
[2024-01-22 22:23:40,548] [MainProcess/MainThread/INFO] (shell_startup.py/update) Creating Windows Spites...Drawing Window Sprites
[2024-01-22 22:23:40,566] [MainProcess/MainThread/INFO] (shell_startup.py/update) Clearing background
[2024-01-22 22:23:40,567] [MainProcess/MainThread/INFO] (shell_startup.py/update) Creating Sprites...Drawing Background Sprites
[2024-01-22 22:23:40,567] [MainProcess/MainThread/INFO] (shell_startup.py/update) Creating Windows Spites...Drawing Window Sprites
[2024-01-22 22:23:40,584] [MainProcess/MainThread/INFO] (shell_startup.py/update) Clearing background
[2024-01-22 22:23:40,584] [MainProcess/MainThread/INFO] (shell_startup.py/update) Creating Sprites...Drawing Background Sprites
[2024-01-22 22:23:40,585] [MainProcess/MainThread/INFO] (shell_startup.py/update) Creating Windows Spites...Drawing Window Sprites
[2024-01-22 22:23:40,603] [MainProcess/MainThread/INFO] (shell_startup.py/update) Clearing background
[2024-01-22 22:23:40,603] [MainProcess/MainThread/INFO] (shell_startup.py/update) Creating Sprites...Drawing Background Sprites
[2024-01-22 22:23:40,603] [MainProcess/MainThread/INFO] (shell_startup.py/update) Creating Windows Spites...Drawing Window Sprites
[2024-01-22 22:23:40,621] [MainProcess/MainThread/INFO] (shell_startup.py/update) Clearing background
[2024-01-22 22:23:40,621] [MainProcess/MainThread/INFO] (shell_startup.py/update) Creating Sprites...Drawing Background Sprites
[2024-01-22 22:23:40,621] [MainProcess/MainThread/INFO] (shell_startup.py/update) Creating Windows Spites...Drawing Window Sprites
[2024-01-22 22:23:40,639] [MainProcess/MainThread/INFO] (shell_startup.py/update) Clearing background
[2024-01-22 22:23:40,639] [MainProcess/MainThread/INFO] (shell_startup.py/update) Creating Sprites...Drawing Background Sprites
[2024-01-22 22:23:40,639] [MainProcess/MainThread/INFO] (shell_startup.py/update) Creating Windows Spites...Drawing Window Sprites
[2024-01-22 22:23:40,656] [MainProcess/MainThread/INFO] (shell_startup.py/update) Clearing background
[2024-01-22 22:23:40,657] [MainProcess/MainThread/INFO] (shell_startup.py/update) Creating Sprites...Drawing Background Sprites
[2024-01-22 22:23:40,657] [MainProcess/MainThread/INFO] (shell_startup.py/update) Creating Windows Spites...Drawing Window Sprites
[2024-01-22 22:23:40,675] [MainProcess/MainThread/INFO] (shell_startup.py/update) Clearing background
[2024-01-22 22:23:40,675] [MainProcess/MainThread/INFO] (shell_startup.py/update) Creating Sprites...Drawing Background Sprites
[2024-01-22 22:23:40,675] [MainProcess/MainThread/INFO] (shell_startup.py/update) Creating Windows Spites...Drawing Window Sprites
