[LOGS]
[2024-01-22 22:16:21,129] [MainProcess/MainThread/INFO] (shell_startup.py/update) Clearing background
[2024-01-22 22:16:21,129] [MainProcess/MainThread/INFO] (shell_startup.py/update) Creating Sprites...Drawing Background Sprites
[2024-01-22 22:16:21,129] [MainProcess/MainThread/INFO] (shell_startup.py/update) Creating Windows Spites...Drawing Window Sprites
[2024-01-22 22:16:21,144] [MainProcess/MainThread/INFO] (shell_startup.py/update) Clearing background
[2024-01-22 22:16:21,145] [MainProcess/MainThread/INFO] (shell_startup.py/update) Creating Sprites...Drawing Background Sprites
[2024-01-22 22:16:21,153] [MainProcess/MainThread/INFO] (shell_startup.py/update) Creating Windows Spites...Drawing Window Sprites
[2024-01-22 22:16:21,168] [MainProcess/MainThread/INFO] (shell_startup.py/update) Clearing background
[2024-01-22 22:16:21,168] [MainProcess/MainThread/INFO] (shell_startup.py/update) Creating Sprites...Drawing Background Sprites
[2024-01-22 22:16:21,168] [MainProcess/MainThread/INFO] (shell_startup.py/update) Creating Windows Spites...Drawing Window Sprites
[2024-01-22 22:16:21,186] [MainProcess/MainThread/INFO] (shell_startup.py/update) Clearing background
[2024-01-22 22:16:21,186] [MainProcess/MainThread/INFO] (shell_startup.py/update) Creating Sprites...Drawing Background Sprites
[2024-01-22 22:16:21,186] [MainProcess/MainThread/INFO] (shell_startup.py/update) Creating Windows Spites...Drawing Window Sprites
[2024-01-22 22:16:21,205] [MainProcess/MainThread/INFO] (shell_startup.py/update) Clearing background
[2024-01-22 22:16:21,205] [MainProcess/MainThread/INFO] (shell_startup.py/update) Creating Sprites...Drawing Background Sprites
[2024-01-22 22:16:21,205] [MainProcess/MainThread/INFO] (shell_startup.py/update) Creating Windows Spites...Drawing Window Sprites
[2024-01-22 22:16:21,223] [MainProcess/MainThread/INFO] (shell_startup.py/update) Clearing background
[2024-01-22 22:16:21,223] [MainProcess/MainThread/INFO] (shell_startup.py/update) Creating Sprites...Drawing Background Sprites
[2024-01-22 22:16:21,223] [MainProcess/MainThread/INFO] (shell_startup.py/update) Creating Windows Spites...Drawing Window Sprites
[2024-01-22 22:16:21,242] [MainProcess/MainThread/INFO] (shell_startup.py/update) Clearing background
[2024-01-22 22:16:21,242] [MainProcess/MainThread/INFO] (shell_startup.py/update) Creating Sprites...Drawing Background Sprites
[2024-01-22 22:16:21,242] [MainProcess/MainThread/INFO] (shell_startup.py/update) Creating Windows Spites...Drawing Window Sprites
[2024-01-22 22:16:21,258] [MainProcess/MainThread/INFO] (shell_startup.py/update) Clearing background
[2024-01-22 22:16:21,258] [MainProcess/MainThread/INFO] (shell_startup.py/update) Creating Sprites...Drawing Background Sprites
[2024-01-22 22:16:21,258] [MainProcess/MainThread/INFO] (shell_startup.py/update) Creating Windows Spites...Drawing Window Sprites
[2024-01-22 22:16:21,277] [MainProcess/MainThread/INFO] (shell_startup.py/update) Clearing background
[2024-01-22 22:16:21,277] [MainProcess/MainThread/INFO] (shell_startup.py/update) Creating Sprites...Drawing Background Sprites
[2024-01-22 22:16:21,277] [MainProcess/MainThread/INFO] (shell_startup.py/update) Creating Windows Spites...Drawing Window Sprites
[2024-01-22 22:16:21,295] [MainProcess/MainThread/INFO] (shell_startup.py/update) Clearing background
[2024-01-22 22:16:21,295] [MainProcess/MainThread/INFO] (shell_startup.py/update) Creating Sprites...Drawing Background Sprites
[2024-01-22 22:16:21,296] [MainProcess/MainThread/INFO] (shell_startup.py/update) Creating Windows Spites...Drawing Window Sprites
[2024-01-22 22:16:21,314] [MainProcess/MainThread/INFO] (shell_startup.py/update) Clearing background
[2024-01-22 22:16:21,314] [MainProcess/MainThread/INFO] (shell_startup.py/update) Creating Sprites...Drawing Background Sprites
[2024-01-22 22:16:21,314] [MainProcess/MainThread/INFO] (shell_startup.py/update) Creating Windows Spites...Drawing Window Sprites
[2024-01-22 22:16:21,331] [MainProcess/MainThread/INFO] (shell_startup.py/update) Clearing background
[2024-01-22 22:16:21,331] [MainProcess/MainThread/INFO] (shell_startup.py/update) Creating Sprites...Drawing Background Sprites
[2024-01-22 22:16:21,331] [MainProcess/MainThread/INFO] (shell_startup.py/update) Creating Windows Spites...Drawing Window Sprites
[2024-01-22 22:16:21,350] [MainProcess/MainThread/INFO] (shell_startup.py/update) Clearing background
[2024-01-22 22:16:21,350] [MainProcess/MainThread/INFO] (shell_startup.py/update) Creating Sprites...Drawing Background Sprites
[2024-01-22 22:16:21,350] [MainProcess/MainThread/INFO] (shell_startup.py/update) Creating Windows Spites...Drawing Window Sprites
[2024-01-22 22:16:21,367] [MainProcess/MainThread/INFO] (shell_startup.py/update) Clearing background
[2024-01-22 22:16:21,367] [MainProcess/MainThread/INFO] (shell_startup.py/update) Creating Sprites...Drawing Background Sprites
[2024-01-22 22:16:21,367] [MainProcess/MainThread/INFO] (shell_startup.py/update) Creating Windows Spites...Drawing Window Sprites
[2024-01-22 22:16:21,386] [MainProcess/MainThread/INFO] (shell_startup.py/update) Clearing background
[2024-01-22 22:16:21,386] [MainProcess/MainThread/INFO] (shell_startup.py/update) Creating Sprites...Drawing Background Sprites
[2024-01-22 22:16:21,386] [MainProcess/MainThread/INFO] (shell_startup.py/update) Creating Windows Spites...Drawing Window Sprites
[2024-01-22 22:16:21,404] [MainProcess/MainThread/INFO] (shell_startup.py/update) Clearing background
[2024-01-22 22:16:21,404] [MainProcess/MainThread/INFO] (shell_startup.py/update) Creating Sprites...Drawing Background Sprites
[2024-01-22 22:16:21,404] [MainProcess/MainThread/INFO] (shell_startup.py/update) Creating Windows Spites...Drawing Window Sprites
[2024-01-22 22:16:21,422] [MainProcess/MainThread/INFO] (shell_startup.py/update) Clearing background
[2024-01-22 22:16:21,422] [MainProcess/MainThread/INFO] (shell_startup.py/update) Creating Sprites...Drawing Background Sprites
[2024-01-22 22:16:21,423] [MainProcess/MainThread/INFO] (shell_startup.py/update) Creating Windows Spites...Drawing Window Sprites
[2024-01-22 22:16:21,441] [MainProcess/MainThread/INFO] (shell_startup.py/update) Clearing background
[2024-01-22 22:16:21,441] [MainProcess/MainThread/INFO] (shell_startup.py/update) Creating Sprites...Drawing Background Sprites
[2024-01-22 22:16:21,441] [MainProcess/MainThread/INFO] (shell_startup.py/update) Creating Windows Spites...Drawing Window Sprites
[2024-01-22 22:16:21,459] [MainProcess/MainThread/INFO] (shell_startup.py/update) Clearing background
[2024-01-22 22:16:21,459] [MainProcess/MainThread/INFO] (shell_startup.py/update) Creating Sprites...Drawing Background Sprites
[2024-01-22 22:16:21,459] [MainProcess/MainThread/INFO] (shell_startup.py/update) Creating Windows Spites...Drawing Window Sprites
[2024-01-22 22:16:21,477] [MainProcess/MainThread/INFO] (shell_startup.py/update) Clearing background
[2024-01-22 22:16:21,477] [MainProcess/MainThread/INFO] (shell_startup.py/update) Creating Sprites...Drawing Background Sprites
[2024-01-22 22:16:21,477] [MainProcess/MainThread/INFO] (shell_startup.py/update) Creating Windows Spites...Drawing Window Sprites
[2024-01-22 22:16:21,496] [MainProcess/MainThread/INFO] (shell_startup.py/update) Clearing background
[2024-01-22 22:16:21,496] [MainProcess/MainThread/INFO] (shell_startup.py/update) Creating Sprites...Drawing Background Sprites
[2024-01-22 22:16:21,496] [MainProcess/MainThread/INFO] (shell_startup.py/update) Creating Windows Spites...Drawing Window Sprites
[2024-01-22 22:16:21,513] [MainProcess/MainThread/INFO] (shell_startup.py/update) Clearing background
[2024-01-22 22:16:21,513] [MainProcess/MainThread/INFO] (shell_startup.py/update) Creating Sprites...Drawing Background Sprites
[2024-01-22 22:16:21,513] [MainProcess/MainThread/INFO] (shell_startup.py/update) Creating Windows Spites...Drawing Window Sprites
[2024-01-22 22:16:21,531] [MainProcess/MainThread/INFO] (shell_startup.py/update) Clearing background
[2024-01-22 22:16:21,531] [MainProcess/MainThread/INFO] (shell_startup.py/update) Creating Sprites...Drawing Background Sprites
[2024-01-22 22:16:21,531] [MainProcess/MainThread/INFO] (shell_startup.py/update) Creating Windows Spites...Drawing Window Sprites
[2024-01-22 22:16:21,549] [MainProcess/MainThread/INFO] (shell_startup.py/update) Clearing background
[2024-01-22 22:16:21,549] [MainProcess/MainThread/INFO] (shell_startup.py/update) Creating Sprites...Drawing Background Sprites
[2024-01-22 22:16:21,549] [MainProcess/MainThread/INFO] (shell_startup.py/update) Creating Windows Spites...Drawing Window Sprites
[2024-01-22 22:16:21,567] [MainProcess/MainThread/INFO] (shell_startup.py/update) Clearing background
[2024-01-22 22:16:21,567] [MainProcess/MainThread/INFO] (shell_startup.py/update) Creating Sprites...Drawing Background Sprites
[2024-01-22 22:16:21,567] [MainProcess/MainThread/INFO] (shell_startup.py/update) Creating Windows Spites...Drawing Window Sprites
[2024-01-22 22:16:21,585] [MainProcess/MainThread/INFO] (shell_startup.py/update) Clearing background
[2024-01-22 22:16:21,585] [MainProcess/MainThread/INFO] (shell_startup.py/update) Creating Sprites...Drawing Background Sprites
[2024-01-22 22:16:21,585] [MainProcess/MainThread/INFO] (shell_startup.py/update) Creating Windows Spites...Drawing Window Sprites
[2024-01-22 22:16:21,604] [MainProcess/MainThread/INFO] (shell_startup.py/update) Clearing background
[2024-01-22 22:16:21,605] [MainProcess/MainThread/INFO] (shell_startup.py/update) Creating Sprites...Drawing Background Sprites
[2024-01-22 22:16:21,605] [MainProcess/MainThread/INFO] (shell_startup.py/update) Creating Windows Spites...Drawing Window Sprites
[2024-01-22 22:16:21,622] [MainProcess/MainThread/INFO] (shell_startup.py/update) Clearing background
[2024-01-22 22:16:21,622] [MainProcess/MainThread/INFO] (shell_startup.py/update) Creating Sprites...Drawing Background Sprites
[2024-01-22 22:16:21,622] [MainProcess/MainThread/INFO] (shell_startup.py/update) Creating Windows Spites...Drawing Window Sprites
[2024-01-22 22:16:21,641] [MainProcess/MainThread/INFO] (shell_startup.py/update) Clearing background
[2024-01-22 22:16:21,641] [MainProcess/MainThread/INFO] (shell_startup.py/update) Creating Sprites...Drawing Background Sprites
[2024-01-22 22:16:21,641] [MainProcess/MainThread/INFO] (shell_startup.py/update) Creating Windows Spites...Drawing Window Sprites
[2024-01-22 22:16:21,658] [MainProcess/MainThread/INFO] (shell_startup.py/update) Clearing background
[2024-01-22 22:16:21,659] [MainProcess/MainThread/INFO] (shell_startup.py/update) Creating Sprites...Drawing Background Sprites
[2024-01-22 22:16:21,659] [MainProcess/MainThread/INFO] (shell_startup.py/update) Creating Windows Spites...Drawing Window Sprites
[2024-01-22 22:16:21,677] [MainProcess/MainThread/INFO] (shell_startup.py/update) Clearing background
[2024-01-22 22:16:21,677] [MainProcess/MainThread/INFO] (shell_startup.py/update) Creating Sprites...Drawing Background Sprites
[2024-01-22 22:16:21,677] [MainProcess/MainThread/INFO] (shell_startup.py/update) Creating Windows Spites...Drawing Window Sprites
[2024-01-22 22:16:21,695] [MainProcess/MainThread/INFO] (shell_startup.py/update) Clearing background
[2024-01-22 22:16:21,695] [MainProcess/MainThread/INFO] (shell_startup.py/update) Creating Sprites...Drawing Background Sprites
[2024-01-22 22:16:21,695] [MainProcess/MainThread/INFO] (shell_startup.py/update) Creating Windows Spites...Drawing Window Sprites
[2024-01-22 22:16:21,713] [MainProcess/MainThread/INFO] (shell_startup.py/update) Clearing background
[2024-01-22 22:16:21,713] [MainProcess/MainThread/INFO] (shell_startup.py/update) Creating Sprites...Drawing Background Sprites
[2024-01-22 22:16:21,713] [MainProcess/MainThread/INFO] (shell_startup.py/update) Creating Windows Spites...Drawing Window Sprites
[2024-01-22 22:16:21,732] [MainProcess/MainThread/INFO] (shell_startup.py/update) Clearing background
[2024-01-22 22:16:21,732] [MainProcess/MainThread/INFO] (shell_startup.py/update) Creating Sprites...Drawing Background Sprites
[2024-01-22 22:16:21,732] [MainProcess/MainThread/INFO] (shell_startup.py/update) Creating Windows Spites...Drawing Window Sprites
[2024-01-22 22:16:21,750] [MainProcess/MainThread/INFO] (shell_startup.py/update) Clearing background
[2024-01-22 22:16:21,753] [MainProcess/MainThread/INFO] (shell_startup.py/update) Creating Sprites...Drawing Background Sprites
[2024-01-22 22:16:21,753] [MainProcess/MainThread/INFO] (shell_startup.py/update) Creating Windows Spites...Drawing Window Sprites
[2024-01-22 22:16:21,768] [MainProcess/MainThread/INFO] (shell_startup.py/update) Clearing background
[2024-01-22 22:16:21,768] [MainProcess/MainThread/INFO] (shell_startup.py/update) Creating Sprites...Drawing Background Sprites
[2024-01-22 22:16:21,768] [MainProcess/MainThread/INFO] (shell_startup.py/update) Creating Windows Spites...Drawing Window Sprites
[2024-01-22 22:16:21,787] [MainProcess/MainThread/INFO] (shell_startup.py/update) Clearing background
[2024-01-22 22:16:21,787] [MainProcess/MainThread/INFO] (shell_startup.py/update) Creating Sprites...Drawing Background Sprites
[2024-01-22 22:16:21,787] [MainProcess/MainThread/INFO] (shell_startup.py/update) Creating Windows Spites...Drawing Window Sprites
[2024-01-22 22:16:21,806] [MainProcess/MainThread/INFO] (shell_startup.py/update) Clearing background
[2024-01-22 22:16:21,806] [MainProcess/MainThread/INFO] (shell_startup.py/update) Creating Sprites...Drawing Background Sprites
[2024-01-22 22:16:21,806] [MainProcess/MainThread/INFO] (shell_startup.py/update) Creating Windows Spites...Drawing Window Sprites
[2024-01-22 22:16:21,823] [MainProcess/MainThread/INFO] (shell_startup.py/update) Clearing background
[2024-01-22 22:16:21,824] [MainProcess/MainThread/INFO] (shell_startup.py/update) Creating Sprites...Drawing Background Sprites
[2024-01-22 22:16:21,824] [MainProcess/MainThread/INFO] (shell_startup.py/update) Creating Windows Spites...Drawing Window Sprites
[2024-01-22 22:16:21,842] [MainProcess/MainThread/INFO] (shell_startup.py/update) Clearing background
[2024-01-22 22:16:21,842] [MainProcess/MainThread/INFO] (shell_startup.py/update) Creating Sprites...Drawing Background Sprites
[2024-01-22 22:16:21,842] [MainProcess/MainThread/INFO] (shell_startup.py/update) Creating Windows Spites...Drawing Window Sprites
[2024-01-22 22:16:21,859] [MainProcess/MainThread/INFO] (shell_startup.py/update) Clearing background
[2024-01-22 22:16:21,860] [MainProcess/MainThread/INFO] (shell_startup.py/update) Creating Sprites...Drawing Background Sprites
[2024-01-22 22:16:21,860] [MainProcess/MainThread/INFO] (shell_startup.py/update) Creating Windows Spites...Drawing Window Sprites
[2024-01-22 22:16:21,877] [MainProcess/MainThread/INFO] (shell_startup.py/update) Clearing background
[2024-01-22 22:16:21,877] [MainProcess/MainThread/INFO] (shell_startup.py/update) Creating Sprites...Drawing Background Sprites
[2024-01-22 22:16:21,877] [MainProcess/MainThread/INFO] (shell_startup.py/update) Creating Windows Spites...Drawing Window Sprites
[2024-01-22 22:16:21,896] [MainProcess/MainThread/INFO] (shell_startup.py/update) Clearing background
[2024-01-22 22:16:21,896] [MainProcess/MainThread/INFO] (shell_startup.py/update) Creating Sprites...Drawing Background Sprites
[2024-01-22 22:16:21,896] [MainProcess/MainThread/INFO] (shell_startup.py/update) Creating Windows Spites...Drawing Window Sprites
[2024-01-22 22:16:21,914] [MainProcess/MainThread/INFO] (shell_startup.py/update) Clearing background
[2024-01-22 22:16:21,914] [MainProcess/MainThread/INFO] (shell_startup.py/update) Creating Sprites...Drawing Background Sprites
[2024-01-22 22:16:21,914] [MainProcess/MainThread/INFO] (shell_startup.py/update) Creating Windows Spites...Drawing Window Sprites
[2024-01-22 22:16:21,932] [MainProcess/MainThread/INFO] (shell_startup.py/update) Clearing background
[2024-01-22 22:16:21,933] [MainProcess/MainThread/INFO] (shell_startup.py/update) Creating Sprites...Drawing Background Sprites
[2024-01-22 22:16:21,933] [MainProcess/MainThread/INFO] (shell_startup.py/update) Creating Windows Spites...Drawing Window Sprites
[2024-01-22 22:16:21,950] [MainProcess/MainThread/INFO] (shell_startup.py/update) Clearing background
[2024-01-22 22:16:21,950] [MainProcess/MainThread/INFO] (shell_startup.py/update) Creating Sprites...Drawing Background Sprites
[2024-01-22 22:16:21,950] [MainProcess/MainThread/INFO] (shell_startup.py/update) Creating Windows Spites...Drawing Window Sprites
[2024-01-22 22:16:21,968] [MainProcess/MainThread/INFO] (shell_startup.py/update) Clearing background
[2024-01-22 22:16:21,969] [MainProcess/MainThread/INFO] (shell_startup.py/update) Creating Sprites...Drawing Background Sprites
[2024-01-22 22:16:21,969] [MainProcess/MainThread/INFO] (shell_startup.py/update) Creating Windows Spites...Drawing Window Sprites
[2024-01-22 22:16:21,986] [MainProcess/MainThread/INFO] (shell_startup.py/update) Clearing background
[2024-01-22 22:16:21,987] [MainProcess/MainThread/INFO] (shell_startup.py/update) Creating Sprites...Drawing Background Sprites
[2024-01-22 22:16:21,987] [MainProcess/MainThread/INFO] (shell_startup.py/update) Creating Windows Spites...Drawing Window Sprites
[2024-01-22 22:16:22,005] [MainProcess/MainThread/INFO] (shell_startup.py/update) Clearing background
[2024-01-22 22:16:22,005] [MainProcess/MainThread/INFO] (shell_startup.py/update) Creating Sprites...Drawing Background Sprites
[2024-01-22 22:16:22,005] [MainProcess/MainThread/INFO] (shell_startup.py/update) Creating Windows Spites...Drawing Window Sprites
[2024-01-22 22:16:22,023] [MainProcess/MainThread/INFO] (shell_startup.py/update) Clearing background
[2024-01-22 22:16:22,023] [MainProcess/MainThread/INFO] (shell_startup.py/update) Creating Sprites...Drawing Background Sprites
[2024-01-22 22:16:22,023] [MainProcess/MainThread/INFO] (shell_startup.py/update) Creating Windows Spites...Drawing Window Sprites
[2024-01-22 22:16:22,042] [MainProcess/MainThread/INFO] (shell_startup.py/update) Clearing background
[2024-01-22 22:16:22,042] [MainProcess/MainThread/INFO] (shell_startup.py/update) Creating Sprites...Drawing Background Sprites
[2024-01-22 22:16:22,042] [MainProcess/MainThread/INFO] (shell_startup.py/update) Creating Windows Spites...Drawing Window Sprites
[2024-01-22 22:16:22,059] [MainProcess/MainThread/INFO] (shell_startup.py/update) Clearing background
[2024-01-22 22:16:22,059] [MainProcess/MainThread/INFO] (shell_startup.py/update) Creating Sprites...Drawing Background Sprites
[2024-01-22 22:16:22,059] [MainProcess/MainThread/INFO] (shell_startup.py/update) Creating Windows Spites...Drawing Window Sprites
[2024-01-22 22:16:22,078] [MainProcess/MainThread/INFO] (shell_startup.py/update) Clearing background
[2024-01-22 22:16:22,078] [MainProcess/MainThread/INFO] (shell_startup.py/update) Creating Sprites...Drawing Background Sprites
[2024-01-22 22:16:22,078] [MainProcess/MainThread/INFO] (shell_startup.py/update) Creating Windows Spites...Drawing Window Sprites
[2024-01-22 22:16:22,095] [MainProcess/MainThread/INFO] (shell_startup.py/update) Clearing background
[2024-01-22 22:16:22,095] [MainProcess/MainThread/INFO] (shell_startup.py/update) Creating Sprites...Drawing Background Sprites
[2024-01-22 22:16:22,095] [MainProcess/MainThread/INFO] (shell_startup.py/update) Creating Windows Spites...Drawing Window Sprites
[2024-01-22 22:16:22,115] [MainProcess/MainThread/INFO] (shell_startup.py/update) Clearing background
[2024-01-22 22:16:22,115] [MainProcess/MainThread/INFO] (shell_startup.py/update) Creating Sprites...Drawing Background Sprites
[2024-01-22 22:16:22,115] [MainProcess/MainThread/INFO] (shell_startup.py/update) Creating Windows Spites...Drawing Window Sprites
[2024-01-22 22:16:22,133] [MainProcess/MainThread/INFO] (shell_startup.py/update) Clearing background
[2024-01-22 22:16:22,133] [MainProcess/MainThread/INFO] (shell_startup.py/update) Creating Sprites...Drawing Background Sprites
[2024-01-22 22:16:22,133] [MainProcess/MainThread/INFO] (shell_startup.py/update) Creating Windows Spites...Drawing Window Sprites
[2024-01-22 22:16:22,151] [MainProcess/MainThread/INFO] (shell_startup.py/update) Clearing background
[2024-01-22 22:16:22,151] [MainProcess/MainThread/INFO] (shell_startup.py/update) Creating Sprites...Drawing Background Sprites
[2024-01-22 22:16:22,151] [MainProcess/MainThread/INFO] (shell_startup.py/update) Creating Windows Spites...Drawing Window Sprites
[2024-01-22 22:16:22,169] [MainProcess/MainThread/INFO] (shell_startup.py/update) Clearing background
[2024-01-22 22:16:22,169] [MainProcess/MainThread/INFO] (shell_startup.py/update) Creating Sprites...Drawing Background Sprites
[2024-01-22 22:16:22,169] [MainProcess/MainThread/INFO] (shell_startup.py/update) Creating Windows Spites...Drawing Window Sprites
[2024-01-22 22:16:22,192] [MainProcess/MainThread/INFO] (shell_startup.py/update) Clearing background
[2024-01-22 22:16:22,193] [MainProcess/MainThread/INFO] (shell_startup.py/update) Creating Sprites...Drawing Background Sprites
[2024-01-22 22:16:22,193] [MainProcess/MainThread/INFO] (shell_startup.py/update) Creating Windows Spites...Drawing Window Sprites
[2024-01-22 22:16:22,210] [MainProcess/MainThread/INFO] (shell_startup.py/update) Clearing background
[2024-01-22 22:16:22,210] [MainProcess/MainThread/INFO] (shell_startup.py/update) Creating Sprites...Drawing Background Sprites
[2024-01-22 22:16:22,210] [MainProcess/MainThread/INFO] (shell_startup.py/update) Creating Windows Spites...Drawing Window Sprites
[2024-01-22 22:16:22,229] [MainProcess/MainThread/INFO] (shell_startup.py/update) Clearing background
[2024-01-22 22:16:22,229] [MainProcess/MainThread/INFO] (shell_startup.py/update) Creating Sprites...Drawing Background Sprites
[2024-01-22 22:16:22,229] [MainProcess/MainThread/INFO] (shell_startup.py/update) Creating Windows Spites...Drawing Window Sprites
[2024-01-22 22:16:22,247] [MainProcess/MainThread/INFO] (shell_startup.py/update) Clearing background
[2024-01-22 22:16:22,247] [MainProcess/MainThread/INFO] (shell_startup.py/update) Creating Sprites...Drawing Background Sprites
[2024-01-22 22:16:22,247] [MainProcess/MainThread/INFO] (shell_startup.py/update) Creating Windows Spites...Drawing Window Sprites
[2024-01-22 22:16:22,266] [MainProcess/MainThread/INFO] (shell_startup.py/update) Clearing background
[2024-01-22 22:16:22,266] [MainProcess/MainThread/INFO] (shell_startup.py/update) Creating Sprites...Drawing Background Sprites
[2024-01-22 22:16:22,266] [MainProcess/MainThread/INFO] (shell_startup.py/update) Creating Windows Spites...Drawing Window Sprites
[2024-01-22 22:16:22,283] [MainProcess/MainThread/INFO] (shell_startup.py/update) Clearing background
[2024-01-22 22:16:22,283] [MainProcess/MainThread/INFO] (shell_startup.py/update) Creating Sprites...Drawing Background Sprites
[2024-01-22 22:16:22,283] [MainProcess/MainThread/INFO] (shell_startup.py/update) Creating Windows Spites...Drawing Window Sprites
[2024-01-22 22:16:22,302] [MainProcess/MainThread/INFO] (shell_startup.py/update) Clearing background
[2024-01-22 22:16:22,302] [MainProcess/MainThread/INFO] (shell_startup.py/update) Creating Sprites...Drawing Background Sprites
[2024-01-22 22:16:22,302] [MainProcess/MainThread/INFO] (shell_startup.py/update) Creating Windows Spites...Drawing Window Sprites
[2024-01-22 22:16:22,319] [MainProcess/MainThread/INFO] (shell_startup.py/update) Clearing background
[2024-01-22 22:16:22,320] [MainProcess/MainThread/INFO] (shell_startup.py/update) Creating Sprites...Drawing Background Sprites
[2024-01-22 22:16:22,320] [MainProcess/MainThread/INFO] (shell_startup.py/update) Creating Windows Spites...Drawing Window Sprites
[2024-01-22 22:16:22,337] [MainProcess/MainThread/INFO] (shell_startup.py/update) Clearing background
[2024-01-22 22:16:22,338] [MainProcess/MainThread/INFO] (shell_startup.py/update) Creating Sprites...Drawing Background Sprites
[2024-01-22 22:16:22,338] [MainProcess/MainThread/INFO] (shell_startup.py/update) Creating Windows Spites...Drawing Window Sprites
[2024-01-22 22:16:22,355] [MainProcess/MainThread/INFO] (shell_startup.py/update) Clearing background
[2024-01-22 22:16:22,356] [MainProcess/MainThread/INFO] (shell_startup.py/update) Creating Sprites...Drawing Background Sprites
[2024-01-22 22:16:22,356] [MainProcess/MainThread/INFO] (shell_startup.py/update) Creating Windows Spites...Drawing Window Sprites
[2024-01-22 22:16:22,374] [MainProcess/MainThread/INFO] (shell_startup.py/update) Clearing background
[2024-01-22 22:16:22,374] [MainProcess/MainThread/INFO] (shell_startup.py/update) Creating Sprites...Drawing Background Sprites
[2024-01-22 22:16:22,374] [MainProcess/MainThread/INFO] (shell_startup.py/update) Creating Windows Spites...Drawing Window Sprites
[2024-01-22 22:16:22,393] [MainProcess/MainThread/INFO] (shell_startup.py/update) Clearing background
[2024-01-22 22:16:22,393] [MainProcess/MainThread/INFO] (shell_startup.py/update) Creating Sprites...Drawing Background Sprites
[2024-01-22 22:16:22,393] [MainProcess/MainThread/INFO] (shell_startup.py/update) Creating Windows Spites...Drawing Window Sprites
[2024-01-22 22:16:22,411] [MainProcess/MainThread/INFO] (shell_startup.py/update) Clearing background
[2024-01-22 22:16:22,411] [MainProcess/MainThread/INFO] (shell_startup.py/update) Creating Sprites...Drawing Background Sprites
[2024-01-22 22:16:22,411] [MainProcess/MainThread/INFO] (shell_startup.py/update) Creating Windows Spites...Drawing Window Sprites
[2024-01-22 22:16:22,429] [MainProcess/MainThread/INFO] (shell_startup.py/update) Clearing background
[2024-01-22 22:16:22,429] [MainProcess/MainThread/INFO] (shell_startup.py/update) Creating Sprites...Drawing Background Sprites
[2024-01-22 22:16:22,429] [MainProcess/MainThread/INFO] (shell_startup.py/update) Creating Windows Spites...Drawing Window Sprites
[2024-01-22 22:16:22,446] [MainProcess/MainThread/INFO] (shell_startup.py/update) Clearing background
[2024-01-22 22:16:22,447] [MainProcess/MainThread/INFO] (shell_startup.py/update) Creating Sprites...Drawing Background Sprites
[2024-01-22 22:16:22,447] [MainProcess/MainThread/INFO] (shell_startup.py/update) Creating Windows Spites...Drawing Window Sprites
[2024-01-22 22:16:22,466] [MainProcess/MainThread/INFO] (shell_startup.py/update) Clearing background
[2024-01-22 22:16:22,466] [MainProcess/MainThread/INFO] (shell_startup.py/update) Creating Sprites...Drawing Background Sprites
[2024-01-22 22:16:22,466] [MainProcess/MainThread/INFO] (shell_startup.py/update) Creating Windows Spites...Drawing Window Sprites
[2024-01-22 22:16:22,483] [MainProcess/MainThread/INFO] (shell_startup.py/update) Clearing background
[2024-01-22 22:16:22,484] [MainProcess/MainThread/INFO] (shell_startup.py/update) Creating Sprites...Drawing Background Sprites
[2024-01-22 22:16:22,484] [MainProcess/MainThread/INFO] (shell_startup.py/update) Creating Windows Spites...Drawing Window Sprites
[2024-01-22 22:16:22,501] [MainProcess/MainThread/INFO] (shell_startup.py/update) Clearing background
[2024-01-22 22:16:22,501] [MainProcess/MainThread/INFO] (shell_startup.py/update) Creating Sprites...Drawing Background Sprites
[2024-01-22 22:16:22,502] [MainProcess/MainThread/INFO] (shell_startup.py/update) Creating Windows Spites...Drawing Window Sprites
[2024-01-22 22:16:22,520] [MainProcess/MainThread/INFO] (shell_startup.py/update) Clearing background
[2024-01-22 22:16:22,520] [MainProcess/MainThread/INFO] (shell_startup.py/update) Creating Sprites...Drawing Background Sprites
[2024-01-22 22:16:22,520] [MainProcess/MainThread/INFO] (shell_startup.py/update) Creating Windows Spites...Drawing Window Sprites
[2024-01-22 22:16:22,538] [MainProcess/MainThread/INFO] (shell_startup.py/update) Clearing background
[2024-01-22 22:16:22,538] [MainProcess/MainThread/INFO] (shell_startup.py/update) Creating Sprites...Drawing Background Sprites
[2024-01-22 22:16:22,538] [MainProcess/MainThread/INFO] (shell_startup.py/update) Creating Windows Spites...Drawing Window Sprites
[2024-01-22 22:16:22,556] [MainProcess/MainThread/INFO] (shell_startup.py/update) Clearing background
[2024-01-22 22:16:22,556] [MainProcess/MainThread/INFO] (shell_startup.py/update) Creating Sprites...Drawing Background Sprites
[2024-01-22 22:16:22,556] [MainProcess/MainThread/INFO] (shell_startup.py/update) Creating Windows Spites...Drawing Window Sprites
[2024-01-22 22:16:22,574] [MainProcess/MainThread/INFO] (shell_startup.py/update) Clearing background
[2024-01-22 22:16:22,574] [MainProcess/MainThread/INFO] (shell_startup.py/update) Creating Sprites...Drawing Background Sprites
[2024-01-22 22:16:22,574] [MainProcess/MainThread/INFO] (shell_startup.py/update) Creating Windows Spites...Drawing Window Sprites
[2024-01-22 22:16:22,593] [MainProcess/MainThread/INFO] (shell_startup.py/update) Clearing background
[2024-01-22 22:16:22,593] [MainProcess/MainThread/INFO] (shell_startup.py/update) Creating Sprites...Drawing Background Sprites
[2024-01-22 22:16:22,593] [MainProcess/MainThread/INFO] (shell_startup.py/update) Creating Windows Spites...Drawing Window Sprites
[2024-01-22 22:16:22,611] [MainProcess/MainThread/INFO] (shell_startup.py/update) Clearing background
[2024-01-22 22:16:22,611] [MainProcess/MainThread/INFO] (shell_startup.py/update) Creating Sprites...Drawing Background Sprites
[2024-01-22 22:16:22,611] [MainProcess/MainThread/INFO] (shell_startup.py/update) Creating Windows Spites...Drawing Window Sprites
[2024-01-22 22:16:22,629] [MainProcess/MainThread/INFO] (shell_startup.py/update) Clearing background
[2024-01-22 22:16:22,629] [MainProcess/MainThread/INFO] (shell_startup.py/update) Creating Sprites...Drawing Background Sprites
[2024-01-22 22:16:22,629] [MainProcess/MainThread/INFO] (shell_startup.py/update) Creating Windows Spites...Drawing Window Sprites
[2024-01-22 22:16:22,647] [MainProcess/MainThread/INFO] (shell_startup.py/update) Clearing background
[2024-01-22 22:16:22,647] [MainProcess/MainThread/INFO] (shell_startup.py/update) Creating Sprites...Drawing Background Sprites
[2024-01-22 22:16:22,647] [MainProcess/MainThread/INFO] (shell_startup.py/update) Creating Windows Spites...Drawing Window Sprites
[2024-01-22 22:16:22,665] [MainProcess/MainThread/INFO] (shell_startup.py/update) Clearing background
[2024-01-22 22:16:22,665] [MainProcess/MainThread/INFO] (shell_startup.py/update) Creating Sprites...Drawing Background Sprites
[2024-01-22 22:16:22,666] [MainProcess/MainThread/INFO] (shell_startup.py/update) Creating Windows Spites...Drawing Window Sprites
[2024-01-22 22:16:22,683] [MainProcess/MainThread/INFO] (shell_startup.py/update) Clearing background
[2024-01-22 22:16:22,684] [MainProcess/MainThread/INFO] (shell_startup.py/update) Creating Sprites...Drawing Background Sprites
[2024-01-22 22:16:22,684] [MainProcess/MainThread/INFO] (shell_startup.py/update) Creating Windows Spites...Drawing Window Sprites
[2024-01-22 22:16:22,702] [MainProcess/MainThread/INFO] (shell_startup.py/update) Clearing background
[2024-01-22 22:16:22,702] [MainProcess/MainThread/INFO] (shell_startup.py/update) Creating Sprites...Drawing Background Sprites
[2024-01-22 22:16:22,702] [MainProcess/MainThread/INFO] (shell_startup.py/update) Creating Windows Spites...Drawing Window Sprites
[2024-01-22 22:16:22,720] [MainProcess/MainThread/INFO] (shell_startup.py/update) Clearing background
[2024-01-22 22:16:22,720] [MainProcess/MainThread/INFO] (shell_startup.py/update) Creating Sprites...Drawing Background Sprites
[2024-01-22 22:16:22,720] [MainProcess/MainThread/INFO] (shell_startup.py/update) Creating Windows Spites...Drawing Window Sprites
[2024-01-22 22:16:22,739] [MainProcess/MainThread/INFO] (shell_startup.py/update) Clearing background
[2024-01-22 22:16:22,739] [MainProcess/MainThread/INFO] (shell_startup.py/update) Creating Sprites...Drawing Background Sprites
[2024-01-22 22:16:22,739] [MainProcess/MainThread/INFO] (shell_startup.py/update) Creating Windows Spites...Drawing Window Sprites
[2024-01-22 22:16:22,757] [MainProcess/MainThread/INFO] (shell_startup.py/update) Clearing background
[2024-01-22 22:16:22,757] [MainProcess/MainThread/INFO] (shell_startup.py/update) Creating Sprites...Drawing Background Sprites
[2024-01-22 22:16:22,757] [MainProcess/MainThread/INFO] (shell_startup.py/update) Creating Windows Spites...Drawing Window Sprites
[2024-01-22 22:16:22,775] [MainProcess/MainThread/INFO] (shell_startup.py/update) Clearing background
[2024-01-22 22:16:22,775] [MainProcess/MainThread/INFO] (shell_startup.py/update) Creating Sprites...Drawing Background Sprites
[2024-01-22 22:16:22,775] [MainProcess/MainThread/INFO] (shell_startup.py/update) Creating Windows Spites...Drawing Window Sprites
[2024-01-22 22:16:22,793] [MainProcess/MainThread/INFO] (shell_startup.py/update) Clearing background
[2024-01-22 22:16:22,793] [MainProcess/MainThread/INFO] (shell_startup.py/update) Creating Sprites...Drawing Background Sprites
[2024-01-22 22:16:22,793] [MainProcess/MainThread/INFO] (shell_startup.py/update) Creating Windows Spites...Drawing Window Sprites
[2024-01-22 22:16:22,811] [MainProcess/MainThread/INFO] (shell_startup.py/update) Clearing background
[2024-01-22 22:16:22,811] [MainProcess/MainThread/INFO] (shell_startup.py/update) Creating Sprites...Drawing Background Sprites
[2024-01-22 22:16:22,811] [MainProcess/MainThread/INFO] (shell_startup.py/update) Creating Windows Spites...Drawing Window Sprites
[2024-01-22 22:16:22,829] [MainProcess/MainThread/INFO] (shell_startup.py/update) Clearing background
[2024-01-22 22:16:22,830] [MainProcess/MainThread/INFO] (shell_startup.py/update) Creating Sprites...Drawing Background Sprites
[2024-01-22 22:16:22,830] [MainProcess/MainThread/INFO] (shell_startup.py/update) Creating Windows Spites...Drawing Window Sprites
[2024-01-22 22:16:22,847] [MainProcess/MainThread/INFO] (shell_startup.py/update) Clearing background
[2024-01-22 22:16:22,848] [MainProcess/MainThread/INFO] (shell_startup.py/update) Creating Sprites...Drawing Background Sprites
[2024-01-22 22:16:22,848] [MainProcess/MainThread/INFO] (shell_startup.py/update) Creating Windows Spites...Drawing Window Sprites
[2024-01-22 22:16:22,865] [MainProcess/MainThread/INFO] (shell_startup.py/update) Clearing background
[2024-01-22 22:16:22,866] [MainProcess/MainThread/INFO] (shell_startup.py/update) Creating Sprites...Drawing Background Sprites
[2024-01-22 22:16:22,866] [MainProcess/MainThread/INFO] (shell_startup.py/update) Creating Windows Spites...Drawing Window Sprites
[2024-01-22 22:16:22,884] [MainProcess/MainThread/INFO] (shell_startup.py/update) Clearing background
[2024-01-22 22:16:22,884] [MainProcess/MainThread/INFO] (shell_startup.py/update) Creating Sprites...Drawing Background Sprites
[2024-01-22 22:16:22,884] [MainProcess/MainThread/INFO] (shell_startup.py/update) Creating Windows Spites...Drawing Window Sprites
[2024-01-22 22:16:22,902] [MainProcess/MainThread/INFO] (shell_startup.py/update) Clearing background
[2024-01-22 22:16:22,903] [MainProcess/MainThread/INFO] (shell_startup.py/update) Creating Sprites...Drawing Background Sprites
[2024-01-22 22:16:22,903] [MainProcess/MainThread/INFO] (shell_startup.py/update) Creating Windows Spites...Drawing Window Sprites
[2024-01-22 22:16:22,920] [MainProcess/MainThread/INFO] (shell_startup.py/update) Clearing background
[2024-01-22 22:16:22,921] [MainProcess/MainThread/INFO] (shell_startup.py/update) Creating Sprites...Drawing Background Sprites
[2024-01-22 22:16:22,921] [MainProcess/MainThread/INFO] (shell_startup.py/update) Creating Windows Spites...Drawing Window Sprites
[2024-01-22 22:16:22,938] [MainProcess/MainThread/INFO] (shell_startup.py/update) Clearing background
[2024-01-22 22:16:22,939] [MainProcess/MainThread/INFO] (shell_startup.py/update) Creating Sprites...Drawing Background Sprites
[2024-01-22 22:16:22,939] [MainProcess/MainThread/INFO] (shell_startup.py/update) Creating Windows Spites...Drawing Window Sprites
[2024-01-22 22:16:22,957] [MainProcess/MainThread/INFO] (shell_startup.py/update) Clearing background
[2024-01-22 22:16:22,957] [MainProcess/MainThread/INFO] (shell_startup.py/update) Creating Sprites...Drawing Background Sprites
[2024-01-22 22:16:22,957] [MainProcess/MainThread/INFO] (shell_startup.py/update) Creating Windows Spites...Drawing Window Sprites
[2024-01-22 22:16:22,975] [MainProcess/MainThread/INFO] (shell_startup.py/update) Clearing background
[2024-01-22 22:16:22,976] [MainProcess/MainThread/INFO] (shell_startup.py/update) Creating Sprites...Drawing Background Sprites
[2024-01-22 22:16:22,976] [MainProcess/MainThread/INFO] (shell_startup.py/update) Creating Windows Spites...Drawing Window Sprites
[2024-01-22 22:16:22,993] [MainProcess/MainThread/INFO] (shell_startup.py/update) Clearing background
[2024-01-22 22:16:22,993] [MainProcess/MainThread/INFO] (shell_startup.py/update) Creating Sprites...Drawing Background Sprites
[2024-01-22 22:16:22,993] [MainProcess/MainThread/INFO] (shell_startup.py/update) Creating Windows Spites...Drawing Window Sprites
[2024-01-22 22:16:23,012] [MainProcess/MainThread/INFO] (shell_startup.py/update) Clearing background
[2024-01-22 22:16:23,012] [MainProcess/MainThread/INFO] (shell_startup.py/update) Creating Sprites...Drawing Background Sprites
[2024-01-22 22:16:23,012] [MainProcess/MainThread/INFO] (shell_startup.py/update) Creating Windows Spites...Drawing Window Sprites
[2024-01-22 22:16:23,030] [MainProcess/MainThread/INFO] (shell_startup.py/update) Clearing background
[2024-01-22 22:16:23,030] [MainProcess/MainThread/INFO] (shell_startup.py/update) Creating Sprites...Drawing Background Sprites
[2024-01-22 22:16:23,030] [MainProcess/MainThread/INFO] (shell_startup.py/update) Creating Windows Spites...Drawing Window Sprites
[2024-01-22 22:16:23,048] [MainProcess/MainThread/INFO] (shell_startup.py/update) Clearing background
[2024-01-22 22:16:23,048] [MainProcess/MainThread/INFO] (shell_startup.py/update) Creating Sprites...Drawing Background Sprites
[2024-01-22 22:16:23,048] [MainProcess/MainThread/INFO] (shell_startup.py/update) Creating Windows Spites...Drawing Window Sprites
[2024-01-22 22:16:23,066] [MainProcess/MainThread/INFO] (shell_startup.py/update) Clearing background
[2024-01-22 22:16:23,067] [MainProcess/MainThread/INFO] (shell_startup.py/update) Creating Sprites...Drawing Background Sprites
[2024-01-22 22:16:23,067] [MainProcess/MainThread/INFO] (shell_startup.py/update) Creating Windows Spites...Drawing Window Sprites
[2024-01-22 22:16:23,084] [MainProcess/MainThread/INFO] (shell_startup.py/update) Clearing background
[2024-01-22 22:16:23,085] [MainProcess/MainThread/INFO] (shell_startup.py/update) Creating Sprites...Drawing Background Sprites
[2024-01-22 22:16:23,085] [MainProcess/MainThread/INFO] (shell_startup.py/update) Creating Windows Spites...Drawing Window Sprites
[2024-01-22 22:16:23,102] [MainProcess/MainThread/INFO] (shell_startup.py/update) Clearing background
[2024-01-22 22:16:23,103] [MainProcess/MainThread/INFO] (shell_startup.py/update) Creating Sprites...Drawing Background Sprites
[2024-01-22 22:16:23,103] [MainProcess/MainThread/INFO] (shell_startup.py/update) Creating Windows Spites...Drawing Window Sprites
[2024-01-22 22:16:23,121] [MainProcess/MainThread/INFO] (shell_startup.py/update) Clearing background
[2024-01-22 22:16:23,126] [MainProcess/MainThread/INFO] (shell_startup.py/update) Creating Sprites...Drawing Background Sprites
[2024-01-22 22:16:23,126] [MainProcess/MainThread/INFO] (shell_startup.py/update) Creating Windows Spites...Drawing Window Sprites
[2024-01-22 22:16:23,139] [MainProcess/MainThread/INFO] (shell_startup.py/update) Clearing background
[2024-01-22 22:16:23,139] [MainProcess/MainThread/INFO] (shell_startup.py/update) Creating Sprites...Drawing Background Sprites
[2024-01-22 22:16:23,139] [MainProcess/MainThread/INFO] (shell_startup.py/update) Creating Windows Spites...Drawing Window Sprites
[2024-01-22 22:16:23,157] [MainProcess/MainThread/INFO] (shell_startup.py/update) Clearing background
[2024-01-22 22:16:23,157] [MainProcess/MainThread/INFO] (shell_startup.py/update) Creating Sprites...Drawing Background Sprites
[2024-01-22 22:16:23,157] [MainProcess/MainThread/INFO] (shell_startup.py/update) Creating Windows Spites...Drawing Window Sprites
[2024-01-22 22:16:23,175] [MainProcess/MainThread/INFO] (shell_startup.py/update) Clearing background
[2024-01-22 22:16:23,175] [MainProcess/MainThread/INFO] (shell_startup.py/update) Creating Sprites...Drawing Background Sprites
[2024-01-22 22:16:23,175] [MainProcess/MainThread/INFO] (shell_startup.py/update) Creating Windows Spites...Drawing Window Sprites
[2024-01-22 22:16:23,193] [MainProcess/MainThread/INFO] (shell_startup.py/update) Clearing background
[2024-01-22 22:16:23,193] [MainProcess/MainThread/INFO] (shell_startup.py/update) Creating Sprites...Drawing Background Sprites
[2024-01-22 22:16:23,194] [MainProcess/MainThread/INFO] (shell_startup.py/update) Creating Windows Spites...Drawing Window Sprites
[2024-01-22 22:16:23,212] [MainProcess/MainThread/INFO] (shell_startup.py/update) Clearing background
[2024-01-22 22:16:23,212] [MainProcess/MainThread/INFO] (shell_startup.py/update) Creating Sprites...Drawing Background Sprites
[2024-01-22 22:16:23,212] [MainProcess/MainThread/INFO] (shell_startup.py/update) Creating Windows Spites...Drawing Window Sprites
[2024-01-22 22:16:23,230] [MainProcess/MainThread/INFO] (shell_startup.py/update) Clearing background
[2024-01-22 22:16:23,230] [MainProcess/MainThread/INFO] (shell_startup.py/update) Creating Sprites...Drawing Background Sprites
[2024-01-22 22:16:23,230] [MainProcess/MainThread/INFO] (shell_startup.py/update) Creating Windows Spites...Drawing Window Sprites
[2024-01-22 22:16:23,248] [MainProcess/MainThread/INFO] (shell_startup.py/update) Clearing background
[2024-01-22 22:16:23,249] [MainProcess/MainThread/INFO] (shell_startup.py/update) Creating Sprites...Drawing Background Sprites
[2024-01-22 22:16:23,249] [MainProcess/MainThread/INFO] (shell_startup.py/update) Creating Windows Spites...Drawing Window Sprites
[2024-01-22 22:16:23,267] [MainProcess/MainThread/INFO] (shell_startup.py/update) Clearing background
[2024-01-22 22:16:23,267] [MainProcess/MainThread/INFO] (shell_startup.py/update) Creating Sprites...Drawing Background Sprites
[2024-01-22 22:16:23,267] [MainProcess/MainThread/INFO] (shell_startup.py/update) Creating Windows Spites...Drawing Window Sprites
[2024-01-22 22:16:23,284] [MainProcess/MainThread/INFO] (shell_startup.py/update) Clearing background
[2024-01-22 22:16:23,284] [MainProcess/MainThread/INFO] (shell_startup.py/update) Creating Sprites...Drawing Background Sprites
[2024-01-22 22:16:23,285] [MainProcess/MainThread/INFO] (shell_startup.py/update) Creating Windows Spites...Drawing Window Sprites
[2024-01-22 22:16:23,303] [MainProcess/MainThread/INFO] (shell_startup.py/update) Clearing background
[2024-01-22 22:16:23,303] [MainProcess/MainThread/INFO] (shell_startup.py/update) Creating Sprites...Drawing Background Sprites
[2024-01-22 22:16:23,303] [MainProcess/MainThread/INFO] (shell_startup.py/update) Creating Windows Spites...Drawing Window Sprites
[2024-01-22 22:16:23,321] [MainProcess/MainThread/INFO] (shell_startup.py/update) Clearing background
[2024-01-22 22:16:23,321] [MainProcess/MainThread/INFO] (shell_startup.py/update) Creating Sprites...Drawing Background Sprites
[2024-01-22 22:16:23,321] [MainProcess/MainThread/INFO] (shell_startup.py/update) Creating Windows Spites...Drawing Window Sprites
[2024-01-22 22:16:23,340] [MainProcess/MainThread/INFO] (shell_startup.py/update) Clearing background
[2024-01-22 22:16:23,340] [MainProcess/MainThread/INFO] (shell_startup.py/update) Creating Sprites...Drawing Background Sprites
[2024-01-22 22:16:23,340] [MainProcess/MainThread/INFO] (shell_startup.py/update) Creating Windows Spites...Drawing Window Sprites
[2024-01-22 22:16:23,358] [MainProcess/MainThread/INFO] (shell_startup.py/update) Clearing background
[2024-01-22 22:16:23,358] [MainProcess/MainThread/INFO] (shell_startup.py/update) Creating Sprites...Drawing Background Sprites
[2024-01-22 22:16:23,358] [MainProcess/MainThread/INFO] (shell_startup.py/update) Creating Windows Spites...Drawing Window Sprites
[2024-01-22 22:16:23,376] [MainProcess/MainThread/INFO] (shell_startup.py/update) Clearing background
[2024-01-22 22:16:23,376] [MainProcess/MainThread/INFO] (shell_startup.py/update) Creating Sprites...Drawing Background Sprites
[2024-01-22 22:16:23,376] [MainProcess/MainThread/INFO] (shell_startup.py/update) Creating Windows Spites...Drawing Window Sprites
[2024-01-22 22:16:23,395] [MainProcess/MainThread/INFO] (shell_startup.py/update) Clearing background
[2024-01-22 22:16:23,395] [MainProcess/MainThread/INFO] (shell_startup.py/update) Creating Sprites...Drawing Background Sprites
[2024-01-22 22:16:23,395] [MainProcess/MainThread/INFO] (shell_startup.py/update) Creating Windows Spites...Drawing Window Sprites
[2024-01-22 22:16:23,413] [MainProcess/MainThread/INFO] (shell_startup.py/update) Clearing background
[2024-01-22 22:16:23,413] [MainProcess/MainThread/INFO] (shell_startup.py/update) Creating Sprites...Drawing Background Sprites
[2024-01-22 22:16:23,413] [MainProcess/MainThread/INFO] (shell_startup.py/update) Creating Windows Spites...Drawing Window Sprites
[2024-01-22 22:16:23,430] [MainProcess/MainThread/INFO] (shell_startup.py/update) Clearing background
[2024-01-22 22:16:23,430] [MainProcess/MainThread/INFO] (shell_startup.py/update) Creating Sprites...Drawing Background Sprites
[2024-01-22 22:16:23,430] [MainProcess/MainThread/INFO] (shell_startup.py/update) Creating Windows Spites...Drawing Window Sprites
[2024-01-22 22:16:23,448] [MainProcess/MainThread/INFO] (shell_startup.py/update) Clearing background
[2024-01-22 22:16:23,449] [MainProcess/MainThread/INFO] (shell_startup.py/update) Creating Sprites...Drawing Background Sprites
[2024-01-22 22:16:23,449] [MainProcess/MainThread/INFO] (shell_startup.py/update) Creating Windows Spites...Drawing Window Sprites
[2024-01-22 22:16:23,467] [MainProcess/MainThread/INFO] (shell_startup.py/update) Clearing background
[2024-01-22 22:16:23,467] [MainProcess/MainThread/INFO] (shell_startup.py/update) Creating Sprites...Drawing Background Sprites
[2024-01-22 22:16:23,467] [MainProcess/MainThread/INFO] (shell_startup.py/update) Creating Windows Spites...Drawing Window Sprites
[2024-01-22 22:16:23,484] [MainProcess/MainThread/INFO] (shell_startup.py/update) Clearing background
[2024-01-22 22:16:23,485] [MainProcess/MainThread/INFO] (shell_startup.py/update) Creating Sprites...Drawing Background Sprites
[2024-01-22 22:16:23,485] [MainProcess/MainThread/INFO] (shell_startup.py/update) Creating Windows Spites...Drawing Window Sprites
[2024-01-22 22:16:23,504] [MainProcess/MainThread/INFO] (shell_startup.py/update) Clearing background
[2024-01-22 22:16:23,504] [MainProcess/MainThread/INFO] (shell_startup.py/update) Creating Sprites...Drawing Background Sprites
[2024-01-22 22:16:23,504] [MainProcess/MainThread/INFO] (shell_startup.py/update) Creating Windows Spites...Drawing Window Sprites
[2024-01-22 22:16:23,522] [MainProcess/MainThread/INFO] (shell_startup.py/update) Clearing background
[2024-01-22 22:16:23,522] [MainProcess/MainThread/INFO] (shell_startup.py/update) Creating Sprites...Drawing Background Sprites
[2024-01-22 22:16:23,522] [MainProcess/MainThread/INFO] (shell_startup.py/update) Creating Windows Spites...Drawing Window Sprites
[2024-01-22 22:16:23,540] [MainProcess/MainThread/INFO] (shell_startup.py/update) Clearing background
[2024-01-22 22:16:23,540] [MainProcess/MainThread/INFO] (shell_startup.py/update) Creating Sprites...Drawing Background Sprites
[2024-01-22 22:16:23,540] [MainProcess/MainThread/INFO] (shell_startup.py/update) Creating Windows Spites...Drawing Window Sprites
[2024-01-22 22:16:23,558] [MainProcess/MainThread/INFO] (shell_startup.py/update) Clearing background
[2024-01-22 22:16:23,558] [MainProcess/MainThread/INFO] (shell_startup.py/update) Creating Sprites...Drawing Background Sprites
[2024-01-22 22:16:23,558] [MainProcess/MainThread/INFO] (shell_startup.py/update) Creating Windows Spites...Drawing Window Sprites
[2024-01-22 22:16:23,576] [MainProcess/MainThread/INFO] (shell_startup.py/update) Clearing background
[2024-01-22 22:16:23,576] [MainProcess/MainThread/INFO] (shell_startup.py/update) Creating Sprites...Drawing Background Sprites
[2024-01-22 22:16:23,576] [MainProcess/MainThread/INFO] (shell_startup.py/update) Creating Windows Spites...Drawing Window Sprites
[2024-01-22 22:16:23,594] [MainProcess/MainThread/INFO] (shell_startup.py/update) Clearing background
[2024-01-22 22:16:23,595] [MainProcess/MainThread/INFO] (shell_startup.py/update) Creating Sprites...Drawing Background Sprites
[2024-01-22 22:16:23,595] [MainProcess/MainThread/INFO] (shell_startup.py/update) Creating Windows Spites...Drawing Window Sprites
[2024-01-22 22:16:23,613] [MainProcess/MainThread/INFO] (shell_startup.py/update) Clearing background
[2024-01-22 22:16:23,613] [MainProcess/MainThread/INFO] (shell_startup.py/update) Creating Sprites...Drawing Background Sprites
[2024-01-22 22:16:23,613] [MainProcess/MainThread/INFO] (shell_startup.py/update) Creating Windows Spites...Drawing Window Sprites
[2024-01-22 22:16:23,632] [MainProcess/MainThread/INFO] (shell_startup.py/update) Clearing background
[2024-01-22 22:16:23,632] [MainProcess/MainThread/INFO] (shell_startup.py/update) Creating Sprites...Drawing Background Sprites
[2024-01-22 22:16:23,632] [MainProcess/MainThread/INFO] (shell_startup.py/update) Creating Windows Spites...Drawing Window Sprites
[2024-01-22 22:16:23,648] [MainProcess/MainThread/INFO] (shell_startup.py/update) Clearing background
[2024-01-22 22:16:23,649] [MainProcess/MainThread/INFO] (shell_startup.py/update) Creating Sprites...Drawing Background Sprites
[2024-01-22 22:16:23,649] [MainProcess/MainThread/INFO] (shell_startup.py/update) Creating Windows Spites...Drawing Window Sprites
[2024-01-22 22:16:23,667] [MainProcess/MainThread/INFO] (shell_startup.py/update) Clearing background
[2024-01-22 22:16:23,668] [MainProcess/MainThread/INFO] (shell_startup.py/update) Creating Sprites...Drawing Background Sprites
[2024-01-22 22:16:23,668] [MainProcess/MainThread/INFO] (shell_startup.py/update) Creating Windows Spites...Drawing Window Sprites
[2024-01-22 22:16:23,685] [MainProcess/MainThread/INFO] (shell_startup.py/update) Clearing background
[2024-01-22 22:16:23,686] [MainProcess/MainThread/INFO] (shell_startup.py/update) Creating Sprites...Drawing Background Sprites
[2024-01-22 22:16:23,686] [MainProcess/MainThread/INFO] (shell_startup.py/update) Creating Windows Spites...Drawing Window Sprites
[2024-01-22 22:16:23,703] [MainProcess/MainThread/INFO] (shell_startup.py/update) Clearing background
[2024-01-22 22:16:23,703] [MainProcess/MainThread/INFO] (shell_startup.py/update) Creating Sprites...Drawing Background Sprites
[2024-01-22 22:16:23,703] [MainProcess/MainThread/INFO] (shell_startup.py/update) Creating Windows Spites...Drawing Window Sprites
[2024-01-22 22:16:23,721] [MainProcess/MainThread/INFO] (shell_startup.py/update) Clearing background
[2024-01-22 22:16:23,721] [MainProcess/MainThread/INFO] (shell_startup.py/update) Creating Sprites...Drawing Background Sprites
[2024-01-22 22:16:23,722] [MainProcess/MainThread/INFO] (shell_startup.py/update) Creating Windows Spites...Drawing Window Sprites
[2024-01-22 22:16:23,740] [MainProcess/MainThread/INFO] (shell_startup.py/update) Clearing background
[2024-01-22 22:16:23,740] [MainProcess/MainThread/INFO] (shell_startup.py/update) Creating Sprites...Drawing Background Sprites
[2024-01-22 22:16:23,740] [MainProcess/MainThread/INFO] (shell_startup.py/update) Creating Windows Spites...Drawing Window Sprites
[2024-01-22 22:16:23,758] [MainProcess/MainThread/INFO] (shell_startup.py/update) Clearing background
[2024-01-22 22:16:23,758] [MainProcess/MainThread/INFO] (shell_startup.py/update) Creating Sprites...Drawing Background Sprites
[2024-01-22 22:16:23,758] [MainProcess/MainThread/INFO] (shell_startup.py/update) Creating Windows Spites...Drawing Window Sprites
[2024-01-22 22:16:23,776] [MainProcess/MainThread/INFO] (shell_startup.py/update) Clearing background
[2024-01-22 22:16:23,776] [MainProcess/MainThread/INFO] (shell_startup.py/update) Creating Sprites...Drawing Background Sprites
[2024-01-22 22:16:23,776] [MainProcess/MainThread/INFO] (shell_startup.py/update) Creating Windows Spites...Drawing Window Sprites
[2024-01-22 22:16:23,795] [MainProcess/MainThread/INFO] (shell_startup.py/update) Clearing background
[2024-01-22 22:16:23,795] [MainProcess/MainThread/INFO] (shell_startup.py/update) Creating Sprites...Drawing Background Sprites
[2024-01-22 22:16:23,795] [MainProcess/MainThread/INFO] (shell_startup.py/update) Creating Windows Spites...Drawing Window Sprites
[2024-01-22 22:16:23,812] [MainProcess/MainThread/INFO] (shell_startup.py/update) Clearing background
[2024-01-22 22:16:23,812] [MainProcess/MainThread/INFO] (shell_startup.py/update) Creating Sprites...Drawing Background Sprites
[2024-01-22 22:16:23,812] [MainProcess/MainThread/INFO] (shell_startup.py/update) Creating Windows Spites...Drawing Window Sprites
