[LOGS]
[2024-01-22 22:15:14,035] [MainProcess/MainThread/INFO] (shell_startup.py/update) Clearing background
[2024-01-22 22:15:14,035] [MainProcess/MainThread/INFO] (shell_startup.py/update) Creating Sprites...Drawing Background Sprites
[2024-01-22 22:15:14,035] [MainProcess/MainThread/INFO] (shell_startup.py/update) Creating Windows Spites...Drawing Window Sprites
[2024-01-22 22:15:14,053] [MainProcess/MainThread/INFO] (shell_startup.py/update) Clearing background
[2024-01-22 22:15:14,054] [MainProcess/MainThread/INFO] (shell_startup.py/update) Creating Sprites...Drawing Background Sprites
[2024-01-22 22:15:14,063] [MainProcess/MainThread/INFO] (shell_startup.py/update) Creating Windows Spites...Drawing Window Sprites
[2024-01-22 22:15:14,080] [MainProcess/MainThread/INFO] (shell_startup.py/update) Clearing background
[2024-01-22 22:15:14,080] [MainProcess/MainThread/INFO] (shell_startup.py/update) Creating Sprites...Drawing Background Sprites
[2024-01-22 22:15:14,080] [MainProcess/MainThread/INFO] (shell_startup.py/update) Creating Windows Spites...Drawing Window Sprites
[2024-01-22 22:15:14,098] [MainProcess/MainThread/INFO] (shell_startup.py/update) Clearing background
[2024-01-22 22:15:14,098] [MainProcess/MainThread/INFO] (shell_startup.py/update) Creating Sprites...Drawing Background Sprites
[2024-01-22 22:15:14,098] [MainProcess/MainThread/INFO] (shell_startup.py/update) Creating Windows Spites...Drawing Window Sprites
[2024-01-22 22:15:14,116] [MainProcess/MainThread/INFO] (shell_startup.py/update) Clearing background
[2024-01-22 22:15:14,116] [MainProcess/MainThread/INFO] (shell_startup.py/update) Creating Sprites...Drawing Background Sprites
[2024-01-22 22:15:14,116] [MainProcess/MainThread/INFO] (shell_startup.py/update) Creating Windows Spites...Drawing Window Sprites
[2024-01-22 22:15:14,134] [MainProcess/MainThread/INFO] (shell_startup.py/update) Clearing background
[2024-01-22 22:15:14,135] [MainProcess/MainThread/INFO] (shell_startup.py/update) Creating Sprites...Drawing Background Sprites
[2024-01-22 22:15:14,135] [MainProcess/MainThread/INFO] (shell_startup.py/update) Creating Windows Spites...Drawing Window Sprites
[2024-01-22 22:15:14,152] [MainProcess/MainThread/INFO] (shell_startup.py/update) Clearing background
[2024-01-22 22:15:14,152] [MainProcess/MainThread/INFO] (shell_startup.py/update) Creating Sprites...Drawing Background Sprites
[2024-01-22 22:15:14,152] [MainProcess/MainThread/INFO] (shell_startup.py/update) Creating Windows Spites...Drawing Window Sprites
[2024-01-22 22:15:14,170] [MainProcess/MainThread/INFO] (shell_startup.py/update) Clearing background
[2024-01-22 22:15:14,170] [MainProcess/MainThread/INFO] (shell_startup.py/update) Creating Sprites...Drawing Background Sprites
[2024-01-22 22:15:14,170] [MainProcess/MainThread/INFO] (shell_startup.py/update) Creating Windows Spites...Drawing Window Sprites
[2024-01-22 22:15:14,187] [MainProcess/MainThread/INFO] (shell_startup.py/update) Clearing background
[2024-01-22 22:15:14,188] [MainProcess/MainThread/INFO] (shell_startup.py/update) Creating Sprites...Drawing Background Sprites
[2024-01-22 22:15:14,188] [MainProcess/MainThread/INFO] (shell_startup.py/update) Creating Windows Spites...Drawing Window Sprites
[2024-01-22 22:15:14,206] [MainProcess/MainThread/INFO] (shell_startup.py/update) Clearing background
[2024-01-22 22:15:14,207] [MainProcess/MainThread/INFO] (shell_startup.py/update) Creating Sprites...Drawing Background Sprites
[2024-01-22 22:15:14,207] [MainProcess/MainThread/INFO] (shell_startup.py/update) Creating Windows Spites...Drawing Window Sprites
[2024-01-22 22:15:14,225] [MainProcess/MainThread/INFO] (shell_startup.py/update) Clearing background
[2024-01-22 22:15:14,226] [MainProcess/MainThread/INFO] (shell_startup.py/update) Creating Sprites...Drawing Background Sprites
[2024-01-22 22:15:14,226] [MainProcess/MainThread/INFO] (shell_startup.py/update) Creating Windows Spites...Drawing Window Sprites
[2024-01-22 22:15:14,243] [MainProcess/MainThread/INFO] (shell_startup.py/update) Clearing background
[2024-01-22 22:15:14,243] [MainProcess/MainThread/INFO] (shell_startup.py/update) Creating Sprites...Drawing Background Sprites
[2024-01-22 22:15:14,244] [MainProcess/MainThread/INFO] (shell_startup.py/update) Creating Windows Spites...Drawing Window Sprites
[2024-01-22 22:15:14,262] [MainProcess/MainThread/INFO] (shell_startup.py/update) Clearing background
[2024-01-22 22:15:14,262] [MainProcess/MainThread/INFO] (shell_startup.py/update) Creating Sprites...Drawing Background Sprites
[2024-01-22 22:15:14,262] [MainProcess/MainThread/INFO] (shell_startup.py/update) Creating Windows Spites...Drawing Window Sprites
[2024-01-22 22:15:14,279] [MainProcess/MainThread/INFO] (shell_startup.py/update) Clearing background
[2024-01-22 22:15:14,279] [MainProcess/MainThread/INFO] (shell_startup.py/update) Creating Sprites...Drawing Background Sprites
[2024-01-22 22:15:14,279] [MainProcess/MainThread/INFO] (shell_startup.py/update) Creating Windows Spites...Drawing Window Sprites
[2024-01-22 22:15:14,297] [MainProcess/MainThread/INFO] (shell_startup.py/update) Clearing background
[2024-01-22 22:15:14,298] [MainProcess/MainThread/INFO] (shell_startup.py/update) Creating Sprites...Drawing Background Sprites
[2024-01-22 22:15:14,298] [MainProcess/MainThread/INFO] (shell_startup.py/update) Creating Windows Spites...Drawing Window Sprites
[2024-01-22 22:15:14,316] [MainProcess/MainThread/INFO] (shell_startup.py/update) Clearing background
[2024-01-22 22:15:14,316] [MainProcess/MainThread/INFO] (shell_startup.py/update) Creating Sprites...Drawing Background Sprites
[2024-01-22 22:15:14,316] [MainProcess/MainThread/INFO] (shell_startup.py/update) Creating Windows Spites...Drawing Window Sprites
[2024-01-22 22:15:14,334] [MainProcess/MainThread/INFO] (shell_startup.py/update) Clearing background
[2024-01-22 22:15:14,334] [MainProcess/MainThread/INFO] (shell_startup.py/update) Creating Sprites...Drawing Background Sprites
[2024-01-22 22:15:14,334] [MainProcess/MainThread/INFO] (shell_startup.py/update) Creating Windows Spites...Drawing Window Sprites
[2024-01-22 22:15:14,351] [MainProcess/MainThread/INFO] (shell_startup.py/update) Clearing background
[2024-01-22 22:15:14,351] [MainProcess/MainThread/INFO] (shell_startup.py/update) Creating Sprites...Drawing Background Sprites
[2024-01-22 22:15:14,351] [MainProcess/MainThread/INFO] (shell_startup.py/update) Creating Windows Spites...Drawing Window Sprites
[2024-01-22 22:15:14,369] [MainProcess/MainThread/INFO] (shell_startup.py/update) Clearing background
[2024-01-22 22:15:14,369] [MainProcess/MainThread/INFO] (shell_startup.py/update) Creating Sprites...Drawing Background Sprites
[2024-01-22 22:15:14,369] [MainProcess/MainThread/INFO] (shell_startup.py/update) Creating Windows Spites...Drawing Window Sprites
[2024-01-22 22:15:14,389] [MainProcess/MainThread/INFO] (shell_startup.py/update) Clearing background
[2024-01-22 22:15:14,389] [MainProcess/MainThread/INFO] (shell_startup.py/update) Creating Sprites...Drawing Background Sprites
[2024-01-22 22:15:14,389] [MainProcess/MainThread/INFO] (shell_startup.py/update) Creating Windows Spites...Drawing Window Sprites
[2024-01-22 22:15:14,407] [MainProcess/MainThread/INFO] (shell_startup.py/update) Clearing background
[2024-01-22 22:15:14,407] [MainProcess/MainThread/INFO] (shell_startup.py/update) Creating Sprites...Drawing Background Sprites
[2024-01-22 22:15:14,407] [MainProcess/MainThread/INFO] (shell_startup.py/update) Creating Windows Spites...Drawing Window Sprites
[2024-01-22 22:15:14,424] [MainProcess/MainThread/INFO] (shell_startup.py/update) Clearing background
[2024-01-22 22:15:14,425] [MainProcess/MainThread/INFO] (shell_startup.py/update) Creating Sprites...Drawing Background Sprites
[2024-01-22 22:15:14,425] [MainProcess/MainThread/INFO] (shell_startup.py/update) Creating Windows Spites...Drawing Window Sprites
[2024-01-22 22:15:14,442] [MainProcess/MainThread/INFO] (shell_startup.py/update) Clearing background
[2024-01-22 22:15:14,442] [MainProcess/MainThread/INFO] (shell_startup.py/update) Creating Sprites...Drawing Background Sprites
[2024-01-22 22:15:14,442] [MainProcess/MainThread/INFO] (shell_startup.py/update) Creating Windows Spites...Drawing Window Sprites
[2024-01-22 22:15:14,460] [MainProcess/MainThread/INFO] (shell_startup.py/update) Clearing background
[2024-01-22 22:15:14,462] [MainProcess/MainThread/INFO] (shell_startup.py/update) Creating Sprites...Drawing Background Sprites
[2024-01-22 22:15:14,462] [MainProcess/MainThread/INFO] (shell_startup.py/update) Creating Windows Spites...Drawing Window Sprites
[2024-01-22 22:15:14,480] [MainProcess/MainThread/INFO] (shell_startup.py/update) Clearing background
[2024-01-22 22:15:14,480] [MainProcess/MainThread/INFO] (shell_startup.py/update) Creating Sprites...Drawing Background Sprites
[2024-01-22 22:15:14,480] [MainProcess/MainThread/INFO] (shell_startup.py/update) Creating Windows Spites...Drawing Window Sprites
[2024-01-22 22:15:14,497] [MainProcess/MainThread/INFO] (shell_startup.py/update) Clearing background
[2024-01-22 22:15:14,498] [MainProcess/MainThread/INFO] (shell_startup.py/update) Creating Sprites...Drawing Background Sprites
[2024-01-22 22:15:14,498] [MainProcess/MainThread/INFO] (shell_startup.py/update) Creating Windows Spites...Drawing Window Sprites
[2024-01-22 22:15:14,516] [MainProcess/MainThread/INFO] (shell_startup.py/update) Clearing background
[2024-01-22 22:15:14,516] [MainProcess/MainThread/INFO] (shell_startup.py/update) Creating Sprites...Drawing Background Sprites
[2024-01-22 22:15:14,516] [MainProcess/MainThread/INFO] (shell_startup.py/update) Creating Windows Spites...Drawing Window Sprites
[2024-01-22 22:15:14,534] [MainProcess/MainThread/INFO] (shell_startup.py/update) Clearing background
[2024-01-22 22:15:14,534] [MainProcess/MainThread/INFO] (shell_startup.py/update) Creating Sprites...Drawing Background Sprites
[2024-01-22 22:15:14,534] [MainProcess/MainThread/INFO] (shell_startup.py/update) Creating Windows Spites...Drawing Window Sprites
[2024-01-22 22:15:14,551] [MainProcess/MainThread/INFO] (shell_startup.py/update) Clearing background
[2024-01-22 22:15:14,551] [MainProcess/MainThread/INFO] (shell_startup.py/update) Creating Sprites...Drawing Background Sprites
[2024-01-22 22:15:14,551] [MainProcess/MainThread/INFO] (shell_startup.py/update) Creating Windows Spites...Drawing Window Sprites
[2024-01-22 22:15:14,571] [MainProcess/MainThread/INFO] (shell_startup.py/update) Clearing background
[2024-01-22 22:15:14,571] [MainProcess/MainThread/INFO] (shell_startup.py/update) Creating Sprites...Drawing Background Sprites
[2024-01-22 22:15:14,571] [MainProcess/MainThread/INFO] (shell_startup.py/update) Creating Windows Spites...Drawing Window Sprites
[2024-01-22 22:15:14,587] [MainProcess/MainThread/INFO] (shell_startup.py/update) Clearing background
[2024-01-22 22:15:14,588] [MainProcess/MainThread/INFO] (shell_startup.py/update) Creating Sprites...Drawing Background Sprites
[2024-01-22 22:15:14,588] [MainProcess/MainThread/INFO] (shell_startup.py/update) Creating Windows Spites...Drawing Window Sprites
[2024-01-22 22:15:14,605] [MainProcess/MainThread/INFO] (shell_startup.py/update) Clearing background
[2024-01-22 22:15:14,605] [MainProcess/MainThread/INFO] (shell_startup.py/update) Creating Sprites...Drawing Background Sprites
[2024-01-22 22:15:14,605] [MainProcess/MainThread/INFO] (shell_startup.py/update) Creating Windows Spites...Drawing Window Sprites
[2024-01-22 22:15:14,623] [MainProcess/MainThread/INFO] (shell_startup.py/update) Clearing background
[2024-01-22 22:15:14,624] [MainProcess/MainThread/INFO] (shell_startup.py/update) Creating Sprites...Drawing Background Sprites
[2024-01-22 22:15:14,624] [MainProcess/MainThread/INFO] (shell_startup.py/update) Creating Windows Spites...Drawing Window Sprites
[2024-01-22 22:15:14,643] [MainProcess/MainThread/INFO] (shell_startup.py/update) Clearing background
[2024-01-22 22:15:14,643] [MainProcess/MainThread/INFO] (shell_startup.py/update) Creating Sprites...Drawing Background Sprites
[2024-01-22 22:15:14,643] [MainProcess/MainThread/INFO] (shell_startup.py/update) Creating Windows Spites...Drawing Window Sprites
[2024-01-22 22:15:14,661] [MainProcess/MainThread/INFO] (shell_startup.py/update) Clearing background
[2024-01-22 22:15:14,661] [MainProcess/MainThread/INFO] (shell_startup.py/update) Creating Sprites...Drawing Background Sprites
[2024-01-22 22:15:14,661] [MainProcess/MainThread/INFO] (shell_startup.py/update) Creating Windows Spites...Drawing Window Sprites
[2024-01-22 22:15:14,679] [MainProcess/MainThread/INFO] (shell_startup.py/update) Clearing background
[2024-01-22 22:15:14,679] [MainProcess/MainThread/INFO] (shell_startup.py/update) Creating Sprites...Drawing Background Sprites
[2024-01-22 22:15:14,679] [MainProcess/MainThread/INFO] (shell_startup.py/update) Creating Windows Spites...Drawing Window Sprites
[2024-01-22 22:15:14,697] [MainProcess/MainThread/INFO] (shell_startup.py/update) Clearing background
[2024-01-22 22:15:14,697] [MainProcess/MainThread/INFO] (shell_startup.py/update) Creating Sprites...Drawing Background Sprites
[2024-01-22 22:15:14,697] [MainProcess/MainThread/INFO] (shell_startup.py/update) Creating Windows Spites...Drawing Window Sprites
[2024-01-22 22:15:14,715] [MainProcess/MainThread/INFO] (shell_startup.py/update) Clearing background
[2024-01-22 22:15:14,716] [MainProcess/MainThread/INFO] (shell_startup.py/update) Creating Sprites...Drawing Background Sprites
[2024-01-22 22:15:14,716] [MainProcess/MainThread/INFO] (shell_startup.py/update) Creating Windows Spites...Drawing Window Sprites
[2024-01-22 22:15:14,733] [MainProcess/MainThread/INFO] (shell_startup.py/update) Clearing background
[2024-01-22 22:15:14,734] [MainProcess/MainThread/INFO] (shell_startup.py/update) Creating Sprites...Drawing Background Sprites
[2024-01-22 22:15:14,734] [MainProcess/MainThread/INFO] (shell_startup.py/update) Creating Windows Spites...Drawing Window Sprites
[2024-01-22 22:15:14,752] [MainProcess/MainThread/INFO] (shell_startup.py/update) Clearing background
[2024-01-22 22:15:14,752] [MainProcess/MainThread/INFO] (shell_startup.py/update) Creating Sprites...Drawing Background Sprites
[2024-01-22 22:15:14,752] [MainProcess/MainThread/INFO] (shell_startup.py/update) Creating Windows Spites...Drawing Window Sprites
[2024-01-22 22:15:14,770] [MainProcess/MainThread/INFO] (shell_startup.py/update) Clearing background
[2024-01-22 22:15:14,770] [MainProcess/MainThread/INFO] (shell_startup.py/update) Creating Sprites...Drawing Background Sprites
[2024-01-22 22:15:14,770] [MainProcess/MainThread/INFO] (shell_startup.py/update) Creating Windows Spites...Drawing Window Sprites
[2024-01-22 22:15:14,788] [MainProcess/MainThread/INFO] (shell_startup.py/update) Clearing background
[2024-01-22 22:15:14,788] [MainProcess/MainThread/INFO] (shell_startup.py/update) Creating Sprites...Drawing Background Sprites
[2024-01-22 22:15:14,788] [MainProcess/MainThread/INFO] (shell_startup.py/update) Creating Windows Spites...Drawing Window Sprites
[2024-01-22 22:15:14,806] [MainProcess/MainThread/INFO] (shell_startup.py/update) Clearing background
[2024-01-22 22:15:14,806] [MainProcess/MainThread/INFO] (shell_startup.py/update) Creating Sprites...Drawing Background Sprites
[2024-01-22 22:15:14,806] [MainProcess/MainThread/INFO] (shell_startup.py/update) Creating Windows Spites...Drawing Window Sprites
[2024-01-22 22:15:14,824] [MainProcess/MainThread/INFO] (shell_startup.py/update) Clearing background
[2024-01-22 22:15:14,824] [MainProcess/MainThread/INFO] (shell_startup.py/update) Creating Sprites...Drawing Background Sprites
[2024-01-22 22:15:14,824] [MainProcess/MainThread/INFO] (shell_startup.py/update) Creating Windows Spites...Drawing Window Sprites
[2024-01-22 22:15:14,843] [MainProcess/MainThread/INFO] (shell_startup.py/update) Clearing background
[2024-01-22 22:15:14,843] [MainProcess/MainThread/INFO] (shell_startup.py/update) Creating Sprites...Drawing Background Sprites
[2024-01-22 22:15:14,843] [MainProcess/MainThread/INFO] (shell_startup.py/update) Creating Windows Spites...Drawing Window Sprites
[2024-01-22 22:15:14,861] [MainProcess/MainThread/INFO] (shell_startup.py/update) Clearing background
[2024-01-22 22:15:14,861] [MainProcess/MainThread/INFO] (shell_startup.py/update) Creating Sprites...Drawing Background Sprites
[2024-01-22 22:15:14,861] [MainProcess/MainThread/INFO] (shell_startup.py/update) Creating Windows Spites...Drawing Window Sprites
[2024-01-22 22:15:14,879] [MainProcess/MainThread/INFO] (shell_startup.py/update) Clearing background
[2024-01-22 22:15:14,880] [MainProcess/MainThread/INFO] (shell_startup.py/update) Creating Sprites...Drawing Background Sprites
[2024-01-22 22:15:14,880] [MainProcess/MainThread/INFO] (shell_startup.py/update) Creating Windows Spites...Drawing Window Sprites
[2024-01-22 22:15:14,897] [MainProcess/MainThread/INFO] (shell_startup.py/update) Clearing background
[2024-01-22 22:15:14,897] [MainProcess/MainThread/INFO] (shell_startup.py/update) Creating Sprites...Drawing Background Sprites
[2024-01-22 22:15:14,897] [MainProcess/MainThread/INFO] (shell_startup.py/update) Creating Windows Spites...Drawing Window Sprites
[2024-01-22 22:15:14,916] [MainProcess/MainThread/INFO] (shell_startup.py/update) Clearing background
[2024-01-22 22:15:14,916] [MainProcess/MainThread/INFO] (shell_startup.py/update) Creating Sprites...Drawing Background Sprites
[2024-01-22 22:15:14,916] [MainProcess/MainThread/INFO] (shell_startup.py/update) Creating Windows Spites...Drawing Window Sprites
[2024-01-22 22:15:14,934] [MainProcess/MainThread/INFO] (shell_startup.py/update) Clearing background
[2024-01-22 22:15:14,934] [MainProcess/MainThread/INFO] (shell_startup.py/update) Creating Sprites...Drawing Background Sprites
[2024-01-22 22:15:14,934] [MainProcess/MainThread/INFO] (shell_startup.py/update) Creating Windows Spites...Drawing Window Sprites
[2024-01-22 22:15:14,952] [MainProcess/MainThread/INFO] (shell_startup.py/update) Clearing background
[2024-01-22 22:15:14,952] [MainProcess/MainThread/INFO] (shell_startup.py/update) Creating Sprites...Drawing Background Sprites
[2024-01-22 22:15:14,952] [MainProcess/MainThread/INFO] (shell_startup.py/update) Creating Windows Spites...Drawing Window Sprites
[2024-01-22 22:15:14,970] [MainProcess/MainThread/INFO] (shell_startup.py/update) Clearing background
[2024-01-22 22:15:14,970] [MainProcess/MainThread/INFO] (shell_startup.py/update) Creating Sprites...Drawing Background Sprites
[2024-01-22 22:15:14,970] [MainProcess/MainThread/INFO] (shell_startup.py/update) Creating Windows Spites...Drawing Window Sprites
[2024-01-22 22:15:14,989] [MainProcess/MainThread/INFO] (shell_startup.py/update) Clearing background
[2024-01-22 22:15:14,989] [MainProcess/MainThread/INFO] (shell_startup.py/update) Creating Sprites...Drawing Background Sprites
[2024-01-22 22:15:14,989] [MainProcess/MainThread/INFO] (shell_startup.py/update) Creating Windows Spites...Drawing Window Sprites
[2024-01-22 22:15:15,007] [MainProcess/MainThread/INFO] (shell_startup.py/update) Clearing background
[2024-01-22 22:15:15,007] [MainProcess/MainThread/INFO] (shell_startup.py/update) Creating Sprites...Drawing Background Sprites
[2024-01-22 22:15:15,007] [MainProcess/MainThread/INFO] (shell_startup.py/update) Creating Windows Spites...Drawing Window Sprites
[2024-01-22 22:15:15,026] [MainProcess/MainThread/INFO] (shell_startup.py/update) Clearing background
[2024-01-22 22:15:15,026] [MainProcess/MainThread/INFO] (shell_startup.py/update) Creating Sprites...Drawing Background Sprites
[2024-01-22 22:15:15,026] [MainProcess/MainThread/INFO] (shell_startup.py/update) Creating Windows Spites...Drawing Window Sprites
[2024-01-22 22:15:15,043] [MainProcess/MainThread/INFO] (shell_startup.py/update) Clearing background
[2024-01-22 22:15:15,044] [MainProcess/MainThread/INFO] (shell_startup.py/update) Creating Sprites...Drawing Background Sprites
[2024-01-22 22:15:15,044] [MainProcess/MainThread/INFO] (shell_startup.py/update) Creating Windows Spites...Drawing Window Sprites
[2024-01-22 22:15:15,062] [MainProcess/MainThread/INFO] (shell_startup.py/update) Clearing background
[2024-01-22 22:15:15,062] [MainProcess/MainThread/INFO] (shell_startup.py/update) Creating Sprites...Drawing Background Sprites
[2024-01-22 22:15:15,062] [MainProcess/MainThread/INFO] (shell_startup.py/update) Creating Windows Spites...Drawing Window Sprites
[2024-01-22 22:15:15,079] [MainProcess/MainThread/INFO] (shell_startup.py/update) Clearing background
[2024-01-22 22:15:15,080] [MainProcess/MainThread/INFO] (shell_startup.py/update) Creating Sprites...Drawing Background Sprites
[2024-01-22 22:15:15,080] [MainProcess/MainThread/INFO] (shell_startup.py/update) Creating Windows Spites...Drawing Window Sprites
[2024-01-22 22:15:15,097] [MainProcess/MainThread/INFO] (shell_startup.py/update) Clearing background
[2024-01-22 22:15:15,097] [MainProcess/MainThread/INFO] (shell_startup.py/update) Creating Sprites...Drawing Background Sprites
[2024-01-22 22:15:15,097] [MainProcess/MainThread/INFO] (shell_startup.py/update) Creating Windows Spites...Drawing Window Sprites
[2024-01-22 22:15:15,115] [MainProcess/MainThread/INFO] (shell_startup.py/update) Clearing background
[2024-01-22 22:15:15,116] [MainProcess/MainThread/INFO] (shell_startup.py/update) Creating Sprites...Drawing Background Sprites
[2024-01-22 22:15:15,116] [MainProcess/MainThread/INFO] (shell_startup.py/update) Creating Windows Spites...Drawing Window Sprites
[2024-01-22 22:15:15,133] [MainProcess/MainThread/INFO] (shell_startup.py/update) Clearing background
[2024-01-22 22:15:15,133] [MainProcess/MainThread/INFO] (shell_startup.py/update) Creating Sprites...Drawing Background Sprites
[2024-01-22 22:15:15,133] [MainProcess/MainThread/INFO] (shell_startup.py/update) Creating Windows Spites...Drawing Window Sprites
[2024-01-22 22:15:15,152] [MainProcess/MainThread/INFO] (shell_startup.py/update) Clearing background
[2024-01-22 22:15:15,152] [MainProcess/MainThread/INFO] (shell_startup.py/update) Creating Sprites...Drawing Background Sprites
[2024-01-22 22:15:15,152] [MainProcess/MainThread/INFO] (shell_startup.py/update) Creating Windows Spites...Drawing Window Sprites
[2024-01-22 22:15:15,170] [MainProcess/MainThread/INFO] (shell_startup.py/update) Clearing background
[2024-01-22 22:15:15,170] [MainProcess/MainThread/INFO] (shell_startup.py/update) Creating Sprites...Drawing Background Sprites
[2024-01-22 22:15:15,170] [MainProcess/MainThread/INFO] (shell_startup.py/update) Creating Windows Spites...Drawing Window Sprites
[2024-01-22 22:15:15,189] [MainProcess/MainThread/INFO] (shell_startup.py/update) Clearing background
[2024-01-22 22:15:15,189] [MainProcess/MainThread/INFO] (shell_startup.py/update) Creating Sprites...Drawing Background Sprites
[2024-01-22 22:15:15,189] [MainProcess/MainThread/INFO] (shell_startup.py/update) Creating Windows Spites...Drawing Window Sprites
[2024-01-22 22:15:15,207] [MainProcess/MainThread/INFO] (shell_startup.py/update) Clearing background
[2024-01-22 22:15:15,207] [MainProcess/MainThread/INFO] (shell_startup.py/update) Creating Sprites...Drawing Background Sprites
[2024-01-22 22:15:15,207] [MainProcess/MainThread/INFO] (shell_startup.py/update) Creating Windows Spites...Drawing Window Sprites
[2024-01-22 22:15:15,225] [MainProcess/MainThread/INFO] (shell_startup.py/update) Clearing background
[2024-01-22 22:15:15,226] [MainProcess/MainThread/INFO] (shell_startup.py/update) Creating Sprites...Drawing Background Sprites
[2024-01-22 22:15:15,226] [MainProcess/MainThread/INFO] (shell_startup.py/update) Creating Windows Spites...Drawing Window Sprites
[2024-01-22 22:15:15,243] [MainProcess/MainThread/INFO] (shell_startup.py/update) Clearing background
[2024-01-22 22:15:15,243] [MainProcess/MainThread/INFO] (shell_startup.py/update) Creating Sprites...Drawing Background Sprites
[2024-01-22 22:15:15,243] [MainProcess/MainThread/INFO] (shell_startup.py/update) Creating Windows Spites...Drawing Window Sprites
[2024-01-22 22:15:15,261] [MainProcess/MainThread/INFO] (shell_startup.py/update) Clearing background
[2024-01-22 22:15:15,261] [MainProcess/MainThread/INFO] (shell_startup.py/update) Creating Sprites...Drawing Background Sprites
[2024-01-22 22:15:15,261] [MainProcess/MainThread/INFO] (shell_startup.py/update) Creating Windows Spites...Drawing Window Sprites
[2024-01-22 22:15:15,280] [MainProcess/MainThread/INFO] (shell_startup.py/update) Clearing background
[2024-01-22 22:15:15,280] [MainProcess/MainThread/INFO] (shell_startup.py/update) Creating Sprites...Drawing Background Sprites
[2024-01-22 22:15:15,280] [MainProcess/MainThread/INFO] (shell_startup.py/update) Creating Windows Spites...Drawing Window Sprites
[2024-01-22 22:15:15,298] [MainProcess/MainThread/INFO] (shell_startup.py/update) Clearing background
[2024-01-22 22:15:15,298] [MainProcess/MainThread/INFO] (shell_startup.py/update) Creating Sprites...Drawing Background Sprites
[2024-01-22 22:15:15,298] [MainProcess/MainThread/INFO] (shell_startup.py/update) Creating Windows Spites...Drawing Window Sprites
[2024-01-22 22:15:15,316] [MainProcess/MainThread/INFO] (shell_startup.py/update) Clearing background
[2024-01-22 22:15:15,316] [MainProcess/MainThread/INFO] (shell_startup.py/update) Creating Sprites...Drawing Background Sprites
[2024-01-22 22:15:15,316] [MainProcess/MainThread/INFO] (shell_startup.py/update) Creating Windows Spites...Drawing Window Sprites
[2024-01-22 22:15:15,334] [MainProcess/MainThread/INFO] (shell_startup.py/update) Clearing background
[2024-01-22 22:15:15,334] [MainProcess/MainThread/INFO] (shell_startup.py/update) Creating Sprites...Drawing Background Sprites
[2024-01-22 22:15:15,334] [MainProcess/MainThread/INFO] (shell_startup.py/update) Creating Windows Spites...Drawing Window Sprites
[2024-01-22 22:15:15,353] [MainProcess/MainThread/INFO] (shell_startup.py/update) Clearing background
[2024-01-22 22:15:15,353] [MainProcess/MainThread/INFO] (shell_startup.py/update) Creating Sprites...Drawing Background Sprites
[2024-01-22 22:15:15,353] [MainProcess/MainThread/INFO] (shell_startup.py/update) Creating Windows Spites...Drawing Window Sprites
[2024-01-22 22:15:15,372] [MainProcess/MainThread/INFO] (shell_startup.py/update) Clearing background
[2024-01-22 22:15:15,372] [MainProcess/MainThread/INFO] (shell_startup.py/update) Creating Sprites...Drawing Background Sprites
[2024-01-22 22:15:15,372] [MainProcess/MainThread/INFO] (shell_startup.py/update) Creating Windows Spites...Drawing Window Sprites
[2024-01-22 22:15:15,388] [MainProcess/MainThread/INFO] (shell_startup.py/update) Clearing background
[2024-01-22 22:15:15,389] [MainProcess/MainThread/INFO] (shell_startup.py/update) Creating Sprites...Drawing Background Sprites
[2024-01-22 22:15:15,389] [MainProcess/MainThread/INFO] (shell_startup.py/update) Creating Windows Spites...Drawing Window Sprites
[2024-01-22 22:15:15,407] [MainProcess/MainThread/INFO] (shell_startup.py/update) Clearing background
[2024-01-22 22:15:15,407] [MainProcess/MainThread/INFO] (shell_startup.py/update) Creating Sprites...Drawing Background Sprites
[2024-01-22 22:15:15,407] [MainProcess/MainThread/INFO] (shell_startup.py/update) Creating Windows Spites...Drawing Window Sprites
[2024-01-22 22:15:15,425] [MainProcess/MainThread/INFO] (shell_startup.py/update) Clearing background
[2024-01-22 22:15:15,425] [MainProcess/MainThread/INFO] (shell_startup.py/update) Creating Sprites...Drawing Background Sprites
[2024-01-22 22:15:15,425] [MainProcess/MainThread/INFO] (shell_startup.py/update) Creating Windows Spites...Drawing Window Sprites
[2024-01-22 22:15:15,444] [MainProcess/MainThread/INFO] (shell_startup.py/update) Clearing background
[2024-01-22 22:15:15,444] [MainProcess/MainThread/INFO] (shell_startup.py/update) Creating Sprites...Drawing Background Sprites
[2024-01-22 22:15:15,444] [MainProcess/MainThread/INFO] (shell_startup.py/update) Creating Windows Spites...Drawing Window Sprites
[2024-01-22 22:15:15,461] [MainProcess/MainThread/INFO] (shell_startup.py/update) Clearing background
[2024-01-22 22:15:15,461] [MainProcess/MainThread/INFO] (shell_startup.py/update) Creating Sprites...Drawing Background Sprites
[2024-01-22 22:15:15,461] [MainProcess/MainThread/INFO] (shell_startup.py/update) Creating Windows Spites...Drawing Window Sprites
[2024-01-22 22:15:15,480] [MainProcess/MainThread/INFO] (shell_startup.py/update) Clearing background
[2024-01-22 22:15:15,481] [MainProcess/MainThread/INFO] (shell_startup.py/update) Creating Sprites...Drawing Background Sprites
[2024-01-22 22:15:15,481] [MainProcess/MainThread/INFO] (shell_startup.py/update) Creating Windows Spites...Drawing Window Sprites
[2024-01-22 22:15:15,498] [MainProcess/MainThread/INFO] (shell_startup.py/update) Clearing background
[2024-01-22 22:15:15,498] [MainProcess/MainThread/INFO] (shell_startup.py/update) Creating Sprites...Drawing Background Sprites
[2024-01-22 22:15:15,498] [MainProcess/MainThread/INFO] (shell_startup.py/update) Creating Windows Spites...Drawing Window Sprites
[2024-01-22 22:15:15,516] [MainProcess/MainThread/INFO] (shell_startup.py/update) Clearing background
[2024-01-22 22:15:15,516] [MainProcess/MainThread/INFO] (shell_startup.py/update) Creating Sprites...Drawing Background Sprites
[2024-01-22 22:15:15,516] [MainProcess/MainThread/INFO] (shell_startup.py/update) Creating Windows Spites...Drawing Window Sprites
[2024-01-22 22:15:15,534] [MainProcess/MainThread/INFO] (shell_startup.py/update) Clearing background
[2024-01-22 22:15:15,534] [MainProcess/MainThread/INFO] (shell_startup.py/update) Creating Sprites...Drawing Background Sprites
[2024-01-22 22:15:15,534] [MainProcess/MainThread/INFO] (shell_startup.py/update) Creating Windows Spites...Drawing Window Sprites
[2024-01-22 22:15:15,553] [MainProcess/MainThread/INFO] (shell_startup.py/update) Clearing background
[2024-01-22 22:15:15,553] [MainProcess/MainThread/INFO] (shell_startup.py/update) Creating Sprites...Drawing Background Sprites
[2024-01-22 22:15:15,553] [MainProcess/MainThread/INFO] (shell_startup.py/update) Creating Windows Spites...Drawing Window Sprites
[2024-01-22 22:15:15,570] [MainProcess/MainThread/INFO] (shell_startup.py/update) Clearing background
[2024-01-22 22:15:15,571] [MainProcess/MainThread/INFO] (shell_startup.py/update) Creating Sprites...Drawing Background Sprites
[2024-01-22 22:15:15,571] [MainProcess/MainThread/INFO] (shell_startup.py/update) Creating Windows Spites...Drawing Window Sprites
[2024-01-22 22:15:15,589] [MainProcess/MainThread/INFO] (shell_startup.py/update) Clearing background
[2024-01-22 22:15:15,589] [MainProcess/MainThread/INFO] (shell_startup.py/update) Creating Sprites...Drawing Background Sprites
[2024-01-22 22:15:15,589] [MainProcess/MainThread/INFO] (shell_startup.py/update) Creating Windows Spites...Drawing Window Sprites
[2024-01-22 22:15:15,607] [MainProcess/MainThread/INFO] (shell_startup.py/update) Clearing background
[2024-01-22 22:15:15,607] [MainProcess/MainThread/INFO] (shell_startup.py/update) Creating Sprites...Drawing Background Sprites
[2024-01-22 22:15:15,607] [MainProcess/MainThread/INFO] (shell_startup.py/update) Creating Windows Spites...Drawing Window Sprites
[2024-01-22 22:15:15,626] [MainProcess/MainThread/INFO] (shell_startup.py/update) Clearing background
[2024-01-22 22:15:15,626] [MainProcess/MainThread/INFO] (shell_startup.py/update) Creating Sprites...Drawing Background Sprites
[2024-01-22 22:15:15,626] [MainProcess/MainThread/INFO] (shell_startup.py/update) Creating Windows Spites...Drawing Window Sprites
[2024-01-22 22:15:15,644] [MainProcess/MainThread/INFO] (shell_startup.py/update) Clearing background
[2024-01-22 22:15:15,644] [MainProcess/MainThread/INFO] (shell_startup.py/update) Creating Sprites...Drawing Background Sprites
[2024-01-22 22:15:15,644] [MainProcess/MainThread/INFO] (shell_startup.py/update) Creating Windows Spites...Drawing Window Sprites
[2024-01-22 22:15:15,662] [MainProcess/MainThread/INFO] (shell_startup.py/update) Clearing background
[2024-01-22 22:15:15,662] [MainProcess/MainThread/INFO] (shell_startup.py/update) Creating Sprites...Drawing Background Sprites
[2024-01-22 22:15:15,662] [MainProcess/MainThread/INFO] (shell_startup.py/update) Creating Windows Spites...Drawing Window Sprites
[2024-01-22 22:15:15,679] [MainProcess/MainThread/INFO] (shell_startup.py/update) Clearing background
[2024-01-22 22:15:15,681] [MainProcess/MainThread/INFO] (shell_startup.py/update) Creating Sprites...Drawing Background Sprites
[2024-01-22 22:15:15,681] [MainProcess/MainThread/INFO] (shell_startup.py/update) Creating Windows Spites...Drawing Window Sprites
[2024-01-22 22:15:15,699] [MainProcess/MainThread/INFO] (shell_startup.py/update) Clearing background
[2024-01-22 22:15:15,699] [MainProcess/MainThread/INFO] (shell_startup.py/update) Creating Sprites...Drawing Background Sprites
[2024-01-22 22:15:15,699] [MainProcess/MainThread/INFO] (shell_startup.py/update) Creating Windows Spites...Drawing Window Sprites
[2024-01-22 22:15:15,717] [MainProcess/MainThread/INFO] (shell_startup.py/update) Clearing background
[2024-01-22 22:15:15,717] [MainProcess/MainThread/INFO] (shell_startup.py/update) Creating Sprites...Drawing Background Sprites
[2024-01-22 22:15:15,717] [MainProcess/MainThread/INFO] (shell_startup.py/update) Creating Windows Spites...Drawing Window Sprites
[2024-01-22 22:15:15,735] [MainProcess/MainThread/INFO] (shell_startup.py/update) Clearing background
[2024-01-22 22:15:15,735] [MainProcess/MainThread/INFO] (shell_startup.py/update) Creating Sprites...Drawing Background Sprites
[2024-01-22 22:15:15,735] [MainProcess/MainThread/INFO] (shell_startup.py/update) Creating Windows Spites...Drawing Window Sprites
[2024-01-22 22:15:15,753] [MainProcess/MainThread/INFO] (shell_startup.py/update) Clearing background
[2024-01-22 22:15:15,753] [MainProcess/MainThread/INFO] (shell_startup.py/update) Creating Sprites...Drawing Background Sprites
[2024-01-22 22:15:15,753] [MainProcess/MainThread/INFO] (shell_startup.py/update) Creating Windows Spites...Drawing Window Sprites
[2024-01-22 22:15:15,771] [MainProcess/MainThread/INFO] (shell_startup.py/update) Clearing background
[2024-01-22 22:15:15,772] [MainProcess/MainThread/INFO] (shell_startup.py/update) Creating Sprites...Drawing Background Sprites
[2024-01-22 22:15:15,772] [MainProcess/MainThread/INFO] (shell_startup.py/update) Creating Windows Spites...Drawing Window Sprites
[2024-01-22 22:15:15,790] [MainProcess/MainThread/INFO] (shell_startup.py/update) Clearing background
[2024-01-22 22:15:15,790] [MainProcess/MainThread/INFO] (shell_startup.py/update) Creating Sprites...Drawing Background Sprites
[2024-01-22 22:15:15,790] [MainProcess/MainThread/INFO] (shell_startup.py/update) Creating Windows Spites...Drawing Window Sprites
[2024-01-22 22:15:15,808] [MainProcess/MainThread/INFO] (shell_startup.py/update) Clearing background
[2024-01-22 22:15:15,808] [MainProcess/MainThread/INFO] (shell_startup.py/update) Creating Sprites...Drawing Background Sprites
[2024-01-22 22:15:15,808] [MainProcess/MainThread/INFO] (shell_startup.py/update) Creating Windows Spites...Drawing Window Sprites
[2024-01-22 22:15:15,826] [MainProcess/MainThread/INFO] (shell_startup.py/update) Clearing background
[2024-01-22 22:15:15,826] [MainProcess/MainThread/INFO] (shell_startup.py/update) Creating Sprites...Drawing Background Sprites
[2024-01-22 22:15:15,826] [MainProcess/MainThread/INFO] (shell_startup.py/update) Creating Windows Spites...Drawing Window Sprites
[2024-01-22 22:15:15,844] [MainProcess/MainThread/INFO] (shell_startup.py/update) Clearing background
[2024-01-22 22:15:15,844] [MainProcess/MainThread/INFO] (shell_startup.py/update) Creating Sprites...Drawing Background Sprites
[2024-01-22 22:15:15,844] [MainProcess/MainThread/INFO] (shell_startup.py/update) Creating Windows Spites...Drawing Window Sprites
[2024-01-22 22:15:15,862] [MainProcess/MainThread/INFO] (shell_startup.py/update) Clearing background
[2024-01-22 22:15:15,863] [MainProcess/MainThread/INFO] (shell_startup.py/update) Creating Sprites...Drawing Background Sprites
[2024-01-22 22:15:15,863] [MainProcess/MainThread/INFO] (shell_startup.py/update) Creating Windows Spites...Drawing Window Sprites
[2024-01-22 22:15:15,881] [MainProcess/MainThread/INFO] (shell_startup.py/update) Clearing background
[2024-01-22 22:15:15,881] [MainProcess/MainThread/INFO] (shell_startup.py/update) Creating Sprites...Drawing Background Sprites
[2024-01-22 22:15:15,881] [MainProcess/MainThread/INFO] (shell_startup.py/update) Creating Windows Spites...Drawing Window Sprites
[2024-01-22 22:15:15,898] [MainProcess/MainThread/INFO] (shell_startup.py/update) Clearing background
[2024-01-22 22:15:15,898] [MainProcess/MainThread/INFO] (shell_startup.py/update) Creating Sprites...Drawing Background Sprites
[2024-01-22 22:15:15,898] [MainProcess/MainThread/INFO] (shell_startup.py/update) Creating Windows Spites...Drawing Window Sprites
[2024-01-22 22:15:15,917] [MainProcess/MainThread/INFO] (shell_startup.py/update) Clearing background
[2024-01-22 22:15:15,917] [MainProcess/MainThread/INFO] (shell_startup.py/update) Creating Sprites...Drawing Background Sprites
[2024-01-22 22:15:15,917] [MainProcess/MainThread/INFO] (shell_startup.py/update) Creating Windows Spites...Drawing Window Sprites
[2024-01-22 22:15:15,934] [MainProcess/MainThread/INFO] (shell_startup.py/update) Clearing background
[2024-01-22 22:15:15,935] [MainProcess/MainThread/INFO] (shell_startup.py/update) Creating Sprites...Drawing Background Sprites
[2024-01-22 22:15:15,935] [MainProcess/MainThread/INFO] (shell_startup.py/update) Creating Windows Spites...Drawing Window Sprites
[2024-01-22 22:15:15,953] [MainProcess/MainThread/INFO] (shell_startup.py/update) Clearing background
[2024-01-22 22:15:15,953] [MainProcess/MainThread/INFO] (shell_startup.py/update) Creating Sprites...Drawing Background Sprites
[2024-01-22 22:15:15,953] [MainProcess/MainThread/INFO] (shell_startup.py/update) Creating Windows Spites...Drawing Window Sprites
[2024-01-22 22:15:15,972] [MainProcess/MainThread/INFO] (shell_startup.py/update) Clearing background
[2024-01-22 22:15:15,972] [MainProcess/MainThread/INFO] (shell_startup.py/update) Creating Sprites...Drawing Background Sprites
[2024-01-22 22:15:15,972] [MainProcess/MainThread/INFO] (shell_startup.py/update) Creating Windows Spites...Drawing Window Sprites
[2024-01-22 22:15:15,990] [MainProcess/MainThread/INFO] (shell_startup.py/update) Clearing background
[2024-01-22 22:15:15,990] [MainProcess/MainThread/INFO] (shell_startup.py/update) Creating Sprites...Drawing Background Sprites
[2024-01-22 22:15:15,990] [MainProcess/MainThread/INFO] (shell_startup.py/update) Creating Windows Spites...Drawing Window Sprites
[2024-01-22 22:15:16,008] [MainProcess/MainThread/INFO] (shell_startup.py/update) Clearing background
[2024-01-22 22:15:16,008] [MainProcess/MainThread/INFO] (shell_startup.py/update) Creating Sprites...Drawing Background Sprites
[2024-01-22 22:15:16,008] [MainProcess/MainThread/INFO] (shell_startup.py/update) Creating Windows Spites...Drawing Window Sprites
[2024-01-22 22:15:16,026] [MainProcess/MainThread/INFO] (shell_startup.py/update) Clearing background
[2024-01-22 22:15:16,026] [MainProcess/MainThread/INFO] (shell_startup.py/update) Creating Sprites...Drawing Background Sprites
[2024-01-22 22:15:16,026] [MainProcess/MainThread/INFO] (shell_startup.py/update) Creating Windows Spites...Drawing Window Sprites
[2024-01-22 22:15:16,044] [MainProcess/MainThread/INFO] (shell_startup.py/update) Clearing background
[2024-01-22 22:15:16,044] [MainProcess/MainThread/INFO] (shell_startup.py/update) Creating Sprites...Drawing Background Sprites
[2024-01-22 22:15:16,044] [MainProcess/MainThread/INFO] (shell_startup.py/update) Creating Windows Spites...Drawing Window Sprites
[2024-01-22 22:15:16,062] [MainProcess/MainThread/INFO] (shell_startup.py/update) Clearing background
[2024-01-22 22:15:16,063] [MainProcess/MainThread/INFO] (shell_startup.py/update) Creating Sprites...Drawing Background Sprites
[2024-01-22 22:15:16,063] [MainProcess/MainThread/INFO] (shell_startup.py/update) Creating Windows Spites...Drawing Window Sprites
[2024-01-22 22:15:16,081] [MainProcess/MainThread/INFO] (shell_startup.py/update) Clearing background
[2024-01-22 22:15:16,081] [MainProcess/MainThread/INFO] (shell_startup.py/update) Creating Sprites...Drawing Background Sprites
[2024-01-22 22:15:16,081] [MainProcess/MainThread/INFO] (shell_startup.py/update) Creating Windows Spites...Drawing Window Sprites
[2024-01-22 22:15:16,099] [MainProcess/MainThread/INFO] (shell_startup.py/update) Clearing background
[2024-01-22 22:15:16,099] [MainProcess/MainThread/INFO] (shell_startup.py/update) Creating Sprites...Drawing Background Sprites
[2024-01-22 22:15:16,099] [MainProcess/MainThread/INFO] (shell_startup.py/update) Creating Windows Spites...Drawing Window Sprites
[2024-01-22 22:15:16,117] [MainProcess/MainThread/INFO] (shell_startup.py/update) Clearing background
[2024-01-22 22:15:16,117] [MainProcess/MainThread/INFO] (shell_startup.py/update) Creating Sprites...Drawing Background Sprites
[2024-01-22 22:15:16,117] [MainProcess/MainThread/INFO] (shell_startup.py/update) Creating Windows Spites...Drawing Window Sprites
[2024-01-22 22:15:16,135] [MainProcess/MainThread/INFO] (shell_startup.py/update) Clearing background
[2024-01-22 22:15:16,135] [MainProcess/MainThread/INFO] (shell_startup.py/update) Creating Sprites...Drawing Background Sprites
[2024-01-22 22:15:16,135] [MainProcess/MainThread/INFO] (shell_startup.py/update) Creating Windows Spites...Drawing Window Sprites
[2024-01-22 22:15:16,153] [MainProcess/MainThread/INFO] (shell_startup.py/update) Clearing background
[2024-01-22 22:15:16,154] [MainProcess/MainThread/INFO] (shell_startup.py/update) Creating Sprites...Drawing Background Sprites
[2024-01-22 22:15:16,154] [MainProcess/MainThread/INFO] (shell_startup.py/update) Creating Windows Spites...Drawing Window Sprites
[2024-01-22 22:15:16,171] [MainProcess/MainThread/INFO] (shell_startup.py/update) Clearing background
[2024-01-22 22:15:16,171] [MainProcess/MainThread/INFO] (shell_startup.py/update) Creating Sprites...Drawing Background Sprites
[2024-01-22 22:15:16,171] [MainProcess/MainThread/INFO] (shell_startup.py/update) Creating Windows Spites...Drawing Window Sprites
[2024-01-22 22:15:16,190] [MainProcess/MainThread/INFO] (shell_startup.py/update) Clearing background
[2024-01-22 22:15:16,190] [MainProcess/MainThread/INFO] (shell_startup.py/update) Creating Sprites...Drawing Background Sprites
[2024-01-22 22:15:16,190] [MainProcess/MainThread/INFO] (shell_startup.py/update) Creating Windows Spites...Drawing Window Sprites
[2024-01-22 22:15:16,207] [MainProcess/MainThread/INFO] (shell_startup.py/update) Clearing background
[2024-01-22 22:15:16,208] [MainProcess/MainThread/INFO] (shell_startup.py/update) Creating Sprites...Drawing Background Sprites
[2024-01-22 22:15:16,208] [MainProcess/MainThread/INFO] (shell_startup.py/update) Creating Windows Spites...Drawing Window Sprites
[2024-01-22 22:15:16,226] [MainProcess/MainThread/INFO] (shell_startup.py/update) Clearing background
[2024-01-22 22:15:16,226] [MainProcess/MainThread/INFO] (shell_startup.py/update) Creating Sprites...Drawing Background Sprites
[2024-01-22 22:15:16,226] [MainProcess/MainThread/INFO] (shell_startup.py/update) Creating Windows Spites...Drawing Window Sprites
[2024-01-22 22:15:16,244] [MainProcess/MainThread/INFO] (shell_startup.py/update) Clearing background
[2024-01-22 22:15:16,245] [MainProcess/MainThread/INFO] (shell_startup.py/update) Creating Sprites...Drawing Background Sprites
[2024-01-22 22:15:16,245] [MainProcess/MainThread/INFO] (shell_startup.py/update) Creating Windows Spites...Drawing Window Sprites
[2024-01-22 22:15:16,263] [MainProcess/MainThread/INFO] (shell_startup.py/update) Clearing background
[2024-01-22 22:15:16,263] [MainProcess/MainThread/INFO] (shell_startup.py/update) Creating Sprites...Drawing Background Sprites
[2024-01-22 22:15:16,263] [MainProcess/MainThread/INFO] (shell_startup.py/update) Creating Windows Spites...Drawing Window Sprites
[2024-01-22 22:15:16,281] [MainProcess/MainThread/INFO] (shell_startup.py/update) Clearing background
[2024-01-22 22:15:16,282] [MainProcess/MainThread/INFO] (shell_startup.py/update) Creating Sprites...Drawing Background Sprites
[2024-01-22 22:15:16,282] [MainProcess/MainThread/INFO] (shell_startup.py/update) Creating Windows Spites...Drawing Window Sprites
[2024-01-22 22:15:16,299] [MainProcess/MainThread/INFO] (shell_startup.py/update) Clearing background
[2024-01-22 22:15:16,299] [MainProcess/MainThread/INFO] (shell_startup.py/update) Creating Sprites...Drawing Background Sprites
[2024-01-22 22:15:16,299] [MainProcess/MainThread/INFO] (shell_startup.py/update) Creating Windows Spites...Drawing Window Sprites
[2024-01-22 22:15:16,317] [MainProcess/MainThread/INFO] (shell_startup.py/update) Clearing background
[2024-01-22 22:15:16,324] [MainProcess/MainThread/INFO] (shell_startup.py/update) Creating Sprites...Drawing Background Sprites
[2024-01-22 22:15:16,324] [MainProcess/MainThread/INFO] (shell_startup.py/update) Creating Windows Spites...Drawing Window Sprites
[2024-01-22 22:15:16,336] [MainProcess/MainThread/INFO] (shell_startup.py/update) Clearing background
[2024-01-22 22:15:16,336] [MainProcess/MainThread/INFO] (shell_startup.py/update) Creating Sprites...Drawing Background Sprites
[2024-01-22 22:15:16,336] [MainProcess/MainThread/INFO] (shell_startup.py/update) Creating Windows Spites...Drawing Window Sprites
[2024-01-22 22:15:16,354] [MainProcess/MainThread/INFO] (shell_startup.py/update) Clearing background
[2024-01-22 22:15:16,354] [MainProcess/MainThread/INFO] (shell_startup.py/update) Creating Sprites...Drawing Background Sprites
[2024-01-22 22:15:16,354] [MainProcess/MainThread/INFO] (shell_startup.py/update) Creating Windows Spites...Drawing Window Sprites
[2024-01-22 22:15:16,372] [MainProcess/MainThread/INFO] (shell_startup.py/update) Clearing background
[2024-01-22 22:15:16,372] [MainProcess/MainThread/INFO] (shell_startup.py/update) Creating Sprites...Drawing Background Sprites
[2024-01-22 22:15:16,372] [MainProcess/MainThread/INFO] (shell_startup.py/update) Creating Windows Spites...Drawing Window Sprites
[2024-01-22 22:15:16,391] [MainProcess/MainThread/INFO] (shell_startup.py/update) Clearing background
[2024-01-22 22:15:16,391] [MainProcess/MainThread/INFO] (shell_startup.py/update) Creating Sprites...Drawing Background Sprites
[2024-01-22 22:15:16,391] [MainProcess/MainThread/INFO] (shell_startup.py/update) Creating Windows Spites...Drawing Window Sprites
[2024-01-22 22:15:16,408] [MainProcess/MainThread/INFO] (shell_startup.py/update) Clearing background
[2024-01-22 22:15:16,408] [MainProcess/MainThread/INFO] (shell_startup.py/update) Creating Sprites...Drawing Background Sprites
[2024-01-22 22:15:16,408] [MainProcess/MainThread/INFO] (shell_startup.py/update) Creating Windows Spites...Drawing Window Sprites
[2024-01-22 22:15:16,428] [MainProcess/MainThread/INFO] (shell_startup.py/update) Clearing background
[2024-01-22 22:15:16,428] [MainProcess/MainThread/INFO] (shell_startup.py/update) Creating Sprites...Drawing Background Sprites
[2024-01-22 22:15:16,428] [MainProcess/MainThread/INFO] (shell_startup.py/update) Creating Windows Spites...Drawing Window Sprites
[2024-01-22 22:15:16,445] [MainProcess/MainThread/INFO] (shell_startup.py/update) Clearing background
[2024-01-22 22:15:16,445] [MainProcess/MainThread/INFO] (shell_startup.py/update) Creating Sprites...Drawing Background Sprites
[2024-01-22 22:15:16,445] [MainProcess/MainThread/INFO] (shell_startup.py/update) Creating Windows Spites...Drawing Window Sprites
[2024-01-22 22:15:16,463] [MainProcess/MainThread/INFO] (shell_startup.py/update) Clearing background
[2024-01-22 22:15:16,463] [MainProcess/MainThread/INFO] (shell_startup.py/update) Creating Sprites...Drawing Background Sprites
[2024-01-22 22:15:16,464] [MainProcess/MainThread/INFO] (shell_startup.py/update) Creating Windows Spites...Drawing Window Sprites
[2024-01-22 22:15:16,482] [MainProcess/MainThread/INFO] (shell_startup.py/update) Clearing background
[2024-01-22 22:15:16,482] [MainProcess/MainThread/INFO] (shell_startup.py/update) Creating Sprites...Drawing Background Sprites
[2024-01-22 22:15:16,482] [MainProcess/MainThread/INFO] (shell_startup.py/update) Creating Windows Spites...Drawing Window Sprites
[2024-01-22 22:15:16,499] [MainProcess/MainThread/INFO] (shell_startup.py/update) Clearing background
[2024-01-22 22:15:16,500] [MainProcess/MainThread/INFO] (shell_startup.py/update) Creating Sprites...Drawing Background Sprites
[2024-01-22 22:15:16,500] [MainProcess/MainThread/INFO] (shell_startup.py/update) Creating Windows Spites...Drawing Window Sprites
