[LOGS]
[2024-01-22 22:50:25,820] [MainProcess/MainThread/INFO] (shell_startup.py/update) Clearing background
[2024-01-22 22:50:25,821] [MainProcess/MainThread/INFO] (shell_startup.py/update) Creating Sprites...Drawing Background Sprites
[2024-01-22 22:50:25,821] [MainProcess/MainThread/INFO] (shell_startup.py/update) Creating Windows Spites...Drawing Window Sprites
[2024-01-22 22:50:25,838] [MainProcess/MainThread/INFO] (shell_startup.py/update) Clearing background
[2024-01-22 22:50:25,839] [MainProcess/MainThread/INFO] (shell_startup.py/update) Creating Sprites...Drawing Background Sprites
[2024-01-22 22:50:25,847] [MainProcess/MainThread/INFO] (shell_startup.py/update) Creating Windows Spites...Drawing Window Sprites
[2024-01-22 22:50:25,857] [MainProcess/MainThread/INFO] (shell_startup.py/update) Clearing background
[2024-01-22 22:50:25,857] [MainProcess/MainThread/INFO] (shell_startup.py/update) Creating Sprites...Drawing Background Sprites
[2024-01-22 22:50:25,857] [MainProcess/MainThread/INFO] (shell_startup.py/update) Creating Windows Spites...Drawing Window Sprites
[2024-01-22 22:50:25,875] [MainProcess/MainThread/INFO] (shell_startup.py/update) Clearing background
[2024-01-22 22:50:25,875] [MainProcess/MainThread/INFO] (shell_startup.py/update) Creating Sprites...Drawing Background Sprites
[2024-01-22 22:50:25,875] [MainProcess/MainThread/INFO] (shell_startup.py/update) Creating Windows Spites...Drawing Window Sprites
[2024-01-22 22:50:25,893] [MainProcess/MainThread/INFO] (shell_startup.py/update) Clearing background
[2024-01-22 22:50:25,893] [MainProcess/MainThread/INFO] (shell_startup.py/update) Creating Sprites...Drawing Background Sprites
[2024-01-22 22:50:25,893] [MainProcess/MainThread/INFO] (shell_startup.py/update) Creating Windows Spites...Drawing Window Sprites
[2024-01-22 22:50:25,911] [MainProcess/MainThread/INFO] (shell_startup.py/update) Clearing background
[2024-01-22 22:50:25,911] [MainProcess/MainThread/INFO] (shell_startup.py/update) Creating Sprites...Drawing Background Sprites
[2024-01-22 22:50:25,911] [MainProcess/MainThread/INFO] (shell_startup.py/update) Creating Windows Spites...Drawing Window Sprites
[2024-01-22 22:50:25,928] [MainProcess/MainThread/INFO] (shell_startup.py/update) Clearing background
[2024-01-22 22:50:25,930] [MainProcess/MainThread/INFO] (shell_startup.py/update) Creating Sprites...Drawing Background Sprites
[2024-01-22 22:50:25,930] [MainProcess/MainThread/INFO] (shell_startup.py/update) Creating Windows Spites...Drawing Window Sprites
[2024-01-22 22:50:25,947] [MainProcess/MainThread/INFO] (shell_startup.py/update) Clearing background
[2024-01-22 22:50:25,948] [MainProcess/MainThread/INFO] (shell_startup.py/update) Creating Sprites...Drawing Background Sprites
[2024-01-22 22:50:25,948] [MainProcess/MainThread/INFO] (shell_startup.py/update) Creating Windows Spites...Drawing Window Sprites
[2024-01-22 22:50:25,965] [MainProcess/MainThread/INFO] (shell_startup.py/update) Clearing background
[2024-01-22 22:50:25,966] [MainProcess/MainThread/INFO] (shell_startup.py/update) Creating Sprites...Drawing Background Sprites
[2024-01-22 22:50:25,966] [MainProcess/MainThread/INFO] (shell_startup.py/update) Creating Windows Spites...Drawing Window Sprites
[2024-01-22 22:50:25,984] [MainProcess/MainThread/INFO] (shell_startup.py/update) Clearing background
[2024-01-22 22:50:25,984] [MainProcess/MainThread/INFO] (shell_startup.py/update) Creating Sprites...Drawing Background Sprites
[2024-01-22 22:50:25,984] [MainProcess/MainThread/INFO] (shell_startup.py/update) Creating Windows Spites...Drawing Window Sprites
[2024-01-22 22:50:26,002] [MainProcess/MainThread/INFO] (shell_startup.py/update) Clearing background
[2024-01-22 22:50:26,002] [MainProcess/MainThread/INFO] (shell_startup.py/update) Creating Sprites...Drawing Background Sprites
[2024-01-22 22:50:26,002] [MainProcess/MainThread/INFO] (shell_startup.py/update) Creating Windows Spites...Drawing Window Sprites
[2024-01-22 22:50:26,020] [MainProcess/MainThread/INFO] (shell_startup.py/update) Clearing background
[2024-01-22 22:50:26,021] [MainProcess/MainThread/INFO] (shell_startup.py/update) Creating Sprites...Drawing Background Sprites
[2024-01-22 22:50:26,021] [MainProcess/MainThread/INFO] (shell_startup.py/update) Creating Windows Spites...Drawing Window Sprites
[2024-01-22 22:50:26,038] [MainProcess/MainThread/INFO] (shell_startup.py/update) Clearing background
[2024-01-22 22:50:26,038] [MainProcess/MainThread/INFO] (shell_startup.py/update) Creating Sprites...Drawing Background Sprites
[2024-01-22 22:50:26,038] [MainProcess/MainThread/INFO] (shell_startup.py/update) Creating Windows Spites...Drawing Window Sprites
[2024-01-22 22:50:26,056] [MainProcess/MainThread/INFO] (shell_startup.py/update) Clearing background
[2024-01-22 22:50:26,056] [MainProcess/MainThread/INFO] (shell_startup.py/update) Creating Sprites...Drawing Background Sprites
[2024-01-22 22:50:26,056] [MainProcess/MainThread/INFO] (shell_startup.py/update) Creating Windows Spites...Drawing Window Sprites
[2024-01-22 22:50:26,075] [MainProcess/MainThread/INFO] (shell_startup.py/update) Clearing background
[2024-01-22 22:50:26,075] [MainProcess/MainThread/INFO] (shell_startup.py/update) Creating Sprites...Drawing Background Sprites
[2024-01-22 22:50:26,075] [MainProcess/MainThread/INFO] (shell_startup.py/update) Creating Windows Spites...Drawing Window Sprites
[2024-01-22 22:50:26,094] [MainProcess/MainThread/INFO] (shell_startup.py/update) Clearing background
[2024-01-22 22:50:26,094] [MainProcess/MainThread/INFO] (shell_startup.py/update) Creating Sprites...Drawing Background Sprites
[2024-01-22 22:50:26,094] [MainProcess/MainThread/INFO] (shell_startup.py/update) Creating Windows Spites...Drawing Window Sprites
[2024-01-22 22:50:26,111] [MainProcess/MainThread/INFO] (shell_startup.py/update) Clearing background
[2024-01-22 22:50:26,112] [MainProcess/MainThread/INFO] (shell_startup.py/update) Creating Sprites...Drawing Background Sprites
[2024-01-22 22:50:26,112] [MainProcess/MainThread/INFO] (shell_startup.py/update) Creating Windows Spites...Drawing Window Sprites
[2024-01-22 22:50:26,130] [MainProcess/MainThread/INFO] (shell_startup.py/update) Clearing background
[2024-01-22 22:50:26,130] [MainProcess/MainThread/INFO] (shell_startup.py/update) Creating Sprites...Drawing Background Sprites
[2024-01-22 22:50:26,130] [MainProcess/MainThread/INFO] (shell_startup.py/update) Creating Windows Spites...Drawing Window Sprites
[2024-01-22 22:50:26,147] [MainProcess/MainThread/INFO] (shell_startup.py/update) Clearing background
[2024-01-22 22:50:26,148] [MainProcess/MainThread/INFO] (shell_startup.py/update) Creating Sprites...Drawing Background Sprites
[2024-01-22 22:50:26,148] [MainProcess/MainThread/INFO] (shell_startup.py/update) Creating Windows Spites...Drawing Window Sprites
[2024-01-22 22:50:26,165] [MainProcess/MainThread/INFO] (shell_startup.py/update) Clearing background
[2024-01-22 22:50:26,165] [MainProcess/MainThread/INFO] (shell_startup.py/update) Creating Sprites...Drawing Background Sprites
[2024-01-22 22:50:26,165] [MainProcess/MainThread/INFO] (shell_startup.py/update) Creating Windows Spites...Drawing Window Sprites
[2024-01-22 22:50:26,184] [MainProcess/MainThread/INFO] (shell_startup.py/update) Clearing background
[2024-01-22 22:50:26,184] [MainProcess/MainThread/INFO] (shell_startup.py/update) Creating Sprites...Drawing Background Sprites
[2024-01-22 22:50:26,184] [MainProcess/MainThread/INFO] (shell_startup.py/update) Creating Windows Spites...Drawing Window Sprites
[2024-01-22 22:50:26,201] [MainProcess/MainThread/INFO] (shell_startup.py/update) Clearing background
[2024-01-22 22:50:26,202] [MainProcess/MainThread/INFO] (shell_startup.py/update) Creating Sprites...Drawing Background Sprites
[2024-01-22 22:50:26,202] [MainProcess/MainThread/INFO] (shell_startup.py/update) Creating Windows Spites...Drawing Window Sprites
[2024-01-22 22:50:26,220] [MainProcess/MainThread/INFO] (shell_startup.py/update) Clearing background
[2024-01-22 22:50:26,220] [MainProcess/MainThread/INFO] (shell_startup.py/update) Creating Sprites...Drawing Background Sprites
[2024-01-22 22:50:26,220] [MainProcess/MainThread/INFO] (shell_startup.py/update) Creating Windows Spites...Drawing Window Sprites
[2024-01-22 22:50:26,238] [MainProcess/MainThread/INFO] (shell_startup.py/update) Clearing background
[2024-01-22 22:50:26,238] [MainProcess/MainThread/INFO] (shell_startup.py/update) Creating Sprites...Drawing Background Sprites
[2024-01-22 22:50:26,238] [MainProcess/MainThread/INFO] (shell_startup.py/update) Creating Windows Spites...Drawing Window Sprites
[2024-01-22 22:50:26,256] [MainProcess/MainThread/INFO] (shell_startup.py/update) Clearing background
[2024-01-22 22:50:26,256] [MainProcess/MainThread/INFO] (shell_startup.py/update) Creating Sprites...Drawing Background Sprites
[2024-01-22 22:50:26,256] [MainProcess/MainThread/INFO] (shell_startup.py/update) Creating Windows Spites...Drawing Window Sprites
[2024-01-22 22:50:26,275] [MainProcess/MainThread/INFO] (shell_startup.py/update) Clearing background
[2024-01-22 22:50:26,275] [MainProcess/MainThread/INFO] (shell_startup.py/update) Creating Sprites...Drawing Background Sprites
[2024-01-22 22:50:26,275] [MainProcess/MainThread/INFO] (shell_startup.py/update) Creating Windows Spites...Drawing Window Sprites
[2024-01-22 22:50:26,293] [MainProcess/MainThread/INFO] (shell_startup.py/update) Clearing background
[2024-01-22 22:50:26,293] [MainProcess/MainThread/INFO] (shell_startup.py/update) Creating Sprites...Drawing Background Sprites
[2024-01-22 22:50:26,293] [MainProcess/MainThread/INFO] (shell_startup.py/update) Creating Windows Spites...Drawing Window Sprites
[2024-01-22 22:50:26,311] [MainProcess/MainThread/INFO] (shell_startup.py/update) Clearing background
[2024-01-22 22:50:26,311] [MainProcess/MainThread/INFO] (shell_startup.py/update) Creating Sprites...Drawing Background Sprites
[2024-01-22 22:50:26,311] [MainProcess/MainThread/INFO] (shell_startup.py/update) Creating Windows Spites...Drawing Window Sprites
[2024-01-22 22:50:26,328] [MainProcess/MainThread/INFO] (shell_startup.py/update) Clearing background
[2024-01-22 22:50:26,328] [MainProcess/MainThread/INFO] (shell_startup.py/update) Creating Sprites...Drawing Background Sprites
[2024-01-22 22:50:26,328] [MainProcess/MainThread/INFO] (shell_startup.py/update) Creating Windows Spites...Drawing Window Sprites
[2024-01-22 22:50:26,347] [MainProcess/MainThread/INFO] (shell_startup.py/update) Clearing background
[2024-01-22 22:50:26,347] [MainProcess/MainThread/INFO] (shell_startup.py/update) Creating Sprites...Drawing Background Sprites
[2024-01-22 22:50:26,347] [MainProcess/MainThread/INFO] (shell_startup.py/update) Creating Windows Spites...Drawing Window Sprites
[2024-01-22 22:50:26,365] [MainProcess/MainThread/INFO] (shell_startup.py/update) Clearing background
[2024-01-22 22:50:26,365] [MainProcess/MainThread/INFO] (shell_startup.py/update) Creating Sprites...Drawing Background Sprites
[2024-01-22 22:50:26,365] [MainProcess/MainThread/INFO] (shell_startup.py/update) Creating Windows Spites...Drawing Window Sprites
[2024-01-22 22:50:26,383] [MainProcess/MainThread/INFO] (shell_startup.py/update) Clearing background
[2024-01-22 22:50:26,383] [MainProcess/MainThread/INFO] (shell_startup.py/update) Creating Sprites...Drawing Background Sprites
[2024-01-22 22:50:26,384] [MainProcess/MainThread/INFO] (shell_startup.py/update) Creating Windows Spites...Drawing Window Sprites
[2024-01-22 22:50:26,402] [MainProcess/MainThread/INFO] (shell_startup.py/update) Clearing background
[2024-01-22 22:50:26,402] [MainProcess/MainThread/INFO] (shell_startup.py/update) Creating Sprites...Drawing Background Sprites
[2024-01-22 22:50:26,402] [MainProcess/MainThread/INFO] (shell_startup.py/update) Creating Windows Spites...Drawing Window Sprites
[2024-01-22 22:50:26,420] [MainProcess/MainThread/INFO] (shell_startup.py/update) Clearing background
[2024-01-22 22:50:26,420] [MainProcess/MainThread/INFO] (shell_startup.py/update) Creating Sprites...Drawing Background Sprites
[2024-01-22 22:50:26,420] [MainProcess/MainThread/INFO] (shell_startup.py/update) Creating Windows Spites...Drawing Window Sprites
[2024-01-22 22:50:26,438] [MainProcess/MainThread/INFO] (shell_startup.py/update) Clearing background
[2024-01-22 22:50:26,438] [MainProcess/MainThread/INFO] (shell_startup.py/update) Creating Sprites...Drawing Background Sprites
[2024-01-22 22:50:26,438] [MainProcess/MainThread/INFO] (shell_startup.py/update) Creating Windows Spites...Drawing Window Sprites
[2024-01-22 22:50:26,457] [MainProcess/MainThread/INFO] (shell_startup.py/update) Clearing background
[2024-01-22 22:50:26,457] [MainProcess/MainThread/INFO] (shell_startup.py/update) Creating Sprites...Drawing Background Sprites
[2024-01-22 22:50:26,457] [MainProcess/MainThread/INFO] (shell_startup.py/update) Creating Windows Spites...Drawing Window Sprites
[2024-01-22 22:50:26,475] [MainProcess/MainThread/INFO] (shell_startup.py/update) Clearing background
[2024-01-22 22:50:26,475] [MainProcess/MainThread/INFO] (shell_startup.py/update) Creating Sprites...Drawing Background Sprites
[2024-01-22 22:50:26,475] [MainProcess/MainThread/INFO] (shell_startup.py/update) Creating Windows Spites...Drawing Window Sprites
[2024-01-22 22:50:26,493] [MainProcess/MainThread/INFO] (shell_startup.py/update) Clearing background
[2024-01-22 22:50:26,493] [MainProcess/MainThread/INFO] (shell_startup.py/update) Creating Sprites...Drawing Background Sprites
[2024-01-22 22:50:26,493] [MainProcess/MainThread/INFO] (shell_startup.py/update) Creating Windows Spites...Drawing Window Sprites
[2024-01-22 22:50:26,511] [MainProcess/MainThread/INFO] (shell_startup.py/update) Clearing background
[2024-01-22 22:50:26,511] [MainProcess/MainThread/INFO] (shell_startup.py/update) Creating Sprites...Drawing Background Sprites
[2024-01-22 22:50:26,511] [MainProcess/MainThread/INFO] (shell_startup.py/update) Creating Windows Spites...Drawing Window Sprites
[2024-01-22 22:50:26,529] [MainProcess/MainThread/INFO] (shell_startup.py/update) Clearing background
[2024-01-22 22:50:26,529] [MainProcess/MainThread/INFO] (shell_startup.py/update) Creating Sprites...Drawing Background Sprites
[2024-01-22 22:50:26,529] [MainProcess/MainThread/INFO] (shell_startup.py/update) Creating Windows Spites...Drawing Window Sprites
[2024-01-22 22:50:26,547] [MainProcess/MainThread/INFO] (shell_startup.py/update) Clearing background
[2024-01-22 22:50:26,548] [MainProcess/MainThread/INFO] (shell_startup.py/update) Creating Sprites...Drawing Background Sprites
[2024-01-22 22:50:26,548] [MainProcess/MainThread/INFO] (shell_startup.py/update) Creating Windows Spites...Drawing Window Sprites
[2024-01-22 22:50:26,566] [MainProcess/MainThread/INFO] (shell_startup.py/update) Clearing background
[2024-01-22 22:50:26,566] [MainProcess/MainThread/INFO] (shell_startup.py/update) Creating Sprites...Drawing Background Sprites
[2024-01-22 22:50:26,566] [MainProcess/MainThread/INFO] (shell_startup.py/update) Creating Windows Spites...Drawing Window Sprites
[2024-01-22 22:50:26,584] [MainProcess/MainThread/INFO] (shell_startup.py/update) Clearing background
[2024-01-22 22:50:26,584] [MainProcess/MainThread/INFO] (shell_startup.py/update) Creating Sprites...Drawing Background Sprites
[2024-01-22 22:50:26,584] [MainProcess/MainThread/INFO] (shell_startup.py/update) Creating Windows Spites...Drawing Window Sprites
[2024-01-22 22:50:26,602] [MainProcess/MainThread/INFO] (shell_startup.py/update) Clearing background
[2024-01-22 22:50:26,602] [MainProcess/MainThread/INFO] (shell_startup.py/update) Creating Sprites...Drawing Background Sprites
[2024-01-22 22:50:26,602] [MainProcess/MainThread/INFO] (shell_startup.py/update) Creating Windows Spites...Drawing Window Sprites
[2024-01-22 22:50:26,621] [MainProcess/MainThread/INFO] (shell_startup.py/update) Clearing background
[2024-01-22 22:50:26,621] [MainProcess/MainThread/INFO] (shell_startup.py/update) Creating Sprites...Drawing Background Sprites
[2024-01-22 22:50:26,621] [MainProcess/MainThread/INFO] (shell_startup.py/update) Creating Windows Spites...Drawing Window Sprites
[2024-01-22 22:50:26,639] [MainProcess/MainThread/INFO] (shell_startup.py/update) Clearing background
[2024-01-22 22:50:26,639] [MainProcess/MainThread/INFO] (shell_startup.py/update) Creating Sprites...Drawing Background Sprites
[2024-01-22 22:50:26,639] [MainProcess/MainThread/INFO] (shell_startup.py/update) Creating Windows Spites...Drawing Window Sprites
[2024-01-22 22:50:26,657] [MainProcess/MainThread/INFO] (shell_startup.py/update) Clearing background
[2024-01-22 22:50:26,657] [MainProcess/MainThread/INFO] (shell_startup.py/update) Creating Sprites...Drawing Background Sprites
[2024-01-22 22:50:26,657] [MainProcess/MainThread/INFO] (shell_startup.py/update) Creating Windows Spites...Drawing Window Sprites
[2024-01-22 22:50:26,675] [MainProcess/MainThread/INFO] (shell_startup.py/update) Clearing background
[2024-01-22 22:50:26,675] [MainProcess/MainThread/INFO] (shell_startup.py/update) Creating Sprites...Drawing Background Sprites
[2024-01-22 22:50:26,675] [MainProcess/MainThread/INFO] (shell_startup.py/update) Creating Windows Spites...Drawing Window Sprites
[2024-01-22 22:50:26,693] [MainProcess/MainThread/INFO] (shell_startup.py/update) Clearing background
[2024-01-22 22:50:26,693] [MainProcess/MainThread/INFO] (shell_startup.py/update) Creating Sprites...Drawing Background Sprites
[2024-01-22 22:50:26,693] [MainProcess/MainThread/INFO] (shell_startup.py/update) Creating Windows Spites...Drawing Window Sprites
[2024-01-22 22:50:26,711] [MainProcess/MainThread/INFO] (shell_startup.py/update) Clearing background
[2024-01-22 22:50:26,711] [MainProcess/MainThread/INFO] (shell_startup.py/update) Creating Sprites...Drawing Background Sprites
[2024-01-22 22:50:26,711] [MainProcess/MainThread/INFO] (shell_startup.py/update) Creating Windows Spites...Drawing Window Sprites
[2024-01-22 22:50:26,729] [MainProcess/MainThread/INFO] (shell_startup.py/update) Clearing background
[2024-01-22 22:50:26,729] [MainProcess/MainThread/INFO] (shell_startup.py/update) Creating Sprites...Drawing Background Sprites
[2024-01-22 22:50:26,729] [MainProcess/MainThread/INFO] (shell_startup.py/update) Creating Windows Spites...Drawing Window Sprites
[2024-01-22 22:50:26,748] [MainProcess/MainThread/INFO] (shell_startup.py/update) Clearing background
[2024-01-22 22:50:26,749] [MainProcess/MainThread/INFO] (shell_startup.py/update) Creating Sprites...Drawing Background Sprites
[2024-01-22 22:50:26,749] [MainProcess/MainThread/INFO] (shell_startup.py/update) Creating Windows Spites...Drawing Window Sprites
[2024-01-22 22:50:26,766] [MainProcess/MainThread/INFO] (shell_startup.py/update) Clearing background
[2024-01-22 22:50:26,766] [MainProcess/MainThread/INFO] (shell_startup.py/update) Creating Sprites...Drawing Background Sprites
[2024-01-22 22:50:26,766] [MainProcess/MainThread/INFO] (shell_startup.py/update) Creating Windows Spites...Drawing Window Sprites
[2024-01-22 22:50:26,784] [MainProcess/MainThread/INFO] (shell_startup.py/update) Clearing background
[2024-01-22 22:50:26,784] [MainProcess/MainThread/INFO] (shell_startup.py/update) Creating Sprites...Drawing Background Sprites
[2024-01-22 22:50:26,784] [MainProcess/MainThread/INFO] (shell_startup.py/update) Creating Windows Spites...Drawing Window Sprites
[2024-01-22 22:50:26,802] [MainProcess/MainThread/INFO] (shell_startup.py/update) Clearing background
[2024-01-22 22:50:26,802] [MainProcess/MainThread/INFO] (shell_startup.py/update) Creating Sprites...Drawing Background Sprites
[2024-01-22 22:50:26,802] [MainProcess/MainThread/INFO] (shell_startup.py/update) Creating Windows Spites...Drawing Window Sprites
[2024-01-22 22:50:26,820] [MainProcess/MainThread/INFO] (shell_startup.py/update) Clearing background
[2024-01-22 22:50:26,820] [MainProcess/MainThread/INFO] (shell_startup.py/update) Creating Sprites...Drawing Background Sprites
[2024-01-22 22:50:26,820] [MainProcess/MainThread/INFO] (shell_startup.py/update) Creating Windows Spites...Drawing Window Sprites
[2024-01-22 22:50:26,839] [MainProcess/MainThread/INFO] (shell_startup.py/update) Clearing background
[2024-01-22 22:50:26,839] [MainProcess/MainThread/INFO] (shell_startup.py/update) Creating Sprites...Drawing Background Sprites
[2024-01-22 22:50:26,839] [MainProcess/MainThread/INFO] (shell_startup.py/update) Creating Windows Spites...Drawing Window Sprites
[2024-01-22 22:50:26,857] [MainProcess/MainThread/INFO] (shell_startup.py/update) Clearing background
[2024-01-22 22:50:26,857] [MainProcess/MainThread/INFO] (shell_startup.py/update) Creating Sprites...Drawing Background Sprites
[2024-01-22 22:50:26,857] [MainProcess/MainThread/INFO] (shell_startup.py/update) Creating Windows Spites...Drawing Window Sprites
[2024-01-22 22:50:26,875] [MainProcess/MainThread/INFO] (shell_startup.py/update) Clearing background
[2024-01-22 22:50:26,875] [MainProcess/MainThread/INFO] (shell_startup.py/update) Creating Sprites...Drawing Background Sprites
[2024-01-22 22:50:26,875] [MainProcess/MainThread/INFO] (shell_startup.py/update) Creating Windows Spites...Drawing Window Sprites
[2024-01-22 22:50:26,893] [MainProcess/MainThread/INFO] (shell_startup.py/update) Clearing background
[2024-01-22 22:50:26,893] [MainProcess/MainThread/INFO] (shell_startup.py/update) Creating Sprites...Drawing Background Sprites
[2024-01-22 22:50:26,893] [MainProcess/MainThread/INFO] (shell_startup.py/update) Creating Windows Spites...Drawing Window Sprites
[2024-01-22 22:50:26,912] [MainProcess/MainThread/INFO] (shell_startup.py/update) Clearing background
[2024-01-22 22:50:26,912] [MainProcess/MainThread/INFO] (shell_startup.py/update) Creating Sprites...Drawing Background Sprites
[2024-01-22 22:50:26,912] [MainProcess/MainThread/INFO] (shell_startup.py/update) Creating Windows Spites...Drawing Window Sprites
[2024-01-22 22:50:26,929] [MainProcess/MainThread/INFO] (shell_startup.py/update) Clearing background
[2024-01-22 22:50:26,931] [MainProcess/MainThread/INFO] (shell_startup.py/update) Creating Sprites...Drawing Background Sprites
[2024-01-22 22:50:26,931] [MainProcess/MainThread/INFO] (shell_startup.py/update) Creating Windows Spites...Drawing Window Sprites
[2024-01-22 22:50:26,949] [MainProcess/MainThread/INFO] (shell_startup.py/update) Clearing background
[2024-01-22 22:50:26,949] [MainProcess/MainThread/INFO] (shell_startup.py/update) Creating Sprites...Drawing Background Sprites
[2024-01-22 22:50:26,949] [MainProcess/MainThread/INFO] (shell_startup.py/update) Creating Windows Spites...Drawing Window Sprites
[2024-01-22 22:50:26,967] [MainProcess/MainThread/INFO] (shell_startup.py/update) Clearing background
[2024-01-22 22:50:26,967] [MainProcess/MainThread/INFO] (shell_startup.py/update) Creating Sprites...Drawing Background Sprites
[2024-01-22 22:50:26,967] [MainProcess/MainThread/INFO] (shell_startup.py/update) Creating Windows Spites...Drawing Window Sprites
[2024-01-22 22:50:26,984] [MainProcess/MainThread/INFO] (shell_startup.py/update) Clearing background
[2024-01-22 22:50:26,985] [MainProcess/MainThread/INFO] (shell_startup.py/update) Creating Sprites...Drawing Background Sprites
[2024-01-22 22:50:26,985] [MainProcess/MainThread/INFO] (shell_startup.py/update) Creating Windows Spites...Drawing Window Sprites
[2024-01-22 22:50:27,002] [MainProcess/MainThread/INFO] (shell_startup.py/update) Clearing background
[2024-01-22 22:50:27,003] [MainProcess/MainThread/INFO] (shell_startup.py/update) Creating Sprites...Drawing Background Sprites
[2024-01-22 22:50:27,003] [MainProcess/MainThread/INFO] (shell_startup.py/update) Creating Windows Spites...Drawing Window Sprites
[2024-01-22 22:50:27,021] [MainProcess/MainThread/INFO] (shell_startup.py/update) Clearing background
[2024-01-22 22:50:27,021] [MainProcess/MainThread/INFO] (shell_startup.py/update) Creating Sprites...Drawing Background Sprites
[2024-01-22 22:50:27,021] [MainProcess/MainThread/INFO] (shell_startup.py/update) Creating Windows Spites...Drawing Window Sprites
[2024-01-22 22:50:27,039] [MainProcess/MainThread/INFO] (shell_startup.py/update) Clearing background
[2024-01-22 22:50:27,039] [MainProcess/MainThread/INFO] (shell_startup.py/update) Creating Sprites...Drawing Background Sprites
[2024-01-22 22:50:27,039] [MainProcess/MainThread/INFO] (shell_startup.py/update) Creating Windows Spites...Drawing Window Sprites
[2024-01-22 22:50:27,057] [MainProcess/MainThread/INFO] (shell_startup.py/update) Clearing background
[2024-01-22 22:50:27,058] [MainProcess/MainThread/INFO] (shell_startup.py/update) Creating Sprites...Drawing Background Sprites
[2024-01-22 22:50:27,058] [MainProcess/MainThread/INFO] (shell_startup.py/update) Creating Windows Spites...Drawing Window Sprites
[2024-01-22 22:50:27,076] [MainProcess/MainThread/INFO] (shell_startup.py/update) Clearing background
[2024-01-22 22:50:27,076] [MainProcess/MainThread/INFO] (shell_startup.py/update) Creating Sprites...Drawing Background Sprites
[2024-01-22 22:50:27,076] [MainProcess/MainThread/INFO] (shell_startup.py/update) Creating Windows Spites...Drawing Window Sprites
[2024-01-22 22:50:27,093] [MainProcess/MainThread/INFO] (shell_startup.py/update) Clearing background
[2024-01-22 22:50:27,093] [MainProcess/MainThread/INFO] (shell_startup.py/update) Creating Sprites...Drawing Background Sprites
[2024-01-22 22:50:27,094] [MainProcess/MainThread/INFO] (shell_startup.py/update) Creating Windows Spites...Drawing Window Sprites
[2024-01-22 22:50:27,112] [MainProcess/MainThread/INFO] (shell_startup.py/update) Clearing background
[2024-01-22 22:50:27,113] [MainProcess/MainThread/INFO] (shell_startup.py/update) Creating Sprites...Drawing Background Sprites
[2024-01-22 22:50:27,113] [MainProcess/MainThread/INFO] (shell_startup.py/update) Creating Windows Spites...Drawing Window Sprites
[2024-01-22 22:50:27,130] [MainProcess/MainThread/INFO] (shell_startup.py/update) Clearing background
[2024-01-22 22:50:27,130] [MainProcess/MainThread/INFO] (shell_startup.py/update) Creating Sprites...Drawing Background Sprites
[2024-01-22 22:50:27,130] [MainProcess/MainThread/INFO] (shell_startup.py/update) Creating Windows Spites...Drawing Window Sprites
[2024-01-22 22:50:27,148] [MainProcess/MainThread/INFO] (shell_startup.py/update) Clearing background
[2024-01-22 22:50:27,148] [MainProcess/MainThread/INFO] (shell_startup.py/update) Creating Sprites...Drawing Background Sprites
[2024-01-22 22:50:27,148] [MainProcess/MainThread/INFO] (shell_startup.py/update) Creating Windows Spites...Drawing Window Sprites
[2024-01-22 22:50:27,167] [MainProcess/MainThread/INFO] (shell_startup.py/update) Clearing background
[2024-01-22 22:50:27,167] [MainProcess/MainThread/INFO] (shell_startup.py/update) Creating Sprites...Drawing Background Sprites
[2024-01-22 22:50:27,167] [MainProcess/MainThread/INFO] (shell_startup.py/update) Creating Windows Spites...Drawing Window Sprites
[2024-01-22 22:50:27,185] [MainProcess/MainThread/INFO] (shell_startup.py/update) Clearing background
[2024-01-22 22:50:27,185] [MainProcess/MainThread/INFO] (shell_startup.py/update) Creating Sprites...Drawing Background Sprites
[2024-01-22 22:50:27,186] [MainProcess/MainThread/INFO] (shell_startup.py/update) Creating Windows Spites...Drawing Window Sprites
[2024-01-22 22:50:27,203] [MainProcess/MainThread/INFO] (shell_startup.py/update) Clearing background
[2024-01-22 22:50:27,203] [MainProcess/MainThread/INFO] (shell_startup.py/update) Creating Sprites...Drawing Background Sprites
[2024-01-22 22:50:27,203] [MainProcess/MainThread/INFO] (shell_startup.py/update) Creating Windows Spites...Drawing Window Sprites
[2024-01-22 22:50:27,221] [MainProcess/MainThread/INFO] (shell_startup.py/update) Clearing background
[2024-01-22 22:50:27,221] [MainProcess/MainThread/INFO] (shell_startup.py/update) Creating Sprites...Drawing Background Sprites
[2024-01-22 22:50:27,221] [MainProcess/MainThread/INFO] (shell_startup.py/update) Creating Windows Spites...Drawing Window Sprites
[2024-01-22 22:50:27,239] [MainProcess/MainThread/INFO] (shell_startup.py/update) Clearing background
[2024-01-22 22:50:27,239] [MainProcess/MainThread/INFO] (shell_startup.py/update) Creating Sprites...Drawing Background Sprites
[2024-01-22 22:50:27,239] [MainProcess/MainThread/INFO] (shell_startup.py/update) Creating Windows Spites...Drawing Window Sprites
[2024-01-22 22:50:27,257] [MainProcess/MainThread/INFO] (shell_startup.py/update) Clearing background
[2024-01-22 22:50:27,257] [MainProcess/MainThread/INFO] (shell_startup.py/update) Creating Sprites...Drawing Background Sprites
[2024-01-22 22:50:27,257] [MainProcess/MainThread/INFO] (shell_startup.py/update) Creating Windows Spites...Drawing Window Sprites
[2024-01-22 22:50:27,276] [MainProcess/MainThread/INFO] (shell_startup.py/update) Clearing background
[2024-01-22 22:50:27,276] [MainProcess/MainThread/INFO] (shell_startup.py/update) Creating Sprites...Drawing Background Sprites
[2024-01-22 22:50:27,276] [MainProcess/MainThread/INFO] (shell_startup.py/update) Creating Windows Spites...Drawing Window Sprites
[2024-01-22 22:50:27,293] [MainProcess/MainThread/INFO] (shell_startup.py/update) Clearing background
[2024-01-22 22:50:27,294] [MainProcess/MainThread/INFO] (shell_startup.py/update) Creating Sprites...Drawing Background Sprites
[2024-01-22 22:50:27,294] [MainProcess/MainThread/INFO] (shell_startup.py/update) Creating Windows Spites...Drawing Window Sprites
[2024-01-22 22:50:27,312] [MainProcess/MainThread/INFO] (shell_startup.py/update) Clearing background
[2024-01-22 22:50:27,313] [MainProcess/MainThread/INFO] (shell_startup.py/update) Creating Sprites...Drawing Background Sprites
[2024-01-22 22:50:27,313] [MainProcess/MainThread/INFO] (shell_startup.py/update) Creating Windows Spites...Drawing Window Sprites
[2024-01-22 22:50:27,330] [MainProcess/MainThread/INFO] (shell_startup.py/update) Clearing background
[2024-01-22 22:50:27,330] [MainProcess/MainThread/INFO] (shell_startup.py/update) Creating Sprites...Drawing Background Sprites
[2024-01-22 22:50:27,331] [MainProcess/MainThread/INFO] (shell_startup.py/update) Creating Windows Spites...Drawing Window Sprites
[2024-01-22 22:50:27,349] [MainProcess/MainThread/INFO] (shell_startup.py/update) Clearing background
[2024-01-22 22:50:27,349] [MainProcess/MainThread/INFO] (shell_startup.py/update) Creating Sprites...Drawing Background Sprites
[2024-01-22 22:50:27,349] [MainProcess/MainThread/INFO] (shell_startup.py/update) Creating Windows Spites...Drawing Window Sprites
[2024-01-22 22:50:27,367] [MainProcess/MainThread/INFO] (shell_startup.py/update) Clearing background
[2024-01-22 22:50:27,367] [MainProcess/MainThread/INFO] (shell_startup.py/update) Creating Sprites...Drawing Background Sprites
[2024-01-22 22:50:27,367] [MainProcess/MainThread/INFO] (shell_startup.py/update) Creating Windows Spites...Drawing Window Sprites
[2024-01-22 22:50:27,385] [MainProcess/MainThread/INFO] (shell_startup.py/update) Clearing background
[2024-01-22 22:50:27,385] [MainProcess/MainThread/INFO] (shell_startup.py/update) Creating Sprites...Drawing Background Sprites
[2024-01-22 22:50:27,385] [MainProcess/MainThread/INFO] (shell_startup.py/update) Creating Windows Spites...Drawing Window Sprites
[2024-01-22 22:50:27,404] [MainProcess/MainThread/INFO] (shell_startup.py/update) Clearing background
[2024-01-22 22:50:27,404] [MainProcess/MainThread/INFO] (shell_startup.py/update) Creating Sprites...Drawing Background Sprites
[2024-01-22 22:50:27,404] [MainProcess/MainThread/INFO] (shell_startup.py/update) Creating Windows Spites...Drawing Window Sprites
[2024-01-22 22:50:27,421] [MainProcess/MainThread/INFO] (shell_startup.py/update) Clearing background
[2024-01-22 22:50:27,421] [MainProcess/MainThread/INFO] (shell_startup.py/update) Creating Sprites...Drawing Background Sprites
[2024-01-22 22:50:27,421] [MainProcess/MainThread/INFO] (shell_startup.py/update) Creating Windows Spites...Drawing Window Sprites
[2024-01-22 22:50:27,439] [MainProcess/MainThread/INFO] (shell_startup.py/update) Clearing background
[2024-01-22 22:50:27,439] [MainProcess/MainThread/INFO] (shell_startup.py/update) Creating Sprites...Drawing Background Sprites
[2024-01-22 22:50:27,440] [MainProcess/MainThread/INFO] (shell_startup.py/update) Creating Windows Spites...Drawing Window Sprites
[2024-01-22 22:50:27,458] [MainProcess/MainThread/INFO] (shell_startup.py/update) Clearing background
[2024-01-22 22:50:27,458] [MainProcess/MainThread/INFO] (shell_startup.py/update) Creating Sprites...Drawing Background Sprites
[2024-01-22 22:50:27,458] [MainProcess/MainThread/INFO] (shell_startup.py/update) Creating Windows Spites...Drawing Window Sprites
[2024-01-22 22:50:27,476] [MainProcess/MainThread/INFO] (shell_startup.py/update) Clearing background
[2024-01-22 22:50:27,476] [MainProcess/MainThread/INFO] (shell_startup.py/update) Creating Sprites...Drawing Background Sprites
[2024-01-22 22:50:27,476] [MainProcess/MainThread/INFO] (shell_startup.py/update) Creating Windows Spites...Drawing Window Sprites
[2024-01-22 22:50:27,493] [MainProcess/MainThread/INFO] (shell_startup.py/update) Clearing background
[2024-01-22 22:50:27,494] [MainProcess/MainThread/INFO] (shell_startup.py/update) Creating Sprites...Drawing Background Sprites
[2024-01-22 22:50:27,494] [MainProcess/MainThread/INFO] (shell_startup.py/update) Creating Windows Spites...Drawing Window Sprites
[2024-01-22 22:50:27,513] [MainProcess/MainThread/INFO] (shell_startup.py/update) Clearing background
[2024-01-22 22:50:27,513] [MainProcess/MainThread/INFO] (shell_startup.py/update) Creating Sprites...Drawing Background Sprites
[2024-01-22 22:50:27,513] [MainProcess/MainThread/INFO] (shell_startup.py/update) Creating Windows Spites...Drawing Window Sprites
[2024-01-22 22:50:27,530] [MainProcess/MainThread/INFO] (shell_startup.py/update) Clearing background
[2024-01-22 22:50:27,531] [MainProcess/MainThread/INFO] (shell_startup.py/update) Creating Sprites...Drawing Background Sprites
[2024-01-22 22:50:27,531] [MainProcess/MainThread/INFO] (shell_startup.py/update) Creating Windows Spites...Drawing Window Sprites
[2024-01-22 22:50:27,549] [MainProcess/MainThread/INFO] (shell_startup.py/update) Clearing background
[2024-01-22 22:50:27,550] [MainProcess/MainThread/INFO] (shell_startup.py/update) Creating Sprites...Drawing Background Sprites
[2024-01-22 22:50:27,550] [MainProcess/MainThread/INFO] (shell_startup.py/update) Creating Windows Spites...Drawing Window Sprites
[2024-01-22 22:50:27,567] [MainProcess/MainThread/INFO] (shell_startup.py/update) Clearing background
[2024-01-22 22:50:27,568] [MainProcess/MainThread/INFO] (shell_startup.py/update) Creating Sprites...Drawing Background Sprites
[2024-01-22 22:50:27,568] [MainProcess/MainThread/INFO] (shell_startup.py/update) Creating Windows Spites...Drawing Window Sprites
[2024-01-22 22:50:27,585] [MainProcess/MainThread/INFO] (shell_startup.py/update) Clearing background
[2024-01-22 22:50:27,586] [MainProcess/MainThread/INFO] (shell_startup.py/update) Creating Sprites...Drawing Background Sprites
[2024-01-22 22:50:27,586] [MainProcess/MainThread/INFO] (shell_startup.py/update) Creating Windows Spites...Drawing Window Sprites
[2024-01-22 22:50:27,603] [MainProcess/MainThread/INFO] (shell_startup.py/update) Clearing background
[2024-01-22 22:50:27,603] [MainProcess/MainThread/INFO] (shell_startup.py/update) Creating Sprites...Drawing Background Sprites
[2024-01-22 22:50:27,603] [MainProcess/MainThread/INFO] (shell_startup.py/update) Creating Windows Spites...Drawing Window Sprites
[2024-01-22 22:50:27,622] [MainProcess/MainThread/INFO] (shell_startup.py/update) Clearing background
[2024-01-22 22:50:27,622] [MainProcess/MainThread/INFO] (shell_startup.py/update) Creating Sprites...Drawing Background Sprites
[2024-01-22 22:50:27,622] [MainProcess/MainThread/INFO] (shell_startup.py/update) Creating Windows Spites...Drawing Window Sprites
[2024-01-22 22:50:27,640] [MainProcess/MainThread/INFO] (shell_startup.py/update) Clearing background
[2024-01-22 22:50:27,640] [MainProcess/MainThread/INFO] (shell_startup.py/update) Creating Sprites...Drawing Background Sprites
[2024-01-22 22:50:27,640] [MainProcess/MainThread/INFO] (shell_startup.py/update) Creating Windows Spites...Drawing Window Sprites
[2024-01-22 22:50:27,658] [MainProcess/MainThread/INFO] (shell_startup.py/update) Clearing background
[2024-01-22 22:50:27,658] [MainProcess/MainThread/INFO] (shell_startup.py/update) Creating Sprites...Drawing Background Sprites
[2024-01-22 22:50:27,658] [MainProcess/MainThread/INFO] (shell_startup.py/update) Creating Windows Spites...Drawing Window Sprites
[2024-01-22 22:50:27,676] [MainProcess/MainThread/INFO] (shell_startup.py/update) Clearing background
[2024-01-22 22:50:27,676] [MainProcess/MainThread/INFO] (shell_startup.py/update) Creating Sprites...Drawing Background Sprites
[2024-01-22 22:50:27,676] [MainProcess/MainThread/INFO] (shell_startup.py/update) Creating Windows Spites...Drawing Window Sprites
[2024-01-22 22:50:27,695] [MainProcess/MainThread/INFO] (shell_startup.py/update) Clearing background
[2024-01-22 22:50:27,695] [MainProcess/MainThread/INFO] (shell_startup.py/update) Creating Sprites...Drawing Background Sprites
[2024-01-22 22:50:27,695] [MainProcess/MainThread/INFO] (shell_startup.py/update) Creating Windows Spites...Drawing Window Sprites
[2024-01-22 22:50:27,713] [MainProcess/MainThread/INFO] (shell_startup.py/update) Clearing background
[2024-01-22 22:50:27,713] [MainProcess/MainThread/INFO] (shell_startup.py/update) Creating Sprites...Drawing Background Sprites
[2024-01-22 22:50:27,713] [MainProcess/MainThread/INFO] (shell_startup.py/update) Creating Windows Spites...Drawing Window Sprites
[2024-01-22 22:50:27,730] [MainProcess/MainThread/INFO] (shell_startup.py/update) Clearing background
[2024-01-22 22:50:27,730] [MainProcess/MainThread/INFO] (shell_startup.py/update) Creating Sprites...Drawing Background Sprites
[2024-01-22 22:50:27,732] [MainProcess/MainThread/INFO] (shell_startup.py/update) Creating Windows Spites...Drawing Window Sprites
[2024-01-22 22:50:27,749] [MainProcess/MainThread/INFO] (shell_startup.py/update) Clearing background
[2024-01-22 22:50:27,749] [MainProcess/MainThread/INFO] (shell_startup.py/update) Creating Sprites...Drawing Background Sprites
[2024-01-22 22:50:27,750] [MainProcess/MainThread/INFO] (shell_startup.py/update) Creating Windows Spites...Drawing Window Sprites
[2024-01-22 22:50:27,767] [MainProcess/MainThread/INFO] (shell_startup.py/update) Clearing background
[2024-01-22 22:50:27,767] [MainProcess/MainThread/INFO] (shell_startup.py/update) Creating Sprites...Drawing Background Sprites
[2024-01-22 22:50:27,767] [MainProcess/MainThread/INFO] (shell_startup.py/update) Creating Windows Spites...Drawing Window Sprites
[2024-01-22 22:50:27,786] [MainProcess/MainThread/INFO] (shell_startup.py/update) Clearing background
[2024-01-22 22:50:27,786] [MainProcess/MainThread/INFO] (shell_startup.py/update) Creating Sprites...Drawing Background Sprites
[2024-01-22 22:50:27,786] [MainProcess/MainThread/INFO] (shell_startup.py/update) Creating Windows Spites...Drawing Window Sprites
[2024-01-22 22:50:27,804] [MainProcess/MainThread/INFO] (shell_startup.py/update) Clearing background
[2024-01-22 22:50:27,804] [MainProcess/MainThread/INFO] (shell_startup.py/update) Creating Sprites...Drawing Background Sprites
[2024-01-22 22:50:27,804] [MainProcess/MainThread/INFO] (shell_startup.py/update) Creating Windows Spites...Drawing Window Sprites
[2024-01-22 22:50:27,822] [MainProcess/MainThread/INFO] (shell_startup.py/update) Clearing background
[2024-01-22 22:50:27,822] [MainProcess/MainThread/INFO] (shell_startup.py/update) Creating Sprites...Drawing Background Sprites
[2024-01-22 22:50:27,822] [MainProcess/MainThread/INFO] (shell_startup.py/update) Creating Windows Spites...Drawing Window Sprites
[2024-01-22 22:50:27,840] [MainProcess/MainThread/INFO] (shell_startup.py/update) Clearing background
[2024-01-22 22:50:27,840] [MainProcess/MainThread/INFO] (shell_startup.py/update) Creating Sprites...Drawing Background Sprites
[2024-01-22 22:50:27,840] [MainProcess/MainThread/INFO] (shell_startup.py/update) Creating Windows Spites...Drawing Window Sprites
[2024-01-22 22:50:27,859] [MainProcess/MainThread/INFO] (shell_startup.py/update) Clearing background
[2024-01-22 22:50:27,859] [MainProcess/MainThread/INFO] (shell_startup.py/update) Creating Sprites...Drawing Background Sprites
[2024-01-22 22:50:27,859] [MainProcess/MainThread/INFO] (shell_startup.py/update) Creating Windows Spites...Drawing Window Sprites
[2024-01-22 22:50:27,877] [MainProcess/MainThread/INFO] (shell_startup.py/update) Clearing background
[2024-01-22 22:50:27,877] [MainProcess/MainThread/INFO] (shell_startup.py/update) Creating Sprites...Drawing Background Sprites
[2024-01-22 22:50:27,877] [MainProcess/MainThread/INFO] (shell_startup.py/update) Creating Windows Spites...Drawing Window Sprites
[2024-01-22 22:50:27,895] [MainProcess/MainThread/INFO] (shell_startup.py/update) Clearing background
[2024-01-22 22:50:27,896] [MainProcess/MainThread/INFO] (shell_startup.py/update) Creating Sprites...Drawing Background Sprites
[2024-01-22 22:50:27,896] [MainProcess/MainThread/INFO] (shell_startup.py/update) Creating Windows Spites...Drawing Window Sprites
[2024-01-22 22:50:27,913] [MainProcess/MainThread/INFO] (shell_startup.py/update) Clearing background
[2024-01-22 22:50:27,914] [MainProcess/MainThread/INFO] (shell_startup.py/update) Creating Sprites...Drawing Background Sprites
[2024-01-22 22:50:27,914] [MainProcess/MainThread/INFO] (shell_startup.py/update) Creating Windows Spites...Drawing Window Sprites
[2024-01-22 22:50:27,931] [MainProcess/MainThread/INFO] (shell_startup.py/update) Clearing background
[2024-01-22 22:50:27,932] [MainProcess/MainThread/INFO] (shell_startup.py/update) Creating Sprites...Drawing Background Sprites
[2024-01-22 22:50:27,932] [MainProcess/MainThread/INFO] (shell_startup.py/update) Creating Windows Spites...Drawing Window Sprites
[2024-01-22 22:50:27,949] [MainProcess/MainThread/INFO] (shell_startup.py/update) Clearing background
[2024-01-22 22:50:27,949] [MainProcess/MainThread/INFO] (shell_startup.py/update) Creating Sprites...Drawing Background Sprites
[2024-01-22 22:50:27,949] [MainProcess/MainThread/INFO] (shell_startup.py/update) Creating Windows Spites...Drawing Window Sprites
[2024-01-22 22:50:27,968] [MainProcess/MainThread/INFO] (shell_startup.py/update) Clearing background
[2024-01-22 22:50:27,968] [MainProcess/MainThread/INFO] (shell_startup.py/update) Creating Sprites...Drawing Background Sprites
[2024-01-22 22:50:27,968] [MainProcess/MainThread/INFO] (shell_startup.py/update) Creating Windows Spites...Drawing Window Sprites
[2024-01-22 22:50:27,986] [MainProcess/MainThread/INFO] (shell_startup.py/update) Clearing background
[2024-01-22 22:50:27,986] [MainProcess/MainThread/INFO] (shell_startup.py/update) Creating Sprites...Drawing Background Sprites
[2024-01-22 22:50:27,986] [MainProcess/MainThread/INFO] (shell_startup.py/update) Creating Windows Spites...Drawing Window Sprites
[2024-01-22 22:50:28,004] [MainProcess/MainThread/INFO] (shell_startup.py/update) Clearing background
[2024-01-22 22:50:28,004] [MainProcess/MainThread/INFO] (shell_startup.py/update) Creating Sprites...Drawing Background Sprites
[2024-01-22 22:50:28,004] [MainProcess/MainThread/INFO] (shell_startup.py/update) Creating Windows Spites...Drawing Window Sprites
[2024-01-22 22:50:28,022] [MainProcess/MainThread/INFO] (shell_startup.py/update) Clearing background
[2024-01-22 22:50:28,023] [MainProcess/MainThread/INFO] (shell_startup.py/update) Creating Sprites...Drawing Background Sprites
[2024-01-22 22:50:28,023] [MainProcess/MainThread/INFO] (shell_startup.py/update) Creating Windows Spites...Drawing Window Sprites
[2024-01-22 22:50:28,041] [MainProcess/MainThread/INFO] (shell_startup.py/update) Clearing background
[2024-01-22 22:50:28,041] [MainProcess/MainThread/INFO] (shell_startup.py/update) Creating Sprites...Drawing Background Sprites
[2024-01-22 22:50:28,041] [MainProcess/MainThread/INFO] (shell_startup.py/update) Creating Windows Spites...Drawing Window Sprites
[2024-01-22 22:50:28,058] [MainProcess/MainThread/INFO] (shell_startup.py/update) Clearing background
[2024-01-22 22:50:28,058] [MainProcess/MainThread/INFO] (shell_startup.py/update) Creating Sprites...Drawing Background Sprites
[2024-01-22 22:50:28,058] [MainProcess/MainThread/INFO] (shell_startup.py/update) Creating Windows Spites...Drawing Window Sprites
[2024-01-22 22:50:28,077] [MainProcess/MainThread/INFO] (shell_startup.py/update) Clearing background
[2024-01-22 22:50:28,077] [MainProcess/MainThread/INFO] (shell_startup.py/update) Creating Sprites...Drawing Background Sprites
[2024-01-22 22:50:28,077] [MainProcess/MainThread/INFO] (shell_startup.py/update) Creating Windows Spites...Drawing Window Sprites
