[LOGS]
[2024-01-22 22:12:52,099] [MainProcess/MainThread/INFO] (shell_startup.py/update) Clearing background
[2024-01-22 22:12:52,100] [MainProcess/MainThread/INFO] (shell_startup.py/update) Creating Sprites...Drawing Background Sprites
[2024-01-22 22:12:52,100] [MainProcess/MainThread/INFO] (shell_startup.py/update) Creating Windows Spites...Drawing Window Sprites
[2024-01-22 22:12:52,115] [MainProcess/MainThread/INFO] (shell_startup.py/update) Clearing background
[2024-01-22 22:12:52,115] [MainProcess/MainThread/INFO] (shell_startup.py/update) Creating Sprites...Drawing Background Sprites
[2024-01-22 22:12:52,124] [MainProcess/MainThread/INFO] (shell_startup.py/update) Creating Windows Spites...Drawing Window Sprites
[2024-01-22 22:12:52,138] [MainProcess/MainThread/INFO] (shell_startup.py/update) Clearing background
[2024-01-22 22:12:52,140] [MainProcess/MainThread/INFO] (shell_startup.py/update) Creating Sprites...Drawing Background Sprites
[2024-01-22 22:12:52,140] [MainProcess/MainThread/INFO] (shell_startup.py/update) Creating Windows Spites...Drawing Window Sprites
[2024-01-22 22:12:52,157] [MainProcess/MainThread/INFO] (shell_startup.py/update) Clearing background
[2024-01-22 22:12:52,157] [MainProcess/MainThread/INFO] (shell_startup.py/update) Creating Sprites...Drawing Background Sprites
[2024-01-22 22:12:52,157] [MainProcess/MainThread/INFO] (shell_startup.py/update) Creating Windows Spites...Drawing Window Sprites
[2024-01-22 22:12:52,176] [MainProcess/MainThread/INFO] (shell_startup.py/update) Clearing background
[2024-01-22 22:12:52,176] [MainProcess/MainThread/INFO] (shell_startup.py/update) Creating Sprites...Drawing Background Sprites
[2024-01-22 22:12:52,177] [MainProcess/MainThread/INFO] (shell_startup.py/update) Creating Windows Spites...Drawing Window Sprites
[2024-01-22 22:12:52,194] [MainProcess/MainThread/INFO] (shell_startup.py/update) Clearing background
[2024-01-22 22:12:52,194] [MainProcess/MainThread/INFO] (shell_startup.py/update) Creating Sprites...Drawing Background Sprites
[2024-01-22 22:12:52,194] [MainProcess/MainThread/INFO] (shell_startup.py/update) Creating Windows Spites...Drawing Window Sprites
[2024-01-22 22:12:52,211] [MainProcess/MainThread/INFO] (shell_startup.py/update) Clearing background
[2024-01-22 22:12:52,211] [MainProcess/MainThread/INFO] (shell_startup.py/update) Creating Sprites...Drawing Background Sprites
[2024-01-22 22:12:52,211] [MainProcess/MainThread/INFO] (shell_startup.py/update) Creating Windows Spites...Drawing Window Sprites
[2024-01-22 22:12:52,230] [MainProcess/MainThread/INFO] (shell_startup.py/update) Clearing background
[2024-01-22 22:12:52,230] [MainProcess/MainThread/INFO] (shell_startup.py/update) Creating Sprites...Drawing Background Sprites
[2024-01-22 22:12:52,230] [MainProcess/MainThread/INFO] (shell_startup.py/update) Creating Windows Spites...Drawing Window Sprites
[2024-01-22 22:12:52,248] [MainProcess/MainThread/INFO] (shell_startup.py/update) Clearing background
[2024-01-22 22:12:52,249] [MainProcess/MainThread/INFO] (shell_startup.py/update) Creating Sprites...Drawing Background Sprites
[2024-01-22 22:12:52,249] [MainProcess/MainThread/INFO] (shell_startup.py/update) Creating Windows Spites...Drawing Window Sprites
[2024-01-22 22:12:52,266] [MainProcess/MainThread/INFO] (shell_startup.py/update) Clearing background
[2024-01-22 22:12:52,267] [MainProcess/MainThread/INFO] (shell_startup.py/update) Creating Sprites...Drawing Background Sprites
[2024-01-22 22:12:52,267] [MainProcess/MainThread/INFO] (shell_startup.py/update) Creating Windows Spites...Drawing Window Sprites
[2024-01-22 22:12:52,285] [MainProcess/MainThread/INFO] (shell_startup.py/update) Clearing background
[2024-01-22 22:12:52,285] [MainProcess/MainThread/INFO] (shell_startup.py/update) Creating Sprites...Drawing Background Sprites
[2024-01-22 22:12:52,285] [MainProcess/MainThread/INFO] (shell_startup.py/update) Creating Windows Spites...Drawing Window Sprites
[2024-01-22 22:12:52,303] [MainProcess/MainThread/INFO] (shell_startup.py/update) Clearing background
[2024-01-22 22:12:52,303] [MainProcess/MainThread/INFO] (shell_startup.py/update) Creating Sprites...Drawing Background Sprites
[2024-01-22 22:12:52,303] [MainProcess/MainThread/INFO] (shell_startup.py/update) Creating Windows Spites...Drawing Window Sprites
[2024-01-22 22:12:52,321] [MainProcess/MainThread/INFO] (shell_startup.py/update) Clearing background
[2024-01-22 22:12:52,321] [MainProcess/MainThread/INFO] (shell_startup.py/update) Creating Sprites...Drawing Background Sprites
[2024-01-22 22:12:52,321] [MainProcess/MainThread/INFO] (shell_startup.py/update) Creating Windows Spites...Drawing Window Sprites
[2024-01-22 22:12:52,339] [MainProcess/MainThread/INFO] (shell_startup.py/update) Clearing background
[2024-01-22 22:12:52,339] [MainProcess/MainThread/INFO] (shell_startup.py/update) Creating Sprites...Drawing Background Sprites
[2024-01-22 22:12:52,339] [MainProcess/MainThread/INFO] (shell_startup.py/update) Creating Windows Spites...Drawing Window Sprites
[2024-01-22 22:12:52,356] [MainProcess/MainThread/INFO] (shell_startup.py/update) Clearing background
[2024-01-22 22:12:52,357] [MainProcess/MainThread/INFO] (shell_startup.py/update) Creating Sprites...Drawing Background Sprites
[2024-01-22 22:12:52,357] [MainProcess/MainThread/INFO] (shell_startup.py/update) Creating Windows Spites...Drawing Window Sprites
[2024-01-22 22:12:52,375] [MainProcess/MainThread/INFO] (shell_startup.py/update) Clearing background
[2024-01-22 22:12:52,376] [MainProcess/MainThread/INFO] (shell_startup.py/update) Creating Sprites...Drawing Background Sprites
[2024-01-22 22:12:52,376] [MainProcess/MainThread/INFO] (shell_startup.py/update) Creating Windows Spites...Drawing Window Sprites
[2024-01-22 22:12:52,393] [MainProcess/MainThread/INFO] (shell_startup.py/update) Clearing background
[2024-01-22 22:12:52,393] [MainProcess/MainThread/INFO] (shell_startup.py/update) Creating Sprites...Drawing Background Sprites
[2024-01-22 22:12:52,393] [MainProcess/MainThread/INFO] (shell_startup.py/update) Creating Windows Spites...Drawing Window Sprites
[2024-01-22 22:12:52,411] [MainProcess/MainThread/INFO] (shell_startup.py/update) Clearing background
[2024-01-22 22:12:52,411] [MainProcess/MainThread/INFO] (shell_startup.py/update) Creating Sprites...Drawing Background Sprites
[2024-01-22 22:12:52,411] [MainProcess/MainThread/INFO] (shell_startup.py/update) Creating Windows Spites...Drawing Window Sprites
[2024-01-22 22:12:52,430] [MainProcess/MainThread/INFO] (shell_startup.py/update) Clearing background
[2024-01-22 22:12:52,430] [MainProcess/MainThread/INFO] (shell_startup.py/update) Creating Sprites...Drawing Background Sprites
[2024-01-22 22:12:52,430] [MainProcess/MainThread/INFO] (shell_startup.py/update) Creating Windows Spites...Drawing Window Sprites
[2024-01-22 22:12:52,447] [MainProcess/MainThread/INFO] (shell_startup.py/update) Clearing background
[2024-01-22 22:12:52,447] [MainProcess/MainThread/INFO] (shell_startup.py/update) Creating Sprites...Drawing Background Sprites
[2024-01-22 22:12:52,447] [MainProcess/MainThread/INFO] (shell_startup.py/update) Creating Windows Spites...Drawing Window Sprites
[2024-01-22 22:12:52,465] [MainProcess/MainThread/INFO] (shell_startup.py/update) Clearing background
[2024-01-22 22:12:52,465] [MainProcess/MainThread/INFO] (shell_startup.py/update) Creating Sprites...Drawing Background Sprites
[2024-01-22 22:12:52,465] [MainProcess/MainThread/INFO] (shell_startup.py/update) Creating Windows Spites...Drawing Window Sprites
[2024-01-22 22:12:52,484] [MainProcess/MainThread/INFO] (shell_startup.py/update) Clearing background
[2024-01-22 22:12:52,484] [MainProcess/MainThread/INFO] (shell_startup.py/update) Creating Sprites...Drawing Background Sprites
[2024-01-22 22:12:52,484] [MainProcess/MainThread/INFO] (shell_startup.py/update) Creating Windows Spites...Drawing Window Sprites
[2024-01-22 22:12:52,502] [MainProcess/MainThread/INFO] (shell_startup.py/update) Clearing background
[2024-01-22 22:12:52,502] [MainProcess/MainThread/INFO] (shell_startup.py/update) Creating Sprites...Drawing Background Sprites
[2024-01-22 22:12:52,502] [MainProcess/MainThread/INFO] (shell_startup.py/update) Creating Windows Spites...Drawing Window Sprites
[2024-01-22 22:12:52,520] [MainProcess/MainThread/INFO] (shell_startup.py/update) Clearing background
[2024-01-22 22:12:52,520] [MainProcess/MainThread/INFO] (shell_startup.py/update) Creating Sprites...Drawing Background Sprites
[2024-01-22 22:12:52,520] [MainProcess/MainThread/INFO] (shell_startup.py/update) Creating Windows Spites...Drawing Window Sprites
[2024-01-22 22:12:52,538] [MainProcess/MainThread/INFO] (shell_startup.py/update) Clearing background
[2024-01-22 22:12:52,538] [MainProcess/MainThread/INFO] (shell_startup.py/update) Creating Sprites...Drawing Background Sprites
[2024-01-22 22:12:52,538] [MainProcess/MainThread/INFO] (shell_startup.py/update) Creating Windows Spites...Drawing Window Sprites
[2024-01-22 22:12:52,557] [MainProcess/MainThread/INFO] (shell_startup.py/update) Clearing background
[2024-01-22 22:12:52,557] [MainProcess/MainThread/INFO] (shell_startup.py/update) Creating Sprites...Drawing Background Sprites
[2024-01-22 22:12:52,557] [MainProcess/MainThread/INFO] (shell_startup.py/update) Creating Windows Spites...Drawing Window Sprites
[2024-01-22 22:12:52,575] [MainProcess/MainThread/INFO] (shell_startup.py/update) Clearing background
[2024-01-22 22:12:52,575] [MainProcess/MainThread/INFO] (shell_startup.py/update) Creating Sprites...Drawing Background Sprites
[2024-01-22 22:12:52,575] [MainProcess/MainThread/INFO] (shell_startup.py/update) Creating Windows Spites...Drawing Window Sprites
[2024-01-22 22:12:52,593] [MainProcess/MainThread/INFO] (shell_startup.py/update) Clearing background
[2024-01-22 22:12:52,593] [MainProcess/MainThread/INFO] (shell_startup.py/update) Creating Sprites...Drawing Background Sprites
[2024-01-22 22:12:52,593] [MainProcess/MainThread/INFO] (shell_startup.py/update) Creating Windows Spites...Drawing Window Sprites
[2024-01-22 22:12:52,612] [MainProcess/MainThread/INFO] (shell_startup.py/update) Clearing background
[2024-01-22 22:12:52,612] [MainProcess/MainThread/INFO] (shell_startup.py/update) Creating Sprites...Drawing Background Sprites
[2024-01-22 22:12:52,612] [MainProcess/MainThread/INFO] (shell_startup.py/update) Creating Windows Spites...Drawing Window Sprites
[2024-01-22 22:12:52,630] [MainProcess/MainThread/INFO] (shell_startup.py/update) Clearing background
[2024-01-22 22:12:52,630] [MainProcess/MainThread/INFO] (shell_startup.py/update) Creating Sprites...Drawing Background Sprites
[2024-01-22 22:12:52,630] [MainProcess/MainThread/INFO] (shell_startup.py/update) Creating Windows Spites...Drawing Window Sprites
[2024-01-22 22:12:52,648] [MainProcess/MainThread/INFO] (shell_startup.py/update) Clearing background
[2024-01-22 22:12:52,648] [MainProcess/MainThread/INFO] (shell_startup.py/update) Creating Sprites...Drawing Background Sprites
[2024-01-22 22:12:52,648] [MainProcess/MainThread/INFO] (shell_startup.py/update) Creating Windows Spites...Drawing Window Sprites
[2024-01-22 22:12:52,666] [MainProcess/MainThread/INFO] (shell_startup.py/update) Clearing background
[2024-01-22 22:12:52,666] [MainProcess/MainThread/INFO] (shell_startup.py/update) Creating Sprites...Drawing Background Sprites
[2024-01-22 22:12:52,666] [MainProcess/MainThread/INFO] (shell_startup.py/update) Creating Windows Spites...Drawing Window Sprites
[2024-01-22 22:12:52,684] [MainProcess/MainThread/INFO] (shell_startup.py/update) Clearing background
[2024-01-22 22:12:52,684] [MainProcess/MainThread/INFO] (shell_startup.py/update) Creating Sprites...Drawing Background Sprites
[2024-01-22 22:12:52,685] [MainProcess/MainThread/INFO] (shell_startup.py/update) Creating Windows Spites...Drawing Window Sprites
[2024-01-22 22:12:52,703] [MainProcess/MainThread/INFO] (shell_startup.py/update) Clearing background
[2024-01-22 22:12:52,703] [MainProcess/MainThread/INFO] (shell_startup.py/update) Creating Sprites...Drawing Background Sprites
[2024-01-22 22:12:52,703] [MainProcess/MainThread/INFO] (shell_startup.py/update) Creating Windows Spites...Drawing Window Sprites
[2024-01-22 22:12:52,721] [MainProcess/MainThread/INFO] (shell_startup.py/update) Clearing background
[2024-01-22 22:12:52,721] [MainProcess/MainThread/INFO] (shell_startup.py/update) Creating Sprites...Drawing Background Sprites
[2024-01-22 22:12:52,722] [MainProcess/MainThread/INFO] (shell_startup.py/update) Creating Windows Spites...Drawing Window Sprites
[2024-01-22 22:12:52,739] [MainProcess/MainThread/INFO] (shell_startup.py/update) Clearing background
[2024-01-22 22:12:52,739] [MainProcess/MainThread/INFO] (shell_startup.py/update) Creating Sprites...Drawing Background Sprites
[2024-01-22 22:12:52,739] [MainProcess/MainThread/INFO] (shell_startup.py/update) Creating Windows Spites...Drawing Window Sprites
[2024-01-22 22:12:52,757] [MainProcess/MainThread/INFO] (shell_startup.py/update) Clearing background
[2024-01-22 22:12:52,757] [MainProcess/MainThread/INFO] (shell_startup.py/update) Creating Sprites...Drawing Background Sprites
[2024-01-22 22:12:52,757] [MainProcess/MainThread/INFO] (shell_startup.py/update) Creating Windows Spites...Drawing Window Sprites
[2024-01-22 22:12:52,776] [MainProcess/MainThread/INFO] (shell_startup.py/update) Clearing background
[2024-01-22 22:12:52,776] [MainProcess/MainThread/INFO] (shell_startup.py/update) Creating Sprites...Drawing Background Sprites
[2024-01-22 22:12:52,776] [MainProcess/MainThread/INFO] (shell_startup.py/update) Creating Windows Spites...Drawing Window Sprites
[2024-01-22 22:12:52,793] [MainProcess/MainThread/INFO] (shell_startup.py/update) Clearing background
[2024-01-22 22:12:52,793] [MainProcess/MainThread/INFO] (shell_startup.py/update) Creating Sprites...Drawing Background Sprites
[2024-01-22 22:12:52,793] [MainProcess/MainThread/INFO] (shell_startup.py/update) Creating Windows Spites...Drawing Window Sprites
[2024-01-22 22:12:52,812] [MainProcess/MainThread/INFO] (shell_startup.py/update) Clearing background
[2024-01-22 22:12:52,812] [MainProcess/MainThread/INFO] (shell_startup.py/update) Creating Sprites...Drawing Background Sprites
[2024-01-22 22:12:52,812] [MainProcess/MainThread/INFO] (shell_startup.py/update) Creating Windows Spites...Drawing Window Sprites
[2024-01-22 22:12:52,830] [MainProcess/MainThread/INFO] (shell_startup.py/update) Clearing background
[2024-01-22 22:12:52,830] [MainProcess/MainThread/INFO] (shell_startup.py/update) Creating Sprites...Drawing Background Sprites
[2024-01-22 22:12:52,830] [MainProcess/MainThread/INFO] (shell_startup.py/update) Creating Windows Spites...Drawing Window Sprites
[2024-01-22 22:12:52,848] [MainProcess/MainThread/INFO] (shell_startup.py/update) Clearing background
[2024-01-22 22:12:52,848] [MainProcess/MainThread/INFO] (shell_startup.py/update) Creating Sprites...Drawing Background Sprites
[2024-01-22 22:12:52,848] [MainProcess/MainThread/INFO] (shell_startup.py/update) Creating Windows Spites...Drawing Window Sprites
[2024-01-22 22:12:52,866] [MainProcess/MainThread/INFO] (shell_startup.py/update) Clearing background
[2024-01-22 22:12:52,866] [MainProcess/MainThread/INFO] (shell_startup.py/update) Creating Sprites...Drawing Background Sprites
[2024-01-22 22:12:52,866] [MainProcess/MainThread/INFO] (shell_startup.py/update) Creating Windows Spites...Drawing Window Sprites
[2024-01-22 22:12:52,884] [MainProcess/MainThread/INFO] (shell_startup.py/update) Clearing background
[2024-01-22 22:12:52,884] [MainProcess/MainThread/INFO] (shell_startup.py/update) Creating Sprites...Drawing Background Sprites
[2024-01-22 22:12:52,884] [MainProcess/MainThread/INFO] (shell_startup.py/update) Creating Windows Spites...Drawing Window Sprites
[2024-01-22 22:12:52,903] [MainProcess/MainThread/INFO] (shell_startup.py/update) Clearing background
[2024-01-22 22:12:52,903] [MainProcess/MainThread/INFO] (shell_startup.py/update) Creating Sprites...Drawing Background Sprites
[2024-01-22 22:12:52,903] [MainProcess/MainThread/INFO] (shell_startup.py/update) Creating Windows Spites...Drawing Window Sprites
[2024-01-22 22:12:52,921] [MainProcess/MainThread/INFO] (shell_startup.py/update) Clearing background
[2024-01-22 22:12:52,921] [MainProcess/MainThread/INFO] (shell_startup.py/update) Creating Sprites...Drawing Background Sprites
[2024-01-22 22:12:52,921] [MainProcess/MainThread/INFO] (shell_startup.py/update) Creating Windows Spites...Drawing Window Sprites
[2024-01-22 22:12:52,939] [MainProcess/MainThread/INFO] (shell_startup.py/update) Clearing background
[2024-01-22 22:12:52,939] [MainProcess/MainThread/INFO] (shell_startup.py/update) Creating Sprites...Drawing Background Sprites
[2024-01-22 22:12:52,939] [MainProcess/MainThread/INFO] (shell_startup.py/update) Creating Windows Spites...Drawing Window Sprites
[2024-01-22 22:12:52,957] [MainProcess/MainThread/INFO] (shell_startup.py/update) Clearing background
[2024-01-22 22:12:52,957] [MainProcess/MainThread/INFO] (shell_startup.py/update) Creating Sprites...Drawing Background Sprites
[2024-01-22 22:12:52,957] [MainProcess/MainThread/INFO] (shell_startup.py/update) Creating Windows Spites...Drawing Window Sprites
[2024-01-22 22:12:52,975] [MainProcess/MainThread/INFO] (shell_startup.py/update) Clearing background
[2024-01-22 22:12:52,975] [MainProcess/MainThread/INFO] (shell_startup.py/update) Creating Sprites...Drawing Background Sprites
[2024-01-22 22:12:52,975] [MainProcess/MainThread/INFO] (shell_startup.py/update) Creating Windows Spites...Drawing Window Sprites
[2024-01-22 22:12:52,993] [MainProcess/MainThread/INFO] (shell_startup.py/update) Clearing background
[2024-01-22 22:12:52,994] [MainProcess/MainThread/INFO] (shell_startup.py/update) Creating Sprites...Drawing Background Sprites
[2024-01-22 22:12:52,994] [MainProcess/MainThread/INFO] (shell_startup.py/update) Creating Windows Spites...Drawing Window Sprites
[2024-01-22 22:12:53,012] [MainProcess/MainThread/INFO] (shell_startup.py/update) Clearing background
[2024-01-22 22:12:53,012] [MainProcess/MainThread/INFO] (shell_startup.py/update) Creating Sprites...Drawing Background Sprites
[2024-01-22 22:12:53,012] [MainProcess/MainThread/INFO] (shell_startup.py/update) Creating Windows Spites...Drawing Window Sprites
[2024-01-22 22:12:53,031] [MainProcess/MainThread/INFO] (shell_startup.py/update) Clearing background
[2024-01-22 22:12:53,031] [MainProcess/MainThread/INFO] (shell_startup.py/update) Creating Sprites...Drawing Background Sprites
[2024-01-22 22:12:53,031] [MainProcess/MainThread/INFO] (shell_startup.py/update) Creating Windows Spites...Drawing Window Sprites
[2024-01-22 22:12:53,048] [MainProcess/MainThread/INFO] (shell_startup.py/update) Clearing background
[2024-01-22 22:12:53,048] [MainProcess/MainThread/INFO] (shell_startup.py/update) Creating Sprites...Drawing Background Sprites
[2024-01-22 22:12:53,048] [MainProcess/MainThread/INFO] (shell_startup.py/update) Creating Windows Spites...Drawing Window Sprites
[2024-01-22 22:12:53,066] [MainProcess/MainThread/INFO] (shell_startup.py/update) Clearing background
[2024-01-22 22:12:53,066] [MainProcess/MainThread/INFO] (shell_startup.py/update) Creating Sprites...Drawing Background Sprites
[2024-01-22 22:12:53,066] [MainProcess/MainThread/INFO] (shell_startup.py/update) Creating Windows Spites...Drawing Window Sprites
[2024-01-22 22:12:53,084] [MainProcess/MainThread/INFO] (shell_startup.py/update) Clearing background
[2024-01-22 22:12:53,085] [MainProcess/MainThread/INFO] (shell_startup.py/update) Creating Sprites...Drawing Background Sprites
[2024-01-22 22:12:53,085] [MainProcess/MainThread/INFO] (shell_startup.py/update) Creating Windows Spites...Drawing Window Sprites
[2024-01-22 22:12:53,103] [MainProcess/MainThread/INFO] (shell_startup.py/update) Clearing background
[2024-01-22 22:12:53,104] [MainProcess/MainThread/INFO] (shell_startup.py/update) Creating Sprites...Drawing Background Sprites
[2024-01-22 22:12:53,104] [MainProcess/MainThread/INFO] (shell_startup.py/update) Creating Windows Spites...Drawing Window Sprites
[2024-01-22 22:12:53,121] [MainProcess/MainThread/INFO] (shell_startup.py/update) Clearing background
[2024-01-22 22:12:53,121] [MainProcess/MainThread/INFO] (shell_startup.py/update) Creating Sprites...Drawing Background Sprites
[2024-01-22 22:12:53,121] [MainProcess/MainThread/INFO] (shell_startup.py/update) Creating Windows Spites...Drawing Window Sprites
[2024-01-22 22:12:53,139] [MainProcess/MainThread/INFO] (shell_startup.py/update) Clearing background
[2024-01-22 22:12:53,139] [MainProcess/MainThread/INFO] (shell_startup.py/update) Creating Sprites...Drawing Background Sprites
[2024-01-22 22:12:53,139] [MainProcess/MainThread/INFO] (shell_startup.py/update) Creating Windows Spites...Drawing Window Sprites
[2024-01-22 22:12:53,156] [MainProcess/MainThread/INFO] (shell_startup.py/update) Clearing background
[2024-01-22 22:12:53,157] [MainProcess/MainThread/INFO] (shell_startup.py/update) Creating Sprites...Drawing Background Sprites
[2024-01-22 22:12:53,157] [MainProcess/MainThread/INFO] (shell_startup.py/update) Creating Windows Spites...Drawing Window Sprites
[2024-01-22 22:12:53,175] [MainProcess/MainThread/INFO] (shell_startup.py/update) Clearing background
[2024-01-22 22:12:53,175] [MainProcess/MainThread/INFO] (shell_startup.py/update) Creating Sprites...Drawing Background Sprites
[2024-01-22 22:12:53,175] [MainProcess/MainThread/INFO] (shell_startup.py/update) Creating Windows Spites...Drawing Window Sprites
[2024-01-22 22:12:53,193] [MainProcess/MainThread/INFO] (shell_startup.py/update) Clearing background
[2024-01-22 22:12:53,194] [MainProcess/MainThread/INFO] (shell_startup.py/update) Creating Sprites...Drawing Background Sprites
[2024-01-22 22:12:53,194] [MainProcess/MainThread/INFO] (shell_startup.py/update) Creating Windows Spites...Drawing Window Sprites
[2024-01-22 22:12:53,212] [MainProcess/MainThread/INFO] (shell_startup.py/update) Clearing background
[2024-01-22 22:12:53,212] [MainProcess/MainThread/INFO] (shell_startup.py/update) Creating Sprites...Drawing Background Sprites
[2024-01-22 22:12:53,212] [MainProcess/MainThread/INFO] (shell_startup.py/update) Creating Windows Spites...Drawing Window Sprites
[2024-01-22 22:12:53,230] [MainProcess/MainThread/INFO] (shell_startup.py/update) Clearing background
[2024-01-22 22:12:53,230] [MainProcess/MainThread/INFO] (shell_startup.py/update) Creating Sprites...Drawing Background Sprites
[2024-01-22 22:12:53,230] [MainProcess/MainThread/INFO] (shell_startup.py/update) Creating Windows Spites...Drawing Window Sprites
[2024-01-22 22:12:53,249] [MainProcess/MainThread/INFO] (shell_startup.py/update) Clearing background
[2024-01-22 22:12:53,249] [MainProcess/MainThread/INFO] (shell_startup.py/update) Creating Sprites...Drawing Background Sprites
[2024-01-22 22:12:53,249] [MainProcess/MainThread/INFO] (shell_startup.py/update) Creating Windows Spites...Drawing Window Sprites
[2024-01-22 22:12:53,267] [MainProcess/MainThread/INFO] (shell_startup.py/update) Clearing background
[2024-01-22 22:12:53,267] [MainProcess/MainThread/INFO] (shell_startup.py/update) Creating Sprites...Drawing Background Sprites
[2024-01-22 22:12:53,267] [MainProcess/MainThread/INFO] (shell_startup.py/update) Creating Windows Spites...Drawing Window Sprites
[2024-01-22 22:12:53,284] [MainProcess/MainThread/INFO] (shell_startup.py/update) Clearing background
[2024-01-22 22:12:53,285] [MainProcess/MainThread/INFO] (shell_startup.py/update) Creating Sprites...Drawing Background Sprites
[2024-01-22 22:12:53,285] [MainProcess/MainThread/INFO] (shell_startup.py/update) Creating Windows Spites...Drawing Window Sprites
[2024-01-22 22:12:53,302] [MainProcess/MainThread/INFO] (shell_startup.py/update) Clearing background
[2024-01-22 22:12:53,303] [MainProcess/MainThread/INFO] (shell_startup.py/update) Creating Sprites...Drawing Background Sprites
[2024-01-22 22:12:53,303] [MainProcess/MainThread/INFO] (shell_startup.py/update) Creating Windows Spites...Drawing Window Sprites
[2024-01-22 22:12:53,321] [MainProcess/MainThread/INFO] (shell_startup.py/update) Clearing background
[2024-01-22 22:12:53,321] [MainProcess/MainThread/INFO] (shell_startup.py/update) Creating Sprites...Drawing Background Sprites
[2024-01-22 22:12:53,321] [MainProcess/MainThread/INFO] (shell_startup.py/update) Creating Windows Spites...Drawing Window Sprites
[2024-01-22 22:12:53,339] [MainProcess/MainThread/INFO] (shell_startup.py/update) Clearing background
[2024-01-22 22:12:53,339] [MainProcess/MainThread/INFO] (shell_startup.py/update) Creating Sprites...Drawing Background Sprites
[2024-01-22 22:12:53,339] [MainProcess/MainThread/INFO] (shell_startup.py/update) Creating Windows Spites...Drawing Window Sprites
[2024-01-22 22:12:53,358] [MainProcess/MainThread/INFO] (shell_startup.py/update) Clearing background
[2024-01-22 22:12:53,358] [MainProcess/MainThread/INFO] (shell_startup.py/update) Creating Sprites...Drawing Background Sprites
[2024-01-22 22:12:53,358] [MainProcess/MainThread/INFO] (shell_startup.py/update) Creating Windows Spites...Drawing Window Sprites
[2024-01-22 22:12:53,376] [MainProcess/MainThread/INFO] (shell_startup.py/update) Clearing background
[2024-01-22 22:12:53,377] [MainProcess/MainThread/INFO] (shell_startup.py/update) Creating Sprites...Drawing Background Sprites
[2024-01-22 22:12:53,377] [MainProcess/MainThread/INFO] (shell_startup.py/update) Creating Windows Spites...Drawing Window Sprites
[2024-01-22 22:12:53,394] [MainProcess/MainThread/INFO] (shell_startup.py/update) Clearing background
[2024-01-22 22:12:53,394] [MainProcess/MainThread/INFO] (shell_startup.py/update) Creating Sprites...Drawing Background Sprites
[2024-01-22 22:12:53,394] [MainProcess/MainThread/INFO] (shell_startup.py/update) Creating Windows Spites...Drawing Window Sprites
[2024-01-22 22:12:53,412] [MainProcess/MainThread/INFO] (shell_startup.py/update) Clearing background
[2024-01-22 22:12:53,412] [MainProcess/MainThread/INFO] (shell_startup.py/update) Creating Sprites...Drawing Background Sprites
[2024-01-22 22:12:53,412] [MainProcess/MainThread/INFO] (shell_startup.py/update) Creating Windows Spites...Drawing Window Sprites
[2024-01-22 22:12:53,429] [MainProcess/MainThread/INFO] (shell_startup.py/update) Clearing background
[2024-01-22 22:12:53,431] [MainProcess/MainThread/INFO] (shell_startup.py/update) Creating Sprites...Drawing Background Sprites
[2024-01-22 22:12:53,431] [MainProcess/MainThread/INFO] (shell_startup.py/update) Creating Windows Spites...Drawing Window Sprites
[2024-01-22 22:12:53,448] [MainProcess/MainThread/INFO] (shell_startup.py/update) Clearing background
[2024-01-22 22:12:53,448] [MainProcess/MainThread/INFO] (shell_startup.py/update) Creating Sprites...Drawing Background Sprites
[2024-01-22 22:12:53,448] [MainProcess/MainThread/INFO] (shell_startup.py/update) Creating Windows Spites...Drawing Window Sprites
[2024-01-22 22:12:53,467] [MainProcess/MainThread/INFO] (shell_startup.py/update) Clearing background
[2024-01-22 22:12:53,467] [MainProcess/MainThread/INFO] (shell_startup.py/update) Creating Sprites...Drawing Background Sprites
[2024-01-22 22:12:53,467] [MainProcess/MainThread/INFO] (shell_startup.py/update) Creating Windows Spites...Drawing Window Sprites
[2024-01-22 22:12:53,485] [MainProcess/MainThread/INFO] (shell_startup.py/update) Clearing background
[2024-01-22 22:12:53,485] [MainProcess/MainThread/INFO] (shell_startup.py/update) Creating Sprites...Drawing Background Sprites
[2024-01-22 22:12:53,485] [MainProcess/MainThread/INFO] (shell_startup.py/update) Creating Windows Spites...Drawing Window Sprites
[2024-01-22 22:12:53,502] [MainProcess/MainThread/INFO] (shell_startup.py/update) Clearing background
[2024-01-22 22:12:53,503] [MainProcess/MainThread/INFO] (shell_startup.py/update) Creating Sprites...Drawing Background Sprites
[2024-01-22 22:12:53,503] [MainProcess/MainThread/INFO] (shell_startup.py/update) Creating Windows Spites...Drawing Window Sprites
[2024-01-22 22:12:53,520] [MainProcess/MainThread/INFO] (shell_startup.py/update) Clearing background
[2024-01-22 22:12:53,522] [MainProcess/MainThread/INFO] (shell_startup.py/update) Creating Sprites...Drawing Background Sprites
[2024-01-22 22:12:53,522] [MainProcess/MainThread/INFO] (shell_startup.py/update) Creating Windows Spites...Drawing Window Sprites
[2024-01-22 22:12:53,539] [MainProcess/MainThread/INFO] (shell_startup.py/update) Clearing background
[2024-01-22 22:12:53,540] [MainProcess/MainThread/INFO] (shell_startup.py/update) Creating Sprites...Drawing Background Sprites
[2024-01-22 22:12:53,540] [MainProcess/MainThread/INFO] (shell_startup.py/update) Creating Windows Spites...Drawing Window Sprites
[2024-01-22 22:12:53,557] [MainProcess/MainThread/INFO] (shell_startup.py/update) Clearing background
[2024-01-22 22:12:53,557] [MainProcess/MainThread/INFO] (shell_startup.py/update) Creating Sprites...Drawing Background Sprites
[2024-01-22 22:12:53,557] [MainProcess/MainThread/INFO] (shell_startup.py/update) Creating Windows Spites...Drawing Window Sprites
[2024-01-22 22:12:53,575] [MainProcess/MainThread/INFO] (shell_startup.py/update) Clearing background
[2024-01-22 22:12:53,576] [MainProcess/MainThread/INFO] (shell_startup.py/update) Creating Sprites...Drawing Background Sprites
[2024-01-22 22:12:53,576] [MainProcess/MainThread/INFO] (shell_startup.py/update) Creating Windows Spites...Drawing Window Sprites
[2024-01-22 22:12:53,594] [MainProcess/MainThread/INFO] (shell_startup.py/update) Clearing background
[2024-01-22 22:12:53,594] [MainProcess/MainThread/INFO] (shell_startup.py/update) Creating Sprites...Drawing Background Sprites
[2024-01-22 22:12:53,594] [MainProcess/MainThread/INFO] (shell_startup.py/update) Creating Windows Spites...Drawing Window Sprites
[2024-01-22 22:12:53,612] [MainProcess/MainThread/INFO] (shell_startup.py/update) Clearing background
[2024-01-22 22:12:53,612] [MainProcess/MainThread/INFO] (shell_startup.py/update) Creating Sprites...Drawing Background Sprites
[2024-01-22 22:12:53,612] [MainProcess/MainThread/INFO] (shell_startup.py/update) Creating Windows Spites...Drawing Window Sprites
[2024-01-22 22:12:53,630] [MainProcess/MainThread/INFO] (shell_startup.py/update) Clearing background
[2024-01-22 22:12:53,631] [MainProcess/MainThread/INFO] (shell_startup.py/update) Creating Sprites...Drawing Background Sprites
[2024-01-22 22:12:53,631] [MainProcess/MainThread/INFO] (shell_startup.py/update) Creating Windows Spites...Drawing Window Sprites
[2024-01-22 22:12:53,649] [MainProcess/MainThread/INFO] (shell_startup.py/update) Clearing background
[2024-01-22 22:12:53,649] [MainProcess/MainThread/INFO] (shell_startup.py/update) Creating Sprites...Drawing Background Sprites
[2024-01-22 22:12:53,649] [MainProcess/MainThread/INFO] (shell_startup.py/update) Creating Windows Spites...Drawing Window Sprites
[2024-01-22 22:12:53,667] [MainProcess/MainThread/INFO] (shell_startup.py/update) Clearing background
[2024-01-22 22:12:53,667] [MainProcess/MainThread/INFO] (shell_startup.py/update) Creating Sprites...Drawing Background Sprites
[2024-01-22 22:12:53,667] [MainProcess/MainThread/INFO] (shell_startup.py/update) Creating Windows Spites...Drawing Window Sprites
[2024-01-22 22:12:53,685] [MainProcess/MainThread/INFO] (shell_startup.py/update) Clearing background
[2024-01-22 22:12:53,685] [MainProcess/MainThread/INFO] (shell_startup.py/update) Creating Sprites...Drawing Background Sprites
[2024-01-22 22:12:53,685] [MainProcess/MainThread/INFO] (shell_startup.py/update) Creating Windows Spites...Drawing Window Sprites
[2024-01-22 22:12:53,703] [MainProcess/MainThread/INFO] (shell_startup.py/update) Clearing background
[2024-01-22 22:12:53,703] [MainProcess/MainThread/INFO] (shell_startup.py/update) Creating Sprites...Drawing Background Sprites
[2024-01-22 22:12:53,703] [MainProcess/MainThread/INFO] (shell_startup.py/update) Creating Windows Spites...Drawing Window Sprites
[2024-01-22 22:12:53,721] [MainProcess/MainThread/INFO] (shell_startup.py/update) Clearing background
[2024-01-22 22:12:53,721] [MainProcess/MainThread/INFO] (shell_startup.py/update) Creating Sprites...Drawing Background Sprites
[2024-01-22 22:12:53,721] [MainProcess/MainThread/INFO] (shell_startup.py/update) Creating Windows Spites...Drawing Window Sprites
[2024-01-22 22:12:53,740] [MainProcess/MainThread/INFO] (shell_startup.py/update) Clearing background
[2024-01-22 22:12:53,740] [MainProcess/MainThread/INFO] (shell_startup.py/update) Creating Sprites...Drawing Background Sprites
[2024-01-22 22:12:53,740] [MainProcess/MainThread/INFO] (shell_startup.py/update) Creating Windows Spites...Drawing Window Sprites
[2024-01-22 22:12:53,758] [MainProcess/MainThread/INFO] (shell_startup.py/update) Clearing background
[2024-01-22 22:12:53,758] [MainProcess/MainThread/INFO] (shell_startup.py/update) Creating Sprites...Drawing Background Sprites
[2024-01-22 22:12:53,758] [MainProcess/MainThread/INFO] (shell_startup.py/update) Creating Windows Spites...Drawing Window Sprites
[2024-01-22 22:12:53,776] [MainProcess/MainThread/INFO] (shell_startup.py/update) Clearing background
[2024-01-22 22:12:53,776] [MainProcess/MainThread/INFO] (shell_startup.py/update) Creating Sprites...Drawing Background Sprites
[2024-01-22 22:12:53,776] [MainProcess/MainThread/INFO] (shell_startup.py/update) Creating Windows Spites...Drawing Window Sprites
[2024-01-22 22:12:53,794] [MainProcess/MainThread/INFO] (shell_startup.py/update) Clearing background
[2024-01-22 22:12:53,794] [MainProcess/MainThread/INFO] (shell_startup.py/update) Creating Sprites...Drawing Background Sprites
[2024-01-22 22:12:53,794] [MainProcess/MainThread/INFO] (shell_startup.py/update) Creating Windows Spites...Drawing Window Sprites
[2024-01-22 22:12:53,813] [MainProcess/MainThread/INFO] (shell_startup.py/update) Clearing background
[2024-01-22 22:12:53,813] [MainProcess/MainThread/INFO] (shell_startup.py/update) Creating Sprites...Drawing Background Sprites
[2024-01-22 22:12:53,813] [MainProcess/MainThread/INFO] (shell_startup.py/update) Creating Windows Spites...Drawing Window Sprites
[2024-01-22 22:12:53,831] [MainProcess/MainThread/INFO] (shell_startup.py/update) Clearing background
[2024-01-22 22:12:53,831] [MainProcess/MainThread/INFO] (shell_startup.py/update) Creating Sprites...Drawing Background Sprites
[2024-01-22 22:12:53,831] [MainProcess/MainThread/INFO] (shell_startup.py/update) Creating Windows Spites...Drawing Window Sprites
[2024-01-22 22:12:53,849] [MainProcess/MainThread/INFO] (shell_startup.py/update) Clearing background
[2024-01-22 22:12:53,849] [MainProcess/MainThread/INFO] (shell_startup.py/update) Creating Sprites...Drawing Background Sprites
[2024-01-22 22:12:53,849] [MainProcess/MainThread/INFO] (shell_startup.py/update) Creating Windows Spites...Drawing Window Sprites
[2024-01-22 22:12:53,866] [MainProcess/MainThread/INFO] (shell_startup.py/update) Clearing background
[2024-01-22 22:12:53,866] [MainProcess/MainThread/INFO] (shell_startup.py/update) Creating Sprites...Drawing Background Sprites
[2024-01-22 22:12:53,866] [MainProcess/MainThread/INFO] (shell_startup.py/update) Creating Windows Spites...Drawing Window Sprites
[2024-01-22 22:12:53,885] [MainProcess/MainThread/INFO] (shell_startup.py/update) Clearing background
[2024-01-22 22:12:53,885] [MainProcess/MainThread/INFO] (shell_startup.py/update) Creating Sprites...Drawing Background Sprites
[2024-01-22 22:12:53,885] [MainProcess/MainThread/INFO] (shell_startup.py/update) Creating Windows Spites...Drawing Window Sprites
[2024-01-22 22:12:53,903] [MainProcess/MainThread/INFO] (shell_startup.py/update) Clearing background
[2024-01-22 22:12:53,904] [MainProcess/MainThread/INFO] (shell_startup.py/update) Creating Sprites...Drawing Background Sprites
[2024-01-22 22:12:53,904] [MainProcess/MainThread/INFO] (shell_startup.py/update) Creating Windows Spites...Drawing Window Sprites
[2024-01-22 22:12:53,922] [MainProcess/MainThread/INFO] (shell_startup.py/update) Clearing background
[2024-01-22 22:12:53,922] [MainProcess/MainThread/INFO] (shell_startup.py/update) Creating Sprites...Drawing Background Sprites
[2024-01-22 22:12:53,922] [MainProcess/MainThread/INFO] (shell_startup.py/update) Creating Windows Spites...Drawing Window Sprites
[2024-01-22 22:12:53,939] [MainProcess/MainThread/INFO] (shell_startup.py/update) Clearing background
[2024-01-22 22:12:53,940] [MainProcess/MainThread/INFO] (shell_startup.py/update) Creating Sprites...Drawing Background Sprites
[2024-01-22 22:12:53,940] [MainProcess/MainThread/INFO] (shell_startup.py/update) Creating Windows Spites...Drawing Window Sprites
[2024-01-22 22:12:53,958] [MainProcess/MainThread/INFO] (shell_startup.py/update) Clearing background
[2024-01-22 22:12:53,958] [MainProcess/MainThread/INFO] (shell_startup.py/update) Creating Sprites...Drawing Background Sprites
[2024-01-22 22:12:53,958] [MainProcess/MainThread/INFO] (shell_startup.py/update) Creating Windows Spites...Drawing Window Sprites
[2024-01-22 22:12:53,977] [MainProcess/MainThread/INFO] (shell_startup.py/update) Clearing background
[2024-01-22 22:12:53,977] [MainProcess/MainThread/INFO] (shell_startup.py/update) Creating Sprites...Drawing Background Sprites
[2024-01-22 22:12:53,977] [MainProcess/MainThread/INFO] (shell_startup.py/update) Creating Windows Spites...Drawing Window Sprites
[2024-01-22 22:12:53,993] [MainProcess/MainThread/INFO] (shell_startup.py/update) Clearing background
[2024-01-22 22:12:53,995] [MainProcess/MainThread/INFO] (shell_startup.py/update) Creating Sprites...Drawing Background Sprites
[2024-01-22 22:12:53,995] [MainProcess/MainThread/INFO] (shell_startup.py/update) Creating Windows Spites...Drawing Window Sprites
[2024-01-22 22:12:54,013] [MainProcess/MainThread/INFO] (shell_startup.py/update) Clearing background
[2024-01-22 22:12:54,013] [MainProcess/MainThread/INFO] (shell_startup.py/update) Creating Sprites...Drawing Background Sprites
[2024-01-22 22:12:54,013] [MainProcess/MainThread/INFO] (shell_startup.py/update) Creating Windows Spites...Drawing Window Sprites
[2024-01-22 22:12:54,031] [MainProcess/MainThread/INFO] (shell_startup.py/update) Clearing background
[2024-01-22 22:12:54,031] [MainProcess/MainThread/INFO] (shell_startup.py/update) Creating Sprites...Drawing Background Sprites
[2024-01-22 22:12:54,031] [MainProcess/MainThread/INFO] (shell_startup.py/update) Creating Windows Spites...Drawing Window Sprites
[2024-01-22 22:12:54,048] [MainProcess/MainThread/INFO] (shell_startup.py/update) Clearing background
[2024-01-22 22:12:54,050] [MainProcess/MainThread/INFO] (shell_startup.py/update) Creating Sprites...Drawing Background Sprites
[2024-01-22 22:12:54,050] [MainProcess/MainThread/INFO] (shell_startup.py/update) Creating Windows Spites...Drawing Window Sprites
[2024-01-22 22:12:54,066] [MainProcess/MainThread/INFO] (shell_startup.py/update) Clearing background
[2024-01-22 22:12:54,068] [MainProcess/MainThread/INFO] (shell_startup.py/update) Creating Sprites...Drawing Background Sprites
[2024-01-22 22:12:54,068] [MainProcess/MainThread/INFO] (shell_startup.py/update) Creating Windows Spites...Drawing Window Sprites
[2024-01-22 22:12:54,086] [MainProcess/MainThread/INFO] (shell_startup.py/update) Clearing background
[2024-01-22 22:12:54,086] [MainProcess/MainThread/INFO] (shell_startup.py/update) Creating Sprites...Drawing Background Sprites
[2024-01-22 22:12:54,086] [MainProcess/MainThread/INFO] (shell_startup.py/update) Creating Windows Spites...Drawing Window Sprites
[2024-01-22 22:12:54,104] [MainProcess/MainThread/INFO] (shell_startup.py/update) Clearing background
[2024-01-22 22:12:54,104] [MainProcess/MainThread/INFO] (shell_startup.py/update) Creating Sprites...Drawing Background Sprites
[2024-01-22 22:12:54,104] [MainProcess/MainThread/INFO] (shell_startup.py/update) Creating Windows Spites...Drawing Window Sprites
[2024-01-22 22:12:54,121] [MainProcess/MainThread/INFO] (shell_startup.py/update) Clearing background
[2024-01-22 22:12:54,122] [MainProcess/MainThread/INFO] (shell_startup.py/update) Creating Sprites...Drawing Background Sprites
[2024-01-22 22:12:54,122] [MainProcess/MainThread/INFO] (shell_startup.py/update) Creating Windows Spites...Drawing Window Sprites
[2024-01-22 22:12:54,140] [MainProcess/MainThread/INFO] (shell_startup.py/update) Clearing background
[2024-01-22 22:12:54,140] [MainProcess/MainThread/INFO] (shell_startup.py/update) Creating Sprites...Drawing Background Sprites
[2024-01-22 22:12:54,141] [MainProcess/MainThread/INFO] (shell_startup.py/update) Creating Windows Spites...Drawing Window Sprites
[2024-01-22 22:12:54,159] [MainProcess/MainThread/INFO] (shell_startup.py/update) Clearing background
[2024-01-22 22:12:54,159] [MainProcess/MainThread/INFO] (shell_startup.py/update) Creating Sprites...Drawing Background Sprites
[2024-01-22 22:12:54,159] [MainProcess/MainThread/INFO] (shell_startup.py/update) Creating Windows Spites...Drawing Window Sprites
[2024-01-22 22:12:54,177] [MainProcess/MainThread/INFO] (shell_startup.py/update) Clearing background
[2024-01-22 22:12:54,177] [MainProcess/MainThread/INFO] (shell_startup.py/update) Creating Sprites...Drawing Background Sprites
[2024-01-22 22:12:54,177] [MainProcess/MainThread/INFO] (shell_startup.py/update) Creating Windows Spites...Drawing Window Sprites
[2024-01-22 22:12:54,194] [MainProcess/MainThread/INFO] (shell_startup.py/update) Clearing background
[2024-01-22 22:12:54,194] [MainProcess/MainThread/INFO] (shell_startup.py/update) Creating Sprites...Drawing Background Sprites
[2024-01-22 22:12:54,194] [MainProcess/MainThread/INFO] (shell_startup.py/update) Creating Windows Spites...Drawing Window Sprites
[2024-01-22 22:12:54,213] [MainProcess/MainThread/INFO] (shell_startup.py/update) Clearing background
[2024-01-22 22:12:54,214] [MainProcess/MainThread/INFO] (shell_startup.py/update) Creating Sprites...Drawing Background Sprites
[2024-01-22 22:12:54,214] [MainProcess/MainThread/INFO] (shell_startup.py/update) Creating Windows Spites...Drawing Window Sprites
[2024-01-22 22:12:54,231] [MainProcess/MainThread/INFO] (shell_startup.py/update) Clearing background
[2024-01-22 22:12:54,231] [MainProcess/MainThread/INFO] (shell_startup.py/update) Creating Sprites...Drawing Background Sprites
[2024-01-22 22:12:54,231] [MainProcess/MainThread/INFO] (shell_startup.py/update) Creating Windows Spites...Drawing Window Sprites
[2024-01-22 22:12:54,249] [MainProcess/MainThread/INFO] (shell_startup.py/update) Clearing background
[2024-01-22 22:12:54,249] [MainProcess/MainThread/INFO] (shell_startup.py/update) Creating Sprites...Drawing Background Sprites
[2024-01-22 22:12:54,249] [MainProcess/MainThread/INFO] (shell_startup.py/update) Creating Windows Spites...Drawing Window Sprites
[2024-01-22 22:12:54,267] [MainProcess/MainThread/INFO] (shell_startup.py/update) Clearing background
[2024-01-22 22:12:54,268] [MainProcess/MainThread/INFO] (shell_startup.py/update) Creating Sprites...Drawing Background Sprites
[2024-01-22 22:12:54,268] [MainProcess/MainThread/INFO] (shell_startup.py/update) Creating Windows Spites...Drawing Window Sprites
[2024-01-22 22:12:54,286] [MainProcess/MainThread/INFO] (shell_startup.py/update) Clearing background
[2024-01-22 22:12:54,286] [MainProcess/MainThread/INFO] (shell_startup.py/update) Creating Sprites...Drawing Background Sprites
[2024-01-22 22:12:54,286] [MainProcess/MainThread/INFO] (shell_startup.py/update) Creating Windows Spites...Drawing Window Sprites
[2024-01-22 22:12:54,303] [MainProcess/MainThread/INFO] (shell_startup.py/update) Clearing background
[2024-01-22 22:12:54,304] [MainProcess/MainThread/INFO] (shell_startup.py/update) Creating Sprites...Drawing Background Sprites
[2024-01-22 22:12:54,304] [MainProcess/MainThread/INFO] (shell_startup.py/update) Creating Windows Spites...Drawing Window Sprites
[2024-01-22 22:12:54,323] [MainProcess/MainThread/INFO] (shell_startup.py/update) Clearing background
[2024-01-22 22:12:54,323] [MainProcess/MainThread/INFO] (shell_startup.py/update) Creating Sprites...Drawing Background Sprites
[2024-01-22 22:12:54,323] [MainProcess/MainThread/INFO] (shell_startup.py/update) Creating Windows Spites...Drawing Window Sprites
[2024-01-22 22:12:54,340] [MainProcess/MainThread/INFO] (shell_startup.py/update) Clearing background
[2024-01-22 22:12:54,341] [MainProcess/MainThread/INFO] (shell_startup.py/update) Creating Sprites...Drawing Background Sprites
[2024-01-22 22:12:54,341] [MainProcess/MainThread/INFO] (shell_startup.py/update) Creating Windows Spites...Drawing Window Sprites
[2024-01-22 22:12:54,359] [MainProcess/MainThread/INFO] (shell_startup.py/update) Clearing background
[2024-01-22 22:12:54,359] [MainProcess/MainThread/INFO] (shell_startup.py/update) Creating Sprites...Drawing Background Sprites
[2024-01-22 22:12:54,359] [MainProcess/MainThread/INFO] (shell_startup.py/update) Creating Windows Spites...Drawing Window Sprites
[2024-01-22 22:12:54,376] [MainProcess/MainThread/INFO] (shell_startup.py/update) Clearing background
[2024-01-22 22:12:54,377] [MainProcess/MainThread/INFO] (shell_startup.py/update) Creating Sprites...Drawing Background Sprites
[2024-01-22 22:12:54,377] [MainProcess/MainThread/INFO] (shell_startup.py/update) Creating Windows Spites...Drawing Window Sprites
[2024-01-22 22:12:54,395] [MainProcess/MainThread/INFO] (shell_startup.py/update) Clearing background
[2024-01-22 22:12:54,396] [MainProcess/MainThread/INFO] (shell_startup.py/update) Creating Sprites...Drawing Background Sprites
[2024-01-22 22:12:54,396] [MainProcess/MainThread/INFO] (shell_startup.py/update) Creating Windows Spites...Drawing Window Sprites
[2024-01-22 22:12:54,413] [MainProcess/MainThread/INFO] (shell_startup.py/update) Clearing background
[2024-01-22 22:12:54,413] [MainProcess/MainThread/INFO] (shell_startup.py/update) Creating Sprites...Drawing Background Sprites
[2024-01-22 22:12:54,413] [MainProcess/MainThread/INFO] (shell_startup.py/update) Creating Windows Spites...Drawing Window Sprites
[2024-01-22 22:12:54,431] [MainProcess/MainThread/INFO] (shell_startup.py/update) Clearing background
[2024-01-22 22:12:54,431] [MainProcess/MainThread/INFO] (shell_startup.py/update) Creating Sprites...Drawing Background Sprites
[2024-01-22 22:12:54,431] [MainProcess/MainThread/INFO] (shell_startup.py/update) Creating Windows Spites...Drawing Window Sprites
[2024-01-22 22:12:54,450] [MainProcess/MainThread/INFO] (shell_startup.py/update) Clearing background
[2024-01-22 22:12:54,450] [MainProcess/MainThread/INFO] (shell_startup.py/update) Creating Sprites...Drawing Background Sprites
[2024-01-22 22:12:54,450] [MainProcess/MainThread/INFO] (shell_startup.py/update) Creating Windows Spites...Drawing Window Sprites
[2024-01-22 22:12:54,468] [MainProcess/MainThread/INFO] (shell_startup.py/update) Clearing background
[2024-01-22 22:12:54,468] [MainProcess/MainThread/INFO] (shell_startup.py/update) Creating Sprites...Drawing Background Sprites
[2024-01-22 22:12:54,468] [MainProcess/MainThread/INFO] (shell_startup.py/update) Creating Windows Spites...Drawing Window Sprites
[2024-01-22 22:12:54,486] [MainProcess/MainThread/INFO] (shell_startup.py/update) Clearing background
[2024-01-22 22:12:54,487] [MainProcess/MainThread/INFO] (shell_startup.py/update) Creating Sprites...Drawing Background Sprites
[2024-01-22 22:12:54,487] [MainProcess/MainThread/INFO] (shell_startup.py/update) Creating Windows Spites...Drawing Window Sprites
[2024-01-22 22:12:54,504] [MainProcess/MainThread/INFO] (shell_startup.py/update) Clearing background
[2024-01-22 22:12:54,504] [MainProcess/MainThread/INFO] (shell_startup.py/update) Creating Sprites...Drawing Background Sprites
[2024-01-22 22:12:54,504] [MainProcess/MainThread/INFO] (shell_startup.py/update) Creating Windows Spites...Drawing Window Sprites
[2024-01-22 22:12:54,522] [MainProcess/MainThread/INFO] (shell_startup.py/update) Clearing background
[2024-01-22 22:12:54,522] [MainProcess/MainThread/INFO] (shell_startup.py/update) Creating Sprites...Drawing Background Sprites
[2024-01-22 22:12:54,522] [MainProcess/MainThread/INFO] (shell_startup.py/update) Creating Windows Spites...Drawing Window Sprites
[2024-01-22 22:12:54,541] [MainProcess/MainThread/INFO] (shell_startup.py/update) Clearing background
[2024-01-22 22:12:54,541] [MainProcess/MainThread/INFO] (shell_startup.py/update) Creating Sprites...Drawing Background Sprites
[2024-01-22 22:12:54,541] [MainProcess/MainThread/INFO] (shell_startup.py/update) Creating Windows Spites...Drawing Window Sprites
[2024-01-22 22:12:54,559] [MainProcess/MainThread/INFO] (shell_startup.py/update) Clearing background
[2024-01-22 22:12:54,559] [MainProcess/MainThread/INFO] (shell_startup.py/update) Creating Sprites...Drawing Background Sprites
[2024-01-22 22:12:54,559] [MainProcess/MainThread/INFO] (shell_startup.py/update) Creating Windows Spites...Drawing Window Sprites
[2024-01-22 22:12:54,577] [MainProcess/MainThread/INFO] (shell_startup.py/update) Clearing background
[2024-01-22 22:12:54,577] [MainProcess/MainThread/INFO] (shell_startup.py/update) Creating Sprites...Drawing Background Sprites
[2024-01-22 22:12:54,577] [MainProcess/MainThread/INFO] (shell_startup.py/update) Creating Windows Spites...Drawing Window Sprites
[2024-01-22 22:12:54,595] [MainProcess/MainThread/INFO] (shell_startup.py/update) Clearing background
[2024-01-22 22:12:54,596] [MainProcess/MainThread/INFO] (shell_startup.py/update) Creating Sprites...Drawing Background Sprites
[2024-01-22 22:12:54,596] [MainProcess/MainThread/INFO] (shell_startup.py/update) Creating Windows Spites...Drawing Window Sprites
[2024-01-22 22:12:54,613] [MainProcess/MainThread/INFO] (shell_startup.py/update) Clearing background
[2024-01-22 22:12:54,613] [MainProcess/MainThread/INFO] (shell_startup.py/update) Creating Sprites...Drawing Background Sprites
[2024-01-22 22:12:54,613] [MainProcess/MainThread/INFO] (shell_startup.py/update) Creating Windows Spites...Drawing Window Sprites
[2024-01-22 22:12:54,632] [MainProcess/MainThread/INFO] (shell_startup.py/update) Clearing background
[2024-01-22 22:12:54,632] [MainProcess/MainThread/INFO] (shell_startup.py/update) Creating Sprites...Drawing Background Sprites
[2024-01-22 22:12:54,632] [MainProcess/MainThread/INFO] (shell_startup.py/update) Creating Windows Spites...Drawing Window Sprites
[2024-01-22 22:12:54,649] [MainProcess/MainThread/INFO] (shell_startup.py/update) Clearing background
[2024-01-22 22:12:54,650] [MainProcess/MainThread/INFO] (shell_startup.py/update) Creating Sprites...Drawing Background Sprites
[2024-01-22 22:12:54,650] [MainProcess/MainThread/INFO] (shell_startup.py/update) Creating Windows Spites...Drawing Window Sprites
[2024-01-22 22:12:54,668] [MainProcess/MainThread/INFO] (shell_startup.py/update) Clearing background
[2024-01-22 22:12:54,669] [MainProcess/MainThread/INFO] (shell_startup.py/update) Creating Sprites...Drawing Background Sprites
[2024-01-22 22:12:54,669] [MainProcess/MainThread/INFO] (shell_startup.py/update) Creating Windows Spites...Drawing Window Sprites
[2024-01-22 22:12:54,686] [MainProcess/MainThread/INFO] (shell_startup.py/update) Clearing background
[2024-01-22 22:12:54,686] [MainProcess/MainThread/INFO] (shell_startup.py/update) Creating Sprites...Drawing Background Sprites
[2024-01-22 22:12:54,687] [MainProcess/MainThread/INFO] (shell_startup.py/update) Creating Windows Spites...Drawing Window Sprites
[2024-01-22 22:12:54,704] [MainProcess/MainThread/INFO] (shell_startup.py/update) Clearing background
[2024-01-22 22:12:54,705] [MainProcess/MainThread/INFO] (shell_startup.py/update) Creating Sprites...Drawing Background Sprites
[2024-01-22 22:12:54,705] [MainProcess/MainThread/INFO] (shell_startup.py/update) Creating Windows Spites...Drawing Window Sprites
[2024-01-22 22:12:54,723] [MainProcess/MainThread/INFO] (shell_startup.py/update) Clearing background
[2024-01-22 22:12:54,724] [MainProcess/MainThread/INFO] (shell_startup.py/update) Creating Sprites...Drawing Background Sprites
[2024-01-22 22:12:54,724] [MainProcess/MainThread/INFO] (shell_startup.py/update) Creating Windows Spites...Drawing Window Sprites
[2024-01-22 22:12:54,741] [MainProcess/MainThread/INFO] (shell_startup.py/update) Clearing background
[2024-01-22 22:12:54,742] [MainProcess/MainThread/INFO] (shell_startup.py/update) Creating Sprites...Drawing Background Sprites
[2024-01-22 22:12:54,742] [MainProcess/MainThread/INFO] (shell_startup.py/update) Creating Windows Spites...Drawing Window Sprites
[2024-01-22 22:12:54,759] [MainProcess/MainThread/INFO] (shell_startup.py/update) Clearing background
[2024-01-22 22:12:54,759] [MainProcess/MainThread/INFO] (shell_startup.py/update) Creating Sprites...Drawing Background Sprites
[2024-01-22 22:12:54,759] [MainProcess/MainThread/INFO] (shell_startup.py/update) Creating Windows Spites...Drawing Window Sprites
[2024-01-22 22:12:54,777] [MainProcess/MainThread/INFO] (shell_startup.py/update) Clearing background
[2024-01-22 22:12:54,778] [MainProcess/MainThread/INFO] (shell_startup.py/update) Creating Sprites...Drawing Background Sprites
[2024-01-22 22:12:54,778] [MainProcess/MainThread/INFO] (shell_startup.py/update) Creating Windows Spites...Drawing Window Sprites
[2024-01-22 22:12:54,795] [MainProcess/MainThread/INFO] (shell_startup.py/update) Clearing background
[2024-01-22 22:12:54,795] [MainProcess/MainThread/INFO] (shell_startup.py/update) Creating Sprites...Drawing Background Sprites
[2024-01-22 22:12:54,795] [MainProcess/MainThread/INFO] (shell_startup.py/update) Creating Windows Spites...Drawing Window Sprites
[2024-01-22 22:12:54,814] [MainProcess/MainThread/INFO] (shell_startup.py/update) Clearing background
[2024-01-22 22:12:54,814] [MainProcess/MainThread/INFO] (shell_startup.py/update) Creating Sprites...Drawing Background Sprites
[2024-01-22 22:12:54,814] [MainProcess/MainThread/INFO] (shell_startup.py/update) Creating Windows Spites...Drawing Window Sprites
