[LOGS]
[2024-01-24 15:28:33,010] [MainProcess/MainThread/INFO] (shell_startup.py/update) Clearing background
[2024-01-24 15:28:33,010] [MainProcess/MainThread/INFO] (shell_startup.py/update) Creating Sprites...Drawing Background Sprites
[2024-01-24 15:28:33,010] [MainProcess/MainThread/INFO] (shell_startup.py/update) Creating Windows Spites...Drawing Window Sprites
[2024-01-24 15:28:33,034] [MainProcess/MainThread/INFO] (shell_startup.py/update) Clearing background
[2024-01-24 15:28:33,034] [MainProcess/MainThread/INFO] (shell_startup.py/update) Creating Sprites...Drawing Background Sprites
[2024-01-24 15:28:33,036] [MainProcess/MainThread/INFO] (shell_startup.py/update) Creating Windows Spites...Drawing Window Sprites
[2024-01-24 15:28:33,052] [MainProcess/MainThread/INFO] (shell_startup.py/update) Clearing background
[2024-01-24 15:28:33,052] [MainProcess/MainThread/INFO] (shell_startup.py/update) Creating Sprites...Drawing Background Sprites
[2024-01-24 15:28:33,052] [MainProcess/MainThread/INFO] (shell_startup.py/update) Creating Windows Spites...Drawing Window Sprites
[2024-01-24 15:28:33,072] [MainProcess/MainThread/INFO] (shell_startup.py/update) Clearing background
[2024-01-24 15:28:33,072] [MainProcess/MainThread/INFO] (shell_startup.py/update) Creating Sprites...Drawing Background Sprites
[2024-01-24 15:28:33,072] [MainProcess/MainThread/INFO] (shell_startup.py/update) Creating Windows Spites...Drawing Window Sprites
[2024-01-24 15:28:33,089] [MainProcess/MainThread/INFO] (shell_startup.py/update) Clearing background
[2024-01-24 15:28:33,089] [MainProcess/MainThread/INFO] (shell_startup.py/update) Creating Sprites...Drawing Background Sprites
[2024-01-24 15:28:33,089] [MainProcess/MainThread/INFO] (shell_startup.py/update) Creating Windows Spites...Drawing Window Sprites
[2024-01-24 15:28:33,107] [MainProcess/MainThread/INFO] (shell_startup.py/update) Clearing background
[2024-01-24 15:28:33,107] [MainProcess/MainThread/INFO] (shell_startup.py/update) Creating Sprites...Drawing Background Sprites
[2024-01-24 15:28:33,107] [MainProcess/MainThread/INFO] (shell_startup.py/update) Creating Windows Spites...Drawing Window Sprites
[2024-01-24 15:28:33,125] [MainProcess/MainThread/INFO] (shell_startup.py/update) Clearing background
[2024-01-24 15:28:33,125] [MainProcess/MainThread/INFO] (shell_startup.py/update) Creating Sprites...Drawing Background Sprites
[2024-01-24 15:28:33,125] [MainProcess/MainThread/INFO] (shell_startup.py/update) Creating Windows Spites...Drawing Window Sprites
[2024-01-24 15:28:33,144] [MainProcess/MainThread/INFO] (shell_startup.py/update) Clearing background
[2024-01-24 15:28:33,144] [MainProcess/MainThread/INFO] (shell_startup.py/update) Creating Sprites...Drawing Background Sprites
[2024-01-24 15:28:33,144] [MainProcess/MainThread/INFO] (shell_startup.py/update) Creating Windows Spites...Drawing Window Sprites
[2024-01-24 15:28:33,162] [MainProcess/MainThread/INFO] (shell_startup.py/update) Clearing background
[2024-01-24 15:28:33,162] [MainProcess/MainThread/INFO] (shell_startup.py/update) Creating Sprites...Drawing Background Sprites
[2024-01-24 15:28:33,162] [MainProcess/MainThread/INFO] (shell_startup.py/update) Creating Windows Spites...Drawing Window Sprites
[2024-01-24 15:28:33,180] [MainProcess/MainThread/INFO] (shell_startup.py/update) Clearing background
[2024-01-24 15:28:33,180] [MainProcess/MainThread/INFO] (shell_startup.py/update) Creating Sprites...Drawing Background Sprites
[2024-01-24 15:28:33,180] [MainProcess/MainThread/INFO] (shell_startup.py/update) Creating Windows Spites...Drawing Window Sprites
[2024-01-24 15:28:33,198] [MainProcess/MainThread/INFO] (shell_startup.py/update) Clearing background
[2024-01-24 15:28:33,198] [MainProcess/MainThread/INFO] (shell_startup.py/update) Creating Sprites...Drawing Background Sprites
[2024-01-24 15:28:33,198] [MainProcess/MainThread/INFO] (shell_startup.py/update) Creating Windows Spites...Drawing Window Sprites
[2024-01-24 15:28:33,215] [MainProcess/MainThread/INFO] (shell_startup.py/update) Clearing background
[2024-01-24 15:28:33,216] [MainProcess/MainThread/INFO] (shell_startup.py/update) Creating Sprites...Drawing Background Sprites
[2024-01-24 15:28:33,216] [MainProcess/MainThread/INFO] (shell_startup.py/update) Creating Windows Spites...Drawing Window Sprites
[2024-01-24 15:28:33,234] [MainProcess/MainThread/INFO] (shell_startup.py/update) Clearing background
[2024-01-24 15:28:33,234] [MainProcess/MainThread/INFO] (shell_startup.py/update) Creating Sprites...Drawing Background Sprites
[2024-01-24 15:28:33,235] [MainProcess/MainThread/INFO] (shell_startup.py/update) Creating Windows Spites...Drawing Window Sprites
[2024-01-24 15:28:33,253] [MainProcess/MainThread/INFO] (shell_startup.py/update) Clearing background
[2024-01-24 15:28:33,253] [MainProcess/MainThread/INFO] (shell_startup.py/update) Creating Sprites...Drawing Background Sprites
[2024-01-24 15:28:33,253] [MainProcess/MainThread/INFO] (shell_startup.py/update) Creating Windows Spites...Drawing Window Sprites
[2024-01-24 15:28:33,271] [MainProcess/MainThread/INFO] (shell_startup.py/update) Clearing background
[2024-01-24 15:28:33,271] [MainProcess/MainThread/INFO] (shell_startup.py/update) Creating Sprites...Drawing Background Sprites
[2024-01-24 15:28:33,271] [MainProcess/MainThread/INFO] (shell_startup.py/update) Creating Windows Spites...Drawing Window Sprites
[2024-01-24 15:28:33,289] [MainProcess/MainThread/INFO] (shell_startup.py/update) Clearing background
[2024-01-24 15:28:33,289] [MainProcess/MainThread/INFO] (shell_startup.py/update) Creating Sprites...Drawing Background Sprites
[2024-01-24 15:28:33,289] [MainProcess/MainThread/INFO] (shell_startup.py/update) Creating Windows Spites...Drawing Window Sprites
[2024-01-24 15:28:33,307] [MainProcess/MainThread/INFO] (shell_startup.py/update) Clearing background
[2024-01-24 15:28:33,307] [MainProcess/MainThread/INFO] (shell_startup.py/update) Creating Sprites...Drawing Background Sprites
[2024-01-24 15:28:33,307] [MainProcess/MainThread/INFO] (shell_startup.py/update) Creating Windows Spites...Drawing Window Sprites
[2024-01-24 15:28:33,325] [MainProcess/MainThread/INFO] (shell_startup.py/update) Clearing background
[2024-01-24 15:28:33,325] [MainProcess/MainThread/INFO] (shell_startup.py/update) Creating Sprites...Drawing Background Sprites
[2024-01-24 15:28:33,325] [MainProcess/MainThread/INFO] (shell_startup.py/update) Creating Windows Spites...Drawing Window Sprites
[2024-01-24 15:28:33,343] [MainProcess/MainThread/INFO] (shell_startup.py/update) Clearing background
[2024-01-24 15:28:33,343] [MainProcess/MainThread/INFO] (shell_startup.py/update) Creating Sprites...Drawing Background Sprites
[2024-01-24 15:28:33,343] [MainProcess/MainThread/INFO] (shell_startup.py/update) Creating Windows Spites...Drawing Window Sprites
[2024-01-24 15:28:33,361] [MainProcess/MainThread/INFO] (shell_startup.py/update) Clearing background
[2024-01-24 15:28:33,361] [MainProcess/MainThread/INFO] (shell_startup.py/update) Creating Sprites...Drawing Background Sprites
[2024-01-24 15:28:33,361] [MainProcess/MainThread/INFO] (shell_startup.py/update) Creating Windows Spites...Drawing Window Sprites
[2024-01-24 15:28:33,380] [MainProcess/MainThread/INFO] (shell_startup.py/update) Clearing background
[2024-01-24 15:28:33,380] [MainProcess/MainThread/INFO] (shell_startup.py/update) Creating Sprites...Drawing Background Sprites
[2024-01-24 15:28:33,380] [MainProcess/MainThread/INFO] (shell_startup.py/update) Creating Windows Spites...Drawing Window Sprites
[2024-01-24 15:28:33,398] [MainProcess/MainThread/INFO] (shell_startup.py/update) Clearing background
[2024-01-24 15:28:33,398] [MainProcess/MainThread/INFO] (shell_startup.py/update) Creating Sprites...Drawing Background Sprites
[2024-01-24 15:28:33,398] [MainProcess/MainThread/INFO] (shell_startup.py/update) Creating Windows Spites...Drawing Window Sprites
[2024-01-24 15:28:33,416] [MainProcess/MainThread/INFO] (shell_startup.py/update) Clearing background
[2024-01-24 15:28:33,416] [MainProcess/MainThread/INFO] (shell_startup.py/update) Creating Sprites...Drawing Background Sprites
[2024-01-24 15:28:33,416] [MainProcess/MainThread/INFO] (shell_startup.py/update) Creating Windows Spites...Drawing Window Sprites
[2024-01-24 15:28:33,434] [MainProcess/MainThread/INFO] (shell_startup.py/update) Clearing background
[2024-01-24 15:28:33,434] [MainProcess/MainThread/INFO] (shell_startup.py/update) Creating Sprites...Drawing Background Sprites
[2024-01-24 15:28:33,434] [MainProcess/MainThread/INFO] (shell_startup.py/update) Creating Windows Spites...Drawing Window Sprites
[2024-01-24 15:28:33,452] [MainProcess/MainThread/INFO] (shell_startup.py/update) Clearing background
[2024-01-24 15:28:33,452] [MainProcess/MainThread/INFO] (shell_startup.py/update) Creating Sprites...Drawing Background Sprites
[2024-01-24 15:28:33,452] [MainProcess/MainThread/INFO] (shell_startup.py/update) Creating Windows Spites...Drawing Window Sprites
[2024-01-24 15:28:33,471] [MainProcess/MainThread/INFO] (shell_startup.py/update) Clearing background
[2024-01-24 15:28:33,471] [MainProcess/MainThread/INFO] (shell_startup.py/update) Creating Sprites...Drawing Background Sprites
[2024-01-24 15:28:33,471] [MainProcess/MainThread/INFO] (shell_startup.py/update) Creating Windows Spites...Drawing Window Sprites
[2024-01-24 15:28:33,489] [MainProcess/MainThread/INFO] (shell_startup.py/update) Clearing background
[2024-01-24 15:28:33,490] [MainProcess/MainThread/INFO] (shell_startup.py/update) Creating Sprites...Drawing Background Sprites
[2024-01-24 15:28:33,490] [MainProcess/MainThread/INFO] (shell_startup.py/update) Creating Windows Spites...Drawing Window Sprites
[2024-01-24 15:28:33,507] [MainProcess/MainThread/INFO] (shell_startup.py/update) Clearing background
[2024-01-24 15:28:33,508] [MainProcess/MainThread/INFO] (shell_startup.py/update) Creating Sprites...Drawing Background Sprites
[2024-01-24 15:28:33,508] [MainProcess/MainThread/INFO] (shell_startup.py/update) Creating Windows Spites...Drawing Window Sprites
[2024-01-24 15:28:33,525] [MainProcess/MainThread/INFO] (shell_startup.py/update) Clearing background
[2024-01-24 15:28:33,525] [MainProcess/MainThread/INFO] (shell_startup.py/update) Creating Sprites...Drawing Background Sprites
[2024-01-24 15:28:33,525] [MainProcess/MainThread/INFO] (shell_startup.py/update) Creating Windows Spites...Drawing Window Sprites
[2024-01-24 15:28:33,543] [MainProcess/MainThread/INFO] (shell_startup.py/update) Clearing background
[2024-01-24 15:28:33,543] [MainProcess/MainThread/INFO] (shell_startup.py/update) Creating Sprites...Drawing Background Sprites
[2024-01-24 15:28:33,543] [MainProcess/MainThread/INFO] (shell_startup.py/update) Creating Windows Spites...Drawing Window Sprites
[2024-01-24 15:28:33,562] [MainProcess/MainThread/INFO] (shell_startup.py/update) Clearing background
[2024-01-24 15:28:33,562] [MainProcess/MainThread/INFO] (shell_startup.py/update) Creating Sprites...Drawing Background Sprites
[2024-01-24 15:28:33,562] [MainProcess/MainThread/INFO] (shell_startup.py/update) Creating Windows Spites...Drawing Window Sprites
[2024-01-24 15:28:33,580] [MainProcess/MainThread/INFO] (shell_startup.py/update) Clearing background
[2024-01-24 15:28:33,580] [MainProcess/MainThread/INFO] (shell_startup.py/update) Creating Sprites...Drawing Background Sprites
[2024-01-24 15:28:33,581] [MainProcess/MainThread/INFO] (shell_startup.py/update) Creating Windows Spites...Drawing Window Sprites
[2024-01-24 15:28:33,598] [MainProcess/MainThread/INFO] (shell_startup.py/update) Clearing background
[2024-01-24 15:28:33,598] [MainProcess/MainThread/INFO] (shell_startup.py/update) Creating Sprites...Drawing Background Sprites
[2024-01-24 15:28:33,598] [MainProcess/MainThread/INFO] (shell_startup.py/update) Creating Windows Spites...Drawing Window Sprites
[2024-01-24 15:28:33,616] [MainProcess/MainThread/INFO] (shell_startup.py/update) Clearing background
[2024-01-24 15:28:33,616] [MainProcess/MainThread/INFO] (shell_startup.py/update) Creating Sprites...Drawing Background Sprites
[2024-01-24 15:28:33,616] [MainProcess/MainThread/INFO] (shell_startup.py/update) Creating Windows Spites...Drawing Window Sprites
[2024-01-24 15:28:33,635] [MainProcess/MainThread/INFO] (shell_startup.py/update) Clearing background
[2024-01-24 15:28:33,635] [MainProcess/MainThread/INFO] (shell_startup.py/update) Creating Sprites...Drawing Background Sprites
[2024-01-24 15:28:33,635] [MainProcess/MainThread/INFO] (shell_startup.py/update) Creating Windows Spites...Drawing Window Sprites
[2024-01-24 15:28:33,652] [MainProcess/MainThread/INFO] (shell_startup.py/update) Clearing background
[2024-01-24 15:28:33,653] [MainProcess/MainThread/INFO] (shell_startup.py/update) Creating Sprites...Drawing Background Sprites
[2024-01-24 15:28:33,653] [MainProcess/MainThread/INFO] (shell_startup.py/update) Creating Windows Spites...Drawing Window Sprites
[2024-01-24 15:28:33,671] [MainProcess/MainThread/INFO] (shell_startup.py/update) Clearing background
[2024-01-24 15:28:33,671] [MainProcess/MainThread/INFO] (shell_startup.py/update) Creating Sprites...Drawing Background Sprites
[2024-01-24 15:28:33,671] [MainProcess/MainThread/INFO] (shell_startup.py/update) Creating Windows Spites...Drawing Window Sprites
[2024-01-24 15:28:33,690] [MainProcess/MainThread/INFO] (shell_startup.py/update) Clearing background
[2024-01-24 15:28:33,690] [MainProcess/MainThread/INFO] (shell_startup.py/update) Creating Sprites...Drawing Background Sprites
[2024-01-24 15:28:33,690] [MainProcess/MainThread/INFO] (shell_startup.py/update) Creating Windows Spites...Drawing Window Sprites
[2024-01-24 15:28:33,707] [MainProcess/MainThread/INFO] (shell_startup.py/update) Clearing background
[2024-01-24 15:28:33,707] [MainProcess/MainThread/INFO] (shell_startup.py/update) Creating Sprites...Drawing Background Sprites
[2024-01-24 15:28:33,707] [MainProcess/MainThread/INFO] (shell_startup.py/update) Creating Windows Spites...Drawing Window Sprites
[2024-01-24 15:28:33,725] [MainProcess/MainThread/INFO] (shell_startup.py/update) Clearing background
[2024-01-24 15:28:33,726] [MainProcess/MainThread/INFO] (shell_startup.py/update) Creating Sprites...Drawing Background Sprites
[2024-01-24 15:28:33,726] [MainProcess/MainThread/INFO] (shell_startup.py/update) Creating Windows Spites...Drawing Window Sprites
[2024-01-24 15:28:33,744] [MainProcess/MainThread/INFO] (shell_startup.py/update) Clearing background
[2024-01-24 15:28:33,744] [MainProcess/MainThread/INFO] (shell_startup.py/update) Creating Sprites...Drawing Background Sprites
[2024-01-24 15:28:33,744] [MainProcess/MainThread/INFO] (shell_startup.py/update) Creating Windows Spites...Drawing Window Sprites
[2024-01-24 15:28:33,761] [MainProcess/MainThread/INFO] (shell_startup.py/update) Clearing background
[2024-01-24 15:28:33,762] [MainProcess/MainThread/INFO] (shell_startup.py/update) Creating Sprites...Drawing Background Sprites
[2024-01-24 15:28:33,762] [MainProcess/MainThread/INFO] (shell_startup.py/update) Creating Windows Spites...Drawing Window Sprites
[2024-01-24 15:28:33,780] [MainProcess/MainThread/INFO] (shell_startup.py/update) Clearing background
[2024-01-24 15:28:33,780] [MainProcess/MainThread/INFO] (shell_startup.py/update) Creating Sprites...Drawing Background Sprites
[2024-01-24 15:28:33,780] [MainProcess/MainThread/INFO] (shell_startup.py/update) Creating Windows Spites...Drawing Window Sprites
[2024-01-24 15:28:33,798] [MainProcess/MainThread/INFO] (shell_startup.py/update) Clearing background
[2024-01-24 15:28:33,798] [MainProcess/MainThread/INFO] (shell_startup.py/update) Creating Sprites...Drawing Background Sprites
[2024-01-24 15:28:33,798] [MainProcess/MainThread/INFO] (shell_startup.py/update) Creating Windows Spites...Drawing Window Sprites
[2024-01-24 15:28:33,817] [MainProcess/MainThread/INFO] (shell_startup.py/update) Clearing background
[2024-01-24 15:28:33,817] [MainProcess/MainThread/INFO] (shell_startup.py/update) Creating Sprites...Drawing Background Sprites
[2024-01-24 15:28:33,817] [MainProcess/MainThread/INFO] (shell_startup.py/update) Creating Windows Spites...Drawing Window Sprites
[2024-01-24 15:28:33,835] [MainProcess/MainThread/INFO] (shell_startup.py/update) Clearing background
[2024-01-24 15:28:33,836] [MainProcess/MainThread/INFO] (shell_startup.py/update) Creating Sprites...Drawing Background Sprites
[2024-01-24 15:28:33,836] [MainProcess/MainThread/INFO] (shell_startup.py/update) Creating Windows Spites...Drawing Window Sprites
[2024-01-24 15:28:33,853] [MainProcess/MainThread/INFO] (shell_startup.py/update) Clearing background
[2024-01-24 15:28:33,854] [MainProcess/MainThread/INFO] (shell_startup.py/update) Creating Sprites...Drawing Background Sprites
[2024-01-24 15:28:33,854] [MainProcess/MainThread/INFO] (shell_startup.py/update) Creating Windows Spites...Drawing Window Sprites
[2024-01-24 15:28:33,871] [MainProcess/MainThread/INFO] (shell_startup.py/update) Clearing background
[2024-01-24 15:28:33,871] [MainProcess/MainThread/INFO] (shell_startup.py/update) Creating Sprites...Drawing Background Sprites
[2024-01-24 15:28:33,871] [MainProcess/MainThread/INFO] (shell_startup.py/update) Creating Windows Spites...Drawing Window Sprites
[2024-01-24 15:28:33,889] [MainProcess/MainThread/INFO] (shell_startup.py/update) Clearing background
[2024-01-24 15:28:33,890] [MainProcess/MainThread/INFO] (shell_startup.py/update) Creating Sprites...Drawing Background Sprites
[2024-01-24 15:28:33,890] [MainProcess/MainThread/INFO] (shell_startup.py/update) Creating Windows Spites...Drawing Window Sprites
[2024-01-24 15:28:33,907] [MainProcess/MainThread/INFO] (shell_startup.py/update) Clearing background
[2024-01-24 15:28:33,907] [MainProcess/MainThread/INFO] (shell_startup.py/update) Creating Sprites...Drawing Background Sprites
[2024-01-24 15:28:33,907] [MainProcess/MainThread/INFO] (shell_startup.py/update) Creating Windows Spites...Drawing Window Sprites
[2024-01-24 15:28:33,925] [MainProcess/MainThread/INFO] (shell_startup.py/update) Clearing background
[2024-01-24 15:28:33,925] [MainProcess/MainThread/INFO] (shell_startup.py/update) Creating Sprites...Drawing Background Sprites
[2024-01-24 15:28:33,926] [MainProcess/MainThread/INFO] (shell_startup.py/update) Creating Windows Spites...Drawing Window Sprites
[2024-01-24 15:28:33,943] [MainProcess/MainThread/INFO] (shell_startup.py/update) Clearing background
[2024-01-24 15:28:33,943] [MainProcess/MainThread/INFO] (shell_startup.py/update) Creating Sprites...Drawing Background Sprites
[2024-01-24 15:28:33,943] [MainProcess/MainThread/INFO] (shell_startup.py/update) Creating Windows Spites...Drawing Window Sprites
[2024-01-24 15:28:33,961] [MainProcess/MainThread/INFO] (shell_startup.py/update) Clearing background
[2024-01-24 15:28:33,961] [MainProcess/MainThread/INFO] (shell_startup.py/update) Creating Sprites...Drawing Background Sprites
[2024-01-24 15:28:33,962] [MainProcess/MainThread/INFO] (shell_startup.py/update) Creating Windows Spites...Drawing Window Sprites
[2024-01-24 15:28:33,979] [MainProcess/MainThread/INFO] (shell_startup.py/update) Clearing background
[2024-01-24 15:28:33,980] [MainProcess/MainThread/INFO] (shell_startup.py/update) Creating Sprites...Drawing Background Sprites
[2024-01-24 15:28:33,980] [MainProcess/MainThread/INFO] (shell_startup.py/update) Creating Windows Spites...Drawing Window Sprites
[2024-01-24 15:28:33,998] [MainProcess/MainThread/INFO] (shell_startup.py/update) Clearing background
[2024-01-24 15:28:33,998] [MainProcess/MainThread/INFO] (shell_startup.py/update) Creating Sprites...Drawing Background Sprites
[2024-01-24 15:28:33,998] [MainProcess/MainThread/INFO] (shell_startup.py/update) Creating Windows Spites...Drawing Window Sprites
[2024-01-24 15:28:34,016] [MainProcess/MainThread/INFO] (shell_startup.py/update) Clearing background
[2024-01-24 15:28:34,017] [MainProcess/MainThread/INFO] (shell_startup.py/update) Creating Sprites...Drawing Background Sprites
[2024-01-24 15:28:34,017] [MainProcess/MainThread/INFO] (shell_startup.py/update) Creating Windows Spites...Drawing Window Sprites
[2024-01-24 15:28:34,035] [MainProcess/MainThread/INFO] (shell_startup.py/update) Clearing background
[2024-01-24 15:28:34,035] [MainProcess/MainThread/INFO] (shell_startup.py/update) Creating Sprites...Drawing Background Sprites
[2024-01-24 15:28:34,035] [MainProcess/MainThread/INFO] (shell_startup.py/update) Creating Windows Spites...Drawing Window Sprites
[2024-01-24 15:28:34,053] [MainProcess/MainThread/INFO] (shell_startup.py/update) Clearing background
[2024-01-24 15:28:34,053] [MainProcess/MainThread/INFO] (shell_startup.py/update) Creating Sprites...Drawing Background Sprites
[2024-01-24 15:28:34,053] [MainProcess/MainThread/INFO] (shell_startup.py/update) Creating Windows Spites...Drawing Window Sprites
[2024-01-24 15:28:34,071] [MainProcess/MainThread/INFO] (shell_startup.py/update) Clearing background
[2024-01-24 15:28:34,071] [MainProcess/MainThread/INFO] (shell_startup.py/update) Creating Sprites...Drawing Background Sprites
[2024-01-24 15:28:34,071] [MainProcess/MainThread/INFO] (shell_startup.py/update) Creating Windows Spites...Drawing Window Sprites
[2024-01-24 15:28:34,090] [MainProcess/MainThread/INFO] (shell_startup.py/update) Clearing background
[2024-01-24 15:28:34,090] [MainProcess/MainThread/INFO] (shell_startup.py/update) Creating Sprites...Drawing Background Sprites
[2024-01-24 15:28:34,090] [MainProcess/MainThread/INFO] (shell_startup.py/update) Creating Windows Spites...Drawing Window Sprites
[2024-01-24 15:28:34,108] [MainProcess/MainThread/INFO] (shell_startup.py/update) Clearing background
[2024-01-24 15:28:34,108] [MainProcess/MainThread/INFO] (shell_startup.py/update) Creating Sprites...Drawing Background Sprites
[2024-01-24 15:28:34,108] [MainProcess/MainThread/INFO] (shell_startup.py/update) Creating Windows Spites...Drawing Window Sprites
[2024-01-24 15:28:34,125] [MainProcess/MainThread/INFO] (shell_startup.py/update) Clearing background
[2024-01-24 15:28:34,126] [MainProcess/MainThread/INFO] (shell_startup.py/update) Creating Sprites...Drawing Background Sprites
[2024-01-24 15:28:34,126] [MainProcess/MainThread/INFO] (shell_startup.py/update) Creating Windows Spites...Drawing Window Sprites
[2024-01-24 15:28:34,143] [MainProcess/MainThread/INFO] (shell_startup.py/update) Clearing background
[2024-01-24 15:28:34,144] [MainProcess/MainThread/INFO] (shell_startup.py/update) Creating Sprites...Drawing Background Sprites
[2024-01-24 15:28:34,144] [MainProcess/MainThread/INFO] (shell_startup.py/update) Creating Windows Spites...Drawing Window Sprites
[2024-01-24 15:28:34,162] [MainProcess/MainThread/INFO] (shell_startup.py/update) Clearing background
[2024-01-24 15:28:34,162] [MainProcess/MainThread/INFO] (shell_startup.py/update) Creating Sprites...Drawing Background Sprites
[2024-01-24 15:28:34,162] [MainProcess/MainThread/INFO] (shell_startup.py/update) Creating Windows Spites...Drawing Window Sprites
[2024-01-24 15:28:34,180] [MainProcess/MainThread/INFO] (shell_startup.py/update) Clearing background
[2024-01-24 15:28:34,181] [MainProcess/MainThread/INFO] (shell_startup.py/update) Creating Sprites...Drawing Background Sprites
[2024-01-24 15:28:34,181] [MainProcess/MainThread/INFO] (shell_startup.py/update) Creating Windows Spites...Drawing Window Sprites
[2024-01-24 15:28:34,199] [MainProcess/MainThread/INFO] (shell_startup.py/update) Clearing background
[2024-01-24 15:28:34,199] [MainProcess/MainThread/INFO] (shell_startup.py/update) Creating Sprites...Drawing Background Sprites
[2024-01-24 15:28:34,199] [MainProcess/MainThread/INFO] (shell_startup.py/update) Creating Windows Spites...Drawing Window Sprites
[2024-01-24 15:28:34,217] [MainProcess/MainThread/INFO] (shell_startup.py/update) Clearing background
[2024-01-24 15:28:34,218] [MainProcess/MainThread/INFO] (shell_startup.py/update) Creating Sprites...Drawing Background Sprites
[2024-01-24 15:28:34,218] [MainProcess/MainThread/INFO] (shell_startup.py/update) Creating Windows Spites...Drawing Window Sprites
[2024-01-24 15:28:34,235] [MainProcess/MainThread/INFO] (shell_startup.py/update) Clearing background
[2024-01-24 15:28:34,235] [MainProcess/MainThread/INFO] (shell_startup.py/update) Creating Sprites...Drawing Background Sprites
[2024-01-24 15:28:34,235] [MainProcess/MainThread/INFO] (shell_startup.py/update) Creating Windows Spites...Drawing Window Sprites
[2024-01-24 15:28:34,253] [MainProcess/MainThread/INFO] (shell_startup.py/update) Clearing background
[2024-01-24 15:28:34,254] [MainProcess/MainThread/INFO] (shell_startup.py/update) Creating Sprites...Drawing Background Sprites
[2024-01-24 15:28:34,254] [MainProcess/MainThread/INFO] (shell_startup.py/update) Creating Windows Spites...Drawing Window Sprites
[2024-01-24 15:28:34,271] [MainProcess/MainThread/INFO] (shell_startup.py/update) Clearing background
[2024-01-24 15:28:34,271] [MainProcess/MainThread/INFO] (shell_startup.py/update) Creating Sprites...Drawing Background Sprites
[2024-01-24 15:28:34,271] [MainProcess/MainThread/INFO] (shell_startup.py/update) Creating Windows Spites...Drawing Window Sprites
[2024-01-24 15:28:34,290] [MainProcess/MainThread/INFO] (shell_startup.py/update) Clearing background
[2024-01-24 15:28:34,290] [MainProcess/MainThread/INFO] (shell_startup.py/update) Creating Sprites...Drawing Background Sprites
[2024-01-24 15:28:34,290] [MainProcess/MainThread/INFO] (shell_startup.py/update) Creating Windows Spites...Drawing Window Sprites
[2024-01-24 15:28:34,307] [MainProcess/MainThread/INFO] (shell_startup.py/update) Clearing background
[2024-01-24 15:28:34,309] [MainProcess/MainThread/INFO] (shell_startup.py/update) Creating Sprites...Drawing Background Sprites
[2024-01-24 15:28:34,309] [MainProcess/MainThread/INFO] (shell_startup.py/update) Creating Windows Spites...Drawing Window Sprites
[2024-01-24 15:28:34,326] [MainProcess/MainThread/INFO] (shell_startup.py/update) Clearing background
[2024-01-24 15:28:34,327] [MainProcess/MainThread/INFO] (shell_startup.py/update) Creating Sprites...Drawing Background Sprites
[2024-01-24 15:28:34,327] [MainProcess/MainThread/INFO] (shell_startup.py/update) Creating Windows Spites...Drawing Window Sprites
[2024-01-24 15:28:34,344] [MainProcess/MainThread/INFO] (shell_startup.py/update) Clearing background
[2024-01-24 15:28:34,345] [MainProcess/MainThread/INFO] (shell_startup.py/update) Creating Sprites...Drawing Background Sprites
[2024-01-24 15:28:34,345] [MainProcess/MainThread/INFO] (shell_startup.py/update) Creating Windows Spites...Drawing Window Sprites
[2024-01-24 15:28:34,363] [MainProcess/MainThread/INFO] (shell_startup.py/update) Clearing background
[2024-01-24 15:28:34,363] [MainProcess/MainThread/INFO] (shell_startup.py/update) Creating Sprites...Drawing Background Sprites
[2024-01-24 15:28:34,363] [MainProcess/MainThread/INFO] (shell_startup.py/update) Creating Windows Spites...Drawing Window Sprites
[2024-01-24 15:28:34,380] [MainProcess/MainThread/INFO] (shell_startup.py/update) Clearing background
[2024-01-24 15:28:34,380] [MainProcess/MainThread/INFO] (shell_startup.py/update) Creating Sprites...Drawing Background Sprites
[2024-01-24 15:28:34,381] [MainProcess/MainThread/INFO] (shell_startup.py/update) Creating Windows Spites...Drawing Window Sprites
[2024-01-24 15:28:34,399] [MainProcess/MainThread/INFO] (shell_startup.py/update) Clearing background
[2024-01-24 15:28:34,399] [MainProcess/MainThread/INFO] (shell_startup.py/update) Creating Sprites...Drawing Background Sprites
[2024-01-24 15:28:34,400] [MainProcess/MainThread/INFO] (shell_startup.py/update) Creating Windows Spites...Drawing Window Sprites
[2024-01-24 15:28:34,417] [MainProcess/MainThread/INFO] (shell_startup.py/update) Clearing background
[2024-01-24 15:28:34,418] [MainProcess/MainThread/INFO] (shell_startup.py/update) Creating Sprites...Drawing Background Sprites
[2024-01-24 15:28:34,418] [MainProcess/MainThread/INFO] (shell_startup.py/update) Creating Windows Spites...Drawing Window Sprites
[2024-01-24 15:28:34,435] [MainProcess/MainThread/INFO] (shell_startup.py/update) Clearing background
[2024-01-24 15:28:34,435] [MainProcess/MainThread/INFO] (shell_startup.py/update) Creating Sprites...Drawing Background Sprites
[2024-01-24 15:28:34,435] [MainProcess/MainThread/INFO] (shell_startup.py/update) Creating Windows Spites...Drawing Window Sprites
[2024-01-24 15:28:34,453] [MainProcess/MainThread/INFO] (shell_startup.py/update) Clearing background
[2024-01-24 15:28:34,454] [MainProcess/MainThread/INFO] (shell_startup.py/update) Creating Sprites...Drawing Background Sprites
[2024-01-24 15:28:34,454] [MainProcess/MainThread/INFO] (shell_startup.py/update) Creating Windows Spites...Drawing Window Sprites
[2024-01-24 15:28:34,472] [MainProcess/MainThread/INFO] (shell_startup.py/update) Clearing background
[2024-01-24 15:28:34,472] [MainProcess/MainThread/INFO] (shell_startup.py/update) Creating Sprites...Drawing Background Sprites
[2024-01-24 15:28:34,472] [MainProcess/MainThread/INFO] (shell_startup.py/update) Creating Windows Spites...Drawing Window Sprites
[2024-01-24 15:28:34,490] [MainProcess/MainThread/INFO] (shell_startup.py/update) Clearing background
[2024-01-24 15:28:34,490] [MainProcess/MainThread/INFO] (shell_startup.py/update) Creating Sprites...Drawing Background Sprites
[2024-01-24 15:28:34,490] [MainProcess/MainThread/INFO] (shell_startup.py/update) Creating Windows Spites...Drawing Window Sprites
[2024-01-24 15:28:34,508] [MainProcess/MainThread/INFO] (shell_startup.py/update) Clearing background
[2024-01-24 15:28:34,508] [MainProcess/MainThread/INFO] (shell_startup.py/update) Creating Sprites...Drawing Background Sprites
[2024-01-24 15:28:34,508] [MainProcess/MainThread/INFO] (shell_startup.py/update) Creating Windows Spites...Drawing Window Sprites
[2024-01-24 15:28:34,526] [MainProcess/MainThread/INFO] (shell_startup.py/update) Clearing background
[2024-01-24 15:28:34,526] [MainProcess/MainThread/INFO] (shell_startup.py/update) Creating Sprites...Drawing Background Sprites
[2024-01-24 15:28:34,527] [MainProcess/MainThread/INFO] (shell_startup.py/update) Creating Windows Spites...Drawing Window Sprites
[2024-01-24 15:28:34,545] [MainProcess/MainThread/INFO] (shell_startup.py/update) Clearing background
[2024-01-24 15:28:34,545] [MainProcess/MainThread/INFO] (shell_startup.py/update) Creating Sprites...Drawing Background Sprites
[2024-01-24 15:28:34,545] [MainProcess/MainThread/INFO] (shell_startup.py/update) Creating Windows Spites...Drawing Window Sprites
[2024-01-24 15:28:34,563] [MainProcess/MainThread/INFO] (shell_startup.py/update) Clearing background
[2024-01-24 15:28:34,563] [MainProcess/MainThread/INFO] (shell_startup.py/update) Creating Sprites...Drawing Background Sprites
[2024-01-24 15:28:34,563] [MainProcess/MainThread/INFO] (shell_startup.py/update) Creating Windows Spites...Drawing Window Sprites
[2024-01-24 15:28:34,581] [MainProcess/MainThread/INFO] (shell_startup.py/update) Clearing background
[2024-01-24 15:28:34,581] [MainProcess/MainThread/INFO] (shell_startup.py/update) Creating Sprites...Drawing Background Sprites
[2024-01-24 15:28:34,582] [MainProcess/MainThread/INFO] (shell_startup.py/update) Creating Windows Spites...Drawing Window Sprites
[2024-01-24 15:28:34,599] [MainProcess/MainThread/INFO] (shell_startup.py/update) Clearing background
[2024-01-24 15:28:34,599] [MainProcess/MainThread/INFO] (shell_startup.py/update) Creating Sprites...Drawing Background Sprites
[2024-01-24 15:28:34,599] [MainProcess/MainThread/INFO] (shell_startup.py/update) Creating Windows Spites...Drawing Window Sprites
[2024-01-24 15:28:34,617] [MainProcess/MainThread/INFO] (shell_startup.py/update) Clearing background
[2024-01-24 15:28:34,617] [MainProcess/MainThread/INFO] (shell_startup.py/update) Creating Sprites...Drawing Background Sprites
[2024-01-24 15:28:34,617] [MainProcess/MainThread/INFO] (shell_startup.py/update) Creating Windows Spites...Drawing Window Sprites
[2024-01-24 15:28:34,635] [MainProcess/MainThread/INFO] (shell_startup.py/update) Clearing background
[2024-01-24 15:28:34,636] [MainProcess/MainThread/INFO] (shell_startup.py/update) Creating Sprites...Drawing Background Sprites
[2024-01-24 15:28:34,636] [MainProcess/MainThread/INFO] (shell_startup.py/update) Creating Windows Spites...Drawing Window Sprites
[2024-01-24 15:28:34,654] [MainProcess/MainThread/INFO] (shell_startup.py/update) Clearing background
[2024-01-24 15:28:34,654] [MainProcess/MainThread/INFO] (shell_startup.py/update) Creating Sprites...Drawing Background Sprites
[2024-01-24 15:28:34,654] [MainProcess/MainThread/INFO] (shell_startup.py/update) Creating Windows Spites...Drawing Window Sprites
[2024-01-24 15:28:34,672] [MainProcess/MainThread/INFO] (shell_startup.py/update) Clearing background
[2024-01-24 15:28:34,672] [MainProcess/MainThread/INFO] (shell_startup.py/update) Creating Sprites...Drawing Background Sprites
[2024-01-24 15:28:34,672] [MainProcess/MainThread/INFO] (shell_startup.py/update) Creating Windows Spites...Drawing Window Sprites
[2024-01-24 15:28:34,690] [MainProcess/MainThread/INFO] (shell_startup.py/update) Clearing background
[2024-01-24 15:28:34,690] [MainProcess/MainThread/INFO] (shell_startup.py/update) Creating Sprites...Drawing Background Sprites
[2024-01-24 15:28:34,690] [MainProcess/MainThread/INFO] (shell_startup.py/update) Creating Windows Spites...Drawing Window Sprites
[2024-01-24 15:28:34,708] [MainProcess/MainThread/INFO] (shell_startup.py/update) Clearing background
[2024-01-24 15:28:34,708] [MainProcess/MainThread/INFO] (shell_startup.py/update) Creating Sprites...Drawing Background Sprites
[2024-01-24 15:28:34,708] [MainProcess/MainThread/INFO] (shell_startup.py/update) Creating Windows Spites...Drawing Window Sprites
[2024-01-24 15:28:34,726] [MainProcess/MainThread/INFO] (shell_startup.py/update) Clearing background
[2024-01-24 15:28:34,726] [MainProcess/MainThread/INFO] (shell_startup.py/update) Creating Sprites...Drawing Background Sprites
[2024-01-24 15:28:34,726] [MainProcess/MainThread/INFO] (shell_startup.py/update) Creating Windows Spites...Drawing Window Sprites
[2024-01-24 15:28:34,745] [MainProcess/MainThread/INFO] (shell_startup.py/update) Clearing background
[2024-01-24 15:28:34,745] [MainProcess/MainThread/INFO] (shell_startup.py/update) Creating Sprites...Drawing Background Sprites
[2024-01-24 15:28:34,745] [MainProcess/MainThread/INFO] (shell_startup.py/update) Creating Windows Spites...Drawing Window Sprites
[2024-01-24 15:28:34,762] [MainProcess/MainThread/INFO] (shell_startup.py/update) Clearing background
[2024-01-24 15:28:34,763] [MainProcess/MainThread/INFO] (shell_startup.py/update) Creating Sprites...Drawing Background Sprites
[2024-01-24 15:28:34,763] [MainProcess/MainThread/INFO] (shell_startup.py/update) Creating Windows Spites...Drawing Window Sprites
[2024-01-24 15:28:34,781] [MainProcess/MainThread/INFO] (shell_startup.py/update) Clearing background
[2024-01-24 15:28:34,781] [MainProcess/MainThread/INFO] (shell_startup.py/update) Creating Sprites...Drawing Background Sprites
[2024-01-24 15:28:34,781] [MainProcess/MainThread/INFO] (shell_startup.py/update) Creating Windows Spites...Drawing Window Sprites
[2024-01-24 15:28:34,799] [MainProcess/MainThread/INFO] (shell_startup.py/update) Clearing background
[2024-01-24 15:28:34,799] [MainProcess/MainThread/INFO] (shell_startup.py/update) Creating Sprites...Drawing Background Sprites
[2024-01-24 15:28:34,799] [MainProcess/MainThread/INFO] (shell_startup.py/update) Creating Windows Spites...Drawing Window Sprites
[2024-01-24 15:28:34,817] [MainProcess/MainThread/INFO] (shell_startup.py/update) Clearing background
[2024-01-24 15:28:34,817] [MainProcess/MainThread/INFO] (shell_startup.py/update) Creating Sprites...Drawing Background Sprites
[2024-01-24 15:28:34,817] [MainProcess/MainThread/INFO] (shell_startup.py/update) Creating Windows Spites...Drawing Window Sprites
[2024-01-24 15:28:34,836] [MainProcess/MainThread/INFO] (shell_startup.py/update) Clearing background
[2024-01-24 15:28:34,836] [MainProcess/MainThread/INFO] (shell_startup.py/update) Creating Sprites...Drawing Background Sprites
[2024-01-24 15:28:34,837] [MainProcess/MainThread/INFO] (shell_startup.py/update) Creating Windows Spites...Drawing Window Sprites
[2024-01-24 15:28:34,854] [MainProcess/MainThread/INFO] (shell_startup.py/update) Clearing background
[2024-01-24 15:28:34,854] [MainProcess/MainThread/INFO] (shell_startup.py/update) Creating Sprites...Drawing Background Sprites
[2024-01-24 15:28:34,854] [MainProcess/MainThread/INFO] (shell_startup.py/update) Creating Windows Spites...Drawing Window Sprites
[2024-01-24 15:28:34,872] [MainProcess/MainThread/INFO] (shell_startup.py/update) Clearing background
[2024-01-24 15:28:34,872] [MainProcess/MainThread/INFO] (shell_startup.py/update) Creating Sprites...Drawing Background Sprites
[2024-01-24 15:28:34,872] [MainProcess/MainThread/INFO] (shell_startup.py/update) Creating Windows Spites...Drawing Window Sprites
[2024-01-24 15:28:34,890] [MainProcess/MainThread/INFO] (shell_startup.py/update) Clearing background
[2024-01-24 15:28:34,890] [MainProcess/MainThread/INFO] (shell_startup.py/update) Creating Sprites...Drawing Background Sprites
[2024-01-24 15:28:34,890] [MainProcess/MainThread/INFO] (shell_startup.py/update) Creating Windows Spites...Drawing Window Sprites
[2024-01-24 15:28:34,908] [MainProcess/MainThread/INFO] (shell_startup.py/update) Clearing background
[2024-01-24 15:28:34,908] [MainProcess/MainThread/INFO] (shell_startup.py/update) Creating Sprites...Drawing Background Sprites
[2024-01-24 15:28:34,908] [MainProcess/MainThread/INFO] (shell_startup.py/update) Creating Windows Spites...Drawing Window Sprites
[2024-01-24 15:28:34,927] [MainProcess/MainThread/INFO] (shell_startup.py/update) Clearing background
[2024-01-24 15:28:34,927] [MainProcess/MainThread/INFO] (shell_startup.py/update) Creating Sprites...Drawing Background Sprites
[2024-01-24 15:28:34,927] [MainProcess/MainThread/INFO] (shell_startup.py/update) Creating Windows Spites...Drawing Window Sprites
[2024-01-24 15:28:34,945] [MainProcess/MainThread/INFO] (shell_startup.py/update) Clearing background
[2024-01-24 15:28:34,946] [MainProcess/MainThread/INFO] (shell_startup.py/update) Creating Sprites...Drawing Background Sprites
[2024-01-24 15:28:34,946] [MainProcess/MainThread/INFO] (shell_startup.py/update) Creating Windows Spites...Drawing Window Sprites
[2024-01-24 15:28:34,963] [MainProcess/MainThread/INFO] (shell_startup.py/update) Clearing background
[2024-01-24 15:28:34,963] [MainProcess/MainThread/INFO] (shell_startup.py/update) Creating Sprites...Drawing Background Sprites
[2024-01-24 15:28:34,963] [MainProcess/MainThread/INFO] (shell_startup.py/update) Creating Windows Spites...Drawing Window Sprites
[2024-01-24 15:28:34,981] [MainProcess/MainThread/INFO] (shell_startup.py/update) Clearing background
[2024-01-24 15:28:34,981] [MainProcess/MainThread/INFO] (shell_startup.py/update) Creating Sprites...Drawing Background Sprites
[2024-01-24 15:28:34,981] [MainProcess/MainThread/INFO] (shell_startup.py/update) Creating Windows Spites...Drawing Window Sprites
[2024-01-24 15:28:34,999] [MainProcess/MainThread/INFO] (shell_startup.py/update) Clearing background
[2024-01-24 15:28:35,000] [MainProcess/MainThread/INFO] (shell_startup.py/update) Creating Sprites...Drawing Background Sprites
[2024-01-24 15:28:35,000] [MainProcess/MainThread/INFO] (shell_startup.py/update) Creating Windows Spites...Drawing Window Sprites
[2024-01-24 15:28:35,018] [MainProcess/MainThread/INFO] (shell_startup.py/update) Clearing background
[2024-01-24 15:28:35,018] [MainProcess/MainThread/INFO] (shell_startup.py/update) Creating Sprites...Drawing Background Sprites
[2024-01-24 15:28:35,018] [MainProcess/MainThread/INFO] (shell_startup.py/update) Creating Windows Spites...Drawing Window Sprites
[2024-01-24 15:28:35,036] [MainProcess/MainThread/INFO] (shell_startup.py/update) Clearing background
[2024-01-24 15:28:35,036] [MainProcess/MainThread/INFO] (shell_startup.py/update) Creating Sprites...Drawing Background Sprites
[2024-01-24 15:28:35,036] [MainProcess/MainThread/INFO] (shell_startup.py/update) Creating Windows Spites...Drawing Window Sprites
[2024-01-24 15:28:35,055] [MainProcess/MainThread/INFO] (shell_startup.py/update) Clearing background
[2024-01-24 15:28:35,055] [MainProcess/MainThread/INFO] (shell_startup.py/update) Creating Sprites...Drawing Background Sprites
[2024-01-24 15:28:35,055] [MainProcess/MainThread/INFO] (shell_startup.py/update) Creating Windows Spites...Drawing Window Sprites
[2024-01-24 15:28:35,072] [MainProcess/MainThread/INFO] (shell_startup.py/update) Clearing background
[2024-01-24 15:28:35,073] [MainProcess/MainThread/INFO] (shell_startup.py/update) Creating Sprites...Drawing Background Sprites
[2024-01-24 15:28:35,073] [MainProcess/MainThread/INFO] (shell_startup.py/update) Creating Windows Spites...Drawing Window Sprites
[2024-01-24 15:28:35,090] [MainProcess/MainThread/INFO] (shell_startup.py/update) Clearing background
[2024-01-24 15:28:35,090] [MainProcess/MainThread/INFO] (shell_startup.py/update) Creating Sprites...Drawing Background Sprites
[2024-01-24 15:28:35,091] [MainProcess/MainThread/INFO] (shell_startup.py/update) Creating Windows Spites...Drawing Window Sprites
[2024-01-24 15:28:35,109] [MainProcess/MainThread/INFO] (shell_startup.py/update) Clearing background
[2024-01-24 15:28:35,110] [MainProcess/MainThread/INFO] (shell_startup.py/update) Creating Sprites...Drawing Background Sprites
[2024-01-24 15:28:35,110] [MainProcess/MainThread/INFO] (shell_startup.py/update) Creating Windows Spites...Drawing Window Sprites
[2024-01-24 15:28:35,128] [MainProcess/MainThread/INFO] (shell_startup.py/update) Clearing background
[2024-01-24 15:28:35,128] [MainProcess/MainThread/INFO] (shell_startup.py/update) Creating Sprites...Drawing Background Sprites
[2024-01-24 15:28:35,128] [MainProcess/MainThread/INFO] (shell_startup.py/update) Creating Windows Spites...Drawing Window Sprites
[2024-01-24 15:28:35,146] [MainProcess/MainThread/INFO] (shell_startup.py/update) Clearing background
[2024-01-24 15:28:35,146] [MainProcess/MainThread/INFO] (shell_startup.py/update) Creating Sprites...Drawing Background Sprites
[2024-01-24 15:28:35,147] [MainProcess/MainThread/INFO] (shell_startup.py/update) Creating Windows Spites...Drawing Window Sprites
[2024-01-24 15:28:35,163] [MainProcess/MainThread/INFO] (shell_startup.py/update) Clearing background
[2024-01-24 15:28:35,163] [MainProcess/MainThread/INFO] (shell_startup.py/update) Creating Sprites...Drawing Background Sprites
[2024-01-24 15:28:35,163] [MainProcess/MainThread/INFO] (shell_startup.py/update) Creating Windows Spites...Drawing Window Sprites
[2024-01-24 15:28:35,181] [MainProcess/MainThread/INFO] (shell_startup.py/update) Clearing background
[2024-01-24 15:28:35,181] [MainProcess/MainThread/INFO] (shell_startup.py/update) Creating Sprites...Drawing Background Sprites
[2024-01-24 15:28:35,181] [MainProcess/MainThread/INFO] (shell_startup.py/update) Creating Windows Spites...Drawing Window Sprites
[2024-01-24 15:28:35,199] [MainProcess/MainThread/INFO] (shell_startup.py/update) Clearing background
[2024-01-24 15:28:35,200] [MainProcess/MainThread/INFO] (shell_startup.py/update) Creating Sprites...Drawing Background Sprites
[2024-01-24 15:28:35,200] [MainProcess/MainThread/INFO] (shell_startup.py/update) Creating Windows Spites...Drawing Window Sprites
[2024-01-24 15:28:35,218] [MainProcess/MainThread/INFO] (shell_startup.py/update) Clearing background
[2024-01-24 15:28:35,218] [MainProcess/MainThread/INFO] (shell_startup.py/update) Creating Sprites...Drawing Background Sprites
[2024-01-24 15:28:35,218] [MainProcess/MainThread/INFO] (shell_startup.py/update) Creating Windows Spites...Drawing Window Sprites
[2024-01-24 15:28:35,236] [MainProcess/MainThread/INFO] (shell_startup.py/update) Clearing background
[2024-01-24 15:28:35,236] [MainProcess/MainThread/INFO] (shell_startup.py/update) Creating Sprites...Drawing Background Sprites
[2024-01-24 15:28:35,237] [MainProcess/MainThread/INFO] (shell_startup.py/update) Creating Windows Spites...Drawing Window Sprites
[2024-01-24 15:28:35,255] [MainProcess/MainThread/INFO] (shell_startup.py/update) Clearing background
[2024-01-24 15:28:35,255] [MainProcess/MainThread/INFO] (shell_startup.py/update) Creating Sprites...Drawing Background Sprites
[2024-01-24 15:28:35,255] [MainProcess/MainThread/INFO] (shell_startup.py/update) Creating Windows Spites...Drawing Window Sprites
[2024-01-24 15:28:35,272] [MainProcess/MainThread/INFO] (shell_startup.py/update) Clearing background
[2024-01-24 15:28:35,272] [MainProcess/MainThread/INFO] (shell_startup.py/update) Creating Sprites...Drawing Background Sprites
[2024-01-24 15:28:35,272] [MainProcess/MainThread/INFO] (shell_startup.py/update) Creating Windows Spites...Drawing Window Sprites
[2024-01-24 15:28:35,291] [MainProcess/MainThread/INFO] (shell_startup.py/update) Clearing background
[2024-01-24 15:28:35,291] [MainProcess/MainThread/INFO] (shell_startup.py/update) Creating Sprites...Drawing Background Sprites
[2024-01-24 15:28:35,291] [MainProcess/MainThread/INFO] (shell_startup.py/update) Creating Windows Spites...Drawing Window Sprites
[2024-01-24 15:28:35,309] [MainProcess/MainThread/INFO] (shell_startup.py/update) Clearing background
[2024-01-24 15:28:35,309] [MainProcess/MainThread/INFO] (shell_startup.py/update) Creating Sprites...Drawing Background Sprites
[2024-01-24 15:28:35,310] [MainProcess/MainThread/INFO] (shell_startup.py/update) Creating Windows Spites...Drawing Window Sprites
[2024-01-24 15:28:35,327] [MainProcess/MainThread/INFO] (shell_startup.py/update) Clearing background
[2024-01-24 15:28:35,327] [MainProcess/MainThread/INFO] (shell_startup.py/update) Creating Sprites...Drawing Background Sprites
[2024-01-24 15:28:35,327] [MainProcess/MainThread/INFO] (shell_startup.py/update) Creating Windows Spites...Drawing Window Sprites
[2024-01-24 15:28:35,345] [MainProcess/MainThread/INFO] (shell_startup.py/update) Clearing background
[2024-01-24 15:28:35,345] [MainProcess/MainThread/INFO] (shell_startup.py/update) Creating Sprites...Drawing Background Sprites
[2024-01-24 15:28:35,345] [MainProcess/MainThread/INFO] (shell_startup.py/update) Creating Windows Spites...Drawing Window Sprites
[2024-01-24 15:28:35,364] [MainProcess/MainThread/INFO] (shell_startup.py/update) Clearing background
[2024-01-24 15:28:35,364] [MainProcess/MainThread/INFO] (shell_startup.py/update) Creating Sprites...Drawing Background Sprites
[2024-01-24 15:28:35,364] [MainProcess/MainThread/INFO] (shell_startup.py/update) Creating Windows Spites...Drawing Window Sprites
[2024-01-24 15:28:35,382] [MainProcess/MainThread/INFO] (shell_startup.py/update) Clearing background
[2024-01-24 15:28:35,382] [MainProcess/MainThread/INFO] (shell_startup.py/update) Creating Sprites...Drawing Background Sprites
[2024-01-24 15:28:35,382] [MainProcess/MainThread/INFO] (shell_startup.py/update) Creating Windows Spites...Drawing Window Sprites
[2024-01-24 15:28:35,400] [MainProcess/MainThread/INFO] (shell_startup.py/update) Clearing background
[2024-01-24 15:28:35,400] [MainProcess/MainThread/INFO] (shell_startup.py/update) Creating Sprites...Drawing Background Sprites
[2024-01-24 15:28:35,400] [MainProcess/MainThread/INFO] (shell_startup.py/update) Creating Windows Spites...Drawing Window Sprites
[2024-01-24 15:28:35,419] [MainProcess/MainThread/INFO] (shell_startup.py/update) Clearing background
[2024-01-24 15:28:35,419] [MainProcess/MainThread/INFO] (shell_startup.py/update) Creating Sprites...Drawing Background Sprites
[2024-01-24 15:28:35,419] [MainProcess/MainThread/INFO] (shell_startup.py/update) Creating Windows Spites...Drawing Window Sprites
[2024-01-24 15:28:35,437] [MainProcess/MainThread/INFO] (shell_startup.py/update) Clearing background
[2024-01-24 15:28:35,437] [MainProcess/MainThread/INFO] (shell_startup.py/update) Creating Sprites...Drawing Background Sprites
[2024-01-24 15:28:35,437] [MainProcess/MainThread/INFO] (shell_startup.py/update) Creating Windows Spites...Drawing Window Sprites
[2024-01-24 15:28:35,455] [MainProcess/MainThread/INFO] (shell_startup.py/update) Clearing background
[2024-01-24 15:28:35,455] [MainProcess/MainThread/INFO] (shell_startup.py/update) Creating Sprites...Drawing Background Sprites
[2024-01-24 15:28:35,455] [MainProcess/MainThread/INFO] (shell_startup.py/update) Creating Windows Spites...Drawing Window Sprites
[2024-01-24 15:28:35,473] [MainProcess/MainThread/INFO] (shell_startup.py/update) Clearing background
[2024-01-24 15:28:35,473] [MainProcess/MainThread/INFO] (shell_startup.py/update) Creating Sprites...Drawing Background Sprites
[2024-01-24 15:28:35,473] [MainProcess/MainThread/INFO] (shell_startup.py/update) Creating Windows Spites...Drawing Window Sprites
[2024-01-24 15:28:35,491] [MainProcess/MainThread/INFO] (shell_startup.py/update) Clearing background
[2024-01-24 15:28:35,491] [MainProcess/MainThread/INFO] (shell_startup.py/update) Creating Sprites...Drawing Background Sprites
[2024-01-24 15:28:35,491] [MainProcess/MainThread/INFO] (shell_startup.py/update) Creating Windows Spites...Drawing Window Sprites
[2024-01-24 15:28:35,510] [MainProcess/MainThread/INFO] (shell_startup.py/update) Clearing background
[2024-01-24 15:28:35,510] [MainProcess/MainThread/INFO] (shell_startup.py/update) Creating Sprites...Drawing Background Sprites
[2024-01-24 15:28:35,510] [MainProcess/MainThread/INFO] (shell_startup.py/update) Creating Windows Spites...Drawing Window Sprites
[2024-01-24 15:28:35,528] [MainProcess/MainThread/INFO] (shell_startup.py/update) Clearing background
[2024-01-24 15:28:35,528] [MainProcess/MainThread/INFO] (shell_startup.py/update) Creating Sprites...Drawing Background Sprites
[2024-01-24 15:28:35,528] [MainProcess/MainThread/INFO] (shell_startup.py/update) Creating Windows Spites...Drawing Window Sprites
[2024-01-24 15:28:35,546] [MainProcess/MainThread/INFO] (shell_startup.py/update) Clearing background
[2024-01-24 15:28:35,546] [MainProcess/MainThread/INFO] (shell_startup.py/update) Creating Sprites...Drawing Background Sprites
[2024-01-24 15:28:35,547] [MainProcess/MainThread/INFO] (shell_startup.py/update) Creating Windows Spites...Drawing Window Sprites
[2024-01-24 15:28:35,564] [MainProcess/MainThread/INFO] (shell_startup.py/update) Clearing background
[2024-01-24 15:28:35,565] [MainProcess/MainThread/INFO] (shell_startup.py/update) Creating Sprites...Drawing Background Sprites
[2024-01-24 15:28:35,565] [MainProcess/MainThread/INFO] (shell_startup.py/update) Creating Windows Spites...Drawing Window Sprites
[2024-01-24 15:28:35,582] [MainProcess/MainThread/INFO] (shell_startup.py/update) Clearing background
[2024-01-24 15:28:35,582] [MainProcess/MainThread/INFO] (shell_startup.py/update) Creating Sprites...Drawing Background Sprites
[2024-01-24 15:28:35,582] [MainProcess/MainThread/INFO] (shell_startup.py/update) Creating Windows Spites...Drawing Window Sprites
[2024-01-24 15:28:35,601] [MainProcess/MainThread/INFO] (shell_startup.py/update) Clearing background
[2024-01-24 15:28:35,601] [MainProcess/MainThread/INFO] (shell_startup.py/update) Creating Sprites...Drawing Background Sprites
[2024-01-24 15:28:35,601] [MainProcess/MainThread/INFO] (shell_startup.py/update) Creating Windows Spites...Drawing Window Sprites
[2024-01-24 15:28:35,619] [MainProcess/MainThread/INFO] (shell_startup.py/update) Clearing background
[2024-01-24 15:28:35,619] [MainProcess/MainThread/INFO] (shell_startup.py/update) Creating Sprites...Drawing Background Sprites
[2024-01-24 15:28:35,619] [MainProcess/MainThread/INFO] (shell_startup.py/update) Creating Windows Spites...Drawing Window Sprites
[2024-01-24 15:28:35,637] [MainProcess/MainThread/INFO] (shell_startup.py/update) Clearing background
[2024-01-24 15:28:35,637] [MainProcess/MainThread/INFO] (shell_startup.py/update) Creating Sprites...Drawing Background Sprites
[2024-01-24 15:28:35,637] [MainProcess/MainThread/INFO] (shell_startup.py/update) Creating Windows Spites...Drawing Window Sprites
[2024-01-24 15:28:35,655] [MainProcess/MainThread/INFO] (shell_startup.py/update) Clearing background
[2024-01-24 15:28:35,655] [MainProcess/MainThread/INFO] (shell_startup.py/update) Creating Sprites...Drawing Background Sprites
[2024-01-24 15:28:35,655] [MainProcess/MainThread/INFO] (shell_startup.py/update) Creating Windows Spites...Drawing Window Sprites
[2024-01-24 15:28:35,673] [MainProcess/MainThread/INFO] (shell_startup.py/update) Clearing background
[2024-01-24 15:28:35,673] [MainProcess/MainThread/INFO] (shell_startup.py/update) Creating Sprites...Drawing Background Sprites
[2024-01-24 15:28:35,673] [MainProcess/MainThread/INFO] (shell_startup.py/update) Creating Windows Spites...Drawing Window Sprites
[2024-01-24 15:28:35,691] [MainProcess/MainThread/INFO] (shell_startup.py/update) Clearing background
[2024-01-24 15:28:35,692] [MainProcess/MainThread/INFO] (shell_startup.py/update) Creating Sprites...Drawing Background Sprites
[2024-01-24 15:28:35,692] [MainProcess/MainThread/INFO] (shell_startup.py/update) Creating Windows Spites...Drawing Window Sprites
[2024-01-24 15:28:35,710] [MainProcess/MainThread/INFO] (shell_startup.py/update) Clearing background
[2024-01-24 15:28:35,710] [MainProcess/MainThread/INFO] (shell_startup.py/update) Creating Sprites...Drawing Background Sprites
[2024-01-24 15:28:35,710] [MainProcess/MainThread/INFO] (shell_startup.py/update) Creating Windows Spites...Drawing Window Sprites
[2024-01-24 15:28:35,727] [MainProcess/MainThread/INFO] (shell_startup.py/update) Clearing background
[2024-01-24 15:28:35,728] [MainProcess/MainThread/INFO] (shell_startup.py/update) Creating Sprites...Drawing Background Sprites
[2024-01-24 15:28:35,728] [MainProcess/MainThread/INFO] (shell_startup.py/update) Creating Windows Spites...Drawing Window Sprites
[2024-01-24 15:28:35,746] [MainProcess/MainThread/INFO] (shell_startup.py/update) Clearing background
[2024-01-24 15:28:35,746] [MainProcess/MainThread/INFO] (shell_startup.py/update) Creating Sprites...Drawing Background Sprites
[2024-01-24 15:28:35,746] [MainProcess/MainThread/INFO] (shell_startup.py/update) Creating Windows Spites...Drawing Window Sprites
[2024-01-24 15:28:35,764] [MainProcess/MainThread/INFO] (shell_startup.py/update) Clearing background
[2024-01-24 15:28:35,765] [MainProcess/MainThread/INFO] (shell_startup.py/update) Creating Sprites...Drawing Background Sprites
[2024-01-24 15:28:35,765] [MainProcess/MainThread/INFO] (shell_startup.py/update) Creating Windows Spites...Drawing Window Sprites
[2024-01-24 15:28:35,782] [MainProcess/MainThread/INFO] (shell_startup.py/update) Clearing background
[2024-01-24 15:28:35,782] [MainProcess/MainThread/INFO] (shell_startup.py/update) Creating Sprites...Drawing Background Sprites
[2024-01-24 15:28:35,783] [MainProcess/MainThread/INFO] (shell_startup.py/update) Creating Windows Spites...Drawing Window Sprites
[2024-01-24 15:28:35,801] [MainProcess/MainThread/INFO] (shell_startup.py/update) Clearing background
[2024-01-24 15:28:35,801] [MainProcess/MainThread/INFO] (shell_startup.py/update) Creating Sprites...Drawing Background Sprites
[2024-01-24 15:28:35,801] [MainProcess/MainThread/INFO] (shell_startup.py/update) Creating Windows Spites...Drawing Window Sprites
[2024-01-24 15:28:35,819] [MainProcess/MainThread/INFO] (shell_startup.py/update) Clearing background
[2024-01-24 15:28:35,819] [MainProcess/MainThread/INFO] (shell_startup.py/update) Creating Sprites...Drawing Background Sprites
[2024-01-24 15:28:35,819] [MainProcess/MainThread/INFO] (shell_startup.py/update) Creating Windows Spites...Drawing Window Sprites
[2024-01-24 15:28:35,837] [MainProcess/MainThread/INFO] (shell_startup.py/update) Clearing background
[2024-01-24 15:28:35,837] [MainProcess/MainThread/INFO] (shell_startup.py/update) Creating Sprites...Drawing Background Sprites
[2024-01-24 15:28:35,837] [MainProcess/MainThread/INFO] (shell_startup.py/update) Creating Windows Spites...Drawing Window Sprites
[2024-01-24 15:28:35,855] [MainProcess/MainThread/INFO] (shell_startup.py/update) Clearing background
[2024-01-24 15:28:35,855] [MainProcess/MainThread/INFO] (shell_startup.py/update) Creating Sprites...Drawing Background Sprites
[2024-01-24 15:28:35,856] [MainProcess/MainThread/INFO] (shell_startup.py/update) Creating Windows Spites...Drawing Window Sprites
[2024-01-24 15:28:35,874] [MainProcess/MainThread/INFO] (shell_startup.py/update) Clearing background
[2024-01-24 15:28:35,874] [MainProcess/MainThread/INFO] (shell_startup.py/update) Creating Sprites...Drawing Background Sprites
[2024-01-24 15:28:35,874] [MainProcess/MainThread/INFO] (shell_startup.py/update) Creating Windows Spites...Drawing Window Sprites
[2024-01-24 15:28:35,892] [MainProcess/MainThread/INFO] (shell_startup.py/update) Clearing background
[2024-01-24 15:28:35,892] [MainProcess/MainThread/INFO] (shell_startup.py/update) Creating Sprites...Drawing Background Sprites
[2024-01-24 15:28:35,892] [MainProcess/MainThread/INFO] (shell_startup.py/update) Creating Windows Spites...Drawing Window Sprites
[2024-01-24 15:28:35,910] [MainProcess/MainThread/INFO] (shell_startup.py/update) Clearing background
[2024-01-24 15:28:35,910] [MainProcess/MainThread/INFO] (shell_startup.py/update) Creating Sprites...Drawing Background Sprites
[2024-01-24 15:28:35,910] [MainProcess/MainThread/INFO] (shell_startup.py/update) Creating Windows Spites...Drawing Window Sprites
[2024-01-24 15:28:35,929] [MainProcess/MainThread/INFO] (shell_startup.py/update) Clearing background
[2024-01-24 15:28:35,929] [MainProcess/MainThread/INFO] (shell_startup.py/update) Creating Sprites...Drawing Background Sprites
[2024-01-24 15:28:35,929] [MainProcess/MainThread/INFO] (shell_startup.py/update) Creating Windows Spites...Drawing Window Sprites
[2024-01-24 15:28:35,947] [MainProcess/MainThread/INFO] (shell_startup.py/update) Clearing background
[2024-01-24 15:28:35,947] [MainProcess/MainThread/INFO] (shell_startup.py/update) Creating Sprites...Drawing Background Sprites
[2024-01-24 15:28:35,947] [MainProcess/MainThread/INFO] (shell_startup.py/update) Creating Windows Spites...Drawing Window Sprites
[2024-01-24 15:28:35,965] [MainProcess/MainThread/INFO] (shell_startup.py/update) Clearing background
[2024-01-24 15:28:35,965] [MainProcess/MainThread/INFO] (shell_startup.py/update) Creating Sprites...Drawing Background Sprites
[2024-01-24 15:28:35,965] [MainProcess/MainThread/INFO] (shell_startup.py/update) Creating Windows Spites...Drawing Window Sprites
[2024-01-24 15:28:35,983] [MainProcess/MainThread/INFO] (shell_startup.py/update) Clearing background
[2024-01-24 15:28:35,983] [MainProcess/MainThread/INFO] (shell_startup.py/update) Creating Sprites...Drawing Background Sprites
[2024-01-24 15:28:35,983] [MainProcess/MainThread/INFO] (shell_startup.py/update) Creating Windows Spites...Drawing Window Sprites
[2024-01-24 15:28:36,001] [MainProcess/MainThread/INFO] (shell_startup.py/update) Clearing background
[2024-01-24 15:28:36,001] [MainProcess/MainThread/INFO] (shell_startup.py/update) Creating Sprites...Drawing Background Sprites
[2024-01-24 15:28:36,001] [MainProcess/MainThread/INFO] (shell_startup.py/update) Creating Windows Spites...Drawing Window Sprites
[2024-01-24 15:28:36,019] [MainProcess/MainThread/INFO] (shell_startup.py/update) Clearing background
[2024-01-24 15:28:36,019] [MainProcess/MainThread/INFO] (shell_startup.py/update) Creating Sprites...Drawing Background Sprites
[2024-01-24 15:28:36,019] [MainProcess/MainThread/INFO] (shell_startup.py/update) Creating Windows Spites...Drawing Window Sprites
[2024-01-24 15:28:36,038] [MainProcess/MainThread/INFO] (shell_startup.py/update) Clearing background
[2024-01-24 15:28:36,038] [MainProcess/MainThread/INFO] (shell_startup.py/update) Creating Sprites...Drawing Background Sprites
[2024-01-24 15:28:36,038] [MainProcess/MainThread/INFO] (shell_startup.py/update) Creating Windows Spites...Drawing Window Sprites
[2024-01-24 15:28:36,056] [MainProcess/MainThread/INFO] (shell_startup.py/update) Clearing background
[2024-01-24 15:28:36,056] [MainProcess/MainThread/INFO] (shell_startup.py/update) Creating Sprites...Drawing Background Sprites
[2024-01-24 15:28:36,057] [MainProcess/MainThread/INFO] (shell_startup.py/update) Creating Windows Spites...Drawing Window Sprites
[2024-01-24 15:28:36,074] [MainProcess/MainThread/INFO] (shell_startup.py/update) Clearing background
[2024-01-24 15:28:36,074] [MainProcess/MainThread/INFO] (shell_startup.py/update) Creating Sprites...Drawing Background Sprites
[2024-01-24 15:28:36,074] [MainProcess/MainThread/INFO] (shell_startup.py/update) Creating Windows Spites...Drawing Window Sprites
[2024-01-24 15:28:36,092] [MainProcess/MainThread/INFO] (shell_startup.py/update) Clearing background
[2024-01-24 15:28:36,093] [MainProcess/MainThread/INFO] (shell_startup.py/update) Creating Sprites...Drawing Background Sprites
[2024-01-24 15:28:36,093] [MainProcess/MainThread/INFO] (shell_startup.py/update) Creating Windows Spites...Drawing Window Sprites
[2024-01-24 15:28:36,111] [MainProcess/MainThread/INFO] (shell_startup.py/update) Clearing background
[2024-01-24 15:28:36,111] [MainProcess/MainThread/INFO] (shell_startup.py/update) Creating Sprites...Drawing Background Sprites
[2024-01-24 15:28:36,111] [MainProcess/MainThread/INFO] (shell_startup.py/update) Creating Windows Spites...Drawing Window Sprites
[2024-01-24 15:28:36,129] [MainProcess/MainThread/INFO] (shell_startup.py/update) Clearing background
[2024-01-24 15:28:36,129] [MainProcess/MainThread/INFO] (shell_startup.py/update) Creating Sprites...Drawing Background Sprites
[2024-01-24 15:28:36,129] [MainProcess/MainThread/INFO] (shell_startup.py/update) Creating Windows Spites...Drawing Window Sprites
[2024-01-24 15:28:36,147] [MainProcess/MainThread/INFO] (shell_startup.py/update) Clearing background
[2024-01-24 15:28:36,147] [MainProcess/MainThread/INFO] (shell_startup.py/update) Creating Sprites...Drawing Background Sprites
[2024-01-24 15:28:36,147] [MainProcess/MainThread/INFO] (shell_startup.py/update) Creating Windows Spites...Drawing Window Sprites
[2024-01-24 15:28:36,166] [MainProcess/MainThread/INFO] (shell_startup.py/update) Clearing background
[2024-01-24 15:28:36,166] [MainProcess/MainThread/INFO] (shell_startup.py/update) Creating Sprites...Drawing Background Sprites
[2024-01-24 15:28:36,166] [MainProcess/MainThread/INFO] (shell_startup.py/update) Creating Windows Spites...Drawing Window Sprites
[2024-01-24 15:28:36,184] [MainProcess/MainThread/INFO] (shell_startup.py/update) Clearing background
[2024-01-24 15:28:36,184] [MainProcess/MainThread/INFO] (shell_startup.py/update) Creating Sprites...Drawing Background Sprites
[2024-01-24 15:28:36,184] [MainProcess/MainThread/INFO] (shell_startup.py/update) Creating Windows Spites...Drawing Window Sprites
[2024-01-24 15:28:36,202] [MainProcess/MainThread/INFO] (shell_startup.py/update) Clearing background
[2024-01-24 15:28:36,202] [MainProcess/MainThread/INFO] (shell_startup.py/update) Creating Sprites...Drawing Background Sprites
[2024-01-24 15:28:36,202] [MainProcess/MainThread/INFO] (shell_startup.py/update) Creating Windows Spites...Drawing Window Sprites
[2024-01-24 15:28:36,219] [MainProcess/MainThread/INFO] (shell_startup.py/update) Clearing background
[2024-01-24 15:28:36,220] [MainProcess/MainThread/INFO] (shell_startup.py/update) Creating Sprites...Drawing Background Sprites
[2024-01-24 15:28:36,220] [MainProcess/MainThread/INFO] (shell_startup.py/update) Creating Windows Spites...Drawing Window Sprites
[2024-01-24 15:28:36,238] [MainProcess/MainThread/INFO] (shell_startup.py/update) Clearing background
[2024-01-24 15:28:36,238] [MainProcess/MainThread/INFO] (shell_startup.py/update) Creating Sprites...Drawing Background Sprites
[2024-01-24 15:28:36,238] [MainProcess/MainThread/INFO] (shell_startup.py/update) Creating Windows Spites...Drawing Window Sprites
[2024-01-24 15:28:36,256] [MainProcess/MainThread/INFO] (shell_startup.py/update) Clearing background
[2024-01-24 15:28:36,257] [MainProcess/MainThread/INFO] (shell_startup.py/update) Creating Sprites...Drawing Background Sprites
[2024-01-24 15:28:36,257] [MainProcess/MainThread/INFO] (shell_startup.py/update) Creating Windows Spites...Drawing Window Sprites
[2024-01-24 15:28:36,275] [MainProcess/MainThread/INFO] (shell_startup.py/update) Clearing background
[2024-01-24 15:28:36,275] [MainProcess/MainThread/INFO] (shell_startup.py/update) Creating Sprites...Drawing Background Sprites
[2024-01-24 15:28:36,275] [MainProcess/MainThread/INFO] (shell_startup.py/update) Creating Windows Spites...Drawing Window Sprites
[2024-01-24 15:28:36,293] [MainProcess/MainThread/INFO] (shell_startup.py/update) Clearing background
[2024-01-24 15:28:36,294] [MainProcess/MainThread/INFO] (shell_startup.py/update) Creating Sprites...Drawing Background Sprites
[2024-01-24 15:28:36,294] [MainProcess/MainThread/INFO] (shell_startup.py/update) Creating Windows Spites...Drawing Window Sprites
[2024-01-24 15:28:36,311] [MainProcess/MainThread/INFO] (shell_startup.py/update) Clearing background
[2024-01-24 15:28:36,311] [MainProcess/MainThread/INFO] (shell_startup.py/update) Creating Sprites...Drawing Background Sprites
[2024-01-24 15:28:36,311] [MainProcess/MainThread/INFO] (shell_startup.py/update) Creating Windows Spites...Drawing Window Sprites
[2024-01-24 15:28:36,329] [MainProcess/MainThread/INFO] (shell_startup.py/update) Clearing background
[2024-01-24 15:28:36,329] [MainProcess/MainThread/INFO] (shell_startup.py/update) Creating Sprites...Drawing Background Sprites
[2024-01-24 15:28:36,329] [MainProcess/MainThread/INFO] (shell_startup.py/update) Creating Windows Spites...Drawing Window Sprites
[2024-01-24 15:28:36,347] [MainProcess/MainThread/INFO] (shell_startup.py/update) Clearing background
[2024-01-24 15:28:36,347] [MainProcess/MainThread/INFO] (shell_startup.py/update) Creating Sprites...Drawing Background Sprites
[2024-01-24 15:28:36,347] [MainProcess/MainThread/INFO] (shell_startup.py/update) Creating Windows Spites...Drawing Window Sprites
[2024-01-24 15:28:36,366] [MainProcess/MainThread/INFO] (shell_startup.py/update) Clearing background
[2024-01-24 15:28:36,366] [MainProcess/MainThread/INFO] (shell_startup.py/update) Creating Sprites...Drawing Background Sprites
[2024-01-24 15:28:36,366] [MainProcess/MainThread/INFO] (shell_startup.py/update) Creating Windows Spites...Drawing Window Sprites
[2024-01-24 15:28:36,384] [MainProcess/MainThread/INFO] (shell_startup.py/update) Clearing background
[2024-01-24 15:28:36,384] [MainProcess/MainThread/INFO] (shell_startup.py/update) Creating Sprites...Drawing Background Sprites
[2024-01-24 15:28:36,384] [MainProcess/MainThread/INFO] (shell_startup.py/update) Creating Windows Spites...Drawing Window Sprites
[2024-01-24 15:28:36,402] [MainProcess/MainThread/INFO] (shell_startup.py/update) Clearing background
[2024-01-24 15:28:36,402] [MainProcess/MainThread/INFO] (shell_startup.py/update) Creating Sprites...Drawing Background Sprites
[2024-01-24 15:28:36,402] [MainProcess/MainThread/INFO] (shell_startup.py/update) Creating Windows Spites...Drawing Window Sprites
[2024-01-24 15:28:36,420] [MainProcess/MainThread/INFO] (shell_startup.py/update) Clearing background
[2024-01-24 15:28:36,420] [MainProcess/MainThread/INFO] (shell_startup.py/update) Creating Sprites...Drawing Background Sprites
[2024-01-24 15:28:36,421] [MainProcess/MainThread/INFO] (shell_startup.py/update) Creating Windows Spites...Drawing Window Sprites
[2024-01-24 15:28:36,438] [MainProcess/MainThread/INFO] (shell_startup.py/update) Clearing background
[2024-01-24 15:28:36,438] [MainProcess/MainThread/INFO] (shell_startup.py/update) Creating Sprites...Drawing Background Sprites
[2024-01-24 15:28:36,438] [MainProcess/MainThread/INFO] (shell_startup.py/update) Creating Windows Spites...Drawing Window Sprites
[2024-01-24 15:28:36,456] [MainProcess/MainThread/INFO] (shell_startup.py/update) Clearing background
[2024-01-24 15:28:36,456] [MainProcess/MainThread/INFO] (shell_startup.py/update) Creating Sprites...Drawing Background Sprites
[2024-01-24 15:28:36,456] [MainProcess/MainThread/INFO] (shell_startup.py/update) Creating Windows Spites...Drawing Window Sprites
[2024-01-24 15:28:36,474] [MainProcess/MainThread/INFO] (shell_startup.py/update) Clearing background
[2024-01-24 15:28:36,474] [MainProcess/MainThread/INFO] (shell_startup.py/update) Creating Sprites...Drawing Background Sprites
[2024-01-24 15:28:36,474] [MainProcess/MainThread/INFO] (shell_startup.py/update) Creating Windows Spites...Drawing Window Sprites
[2024-01-24 15:28:36,492] [MainProcess/MainThread/INFO] (shell_startup.py/update) Clearing background
[2024-01-24 15:28:36,492] [MainProcess/MainThread/INFO] (shell_startup.py/update) Creating Sprites...Drawing Background Sprites
[2024-01-24 15:28:36,492] [MainProcess/MainThread/INFO] (shell_startup.py/update) Creating Windows Spites...Drawing Window Sprites
[2024-01-24 15:28:36,511] [MainProcess/MainThread/INFO] (shell_startup.py/update) Clearing background
[2024-01-24 15:28:36,511] [MainProcess/MainThread/INFO] (shell_startup.py/update) Creating Sprites...Drawing Background Sprites
[2024-01-24 15:28:36,511] [MainProcess/MainThread/INFO] (shell_startup.py/update) Creating Windows Spites...Drawing Window Sprites
[2024-01-24 15:28:36,529] [MainProcess/MainThread/INFO] (shell_startup.py/update) Clearing background
[2024-01-24 15:28:36,530] [MainProcess/MainThread/INFO] (shell_startup.py/update) Creating Sprites...Drawing Background Sprites
[2024-01-24 15:28:36,530] [MainProcess/MainThread/INFO] (shell_startup.py/update) Creating Windows Spites...Drawing Window Sprites
[2024-01-24 15:28:36,548] [MainProcess/MainThread/INFO] (shell_startup.py/update) Clearing background
[2024-01-24 15:28:36,548] [MainProcess/MainThread/INFO] (shell_startup.py/update) Creating Sprites...Drawing Background Sprites
[2024-01-24 15:28:36,548] [MainProcess/MainThread/INFO] (shell_startup.py/update) Creating Windows Spites...Drawing Window Sprites
[2024-01-24 15:28:36,566] [MainProcess/MainThread/INFO] (shell_startup.py/update) Clearing background
[2024-01-24 15:28:36,566] [MainProcess/MainThread/INFO] (shell_startup.py/update) Creating Sprites...Drawing Background Sprites
[2024-01-24 15:28:36,566] [MainProcess/MainThread/INFO] (shell_startup.py/update) Creating Windows Spites...Drawing Window Sprites
[2024-01-24 15:28:36,584] [MainProcess/MainThread/INFO] (shell_startup.py/update) Clearing background
[2024-01-24 15:28:36,584] [MainProcess/MainThread/INFO] (shell_startup.py/update) Creating Sprites...Drawing Background Sprites
[2024-01-24 15:28:36,584] [MainProcess/MainThread/INFO] (shell_startup.py/update) Creating Windows Spites...Drawing Window Sprites
[2024-01-24 15:28:36,602] [MainProcess/MainThread/INFO] (shell_startup.py/update) Clearing background
[2024-01-24 15:28:36,602] [MainProcess/MainThread/INFO] (shell_startup.py/update) Creating Sprites...Drawing Background Sprites
[2024-01-24 15:28:36,602] [MainProcess/MainThread/INFO] (shell_startup.py/update) Creating Windows Spites...Drawing Window Sprites
[2024-01-24 15:28:36,620] [MainProcess/MainThread/INFO] (shell_startup.py/update) Clearing background
[2024-01-24 15:28:36,620] [MainProcess/MainThread/INFO] (shell_startup.py/update) Creating Sprites...Drawing Background Sprites
[2024-01-24 15:28:36,620] [MainProcess/MainThread/INFO] (shell_startup.py/update) Creating Windows Spites...Drawing Window Sprites
[2024-01-24 15:28:36,639] [MainProcess/MainThread/INFO] (shell_startup.py/update) Clearing background
[2024-01-24 15:28:36,639] [MainProcess/MainThread/INFO] (shell_startup.py/update) Creating Sprites...Drawing Background Sprites
[2024-01-24 15:28:36,639] [MainProcess/MainThread/INFO] (shell_startup.py/update) Creating Windows Spites...Drawing Window Sprites
[2024-01-24 15:28:36,656] [MainProcess/MainThread/INFO] (shell_startup.py/update) Clearing background
[2024-01-24 15:28:36,657] [MainProcess/MainThread/INFO] (shell_startup.py/update) Creating Sprites...Drawing Background Sprites
[2024-01-24 15:28:36,657] [MainProcess/MainThread/INFO] (shell_startup.py/update) Creating Windows Spites...Drawing Window Sprites
[2024-01-24 15:28:36,674] [MainProcess/MainThread/INFO] (shell_startup.py/update) Clearing background
[2024-01-24 15:28:36,675] [MainProcess/MainThread/INFO] (shell_startup.py/update) Creating Sprites...Drawing Background Sprites
[2024-01-24 15:28:36,675] [MainProcess/MainThread/INFO] (shell_startup.py/update) Creating Windows Spites...Drawing Window Sprites
[2024-01-24 15:28:36,693] [MainProcess/MainThread/INFO] (shell_startup.py/update) Clearing background
[2024-01-24 15:28:36,693] [MainProcess/MainThread/INFO] (shell_startup.py/update) Creating Sprites...Drawing Background Sprites
[2024-01-24 15:28:36,693] [MainProcess/MainThread/INFO] (shell_startup.py/update) Creating Windows Spites...Drawing Window Sprites
[2024-01-24 15:28:36,711] [MainProcess/MainThread/INFO] (shell_startup.py/update) Clearing background
[2024-01-24 15:28:36,711] [MainProcess/MainThread/INFO] (shell_startup.py/update) Creating Sprites...Drawing Background Sprites
[2024-01-24 15:28:36,711] [MainProcess/MainThread/INFO] (shell_startup.py/update) Creating Windows Spites...Drawing Window Sprites
[2024-01-24 15:28:36,729] [MainProcess/MainThread/INFO] (shell_startup.py/update) Clearing background
[2024-01-24 15:28:36,729] [MainProcess/MainThread/INFO] (shell_startup.py/update) Creating Sprites...Drawing Background Sprites
[2024-01-24 15:28:36,730] [MainProcess/MainThread/INFO] (shell_startup.py/update) Creating Windows Spites...Drawing Window Sprites
[2024-01-24 15:28:36,747] [MainProcess/MainThread/INFO] (shell_startup.py/update) Clearing background
[2024-01-24 15:28:36,747] [MainProcess/MainThread/INFO] (shell_startup.py/update) Creating Sprites...Drawing Background Sprites
[2024-01-24 15:28:36,747] [MainProcess/MainThread/INFO] (shell_startup.py/update) Creating Windows Spites...Drawing Window Sprites
[2024-01-24 15:28:36,766] [MainProcess/MainThread/INFO] (shell_startup.py/update) Clearing background
[2024-01-24 15:28:36,766] [MainProcess/MainThread/INFO] (shell_startup.py/update) Creating Sprites...Drawing Background Sprites
[2024-01-24 15:28:36,766] [MainProcess/MainThread/INFO] (shell_startup.py/update) Creating Windows Spites...Drawing Window Sprites
[2024-01-24 15:28:36,784] [MainProcess/MainThread/INFO] (shell_startup.py/update) Clearing background
[2024-01-24 15:28:36,785] [MainProcess/MainThread/INFO] (shell_startup.py/update) Creating Sprites...Drawing Background Sprites
[2024-01-24 15:28:36,785] [MainProcess/MainThread/INFO] (shell_startup.py/update) Creating Windows Spites...Drawing Window Sprites
[2024-01-24 15:28:36,803] [MainProcess/MainThread/INFO] (shell_startup.py/update) Clearing background
[2024-01-24 15:28:36,803] [MainProcess/MainThread/INFO] (shell_startup.py/update) Creating Sprites...Drawing Background Sprites
[2024-01-24 15:28:36,803] [MainProcess/MainThread/INFO] (shell_startup.py/update) Creating Windows Spites...Drawing Window Sprites
[2024-01-24 15:28:36,821] [MainProcess/MainThread/INFO] (shell_startup.py/update) Clearing background
[2024-01-24 15:28:36,821] [MainProcess/MainThread/INFO] (shell_startup.py/update) Creating Sprites...Drawing Background Sprites
[2024-01-24 15:28:36,821] [MainProcess/MainThread/INFO] (shell_startup.py/update) Creating Windows Spites...Drawing Window Sprites
[2024-01-24 15:28:36,840] [MainProcess/MainThread/INFO] (shell_startup.py/update) Clearing background
[2024-01-24 15:28:36,840] [MainProcess/MainThread/INFO] (shell_startup.py/update) Creating Sprites...Drawing Background Sprites
[2024-01-24 15:28:36,840] [MainProcess/MainThread/INFO] (shell_startup.py/update) Creating Windows Spites...Drawing Window Sprites
[2024-01-24 15:28:36,857] [MainProcess/MainThread/INFO] (shell_startup.py/update) Clearing background
[2024-01-24 15:28:36,857] [MainProcess/MainThread/INFO] (shell_startup.py/update) Creating Sprites...Drawing Background Sprites
[2024-01-24 15:28:36,858] [MainProcess/MainThread/INFO] (shell_startup.py/update) Creating Windows Spites...Drawing Window Sprites
[2024-01-24 15:28:36,875] [MainProcess/MainThread/INFO] (shell_startup.py/update) Clearing background
[2024-01-24 15:28:36,875] [MainProcess/MainThread/INFO] (shell_startup.py/update) Creating Sprites...Drawing Background Sprites
[2024-01-24 15:28:36,875] [MainProcess/MainThread/INFO] (shell_startup.py/update) Creating Windows Spites...Drawing Window Sprites
[2024-01-24 15:28:36,894] [MainProcess/MainThread/INFO] (shell_startup.py/update) Clearing background
[2024-01-24 15:28:36,894] [MainProcess/MainThread/INFO] (shell_startup.py/update) Creating Sprites...Drawing Background Sprites
[2024-01-24 15:28:36,894] [MainProcess/MainThread/INFO] (shell_startup.py/update) Creating Windows Spites...Drawing Window Sprites
[2024-01-24 15:28:36,912] [MainProcess/MainThread/INFO] (shell_startup.py/update) Clearing background
[2024-01-24 15:28:36,913] [MainProcess/MainThread/INFO] (shell_startup.py/update) Creating Sprites...Drawing Background Sprites
[2024-01-24 15:28:36,913] [MainProcess/MainThread/INFO] (shell_startup.py/update) Creating Windows Spites...Drawing Window Sprites
[2024-01-24 15:28:36,930] [MainProcess/MainThread/INFO] (shell_startup.py/update) Clearing background
[2024-01-24 15:28:36,930] [MainProcess/MainThread/INFO] (shell_startup.py/update) Creating Sprites...Drawing Background Sprites
[2024-01-24 15:28:36,930] [MainProcess/MainThread/INFO] (shell_startup.py/update) Creating Windows Spites...Drawing Window Sprites
[2024-01-24 15:28:36,949] [MainProcess/MainThread/INFO] (shell_startup.py/update) Clearing background
[2024-01-24 15:28:36,949] [MainProcess/MainThread/INFO] (shell_startup.py/update) Creating Sprites...Drawing Background Sprites
[2024-01-24 15:28:36,949] [MainProcess/MainThread/INFO] (shell_startup.py/update) Creating Windows Spites...Drawing Window Sprites
[2024-01-24 15:28:36,967] [MainProcess/MainThread/INFO] (shell_startup.py/update) Clearing background
[2024-01-24 15:28:36,967] [MainProcess/MainThread/INFO] (shell_startup.py/update) Creating Sprites...Drawing Background Sprites
[2024-01-24 15:28:36,967] [MainProcess/MainThread/INFO] (shell_startup.py/update) Creating Windows Spites...Drawing Window Sprites
[2024-01-24 15:28:36,985] [MainProcess/MainThread/INFO] (shell_startup.py/update) Clearing background
[2024-01-24 15:28:36,985] [MainProcess/MainThread/INFO] (shell_startup.py/update) Creating Sprites...Drawing Background Sprites
[2024-01-24 15:28:36,985] [MainProcess/MainThread/INFO] (shell_startup.py/update) Creating Windows Spites...Drawing Window Sprites
[2024-01-24 15:28:37,003] [MainProcess/MainThread/INFO] (shell_startup.py/update) Clearing background
[2024-01-24 15:28:37,003] [MainProcess/MainThread/INFO] (shell_startup.py/update) Creating Sprites...Drawing Background Sprites
[2024-01-24 15:28:37,003] [MainProcess/MainThread/INFO] (shell_startup.py/update) Creating Windows Spites...Drawing Window Sprites
[2024-01-24 15:28:37,021] [MainProcess/MainThread/INFO] (shell_startup.py/update) Clearing background
[2024-01-24 15:28:37,022] [MainProcess/MainThread/INFO] (shell_startup.py/update) Creating Sprites...Drawing Background Sprites
[2024-01-24 15:28:37,022] [MainProcess/MainThread/INFO] (shell_startup.py/update) Creating Windows Spites...Drawing Window Sprites
[2024-01-24 15:28:37,040] [MainProcess/MainThread/INFO] (shell_startup.py/update) Clearing background
[2024-01-24 15:28:37,040] [MainProcess/MainThread/INFO] (shell_startup.py/update) Creating Sprites...Drawing Background Sprites
[2024-01-24 15:28:37,040] [MainProcess/MainThread/INFO] (shell_startup.py/update) Creating Windows Spites...Drawing Window Sprites
[2024-01-24 15:28:37,057] [MainProcess/MainThread/INFO] (shell_startup.py/update) Clearing background
[2024-01-24 15:28:37,057] [MainProcess/MainThread/INFO] (shell_startup.py/update) Creating Sprites...Drawing Background Sprites
[2024-01-24 15:28:37,058] [MainProcess/MainThread/INFO] (shell_startup.py/update) Creating Windows Spites...Drawing Window Sprites
[2024-01-24 15:28:37,076] [MainProcess/MainThread/INFO] (shell_startup.py/update) Clearing background
[2024-01-24 15:28:37,076] [MainProcess/MainThread/INFO] (shell_startup.py/update) Creating Sprites...Drawing Background Sprites
[2024-01-24 15:28:37,076] [MainProcess/MainThread/INFO] (shell_startup.py/update) Creating Windows Spites...Drawing Window Sprites
[2024-01-24 15:28:37,094] [MainProcess/MainThread/INFO] (shell_startup.py/update) Clearing background
[2024-01-24 15:28:37,094] [MainProcess/MainThread/INFO] (shell_startup.py/update) Creating Sprites...Drawing Background Sprites
[2024-01-24 15:28:37,094] [MainProcess/MainThread/INFO] (shell_startup.py/update) Creating Windows Spites...Drawing Window Sprites
[2024-01-24 15:28:37,112] [MainProcess/MainThread/INFO] (shell_startup.py/update) Clearing background
[2024-01-24 15:28:37,112] [MainProcess/MainThread/INFO] (shell_startup.py/update) Creating Sprites...Drawing Background Sprites
[2024-01-24 15:28:37,112] [MainProcess/MainThread/INFO] (shell_startup.py/update) Creating Windows Spites...Drawing Window Sprites
[2024-01-24 15:28:37,130] [MainProcess/MainThread/INFO] (shell_startup.py/update) Clearing background
[2024-01-24 15:28:37,130] [MainProcess/MainThread/INFO] (shell_startup.py/update) Creating Sprites...Drawing Background Sprites
[2024-01-24 15:28:37,131] [MainProcess/MainThread/INFO] (shell_startup.py/update) Creating Windows Spites...Drawing Window Sprites
[2024-01-24 15:28:37,148] [MainProcess/MainThread/INFO] (shell_startup.py/update) Clearing background
[2024-01-24 15:28:37,148] [MainProcess/MainThread/INFO] (shell_startup.py/update) Creating Sprites...Drawing Background Sprites
[2024-01-24 15:28:37,148] [MainProcess/MainThread/INFO] (shell_startup.py/update) Creating Windows Spites...Drawing Window Sprites
[2024-01-24 15:28:37,167] [MainProcess/MainThread/INFO] (shell_startup.py/update) Clearing background
[2024-01-24 15:28:37,167] [MainProcess/MainThread/INFO] (shell_startup.py/update) Creating Sprites...Drawing Background Sprites
[2024-01-24 15:28:37,167] [MainProcess/MainThread/INFO] (shell_startup.py/update) Creating Windows Spites...Drawing Window Sprites
[2024-01-24 15:28:37,184] [MainProcess/MainThread/INFO] (shell_startup.py/update) Clearing background
[2024-01-24 15:28:37,185] [MainProcess/MainThread/INFO] (shell_startup.py/update) Creating Sprites...Drawing Background Sprites
[2024-01-24 15:28:37,185] [MainProcess/MainThread/INFO] (shell_startup.py/update) Creating Windows Spites...Drawing Window Sprites
[2024-01-24 15:28:37,202] [MainProcess/MainThread/INFO] (shell_startup.py/update) Clearing background
[2024-01-24 15:28:37,203] [MainProcess/MainThread/INFO] (shell_startup.py/update) Creating Sprites...Drawing Background Sprites
[2024-01-24 15:28:37,203] [MainProcess/MainThread/INFO] (shell_startup.py/update) Creating Windows Spites...Drawing Window Sprites
[2024-01-24 15:28:37,221] [MainProcess/MainThread/INFO] (shell_startup.py/update) Clearing background
[2024-01-24 15:28:37,221] [MainProcess/MainThread/INFO] (shell_startup.py/update) Creating Sprites...Drawing Background Sprites
[2024-01-24 15:28:37,221] [MainProcess/MainThread/INFO] (shell_startup.py/update) Creating Windows Spites...Drawing Window Sprites
[2024-01-24 15:28:37,239] [MainProcess/MainThread/INFO] (shell_startup.py/update) Clearing background
[2024-01-24 15:28:37,239] [MainProcess/MainThread/INFO] (shell_startup.py/update) Creating Sprites...Drawing Background Sprites
[2024-01-24 15:28:37,239] [MainProcess/MainThread/INFO] (shell_startup.py/update) Creating Windows Spites...Drawing Window Sprites
