[LOGS]
[2024-01-24 15:31:51,381] [MainProcess/MainThread/INFO] (shell_startup.py/update) Clearing background
[2024-01-24 15:31:51,382] [MainProcess/MainThread/INFO] (shell_startup.py/update) Creating Sprites...Drawing Background Sprites
[2024-01-24 15:31:51,382] [MainProcess/MainThread/INFO] (shell_startup.py/update) Creating Windows Spites...Drawing Window Sprites
[2024-01-24 15:31:51,406] [MainProcess/MainThread/INFO] (shell_startup.py/update) Clearing background
[2024-01-24 15:31:51,406] [MainProcess/MainThread/INFO] (shell_startup.py/update) Creating Sprites...Drawing Background Sprites
[2024-01-24 15:31:51,406] [MainProcess/MainThread/INFO] (shell_startup.py/update) Creating Windows Spites...Drawing Window Sprites
[2024-01-24 15:31:51,424] [MainProcess/MainThread/INFO] (shell_startup.py/update) Clearing background
[2024-01-24 15:31:51,424] [MainProcess/MainThread/INFO] (shell_startup.py/update) Creating Sprites...Drawing Background Sprites
[2024-01-24 15:31:51,425] [MainProcess/MainThread/INFO] (shell_startup.py/update) Creating Windows Spites...Drawing Window Sprites
[2024-01-24 15:31:51,442] [MainProcess/MainThread/INFO] (shell_startup.py/update) Clearing background
[2024-01-24 15:31:51,442] [MainProcess/MainThread/INFO] (shell_startup.py/update) Creating Sprites...Drawing Background Sprites
[2024-01-24 15:31:51,443] [MainProcess/MainThread/INFO] (shell_startup.py/update) Creating Windows Spites...Drawing Window Sprites
[2024-01-24 15:31:51,461] [MainProcess/MainThread/INFO] (shell_startup.py/update) Clearing background
[2024-01-24 15:31:51,461] [MainProcess/MainThread/INFO] (shell_startup.py/update) Creating Sprites...Drawing Background Sprites
[2024-01-24 15:31:51,461] [MainProcess/MainThread/INFO] (shell_startup.py/update) Creating Windows Spites...Drawing Window Sprites
[2024-01-24 15:31:51,478] [MainProcess/MainThread/INFO] (shell_startup.py/update) Clearing background
[2024-01-24 15:31:51,479] [MainProcess/MainThread/INFO] (shell_startup.py/update) Creating Sprites...Drawing Background Sprites
[2024-01-24 15:31:51,479] [MainProcess/MainThread/INFO] (shell_startup.py/update) Creating Windows Spites...Drawing Window Sprites
[2024-01-24 15:31:51,496] [MainProcess/MainThread/INFO] (shell_startup.py/update) Clearing background
[2024-01-24 15:31:51,496] [MainProcess/MainThread/INFO] (shell_startup.py/update) Creating Sprites...Drawing Background Sprites
[2024-01-24 15:31:51,496] [MainProcess/MainThread/INFO] (shell_startup.py/update) Creating Windows Spites...Drawing Window Sprites
[2024-01-24 15:31:51,514] [MainProcess/MainThread/INFO] (shell_startup.py/update) Clearing background
[2024-01-24 15:31:51,515] [MainProcess/MainThread/INFO] (shell_startup.py/update) Creating Sprites...Drawing Background Sprites
[2024-01-24 15:31:51,515] [MainProcess/MainThread/INFO] (shell_startup.py/update) Creating Windows Spites...Drawing Window Sprites
[2024-01-24 15:31:51,533] [MainProcess/MainThread/INFO] (shell_startup.py/update) Clearing background
[2024-01-24 15:31:51,533] [MainProcess/MainThread/INFO] (shell_startup.py/update) Creating Sprites...Drawing Background Sprites
[2024-01-24 15:31:51,533] [MainProcess/MainThread/INFO] (shell_startup.py/update) Creating Windows Spites...Drawing Window Sprites
[2024-01-24 15:31:51,551] [MainProcess/MainThread/INFO] (shell_startup.py/update) Clearing background
[2024-01-24 15:31:51,551] [MainProcess/MainThread/INFO] (shell_startup.py/update) Creating Sprites...Drawing Background Sprites
[2024-01-24 15:31:51,551] [MainProcess/MainThread/INFO] (shell_startup.py/update) Creating Windows Spites...Drawing Window Sprites
[2024-01-24 15:31:51,569] [MainProcess/MainThread/INFO] (shell_startup.py/update) Clearing background
[2024-01-24 15:31:51,569] [MainProcess/MainThread/INFO] (shell_startup.py/update) Creating Sprites...Drawing Background Sprites
[2024-01-24 15:31:51,569] [MainProcess/MainThread/INFO] (shell_startup.py/update) Creating Windows Spites...Drawing Window Sprites
[2024-01-24 15:31:51,587] [MainProcess/MainThread/INFO] (shell_startup.py/update) Clearing background
[2024-01-24 15:31:51,587] [MainProcess/MainThread/INFO] (shell_startup.py/update) Creating Sprites...Drawing Background Sprites
[2024-01-24 15:31:51,587] [MainProcess/MainThread/INFO] (shell_startup.py/update) Creating Windows Spites...Drawing Window Sprites
[2024-01-24 15:31:51,605] [MainProcess/MainThread/INFO] (shell_startup.py/update) Clearing background
[2024-01-24 15:31:51,605] [MainProcess/MainThread/INFO] (shell_startup.py/update) Creating Sprites...Drawing Background Sprites
[2024-01-24 15:31:51,605] [MainProcess/MainThread/INFO] (shell_startup.py/update) Creating Windows Spites...Drawing Window Sprites
[2024-01-24 15:31:51,625] [MainProcess/MainThread/INFO] (shell_startup.py/update) Clearing background
[2024-01-24 15:31:51,625] [MainProcess/MainThread/INFO] (shell_startup.py/update) Creating Sprites...Drawing Background Sprites
[2024-01-24 15:31:51,625] [MainProcess/MainThread/INFO] (shell_startup.py/update) Creating Windows Spites...Drawing Window Sprites
[2024-01-24 15:31:51,642] [MainProcess/MainThread/INFO] (shell_startup.py/update) Clearing background
[2024-01-24 15:31:51,642] [MainProcess/MainThread/INFO] (shell_startup.py/update) Creating Sprites...Drawing Background Sprites
[2024-01-24 15:31:51,642] [MainProcess/MainThread/INFO] (shell_startup.py/update) Creating Windows Spites...Drawing Window Sprites
[2024-01-24 15:31:51,661] [MainProcess/MainThread/INFO] (shell_startup.py/update) Clearing background
[2024-01-24 15:31:51,661] [MainProcess/MainThread/INFO] (shell_startup.py/update) Creating Sprites...Drawing Background Sprites
[2024-01-24 15:31:51,661] [MainProcess/MainThread/INFO] (shell_startup.py/update) Creating Windows Spites...Drawing Window Sprites
[2024-01-24 15:31:51,679] [MainProcess/MainThread/INFO] (shell_startup.py/update) Clearing background
[2024-01-24 15:31:51,679] [MainProcess/MainThread/INFO] (shell_startup.py/update) Creating Sprites...Drawing Background Sprites
[2024-01-24 15:31:51,679] [MainProcess/MainThread/INFO] (shell_startup.py/update) Creating Windows Spites...Drawing Window Sprites
[2024-01-24 15:31:51,697] [MainProcess/MainThread/INFO] (shell_startup.py/update) Clearing background
[2024-01-24 15:31:51,698] [MainProcess/MainThread/INFO] (shell_startup.py/update) Creating Sprites...Drawing Background Sprites
[2024-01-24 15:31:51,698] [MainProcess/MainThread/INFO] (shell_startup.py/update) Creating Windows Spites...Drawing Window Sprites
[2024-01-24 15:31:51,715] [MainProcess/MainThread/INFO] (shell_startup.py/update) Clearing background
[2024-01-24 15:31:51,715] [MainProcess/MainThread/INFO] (shell_startup.py/update) Creating Sprites...Drawing Background Sprites
[2024-01-24 15:31:51,715] [MainProcess/MainThread/INFO] (shell_startup.py/update) Creating Windows Spites...Drawing Window Sprites
[2024-01-24 15:31:51,734] [MainProcess/MainThread/INFO] (shell_startup.py/update) Clearing background
[2024-01-24 15:31:51,734] [MainProcess/MainThread/INFO] (shell_startup.py/update) Creating Sprites...Drawing Background Sprites
[2024-01-24 15:31:51,734] [MainProcess/MainThread/INFO] (shell_startup.py/update) Creating Windows Spites...Drawing Window Sprites
[2024-01-24 15:31:51,751] [MainProcess/MainThread/INFO] (shell_startup.py/update) Clearing background
[2024-01-24 15:31:51,751] [MainProcess/MainThread/INFO] (shell_startup.py/update) Creating Sprites...Drawing Background Sprites
[2024-01-24 15:31:51,751] [MainProcess/MainThread/INFO] (shell_startup.py/update) Creating Windows Spites...Drawing Window Sprites
[2024-01-24 15:31:51,769] [MainProcess/MainThread/INFO] (shell_startup.py/update) Clearing background
[2024-01-24 15:31:51,769] [MainProcess/MainThread/INFO] (shell_startup.py/update) Creating Sprites...Drawing Background Sprites
[2024-01-24 15:31:51,769] [MainProcess/MainThread/INFO] (shell_startup.py/update) Creating Windows Spites...Drawing Window Sprites
[2024-01-24 15:31:51,787] [MainProcess/MainThread/INFO] (shell_startup.py/update) Clearing background
[2024-01-24 15:31:51,788] [MainProcess/MainThread/INFO] (shell_startup.py/update) Creating Sprites...Drawing Background Sprites
[2024-01-24 15:31:51,788] [MainProcess/MainThread/INFO] (shell_startup.py/update) Creating Windows Spites...Drawing Window Sprites
[2024-01-24 15:31:51,806] [MainProcess/MainThread/INFO] (shell_startup.py/update) Clearing background
[2024-01-24 15:31:51,806] [MainProcess/MainThread/INFO] (shell_startup.py/update) Creating Sprites...Drawing Background Sprites
[2024-01-24 15:31:51,806] [MainProcess/MainThread/INFO] (shell_startup.py/update) Creating Windows Spites...Drawing Window Sprites
[2024-01-24 15:31:51,825] [MainProcess/MainThread/INFO] (shell_startup.py/update) Clearing background
[2024-01-24 15:31:51,825] [MainProcess/MainThread/INFO] (shell_startup.py/update) Creating Sprites...Drawing Background Sprites
[2024-01-24 15:31:51,825] [MainProcess/MainThread/INFO] (shell_startup.py/update) Creating Windows Spites...Drawing Window Sprites
[2024-01-24 15:31:51,843] [MainProcess/MainThread/INFO] (shell_startup.py/update) Clearing background
[2024-01-24 15:31:51,843] [MainProcess/MainThread/INFO] (shell_startup.py/update) Creating Sprites...Drawing Background Sprites
[2024-01-24 15:31:51,843] [MainProcess/MainThread/INFO] (shell_startup.py/update) Creating Windows Spites...Drawing Window Sprites
[2024-01-24 15:31:51,861] [MainProcess/MainThread/INFO] (shell_startup.py/update) Clearing background
[2024-01-24 15:31:51,861] [MainProcess/MainThread/INFO] (shell_startup.py/update) Creating Sprites...Drawing Background Sprites
[2024-01-24 15:31:51,861] [MainProcess/MainThread/INFO] (shell_startup.py/update) Creating Windows Spites...Drawing Window Sprites
[2024-01-24 15:31:51,879] [MainProcess/MainThread/INFO] (shell_startup.py/update) Clearing background
[2024-01-24 15:31:51,879] [MainProcess/MainThread/INFO] (shell_startup.py/update) Creating Sprites...Drawing Background Sprites
[2024-01-24 15:31:51,879] [MainProcess/MainThread/INFO] (shell_startup.py/update) Creating Windows Spites...Drawing Window Sprites
[2024-01-24 15:31:51,898] [MainProcess/MainThread/INFO] (shell_startup.py/update) Clearing background
[2024-01-24 15:31:51,898] [MainProcess/MainThread/INFO] (shell_startup.py/update) Creating Sprites...Drawing Background Sprites
[2024-01-24 15:31:51,898] [MainProcess/MainThread/INFO] (shell_startup.py/update) Creating Windows Spites...Drawing Window Sprites
[2024-01-24 15:31:51,914] [MainProcess/MainThread/INFO] (shell_startup.py/update) Clearing background
[2024-01-24 15:31:51,915] [MainProcess/MainThread/INFO] (shell_startup.py/update) Creating Sprites...Drawing Background Sprites
[2024-01-24 15:31:51,915] [MainProcess/MainThread/INFO] (shell_startup.py/update) Creating Windows Spites...Drawing Window Sprites
[2024-01-24 15:31:51,933] [MainProcess/MainThread/INFO] (shell_startup.py/update) Clearing background
[2024-01-24 15:31:51,933] [MainProcess/MainThread/INFO] (shell_startup.py/update) Creating Sprites...Drawing Background Sprites
[2024-01-24 15:31:51,933] [MainProcess/MainThread/INFO] (shell_startup.py/update) Creating Windows Spites...Drawing Window Sprites
[2024-01-24 15:31:51,952] [MainProcess/MainThread/INFO] (shell_startup.py/update) Clearing background
[2024-01-24 15:31:51,952] [MainProcess/MainThread/INFO] (shell_startup.py/update) Creating Sprites...Drawing Background Sprites
[2024-01-24 15:31:51,952] [MainProcess/MainThread/INFO] (shell_startup.py/update) Creating Windows Spites...Drawing Window Sprites
[2024-01-24 15:31:51,969] [MainProcess/MainThread/INFO] (shell_startup.py/update) Clearing background
[2024-01-24 15:31:51,969] [MainProcess/MainThread/INFO] (shell_startup.py/update) Creating Sprites...Drawing Background Sprites
[2024-01-24 15:31:51,969] [MainProcess/MainThread/INFO] (shell_startup.py/update) Creating Windows Spites...Drawing Window Sprites
[2024-01-24 15:31:51,994] [MainProcess/MainThread/INFO] (shell_startup.py/update) Clearing background
[2024-01-24 15:31:51,994] [MainProcess/MainThread/INFO] (shell_startup.py/update) Creating Sprites...Drawing Background Sprites
[2024-01-24 15:31:51,994] [MainProcess/MainThread/INFO] (shell_startup.py/update) Creating Windows Spites...Drawing Window Sprites
[2024-01-24 15:31:52,012] [MainProcess/MainThread/INFO] (shell_startup.py/update) Clearing background
[2024-01-24 15:31:52,012] [MainProcess/MainThread/INFO] (shell_startup.py/update) Creating Sprites...Drawing Background Sprites
[2024-01-24 15:31:52,013] [MainProcess/MainThread/INFO] (shell_startup.py/update) Creating Windows Spites...Drawing Window Sprites
[2024-01-24 15:31:52,030] [MainProcess/MainThread/INFO] (shell_startup.py/update) Clearing background
[2024-01-24 15:31:52,031] [MainProcess/MainThread/INFO] (shell_startup.py/update) Creating Sprites...Drawing Background Sprites
[2024-01-24 15:31:52,031] [MainProcess/MainThread/INFO] (shell_startup.py/update) Creating Windows Spites...Drawing Window Sprites
[2024-01-24 15:31:52,049] [MainProcess/MainThread/INFO] (shell_startup.py/update) Clearing background
[2024-01-24 15:31:52,049] [MainProcess/MainThread/INFO] (shell_startup.py/update) Creating Sprites...Drawing Background Sprites
[2024-01-24 15:31:52,049] [MainProcess/MainThread/INFO] (shell_startup.py/update) Creating Windows Spites...Drawing Window Sprites
[2024-01-24 15:31:52,067] [MainProcess/MainThread/INFO] (shell_startup.py/update) Clearing background
[2024-01-24 15:31:52,068] [MainProcess/MainThread/INFO] (shell_startup.py/update) Creating Sprites...Drawing Background Sprites
[2024-01-24 15:31:52,068] [MainProcess/MainThread/INFO] (shell_startup.py/update) Creating Windows Spites...Drawing Window Sprites
[2024-01-24 15:31:52,086] [MainProcess/MainThread/INFO] (shell_startup.py/update) Clearing background
[2024-01-24 15:31:52,086] [MainProcess/MainThread/INFO] (shell_startup.py/update) Creating Sprites...Drawing Background Sprites
[2024-01-24 15:31:52,086] [MainProcess/MainThread/INFO] (shell_startup.py/update) Creating Windows Spites...Drawing Window Sprites
[2024-01-24 15:31:52,104] [MainProcess/MainThread/INFO] (shell_startup.py/update) Clearing background
[2024-01-24 15:31:52,104] [MainProcess/MainThread/INFO] (shell_startup.py/update) Creating Sprites...Drawing Background Sprites
[2024-01-24 15:31:52,104] [MainProcess/MainThread/INFO] (shell_startup.py/update) Creating Windows Spites...Drawing Window Sprites
[2024-01-24 15:31:52,122] [MainProcess/MainThread/INFO] (shell_startup.py/update) Clearing background
[2024-01-24 15:31:52,122] [MainProcess/MainThread/INFO] (shell_startup.py/update) Creating Sprites...Drawing Background Sprites
[2024-01-24 15:31:52,122] [MainProcess/MainThread/INFO] (shell_startup.py/update) Creating Windows Spites...Drawing Window Sprites
[2024-01-24 15:31:52,139] [MainProcess/MainThread/INFO] (shell_startup.py/update) Clearing background
[2024-01-24 15:31:52,139] [MainProcess/MainThread/INFO] (shell_startup.py/update) Creating Sprites...Drawing Background Sprites
[2024-01-24 15:31:52,139] [MainProcess/MainThread/INFO] (shell_startup.py/update) Creating Windows Spites...Drawing Window Sprites
[2024-01-24 15:31:52,157] [MainProcess/MainThread/INFO] (shell_startup.py/update) Clearing background
[2024-01-24 15:31:52,158] [MainProcess/MainThread/INFO] (shell_startup.py/update) Creating Sprites...Drawing Background Sprites
[2024-01-24 15:31:52,158] [MainProcess/MainThread/INFO] (shell_startup.py/update) Creating Windows Spites...Drawing Window Sprites
[2024-01-24 15:31:52,175] [MainProcess/MainThread/INFO] (shell_startup.py/update) Clearing background
[2024-01-24 15:31:52,175] [MainProcess/MainThread/INFO] (shell_startup.py/update) Creating Sprites...Drawing Background Sprites
[2024-01-24 15:31:52,175] [MainProcess/MainThread/INFO] (shell_startup.py/update) Creating Windows Spites...Drawing Window Sprites
[2024-01-24 15:31:52,194] [MainProcess/MainThread/INFO] (shell_startup.py/update) Clearing background
[2024-01-24 15:31:52,194] [MainProcess/MainThread/INFO] (shell_startup.py/update) Creating Sprites...Drawing Background Sprites
[2024-01-24 15:31:52,194] [MainProcess/MainThread/INFO] (shell_startup.py/update) Creating Windows Spites...Drawing Window Sprites
[2024-01-24 15:31:52,212] [MainProcess/MainThread/INFO] (shell_startup.py/update) Clearing background
[2024-01-24 15:31:52,212] [MainProcess/MainThread/INFO] (shell_startup.py/update) Creating Sprites...Drawing Background Sprites
[2024-01-24 15:31:52,212] [MainProcess/MainThread/INFO] (shell_startup.py/update) Creating Windows Spites...Drawing Window Sprites
[2024-01-24 15:31:52,231] [MainProcess/MainThread/INFO] (shell_startup.py/update) Clearing background
[2024-01-24 15:31:52,231] [MainProcess/MainThread/INFO] (shell_startup.py/update) Creating Sprites...Drawing Background Sprites
[2024-01-24 15:31:52,231] [MainProcess/MainThread/INFO] (shell_startup.py/update) Creating Windows Spites...Drawing Window Sprites
[2024-01-24 15:31:52,249] [MainProcess/MainThread/INFO] (shell_startup.py/update) Clearing background
[2024-01-24 15:31:52,249] [MainProcess/MainThread/INFO] (shell_startup.py/update) Creating Sprites...Drawing Background Sprites
[2024-01-24 15:31:52,250] [MainProcess/MainThread/INFO] (shell_startup.py/update) Creating Windows Spites...Drawing Window Sprites
[2024-01-24 15:31:52,267] [MainProcess/MainThread/INFO] (shell_startup.py/update) Clearing background
[2024-01-24 15:31:52,267] [MainProcess/MainThread/INFO] (shell_startup.py/update) Creating Sprites...Drawing Background Sprites
[2024-01-24 15:31:52,267] [MainProcess/MainThread/INFO] (shell_startup.py/update) Creating Windows Spites...Drawing Window Sprites
[2024-01-24 15:31:52,285] [MainProcess/MainThread/INFO] (shell_startup.py/update) Clearing background
[2024-01-24 15:31:52,285] [MainProcess/MainThread/INFO] (shell_startup.py/update) Creating Sprites...Drawing Background Sprites
[2024-01-24 15:31:52,285] [MainProcess/MainThread/INFO] (shell_startup.py/update) Creating Windows Spites...Drawing Window Sprites
[2024-01-24 15:31:52,303] [MainProcess/MainThread/INFO] (shell_startup.py/update) Clearing background
[2024-01-24 15:31:52,304] [MainProcess/MainThread/INFO] (shell_startup.py/update) Creating Sprites...Drawing Background Sprites
[2024-01-24 15:31:52,304] [MainProcess/MainThread/INFO] (shell_startup.py/update) Creating Windows Spites...Drawing Window Sprites
[2024-01-24 15:31:52,321] [MainProcess/MainThread/INFO] (shell_startup.py/update) Clearing background
[2024-01-24 15:31:52,322] [MainProcess/MainThread/INFO] (shell_startup.py/update) Creating Sprites...Drawing Background Sprites
[2024-01-24 15:31:52,322] [MainProcess/MainThread/INFO] (shell_startup.py/update) Creating Windows Spites...Drawing Window Sprites
[2024-01-24 15:31:52,339] [MainProcess/MainThread/INFO] (shell_startup.py/update) Clearing background
[2024-01-24 15:31:52,339] [MainProcess/MainThread/INFO] (shell_startup.py/update) Creating Sprites...Drawing Background Sprites
[2024-01-24 15:31:52,339] [MainProcess/MainThread/INFO] (shell_startup.py/update) Creating Windows Spites...Drawing Window Sprites
[2024-01-24 15:31:52,357] [MainProcess/MainThread/INFO] (shell_startup.py/update) Clearing background
[2024-01-24 15:31:52,357] [MainProcess/MainThread/INFO] (shell_startup.py/update) Creating Sprites...Drawing Background Sprites
[2024-01-24 15:31:52,357] [MainProcess/MainThread/INFO] (shell_startup.py/update) Creating Windows Spites...Drawing Window Sprites
[2024-01-24 15:31:52,375] [MainProcess/MainThread/INFO] (shell_startup.py/update) Clearing background
[2024-01-24 15:31:52,375] [MainProcess/MainThread/INFO] (shell_startup.py/update) Creating Sprites...Drawing Background Sprites
[2024-01-24 15:31:52,376] [MainProcess/MainThread/INFO] (shell_startup.py/update) Creating Windows Spites...Drawing Window Sprites
[2024-01-24 15:31:52,394] [MainProcess/MainThread/INFO] (shell_startup.py/update) Clearing background
[2024-01-24 15:31:52,395] [MainProcess/MainThread/INFO] (shell_startup.py/update) Creating Sprites...Drawing Background Sprites
[2024-01-24 15:31:52,395] [MainProcess/MainThread/INFO] (shell_startup.py/update) Creating Windows Spites...Drawing Window Sprites
[2024-01-24 15:31:52,412] [MainProcess/MainThread/INFO] (shell_startup.py/update) Clearing background
[2024-01-24 15:31:52,412] [MainProcess/MainThread/INFO] (shell_startup.py/update) Creating Sprites...Drawing Background Sprites
[2024-01-24 15:31:52,412] [MainProcess/MainThread/INFO] (shell_startup.py/update) Creating Windows Spites...Drawing Window Sprites
[2024-01-24 15:31:52,431] [MainProcess/MainThread/INFO] (shell_startup.py/update) Clearing background
[2024-01-24 15:31:52,431] [MainProcess/MainThread/INFO] (shell_startup.py/update) Creating Sprites...Drawing Background Sprites
[2024-01-24 15:31:52,431] [MainProcess/MainThread/INFO] (shell_startup.py/update) Creating Windows Spites...Drawing Window Sprites
[2024-01-24 15:31:52,449] [MainProcess/MainThread/INFO] (shell_startup.py/update) Clearing background
[2024-01-24 15:31:52,449] [MainProcess/MainThread/INFO] (shell_startup.py/update) Creating Sprites...Drawing Background Sprites
[2024-01-24 15:31:52,449] [MainProcess/MainThread/INFO] (shell_startup.py/update) Creating Windows Spites...Drawing Window Sprites
[2024-01-24 15:31:52,468] [MainProcess/MainThread/INFO] (shell_startup.py/update) Clearing background
[2024-01-24 15:31:52,468] [MainProcess/MainThread/INFO] (shell_startup.py/update) Creating Sprites...Drawing Background Sprites
[2024-01-24 15:31:52,468] [MainProcess/MainThread/INFO] (shell_startup.py/update) Creating Windows Spites...Drawing Window Sprites
[2024-01-24 15:31:52,485] [MainProcess/MainThread/INFO] (shell_startup.py/update) Clearing background
[2024-01-24 15:31:52,486] [MainProcess/MainThread/INFO] (shell_startup.py/update) Creating Sprites...Drawing Background Sprites
[2024-01-24 15:31:52,486] [MainProcess/MainThread/INFO] (shell_startup.py/update) Creating Windows Spites...Drawing Window Sprites
[2024-01-24 15:31:52,504] [MainProcess/MainThread/INFO] (shell_startup.py/update) Clearing background
[2024-01-24 15:31:52,504] [MainProcess/MainThread/INFO] (shell_startup.py/update) Creating Sprites...Drawing Background Sprites
[2024-01-24 15:31:52,504] [MainProcess/MainThread/INFO] (shell_startup.py/update) Creating Windows Spites...Drawing Window Sprites
[2024-01-24 15:31:52,521] [MainProcess/MainThread/INFO] (shell_startup.py/update) Clearing background
[2024-01-24 15:31:52,522] [MainProcess/MainThread/INFO] (shell_startup.py/update) Creating Sprites...Drawing Background Sprites
[2024-01-24 15:31:52,522] [MainProcess/MainThread/INFO] (shell_startup.py/update) Creating Windows Spites...Drawing Window Sprites
[2024-01-24 15:31:52,540] [MainProcess/MainThread/INFO] (shell_startup.py/update) Clearing background
[2024-01-24 15:31:52,540] [MainProcess/MainThread/INFO] (shell_startup.py/update) Creating Sprites...Drawing Background Sprites
[2024-01-24 15:31:52,540] [MainProcess/MainThread/INFO] (shell_startup.py/update) Creating Windows Spites...Drawing Window Sprites
[2024-01-24 15:31:52,558] [MainProcess/MainThread/INFO] (shell_startup.py/update) Clearing background
[2024-01-24 15:31:52,558] [MainProcess/MainThread/INFO] (shell_startup.py/update) Creating Sprites...Drawing Background Sprites
[2024-01-24 15:31:52,558] [MainProcess/MainThread/INFO] (shell_startup.py/update) Creating Windows Spites...Drawing Window Sprites
[2024-01-24 15:31:52,577] [MainProcess/MainThread/INFO] (shell_startup.py/update) Clearing background
[2024-01-24 15:31:52,577] [MainProcess/MainThread/INFO] (shell_startup.py/update) Creating Sprites...Drawing Background Sprites
[2024-01-24 15:31:52,577] [MainProcess/MainThread/INFO] (shell_startup.py/update) Creating Windows Spites...Drawing Window Sprites
[2024-01-24 15:31:52,594] [MainProcess/MainThread/INFO] (shell_startup.py/update) Clearing background
[2024-01-24 15:31:52,594] [MainProcess/MainThread/INFO] (shell_startup.py/update) Creating Sprites...Drawing Background Sprites
[2024-01-24 15:31:52,595] [MainProcess/MainThread/INFO] (shell_startup.py/update) Creating Windows Spites...Drawing Window Sprites
[2024-01-24 15:31:52,613] [MainProcess/MainThread/INFO] (shell_startup.py/update) Clearing background
[2024-01-24 15:31:52,613] [MainProcess/MainThread/INFO] (shell_startup.py/update) Creating Sprites...Drawing Background Sprites
[2024-01-24 15:31:52,613] [MainProcess/MainThread/INFO] (shell_startup.py/update) Creating Windows Spites...Drawing Window Sprites
[2024-01-24 15:31:52,631] [MainProcess/MainThread/INFO] (shell_startup.py/update) Clearing background
[2024-01-24 15:31:52,631] [MainProcess/MainThread/INFO] (shell_startup.py/update) Creating Sprites...Drawing Background Sprites
[2024-01-24 15:31:52,631] [MainProcess/MainThread/INFO] (shell_startup.py/update) Creating Windows Spites...Drawing Window Sprites
[2024-01-24 15:31:52,649] [MainProcess/MainThread/INFO] (shell_startup.py/update) Clearing background
[2024-01-24 15:31:52,649] [MainProcess/MainThread/INFO] (shell_startup.py/update) Creating Sprites...Drawing Background Sprites
[2024-01-24 15:31:52,649] [MainProcess/MainThread/INFO] (shell_startup.py/update) Creating Windows Spites...Drawing Window Sprites
[2024-01-24 15:31:52,667] [MainProcess/MainThread/INFO] (shell_startup.py/update) Clearing background
[2024-01-24 15:31:52,667] [MainProcess/MainThread/INFO] (shell_startup.py/update) Creating Sprites...Drawing Background Sprites
[2024-01-24 15:31:52,667] [MainProcess/MainThread/INFO] (shell_startup.py/update) Creating Windows Spites...Drawing Window Sprites
[2024-01-24 15:31:52,686] [MainProcess/MainThread/INFO] (shell_startup.py/update) Clearing background
[2024-01-24 15:31:52,686] [MainProcess/MainThread/INFO] (shell_startup.py/update) Creating Sprites...Drawing Background Sprites
[2024-01-24 15:31:52,687] [MainProcess/MainThread/INFO] (shell_startup.py/update) Creating Windows Spites...Drawing Window Sprites
[2024-01-24 15:31:52,704] [MainProcess/MainThread/INFO] (shell_startup.py/update) Clearing background
[2024-01-24 15:31:52,705] [MainProcess/MainThread/INFO] (shell_startup.py/update) Creating Sprites...Drawing Background Sprites
[2024-01-24 15:31:52,705] [MainProcess/MainThread/INFO] (shell_startup.py/update) Creating Windows Spites...Drawing Window Sprites
[2024-01-24 15:31:52,721] [MainProcess/MainThread/INFO] (shell_startup.py/update) Clearing background
[2024-01-24 15:31:52,722] [MainProcess/MainThread/INFO] (shell_startup.py/update) Creating Sprites...Drawing Background Sprites
[2024-01-24 15:31:52,722] [MainProcess/MainThread/INFO] (shell_startup.py/update) Creating Windows Spites...Drawing Window Sprites
[2024-01-24 15:31:52,740] [MainProcess/MainThread/INFO] (shell_startup.py/update) Clearing background
[2024-01-24 15:31:52,740] [MainProcess/MainThread/INFO] (shell_startup.py/update) Creating Sprites...Drawing Background Sprites
[2024-01-24 15:31:52,740] [MainProcess/MainThread/INFO] (shell_startup.py/update) Creating Windows Spites...Drawing Window Sprites
[2024-01-24 15:31:52,758] [MainProcess/MainThread/INFO] (shell_startup.py/update) Clearing background
[2024-01-24 15:31:52,758] [MainProcess/MainThread/INFO] (shell_startup.py/update) Creating Sprites...Drawing Background Sprites
[2024-01-24 15:31:52,758] [MainProcess/MainThread/INFO] (shell_startup.py/update) Creating Windows Spites...Drawing Window Sprites
[2024-01-24 15:31:52,776] [MainProcess/MainThread/INFO] (shell_startup.py/update) Clearing background
[2024-01-24 15:31:52,776] [MainProcess/MainThread/INFO] (shell_startup.py/update) Creating Sprites...Drawing Background Sprites
[2024-01-24 15:31:52,776] [MainProcess/MainThread/INFO] (shell_startup.py/update) Creating Windows Spites...Drawing Window Sprites
[2024-01-24 15:31:52,794] [MainProcess/MainThread/INFO] (shell_startup.py/update) Clearing background
[2024-01-24 15:31:52,794] [MainProcess/MainThread/INFO] (shell_startup.py/update) Creating Sprites...Drawing Background Sprites
[2024-01-24 15:31:52,794] [MainProcess/MainThread/INFO] (shell_startup.py/update) Creating Windows Spites...Drawing Window Sprites
[2024-01-24 15:31:52,813] [MainProcess/MainThread/INFO] (shell_startup.py/update) Clearing background
[2024-01-24 15:31:52,813] [MainProcess/MainThread/INFO] (shell_startup.py/update) Creating Sprites...Drawing Background Sprites
[2024-01-24 15:31:52,813] [MainProcess/MainThread/INFO] (shell_startup.py/update) Creating Windows Spites...Drawing Window Sprites
[2024-01-24 15:31:52,831] [MainProcess/MainThread/INFO] (shell_startup.py/update) Clearing background
[2024-01-24 15:31:52,831] [MainProcess/MainThread/INFO] (shell_startup.py/update) Creating Sprites...Drawing Background Sprites
[2024-01-24 15:31:52,831] [MainProcess/MainThread/INFO] (shell_startup.py/update) Creating Windows Spites...Drawing Window Sprites
[2024-01-24 15:31:52,849] [MainProcess/MainThread/INFO] (shell_startup.py/update) Clearing background
[2024-01-24 15:31:52,849] [MainProcess/MainThread/INFO] (shell_startup.py/update) Creating Sprites...Drawing Background Sprites
[2024-01-24 15:31:52,849] [MainProcess/MainThread/INFO] (shell_startup.py/update) Creating Windows Spites...Drawing Window Sprites
[2024-01-24 15:31:52,867] [MainProcess/MainThread/INFO] (shell_startup.py/update) Clearing background
[2024-01-24 15:31:52,867] [MainProcess/MainThread/INFO] (shell_startup.py/update) Creating Sprites...Drawing Background Sprites
[2024-01-24 15:31:52,867] [MainProcess/MainThread/INFO] (shell_startup.py/update) Creating Windows Spites...Drawing Window Sprites
[2024-01-24 15:31:52,885] [MainProcess/MainThread/INFO] (shell_startup.py/update) Clearing background
[2024-01-24 15:31:52,886] [MainProcess/MainThread/INFO] (shell_startup.py/update) Creating Sprites...Drawing Background Sprites
[2024-01-24 15:31:52,886] [MainProcess/MainThread/INFO] (shell_startup.py/update) Creating Windows Spites...Drawing Window Sprites
[2024-01-24 15:31:52,904] [MainProcess/MainThread/INFO] (shell_startup.py/update) Clearing background
[2024-01-24 15:31:52,904] [MainProcess/MainThread/INFO] (shell_startup.py/update) Creating Sprites...Drawing Background Sprites
[2024-01-24 15:31:52,904] [MainProcess/MainThread/INFO] (shell_startup.py/update) Creating Windows Spites...Drawing Window Sprites
[2024-01-24 15:31:52,923] [MainProcess/MainThread/INFO] (shell_startup.py/update) Clearing background
[2024-01-24 15:31:52,923] [MainProcess/MainThread/INFO] (shell_startup.py/update) Creating Sprites...Drawing Background Sprites
[2024-01-24 15:31:52,923] [MainProcess/MainThread/INFO] (shell_startup.py/update) Creating Windows Spites...Drawing Window Sprites
[2024-01-24 15:31:52,940] [MainProcess/MainThread/INFO] (shell_startup.py/update) Clearing background
[2024-01-24 15:31:52,940] [MainProcess/MainThread/INFO] (shell_startup.py/update) Creating Sprites...Drawing Background Sprites
[2024-01-24 15:31:52,941] [MainProcess/MainThread/INFO] (shell_startup.py/update) Creating Windows Spites...Drawing Window Sprites
[2024-01-24 15:31:52,958] [MainProcess/MainThread/INFO] (shell_startup.py/update) Clearing background
[2024-01-24 15:31:52,958] [MainProcess/MainThread/INFO] (shell_startup.py/update) Creating Sprites...Drawing Background Sprites
[2024-01-24 15:31:52,958] [MainProcess/MainThread/INFO] (shell_startup.py/update) Creating Windows Spites...Drawing Window Sprites
[2024-01-24 15:31:52,977] [MainProcess/MainThread/INFO] (shell_startup.py/update) Clearing background
[2024-01-24 15:31:52,977] [MainProcess/MainThread/INFO] (shell_startup.py/update) Creating Sprites...Drawing Background Sprites
[2024-01-24 15:31:52,977] [MainProcess/MainThread/INFO] (shell_startup.py/update) Creating Windows Spites...Drawing Window Sprites
[2024-01-24 15:31:52,995] [MainProcess/MainThread/INFO] (shell_startup.py/update) Clearing background
[2024-01-24 15:31:52,995] [MainProcess/MainThread/INFO] (shell_startup.py/update) Creating Sprites...Drawing Background Sprites
[2024-01-24 15:31:52,995] [MainProcess/MainThread/INFO] (shell_startup.py/update) Creating Windows Spites...Drawing Window Sprites
[2024-01-24 15:31:53,013] [MainProcess/MainThread/INFO] (shell_startup.py/update) Clearing background
[2024-01-24 15:31:53,014] [MainProcess/MainThread/INFO] (shell_startup.py/update) Creating Sprites...Drawing Background Sprites
[2024-01-24 15:31:53,014] [MainProcess/MainThread/INFO] (shell_startup.py/update) Creating Windows Spites...Drawing Window Sprites
[2024-01-24 15:31:53,032] [MainProcess/MainThread/INFO] (shell_startup.py/update) Clearing background
[2024-01-24 15:31:53,033] [MainProcess/MainThread/INFO] (shell_startup.py/update) Creating Sprites...Drawing Background Sprites
[2024-01-24 15:31:53,033] [MainProcess/MainThread/INFO] (shell_startup.py/update) Creating Windows Spites...Drawing Window Sprites
[2024-01-24 15:31:53,050] [MainProcess/MainThread/INFO] (shell_startup.py/update) Clearing background
[2024-01-24 15:31:53,050] [MainProcess/MainThread/INFO] (shell_startup.py/update) Creating Sprites...Drawing Background Sprites
[2024-01-24 15:31:53,050] [MainProcess/MainThread/INFO] (shell_startup.py/update) Creating Windows Spites...Drawing Window Sprites
[2024-01-24 15:31:53,068] [MainProcess/MainThread/INFO] (shell_startup.py/update) Clearing background
[2024-01-24 15:31:53,068] [MainProcess/MainThread/INFO] (shell_startup.py/update) Creating Sprites...Drawing Background Sprites
[2024-01-24 15:31:53,069] [MainProcess/MainThread/INFO] (shell_startup.py/update) Creating Windows Spites...Drawing Window Sprites
[2024-01-24 15:31:53,086] [MainProcess/MainThread/INFO] (shell_startup.py/update) Clearing background
[2024-01-24 15:31:53,086] [MainProcess/MainThread/INFO] (shell_startup.py/update) Creating Sprites...Drawing Background Sprites
[2024-01-24 15:31:53,086] [MainProcess/MainThread/INFO] (shell_startup.py/update) Creating Windows Spites...Drawing Window Sprites
[2024-01-24 15:31:53,105] [MainProcess/MainThread/INFO] (shell_startup.py/update) Clearing background
[2024-01-24 15:31:53,105] [MainProcess/MainThread/INFO] (shell_startup.py/update) Creating Sprites...Drawing Background Sprites
[2024-01-24 15:31:53,105] [MainProcess/MainThread/INFO] (shell_startup.py/update) Creating Windows Spites...Drawing Window Sprites
[2024-01-24 15:31:53,124] [MainProcess/MainThread/INFO] (shell_startup.py/update) Clearing background
[2024-01-24 15:31:53,124] [MainProcess/MainThread/INFO] (shell_startup.py/update) Creating Sprites...Drawing Background Sprites
[2024-01-24 15:31:53,124] [MainProcess/MainThread/INFO] (shell_startup.py/update) Creating Windows Spites...Drawing Window Sprites
[2024-01-24 15:31:53,142] [MainProcess/MainThread/INFO] (shell_startup.py/update) Clearing background
[2024-01-24 15:31:53,142] [MainProcess/MainThread/INFO] (shell_startup.py/update) Creating Sprites...Drawing Background Sprites
[2024-01-24 15:31:53,142] [MainProcess/MainThread/INFO] (shell_startup.py/update) Creating Windows Spites...Drawing Window Sprites
[2024-01-24 15:31:53,160] [MainProcess/MainThread/INFO] (shell_startup.py/update) Clearing background
[2024-01-24 15:31:53,160] [MainProcess/MainThread/INFO] (shell_startup.py/update) Creating Sprites...Drawing Background Sprites
[2024-01-24 15:31:53,160] [MainProcess/MainThread/INFO] (shell_startup.py/update) Creating Windows Spites...Drawing Window Sprites
[2024-01-24 15:31:53,177] [MainProcess/MainThread/INFO] (shell_startup.py/update) Clearing background
[2024-01-24 15:31:53,177] [MainProcess/MainThread/INFO] (shell_startup.py/update) Creating Sprites...Drawing Background Sprites
[2024-01-24 15:31:53,177] [MainProcess/MainThread/INFO] (shell_startup.py/update) Creating Windows Spites...Drawing Window Sprites
[2024-01-24 15:31:53,195] [MainProcess/MainThread/INFO] (shell_startup.py/update) Clearing background
[2024-01-24 15:31:53,195] [MainProcess/MainThread/INFO] (shell_startup.py/update) Creating Sprites...Drawing Background Sprites
[2024-01-24 15:31:53,195] [MainProcess/MainThread/INFO] (shell_startup.py/update) Creating Windows Spites...Drawing Window Sprites
[2024-01-24 15:31:53,213] [MainProcess/MainThread/INFO] (shell_startup.py/update) Clearing background
[2024-01-24 15:31:53,214] [MainProcess/MainThread/INFO] (shell_startup.py/update) Creating Sprites...Drawing Background Sprites
[2024-01-24 15:31:53,214] [MainProcess/MainThread/INFO] (shell_startup.py/update) Creating Windows Spites...Drawing Window Sprites
[2024-01-24 15:31:53,232] [MainProcess/MainThread/INFO] (shell_startup.py/update) Clearing background
[2024-01-24 15:31:53,232] [MainProcess/MainThread/INFO] (shell_startup.py/update) Creating Sprites...Drawing Background Sprites
[2024-01-24 15:31:53,232] [MainProcess/MainThread/INFO] (shell_startup.py/update) Creating Windows Spites...Drawing Window Sprites
[2024-01-24 15:31:53,250] [MainProcess/MainThread/INFO] (shell_startup.py/update) Clearing background
[2024-01-24 15:31:53,250] [MainProcess/MainThread/INFO] (shell_startup.py/update) Creating Sprites...Drawing Background Sprites
[2024-01-24 15:31:53,250] [MainProcess/MainThread/INFO] (shell_startup.py/update) Creating Windows Spites...Drawing Window Sprites
[2024-01-24 15:31:53,268] [MainProcess/MainThread/INFO] (shell_startup.py/update) Clearing background
[2024-01-24 15:31:53,268] [MainProcess/MainThread/INFO] (shell_startup.py/update) Creating Sprites...Drawing Background Sprites
[2024-01-24 15:31:53,268] [MainProcess/MainThread/INFO] (shell_startup.py/update) Creating Windows Spites...Drawing Window Sprites
[2024-01-24 15:31:53,286] [MainProcess/MainThread/INFO] (shell_startup.py/update) Clearing background
[2024-01-24 15:31:53,286] [MainProcess/MainThread/INFO] (shell_startup.py/update) Creating Sprites...Drawing Background Sprites
[2024-01-24 15:31:53,286] [MainProcess/MainThread/INFO] (shell_startup.py/update) Creating Windows Spites...Drawing Window Sprites
[2024-01-24 15:31:53,305] [MainProcess/MainThread/INFO] (shell_startup.py/update) Clearing background
[2024-01-24 15:31:53,305] [MainProcess/MainThread/INFO] (shell_startup.py/update) Creating Sprites...Drawing Background Sprites
[2024-01-24 15:31:53,305] [MainProcess/MainThread/INFO] (shell_startup.py/update) Creating Windows Spites...Drawing Window Sprites
[2024-01-24 15:31:53,323] [MainProcess/MainThread/INFO] (shell_startup.py/update) Clearing background
[2024-01-24 15:31:53,324] [MainProcess/MainThread/INFO] (shell_startup.py/update) Creating Sprites...Drawing Background Sprites
[2024-01-24 15:31:53,324] [MainProcess/MainThread/INFO] (shell_startup.py/update) Creating Windows Spites...Drawing Window Sprites
[2024-01-24 15:31:53,342] [MainProcess/MainThread/INFO] (shell_startup.py/update) Clearing background
[2024-01-24 15:31:53,342] [MainProcess/MainThread/INFO] (shell_startup.py/update) Creating Sprites...Drawing Background Sprites
[2024-01-24 15:31:53,342] [MainProcess/MainThread/INFO] (shell_startup.py/update) Creating Windows Spites...Drawing Window Sprites
[2024-01-24 15:31:53,360] [MainProcess/MainThread/INFO] (shell_startup.py/update) Clearing background
[2024-01-24 15:31:53,360] [MainProcess/MainThread/INFO] (shell_startup.py/update) Creating Sprites...Drawing Background Sprites
[2024-01-24 15:31:53,360] [MainProcess/MainThread/INFO] (shell_startup.py/update) Creating Windows Spites...Drawing Window Sprites
[2024-01-24 15:31:53,378] [MainProcess/MainThread/INFO] (shell_startup.py/update) Clearing background
[2024-01-24 15:31:53,378] [MainProcess/MainThread/INFO] (shell_startup.py/update) Creating Sprites...Drawing Background Sprites
[2024-01-24 15:31:53,378] [MainProcess/MainThread/INFO] (shell_startup.py/update) Creating Windows Spites...Drawing Window Sprites
[2024-01-24 15:31:53,396] [MainProcess/MainThread/INFO] (shell_startup.py/update) Clearing background
[2024-01-24 15:31:53,397] [MainProcess/MainThread/INFO] (shell_startup.py/update) Creating Sprites...Drawing Background Sprites
[2024-01-24 15:31:53,397] [MainProcess/MainThread/INFO] (shell_startup.py/update) Creating Windows Spites...Drawing Window Sprites
[2024-01-24 15:31:53,413] [MainProcess/MainThread/INFO] (shell_startup.py/update) Clearing background
[2024-01-24 15:31:53,414] [MainProcess/MainThread/INFO] (shell_startup.py/update) Creating Sprites...Drawing Background Sprites
[2024-01-24 15:31:53,414] [MainProcess/MainThread/INFO] (shell_startup.py/update) Creating Windows Spites...Drawing Window Sprites
[2024-01-24 15:31:53,432] [MainProcess/MainThread/INFO] (shell_startup.py/update) Clearing background
[2024-01-24 15:31:53,432] [MainProcess/MainThread/INFO] (shell_startup.py/update) Creating Sprites...Drawing Background Sprites
[2024-01-24 15:31:53,433] [MainProcess/MainThread/INFO] (shell_startup.py/update) Creating Windows Spites...Drawing Window Sprites
