[LOGS]
[2024-01-24 15:15:00,789] [MainProcess/MainThread/INFO] (shell_startup.py/update) Clearing background
[2024-01-24 15:15:00,789] [MainProcess/MainThread/INFO] (shell_startup.py/update) Creating Sprites...Drawing Background Sprites
[2024-01-24 15:15:00,789] [MainProcess/MainThread/INFO] (shell_startup.py/update) Creating Windows Spites...Drawing Window Sprites
[2024-01-24 15:15:00,806] [MainProcess/MainThread/INFO] (shell_startup.py/update) Clearing background
[2024-01-24 15:15:00,807] [MainProcess/MainThread/INFO] (shell_startup.py/update) Creating Sprites...Drawing Background Sprites
[2024-01-24 15:15:00,808] [MainProcess/MainThread/INFO] (shell_startup.py/update) Creating Windows Spites...Drawing Window Sprites
[2024-01-24 15:15:00,824] [MainProcess/MainThread/INFO] (shell_startup.py/update) Clearing background
[2024-01-24 15:15:00,825] [MainProcess/MainThread/INFO] (shell_startup.py/update) Creating Sprites...Drawing Background Sprites
[2024-01-24 15:15:00,825] [MainProcess/MainThread/INFO] (shell_startup.py/update) Creating Windows Spites...Drawing Window Sprites
[2024-01-24 15:15:00,843] [MainProcess/MainThread/INFO] (shell_startup.py/update) Clearing background
[2024-01-24 15:15:00,843] [MainProcess/MainThread/INFO] (shell_startup.py/update) Creating Sprites...Drawing Background Sprites
[2024-01-24 15:15:00,843] [MainProcess/MainThread/INFO] (shell_startup.py/update) Creating Windows Spites...Drawing Window Sprites
[2024-01-24 15:15:00,861] [MainProcess/MainThread/INFO] (shell_startup.py/update) Clearing background
[2024-01-24 15:15:00,861] [MainProcess/MainThread/INFO] (shell_startup.py/update) Creating Sprites...Drawing Background Sprites
[2024-01-24 15:15:00,861] [MainProcess/MainThread/INFO] (shell_startup.py/update) Creating Windows Spites...Drawing Window Sprites
[2024-01-24 15:15:00,879] [MainProcess/MainThread/INFO] (shell_startup.py/update) Clearing background
[2024-01-24 15:15:00,879] [MainProcess/MainThread/INFO] (shell_startup.py/update) Creating Sprites...Drawing Background Sprites
[2024-01-24 15:15:00,879] [MainProcess/MainThread/INFO] (shell_startup.py/update) Creating Windows Spites...Drawing Window Sprites
[2024-01-24 15:15:00,897] [MainProcess/MainThread/INFO] (shell_startup.py/update) Clearing background
[2024-01-24 15:15:00,898] [MainProcess/MainThread/INFO] (shell_startup.py/update) Creating Sprites...Drawing Background Sprites
[2024-01-24 15:15:00,898] [MainProcess/MainThread/INFO] (shell_startup.py/update) Creating Windows Spites...Drawing Window Sprites
[2024-01-24 15:15:00,915] [MainProcess/MainThread/INFO] (shell_startup.py/update) Clearing background
[2024-01-24 15:15:00,915] [MainProcess/MainThread/INFO] (shell_startup.py/update) Creating Sprites...Drawing Background Sprites
[2024-01-24 15:15:00,915] [MainProcess/MainThread/INFO] (shell_startup.py/update) Creating Windows Spites...Drawing Window Sprites
[2024-01-24 15:15:00,934] [MainProcess/MainThread/INFO] (shell_startup.py/update) Clearing background
[2024-01-24 15:15:00,934] [MainProcess/MainThread/INFO] (shell_startup.py/update) Creating Sprites...Drawing Background Sprites
[2024-01-24 15:15:00,935] [MainProcess/MainThread/INFO] (shell_startup.py/update) Creating Windows Spites...Drawing Window Sprites
[2024-01-24 15:15:00,952] [MainProcess/MainThread/INFO] (shell_startup.py/update) Clearing background
[2024-01-24 15:15:00,952] [MainProcess/MainThread/INFO] (shell_startup.py/update) Creating Sprites...Drawing Background Sprites
[2024-01-24 15:15:00,952] [MainProcess/MainThread/INFO] (shell_startup.py/update) Creating Windows Spites...Drawing Window Sprites
[2024-01-24 15:15:00,970] [MainProcess/MainThread/INFO] (shell_startup.py/update) Clearing background
[2024-01-24 15:15:00,970] [MainProcess/MainThread/INFO] (shell_startup.py/update) Creating Sprites...Drawing Background Sprites
[2024-01-24 15:15:00,970] [MainProcess/MainThread/INFO] (shell_startup.py/update) Creating Windows Spites...Drawing Window Sprites
[2024-01-24 15:15:00,988] [MainProcess/MainThread/INFO] (shell_startup.py/update) Clearing background
[2024-01-24 15:15:00,988] [MainProcess/MainThread/INFO] (shell_startup.py/update) Creating Sprites...Drawing Background Sprites
[2024-01-24 15:15:00,988] [MainProcess/MainThread/INFO] (shell_startup.py/update) Creating Windows Spites...Drawing Window Sprites
[2024-01-24 15:15:01,006] [MainProcess/MainThread/INFO] (shell_startup.py/update) Clearing background
[2024-01-24 15:15:01,006] [MainProcess/MainThread/INFO] (shell_startup.py/update) Creating Sprites...Drawing Background Sprites
[2024-01-24 15:15:01,006] [MainProcess/MainThread/INFO] (shell_startup.py/update) Creating Windows Spites...Drawing Window Sprites
[2024-01-24 15:15:01,025] [MainProcess/MainThread/INFO] (shell_startup.py/update) Clearing background
[2024-01-24 15:15:01,025] [MainProcess/MainThread/INFO] (shell_startup.py/update) Creating Sprites...Drawing Background Sprites
[2024-01-24 15:15:01,025] [MainProcess/MainThread/INFO] (shell_startup.py/update) Creating Windows Spites...Drawing Window Sprites
[2024-01-24 15:15:01,042] [MainProcess/MainThread/INFO] (shell_startup.py/update) Clearing background
[2024-01-24 15:15:01,043] [MainProcess/MainThread/INFO] (shell_startup.py/update) Creating Sprites...Drawing Background Sprites
[2024-01-24 15:15:01,043] [MainProcess/MainThread/INFO] (shell_startup.py/update) Creating Windows Spites...Drawing Window Sprites
[2024-01-24 15:15:01,061] [MainProcess/MainThread/INFO] (shell_startup.py/update) Clearing background
[2024-01-24 15:15:01,061] [MainProcess/MainThread/INFO] (shell_startup.py/update) Creating Sprites...Drawing Background Sprites
[2024-01-24 15:15:01,061] [MainProcess/MainThread/INFO] (shell_startup.py/update) Creating Windows Spites...Drawing Window Sprites
[2024-01-24 15:15:01,079] [MainProcess/MainThread/INFO] (shell_startup.py/update) Clearing background
[2024-01-24 15:15:01,079] [MainProcess/MainThread/INFO] (shell_startup.py/update) Creating Sprites...Drawing Background Sprites
[2024-01-24 15:15:01,079] [MainProcess/MainThread/INFO] (shell_startup.py/update) Creating Windows Spites...Drawing Window Sprites
[2024-01-24 15:15:01,097] [MainProcess/MainThread/INFO] (shell_startup.py/update) Clearing background
[2024-01-24 15:15:01,097] [MainProcess/MainThread/INFO] (shell_startup.py/update) Creating Sprites...Drawing Background Sprites
[2024-01-24 15:15:01,097] [MainProcess/MainThread/INFO] (shell_startup.py/update) Creating Windows Spites...Drawing Window Sprites
[2024-01-24 15:15:01,115] [MainProcess/MainThread/INFO] (shell_startup.py/update) Clearing background
[2024-01-24 15:15:01,115] [MainProcess/MainThread/INFO] (shell_startup.py/update) Creating Sprites...Drawing Background Sprites
[2024-01-24 15:15:01,115] [MainProcess/MainThread/INFO] (shell_startup.py/update) Creating Windows Spites...Drawing Window Sprites
[2024-01-24 15:15:01,134] [MainProcess/MainThread/INFO] (shell_startup.py/update) Clearing background
[2024-01-24 15:15:01,134] [MainProcess/MainThread/INFO] (shell_startup.py/update) Creating Sprites...Drawing Background Sprites
[2024-01-24 15:15:01,134] [MainProcess/MainThread/INFO] (shell_startup.py/update) Creating Windows Spites...Drawing Window Sprites
[2024-01-24 15:15:01,152] [MainProcess/MainThread/INFO] (shell_startup.py/update) Clearing background
[2024-01-24 15:15:01,152] [MainProcess/MainThread/INFO] (shell_startup.py/update) Creating Sprites...Drawing Background Sprites
[2024-01-24 15:15:01,152] [MainProcess/MainThread/INFO] (shell_startup.py/update) Creating Windows Spites...Drawing Window Sprites
[2024-01-24 15:15:01,170] [MainProcess/MainThread/INFO] (shell_startup.py/update) Clearing background
[2024-01-24 15:15:01,170] [MainProcess/MainThread/INFO] (shell_startup.py/update) Creating Sprites...Drawing Background Sprites
[2024-01-24 15:15:01,170] [MainProcess/MainThread/INFO] (shell_startup.py/update) Creating Windows Spites...Drawing Window Sprites
[2024-01-24 15:15:01,188] [MainProcess/MainThread/INFO] (shell_startup.py/update) Clearing background
[2024-01-24 15:15:01,188] [MainProcess/MainThread/INFO] (shell_startup.py/update) Creating Sprites...Drawing Background Sprites
[2024-01-24 15:15:01,188] [MainProcess/MainThread/INFO] (shell_startup.py/update) Creating Windows Spites...Drawing Window Sprites
[2024-01-24 15:15:01,206] [MainProcess/MainThread/INFO] (shell_startup.py/update) Clearing background
[2024-01-24 15:15:01,206] [MainProcess/MainThread/INFO] (shell_startup.py/update) Creating Sprites...Drawing Background Sprites
[2024-01-24 15:15:01,206] [MainProcess/MainThread/INFO] (shell_startup.py/update) Creating Windows Spites...Drawing Window Sprites
[2024-01-24 15:15:01,224] [MainProcess/MainThread/INFO] (shell_startup.py/update) Clearing background
[2024-01-24 15:15:01,225] [MainProcess/MainThread/INFO] (shell_startup.py/update) Creating Sprites...Drawing Background Sprites
[2024-01-24 15:15:01,225] [MainProcess/MainThread/INFO] (shell_startup.py/update) Creating Windows Spites...Drawing Window Sprites
[2024-01-24 15:15:01,243] [MainProcess/MainThread/INFO] (shell_startup.py/update) Clearing background
[2024-01-24 15:15:01,243] [MainProcess/MainThread/INFO] (shell_startup.py/update) Creating Sprites...Drawing Background Sprites
[2024-01-24 15:15:01,243] [MainProcess/MainThread/INFO] (shell_startup.py/update) Creating Windows Spites...Drawing Window Sprites
[2024-01-24 15:15:01,261] [MainProcess/MainThread/INFO] (shell_startup.py/update) Clearing background
[2024-01-24 15:15:01,262] [MainProcess/MainThread/INFO] (shell_startup.py/update) Creating Sprites...Drawing Background Sprites
[2024-01-24 15:15:01,262] [MainProcess/MainThread/INFO] (shell_startup.py/update) Creating Windows Spites...Drawing Window Sprites
[2024-01-24 15:15:01,279] [MainProcess/MainThread/INFO] (shell_startup.py/update) Clearing background
[2024-01-24 15:15:01,279] [MainProcess/MainThread/INFO] (shell_startup.py/update) Creating Sprites...Drawing Background Sprites
[2024-01-24 15:15:01,279] [MainProcess/MainThread/INFO] (shell_startup.py/update) Creating Windows Spites...Drawing Window Sprites
[2024-01-24 15:15:01,297] [MainProcess/MainThread/INFO] (shell_startup.py/update) Clearing background
[2024-01-24 15:15:01,298] [MainProcess/MainThread/INFO] (shell_startup.py/update) Creating Sprites...Drawing Background Sprites
[2024-01-24 15:15:01,298] [MainProcess/MainThread/INFO] (shell_startup.py/update) Creating Windows Spites...Drawing Window Sprites
[2024-01-24 15:15:01,316] [MainProcess/MainThread/INFO] (shell_startup.py/update) Clearing background
[2024-01-24 15:15:01,316] [MainProcess/MainThread/INFO] (shell_startup.py/update) Creating Sprites...Drawing Background Sprites
[2024-01-24 15:15:01,316] [MainProcess/MainThread/INFO] (shell_startup.py/update) Creating Windows Spites...Drawing Window Sprites
[2024-01-24 15:15:01,335] [MainProcess/MainThread/INFO] (shell_startup.py/update) Clearing background
[2024-01-24 15:15:01,335] [MainProcess/MainThread/INFO] (shell_startup.py/update) Creating Sprites...Drawing Background Sprites
[2024-01-24 15:15:01,335] [MainProcess/MainThread/INFO] (shell_startup.py/update) Creating Windows Spites...Drawing Window Sprites
[2024-01-24 15:15:01,352] [MainProcess/MainThread/INFO] (shell_startup.py/update) Clearing background
[2024-01-24 15:15:01,352] [MainProcess/MainThread/INFO] (shell_startup.py/update) Creating Sprites...Drawing Background Sprites
[2024-01-24 15:15:01,352] [MainProcess/MainThread/INFO] (shell_startup.py/update) Creating Windows Spites...Drawing Window Sprites
[2024-01-24 15:15:01,370] [MainProcess/MainThread/INFO] (shell_startup.py/update) Clearing background
[2024-01-24 15:15:01,371] [MainProcess/MainThread/INFO] (shell_startup.py/update) Creating Sprites...Drawing Background Sprites
[2024-01-24 15:15:01,371] [MainProcess/MainThread/INFO] (shell_startup.py/update) Creating Windows Spites...Drawing Window Sprites
[2024-01-24 15:15:01,389] [MainProcess/MainThread/INFO] (shell_startup.py/update) Clearing background
[2024-01-24 15:15:01,389] [MainProcess/MainThread/INFO] (shell_startup.py/update) Creating Sprites...Drawing Background Sprites
[2024-01-24 15:15:01,389] [MainProcess/MainThread/INFO] (shell_startup.py/update) Creating Windows Spites...Drawing Window Sprites
[2024-01-24 15:15:01,407] [MainProcess/MainThread/INFO] (shell_startup.py/update) Clearing background
[2024-01-24 15:15:01,407] [MainProcess/MainThread/INFO] (shell_startup.py/update) Creating Sprites...Drawing Background Sprites
[2024-01-24 15:15:01,407] [MainProcess/MainThread/INFO] (shell_startup.py/update) Creating Windows Spites...Drawing Window Sprites
[2024-01-24 15:15:01,425] [MainProcess/MainThread/INFO] (shell_startup.py/update) Clearing background
[2024-01-24 15:15:01,425] [MainProcess/MainThread/INFO] (shell_startup.py/update) Creating Sprites...Drawing Background Sprites
[2024-01-24 15:15:01,425] [MainProcess/MainThread/INFO] (shell_startup.py/update) Creating Windows Spites...Drawing Window Sprites
[2024-01-24 15:15:01,443] [MainProcess/MainThread/INFO] (shell_startup.py/update) Clearing background
[2024-01-24 15:15:01,444] [MainProcess/MainThread/INFO] (shell_startup.py/update) Creating Sprites...Drawing Background Sprites
[2024-01-24 15:15:01,444] [MainProcess/MainThread/INFO] (shell_startup.py/update) Creating Windows Spites...Drawing Window Sprites
[2024-01-24 15:15:01,461] [MainProcess/MainThread/INFO] (shell_startup.py/update) Clearing background
[2024-01-24 15:15:01,461] [MainProcess/MainThread/INFO] (shell_startup.py/update) Creating Sprites...Drawing Background Sprites
[2024-01-24 15:15:01,461] [MainProcess/MainThread/INFO] (shell_startup.py/update) Creating Windows Spites...Drawing Window Sprites
[2024-01-24 15:15:01,479] [MainProcess/MainThread/INFO] (shell_startup.py/update) Clearing background
[2024-01-24 15:15:01,479] [MainProcess/MainThread/INFO] (shell_startup.py/update) Creating Sprites...Drawing Background Sprites
[2024-01-24 15:15:01,479] [MainProcess/MainThread/INFO] (shell_startup.py/update) Creating Windows Spites...Drawing Window Sprites
[2024-01-24 15:15:01,498] [MainProcess/MainThread/INFO] (shell_startup.py/update) Clearing background
[2024-01-24 15:15:01,498] [MainProcess/MainThread/INFO] (shell_startup.py/update) Creating Sprites...Drawing Background Sprites
[2024-01-24 15:15:01,498] [MainProcess/MainThread/INFO] (shell_startup.py/update) Creating Windows Spites...Drawing Window Sprites
[2024-01-24 15:15:01,516] [MainProcess/MainThread/INFO] (shell_startup.py/update) Clearing background
[2024-01-24 15:15:01,516] [MainProcess/MainThread/INFO] (shell_startup.py/update) Creating Sprites...Drawing Background Sprites
[2024-01-24 15:15:01,516] [MainProcess/MainThread/INFO] (shell_startup.py/update) Creating Windows Spites...Drawing Window Sprites
[2024-01-24 15:15:01,534] [MainProcess/MainThread/INFO] (shell_startup.py/update) Clearing background
[2024-01-24 15:15:01,534] [MainProcess/MainThread/INFO] (shell_startup.py/update) Creating Sprites...Drawing Background Sprites
[2024-01-24 15:15:01,534] [MainProcess/MainThread/INFO] (shell_startup.py/update) Creating Windows Spites...Drawing Window Sprites
[2024-01-24 15:15:01,553] [MainProcess/MainThread/INFO] (shell_startup.py/update) Clearing background
[2024-01-24 15:15:01,553] [MainProcess/MainThread/INFO] (shell_startup.py/update) Creating Sprites...Drawing Background Sprites
[2024-01-24 15:15:01,553] [MainProcess/MainThread/INFO] (shell_startup.py/update) Creating Windows Spites...Drawing Window Sprites
[2024-01-24 15:15:01,570] [MainProcess/MainThread/INFO] (shell_startup.py/update) Clearing background
[2024-01-24 15:15:01,571] [MainProcess/MainThread/INFO] (shell_startup.py/update) Creating Sprites...Drawing Background Sprites
[2024-01-24 15:15:01,571] [MainProcess/MainThread/INFO] (shell_startup.py/update) Creating Windows Spites...Drawing Window Sprites
[2024-01-24 15:15:01,588] [MainProcess/MainThread/INFO] (shell_startup.py/update) Clearing background
[2024-01-24 15:15:01,588] [MainProcess/MainThread/INFO] (shell_startup.py/update) Creating Sprites...Drawing Background Sprites
[2024-01-24 15:15:01,589] [MainProcess/MainThread/INFO] (shell_startup.py/update) Creating Windows Spites...Drawing Window Sprites
[2024-01-24 15:15:01,606] [MainProcess/MainThread/INFO] (shell_startup.py/update) Clearing background
[2024-01-24 15:15:01,608] [MainProcess/MainThread/INFO] (shell_startup.py/update) Creating Sprites...Drawing Background Sprites
[2024-01-24 15:15:01,608] [MainProcess/MainThread/INFO] (shell_startup.py/update) Creating Windows Spites...Drawing Window Sprites
[2024-01-24 15:15:01,626] [MainProcess/MainThread/INFO] (shell_startup.py/update) Clearing background
[2024-01-24 15:15:01,626] [MainProcess/MainThread/INFO] (shell_startup.py/update) Creating Sprites...Drawing Background Sprites
[2024-01-24 15:15:01,626] [MainProcess/MainThread/INFO] (shell_startup.py/update) Creating Windows Spites...Drawing Window Sprites
[2024-01-24 15:15:01,644] [MainProcess/MainThread/INFO] (shell_startup.py/update) Clearing background
[2024-01-24 15:15:01,644] [MainProcess/MainThread/INFO] (shell_startup.py/update) Creating Sprites...Drawing Background Sprites
[2024-01-24 15:15:01,644] [MainProcess/MainThread/INFO] (shell_startup.py/update) Creating Windows Spites...Drawing Window Sprites
[2024-01-24 15:15:01,662] [MainProcess/MainThread/INFO] (shell_startup.py/update) Clearing background
[2024-01-24 15:15:01,662] [MainProcess/MainThread/INFO] (shell_startup.py/update) Creating Sprites...Drawing Background Sprites
[2024-01-24 15:15:01,662] [MainProcess/MainThread/INFO] (shell_startup.py/update) Creating Windows Spites...Drawing Window Sprites
[2024-01-24 15:15:01,679] [MainProcess/MainThread/INFO] (shell_startup.py/update) Clearing background
[2024-01-24 15:15:01,680] [MainProcess/MainThread/INFO] (shell_startup.py/update) Creating Sprites...Drawing Background Sprites
[2024-01-24 15:15:01,680] [MainProcess/MainThread/INFO] (shell_startup.py/update) Creating Windows Spites...Drawing Window Sprites
[2024-01-24 15:15:01,697] [MainProcess/MainThread/INFO] (shell_startup.py/update) Clearing background
[2024-01-24 15:15:01,698] [MainProcess/MainThread/INFO] (shell_startup.py/update) Creating Sprites...Drawing Background Sprites
[2024-01-24 15:15:01,698] [MainProcess/MainThread/INFO] (shell_startup.py/update) Creating Windows Spites...Drawing Window Sprites
[2024-01-24 15:15:01,716] [MainProcess/MainThread/INFO] (shell_startup.py/update) Clearing background
[2024-01-24 15:15:01,716] [MainProcess/MainThread/INFO] (shell_startup.py/update) Creating Sprites...Drawing Background Sprites
[2024-01-24 15:15:01,716] [MainProcess/MainThread/INFO] (shell_startup.py/update) Creating Windows Spites...Drawing Window Sprites
[2024-01-24 15:15:01,733] [MainProcess/MainThread/INFO] (shell_startup.py/update) Clearing background
[2024-01-24 15:15:01,734] [MainProcess/MainThread/INFO] (shell_startup.py/update) Creating Sprites...Drawing Background Sprites
[2024-01-24 15:15:01,734] [MainProcess/MainThread/INFO] (shell_startup.py/update) Creating Windows Spites...Drawing Window Sprites
[2024-01-24 15:15:01,752] [MainProcess/MainThread/INFO] (shell_startup.py/update) Clearing background
[2024-01-24 15:15:01,752] [MainProcess/MainThread/INFO] (shell_startup.py/update) Creating Sprites...Drawing Background Sprites
[2024-01-24 15:15:01,752] [MainProcess/MainThread/INFO] (shell_startup.py/update) Creating Windows Spites...Drawing Window Sprites
[2024-01-24 15:15:01,770] [MainProcess/MainThread/INFO] (shell_startup.py/update) Clearing background
[2024-01-24 15:15:01,771] [MainProcess/MainThread/INFO] (shell_startup.py/update) Creating Sprites...Drawing Background Sprites
[2024-01-24 15:15:01,771] [MainProcess/MainThread/INFO] (shell_startup.py/update) Creating Windows Spites...Drawing Window Sprites
[2024-01-24 15:15:01,788] [MainProcess/MainThread/INFO] (shell_startup.py/update) Clearing background
[2024-01-24 15:15:01,788] [MainProcess/MainThread/INFO] (shell_startup.py/update) Creating Sprites...Drawing Background Sprites
[2024-01-24 15:15:01,788] [MainProcess/MainThread/INFO] (shell_startup.py/update) Creating Windows Spites...Drawing Window Sprites
[2024-01-24 15:15:01,807] [MainProcess/MainThread/INFO] (shell_startup.py/update) Clearing background
[2024-01-24 15:15:01,807] [MainProcess/MainThread/INFO] (shell_startup.py/update) Creating Sprites...Drawing Background Sprites
[2024-01-24 15:15:01,807] [MainProcess/MainThread/INFO] (shell_startup.py/update) Creating Windows Spites...Drawing Window Sprites
[2024-01-24 15:15:01,825] [MainProcess/MainThread/INFO] (shell_startup.py/update) Clearing background
[2024-01-24 15:15:01,826] [MainProcess/MainThread/INFO] (shell_startup.py/update) Creating Sprites...Drawing Background Sprites
[2024-01-24 15:15:01,826] [MainProcess/MainThread/INFO] (shell_startup.py/update) Creating Windows Spites...Drawing Window Sprites
[2024-01-24 15:15:01,844] [MainProcess/MainThread/INFO] (shell_startup.py/update) Clearing background
[2024-01-24 15:15:01,844] [MainProcess/MainThread/INFO] (shell_startup.py/update) Creating Sprites...Drawing Background Sprites
[2024-01-24 15:15:01,844] [MainProcess/MainThread/INFO] (shell_startup.py/update) Creating Windows Spites...Drawing Window Sprites
[2024-01-24 15:15:01,861] [MainProcess/MainThread/INFO] (shell_startup.py/update) Clearing background
[2024-01-24 15:15:01,862] [MainProcess/MainThread/INFO] (shell_startup.py/update) Creating Sprites...Drawing Background Sprites
[2024-01-24 15:15:01,862] [MainProcess/MainThread/INFO] (shell_startup.py/update) Creating Windows Spites...Drawing Window Sprites
[2024-01-24 15:15:01,879] [MainProcess/MainThread/INFO] (shell_startup.py/update) Clearing background
[2024-01-24 15:15:01,880] [MainProcess/MainThread/INFO] (shell_startup.py/update) Creating Sprites...Drawing Background Sprites
[2024-01-24 15:15:01,880] [MainProcess/MainThread/INFO] (shell_startup.py/update) Creating Windows Spites...Drawing Window Sprites
[2024-01-24 15:15:01,898] [MainProcess/MainThread/INFO] (shell_startup.py/update) Clearing background
[2024-01-24 15:15:01,898] [MainProcess/MainThread/INFO] (shell_startup.py/update) Creating Sprites...Drawing Background Sprites
[2024-01-24 15:15:01,898] [MainProcess/MainThread/INFO] (shell_startup.py/update) Creating Windows Spites...Drawing Window Sprites
[2024-01-24 15:15:01,916] [MainProcess/MainThread/INFO] (shell_startup.py/update) Clearing background
[2024-01-24 15:15:01,916] [MainProcess/MainThread/INFO] (shell_startup.py/update) Creating Sprites...Drawing Background Sprites
[2024-01-24 15:15:01,916] [MainProcess/MainThread/INFO] (shell_startup.py/update) Creating Windows Spites...Drawing Window Sprites
[2024-01-24 15:15:01,935] [MainProcess/MainThread/INFO] (shell_startup.py/update) Clearing background
[2024-01-24 15:15:01,935] [MainProcess/MainThread/INFO] (shell_startup.py/update) Creating Sprites...Drawing Background Sprites
[2024-01-24 15:15:01,935] [MainProcess/MainThread/INFO] (shell_startup.py/update) Creating Windows Spites...Drawing Window Sprites
[2024-01-24 15:15:01,952] [MainProcess/MainThread/INFO] (shell_startup.py/update) Clearing background
[2024-01-24 15:15:01,952] [MainProcess/MainThread/INFO] (shell_startup.py/update) Creating Sprites...Drawing Background Sprites
[2024-01-24 15:15:01,953] [MainProcess/MainThread/INFO] (shell_startup.py/update) Creating Windows Spites...Drawing Window Sprites
[2024-01-24 15:15:01,971] [MainProcess/MainThread/INFO] (shell_startup.py/update) Clearing background
[2024-01-24 15:15:01,971] [MainProcess/MainThread/INFO] (shell_startup.py/update) Creating Sprites...Drawing Background Sprites
[2024-01-24 15:15:01,971] [MainProcess/MainThread/INFO] (shell_startup.py/update) Creating Windows Spites...Drawing Window Sprites
[2024-01-24 15:15:01,989] [MainProcess/MainThread/INFO] (shell_startup.py/update) Clearing background
[2024-01-24 15:15:01,989] [MainProcess/MainThread/INFO] (shell_startup.py/update) Creating Sprites...Drawing Background Sprites
[2024-01-24 15:15:01,989] [MainProcess/MainThread/INFO] (shell_startup.py/update) Creating Windows Spites...Drawing Window Sprites
[2024-01-24 15:15:02,007] [MainProcess/MainThread/INFO] (shell_startup.py/update) Clearing background
[2024-01-24 15:15:02,007] [MainProcess/MainThread/INFO] (shell_startup.py/update) Creating Sprites...Drawing Background Sprites
[2024-01-24 15:15:02,007] [MainProcess/MainThread/INFO] (shell_startup.py/update) Creating Windows Spites...Drawing Window Sprites
[2024-01-24 15:15:02,025] [MainProcess/MainThread/INFO] (shell_startup.py/update) Clearing background
[2024-01-24 15:15:02,025] [MainProcess/MainThread/INFO] (shell_startup.py/update) Creating Sprites...Drawing Background Sprites
[2024-01-24 15:15:02,025] [MainProcess/MainThread/INFO] (shell_startup.py/update) Creating Windows Spites...Drawing Window Sprites
[2024-01-24 15:15:02,043] [MainProcess/MainThread/INFO] (shell_startup.py/update) Clearing background
[2024-01-24 15:15:02,043] [MainProcess/MainThread/INFO] (shell_startup.py/update) Creating Sprites...Drawing Background Sprites
[2024-01-24 15:15:02,043] [MainProcess/MainThread/INFO] (shell_startup.py/update) Creating Windows Spites...Drawing Window Sprites
[2024-01-24 15:15:02,062] [MainProcess/MainThread/INFO] (shell_startup.py/update) Clearing background
[2024-01-24 15:15:02,062] [MainProcess/MainThread/INFO] (shell_startup.py/update) Creating Sprites...Drawing Background Sprites
[2024-01-24 15:15:02,062] [MainProcess/MainThread/INFO] (shell_startup.py/update) Creating Windows Spites...Drawing Window Sprites
[2024-01-24 15:15:02,080] [MainProcess/MainThread/INFO] (shell_startup.py/update) Clearing background
[2024-01-24 15:15:02,080] [MainProcess/MainThread/INFO] (shell_startup.py/update) Creating Sprites...Drawing Background Sprites
[2024-01-24 15:15:02,080] [MainProcess/MainThread/INFO] (shell_startup.py/update) Creating Windows Spites...Drawing Window Sprites
[2024-01-24 15:15:02,098] [MainProcess/MainThread/INFO] (shell_startup.py/update) Clearing background
[2024-01-24 15:15:02,099] [MainProcess/MainThread/INFO] (shell_startup.py/update) Creating Sprites...Drawing Background Sprites
[2024-01-24 15:15:02,099] [MainProcess/MainThread/INFO] (shell_startup.py/update) Creating Windows Spites...Drawing Window Sprites
[2024-01-24 15:15:02,117] [MainProcess/MainThread/INFO] (shell_startup.py/update) Clearing background
[2024-01-24 15:15:02,117] [MainProcess/MainThread/INFO] (shell_startup.py/update) Creating Sprites...Drawing Background Sprites
[2024-01-24 15:15:02,117] [MainProcess/MainThread/INFO] (shell_startup.py/update) Creating Windows Spites...Drawing Window Sprites
[2024-01-24 15:15:02,135] [MainProcess/MainThread/INFO] (shell_startup.py/update) Clearing background
[2024-01-24 15:15:02,135] [MainProcess/MainThread/INFO] (shell_startup.py/update) Creating Sprites...Drawing Background Sprites
[2024-01-24 15:15:02,135] [MainProcess/MainThread/INFO] (shell_startup.py/update) Creating Windows Spites...Drawing Window Sprites
[2024-01-24 15:15:02,153] [MainProcess/MainThread/INFO] (shell_startup.py/update) Clearing background
[2024-01-24 15:15:02,153] [MainProcess/MainThread/INFO] (shell_startup.py/update) Creating Sprites...Drawing Background Sprites
[2024-01-24 15:15:02,153] [MainProcess/MainThread/INFO] (shell_startup.py/update) Creating Windows Spites...Drawing Window Sprites
[2024-01-24 15:15:02,171] [MainProcess/MainThread/INFO] (shell_startup.py/update) Clearing background
[2024-01-24 15:15:02,171] [MainProcess/MainThread/INFO] (shell_startup.py/update) Creating Sprites...Drawing Background Sprites
[2024-01-24 15:15:02,172] [MainProcess/MainThread/INFO] (shell_startup.py/update) Creating Windows Spites...Drawing Window Sprites
[2024-01-24 15:15:02,189] [MainProcess/MainThread/INFO] (shell_startup.py/update) Clearing background
[2024-01-24 15:15:02,189] [MainProcess/MainThread/INFO] (shell_startup.py/update) Creating Sprites...Drawing Background Sprites
[2024-01-24 15:15:02,189] [MainProcess/MainThread/INFO] (shell_startup.py/update) Creating Windows Spites...Drawing Window Sprites
[2024-01-24 15:15:02,207] [MainProcess/MainThread/INFO] (shell_startup.py/update) Clearing background
[2024-01-24 15:15:02,208] [MainProcess/MainThread/INFO] (shell_startup.py/update) Creating Sprites...Drawing Background Sprites
[2024-01-24 15:15:02,208] [MainProcess/MainThread/INFO] (shell_startup.py/update) Creating Windows Spites...Drawing Window Sprites
[2024-01-24 15:15:02,225] [MainProcess/MainThread/INFO] (shell_startup.py/update) Clearing background
[2024-01-24 15:15:02,225] [MainProcess/MainThread/INFO] (shell_startup.py/update) Creating Sprites...Drawing Background Sprites
[2024-01-24 15:15:02,226] [MainProcess/MainThread/INFO] (shell_startup.py/update) Creating Windows Spites...Drawing Window Sprites
[2024-01-24 15:15:02,243] [MainProcess/MainThread/INFO] (shell_startup.py/update) Clearing background
[2024-01-24 15:15:02,244] [MainProcess/MainThread/INFO] (shell_startup.py/update) Creating Sprites...Drawing Background Sprites
[2024-01-24 15:15:02,244] [MainProcess/MainThread/INFO] (shell_startup.py/update) Creating Windows Spites...Drawing Window Sprites
[2024-01-24 15:15:02,262] [MainProcess/MainThread/INFO] (shell_startup.py/update) Clearing background
[2024-01-24 15:15:02,262] [MainProcess/MainThread/INFO] (shell_startup.py/update) Creating Sprites...Drawing Background Sprites
[2024-01-24 15:15:02,262] [MainProcess/MainThread/INFO] (shell_startup.py/update) Creating Windows Spites...Drawing Window Sprites
[2024-01-24 15:15:02,280] [MainProcess/MainThread/INFO] (shell_startup.py/update) Clearing background
[2024-01-24 15:15:02,280] [MainProcess/MainThread/INFO] (shell_startup.py/update) Creating Sprites...Drawing Background Sprites
[2024-01-24 15:15:02,280] [MainProcess/MainThread/INFO] (shell_startup.py/update) Creating Windows Spites...Drawing Window Sprites
[2024-01-24 15:15:02,298] [MainProcess/MainThread/INFO] (shell_startup.py/update) Clearing background
[2024-01-24 15:15:02,298] [MainProcess/MainThread/INFO] (shell_startup.py/update) Creating Sprites...Drawing Background Sprites
[2024-01-24 15:15:02,298] [MainProcess/MainThread/INFO] (shell_startup.py/update) Creating Windows Spites...Drawing Window Sprites
[2024-01-24 15:15:02,316] [MainProcess/MainThread/INFO] (shell_startup.py/update) Clearing background
[2024-01-24 15:15:02,316] [MainProcess/MainThread/INFO] (shell_startup.py/update) Creating Sprites...Drawing Background Sprites
[2024-01-24 15:15:02,316] [MainProcess/MainThread/INFO] (shell_startup.py/update) Creating Windows Spites...Drawing Window Sprites
[2024-01-24 15:15:02,335] [MainProcess/MainThread/INFO] (shell_startup.py/update) Clearing background
[2024-01-24 15:15:02,335] [MainProcess/MainThread/INFO] (shell_startup.py/update) Creating Sprites...Drawing Background Sprites
[2024-01-24 15:15:02,335] [MainProcess/MainThread/INFO] (shell_startup.py/update) Creating Windows Spites...Drawing Window Sprites
[2024-01-24 15:15:02,353] [MainProcess/MainThread/INFO] (shell_startup.py/update) Clearing background
[2024-01-24 15:15:02,354] [MainProcess/MainThread/INFO] (shell_startup.py/update) Creating Sprites...Drawing Background Sprites
[2024-01-24 15:15:02,354] [MainProcess/MainThread/INFO] (shell_startup.py/update) Creating Windows Spites...Drawing Window Sprites
[2024-01-24 15:15:02,371] [MainProcess/MainThread/INFO] (shell_startup.py/update) Clearing background
[2024-01-24 15:15:02,371] [MainProcess/MainThread/INFO] (shell_startup.py/update) Creating Sprites...Drawing Background Sprites
[2024-01-24 15:15:02,371] [MainProcess/MainThread/INFO] (shell_startup.py/update) Creating Windows Spites...Drawing Window Sprites
[2024-01-24 15:15:02,389] [MainProcess/MainThread/INFO] (shell_startup.py/update) Clearing background
[2024-01-24 15:15:02,389] [MainProcess/MainThread/INFO] (shell_startup.py/update) Creating Sprites...Drawing Background Sprites
[2024-01-24 15:15:02,389] [MainProcess/MainThread/INFO] (shell_startup.py/update) Creating Windows Spites...Drawing Window Sprites
[2024-01-24 15:15:02,407] [MainProcess/MainThread/INFO] (shell_startup.py/update) Clearing background
[2024-01-24 15:15:02,407] [MainProcess/MainThread/INFO] (shell_startup.py/update) Creating Sprites...Drawing Background Sprites
[2024-01-24 15:15:02,407] [MainProcess/MainThread/INFO] (shell_startup.py/update) Creating Windows Spites...Drawing Window Sprites
[2024-01-24 15:15:02,426] [MainProcess/MainThread/INFO] (shell_startup.py/update) Clearing background
[2024-01-24 15:15:02,426] [MainProcess/MainThread/INFO] (shell_startup.py/update) Creating Sprites...Drawing Background Sprites
[2024-01-24 15:15:02,427] [MainProcess/MainThread/INFO] (shell_startup.py/update) Creating Windows Spites...Drawing Window Sprites
[2024-01-24 15:15:02,443] [MainProcess/MainThread/INFO] (shell_startup.py/update) Clearing background
[2024-01-24 15:15:02,444] [MainProcess/MainThread/INFO] (shell_startup.py/update) Creating Sprites...Drawing Background Sprites
[2024-01-24 15:15:02,444] [MainProcess/MainThread/INFO] (shell_startup.py/update) Creating Windows Spites...Drawing Window Sprites
[2024-01-24 15:15:02,461] [MainProcess/MainThread/INFO] (shell_startup.py/update) Clearing background
[2024-01-24 15:15:02,462] [MainProcess/MainThread/INFO] (shell_startup.py/update) Creating Sprites...Drawing Background Sprites
[2024-01-24 15:15:02,462] [MainProcess/MainThread/INFO] (shell_startup.py/update) Creating Windows Spites...Drawing Window Sprites
[2024-01-24 15:15:02,481] [MainProcess/MainThread/INFO] (shell_startup.py/update) Clearing background
[2024-01-24 15:15:02,481] [MainProcess/MainThread/INFO] (shell_startup.py/update) Creating Sprites...Drawing Background Sprites
[2024-01-24 15:15:02,481] [MainProcess/MainThread/INFO] (shell_startup.py/update) Creating Windows Spites...Drawing Window Sprites
[2024-01-24 15:15:02,499] [MainProcess/MainThread/INFO] (shell_startup.py/update) Clearing background
[2024-01-24 15:15:02,499] [MainProcess/MainThread/INFO] (shell_startup.py/update) Creating Sprites...Drawing Background Sprites
[2024-01-24 15:15:02,499] [MainProcess/MainThread/INFO] (shell_startup.py/update) Creating Windows Spites...Drawing Window Sprites
[2024-01-24 15:15:02,516] [MainProcess/MainThread/INFO] (shell_startup.py/update) Clearing background
[2024-01-24 15:15:02,516] [MainProcess/MainThread/INFO] (shell_startup.py/update) Creating Sprites...Drawing Background Sprites
[2024-01-24 15:15:02,516] [MainProcess/MainThread/INFO] (shell_startup.py/update) Creating Windows Spites...Drawing Window Sprites
[2024-01-24 15:15:02,535] [MainProcess/MainThread/INFO] (shell_startup.py/update) Clearing background
[2024-01-24 15:15:02,535] [MainProcess/MainThread/INFO] (shell_startup.py/update) Creating Sprites...Drawing Background Sprites
[2024-01-24 15:15:02,535] [MainProcess/MainThread/INFO] (shell_startup.py/update) Creating Windows Spites...Drawing Window Sprites
[2024-01-24 15:15:02,553] [MainProcess/MainThread/INFO] (shell_startup.py/update) Clearing background
[2024-01-24 15:15:02,553] [MainProcess/MainThread/INFO] (shell_startup.py/update) Creating Sprites...Drawing Background Sprites
[2024-01-24 15:15:02,553] [MainProcess/MainThread/INFO] (shell_startup.py/update) Creating Windows Spites...Drawing Window Sprites
[2024-01-24 15:15:02,571] [MainProcess/MainThread/INFO] (shell_startup.py/update) Clearing background
[2024-01-24 15:15:02,571] [MainProcess/MainThread/INFO] (shell_startup.py/update) Creating Sprites...Drawing Background Sprites
[2024-01-24 15:15:02,571] [MainProcess/MainThread/INFO] (shell_startup.py/update) Creating Windows Spites...Drawing Window Sprites
[2024-01-24 15:15:02,590] [MainProcess/MainThread/INFO] (shell_startup.py/update) Clearing background
[2024-01-24 15:15:02,590] [MainProcess/MainThread/INFO] (shell_startup.py/update) Creating Sprites...Drawing Background Sprites
[2024-01-24 15:15:02,590] [MainProcess/MainThread/INFO] (shell_startup.py/update) Creating Windows Spites...Drawing Window Sprites
[2024-01-24 15:15:02,607] [MainProcess/MainThread/INFO] (shell_startup.py/update) Clearing background
[2024-01-24 15:15:02,608] [MainProcess/MainThread/INFO] (shell_startup.py/update) Creating Sprites...Drawing Background Sprites
[2024-01-24 15:15:02,608] [MainProcess/MainThread/INFO] (shell_startup.py/update) Creating Windows Spites...Drawing Window Sprites
[2024-01-24 15:15:02,626] [MainProcess/MainThread/INFO] (shell_startup.py/update) Clearing background
[2024-01-24 15:15:02,626] [MainProcess/MainThread/INFO] (shell_startup.py/update) Creating Sprites...Drawing Background Sprites
[2024-01-24 15:15:02,626] [MainProcess/MainThread/INFO] (shell_startup.py/update) Creating Windows Spites...Drawing Window Sprites
[2024-01-24 15:15:02,644] [MainProcess/MainThread/INFO] (shell_startup.py/update) Clearing background
[2024-01-24 15:15:02,644] [MainProcess/MainThread/INFO] (shell_startup.py/update) Creating Sprites...Drawing Background Sprites
[2024-01-24 15:15:02,644] [MainProcess/MainThread/INFO] (shell_startup.py/update) Creating Windows Spites...Drawing Window Sprites
[2024-01-24 15:15:02,662] [MainProcess/MainThread/INFO] (shell_startup.py/update) Clearing background
[2024-01-24 15:15:02,662] [MainProcess/MainThread/INFO] (shell_startup.py/update) Creating Sprites...Drawing Background Sprites
[2024-01-24 15:15:02,663] [MainProcess/MainThread/INFO] (shell_startup.py/update) Creating Windows Spites...Drawing Window Sprites
[2024-01-24 15:15:02,681] [MainProcess/MainThread/INFO] (shell_startup.py/update) Clearing background
[2024-01-24 15:15:02,681] [MainProcess/MainThread/INFO] (shell_startup.py/update) Creating Sprites...Drawing Background Sprites
[2024-01-24 15:15:02,681] [MainProcess/MainThread/INFO] (shell_startup.py/update) Creating Windows Spites...Drawing Window Sprites
[2024-01-24 15:15:02,699] [MainProcess/MainThread/INFO] (shell_startup.py/update) Clearing background
[2024-01-24 15:15:02,699] [MainProcess/MainThread/INFO] (shell_startup.py/update) Creating Sprites...Drawing Background Sprites
[2024-01-24 15:15:02,699] [MainProcess/MainThread/INFO] (shell_startup.py/update) Creating Windows Spites...Drawing Window Sprites
[2024-01-24 15:15:02,717] [MainProcess/MainThread/INFO] (shell_startup.py/update) Clearing background
[2024-01-24 15:15:02,717] [MainProcess/MainThread/INFO] (shell_startup.py/update) Creating Sprites...Drawing Background Sprites
[2024-01-24 15:15:02,717] [MainProcess/MainThread/INFO] (shell_startup.py/update) Creating Windows Spites...Drawing Window Sprites
[2024-01-24 15:15:02,735] [MainProcess/MainThread/INFO] (shell_startup.py/update) Clearing background
[2024-01-24 15:15:02,735] [MainProcess/MainThread/INFO] (shell_startup.py/update) Creating Sprites...Drawing Background Sprites
[2024-01-24 15:15:02,735] [MainProcess/MainThread/INFO] (shell_startup.py/update) Creating Windows Spites...Drawing Window Sprites
[2024-01-24 15:15:02,754] [MainProcess/MainThread/INFO] (shell_startup.py/update) Clearing background
[2024-01-24 15:15:02,754] [MainProcess/MainThread/INFO] (shell_startup.py/update) Creating Sprites...Drawing Background Sprites
[2024-01-24 15:15:02,754] [MainProcess/MainThread/INFO] (shell_startup.py/update) Creating Windows Spites...Drawing Window Sprites
[2024-01-24 15:15:02,772] [MainProcess/MainThread/INFO] (shell_startup.py/update) Clearing background
[2024-01-24 15:15:02,772] [MainProcess/MainThread/INFO] (shell_startup.py/update) Creating Sprites...Drawing Background Sprites
[2024-01-24 15:15:02,772] [MainProcess/MainThread/INFO] (shell_startup.py/update) Creating Windows Spites...Drawing Window Sprites
[2024-01-24 15:15:02,790] [MainProcess/MainThread/INFO] (shell_startup.py/update) Clearing background
[2024-01-24 15:15:02,790] [MainProcess/MainThread/INFO] (shell_startup.py/update) Creating Sprites...Drawing Background Sprites
[2024-01-24 15:15:02,790] [MainProcess/MainThread/INFO] (shell_startup.py/update) Creating Windows Spites...Drawing Window Sprites
[2024-01-24 15:15:02,808] [MainProcess/MainThread/INFO] (shell_startup.py/update) Clearing background
[2024-01-24 15:15:02,808] [MainProcess/MainThread/INFO] (shell_startup.py/update) Creating Sprites...Drawing Background Sprites
[2024-01-24 15:15:02,808] [MainProcess/MainThread/INFO] (shell_startup.py/update) Creating Windows Spites...Drawing Window Sprites
[2024-01-24 15:15:02,827] [MainProcess/MainThread/INFO] (shell_startup.py/update) Clearing background
[2024-01-24 15:15:02,827] [MainProcess/MainThread/INFO] (shell_startup.py/update) Creating Sprites...Drawing Background Sprites
[2024-01-24 15:15:02,827] [MainProcess/MainThread/INFO] (shell_startup.py/update) Creating Windows Spites...Drawing Window Sprites
[2024-01-24 15:15:02,846] [MainProcess/MainThread/INFO] (shell_startup.py/update) Clearing background
[2024-01-24 15:15:02,846] [MainProcess/MainThread/INFO] (shell_startup.py/update) Creating Sprites...Drawing Background Sprites
[2024-01-24 15:15:02,846] [MainProcess/MainThread/INFO] (shell_startup.py/update) Creating Windows Spites...Drawing Window Sprites
[2024-01-24 15:15:02,864] [MainProcess/MainThread/INFO] (shell_startup.py/update) Clearing background
[2024-01-24 15:15:02,864] [MainProcess/MainThread/INFO] (shell_startup.py/update) Creating Sprites...Drawing Background Sprites
[2024-01-24 15:15:02,864] [MainProcess/MainThread/INFO] (shell_startup.py/update) Creating Windows Spites...Drawing Window Sprites
[2024-01-24 15:15:02,881] [MainProcess/MainThread/INFO] (shell_startup.py/update) Clearing background
[2024-01-24 15:15:02,881] [MainProcess/MainThread/INFO] (shell_startup.py/update) Creating Sprites...Drawing Background Sprites
[2024-01-24 15:15:02,881] [MainProcess/MainThread/INFO] (shell_startup.py/update) Creating Windows Spites...Drawing Window Sprites
[2024-01-24 15:15:02,900] [MainProcess/MainThread/INFO] (shell_startup.py/update) Clearing background
[2024-01-24 15:15:02,900] [MainProcess/MainThread/INFO] (shell_startup.py/update) Creating Sprites...Drawing Background Sprites
[2024-01-24 15:15:02,900] [MainProcess/MainThread/INFO] (shell_startup.py/update) Creating Windows Spites...Drawing Window Sprites
[2024-01-24 15:15:02,917] [MainProcess/MainThread/INFO] (shell_startup.py/update) Clearing background
[2024-01-24 15:15:02,917] [MainProcess/MainThread/INFO] (shell_startup.py/update) Creating Sprites...Drawing Background Sprites
[2024-01-24 15:15:02,918] [MainProcess/MainThread/INFO] (shell_startup.py/update) Creating Windows Spites...Drawing Window Sprites
[2024-01-24 15:15:02,936] [MainProcess/MainThread/INFO] (shell_startup.py/update) Clearing background
[2024-01-24 15:15:02,936] [MainProcess/MainThread/INFO] (shell_startup.py/update) Creating Sprites...Drawing Background Sprites
[2024-01-24 15:15:02,936] [MainProcess/MainThread/INFO] (shell_startup.py/update) Creating Windows Spites...Drawing Window Sprites
[2024-01-24 15:15:02,954] [MainProcess/MainThread/INFO] (shell_startup.py/update) Clearing background
[2024-01-24 15:15:02,955] [MainProcess/MainThread/INFO] (shell_startup.py/update) Creating Sprites...Drawing Background Sprites
[2024-01-24 15:15:02,955] [MainProcess/MainThread/INFO] (shell_startup.py/update) Creating Windows Spites...Drawing Window Sprites
[2024-01-24 15:15:02,972] [MainProcess/MainThread/INFO] (shell_startup.py/update) Clearing background
[2024-01-24 15:15:02,972] [MainProcess/MainThread/INFO] (shell_startup.py/update) Creating Sprites...Drawing Background Sprites
[2024-01-24 15:15:02,972] [MainProcess/MainThread/INFO] (shell_startup.py/update) Creating Windows Spites...Drawing Window Sprites
[2024-01-24 15:15:02,991] [MainProcess/MainThread/INFO] (shell_startup.py/update) Clearing background
[2024-01-24 15:15:02,991] [MainProcess/MainThread/INFO] (shell_startup.py/update) Creating Sprites...Drawing Background Sprites
[2024-01-24 15:15:02,991] [MainProcess/MainThread/INFO] (shell_startup.py/update) Creating Windows Spites...Drawing Window Sprites
[2024-01-24 15:15:03,009] [MainProcess/MainThread/INFO] (shell_startup.py/update) Clearing background
[2024-01-24 15:15:03,009] [MainProcess/MainThread/INFO] (shell_startup.py/update) Creating Sprites...Drawing Background Sprites
[2024-01-24 15:15:03,009] [MainProcess/MainThread/INFO] (shell_startup.py/update) Creating Windows Spites...Drawing Window Sprites
[2024-01-24 15:15:03,027] [MainProcess/MainThread/INFO] (shell_startup.py/update) Clearing background
[2024-01-24 15:15:03,027] [MainProcess/MainThread/INFO] (shell_startup.py/update) Creating Sprites...Drawing Background Sprites
[2024-01-24 15:15:03,027] [MainProcess/MainThread/INFO] (shell_startup.py/update) Creating Windows Spites...Drawing Window Sprites
[2024-01-24 15:15:03,045] [MainProcess/MainThread/INFO] (shell_startup.py/update) Clearing background
[2024-01-24 15:15:03,045] [MainProcess/MainThread/INFO] (shell_startup.py/update) Creating Sprites...Drawing Background Sprites
[2024-01-24 15:15:03,045] [MainProcess/MainThread/INFO] (shell_startup.py/update) Creating Windows Spites...Drawing Window Sprites
[2024-01-24 15:15:03,063] [MainProcess/MainThread/INFO] (shell_startup.py/update) Clearing background
[2024-01-24 15:15:03,063] [MainProcess/MainThread/INFO] (shell_startup.py/update) Creating Sprites...Drawing Background Sprites
[2024-01-24 15:15:03,063] [MainProcess/MainThread/INFO] (shell_startup.py/update) Creating Windows Spites...Drawing Window Sprites
[2024-01-24 15:15:03,081] [MainProcess/MainThread/INFO] (shell_startup.py/update) Clearing background
[2024-01-24 15:15:03,081] [MainProcess/MainThread/INFO] (shell_startup.py/update) Creating Sprites...Drawing Background Sprites
[2024-01-24 15:15:03,081] [MainProcess/MainThread/INFO] (shell_startup.py/update) Creating Windows Spites...Drawing Window Sprites
[2024-01-24 15:15:03,099] [MainProcess/MainThread/INFO] (shell_startup.py/update) Clearing background
[2024-01-24 15:15:03,100] [MainProcess/MainThread/INFO] (shell_startup.py/update) Creating Sprites...Drawing Background Sprites
[2024-01-24 15:15:03,100] [MainProcess/MainThread/INFO] (shell_startup.py/update) Creating Windows Spites...Drawing Window Sprites
[2024-01-24 15:15:03,118] [MainProcess/MainThread/INFO] (shell_startup.py/update) Clearing background
[2024-01-24 15:15:03,118] [MainProcess/MainThread/INFO] (shell_startup.py/update) Creating Sprites...Drawing Background Sprites
[2024-01-24 15:15:03,118] [MainProcess/MainThread/INFO] (shell_startup.py/update) Creating Windows Spites...Drawing Window Sprites
[2024-01-24 15:15:03,136] [MainProcess/MainThread/INFO] (shell_startup.py/update) Clearing background
[2024-01-24 15:15:03,136] [MainProcess/MainThread/INFO] (shell_startup.py/update) Creating Sprites...Drawing Background Sprites
[2024-01-24 15:15:03,136] [MainProcess/MainThread/INFO] (shell_startup.py/update) Creating Windows Spites...Drawing Window Sprites
[2024-01-24 15:15:03,154] [MainProcess/MainThread/INFO] (shell_startup.py/update) Clearing background
[2024-01-24 15:15:03,154] [MainProcess/MainThread/INFO] (shell_startup.py/update) Creating Sprites...Drawing Background Sprites
[2024-01-24 15:15:03,155] [MainProcess/MainThread/INFO] (shell_startup.py/update) Creating Windows Spites...Drawing Window Sprites
[2024-01-24 15:15:03,172] [MainProcess/MainThread/INFO] (shell_startup.py/update) Clearing background
[2024-01-24 15:15:03,172] [MainProcess/MainThread/INFO] (shell_startup.py/update) Creating Sprites...Drawing Background Sprites
[2024-01-24 15:15:03,172] [MainProcess/MainThread/INFO] (shell_startup.py/update) Creating Windows Spites...Drawing Window Sprites
[2024-01-24 15:15:03,190] [MainProcess/MainThread/INFO] (shell_startup.py/update) Clearing background
[2024-01-24 15:15:03,190] [MainProcess/MainThread/INFO] (shell_startup.py/update) Creating Sprites...Drawing Background Sprites
[2024-01-24 15:15:03,190] [MainProcess/MainThread/INFO] (shell_startup.py/update) Creating Windows Spites...Drawing Window Sprites
[2024-01-24 15:15:03,208] [MainProcess/MainThread/INFO] (shell_startup.py/update) Clearing background
[2024-01-24 15:15:03,209] [MainProcess/MainThread/INFO] (shell_startup.py/update) Creating Sprites...Drawing Background Sprites
[2024-01-24 15:15:03,209] [MainProcess/MainThread/INFO] (shell_startup.py/update) Creating Windows Spites...Drawing Window Sprites
[2024-01-24 15:15:03,227] [MainProcess/MainThread/INFO] (shell_startup.py/update) Clearing background
[2024-01-24 15:15:03,227] [MainProcess/MainThread/INFO] (shell_startup.py/update) Creating Sprites...Drawing Background Sprites
[2024-01-24 15:15:03,227] [MainProcess/MainThread/INFO] (shell_startup.py/update) Creating Windows Spites...Drawing Window Sprites
[2024-01-24 15:15:03,245] [MainProcess/MainThread/INFO] (shell_startup.py/update) Clearing background
[2024-01-24 15:15:03,245] [MainProcess/MainThread/INFO] (shell_startup.py/update) Creating Sprites...Drawing Background Sprites
[2024-01-24 15:15:03,245] [MainProcess/MainThread/INFO] (shell_startup.py/update) Creating Windows Spites...Drawing Window Sprites
[2024-01-24 15:15:03,264] [MainProcess/MainThread/INFO] (shell_startup.py/update) Clearing background
[2024-01-24 15:15:03,264] [MainProcess/MainThread/INFO] (shell_startup.py/update) Creating Sprites...Drawing Background Sprites
[2024-01-24 15:15:03,264] [MainProcess/MainThread/INFO] (shell_startup.py/update) Creating Windows Spites...Drawing Window Sprites
[2024-01-24 15:15:03,281] [MainProcess/MainThread/INFO] (shell_startup.py/update) Clearing background
[2024-01-24 15:15:03,282] [MainProcess/MainThread/INFO] (shell_startup.py/update) Creating Sprites...Drawing Background Sprites
[2024-01-24 15:15:03,282] [MainProcess/MainThread/INFO] (shell_startup.py/update) Creating Windows Spites...Drawing Window Sprites
[2024-01-24 15:15:03,300] [MainProcess/MainThread/INFO] (shell_startup.py/update) Clearing background
[2024-01-24 15:15:03,300] [MainProcess/MainThread/INFO] (shell_startup.py/update) Creating Sprites...Drawing Background Sprites
[2024-01-24 15:15:03,300] [MainProcess/MainThread/INFO] (shell_startup.py/update) Creating Windows Spites...Drawing Window Sprites
[2024-01-24 15:15:03,318] [MainProcess/MainThread/INFO] (shell_startup.py/update) Clearing background
[2024-01-24 15:15:03,318] [MainProcess/MainThread/INFO] (shell_startup.py/update) Creating Sprites...Drawing Background Sprites
[2024-01-24 15:15:03,318] [MainProcess/MainThread/INFO] (shell_startup.py/update) Creating Windows Spites...Drawing Window Sprites
[2024-01-24 15:15:03,336] [MainProcess/MainThread/INFO] (shell_startup.py/update) Clearing background
[2024-01-24 15:15:03,336] [MainProcess/MainThread/INFO] (shell_startup.py/update) Creating Sprites...Drawing Background Sprites
[2024-01-24 15:15:03,336] [MainProcess/MainThread/INFO] (shell_startup.py/update) Creating Windows Spites...Drawing Window Sprites
[2024-01-24 15:15:03,354] [MainProcess/MainThread/INFO] (shell_startup.py/update) Clearing background
[2024-01-24 15:15:03,354] [MainProcess/MainThread/INFO] (shell_startup.py/update) Creating Sprites...Drawing Background Sprites
[2024-01-24 15:15:03,354] [MainProcess/MainThread/INFO] (shell_startup.py/update) Creating Windows Spites...Drawing Window Sprites
[2024-01-24 15:15:03,373] [MainProcess/MainThread/INFO] (shell_startup.py/update) Clearing background
[2024-01-24 15:15:03,373] [MainProcess/MainThread/INFO] (shell_startup.py/update) Creating Sprites...Drawing Background Sprites
[2024-01-24 15:15:03,373] [MainProcess/MainThread/INFO] (shell_startup.py/update) Creating Windows Spites...Drawing Window Sprites
[2024-01-24 15:15:03,391] [MainProcess/MainThread/INFO] (shell_startup.py/update) Clearing background
[2024-01-24 15:15:03,391] [MainProcess/MainThread/INFO] (shell_startup.py/update) Creating Sprites...Drawing Background Sprites
[2024-01-24 15:15:03,391] [MainProcess/MainThread/INFO] (shell_startup.py/update) Creating Windows Spites...Drawing Window Sprites
[2024-01-24 15:15:03,409] [MainProcess/MainThread/INFO] (shell_startup.py/update) Clearing background
[2024-01-24 15:15:03,410] [MainProcess/MainThread/INFO] (shell_startup.py/update) Creating Sprites...Drawing Background Sprites
[2024-01-24 15:15:03,410] [MainProcess/MainThread/INFO] (shell_startup.py/update) Creating Windows Spites...Drawing Window Sprites
[2024-01-24 15:15:03,427] [MainProcess/MainThread/INFO] (shell_startup.py/update) Clearing background
[2024-01-24 15:15:03,427] [MainProcess/MainThread/INFO] (shell_startup.py/update) Creating Sprites...Drawing Background Sprites
[2024-01-24 15:15:03,427] [MainProcess/MainThread/INFO] (shell_startup.py/update) Creating Windows Spites...Drawing Window Sprites
[2024-01-24 15:15:03,445] [MainProcess/MainThread/INFO] (shell_startup.py/update) Clearing background
[2024-01-24 15:15:03,445] [MainProcess/MainThread/INFO] (shell_startup.py/update) Creating Sprites...Drawing Background Sprites
[2024-01-24 15:15:03,445] [MainProcess/MainThread/INFO] (shell_startup.py/update) Creating Windows Spites...Drawing Window Sprites
[2024-01-24 15:15:03,464] [MainProcess/MainThread/INFO] (shell_startup.py/update) Clearing background
[2024-01-24 15:15:03,464] [MainProcess/MainThread/INFO] (shell_startup.py/update) Creating Sprites...Drawing Background Sprites
[2024-01-24 15:15:03,464] [MainProcess/MainThread/INFO] (shell_startup.py/update) Creating Windows Spites...Drawing Window Sprites
[2024-01-24 15:15:03,482] [MainProcess/MainThread/INFO] (shell_startup.py/update) Clearing background
[2024-01-24 15:15:03,482] [MainProcess/MainThread/INFO] (shell_startup.py/update) Creating Sprites...Drawing Background Sprites
[2024-01-24 15:15:03,482] [MainProcess/MainThread/INFO] (shell_startup.py/update) Creating Windows Spites...Drawing Window Sprites
[2024-01-24 15:15:03,500] [MainProcess/MainThread/INFO] (shell_startup.py/update) Clearing background
[2024-01-24 15:15:03,500] [MainProcess/MainThread/INFO] (shell_startup.py/update) Creating Sprites...Drawing Background Sprites
[2024-01-24 15:15:03,500] [MainProcess/MainThread/INFO] (shell_startup.py/update) Creating Windows Spites...Drawing Window Sprites
[2024-01-24 15:15:03,518] [MainProcess/MainThread/INFO] (shell_startup.py/update) Clearing background
[2024-01-24 15:15:03,519] [MainProcess/MainThread/INFO] (shell_startup.py/update) Creating Sprites...Drawing Background Sprites
[2024-01-24 15:15:03,519] [MainProcess/MainThread/INFO] (shell_startup.py/update) Creating Windows Spites...Drawing Window Sprites
[2024-01-24 15:15:03,537] [MainProcess/MainThread/INFO] (shell_startup.py/update) Clearing background
[2024-01-24 15:15:03,537] [MainProcess/MainThread/INFO] (shell_startup.py/update) Creating Sprites...Drawing Background Sprites
[2024-01-24 15:15:03,537] [MainProcess/MainThread/INFO] (shell_startup.py/update) Creating Windows Spites...Drawing Window Sprites
[2024-01-24 15:15:03,555] [MainProcess/MainThread/INFO] (shell_startup.py/update) Clearing background
[2024-01-24 15:15:03,555] [MainProcess/MainThread/INFO] (shell_startup.py/update) Creating Sprites...Drawing Background Sprites
[2024-01-24 15:15:03,555] [MainProcess/MainThread/INFO] (shell_startup.py/update) Creating Windows Spites...Drawing Window Sprites
[2024-01-24 15:15:03,573] [MainProcess/MainThread/INFO] (shell_startup.py/update) Clearing background
[2024-01-24 15:15:03,573] [MainProcess/MainThread/INFO] (shell_startup.py/update) Creating Sprites...Drawing Background Sprites
[2024-01-24 15:15:03,573] [MainProcess/MainThread/INFO] (shell_startup.py/update) Creating Windows Spites...Drawing Window Sprites
[2024-01-24 15:15:03,591] [MainProcess/MainThread/INFO] (shell_startup.py/update) Clearing background
[2024-01-24 15:15:03,591] [MainProcess/MainThread/INFO] (shell_startup.py/update) Creating Sprites...Drawing Background Sprites
[2024-01-24 15:15:03,591] [MainProcess/MainThread/INFO] (shell_startup.py/update) Creating Windows Spites...Drawing Window Sprites
[2024-01-24 15:15:03,609] [MainProcess/MainThread/INFO] (shell_startup.py/update) Clearing background
[2024-01-24 15:15:03,609] [MainProcess/MainThread/INFO] (shell_startup.py/update) Creating Sprites...Drawing Background Sprites
[2024-01-24 15:15:03,609] [MainProcess/MainThread/INFO] (shell_startup.py/update) Creating Windows Spites...Drawing Window Sprites
[2024-01-24 15:15:03,627] [MainProcess/MainThread/INFO] (shell_startup.py/update) Clearing background
[2024-01-24 15:15:03,627] [MainProcess/MainThread/INFO] (shell_startup.py/update) Creating Sprites...Drawing Background Sprites
[2024-01-24 15:15:03,627] [MainProcess/MainThread/INFO] (shell_startup.py/update) Creating Windows Spites...Drawing Window Sprites
[2024-01-24 15:15:03,645] [MainProcess/MainThread/INFO] (shell_startup.py/update) Clearing background
[2024-01-24 15:15:03,646] [MainProcess/MainThread/INFO] (shell_startup.py/update) Creating Sprites...Drawing Background Sprites
[2024-01-24 15:15:03,646] [MainProcess/MainThread/INFO] (shell_startup.py/update) Creating Windows Spites...Drawing Window Sprites
[2024-01-24 15:15:03,664] [MainProcess/MainThread/INFO] (shell_startup.py/update) Clearing background
[2024-01-24 15:15:03,664] [MainProcess/MainThread/INFO] (shell_startup.py/update) Creating Sprites...Drawing Background Sprites
[2024-01-24 15:15:03,664] [MainProcess/MainThread/INFO] (shell_startup.py/update) Creating Windows Spites...Drawing Window Sprites
[2024-01-24 15:15:03,682] [MainProcess/MainThread/INFO] (shell_startup.py/update) Clearing background
[2024-01-24 15:15:03,682] [MainProcess/MainThread/INFO] (shell_startup.py/update) Creating Sprites...Drawing Background Sprites
[2024-01-24 15:15:03,682] [MainProcess/MainThread/INFO] (shell_startup.py/update) Creating Windows Spites...Drawing Window Sprites
[2024-01-24 15:15:03,700] [MainProcess/MainThread/INFO] (shell_startup.py/update) Clearing background
[2024-01-24 15:15:03,700] [MainProcess/MainThread/INFO] (shell_startup.py/update) Creating Sprites...Drawing Background Sprites
[2024-01-24 15:15:03,700] [MainProcess/MainThread/INFO] (shell_startup.py/update) Creating Windows Spites...Drawing Window Sprites
[2024-01-24 15:15:03,719] [MainProcess/MainThread/INFO] (shell_startup.py/update) Clearing background
[2024-01-24 15:15:03,719] [MainProcess/MainThread/INFO] (shell_startup.py/update) Creating Sprites...Drawing Background Sprites
[2024-01-24 15:15:03,719] [MainProcess/MainThread/INFO] (shell_startup.py/update) Creating Windows Spites...Drawing Window Sprites
[2024-01-24 15:15:03,737] [MainProcess/MainThread/INFO] (shell_startup.py/update) Clearing background
[2024-01-24 15:15:03,737] [MainProcess/MainThread/INFO] (shell_startup.py/update) Creating Sprites...Drawing Background Sprites
[2024-01-24 15:15:03,737] [MainProcess/MainThread/INFO] (shell_startup.py/update) Creating Windows Spites...Drawing Window Sprites
[2024-01-24 15:15:03,755] [MainProcess/MainThread/INFO] (shell_startup.py/update) Clearing background
[2024-01-24 15:15:03,755] [MainProcess/MainThread/INFO] (shell_startup.py/update) Creating Sprites...Drawing Background Sprites
[2024-01-24 15:15:03,756] [MainProcess/MainThread/INFO] (shell_startup.py/update) Creating Windows Spites...Drawing Window Sprites
[2024-01-24 15:15:03,773] [MainProcess/MainThread/INFO] (shell_startup.py/update) Clearing background
[2024-01-24 15:15:03,773] [MainProcess/MainThread/INFO] (shell_startup.py/update) Creating Sprites...Drawing Background Sprites
[2024-01-24 15:15:03,773] [MainProcess/MainThread/INFO] (shell_startup.py/update) Creating Windows Spites...Drawing Window Sprites
[2024-01-24 15:15:03,792] [MainProcess/MainThread/INFO] (shell_startup.py/update) Clearing background
[2024-01-24 15:15:03,792] [MainProcess/MainThread/INFO] (shell_startup.py/update) Creating Sprites...Drawing Background Sprites
[2024-01-24 15:15:03,792] [MainProcess/MainThread/INFO] (shell_startup.py/update) Creating Windows Spites...Drawing Window Sprites
[2024-01-24 15:15:03,810] [MainProcess/MainThread/INFO] (shell_startup.py/update) Clearing background
[2024-01-24 15:15:03,810] [MainProcess/MainThread/INFO] (shell_startup.py/update) Creating Sprites...Drawing Background Sprites
[2024-01-24 15:15:03,810] [MainProcess/MainThread/INFO] (shell_startup.py/update) Creating Windows Spites...Drawing Window Sprites
[2024-01-24 15:15:03,828] [MainProcess/MainThread/INFO] (shell_startup.py/update) Clearing background
[2024-01-24 15:15:03,828] [MainProcess/MainThread/INFO] (shell_startup.py/update) Creating Sprites...Drawing Background Sprites
[2024-01-24 15:15:03,828] [MainProcess/MainThread/INFO] (shell_startup.py/update) Creating Windows Spites...Drawing Window Sprites
[2024-01-24 15:15:03,846] [MainProcess/MainThread/INFO] (shell_startup.py/update) Clearing background
[2024-01-24 15:15:03,846] [MainProcess/MainThread/INFO] (shell_startup.py/update) Creating Sprites...Drawing Background Sprites
[2024-01-24 15:15:03,847] [MainProcess/MainThread/INFO] (shell_startup.py/update) Creating Windows Spites...Drawing Window Sprites
[2024-01-24 15:15:03,864] [MainProcess/MainThread/INFO] (shell_startup.py/update) Clearing background
[2024-01-24 15:15:03,864] [MainProcess/MainThread/INFO] (shell_startup.py/update) Creating Sprites...Drawing Background Sprites
[2024-01-24 15:15:03,864] [MainProcess/MainThread/INFO] (shell_startup.py/update) Creating Windows Spites...Drawing Window Sprites
