[LOGS]
[2024-01-24 16:55:45,747] [MainProcess/MainThread/INFO] (shell_startup.py/update) Clearing background
[2024-01-24 16:55:45,748] [MainProcess/MainThread/INFO] (shell_startup.py/update) Creating Sprites...Drawing Background Sprites
[2024-01-24 16:55:45,748] [MainProcess/MainThread/INFO] (shell_startup.py/update) Creating Windows Spites...Drawing Window Sprites
[2024-01-24 16:55:45,765] [MainProcess/MainThread/INFO] (shell_startup.py/update) Clearing background
[2024-01-24 16:55:45,765] [MainProcess/MainThread/INFO] (shell_startup.py/update) Creating Sprites...Drawing Background Sprites
[2024-01-24 16:55:45,765] [MainProcess/MainThread/INFO] (shell_startup.py/update) Creating Windows Spites...Drawing Window Sprites
[2024-01-24 16:55:45,783] [MainProcess/MainThread/INFO] (shell_startup.py/update) Clearing background
[2024-01-24 16:55:45,783] [MainProcess/MainThread/INFO] (shell_startup.py/update) Creating Sprites...Drawing Background Sprites
[2024-01-24 16:55:45,783] [MainProcess/MainThread/INFO] (shell_startup.py/update) Creating Windows Spites...Drawing Window Sprites
[2024-01-24 16:55:45,801] [MainProcess/MainThread/INFO] (shell_startup.py/update) Clearing background
[2024-01-24 16:55:45,802] [MainProcess/MainThread/INFO] (shell_startup.py/update) Creating Sprites...Drawing Background Sprites
[2024-01-24 16:55:45,802] [MainProcess/MainThread/INFO] (shell_startup.py/update) Creating Windows Spites...Drawing Window Sprites
[2024-01-24 16:55:45,819] [MainProcess/MainThread/INFO] (shell_startup.py/update) Clearing background
[2024-01-24 16:55:45,820] [MainProcess/MainThread/INFO] (shell_startup.py/update) Creating Sprites...Drawing Background Sprites
[2024-01-24 16:55:45,820] [MainProcess/MainThread/INFO] (shell_startup.py/update) Creating Windows Spites...Drawing Window Sprites
[2024-01-24 16:55:45,838] [MainProcess/MainThread/INFO] (shell_startup.py/update) Clearing background
[2024-01-24 16:55:45,838] [MainProcess/MainThread/INFO] (shell_startup.py/update) Creating Sprites...Drawing Background Sprites
[2024-01-24 16:55:45,838] [MainProcess/MainThread/INFO] (shell_startup.py/update) Creating Windows Spites...Drawing Window Sprites
[2024-01-24 16:55:45,856] [MainProcess/MainThread/INFO] (shell_startup.py/update) Clearing background
[2024-01-24 16:55:45,857] [MainProcess/MainThread/INFO] (shell_startup.py/update) Creating Sprites...Drawing Background Sprites
[2024-01-24 16:55:45,857] [MainProcess/MainThread/INFO] (shell_startup.py/update) Creating Windows Spites...Drawing Window Sprites
[2024-01-24 16:55:45,874] [MainProcess/MainThread/INFO] (shell_startup.py/update) Clearing background
[2024-01-24 16:55:45,874] [MainProcess/MainThread/INFO] (shell_startup.py/update) Creating Sprites...Drawing Background Sprites
[2024-01-24 16:55:45,874] [MainProcess/MainThread/INFO] (shell_startup.py/update) Creating Windows Spites...Drawing Window Sprites
[2024-01-24 16:55:45,892] [MainProcess/MainThread/INFO] (shell_startup.py/update) Clearing background
[2024-01-24 16:55:45,892] [MainProcess/MainThread/INFO] (shell_startup.py/update) Creating Sprites...Drawing Background Sprites
[2024-01-24 16:55:45,892] [MainProcess/MainThread/INFO] (shell_startup.py/update) Creating Windows Spites...Drawing Window Sprites
[2024-01-24 16:55:45,910] [MainProcess/MainThread/INFO] (shell_startup.py/update) Clearing background
[2024-01-24 16:55:45,910] [MainProcess/MainThread/INFO] (shell_startup.py/update) Creating Sprites...Drawing Background Sprites
[2024-01-24 16:55:45,910] [MainProcess/MainThread/INFO] (shell_startup.py/update) Creating Windows Spites...Drawing Window Sprites
[2024-01-24 16:55:45,929] [MainProcess/MainThread/INFO] (shell_startup.py/update) Clearing background
[2024-01-24 16:55:45,929] [MainProcess/MainThread/INFO] (shell_startup.py/update) Creating Sprites...Drawing Background Sprites
[2024-01-24 16:55:45,929] [MainProcess/MainThread/INFO] (shell_startup.py/update) Creating Windows Spites...Drawing Window Sprites
[2024-01-24 16:55:45,947] [MainProcess/MainThread/INFO] (shell_startup.py/update) Clearing background
[2024-01-24 16:55:45,947] [MainProcess/MainThread/INFO] (shell_startup.py/update) Creating Sprites...Drawing Background Sprites
[2024-01-24 16:55:45,947] [MainProcess/MainThread/INFO] (shell_startup.py/update) Creating Windows Spites...Drawing Window Sprites
[2024-01-24 16:55:45,966] [MainProcess/MainThread/INFO] (shell_startup.py/update) Clearing background
[2024-01-24 16:55:45,966] [MainProcess/MainThread/INFO] (shell_startup.py/update) Creating Sprites...Drawing Background Sprites
[2024-01-24 16:55:45,966] [MainProcess/MainThread/INFO] (shell_startup.py/update) Creating Windows Spites...Drawing Window Sprites
[2024-01-24 16:55:45,983] [MainProcess/MainThread/INFO] (shell_startup.py/update) Clearing background
[2024-01-24 16:55:45,983] [MainProcess/MainThread/INFO] (shell_startup.py/update) Creating Sprites...Drawing Background Sprites
[2024-01-24 16:55:45,983] [MainProcess/MainThread/INFO] (shell_startup.py/update) Creating Windows Spites...Drawing Window Sprites
[2024-01-24 16:55:46,002] [MainProcess/MainThread/INFO] (shell_startup.py/update) Clearing background
[2024-01-24 16:55:46,002] [MainProcess/MainThread/INFO] (shell_startup.py/update) Creating Sprites...Drawing Background Sprites
[2024-01-24 16:55:46,002] [MainProcess/MainThread/INFO] (shell_startup.py/update) Creating Windows Spites...Drawing Window Sprites
[2024-01-24 16:55:46,020] [MainProcess/MainThread/INFO] (shell_startup.py/update) Clearing background
[2024-01-24 16:55:46,020] [MainProcess/MainThread/INFO] (shell_startup.py/update) Creating Sprites...Drawing Background Sprites
[2024-01-24 16:55:46,020] [MainProcess/MainThread/INFO] (shell_startup.py/update) Creating Windows Spites...Drawing Window Sprites
[2024-01-24 16:55:46,038] [MainProcess/MainThread/INFO] (shell_startup.py/update) Clearing background
[2024-01-24 16:55:46,038] [MainProcess/MainThread/INFO] (shell_startup.py/update) Creating Sprites...Drawing Background Sprites
[2024-01-24 16:55:46,038] [MainProcess/MainThread/INFO] (shell_startup.py/update) Creating Windows Spites...Drawing Window Sprites
[2024-01-24 16:55:46,056] [MainProcess/MainThread/INFO] (shell_startup.py/update) Clearing background
[2024-01-24 16:55:46,056] [MainProcess/MainThread/INFO] (shell_startup.py/update) Creating Sprites...Drawing Background Sprites
[2024-01-24 16:55:46,056] [MainProcess/MainThread/INFO] (shell_startup.py/update) Creating Windows Spites...Drawing Window Sprites
[2024-01-24 16:55:46,074] [MainProcess/MainThread/INFO] (shell_startup.py/update) Clearing background
[2024-01-24 16:55:46,074] [MainProcess/MainThread/INFO] (shell_startup.py/update) Creating Sprites...Drawing Background Sprites
[2024-01-24 16:55:46,074] [MainProcess/MainThread/INFO] (shell_startup.py/update) Creating Windows Spites...Drawing Window Sprites
[2024-01-24 16:55:46,092] [MainProcess/MainThread/INFO] (shell_startup.py/update) Clearing background
[2024-01-24 16:55:46,093] [MainProcess/MainThread/INFO] (shell_startup.py/update) Creating Sprites...Drawing Background Sprites
[2024-01-24 16:55:46,093] [MainProcess/MainThread/INFO] (shell_startup.py/update) Creating Windows Spites...Drawing Window Sprites
[2024-01-24 16:55:46,110] [MainProcess/MainThread/INFO] (shell_startup.py/update) Clearing background
[2024-01-24 16:55:46,110] [MainProcess/MainThread/INFO] (shell_startup.py/update) Creating Sprites...Drawing Background Sprites
[2024-01-24 16:55:46,110] [MainProcess/MainThread/INFO] (shell_startup.py/update) Creating Windows Spites...Drawing Window Sprites
[2024-01-24 16:55:46,128] [MainProcess/MainThread/INFO] (shell_startup.py/update) Clearing background
[2024-01-24 16:55:46,128] [MainProcess/MainThread/INFO] (shell_startup.py/update) Creating Sprites...Drawing Background Sprites
[2024-01-24 16:55:46,128] [MainProcess/MainThread/INFO] (shell_startup.py/update) Creating Windows Spites...Drawing Window Sprites
[2024-01-24 16:55:46,146] [MainProcess/MainThread/INFO] (shell_startup.py/update) Clearing background
[2024-01-24 16:55:46,146] [MainProcess/MainThread/INFO] (shell_startup.py/update) Creating Sprites...Drawing Background Sprites
[2024-01-24 16:55:46,146] [MainProcess/MainThread/INFO] (shell_startup.py/update) Creating Windows Spites...Drawing Window Sprites
[2024-01-24 16:55:46,165] [MainProcess/MainThread/INFO] (shell_startup.py/update) Clearing background
[2024-01-24 16:55:46,165] [MainProcess/MainThread/INFO] (shell_startup.py/update) Creating Sprites...Drawing Background Sprites
[2024-01-24 16:55:46,165] [MainProcess/MainThread/INFO] (shell_startup.py/update) Creating Windows Spites...Drawing Window Sprites
[2024-01-24 16:55:46,183] [MainProcess/MainThread/INFO] (shell_startup.py/update) Clearing background
[2024-01-24 16:55:46,183] [MainProcess/MainThread/INFO] (shell_startup.py/update) Creating Sprites...Drawing Background Sprites
[2024-01-24 16:55:46,183] [MainProcess/MainThread/INFO] (shell_startup.py/update) Creating Windows Spites...Drawing Window Sprites
[2024-01-24 16:55:46,201] [MainProcess/MainThread/INFO] (shell_startup.py/update) Clearing background
[2024-01-24 16:55:46,201] [MainProcess/MainThread/INFO] (shell_startup.py/update) Creating Sprites...Drawing Background Sprites
[2024-01-24 16:55:46,201] [MainProcess/MainThread/INFO] (shell_startup.py/update) Creating Windows Spites...Drawing Window Sprites
[2024-01-24 16:55:46,219] [MainProcess/MainThread/INFO] (shell_startup.py/update) Clearing background
[2024-01-24 16:55:46,220] [MainProcess/MainThread/INFO] (shell_startup.py/update) Creating Sprites...Drawing Background Sprites
[2024-01-24 16:55:46,220] [MainProcess/MainThread/INFO] (shell_startup.py/update) Creating Windows Spites...Drawing Window Sprites
[2024-01-24 16:55:46,237] [MainProcess/MainThread/INFO] (shell_startup.py/update) Clearing background
[2024-01-24 16:55:46,237] [MainProcess/MainThread/INFO] (shell_startup.py/update) Creating Sprites...Drawing Background Sprites
[2024-01-24 16:55:46,237] [MainProcess/MainThread/INFO] (shell_startup.py/update) Creating Windows Spites...Drawing Window Sprites
[2024-01-24 16:55:46,256] [MainProcess/MainThread/INFO] (shell_startup.py/update) Clearing background
[2024-01-24 16:55:46,256] [MainProcess/MainThread/INFO] (shell_startup.py/update) Creating Sprites...Drawing Background Sprites
[2024-01-24 16:55:46,256] [MainProcess/MainThread/INFO] (shell_startup.py/update) Creating Windows Spites...Drawing Window Sprites
[2024-01-24 16:55:46,274] [MainProcess/MainThread/INFO] (shell_startup.py/update) Clearing background
[2024-01-24 16:55:46,274] [MainProcess/MainThread/INFO] (shell_startup.py/update) Creating Sprites...Drawing Background Sprites
[2024-01-24 16:55:46,274] [MainProcess/MainThread/INFO] (shell_startup.py/update) Creating Windows Spites...Drawing Window Sprites
[2024-01-24 16:55:46,292] [MainProcess/MainThread/INFO] (shell_startup.py/update) Clearing background
[2024-01-24 16:55:46,293] [MainProcess/MainThread/INFO] (shell_startup.py/update) Creating Sprites...Drawing Background Sprites
[2024-01-24 16:55:46,293] [MainProcess/MainThread/INFO] (shell_startup.py/update) Creating Windows Spites...Drawing Window Sprites
[2024-01-24 16:55:46,311] [MainProcess/MainThread/INFO] (shell_startup.py/update) Clearing background
[2024-01-24 16:55:46,311] [MainProcess/MainThread/INFO] (shell_startup.py/update) Creating Sprites...Drawing Background Sprites
[2024-01-24 16:55:46,311] [MainProcess/MainThread/INFO] (shell_startup.py/update) Creating Windows Spites...Drawing Window Sprites
[2024-01-24 16:55:46,329] [MainProcess/MainThread/INFO] (shell_startup.py/update) Clearing background
[2024-01-24 16:55:46,329] [MainProcess/MainThread/INFO] (shell_startup.py/update) Creating Sprites...Drawing Background Sprites
[2024-01-24 16:55:46,329] [MainProcess/MainThread/INFO] (shell_startup.py/update) Creating Windows Spites...Drawing Window Sprites
[2024-01-24 16:55:46,347] [MainProcess/MainThread/INFO] (shell_startup.py/update) Clearing background
[2024-01-24 16:55:46,347] [MainProcess/MainThread/INFO] (shell_startup.py/update) Creating Sprites...Drawing Background Sprites
[2024-01-24 16:55:46,347] [MainProcess/MainThread/INFO] (shell_startup.py/update) Creating Windows Spites...Drawing Window Sprites
[2024-01-24 16:55:46,365] [MainProcess/MainThread/INFO] (shell_startup.py/update) Clearing background
[2024-01-24 16:55:46,365] [MainProcess/MainThread/INFO] (shell_startup.py/update) Creating Sprites...Drawing Background Sprites
[2024-01-24 16:55:46,365] [MainProcess/MainThread/INFO] (shell_startup.py/update) Creating Windows Spites...Drawing Window Sprites
[2024-01-24 16:55:46,384] [MainProcess/MainThread/INFO] (shell_startup.py/update) Clearing background
[2024-01-24 16:55:46,384] [MainProcess/MainThread/INFO] (shell_startup.py/update) Creating Sprites...Drawing Background Sprites
[2024-01-24 16:55:46,384] [MainProcess/MainThread/INFO] (shell_startup.py/update) Creating Windows Spites...Drawing Window Sprites
[2024-01-24 16:55:46,401] [MainProcess/MainThread/INFO] (shell_startup.py/update) Clearing background
[2024-01-24 16:55:46,401] [MainProcess/MainThread/INFO] (shell_startup.py/update) Creating Sprites...Drawing Background Sprites
[2024-01-24 16:55:46,401] [MainProcess/MainThread/INFO] (shell_startup.py/update) Creating Windows Spites...Drawing Window Sprites
[2024-01-24 16:55:46,420] [MainProcess/MainThread/INFO] (shell_startup.py/update) Clearing background
[2024-01-24 16:55:46,420] [MainProcess/MainThread/INFO] (shell_startup.py/update) Creating Sprites...Drawing Background Sprites
[2024-01-24 16:55:46,420] [MainProcess/MainThread/INFO] (shell_startup.py/update) Creating Windows Spites...Drawing Window Sprites
[2024-01-24 16:55:46,437] [MainProcess/MainThread/INFO] (shell_startup.py/update) Clearing background
[2024-01-24 16:55:46,438] [MainProcess/MainThread/INFO] (shell_startup.py/update) Creating Sprites...Drawing Background Sprites
[2024-01-24 16:55:46,438] [MainProcess/MainThread/INFO] (shell_startup.py/update) Creating Windows Spites...Drawing Window Sprites
[2024-01-24 16:55:46,456] [MainProcess/MainThread/INFO] (shell_startup.py/update) Clearing background
[2024-01-24 16:55:46,456] [MainProcess/MainThread/INFO] (shell_startup.py/update) Creating Sprites...Drawing Background Sprites
[2024-01-24 16:55:46,456] [MainProcess/MainThread/INFO] (shell_startup.py/update) Creating Windows Spites...Drawing Window Sprites
[2024-01-24 16:55:46,474] [MainProcess/MainThread/INFO] (shell_startup.py/update) Clearing background
[2024-01-24 16:55:46,474] [MainProcess/MainThread/INFO] (shell_startup.py/update) Creating Sprites...Drawing Background Sprites
[2024-01-24 16:55:46,474] [MainProcess/MainThread/INFO] (shell_startup.py/update) Creating Windows Spites...Drawing Window Sprites
[2024-01-24 16:55:46,492] [MainProcess/MainThread/INFO] (shell_startup.py/update) Clearing background
[2024-01-24 16:55:46,493] [MainProcess/MainThread/INFO] (shell_startup.py/update) Creating Sprites...Drawing Background Sprites
[2024-01-24 16:55:46,493] [MainProcess/MainThread/INFO] (shell_startup.py/update) Creating Windows Spites...Drawing Window Sprites
[2024-01-24 16:55:46,510] [MainProcess/MainThread/INFO] (shell_startup.py/update) Clearing background
[2024-01-24 16:55:46,510] [MainProcess/MainThread/INFO] (shell_startup.py/update) Creating Sprites...Drawing Background Sprites
[2024-01-24 16:55:46,510] [MainProcess/MainThread/INFO] (shell_startup.py/update) Creating Windows Spites...Drawing Window Sprites
[2024-01-24 16:55:46,529] [MainProcess/MainThread/INFO] (shell_startup.py/update) Clearing background
[2024-01-24 16:55:46,529] [MainProcess/MainThread/INFO] (shell_startup.py/update) Creating Sprites...Drawing Background Sprites
[2024-01-24 16:55:46,529] [MainProcess/MainThread/INFO] (shell_startup.py/update) Creating Windows Spites...Drawing Window Sprites
[2024-01-24 16:55:46,547] [MainProcess/MainThread/INFO] (shell_startup.py/update) Clearing background
[2024-01-24 16:55:46,547] [MainProcess/MainThread/INFO] (shell_startup.py/update) Creating Sprites...Drawing Background Sprites
[2024-01-24 16:55:46,547] [MainProcess/MainThread/INFO] (shell_startup.py/update) Creating Windows Spites...Drawing Window Sprites
[2024-01-24 16:55:46,565] [MainProcess/MainThread/INFO] (shell_startup.py/update) Clearing background
[2024-01-24 16:55:46,565] [MainProcess/MainThread/INFO] (shell_startup.py/update) Creating Sprites...Drawing Background Sprites
[2024-01-24 16:55:46,565] [MainProcess/MainThread/INFO] (shell_startup.py/update) Creating Windows Spites...Drawing Window Sprites
[2024-01-24 16:55:46,584] [MainProcess/MainThread/INFO] (shell_startup.py/update) Clearing background
[2024-01-24 16:55:46,584] [MainProcess/MainThread/INFO] (shell_startup.py/update) Creating Sprites...Drawing Background Sprites
[2024-01-24 16:55:46,584] [MainProcess/MainThread/INFO] (shell_startup.py/update) Creating Windows Spites...Drawing Window Sprites
[2024-01-24 16:55:46,601] [MainProcess/MainThread/INFO] (shell_startup.py/update) Clearing background
[2024-01-24 16:55:46,601] [MainProcess/MainThread/INFO] (shell_startup.py/update) Creating Sprites...Drawing Background Sprites
[2024-01-24 16:55:46,602] [MainProcess/MainThread/INFO] (shell_startup.py/update) Creating Windows Spites...Drawing Window Sprites
[2024-01-24 16:55:46,620] [MainProcess/MainThread/INFO] (shell_startup.py/update) Clearing background
[2024-01-24 16:55:46,620] [MainProcess/MainThread/INFO] (shell_startup.py/update) Creating Sprites...Drawing Background Sprites
[2024-01-24 16:55:46,620] [MainProcess/MainThread/INFO] (shell_startup.py/update) Creating Windows Spites...Drawing Window Sprites
[2024-01-24 16:55:46,638] [MainProcess/MainThread/INFO] (shell_startup.py/update) Clearing background
[2024-01-24 16:55:46,638] [MainProcess/MainThread/INFO] (shell_startup.py/update) Creating Sprites...Drawing Background Sprites
[2024-01-24 16:55:46,638] [MainProcess/MainThread/INFO] (shell_startup.py/update) Creating Windows Spites...Drawing Window Sprites
[2024-01-24 16:55:46,656] [MainProcess/MainThread/INFO] (shell_startup.py/update) Clearing background
[2024-01-24 16:55:46,656] [MainProcess/MainThread/INFO] (shell_startup.py/update) Creating Sprites...Drawing Background Sprites
[2024-01-24 16:55:46,656] [MainProcess/MainThread/INFO] (shell_startup.py/update) Creating Windows Spites...Drawing Window Sprites
[2024-01-24 16:55:46,674] [MainProcess/MainThread/INFO] (shell_startup.py/update) Clearing background
[2024-01-24 16:55:46,674] [MainProcess/MainThread/INFO] (shell_startup.py/update) Creating Sprites...Drawing Background Sprites
[2024-01-24 16:55:46,674] [MainProcess/MainThread/INFO] (shell_startup.py/update) Creating Windows Spites...Drawing Window Sprites
[2024-01-24 16:55:46,692] [MainProcess/MainThread/INFO] (shell_startup.py/update) Clearing background
[2024-01-24 16:55:46,693] [MainProcess/MainThread/INFO] (shell_startup.py/update) Creating Sprites...Drawing Background Sprites
[2024-01-24 16:55:46,693] [MainProcess/MainThread/INFO] (shell_startup.py/update) Creating Windows Spites...Drawing Window Sprites
[2024-01-24 16:55:46,711] [MainProcess/MainThread/INFO] (shell_startup.py/update) Clearing background
[2024-01-24 16:55:46,711] [MainProcess/MainThread/INFO] (shell_startup.py/update) Creating Sprites...Drawing Background Sprites
[2024-01-24 16:55:46,711] [MainProcess/MainThread/INFO] (shell_startup.py/update) Creating Windows Spites...Drawing Window Sprites
[2024-01-24 16:55:46,729] [MainProcess/MainThread/INFO] (shell_startup.py/update) Clearing background
[2024-01-24 16:55:46,729] [MainProcess/MainThread/INFO] (shell_startup.py/update) Creating Sprites...Drawing Background Sprites
[2024-01-24 16:55:46,729] [MainProcess/MainThread/INFO] (shell_startup.py/update) Creating Windows Spites...Drawing Window Sprites
[2024-01-24 16:55:46,747] [MainProcess/MainThread/INFO] (shell_startup.py/update) Clearing background
[2024-01-24 16:55:46,748] [MainProcess/MainThread/INFO] (shell_startup.py/update) Creating Sprites...Drawing Background Sprites
[2024-01-24 16:55:46,748] [MainProcess/MainThread/INFO] (shell_startup.py/update) Creating Windows Spites...Drawing Window Sprites
[2024-01-24 16:55:46,765] [MainProcess/MainThread/INFO] (shell_startup.py/update) Clearing background
[2024-01-24 16:55:46,766] [MainProcess/MainThread/INFO] (shell_startup.py/update) Creating Sprites...Drawing Background Sprites
[2024-01-24 16:55:46,766] [MainProcess/MainThread/INFO] (shell_startup.py/update) Creating Windows Spites...Drawing Window Sprites
[2024-01-24 16:55:46,783] [MainProcess/MainThread/INFO] (shell_startup.py/update) Clearing background
[2024-01-24 16:55:46,784] [MainProcess/MainThread/INFO] (shell_startup.py/update) Creating Sprites...Drawing Background Sprites
[2024-01-24 16:55:46,784] [MainProcess/MainThread/INFO] (shell_startup.py/update) Creating Windows Spites...Drawing Window Sprites
[2024-01-24 16:55:46,801] [MainProcess/MainThread/INFO] (shell_startup.py/update) Clearing background
[2024-01-24 16:55:46,802] [MainProcess/MainThread/INFO] (shell_startup.py/update) Creating Sprites...Drawing Background Sprites
[2024-01-24 16:55:46,802] [MainProcess/MainThread/INFO] (shell_startup.py/update) Creating Windows Spites...Drawing Window Sprites
[2024-01-24 16:55:46,820] [MainProcess/MainThread/INFO] (shell_startup.py/update) Clearing background
[2024-01-24 16:55:46,820] [MainProcess/MainThread/INFO] (shell_startup.py/update) Creating Sprites...Drawing Background Sprites
[2024-01-24 16:55:46,820] [MainProcess/MainThread/INFO] (shell_startup.py/update) Creating Windows Spites...Drawing Window Sprites
[2024-01-24 16:55:46,838] [MainProcess/MainThread/INFO] (shell_startup.py/update) Clearing background
[2024-01-24 16:55:46,838] [MainProcess/MainThread/INFO] (shell_startup.py/update) Creating Sprites...Drawing Background Sprites
[2024-01-24 16:55:46,838] [MainProcess/MainThread/INFO] (shell_startup.py/update) Creating Windows Spites...Drawing Window Sprites
[2024-01-24 16:55:46,856] [MainProcess/MainThread/INFO] (shell_startup.py/update) Clearing background
[2024-01-24 16:55:46,856] [MainProcess/MainThread/INFO] (shell_startup.py/update) Creating Sprites...Drawing Background Sprites
[2024-01-24 16:55:46,856] [MainProcess/MainThread/INFO] (shell_startup.py/update) Creating Windows Spites...Drawing Window Sprites
[2024-01-24 16:55:46,875] [MainProcess/MainThread/INFO] (shell_startup.py/update) Clearing background
[2024-01-24 16:55:46,875] [MainProcess/MainThread/INFO] (shell_startup.py/update) Creating Sprites...Drawing Background Sprites
[2024-01-24 16:55:46,875] [MainProcess/MainThread/INFO] (shell_startup.py/update) Creating Windows Spites...Drawing Window Sprites
[2024-01-24 16:55:46,892] [MainProcess/MainThread/INFO] (shell_startup.py/update) Clearing background
[2024-01-24 16:55:46,893] [MainProcess/MainThread/INFO] (shell_startup.py/update) Creating Sprites...Drawing Background Sprites
[2024-01-24 16:55:46,893] [MainProcess/MainThread/INFO] (shell_startup.py/update) Creating Windows Spites...Drawing Window Sprites
[2024-01-24 16:55:46,911] [MainProcess/MainThread/INFO] (shell_startup.py/update) Clearing background
[2024-01-24 16:55:46,911] [MainProcess/MainThread/INFO] (shell_startup.py/update) Creating Sprites...Drawing Background Sprites
[2024-01-24 16:55:46,911] [MainProcess/MainThread/INFO] (shell_startup.py/update) Creating Windows Spites...Drawing Window Sprites
[2024-01-24 16:55:46,929] [MainProcess/MainThread/INFO] (shell_startup.py/update) Clearing background
[2024-01-24 16:55:46,929] [MainProcess/MainThread/INFO] (shell_startup.py/update) Creating Sprites...Drawing Background Sprites
[2024-01-24 16:55:46,929] [MainProcess/MainThread/INFO] (shell_startup.py/update) Creating Windows Spites...Drawing Window Sprites
[2024-01-24 16:55:46,947] [MainProcess/MainThread/INFO] (shell_startup.py/update) Clearing background
[2024-01-24 16:55:46,947] [MainProcess/MainThread/INFO] (shell_startup.py/update) Creating Sprites...Drawing Background Sprites
[2024-01-24 16:55:46,948] [MainProcess/MainThread/INFO] (shell_startup.py/update) Creating Windows Spites...Drawing Window Sprites
[2024-01-24 16:55:46,965] [MainProcess/MainThread/INFO] (shell_startup.py/update) Clearing background
[2024-01-24 16:55:46,966] [MainProcess/MainThread/INFO] (shell_startup.py/update) Creating Sprites...Drawing Background Sprites
[2024-01-24 16:55:46,966] [MainProcess/MainThread/INFO] (shell_startup.py/update) Creating Windows Spites...Drawing Window Sprites
[2024-01-24 16:55:46,984] [MainProcess/MainThread/INFO] (shell_startup.py/update) Clearing background
[2024-01-24 16:55:46,984] [MainProcess/MainThread/INFO] (shell_startup.py/update) Creating Sprites...Drawing Background Sprites
[2024-01-24 16:55:46,984] [MainProcess/MainThread/INFO] (shell_startup.py/update) Creating Windows Spites...Drawing Window Sprites
[2024-01-24 16:55:47,002] [MainProcess/MainThread/INFO] (shell_startup.py/update) Clearing background
[2024-01-24 16:55:47,002] [MainProcess/MainThread/INFO] (shell_startup.py/update) Creating Sprites...Drawing Background Sprites
[2024-01-24 16:55:47,002] [MainProcess/MainThread/INFO] (shell_startup.py/update) Creating Windows Spites...Drawing Window Sprites
[2024-01-24 16:55:47,020] [MainProcess/MainThread/INFO] (shell_startup.py/update) Clearing background
[2024-01-24 16:55:47,021] [MainProcess/MainThread/INFO] (shell_startup.py/update) Creating Sprites...Drawing Background Sprites
[2024-01-24 16:55:47,021] [MainProcess/MainThread/INFO] (shell_startup.py/update) Creating Windows Spites...Drawing Window Sprites
[2024-01-24 16:55:47,039] [MainProcess/MainThread/INFO] (shell_startup.py/update) Clearing background
[2024-01-24 16:55:47,039] [MainProcess/MainThread/INFO] (shell_startup.py/update) Creating Sprites...Drawing Background Sprites
[2024-01-24 16:55:47,039] [MainProcess/MainThread/INFO] (shell_startup.py/update) Creating Windows Spites...Drawing Window Sprites
[2024-01-24 16:55:47,056] [MainProcess/MainThread/INFO] (shell_startup.py/update) Clearing background
[2024-01-24 16:55:47,056] [MainProcess/MainThread/INFO] (shell_startup.py/update) Creating Sprites...Drawing Background Sprites
[2024-01-24 16:55:47,056] [MainProcess/MainThread/INFO] (shell_startup.py/update) Creating Windows Spites...Drawing Window Sprites
[2024-01-24 16:55:47,075] [MainProcess/MainThread/INFO] (shell_startup.py/update) Clearing background
[2024-01-24 16:55:47,075] [MainProcess/MainThread/INFO] (shell_startup.py/update) Creating Sprites...Drawing Background Sprites
[2024-01-24 16:55:47,075] [MainProcess/MainThread/INFO] (shell_startup.py/update) Creating Windows Spites...Drawing Window Sprites
[2024-01-24 16:55:47,093] [MainProcess/MainThread/INFO] (shell_startup.py/update) Clearing background
[2024-01-24 16:55:47,094] [MainProcess/MainThread/INFO] (shell_startup.py/update) Creating Sprites...Drawing Background Sprites
[2024-01-24 16:55:47,094] [MainProcess/MainThread/INFO] (shell_startup.py/update) Creating Windows Spites...Drawing Window Sprites
[2024-01-24 16:55:47,111] [MainProcess/MainThread/INFO] (shell_startup.py/update) Clearing background
[2024-01-24 16:55:47,111] [MainProcess/MainThread/INFO] (shell_startup.py/update) Creating Sprites...Drawing Background Sprites
[2024-01-24 16:55:47,111] [MainProcess/MainThread/INFO] (shell_startup.py/update) Creating Windows Spites...Drawing Window Sprites
[2024-01-24 16:55:47,130] [MainProcess/MainThread/INFO] (shell_startup.py/update) Clearing background
[2024-01-24 16:55:47,130] [MainProcess/MainThread/INFO] (shell_startup.py/update) Creating Sprites...Drawing Background Sprites
[2024-01-24 16:55:47,130] [MainProcess/MainThread/INFO] (shell_startup.py/update) Creating Windows Spites...Drawing Window Sprites
[2024-01-24 16:55:47,148] [MainProcess/MainThread/INFO] (shell_startup.py/update) Clearing background
[2024-01-24 16:55:47,148] [MainProcess/MainThread/INFO] (shell_startup.py/update) Creating Sprites...Drawing Background Sprites
[2024-01-24 16:55:47,148] [MainProcess/MainThread/INFO] (shell_startup.py/update) Creating Windows Spites...Drawing Window Sprites
[2024-01-24 16:55:47,166] [MainProcess/MainThread/INFO] (shell_startup.py/update) Clearing background
[2024-01-24 16:55:47,166] [MainProcess/MainThread/INFO] (shell_startup.py/update) Creating Sprites...Drawing Background Sprites
[2024-01-24 16:55:47,166] [MainProcess/MainThread/INFO] (shell_startup.py/update) Creating Windows Spites...Drawing Window Sprites
[2024-01-24 16:55:47,184] [MainProcess/MainThread/INFO] (shell_startup.py/update) Clearing background
[2024-01-24 16:55:47,185] [MainProcess/MainThread/INFO] (shell_startup.py/update) Creating Sprites...Drawing Background Sprites
[2024-01-24 16:55:47,185] [MainProcess/MainThread/INFO] (shell_startup.py/update) Creating Windows Spites...Drawing Window Sprites
[2024-01-24 16:55:47,202] [MainProcess/MainThread/INFO] (shell_startup.py/update) Clearing background
[2024-01-24 16:55:47,202] [MainProcess/MainThread/INFO] (shell_startup.py/update) Creating Sprites...Drawing Background Sprites
[2024-01-24 16:55:47,202] [MainProcess/MainThread/INFO] (shell_startup.py/update) Creating Windows Spites...Drawing Window Sprites
[2024-01-24 16:55:47,220] [MainProcess/MainThread/INFO] (shell_startup.py/update) Clearing background
[2024-01-24 16:55:47,220] [MainProcess/MainThread/INFO] (shell_startup.py/update) Creating Sprites...Drawing Background Sprites
[2024-01-24 16:55:47,220] [MainProcess/MainThread/INFO] (shell_startup.py/update) Creating Windows Spites...Drawing Window Sprites
[2024-01-24 16:55:47,238] [MainProcess/MainThread/INFO] (shell_startup.py/update) Clearing background
[2024-01-24 16:55:47,238] [MainProcess/MainThread/INFO] (shell_startup.py/update) Creating Sprites...Drawing Background Sprites
[2024-01-24 16:55:47,238] [MainProcess/MainThread/INFO] (shell_startup.py/update) Creating Windows Spites...Drawing Window Sprites
[2024-01-24 16:55:47,257] [MainProcess/MainThread/INFO] (shell_startup.py/update) Clearing background
[2024-01-24 16:55:47,257] [MainProcess/MainThread/INFO] (shell_startup.py/update) Creating Sprites...Drawing Background Sprites
[2024-01-24 16:55:47,257] [MainProcess/MainThread/INFO] (shell_startup.py/update) Creating Windows Spites...Drawing Window Sprites
[2024-01-24 16:55:47,275] [MainProcess/MainThread/INFO] (shell_startup.py/update) Clearing background
[2024-01-24 16:55:47,275] [MainProcess/MainThread/INFO] (shell_startup.py/update) Creating Sprites...Drawing Background Sprites
[2024-01-24 16:55:47,275] [MainProcess/MainThread/INFO] (shell_startup.py/update) Creating Windows Spites...Drawing Window Sprites
[2024-01-24 16:55:47,293] [MainProcess/MainThread/INFO] (shell_startup.py/update) Clearing background
[2024-01-24 16:55:47,293] [MainProcess/MainThread/INFO] (shell_startup.py/update) Creating Sprites...Drawing Background Sprites
[2024-01-24 16:55:47,293] [MainProcess/MainThread/INFO] (shell_startup.py/update) Creating Windows Spites...Drawing Window Sprites
[2024-01-24 16:55:47,311] [MainProcess/MainThread/INFO] (shell_startup.py/update) Clearing background
[2024-01-24 16:55:47,311] [MainProcess/MainThread/INFO] (shell_startup.py/update) Creating Sprites...Drawing Background Sprites
[2024-01-24 16:55:47,311] [MainProcess/MainThread/INFO] (shell_startup.py/update) Creating Windows Spites...Drawing Window Sprites
[2024-01-24 16:55:47,329] [MainProcess/MainThread/INFO] (shell_startup.py/update) Clearing background
[2024-01-24 16:55:47,329] [MainProcess/MainThread/INFO] (shell_startup.py/update) Creating Sprites...Drawing Background Sprites
[2024-01-24 16:55:47,329] [MainProcess/MainThread/INFO] (shell_startup.py/update) Creating Windows Spites...Drawing Window Sprites
[2024-01-24 16:55:47,348] [MainProcess/MainThread/INFO] (shell_startup.py/update) Clearing background
[2024-01-24 16:55:47,348] [MainProcess/MainThread/INFO] (shell_startup.py/update) Creating Sprites...Drawing Background Sprites
[2024-01-24 16:55:47,349] [MainProcess/MainThread/INFO] (shell_startup.py/update) Creating Windows Spites...Drawing Window Sprites
[2024-01-24 16:55:47,366] [MainProcess/MainThread/INFO] (shell_startup.py/update) Clearing background
[2024-01-24 16:55:47,366] [MainProcess/MainThread/INFO] (shell_startup.py/update) Creating Sprites...Drawing Background Sprites
[2024-01-24 16:55:47,366] [MainProcess/MainThread/INFO] (shell_startup.py/update) Creating Windows Spites...Drawing Window Sprites
[2024-01-24 16:55:47,385] [MainProcess/MainThread/INFO] (shell_startup.py/update) Clearing background
[2024-01-24 16:55:47,385] [MainProcess/MainThread/INFO] (shell_startup.py/update) Creating Sprites...Drawing Background Sprites
[2024-01-24 16:55:47,385] [MainProcess/MainThread/INFO] (shell_startup.py/update) Creating Windows Spites...Drawing Window Sprites
[2024-01-24 16:55:47,402] [MainProcess/MainThread/INFO] (shell_startup.py/update) Clearing background
[2024-01-24 16:55:47,402] [MainProcess/MainThread/INFO] (shell_startup.py/update) Creating Sprites...Drawing Background Sprites
[2024-01-24 16:55:47,403] [MainProcess/MainThread/INFO] (shell_startup.py/update) Creating Windows Spites...Drawing Window Sprites
[2024-01-24 16:55:47,421] [MainProcess/MainThread/INFO] (shell_startup.py/LoggingGUI) loading MAIN gui...
