[LOGS]
[2024-01-24 15:22:59,741] [MainProcess/MainThread/INFO] (shell_startup.py/update) Clearing background
[2024-01-24 15:22:59,742] [MainProcess/MainThread/INFO] (shell_startup.py/update) Creating Sprites...Drawing Background Sprites
[2024-01-24 15:22:59,742] [MainProcess/MainThread/INFO] (shell_startup.py/update) Creating Windows Spites...Drawing Window Sprites
[2024-01-24 15:22:59,746] [MainProcess/MainThread/INFO] (shell_startup.py/update) Clearing background
[2024-01-24 15:22:59,746] [MainProcess/MainThread/INFO] (shell_startup.py/update) Creating Sprites...Drawing Background Sprites
[2024-01-24 15:22:59,747] [MainProcess/MainThread/INFO] (shell_startup.py/update) Creating Windows Spites...Drawing Window Sprites
[2024-01-24 15:22:59,751] [MainProcess/MainThread/INFO] (shell_startup.py/update) Clearing background
[2024-01-24 15:22:59,751] [MainProcess/MainThread/INFO] (shell_startup.py/update) Creating Sprites...Drawing Background Sprites
[2024-01-24 15:22:59,751] [MainProcess/MainThread/INFO] (shell_startup.py/update) Creating Windows Spites...Drawing Window Sprites
[2024-01-24 15:22:59,757] [MainProcess/MainThread/INFO] (shell_startup.py/update) Clearing background
[2024-01-24 15:22:59,757] [MainProcess/MainThread/INFO] (shell_startup.py/update) Creating Sprites...Drawing Background Sprites
[2024-01-24 15:22:59,758] [MainProcess/MainThread/INFO] (shell_startup.py/update) Creating Windows Spites...Drawing Window Sprites
[2024-01-24 15:22:59,764] [MainProcess/MainThread/INFO] (shell_startup.py/update) Clearing background
[2024-01-24 15:22:59,764] [MainProcess/MainThread/INFO] (shell_startup.py/update) Creating Sprites...Drawing Background Sprites
[2024-01-24 15:22:59,764] [MainProcess/MainThread/INFO] (shell_startup.py/update) Creating Windows Spites...Drawing Window Sprites
[2024-01-24 15:22:59,769] [MainProcess/MainThread/INFO] (shell_startup.py/update) Clearing background
[2024-01-24 15:22:59,769] [MainProcess/MainThread/INFO] (shell_startup.py/update) Creating Sprites...Drawing Background Sprites
[2024-01-24 15:22:59,769] [MainProcess/MainThread/INFO] (shell_startup.py/update) Creating Windows Spites...Drawing Window Sprites
[2024-01-24 15:22:59,776] [MainProcess/MainThread/INFO] (shell_startup.py/update) Clearing background
[2024-01-24 15:22:59,776] [MainProcess/MainThread/INFO] (shell_startup.py/update) Creating Sprites...Drawing Background Sprites
[2024-01-24 15:22:59,776] [MainProcess/MainThread/INFO] (shell_startup.py/update) Creating Windows Spites...Drawing Window Sprites
[2024-01-24 15:22:59,782] [MainProcess/MainThread/INFO] (shell_startup.py/update) Clearing background
[2024-01-24 15:22:59,782] [MainProcess/MainThread/INFO] (shell_startup.py/update) Creating Sprites...Drawing Background Sprites
[2024-01-24 15:22:59,782] [MainProcess/MainThread/INFO] (shell_startup.py/update) Creating Windows Spites...Drawing Window Sprites
[2024-01-24 15:22:59,788] [MainProcess/MainThread/INFO] (shell_startup.py/update) Clearing background
[2024-01-24 15:22:59,788] [MainProcess/MainThread/INFO] (shell_startup.py/update) Creating Sprites...Drawing Background Sprites
[2024-01-24 15:22:59,788] [MainProcess/MainThread/INFO] (shell_startup.py/update) Creating Windows Spites...Drawing Window Sprites
[2024-01-24 15:22:59,794] [MainProcess/MainThread/INFO] (shell_startup.py/update) Clearing background
[2024-01-24 15:22:59,794] [MainProcess/MainThread/INFO] (shell_startup.py/update) Creating Sprites...Drawing Background Sprites
[2024-01-24 15:22:59,794] [MainProcess/MainThread/INFO] (shell_startup.py/update) Creating Windows Spites...Drawing Window Sprites
[2024-01-24 15:22:59,800] [MainProcess/MainThread/INFO] (shell_startup.py/update) Clearing background
[2024-01-24 15:22:59,800] [MainProcess/MainThread/INFO] (shell_startup.py/update) Creating Sprites...Drawing Background Sprites
[2024-01-24 15:22:59,800] [MainProcess/MainThread/INFO] (shell_startup.py/update) Creating Windows Spites...Drawing Window Sprites
[2024-01-24 15:22:59,806] [MainProcess/MainThread/INFO] (shell_startup.py/update) Clearing background
[2024-01-24 15:22:59,806] [MainProcess/MainThread/INFO] (shell_startup.py/update) Creating Sprites...Drawing Background Sprites
[2024-01-24 15:22:59,806] [MainProcess/MainThread/INFO] (shell_startup.py/update) Creating Windows Spites...Drawing Window Sprites
[2024-01-24 15:22:59,812] [MainProcess/MainThread/INFO] (shell_startup.py/update) Clearing background
[2024-01-24 15:22:59,812] [MainProcess/MainThread/INFO] (shell_startup.py/update) Creating Sprites...Drawing Background Sprites
[2024-01-24 15:22:59,812] [MainProcess/MainThread/INFO] (shell_startup.py/update) Creating Windows Spites...Drawing Window Sprites
[2024-01-24 15:22:59,818] [MainProcess/MainThread/INFO] (shell_startup.py/update) Clearing background
[2024-01-24 15:22:59,818] [MainProcess/MainThread/INFO] (shell_startup.py/update) Creating Sprites...Drawing Background Sprites
[2024-01-24 15:22:59,818] [MainProcess/MainThread/INFO] (shell_startup.py/update) Creating Windows Spites...Drawing Window Sprites
[2024-01-24 15:22:59,823] [MainProcess/MainThread/INFO] (shell_startup.py/update) Clearing background
[2024-01-24 15:22:59,824] [MainProcess/MainThread/INFO] (shell_startup.py/update) Creating Sprites...Drawing Background Sprites
[2024-01-24 15:22:59,824] [MainProcess/MainThread/INFO] (shell_startup.py/update) Creating Windows Spites...Drawing Window Sprites
[2024-01-24 15:22:59,830] [MainProcess/MainThread/INFO] (shell_startup.py/update) Clearing background
[2024-01-24 15:22:59,830] [MainProcess/MainThread/INFO] (shell_startup.py/update) Creating Sprites...Drawing Background Sprites
[2024-01-24 15:22:59,831] [MainProcess/MainThread/INFO] (shell_startup.py/update) Creating Windows Spites...Drawing Window Sprites
[2024-01-24 15:22:59,836] [MainProcess/MainThread/INFO] (shell_startup.py/update) Clearing background
[2024-01-24 15:22:59,836] [MainProcess/MainThread/INFO] (shell_startup.py/update) Creating Sprites...Drawing Background Sprites
[2024-01-24 15:22:59,836] [MainProcess/MainThread/INFO] (shell_startup.py/update) Creating Windows Spites...Drawing Window Sprites
[2024-01-24 15:22:59,842] [MainProcess/MainThread/INFO] (shell_startup.py/update) Clearing background
[2024-01-24 15:22:59,842] [MainProcess/MainThread/INFO] (shell_startup.py/update) Creating Sprites...Drawing Background Sprites
[2024-01-24 15:22:59,842] [MainProcess/MainThread/INFO] (shell_startup.py/update) Creating Windows Spites...Drawing Window Sprites
[2024-01-24 15:22:59,848] [MainProcess/MainThread/INFO] (shell_startup.py/update) Clearing background
[2024-01-24 15:22:59,848] [MainProcess/MainThread/INFO] (shell_startup.py/update) Creating Sprites...Drawing Background Sprites
[2024-01-24 15:22:59,848] [MainProcess/MainThread/INFO] (shell_startup.py/update) Creating Windows Spites...Drawing Window Sprites
[2024-01-24 15:22:59,855] [MainProcess/MainThread/INFO] (shell_startup.py/update) Clearing background
[2024-01-24 15:22:59,855] [MainProcess/MainThread/INFO] (shell_startup.py/update) Creating Sprites...Drawing Background Sprites
[2024-01-24 15:22:59,855] [MainProcess/MainThread/INFO] (shell_startup.py/update) Creating Windows Spites...Drawing Window Sprites
[2024-01-24 15:22:59,861] [MainProcess/MainThread/INFO] (shell_startup.py/update) Clearing background
[2024-01-24 15:22:59,862] [MainProcess/MainThread/INFO] (shell_startup.py/update) Creating Sprites...Drawing Background Sprites
[2024-01-24 15:22:59,862] [MainProcess/MainThread/INFO] (shell_startup.py/update) Creating Windows Spites...Drawing Window Sprites
[2024-01-24 15:22:59,867] [MainProcess/MainThread/INFO] (shell_startup.py/update) Clearing background
[2024-01-24 15:22:59,867] [MainProcess/MainThread/INFO] (shell_startup.py/update) Creating Sprites...Drawing Background Sprites
[2024-01-24 15:22:59,867] [MainProcess/MainThread/INFO] (shell_startup.py/update) Creating Windows Spites...Drawing Window Sprites
[2024-01-24 15:22:59,873] [MainProcess/MainThread/INFO] (shell_startup.py/update) Clearing background
[2024-01-24 15:22:59,873] [MainProcess/MainThread/INFO] (shell_startup.py/update) Creating Sprites...Drawing Background Sprites
[2024-01-24 15:22:59,874] [MainProcess/MainThread/INFO] (shell_startup.py/update) Creating Windows Spites...Drawing Window Sprites
[2024-01-24 15:22:59,879] [MainProcess/MainThread/INFO] (shell_startup.py/update) Clearing background
[2024-01-24 15:22:59,880] [MainProcess/MainThread/INFO] (shell_startup.py/update) Creating Sprites...Drawing Background Sprites
[2024-01-24 15:22:59,880] [MainProcess/MainThread/INFO] (shell_startup.py/update) Creating Windows Spites...Drawing Window Sprites
[2024-01-24 15:22:59,885] [MainProcess/MainThread/INFO] (shell_startup.py/update) Clearing background
[2024-01-24 15:22:59,885] [MainProcess/MainThread/INFO] (shell_startup.py/update) Creating Sprites...Drawing Background Sprites
[2024-01-24 15:22:59,885] [MainProcess/MainThread/INFO] (shell_startup.py/update) Creating Windows Spites...Drawing Window Sprites
[2024-01-24 15:22:59,892] [MainProcess/MainThread/INFO] (shell_startup.py/update) Clearing background
[2024-01-24 15:22:59,892] [MainProcess/MainThread/INFO] (shell_startup.py/update) Creating Sprites...Drawing Background Sprites
[2024-01-24 15:22:59,892] [MainProcess/MainThread/INFO] (shell_startup.py/update) Creating Windows Spites...Drawing Window Sprites
[2024-01-24 15:22:59,897] [MainProcess/MainThread/INFO] (shell_startup.py/update) Clearing background
[2024-01-24 15:22:59,897] [MainProcess/MainThread/INFO] (shell_startup.py/update) Creating Sprites...Drawing Background Sprites
[2024-01-24 15:22:59,897] [MainProcess/MainThread/INFO] (shell_startup.py/update) Creating Windows Spites...Drawing Window Sprites
[2024-01-24 15:22:59,903] [MainProcess/MainThread/INFO] (shell_startup.py/update) Clearing background
[2024-01-24 15:22:59,903] [MainProcess/MainThread/INFO] (shell_startup.py/update) Creating Sprites...Drawing Background Sprites
[2024-01-24 15:22:59,904] [MainProcess/MainThread/INFO] (shell_startup.py/update) Creating Windows Spites...Drawing Window Sprites
[2024-01-24 15:22:59,909] [MainProcess/MainThread/INFO] (shell_startup.py/update) Clearing background
[2024-01-24 15:22:59,910] [MainProcess/MainThread/INFO] (shell_startup.py/update) Creating Sprites...Drawing Background Sprites
[2024-01-24 15:22:59,910] [MainProcess/MainThread/INFO] (shell_startup.py/update) Creating Windows Spites...Drawing Window Sprites
[2024-01-24 15:22:59,915] [MainProcess/MainThread/INFO] (shell_startup.py/update) Clearing background
[2024-01-24 15:22:59,915] [MainProcess/MainThread/INFO] (shell_startup.py/update) Creating Sprites...Drawing Background Sprites
[2024-01-24 15:22:59,915] [MainProcess/MainThread/INFO] (shell_startup.py/update) Creating Windows Spites...Drawing Window Sprites
[2024-01-24 15:22:59,921] [MainProcess/MainThread/INFO] (shell_startup.py/update) Clearing background
[2024-01-24 15:22:59,922] [MainProcess/MainThread/INFO] (shell_startup.py/update) Creating Sprites...Drawing Background Sprites
[2024-01-24 15:22:59,922] [MainProcess/MainThread/INFO] (shell_startup.py/update) Creating Windows Spites...Drawing Window Sprites
[2024-01-24 15:22:59,927] [MainProcess/MainThread/INFO] (shell_startup.py/update) Clearing background
[2024-01-24 15:22:59,927] [MainProcess/MainThread/INFO] (shell_startup.py/update) Creating Sprites...Drawing Background Sprites
[2024-01-24 15:22:59,927] [MainProcess/MainThread/INFO] (shell_startup.py/update) Creating Windows Spites...Drawing Window Sprites
[2024-01-24 15:22:59,933] [MainProcess/MainThread/INFO] (shell_startup.py/update) Clearing background
[2024-01-24 15:22:59,933] [MainProcess/MainThread/INFO] (shell_startup.py/update) Creating Sprites...Drawing Background Sprites
[2024-01-24 15:22:59,933] [MainProcess/MainThread/INFO] (shell_startup.py/update) Creating Windows Spites...Drawing Window Sprites
[2024-01-24 15:22:59,939] [MainProcess/MainThread/INFO] (shell_startup.py/update) Clearing background
[2024-01-24 15:22:59,939] [MainProcess/MainThread/INFO] (shell_startup.py/update) Creating Sprites...Drawing Background Sprites
[2024-01-24 15:22:59,939] [MainProcess/MainThread/INFO] (shell_startup.py/update) Creating Windows Spites...Drawing Window Sprites
[2024-01-24 15:22:59,945] [MainProcess/MainThread/INFO] (shell_startup.py/update) Clearing background
[2024-01-24 15:22:59,945] [MainProcess/MainThread/INFO] (shell_startup.py/update) Creating Sprites...Drawing Background Sprites
[2024-01-24 15:22:59,945] [MainProcess/MainThread/INFO] (shell_startup.py/update) Creating Windows Spites...Drawing Window Sprites
[2024-01-24 15:22:59,952] [MainProcess/MainThread/INFO] (shell_startup.py/update) Clearing background
[2024-01-24 15:22:59,952] [MainProcess/MainThread/INFO] (shell_startup.py/update) Creating Sprites...Drawing Background Sprites
[2024-01-24 15:22:59,952] [MainProcess/MainThread/INFO] (shell_startup.py/update) Creating Windows Spites...Drawing Window Sprites
[2024-01-24 15:22:59,958] [MainProcess/MainThread/INFO] (shell_startup.py/update) Clearing background
[2024-01-24 15:22:59,958] [MainProcess/MainThread/INFO] (shell_startup.py/update) Creating Sprites...Drawing Background Sprites
[2024-01-24 15:22:59,958] [MainProcess/MainThread/INFO] (shell_startup.py/update) Creating Windows Spites...Drawing Window Sprites
[2024-01-24 15:22:59,964] [MainProcess/MainThread/INFO] (shell_startup.py/update) Clearing background
[2024-01-24 15:22:59,964] [MainProcess/MainThread/INFO] (shell_startup.py/update) Creating Sprites...Drawing Background Sprites
[2024-01-24 15:22:59,964] [MainProcess/MainThread/INFO] (shell_startup.py/update) Creating Windows Spites...Drawing Window Sprites
[2024-01-24 15:22:59,970] [MainProcess/MainThread/INFO] (shell_startup.py/update) Clearing background
[2024-01-24 15:22:59,970] [MainProcess/MainThread/INFO] (shell_startup.py/update) Creating Sprites...Drawing Background Sprites
[2024-01-24 15:22:59,970] [MainProcess/MainThread/INFO] (shell_startup.py/update) Creating Windows Spites...Drawing Window Sprites
[2024-01-24 15:22:59,976] [MainProcess/MainThread/INFO] (shell_startup.py/update) Clearing background
[2024-01-24 15:22:59,976] [MainProcess/MainThread/INFO] (shell_startup.py/update) Creating Sprites...Drawing Background Sprites
[2024-01-24 15:22:59,976] [MainProcess/MainThread/INFO] (shell_startup.py/update) Creating Windows Spites...Drawing Window Sprites
[2024-01-24 15:22:59,982] [MainProcess/MainThread/INFO] (shell_startup.py/update) Clearing background
[2024-01-24 15:22:59,982] [MainProcess/MainThread/INFO] (shell_startup.py/update) Creating Sprites...Drawing Background Sprites
[2024-01-24 15:22:59,982] [MainProcess/MainThread/INFO] (shell_startup.py/update) Creating Windows Spites...Drawing Window Sprites
[2024-01-24 15:22:59,988] [MainProcess/MainThread/INFO] (shell_startup.py/update) Clearing background
[2024-01-24 15:22:59,988] [MainProcess/MainThread/INFO] (shell_startup.py/update) Creating Sprites...Drawing Background Sprites
[2024-01-24 15:22:59,988] [MainProcess/MainThread/INFO] (shell_startup.py/update) Creating Windows Spites...Drawing Window Sprites
[2024-01-24 15:22:59,994] [MainProcess/MainThread/INFO] (shell_startup.py/update) Clearing background
[2024-01-24 15:22:59,994] [MainProcess/MainThread/INFO] (shell_startup.py/update) Creating Sprites...Drawing Background Sprites
[2024-01-24 15:22:59,994] [MainProcess/MainThread/INFO] (shell_startup.py/update) Creating Windows Spites...Drawing Window Sprites
[2024-01-24 15:23:00,000] [MainProcess/MainThread/INFO] (shell_startup.py/update) Clearing background
[2024-01-24 15:23:00,000] [MainProcess/MainThread/INFO] (shell_startup.py/update) Creating Sprites...Drawing Background Sprites
[2024-01-24 15:23:00,000] [MainProcess/MainThread/INFO] (shell_startup.py/update) Creating Windows Spites...Drawing Window Sprites
[2024-01-24 15:23:00,006] [MainProcess/MainThread/INFO] (shell_startup.py/update) Clearing background
[2024-01-24 15:23:00,006] [MainProcess/MainThread/INFO] (shell_startup.py/update) Creating Sprites...Drawing Background Sprites
[2024-01-24 15:23:00,006] [MainProcess/MainThread/INFO] (shell_startup.py/update) Creating Windows Spites...Drawing Window Sprites
[2024-01-24 15:23:00,012] [MainProcess/MainThread/INFO] (shell_startup.py/update) Clearing background
[2024-01-24 15:23:00,012] [MainProcess/MainThread/INFO] (shell_startup.py/update) Creating Sprites...Drawing Background Sprites
[2024-01-24 15:23:00,012] [MainProcess/MainThread/INFO] (shell_startup.py/update) Creating Windows Spites...Drawing Window Sprites
[2024-01-24 15:23:00,018] [MainProcess/MainThread/INFO] (shell_startup.py/update) Clearing background
[2024-01-24 15:23:00,018] [MainProcess/MainThread/INFO] (shell_startup.py/update) Creating Sprites...Drawing Background Sprites
[2024-01-24 15:23:00,018] [MainProcess/MainThread/INFO] (shell_startup.py/update) Creating Windows Spites...Drawing Window Sprites
[2024-01-24 15:23:00,024] [MainProcess/MainThread/INFO] (shell_startup.py/update) Clearing background
[2024-01-24 15:23:00,024] [MainProcess/MainThread/INFO] (shell_startup.py/update) Creating Sprites...Drawing Background Sprites
[2024-01-24 15:23:00,024] [MainProcess/MainThread/INFO] (shell_startup.py/update) Creating Windows Spites...Drawing Window Sprites
[2024-01-24 15:23:00,030] [MainProcess/MainThread/INFO] (shell_startup.py/update) Clearing background
[2024-01-24 15:23:00,030] [MainProcess/MainThread/INFO] (shell_startup.py/update) Creating Sprites...Drawing Background Sprites
[2024-01-24 15:23:00,030] [MainProcess/MainThread/INFO] (shell_startup.py/update) Creating Windows Spites...Drawing Window Sprites
[2024-01-24 15:23:00,036] [MainProcess/MainThread/INFO] (shell_startup.py/update) Clearing background
[2024-01-24 15:23:00,036] [MainProcess/MainThread/INFO] (shell_startup.py/update) Creating Sprites...Drawing Background Sprites
[2024-01-24 15:23:00,036] [MainProcess/MainThread/INFO] (shell_startup.py/update) Creating Windows Spites...Drawing Window Sprites
[2024-01-24 15:23:00,042] [MainProcess/MainThread/INFO] (shell_startup.py/update) Clearing background
[2024-01-24 15:23:00,043] [MainProcess/MainThread/INFO] (shell_startup.py/update) Creating Sprites...Drawing Background Sprites
[2024-01-24 15:23:00,043] [MainProcess/MainThread/INFO] (shell_startup.py/update) Creating Windows Spites...Drawing Window Sprites
[2024-01-24 15:23:00,048] [MainProcess/MainThread/INFO] (shell_startup.py/update) Clearing background
[2024-01-24 15:23:00,048] [MainProcess/MainThread/INFO] (shell_startup.py/update) Creating Sprites...Drawing Background Sprites
[2024-01-24 15:23:00,048] [MainProcess/MainThread/INFO] (shell_startup.py/update) Creating Windows Spites...Drawing Window Sprites
[2024-01-24 15:23:00,054] [MainProcess/MainThread/INFO] (shell_startup.py/update) Clearing background
[2024-01-24 15:23:00,055] [MainProcess/MainThread/INFO] (shell_startup.py/update) Creating Sprites...Drawing Background Sprites
[2024-01-24 15:23:00,055] [MainProcess/MainThread/INFO] (shell_startup.py/update) Creating Windows Spites...Drawing Window Sprites
[2024-01-24 15:23:00,060] [MainProcess/MainThread/INFO] (shell_startup.py/update) Clearing background
[2024-01-24 15:23:00,061] [MainProcess/MainThread/INFO] (shell_startup.py/update) Creating Sprites...Drawing Background Sprites
[2024-01-24 15:23:00,061] [MainProcess/MainThread/INFO] (shell_startup.py/update) Creating Windows Spites...Drawing Window Sprites
[2024-01-24 15:23:00,066] [MainProcess/MainThread/INFO] (shell_startup.py/update) Clearing background
[2024-01-24 15:23:00,066] [MainProcess/MainThread/INFO] (shell_startup.py/update) Creating Sprites...Drawing Background Sprites
[2024-01-24 15:23:00,066] [MainProcess/MainThread/INFO] (shell_startup.py/update) Creating Windows Spites...Drawing Window Sprites
[2024-01-24 15:23:00,073] [MainProcess/MainThread/INFO] (shell_startup.py/update) Clearing background
[2024-01-24 15:23:00,073] [MainProcess/MainThread/INFO] (shell_startup.py/update) Creating Sprites...Drawing Background Sprites
[2024-01-24 15:23:00,073] [MainProcess/MainThread/INFO] (shell_startup.py/update) Creating Windows Spites...Drawing Window Sprites
[2024-01-24 15:23:00,079] [MainProcess/MainThread/INFO] (shell_startup.py/update) Clearing background
[2024-01-24 15:23:00,079] [MainProcess/MainThread/INFO] (shell_startup.py/update) Creating Sprites...Drawing Background Sprites
[2024-01-24 15:23:00,079] [MainProcess/MainThread/INFO] (shell_startup.py/update) Creating Windows Spites...Drawing Window Sprites
[2024-01-24 15:23:00,084] [MainProcess/MainThread/INFO] (shell_startup.py/update) Clearing background
[2024-01-24 15:23:00,085] [MainProcess/MainThread/INFO] (shell_startup.py/update) Creating Sprites...Drawing Background Sprites
[2024-01-24 15:23:00,085] [MainProcess/MainThread/INFO] (shell_startup.py/update) Creating Windows Spites...Drawing Window Sprites
[2024-01-24 15:23:00,091] [MainProcess/MainThread/INFO] (shell_startup.py/update) Clearing background
[2024-01-24 15:23:00,091] [MainProcess/MainThread/INFO] (shell_startup.py/update) Creating Sprites...Drawing Background Sprites
[2024-01-24 15:23:00,091] [MainProcess/MainThread/INFO] (shell_startup.py/update) Creating Windows Spites...Drawing Window Sprites
[2024-01-24 15:23:00,097] [MainProcess/MainThread/INFO] (shell_startup.py/update) Clearing background
[2024-01-24 15:23:00,097] [MainProcess/MainThread/INFO] (shell_startup.py/update) Creating Sprites...Drawing Background Sprites
[2024-01-24 15:23:00,097] [MainProcess/MainThread/INFO] (shell_startup.py/update) Creating Windows Spites...Drawing Window Sprites
[2024-01-24 15:23:00,103] [MainProcess/MainThread/INFO] (shell_startup.py/update) Clearing background
[2024-01-24 15:23:00,103] [MainProcess/MainThread/INFO] (shell_startup.py/update) Creating Sprites...Drawing Background Sprites
[2024-01-24 15:23:00,103] [MainProcess/MainThread/INFO] (shell_startup.py/update) Creating Windows Spites...Drawing Window Sprites
[2024-01-24 15:23:00,109] [MainProcess/MainThread/INFO] (shell_startup.py/update) Clearing background
[2024-01-24 15:23:00,109] [MainProcess/MainThread/INFO] (shell_startup.py/update) Creating Sprites...Drawing Background Sprites
[2024-01-24 15:23:00,109] [MainProcess/MainThread/INFO] (shell_startup.py/update) Creating Windows Spites...Drawing Window Sprites
[2024-01-24 15:23:00,115] [MainProcess/MainThread/INFO] (shell_startup.py/update) Clearing background
[2024-01-24 15:23:00,115] [MainProcess/MainThread/INFO] (shell_startup.py/update) Creating Sprites...Drawing Background Sprites
[2024-01-24 15:23:00,115] [MainProcess/MainThread/INFO] (shell_startup.py/update) Creating Windows Spites...Drawing Window Sprites
[2024-01-24 15:23:00,121] [MainProcess/MainThread/INFO] (shell_startup.py/update) Clearing background
[2024-01-24 15:23:00,121] [MainProcess/MainThread/INFO] (shell_startup.py/update) Creating Sprites...Drawing Background Sprites
[2024-01-24 15:23:00,121] [MainProcess/MainThread/INFO] (shell_startup.py/update) Creating Windows Spites...Drawing Window Sprites
[2024-01-24 15:23:00,127] [MainProcess/MainThread/INFO] (shell_startup.py/update) Clearing background
[2024-01-24 15:23:00,128] [MainProcess/MainThread/INFO] (shell_startup.py/update) Creating Sprites...Drawing Background Sprites
[2024-01-24 15:23:00,128] [MainProcess/MainThread/INFO] (shell_startup.py/update) Creating Windows Spites...Drawing Window Sprites
[2024-01-24 15:23:00,133] [MainProcess/MainThread/INFO] (shell_startup.py/update) Clearing background
[2024-01-24 15:23:00,133] [MainProcess/MainThread/INFO] (shell_startup.py/update) Creating Sprites...Drawing Background Sprites
[2024-01-24 15:23:00,134] [MainProcess/MainThread/INFO] (shell_startup.py/update) Creating Windows Spites...Drawing Window Sprites
[2024-01-24 15:23:00,139] [MainProcess/MainThread/INFO] (shell_startup.py/update) Clearing background
[2024-01-24 15:23:00,139] [MainProcess/MainThread/INFO] (shell_startup.py/update) Creating Sprites...Drawing Background Sprites
[2024-01-24 15:23:00,139] [MainProcess/MainThread/INFO] (shell_startup.py/update) Creating Windows Spites...Drawing Window Sprites
[2024-01-24 15:23:00,146] [MainProcess/MainThread/INFO] (shell_startup.py/update) Clearing background
[2024-01-24 15:23:00,146] [MainProcess/MainThread/INFO] (shell_startup.py/update) Creating Sprites...Drawing Background Sprites
[2024-01-24 15:23:00,146] [MainProcess/MainThread/INFO] (shell_startup.py/update) Creating Windows Spites...Drawing Window Sprites
[2024-01-24 15:23:00,152] [MainProcess/MainThread/INFO] (shell_startup.py/update) Clearing background
[2024-01-24 15:23:00,152] [MainProcess/MainThread/INFO] (shell_startup.py/update) Creating Sprites...Drawing Background Sprites
[2024-01-24 15:23:00,152] [MainProcess/MainThread/INFO] (shell_startup.py/update) Creating Windows Spites...Drawing Window Sprites
[2024-01-24 15:23:00,157] [MainProcess/MainThread/INFO] (shell_startup.py/update) Clearing background
[2024-01-24 15:23:00,158] [MainProcess/MainThread/INFO] (shell_startup.py/update) Creating Sprites...Drawing Background Sprites
[2024-01-24 15:23:00,158] [MainProcess/MainThread/INFO] (shell_startup.py/update) Creating Windows Spites...Drawing Window Sprites
[2024-01-24 15:23:00,164] [MainProcess/MainThread/INFO] (shell_startup.py/update) Clearing background
[2024-01-24 15:23:00,164] [MainProcess/MainThread/INFO] (shell_startup.py/update) Creating Sprites...Drawing Background Sprites
[2024-01-24 15:23:00,164] [MainProcess/MainThread/INFO] (shell_startup.py/update) Creating Windows Spites...Drawing Window Sprites
[2024-01-24 15:23:00,170] [MainProcess/MainThread/INFO] (shell_startup.py/update) Clearing background
[2024-01-24 15:23:00,170] [MainProcess/MainThread/INFO] (shell_startup.py/update) Creating Sprites...Drawing Background Sprites
[2024-01-24 15:23:00,170] [MainProcess/MainThread/INFO] (shell_startup.py/update) Creating Windows Spites...Drawing Window Sprites
[2024-01-24 15:23:00,176] [MainProcess/MainThread/INFO] (shell_startup.py/update) Clearing background
[2024-01-24 15:23:00,176] [MainProcess/MainThread/INFO] (shell_startup.py/update) Creating Sprites...Drawing Background Sprites
[2024-01-24 15:23:00,176] [MainProcess/MainThread/INFO] (shell_startup.py/update) Creating Windows Spites...Drawing Window Sprites
[2024-01-24 15:23:00,183] [MainProcess/MainThread/INFO] (shell_startup.py/update) Clearing background
[2024-01-24 15:23:00,183] [MainProcess/MainThread/INFO] (shell_startup.py/update) Creating Sprites...Drawing Background Sprites
[2024-01-24 15:23:00,183] [MainProcess/MainThread/INFO] (shell_startup.py/update) Creating Windows Spites...Drawing Window Sprites
[2024-01-24 15:23:00,188] [MainProcess/MainThread/INFO] (shell_startup.py/update) Clearing background
[2024-01-24 15:23:00,188] [MainProcess/MainThread/INFO] (shell_startup.py/update) Creating Sprites...Drawing Background Sprites
[2024-01-24 15:23:00,188] [MainProcess/MainThread/INFO] (shell_startup.py/update) Creating Windows Spites...Drawing Window Sprites
[2024-01-24 15:23:00,194] [MainProcess/MainThread/INFO] (shell_startup.py/update) Clearing background
[2024-01-24 15:23:00,194] [MainProcess/MainThread/INFO] (shell_startup.py/update) Creating Sprites...Drawing Background Sprites
[2024-01-24 15:23:00,194] [MainProcess/MainThread/INFO] (shell_startup.py/update) Creating Windows Spites...Drawing Window Sprites
[2024-01-24 15:23:00,200] [MainProcess/MainThread/INFO] (shell_startup.py/update) Clearing background
[2024-01-24 15:23:00,200] [MainProcess/MainThread/INFO] (shell_startup.py/update) Creating Sprites...Drawing Background Sprites
[2024-01-24 15:23:00,200] [MainProcess/MainThread/INFO] (shell_startup.py/update) Creating Windows Spites...Drawing Window Sprites
[2024-01-24 15:23:00,206] [MainProcess/MainThread/INFO] (shell_startup.py/update) Clearing background
[2024-01-24 15:23:00,207] [MainProcess/MainThread/INFO] (shell_startup.py/update) Creating Sprites...Drawing Background Sprites
[2024-01-24 15:23:00,207] [MainProcess/MainThread/INFO] (shell_startup.py/update) Creating Windows Spites...Drawing Window Sprites
[2024-01-24 15:23:00,212] [MainProcess/MainThread/INFO] (shell_startup.py/update) Clearing background
[2024-01-24 15:23:00,212] [MainProcess/MainThread/INFO] (shell_startup.py/update) Creating Sprites...Drawing Background Sprites
[2024-01-24 15:23:00,212] [MainProcess/MainThread/INFO] (shell_startup.py/update) Creating Windows Spites...Drawing Window Sprites
[2024-01-24 15:23:00,218] [MainProcess/MainThread/INFO] (shell_startup.py/update) Clearing background
[2024-01-24 15:23:00,218] [MainProcess/MainThread/INFO] (shell_startup.py/update) Creating Sprites...Drawing Background Sprites
[2024-01-24 15:23:00,218] [MainProcess/MainThread/INFO] (shell_startup.py/update) Creating Windows Spites...Drawing Window Sprites
[2024-01-24 15:23:00,225] [MainProcess/MainThread/INFO] (shell_startup.py/update) Clearing background
[2024-01-24 15:23:00,225] [MainProcess/MainThread/INFO] (shell_startup.py/update) Creating Sprites...Drawing Background Sprites
[2024-01-24 15:23:00,225] [MainProcess/MainThread/INFO] (shell_startup.py/update) Creating Windows Spites...Drawing Window Sprites
[2024-01-24 15:23:00,231] [MainProcess/MainThread/INFO] (shell_startup.py/update) Clearing background
[2024-01-24 15:23:00,231] [MainProcess/MainThread/INFO] (shell_startup.py/update) Creating Sprites...Drawing Background Sprites
[2024-01-24 15:23:00,231] [MainProcess/MainThread/INFO] (shell_startup.py/update) Creating Windows Spites...Drawing Window Sprites
[2024-01-24 15:23:00,236] [MainProcess/MainThread/INFO] (shell_startup.py/update) Clearing background
[2024-01-24 15:23:00,236] [MainProcess/MainThread/INFO] (shell_startup.py/update) Creating Sprites...Drawing Background Sprites
[2024-01-24 15:23:00,236] [MainProcess/MainThread/INFO] (shell_startup.py/update) Creating Windows Spites...Drawing Window Sprites
[2024-01-24 15:23:00,242] [MainProcess/MainThread/INFO] (shell_startup.py/update) Clearing background
[2024-01-24 15:23:00,242] [MainProcess/MainThread/INFO] (shell_startup.py/update) Creating Sprites...Drawing Background Sprites
[2024-01-24 15:23:00,242] [MainProcess/MainThread/INFO] (shell_startup.py/update) Creating Windows Spites...Drawing Window Sprites
[2024-01-24 15:23:00,249] [MainProcess/MainThread/INFO] (shell_startup.py/update) Clearing background
[2024-01-24 15:23:00,249] [MainProcess/MainThread/INFO] (shell_startup.py/update) Creating Sprites...Drawing Background Sprites
[2024-01-24 15:23:00,249] [MainProcess/MainThread/INFO] (shell_startup.py/update) Creating Windows Spites...Drawing Window Sprites
[2024-01-24 15:23:00,255] [MainProcess/MainThread/INFO] (shell_startup.py/update) Clearing background
[2024-01-24 15:23:00,255] [MainProcess/MainThread/INFO] (shell_startup.py/update) Creating Sprites...Drawing Background Sprites
[2024-01-24 15:23:00,255] [MainProcess/MainThread/INFO] (shell_startup.py/update) Creating Windows Spites...Drawing Window Sprites
[2024-01-24 15:23:00,260] [MainProcess/MainThread/INFO] (shell_startup.py/update) Clearing background
[2024-01-24 15:23:00,260] [MainProcess/MainThread/INFO] (shell_startup.py/update) Creating Sprites...Drawing Background Sprites
[2024-01-24 15:23:00,260] [MainProcess/MainThread/INFO] (shell_startup.py/update) Creating Windows Spites...Drawing Window Sprites
[2024-01-24 15:23:00,266] [MainProcess/MainThread/INFO] (shell_startup.py/update) Clearing background
[2024-01-24 15:23:00,266] [MainProcess/MainThread/INFO] (shell_startup.py/update) Creating Sprites...Drawing Background Sprites
[2024-01-24 15:23:00,266] [MainProcess/MainThread/INFO] (shell_startup.py/update) Creating Windows Spites...Drawing Window Sprites
[2024-01-24 15:23:00,273] [MainProcess/MainThread/INFO] (shell_startup.py/update) Clearing background
[2024-01-24 15:23:00,273] [MainProcess/MainThread/INFO] (shell_startup.py/update) Creating Sprites...Drawing Background Sprites
[2024-01-24 15:23:00,273] [MainProcess/MainThread/INFO] (shell_startup.py/update) Creating Windows Spites...Drawing Window Sprites
[2024-01-24 15:23:00,279] [MainProcess/MainThread/INFO] (shell_startup.py/update) Clearing background
[2024-01-24 15:23:00,279] [MainProcess/MainThread/INFO] (shell_startup.py/update) Creating Sprites...Drawing Background Sprites
[2024-01-24 15:23:00,279] [MainProcess/MainThread/INFO] (shell_startup.py/update) Creating Windows Spites...Drawing Window Sprites
[2024-01-24 15:23:00,285] [MainProcess/MainThread/INFO] (shell_startup.py/update) Clearing background
[2024-01-24 15:23:00,285] [MainProcess/MainThread/INFO] (shell_startup.py/update) Creating Sprites...Drawing Background Sprites
[2024-01-24 15:23:00,285] [MainProcess/MainThread/INFO] (shell_startup.py/update) Creating Windows Spites...Drawing Window Sprites
[2024-01-24 15:23:00,291] [MainProcess/MainThread/INFO] (shell_startup.py/update) Clearing background
[2024-01-24 15:23:00,291] [MainProcess/MainThread/INFO] (shell_startup.py/update) Creating Sprites...Drawing Background Sprites
[2024-01-24 15:23:00,291] [MainProcess/MainThread/INFO] (shell_startup.py/update) Creating Windows Spites...Drawing Window Sprites
[2024-01-24 15:23:00,297] [MainProcess/MainThread/INFO] (shell_startup.py/update) Clearing background
[2024-01-24 15:23:00,298] [MainProcess/MainThread/INFO] (shell_startup.py/update) Creating Sprites...Drawing Background Sprites
[2024-01-24 15:23:00,298] [MainProcess/MainThread/INFO] (shell_startup.py/update) Creating Windows Spites...Drawing Window Sprites
[2024-01-24 15:23:00,303] [MainProcess/MainThread/INFO] (shell_startup.py/update) Clearing background
[2024-01-24 15:23:00,303] [MainProcess/MainThread/INFO] (shell_startup.py/update) Creating Sprites...Drawing Background Sprites
[2024-01-24 15:23:00,303] [MainProcess/MainThread/INFO] (shell_startup.py/update) Creating Windows Spites...Drawing Window Sprites
[2024-01-24 15:23:00,309] [MainProcess/MainThread/INFO] (shell_startup.py/update) Clearing background
[2024-01-24 15:23:00,309] [MainProcess/MainThread/INFO] (shell_startup.py/update) Creating Sprites...Drawing Background Sprites
[2024-01-24 15:23:00,309] [MainProcess/MainThread/INFO] (shell_startup.py/update) Creating Windows Spites...Drawing Window Sprites
[2024-01-24 15:23:00,315] [MainProcess/MainThread/INFO] (shell_startup.py/update) Clearing background
[2024-01-24 15:23:00,315] [MainProcess/MainThread/INFO] (shell_startup.py/update) Creating Sprites...Drawing Background Sprites
[2024-01-24 15:23:00,315] [MainProcess/MainThread/INFO] (shell_startup.py/update) Creating Windows Spites...Drawing Window Sprites
[2024-01-24 15:23:00,322] [MainProcess/MainThread/INFO] (shell_startup.py/update) Clearing background
[2024-01-24 15:23:00,322] [MainProcess/MainThread/INFO] (shell_startup.py/update) Creating Sprites...Drawing Background Sprites
[2024-01-24 15:23:00,322] [MainProcess/MainThread/INFO] (shell_startup.py/update) Creating Windows Spites...Drawing Window Sprites
[2024-01-24 15:23:00,327] [MainProcess/MainThread/INFO] (shell_startup.py/update) Clearing background
[2024-01-24 15:23:00,327] [MainProcess/MainThread/INFO] (shell_startup.py/update) Creating Sprites...Drawing Background Sprites
[2024-01-24 15:23:00,327] [MainProcess/MainThread/INFO] (shell_startup.py/update) Creating Windows Spites...Drawing Window Sprites
[2024-01-24 15:23:00,333] [MainProcess/MainThread/INFO] (shell_startup.py/update) Clearing background
[2024-01-24 15:23:00,333] [MainProcess/MainThread/INFO] (shell_startup.py/update) Creating Sprites...Drawing Background Sprites
[2024-01-24 15:23:00,333] [MainProcess/MainThread/INFO] (shell_startup.py/update) Creating Windows Spites...Drawing Window Sprites
[2024-01-24 15:23:00,340] [MainProcess/MainThread/INFO] (shell_startup.py/update) Clearing background
[2024-01-24 15:23:00,340] [MainProcess/MainThread/INFO] (shell_startup.py/update) Creating Sprites...Drawing Background Sprites
[2024-01-24 15:23:00,340] [MainProcess/MainThread/INFO] (shell_startup.py/update) Creating Windows Spites...Drawing Window Sprites
[2024-01-24 15:23:00,346] [MainProcess/MainThread/INFO] (shell_startup.py/update) Clearing background
[2024-01-24 15:23:00,346] [MainProcess/MainThread/INFO] (shell_startup.py/update) Creating Sprites...Drawing Background Sprites
[2024-01-24 15:23:00,346] [MainProcess/MainThread/INFO] (shell_startup.py/update) Creating Windows Spites...Drawing Window Sprites
[2024-01-24 15:23:00,352] [MainProcess/MainThread/INFO] (shell_startup.py/update) Clearing background
[2024-01-24 15:23:00,352] [MainProcess/MainThread/INFO] (shell_startup.py/update) Creating Sprites...Drawing Background Sprites
[2024-01-24 15:23:00,352] [MainProcess/MainThread/INFO] (shell_startup.py/update) Creating Windows Spites...Drawing Window Sprites
[2024-01-24 15:23:00,358] [MainProcess/MainThread/INFO] (shell_startup.py/update) Clearing background
[2024-01-24 15:23:00,358] [MainProcess/MainThread/INFO] (shell_startup.py/update) Creating Sprites...Drawing Background Sprites
[2024-01-24 15:23:00,358] [MainProcess/MainThread/INFO] (shell_startup.py/update) Creating Windows Spites...Drawing Window Sprites
[2024-01-24 15:23:00,364] [MainProcess/MainThread/INFO] (shell_startup.py/update) Clearing background
[2024-01-24 15:23:00,364] [MainProcess/MainThread/INFO] (shell_startup.py/update) Creating Sprites...Drawing Background Sprites
[2024-01-24 15:23:00,364] [MainProcess/MainThread/INFO] (shell_startup.py/update) Creating Windows Spites...Drawing Window Sprites
[2024-01-24 15:23:00,370] [MainProcess/MainThread/INFO] (shell_startup.py/update) Clearing background
[2024-01-24 15:23:00,371] [MainProcess/MainThread/INFO] (shell_startup.py/update) Creating Sprites...Drawing Background Sprites
[2024-01-24 15:23:00,371] [MainProcess/MainThread/INFO] (shell_startup.py/update) Creating Windows Spites...Drawing Window Sprites
[2024-01-24 15:23:00,376] [MainProcess/MainThread/INFO] (shell_startup.py/update) Clearing background
[2024-01-24 15:23:00,377] [MainProcess/MainThread/INFO] (shell_startup.py/update) Creating Sprites...Drawing Background Sprites
[2024-01-24 15:23:00,377] [MainProcess/MainThread/INFO] (shell_startup.py/update) Creating Windows Spites...Drawing Window Sprites
[2024-01-24 15:23:00,382] [MainProcess/MainThread/INFO] (shell_startup.py/update) Clearing background
[2024-01-24 15:23:00,382] [MainProcess/MainThread/INFO] (shell_startup.py/update) Creating Sprites...Drawing Background Sprites
[2024-01-24 15:23:00,382] [MainProcess/MainThread/INFO] (shell_startup.py/update) Creating Windows Spites...Drawing Window Sprites
[2024-01-24 15:23:00,388] [MainProcess/MainThread/INFO] (shell_startup.py/update) Clearing background
[2024-01-24 15:23:00,388] [MainProcess/MainThread/INFO] (shell_startup.py/update) Creating Sprites...Drawing Background Sprites
[2024-01-24 15:23:00,388] [MainProcess/MainThread/INFO] (shell_startup.py/update) Creating Windows Spites...Drawing Window Sprites
[2024-01-24 15:23:00,394] [MainProcess/MainThread/INFO] (shell_startup.py/update) Clearing background
[2024-01-24 15:23:00,394] [MainProcess/MainThread/INFO] (shell_startup.py/update) Creating Sprites...Drawing Background Sprites
[2024-01-24 15:23:00,394] [MainProcess/MainThread/INFO] (shell_startup.py/update) Creating Windows Spites...Drawing Window Sprites
[2024-01-24 15:23:00,400] [MainProcess/MainThread/INFO] (shell_startup.py/update) Clearing background
[2024-01-24 15:23:00,401] [MainProcess/MainThread/INFO] (shell_startup.py/update) Creating Sprites...Drawing Background Sprites
[2024-01-24 15:23:00,401] [MainProcess/MainThread/INFO] (shell_startup.py/update) Creating Windows Spites...Drawing Window Sprites
[2024-01-24 15:23:00,406] [MainProcess/MainThread/INFO] (shell_startup.py/update) Clearing background
[2024-01-24 15:23:00,406] [MainProcess/MainThread/INFO] (shell_startup.py/update) Creating Sprites...Drawing Background Sprites
[2024-01-24 15:23:00,407] [MainProcess/MainThread/INFO] (shell_startup.py/update) Creating Windows Spites...Drawing Window Sprites
[2024-01-24 15:23:00,412] [MainProcess/MainThread/INFO] (shell_startup.py/update) Clearing background
[2024-01-24 15:23:00,412] [MainProcess/MainThread/INFO] (shell_startup.py/update) Creating Sprites...Drawing Background Sprites
[2024-01-24 15:23:00,412] [MainProcess/MainThread/INFO] (shell_startup.py/update) Creating Windows Spites...Drawing Window Sprites
[2024-01-24 15:23:00,419] [MainProcess/MainThread/INFO] (shell_startup.py/update) Clearing background
[2024-01-24 15:23:00,419] [MainProcess/MainThread/INFO] (shell_startup.py/update) Creating Sprites...Drawing Background Sprites
[2024-01-24 15:23:00,419] [MainProcess/MainThread/INFO] (shell_startup.py/update) Creating Windows Spites...Drawing Window Sprites
[2024-01-24 15:23:00,424] [MainProcess/MainThread/INFO] (shell_startup.py/update) Clearing background
[2024-01-24 15:23:00,424] [MainProcess/MainThread/INFO] (shell_startup.py/update) Creating Sprites...Drawing Background Sprites
[2024-01-24 15:23:00,424] [MainProcess/MainThread/INFO] (shell_startup.py/update) Creating Windows Spites...Drawing Window Sprites
[2024-01-24 15:23:00,430] [MainProcess/MainThread/INFO] (shell_startup.py/update) Clearing background
[2024-01-24 15:23:00,430] [MainProcess/MainThread/INFO] (shell_startup.py/update) Creating Sprites...Drawing Background Sprites
[2024-01-24 15:23:00,430] [MainProcess/MainThread/INFO] (shell_startup.py/update) Creating Windows Spites...Drawing Window Sprites
[2024-01-24 15:23:00,436] [MainProcess/MainThread/INFO] (shell_startup.py/update) Clearing background
[2024-01-24 15:23:00,436] [MainProcess/MainThread/INFO] (shell_startup.py/update) Creating Sprites...Drawing Background Sprites
[2024-01-24 15:23:00,436] [MainProcess/MainThread/INFO] (shell_startup.py/update) Creating Windows Spites...Drawing Window Sprites
[2024-01-24 15:23:00,442] [MainProcess/MainThread/INFO] (shell_startup.py/update) Clearing background
[2024-01-24 15:23:00,442] [MainProcess/MainThread/INFO] (shell_startup.py/update) Creating Sprites...Drawing Background Sprites
[2024-01-24 15:23:00,442] [MainProcess/MainThread/INFO] (shell_startup.py/update) Creating Windows Spites...Drawing Window Sprites
[2024-01-24 15:23:00,449] [MainProcess/MainThread/INFO] (shell_startup.py/update) Clearing background
[2024-01-24 15:23:00,449] [MainProcess/MainThread/INFO] (shell_startup.py/update) Creating Sprites...Drawing Background Sprites
[2024-01-24 15:23:00,449] [MainProcess/MainThread/INFO] (shell_startup.py/update) Creating Windows Spites...Drawing Window Sprites
[2024-01-24 15:23:00,455] [MainProcess/MainThread/INFO] (shell_startup.py/update) Clearing background
[2024-01-24 15:23:00,455] [MainProcess/MainThread/INFO] (shell_startup.py/update) Creating Sprites...Drawing Background Sprites
[2024-01-24 15:23:00,455] [MainProcess/MainThread/INFO] (shell_startup.py/update) Creating Windows Spites...Drawing Window Sprites
[2024-01-24 15:23:00,460] [MainProcess/MainThread/INFO] (shell_startup.py/update) Clearing background
[2024-01-24 15:23:00,460] [MainProcess/MainThread/INFO] (shell_startup.py/update) Creating Sprites...Drawing Background Sprites
[2024-01-24 15:23:00,460] [MainProcess/MainThread/INFO] (shell_startup.py/update) Creating Windows Spites...Drawing Window Sprites
[2024-01-24 15:23:00,466] [MainProcess/MainThread/INFO] (shell_startup.py/update) Clearing background
[2024-01-24 15:23:00,467] [MainProcess/MainThread/INFO] (shell_startup.py/update) Creating Sprites...Drawing Background Sprites
[2024-01-24 15:23:00,467] [MainProcess/MainThread/INFO] (shell_startup.py/update) Creating Windows Spites...Drawing Window Sprites
[2024-01-24 15:23:00,474] [MainProcess/MainThread/INFO] (shell_startup.py/update) Clearing background
[2024-01-24 15:23:00,474] [MainProcess/MainThread/INFO] (shell_startup.py/update) Creating Sprites...Drawing Background Sprites
[2024-01-24 15:23:00,474] [MainProcess/MainThread/INFO] (shell_startup.py/update) Creating Windows Spites...Drawing Window Sprites
[2024-01-24 15:23:00,479] [MainProcess/MainThread/INFO] (shell_startup.py/update) Clearing background
[2024-01-24 15:23:00,479] [MainProcess/MainThread/INFO] (shell_startup.py/update) Creating Sprites...Drawing Background Sprites
[2024-01-24 15:23:00,480] [MainProcess/MainThread/INFO] (shell_startup.py/update) Creating Windows Spites...Drawing Window Sprites
[2024-01-24 15:23:00,485] [MainProcess/MainThread/INFO] (shell_startup.py/update) Clearing background
[2024-01-24 15:23:00,485] [MainProcess/MainThread/INFO] (shell_startup.py/update) Creating Sprites...Drawing Background Sprites
[2024-01-24 15:23:00,485] [MainProcess/MainThread/INFO] (shell_startup.py/update) Creating Windows Spites...Drawing Window Sprites
[2024-01-24 15:23:00,491] [MainProcess/MainThread/INFO] (shell_startup.py/update) Clearing background
[2024-01-24 15:23:00,491] [MainProcess/MainThread/INFO] (shell_startup.py/update) Creating Sprites...Drawing Background Sprites
[2024-01-24 15:23:00,491] [MainProcess/MainThread/INFO] (shell_startup.py/update) Creating Windows Spites...Drawing Window Sprites
[2024-01-24 15:23:00,498] [MainProcess/MainThread/INFO] (shell_startup.py/update) Clearing background
[2024-01-24 15:23:00,498] [MainProcess/MainThread/INFO] (shell_startup.py/update) Creating Sprites...Drawing Background Sprites
[2024-01-24 15:23:00,498] [MainProcess/MainThread/INFO] (shell_startup.py/update) Creating Windows Spites...Drawing Window Sprites
[2024-01-24 15:23:00,504] [MainProcess/MainThread/INFO] (shell_startup.py/update) Clearing background
[2024-01-24 15:23:00,504] [MainProcess/MainThread/INFO] (shell_startup.py/update) Creating Sprites...Drawing Background Sprites
[2024-01-24 15:23:00,504] [MainProcess/MainThread/INFO] (shell_startup.py/update) Creating Windows Spites...Drawing Window Sprites
[2024-01-24 15:23:00,510] [MainProcess/MainThread/INFO] (shell_startup.py/update) Clearing background
[2024-01-24 15:23:00,510] [MainProcess/MainThread/INFO] (shell_startup.py/update) Creating Sprites...Drawing Background Sprites
[2024-01-24 15:23:00,510] [MainProcess/MainThread/INFO] (shell_startup.py/update) Creating Windows Spites...Drawing Window Sprites
[2024-01-24 15:23:00,515] [MainProcess/MainThread/INFO] (shell_startup.py/update) Clearing background
[2024-01-24 15:23:00,516] [MainProcess/MainThread/INFO] (shell_startup.py/update) Creating Sprites...Drawing Background Sprites
[2024-01-24 15:23:00,516] [MainProcess/MainThread/INFO] (shell_startup.py/update) Creating Windows Spites...Drawing Window Sprites
[2024-01-24 15:23:00,523] [MainProcess/MainThread/INFO] (shell_startup.py/update) Clearing background
[2024-01-24 15:23:00,523] [MainProcess/MainThread/INFO] (shell_startup.py/update) Creating Sprites...Drawing Background Sprites
[2024-01-24 15:23:00,523] [MainProcess/MainThread/INFO] (shell_startup.py/update) Creating Windows Spites...Drawing Window Sprites
[2024-01-24 15:23:00,528] [MainProcess/MainThread/INFO] (shell_startup.py/update) Clearing background
[2024-01-24 15:23:00,528] [MainProcess/MainThread/INFO] (shell_startup.py/update) Creating Sprites...Drawing Background Sprites
[2024-01-24 15:23:00,528] [MainProcess/MainThread/INFO] (shell_startup.py/update) Creating Windows Spites...Drawing Window Sprites
[2024-01-24 15:23:00,534] [MainProcess/MainThread/INFO] (shell_startup.py/update) Clearing background
[2024-01-24 15:23:00,534] [MainProcess/MainThread/INFO] (shell_startup.py/update) Creating Sprites...Drawing Background Sprites
[2024-01-24 15:23:00,534] [MainProcess/MainThread/INFO] (shell_startup.py/update) Creating Windows Spites...Drawing Window Sprites
[2024-01-24 15:23:00,546] [MainProcess/MainThread/INFO] (shell_startup.py/update) Clearing background
[2024-01-24 15:23:00,546] [MainProcess/MainThread/INFO] (shell_startup.py/update) Creating Sprites...Drawing Background Sprites
[2024-01-24 15:23:00,546] [MainProcess/MainThread/INFO] (shell_startup.py/update) Creating Windows Spites...Drawing Window Sprites
[2024-01-24 15:23:00,553] [MainProcess/MainThread/INFO] (shell_startup.py/update) Clearing background
[2024-01-24 15:23:00,553] [MainProcess/MainThread/INFO] (shell_startup.py/update) Creating Sprites...Drawing Background Sprites
[2024-01-24 15:23:00,553] [MainProcess/MainThread/INFO] (shell_startup.py/update) Creating Windows Spites...Drawing Window Sprites
[2024-01-24 15:23:00,559] [MainProcess/MainThread/INFO] (shell_startup.py/update) Clearing background
[2024-01-24 15:23:00,559] [MainProcess/MainThread/INFO] (shell_startup.py/update) Creating Sprites...Drawing Background Sprites
[2024-01-24 15:23:00,559] [MainProcess/MainThread/INFO] (shell_startup.py/update) Creating Windows Spites...Drawing Window Sprites
[2024-01-24 15:23:00,564] [MainProcess/MainThread/INFO] (shell_startup.py/update) Clearing background
[2024-01-24 15:23:00,565] [MainProcess/MainThread/INFO] (shell_startup.py/update) Creating Sprites...Drawing Background Sprites
[2024-01-24 15:23:00,565] [MainProcess/MainThread/INFO] (shell_startup.py/update) Creating Windows Spites...Drawing Window Sprites
[2024-01-24 15:23:00,570] [MainProcess/MainThread/INFO] (shell_startup.py/update) Clearing background
[2024-01-24 15:23:00,570] [MainProcess/MainThread/INFO] (shell_startup.py/update) Creating Sprites...Drawing Background Sprites
[2024-01-24 15:23:00,570] [MainProcess/MainThread/INFO] (shell_startup.py/update) Creating Windows Spites...Drawing Window Sprites
[2024-01-24 15:23:00,577] [MainProcess/MainThread/INFO] (shell_startup.py/update) Clearing background
[2024-01-24 15:23:00,577] [MainProcess/MainThread/INFO] (shell_startup.py/update) Creating Sprites...Drawing Background Sprites
[2024-01-24 15:23:00,577] [MainProcess/MainThread/INFO] (shell_startup.py/update) Creating Windows Spites...Drawing Window Sprites
[2024-01-24 15:23:00,583] [MainProcess/MainThread/INFO] (shell_startup.py/update) Clearing background
[2024-01-24 15:23:00,583] [MainProcess/MainThread/INFO] (shell_startup.py/update) Creating Sprites...Drawing Background Sprites
[2024-01-24 15:23:00,583] [MainProcess/MainThread/INFO] (shell_startup.py/update) Creating Windows Spites...Drawing Window Sprites
[2024-01-24 15:23:00,589] [MainProcess/MainThread/INFO] (shell_startup.py/update) Clearing background
[2024-01-24 15:23:00,589] [MainProcess/MainThread/INFO] (shell_startup.py/update) Creating Sprites...Drawing Background Sprites
[2024-01-24 15:23:00,589] [MainProcess/MainThread/INFO] (shell_startup.py/update) Creating Windows Spites...Drawing Window Sprites
[2024-01-24 15:23:00,595] [MainProcess/MainThread/INFO] (shell_startup.py/update) Clearing background
[2024-01-24 15:23:00,595] [MainProcess/MainThread/INFO] (shell_startup.py/update) Creating Sprites...Drawing Background Sprites
[2024-01-24 15:23:00,595] [MainProcess/MainThread/INFO] (shell_startup.py/update) Creating Windows Spites...Drawing Window Sprites
[2024-01-24 15:23:00,601] [MainProcess/MainThread/INFO] (shell_startup.py/update) Clearing background
[2024-01-24 15:23:00,601] [MainProcess/MainThread/INFO] (shell_startup.py/update) Creating Sprites...Drawing Background Sprites
[2024-01-24 15:23:00,601] [MainProcess/MainThread/INFO] (shell_startup.py/update) Creating Windows Spites...Drawing Window Sprites
[2024-01-24 15:23:00,607] [MainProcess/MainThread/INFO] (shell_startup.py/update) Clearing background
[2024-01-24 15:23:00,607] [MainProcess/MainThread/INFO] (shell_startup.py/update) Creating Sprites...Drawing Background Sprites
[2024-01-24 15:23:00,607] [MainProcess/MainThread/INFO] (shell_startup.py/update) Creating Windows Spites...Drawing Window Sprites
[2024-01-24 15:23:00,613] [MainProcess/MainThread/INFO] (shell_startup.py/update) Clearing background
[2024-01-24 15:23:00,613] [MainProcess/MainThread/INFO] (shell_startup.py/update) Creating Sprites...Drawing Background Sprites
[2024-01-24 15:23:00,613] [MainProcess/MainThread/INFO] (shell_startup.py/update) Creating Windows Spites...Drawing Window Sprites
[2024-01-24 15:23:00,619] [MainProcess/MainThread/INFO] (shell_startup.py/update) Clearing background
[2024-01-24 15:23:00,619] [MainProcess/MainThread/INFO] (shell_startup.py/update) Creating Sprites...Drawing Background Sprites
[2024-01-24 15:23:00,619] [MainProcess/MainThread/INFO] (shell_startup.py/update) Creating Windows Spites...Drawing Window Sprites
[2024-01-24 15:23:00,625] [MainProcess/MainThread/INFO] (shell_startup.py/update) Clearing background
[2024-01-24 15:23:00,625] [MainProcess/MainThread/INFO] (shell_startup.py/update) Creating Sprites...Drawing Background Sprites
[2024-01-24 15:23:00,625] [MainProcess/MainThread/INFO] (shell_startup.py/update) Creating Windows Spites...Drawing Window Sprites
[2024-01-24 15:23:00,631] [MainProcess/MainThread/INFO] (shell_startup.py/update) Clearing background
[2024-01-24 15:23:00,631] [MainProcess/MainThread/INFO] (shell_startup.py/update) Creating Sprites...Drawing Background Sprites
[2024-01-24 15:23:00,631] [MainProcess/MainThread/INFO] (shell_startup.py/update) Creating Windows Spites...Drawing Window Sprites
[2024-01-24 15:23:00,636] [MainProcess/MainThread/INFO] (shell_startup.py/update) Clearing background
[2024-01-24 15:23:00,636] [MainProcess/MainThread/INFO] (shell_startup.py/update) Creating Sprites...Drawing Background Sprites
[2024-01-24 15:23:00,637] [MainProcess/MainThread/INFO] (shell_startup.py/update) Creating Windows Spites...Drawing Window Sprites
